[2025-01-19T04:13:14.845+0000] {processor.py:186} INFO - Started process (PID=476) to work on /home/airflow/.local/lib/python3.12/site-packages/airflow/example_dags/example_branch_operator.py
[2025-01-19T04:13:14.849+0000] {processor.py:914} INFO - Processing file /home/airflow/.local/lib/python3.12/site-packages/airflow/example_dags/example_branch_operator.py for tasks to queue
[2025-01-19T04:13:14.871+0000] {logging_mixin.py:190} INFO - [2025-01-19T04:13:14.863+0000] {dagbag.py:588} INFO - Filling up the DagBag from /home/airflow/.local/lib/python3.12/site-packages/airflow/example_dags/example_branch_operator.py
[2025-01-19T04:13:15.027+0000] {processor.py:925} INFO - DAG(s) 'example_branch_operator' retrieved from /home/airflow/.local/lib/python3.12/site-packages/airflow/example_dags/example_branch_operator.py
[2025-01-19T04:13:15.332+0000] {logging_mixin.py:190} INFO - [2025-01-19T04:13:15.331+0000] {dag.py:3239} INFO - Sync 1 DAGs
[2025-01-19T04:13:15.516+0000] {logging_mixin.py:190} INFO - [2025-01-19T04:13:15.516+0000] {dag.py:4180} INFO - Setting next_dagrun for example_branch_operator to 2025-01-18 00:00:00+00:00, run_after=2025-01-19 00:00:00+00:00
[2025-01-19T04:13:15.588+0000] {processor.py:208} INFO - Processing /home/airflow/.local/lib/python3.12/site-packages/airflow/example_dags/example_branch_operator.py took 0.784 seconds
[2025-01-19T04:13:46.118+0000] {processor.py:186} INFO - Started process (PID=540) to work on /home/airflow/.local/lib/python3.12/site-packages/airflow/example_dags/example_branch_operator.py
[2025-01-19T04:13:46.120+0000] {processor.py:914} INFO - Processing file /home/airflow/.local/lib/python3.12/site-packages/airflow/example_dags/example_branch_operator.py for tasks to queue
[2025-01-19T04:13:46.128+0000] {logging_mixin.py:190} INFO - [2025-01-19T04:13:46.126+0000] {dagbag.py:588} INFO - Filling up the DagBag from /home/airflow/.local/lib/python3.12/site-packages/airflow/example_dags/example_branch_operator.py
[2025-01-19T04:13:46.205+0000] {processor.py:925} INFO - DAG(s) 'example_branch_operator' retrieved from /home/airflow/.local/lib/python3.12/site-packages/airflow/example_dags/example_branch_operator.py
[2025-01-19T04:13:46.290+0000] {logging_mixin.py:190} INFO - [2025-01-19T04:13:46.289+0000] {dag.py:3239} INFO - Sync 1 DAGs
[2025-01-19T04:13:46.372+0000] {logging_mixin.py:190} INFO - [2025-01-19T04:13:46.371+0000] {dag.py:4180} INFO - Setting next_dagrun for example_branch_operator to 2025-01-18 00:00:00+00:00, run_after=2025-01-19 00:00:00+00:00
[2025-01-19T04:13:46.438+0000] {processor.py:208} INFO - Processing /home/airflow/.local/lib/python3.12/site-packages/airflow/example_dags/example_branch_operator.py took 0.367 seconds
[2025-01-19T04:14:16.816+0000] {processor.py:186} INFO - Started process (PID=602) to work on /home/airflow/.local/lib/python3.12/site-packages/airflow/example_dags/example_branch_operator.py
[2025-01-19T04:14:16.818+0000] {processor.py:914} INFO - Processing file /home/airflow/.local/lib/python3.12/site-packages/airflow/example_dags/example_branch_operator.py for tasks to queue
[2025-01-19T04:14:16.823+0000] {logging_mixin.py:190} INFO - [2025-01-19T04:14:16.823+0000] {dagbag.py:588} INFO - Filling up the DagBag from /home/airflow/.local/lib/python3.12/site-packages/airflow/example_dags/example_branch_operator.py
[2025-01-19T04:14:16.868+0000] {processor.py:925} INFO - DAG(s) 'example_branch_operator' retrieved from /home/airflow/.local/lib/python3.12/site-packages/airflow/example_dags/example_branch_operator.py
[2025-01-19T04:14:16.935+0000] {logging_mixin.py:190} INFO - [2025-01-19T04:14:16.935+0000] {dag.py:3239} INFO - Sync 1 DAGs
[2025-01-19T04:14:17.038+0000] {logging_mixin.py:190} INFO - [2025-01-19T04:14:17.037+0000] {dag.py:4180} INFO - Setting next_dagrun for example_branch_operator to 2025-01-18 00:00:00+00:00, run_after=2025-01-19 00:00:00+00:00
[2025-01-19T04:14:17.105+0000] {processor.py:208} INFO - Processing /home/airflow/.local/lib/python3.12/site-packages/airflow/example_dags/example_branch_operator.py took 0.304 seconds
[2025-01-19T04:15:21.642+0000] {processor.py:186} INFO - Started process (PID=649) to work on /home/airflow/.local/lib/python3.12/site-packages/airflow/example_dags/example_branch_operator.py
[2025-01-19T04:15:21.644+0000] {processor.py:914} INFO - Processing file /home/airflow/.local/lib/python3.12/site-packages/airflow/example_dags/example_branch_operator.py for tasks to queue
[2025-01-19T04:15:21.649+0000] {logging_mixin.py:190} INFO - [2025-01-19T04:15:21.648+0000] {dagbag.py:588} INFO - Filling up the DagBag from /home/airflow/.local/lib/python3.12/site-packages/airflow/example_dags/example_branch_operator.py
[2025-01-19T04:15:21.698+0000] {processor.py:925} INFO - DAG(s) 'example_branch_operator' retrieved from /home/airflow/.local/lib/python3.12/site-packages/airflow/example_dags/example_branch_operator.py
[2025-01-19T04:15:21.780+0000] {logging_mixin.py:190} INFO - [2025-01-19T04:15:21.779+0000] {dag.py:3239} INFO - Sync 1 DAGs
[2025-01-19T04:15:21.885+0000] {logging_mixin.py:190} INFO - [2025-01-19T04:15:21.883+0000] {dag.py:4180} INFO - Setting next_dagrun for example_branch_operator to 2025-01-18 00:00:00+00:00, run_after=2025-01-19 00:00:00+00:00
[2025-01-19T04:15:21.968+0000] {processor.py:208} INFO - Processing /home/airflow/.local/lib/python3.12/site-packages/airflow/example_dags/example_branch_operator.py took 0.340 seconds
[2025-01-19T04:18:35.328+0000] {processor.py:186} INFO - Started process (PID=707) to work on /home/airflow/.local/lib/python3.12/site-packages/airflow/example_dags/example_branch_operator.py
[2025-01-19T04:18:35.331+0000] {processor.py:914} INFO - Processing file /home/airflow/.local/lib/python3.12/site-packages/airflow/example_dags/example_branch_operator.py for tasks to queue
[2025-01-19T04:18:35.335+0000] {logging_mixin.py:190} INFO - [2025-01-19T04:18:35.334+0000] {dagbag.py:588} INFO - Filling up the DagBag from /home/airflow/.local/lib/python3.12/site-packages/airflow/example_dags/example_branch_operator.py
[2025-01-19T04:18:35.437+0000] {processor.py:925} INFO - DAG(s) 'example_branch_operator' retrieved from /home/airflow/.local/lib/python3.12/site-packages/airflow/example_dags/example_branch_operator.py
[2025-01-19T04:18:35.545+0000] {logging_mixin.py:190} INFO - [2025-01-19T04:18:35.544+0000] {dag.py:3239} INFO - Sync 1 DAGs
[2025-01-19T04:18:35.629+0000] {logging_mixin.py:190} INFO - [2025-01-19T04:18:35.629+0000] {dag.py:4180} INFO - Setting next_dagrun for example_branch_operator to 2025-01-18 00:00:00+00:00, run_after=2025-01-19 00:00:00+00:00
[2025-01-19T04:18:35.706+0000] {processor.py:208} INFO - Processing /home/airflow/.local/lib/python3.12/site-packages/airflow/example_dags/example_branch_operator.py took 0.396 seconds
[2025-01-19T04:19:06.372+0000] {processor.py:186} INFO - Started process (PID=769) to work on /home/airflow/.local/lib/python3.12/site-packages/airflow/example_dags/example_branch_operator.py
[2025-01-19T04:19:06.375+0000] {processor.py:914} INFO - Processing file /home/airflow/.local/lib/python3.12/site-packages/airflow/example_dags/example_branch_operator.py for tasks to queue
[2025-01-19T04:19:06.406+0000] {logging_mixin.py:190} INFO - [2025-01-19T04:19:06.405+0000] {dagbag.py:588} INFO - Filling up the DagBag from /home/airflow/.local/lib/python3.12/site-packages/airflow/example_dags/example_branch_operator.py
[2025-01-19T04:19:06.555+0000] {processor.py:925} INFO - DAG(s) 'example_branch_operator' retrieved from /home/airflow/.local/lib/python3.12/site-packages/airflow/example_dags/example_branch_operator.py
[2025-01-19T04:19:06.733+0000] {logging_mixin.py:190} INFO - [2025-01-19T04:19:06.732+0000] {dag.py:3239} INFO - Sync 1 DAGs
[2025-01-19T04:19:06.829+0000] {logging_mixin.py:190} INFO - [2025-01-19T04:19:06.828+0000] {dag.py:4180} INFO - Setting next_dagrun for example_branch_operator to 2025-01-18 00:00:00+00:00, run_after=2025-01-19 00:00:00+00:00
[2025-01-19T04:19:06.894+0000] {processor.py:208} INFO - Processing /home/airflow/.local/lib/python3.12/site-packages/airflow/example_dags/example_branch_operator.py took 0.559 seconds
[2025-01-19T04:19:37.390+0000] {processor.py:186} INFO - Started process (PID=837) to work on /home/airflow/.local/lib/python3.12/site-packages/airflow/example_dags/example_branch_operator.py
[2025-01-19T04:19:37.398+0000] {processor.py:914} INFO - Processing file /home/airflow/.local/lib/python3.12/site-packages/airflow/example_dags/example_branch_operator.py for tasks to queue
[2025-01-19T04:19:37.402+0000] {logging_mixin.py:190} INFO - [2025-01-19T04:19:37.401+0000] {dagbag.py:588} INFO - Filling up the DagBag from /home/airflow/.local/lib/python3.12/site-packages/airflow/example_dags/example_branch_operator.py
[2025-01-19T04:19:37.532+0000] {processor.py:925} INFO - DAG(s) 'example_branch_operator' retrieved from /home/airflow/.local/lib/python3.12/site-packages/airflow/example_dags/example_branch_operator.py
[2025-01-19T04:19:37.696+0000] {logging_mixin.py:190} INFO - [2025-01-19T04:19:37.696+0000] {dag.py:3239} INFO - Sync 1 DAGs
[2025-01-19T04:19:37.819+0000] {logging_mixin.py:190} INFO - [2025-01-19T04:19:37.819+0000] {dag.py:4180} INFO - Setting next_dagrun for example_branch_operator to 2025-01-18 00:00:00+00:00, run_after=2025-01-19 00:00:00+00:00
[2025-01-19T04:19:37.898+0000] {processor.py:208} INFO - Processing /home/airflow/.local/lib/python3.12/site-packages/airflow/example_dags/example_branch_operator.py took 0.537 seconds
[2025-01-19T04:20:08.080+0000] {processor.py:186} INFO - Started process (PID=900) to work on /home/airflow/.local/lib/python3.12/site-packages/airflow/example_dags/example_branch_operator.py
[2025-01-19T04:20:08.083+0000] {processor.py:914} INFO - Processing file /home/airflow/.local/lib/python3.12/site-packages/airflow/example_dags/example_branch_operator.py for tasks to queue
[2025-01-19T04:20:08.087+0000] {logging_mixin.py:190} INFO - [2025-01-19T04:20:08.086+0000] {dagbag.py:588} INFO - Filling up the DagBag from /home/airflow/.local/lib/python3.12/site-packages/airflow/example_dags/example_branch_operator.py
[2025-01-19T04:20:08.155+0000] {processor.py:925} INFO - DAG(s) 'example_branch_operator' retrieved from /home/airflow/.local/lib/python3.12/site-packages/airflow/example_dags/example_branch_operator.py
[2025-01-19T04:20:08.257+0000] {logging_mixin.py:190} INFO - [2025-01-19T04:20:08.256+0000] {dag.py:3239} INFO - Sync 1 DAGs
[2025-01-19T04:20:08.378+0000] {logging_mixin.py:190} INFO - [2025-01-19T04:20:08.377+0000] {dag.py:4180} INFO - Setting next_dagrun for example_branch_operator to 2025-01-18 00:00:00+00:00, run_after=2025-01-19 00:00:00+00:00
[2025-01-19T04:20:08.452+0000] {processor.py:208} INFO - Processing /home/airflow/.local/lib/python3.12/site-packages/airflow/example_dags/example_branch_operator.py took 0.394 seconds
[2025-01-19T04:20:39.022+0000] {processor.py:186} INFO - Started process (PID=963) to work on /home/airflow/.local/lib/python3.12/site-packages/airflow/example_dags/example_branch_operator.py
[2025-01-19T04:20:39.024+0000] {processor.py:914} INFO - Processing file /home/airflow/.local/lib/python3.12/site-packages/airflow/example_dags/example_branch_operator.py for tasks to queue
[2025-01-19T04:20:39.026+0000] {logging_mixin.py:190} INFO - [2025-01-19T04:20:39.026+0000] {dagbag.py:588} INFO - Filling up the DagBag from /home/airflow/.local/lib/python3.12/site-packages/airflow/example_dags/example_branch_operator.py
[2025-01-19T04:20:39.068+0000] {processor.py:925} INFO - DAG(s) 'example_branch_operator' retrieved from /home/airflow/.local/lib/python3.12/site-packages/airflow/example_dags/example_branch_operator.py
[2025-01-19T04:20:39.162+0000] {logging_mixin.py:190} INFO - [2025-01-19T04:20:39.161+0000] {dag.py:3239} INFO - Sync 1 DAGs
[2025-01-19T04:20:39.315+0000] {logging_mixin.py:190} INFO - [2025-01-19T04:20:39.315+0000] {dag.py:4180} INFO - Setting next_dagrun for example_branch_operator to 2025-01-18 00:00:00+00:00, run_after=2025-01-19 00:00:00+00:00
[2025-01-19T04:20:39.413+0000] {processor.py:208} INFO - Processing /home/airflow/.local/lib/python3.12/site-packages/airflow/example_dags/example_branch_operator.py took 0.402 seconds
[2025-01-19T04:21:27.047+0000] {processor.py:186} INFO - Started process (PID=1028) to work on /home/airflow/.local/lib/python3.12/site-packages/airflow/example_dags/example_branch_operator.py
[2025-01-19T04:21:27.050+0000] {processor.py:914} INFO - Processing file /home/airflow/.local/lib/python3.12/site-packages/airflow/example_dags/example_branch_operator.py for tasks to queue
[2025-01-19T04:21:27.053+0000] {logging_mixin.py:190} INFO - [2025-01-19T04:21:27.052+0000] {dagbag.py:588} INFO - Filling up the DagBag from /home/airflow/.local/lib/python3.12/site-packages/airflow/example_dags/example_branch_operator.py
[2025-01-19T04:21:27.129+0000] {processor.py:925} INFO - DAG(s) 'example_branch_operator' retrieved from /home/airflow/.local/lib/python3.12/site-packages/airflow/example_dags/example_branch_operator.py
[2025-01-19T04:21:27.354+0000] {logging_mixin.py:190} INFO - [2025-01-19T04:21:27.354+0000] {dag.py:3239} INFO - Sync 1 DAGs
[2025-01-19T04:21:27.505+0000] {logging_mixin.py:190} INFO - [2025-01-19T04:21:27.504+0000] {dag.py:4180} INFO - Setting next_dagrun for example_branch_operator to 2025-01-18 00:00:00+00:00, run_after=2025-01-19 00:00:00+00:00
[2025-01-19T04:21:27.564+0000] {processor.py:208} INFO - Processing /home/airflow/.local/lib/python3.12/site-packages/airflow/example_dags/example_branch_operator.py took 0.533 seconds
[2025-01-19T04:28:02.053+0000] {processor.py:186} INFO - Started process (PID=90) to work on /home/airflow/.local/lib/python3.12/site-packages/airflow/example_dags/example_branch_operator.py
[2025-01-19T04:28:02.061+0000] {processor.py:914} INFO - Processing file /home/airflow/.local/lib/python3.12/site-packages/airflow/example_dags/example_branch_operator.py for tasks to queue
[2025-01-19T04:28:02.096+0000] {logging_mixin.py:190} INFO - [2025-01-19T04:28:02.095+0000] {dagbag.py:588} INFO - Filling up the DagBag from /home/airflow/.local/lib/python3.12/site-packages/airflow/example_dags/example_branch_operator.py
[2025-01-19T04:28:02.300+0000] {processor.py:925} INFO - DAG(s) 'example_branch_operator' retrieved from /home/airflow/.local/lib/python3.12/site-packages/airflow/example_dags/example_branch_operator.py
[2025-01-19T04:28:02.889+0000] {logging_mixin.py:190} INFO - [2025-01-19T04:28:02.888+0000] {override.py:1911} INFO - Created Permission View: can delete on DAG:example_branch_operator
[2025-01-19T04:28:02.921+0000] {logging_mixin.py:190} INFO - [2025-01-19T04:28:02.920+0000] {override.py:1911} INFO - Created Permission View: can edit on DAG:example_branch_operator
[2025-01-19T04:28:02.941+0000] {logging_mixin.py:190} INFO - [2025-01-19T04:28:02.940+0000] {override.py:1911} INFO - Created Permission View: can read on DAG:example_branch_operator
[2025-01-19T04:28:02.977+0000] {logging_mixin.py:190} INFO - [2025-01-19T04:28:02.977+0000] {override.py:1911} INFO - Created Permission View: can create on DAG Run:example_branch_operator
[2025-01-19T04:28:03.031+0000] {logging_mixin.py:190} INFO - [2025-01-19T04:28:03.031+0000] {override.py:1911} INFO - Created Permission View: menu access on DAG Run:example_branch_operator
[2025-01-19T04:28:03.054+0000] {logging_mixin.py:190} INFO - [2025-01-19T04:28:03.053+0000] {override.py:1911} INFO - Created Permission View: can delete on DAG Run:example_branch_operator
[2025-01-19T04:28:03.081+0000] {logging_mixin.py:190} INFO - [2025-01-19T04:28:03.079+0000] {override.py:1911} INFO - Created Permission View: can read on DAG Run:example_branch_operator
[2025-01-19T04:28:03.084+0000] {logging_mixin.py:190} INFO - [2025-01-19T04:28:03.083+0000] {dag.py:3239} INFO - Sync 1 DAGs
[2025-01-19T04:28:03.146+0000] {logging_mixin.py:190} INFO - [2025-01-19T04:28:03.145+0000] {dag.py:3262} INFO - Creating ORM DAG for example_branch_operator
[2025-01-19T04:28:03.208+0000] {logging_mixin.py:190} INFO - [2025-01-19T04:28:03.207+0000] {dag.py:4180} INFO - Setting next_dagrun for example_branch_operator to 2025-01-18 00:00:00+00:00, run_after=2025-01-19 00:00:00+00:00
[2025-01-19T04:28:03.347+0000] {processor.py:208} INFO - Processing /home/airflow/.local/lib/python3.12/site-packages/airflow/example_dags/example_branch_operator.py took 1.310 seconds
[2025-01-19T04:28:35.835+0000] {processor.py:186} INFO - Started process (PID=153) to work on /home/airflow/.local/lib/python3.12/site-packages/airflow/example_dags/example_branch_operator.py
[2025-01-19T04:28:35.841+0000] {processor.py:914} INFO - Processing file /home/airflow/.local/lib/python3.12/site-packages/airflow/example_dags/example_branch_operator.py for tasks to queue
[2025-01-19T04:28:35.893+0000] {logging_mixin.py:190} INFO - [2025-01-19T04:28:35.892+0000] {dagbag.py:588} INFO - Filling up the DagBag from /home/airflow/.local/lib/python3.12/site-packages/airflow/example_dags/example_branch_operator.py
[2025-01-19T04:28:36.118+0000] {processor.py:925} INFO - DAG(s) 'example_branch_operator' retrieved from /home/airflow/.local/lib/python3.12/site-packages/airflow/example_dags/example_branch_operator.py
[2025-01-19T04:28:36.414+0000] {logging_mixin.py:190} INFO - [2025-01-19T04:28:36.414+0000] {dag.py:3239} INFO - Sync 1 DAGs
[2025-01-19T04:28:36.738+0000] {logging_mixin.py:190} INFO - [2025-01-19T04:28:36.737+0000] {dag.py:4180} INFO - Setting next_dagrun for example_branch_operator to 2025-01-18 00:00:00+00:00, run_after=2025-01-19 00:00:00+00:00
[2025-01-19T04:28:36.959+0000] {processor.py:208} INFO - Processing /home/airflow/.local/lib/python3.12/site-packages/airflow/example_dags/example_branch_operator.py took 1.157 seconds
[2025-01-19T04:29:07.170+0000] {processor.py:186} INFO - Started process (PID=215) to work on /home/airflow/.local/lib/python3.12/site-packages/airflow/example_dags/example_branch_operator.py
[2025-01-19T04:29:07.187+0000] {processor.py:914} INFO - Processing file /home/airflow/.local/lib/python3.12/site-packages/airflow/example_dags/example_branch_operator.py for tasks to queue
[2025-01-19T04:29:07.204+0000] {logging_mixin.py:190} INFO - [2025-01-19T04:29:07.203+0000] {dagbag.py:588} INFO - Filling up the DagBag from /home/airflow/.local/lib/python3.12/site-packages/airflow/example_dags/example_branch_operator.py
[2025-01-19T04:29:07.376+0000] {processor.py:925} INFO - DAG(s) 'example_branch_operator' retrieved from /home/airflow/.local/lib/python3.12/site-packages/airflow/example_dags/example_branch_operator.py
[2025-01-19T04:29:07.583+0000] {logging_mixin.py:190} INFO - [2025-01-19T04:29:07.582+0000] {dag.py:3239} INFO - Sync 1 DAGs
[2025-01-19T04:29:07.773+0000] {logging_mixin.py:190} INFO - [2025-01-19T04:29:07.772+0000] {dag.py:4180} INFO - Setting next_dagrun for example_branch_operator to 2025-01-18 00:00:00+00:00, run_after=2025-01-19 00:00:00+00:00
[2025-01-19T04:29:07.878+0000] {processor.py:208} INFO - Processing /home/airflow/.local/lib/python3.12/site-packages/airflow/example_dags/example_branch_operator.py took 0.747 seconds
[2025-01-19T04:29:38.668+0000] {processor.py:186} INFO - Started process (PID=277) to work on /home/airflow/.local/lib/python3.12/site-packages/airflow/example_dags/example_branch_operator.py
[2025-01-19T04:29:38.674+0000] {processor.py:914} INFO - Processing file /home/airflow/.local/lib/python3.12/site-packages/airflow/example_dags/example_branch_operator.py for tasks to queue
[2025-01-19T04:29:38.694+0000] {logging_mixin.py:190} INFO - [2025-01-19T04:29:38.693+0000] {dagbag.py:588} INFO - Filling up the DagBag from /home/airflow/.local/lib/python3.12/site-packages/airflow/example_dags/example_branch_operator.py
[2025-01-19T04:29:38.808+0000] {processor.py:925} INFO - DAG(s) 'example_branch_operator' retrieved from /home/airflow/.local/lib/python3.12/site-packages/airflow/example_dags/example_branch_operator.py
[2025-01-19T04:29:38.978+0000] {logging_mixin.py:190} INFO - [2025-01-19T04:29:38.978+0000] {dag.py:3239} INFO - Sync 1 DAGs
[2025-01-19T04:29:39.091+0000] {logging_mixin.py:190} INFO - [2025-01-19T04:29:39.090+0000] {dag.py:4180} INFO - Setting next_dagrun for example_branch_operator to 2025-01-18 00:00:00+00:00, run_after=2025-01-19 00:00:00+00:00
[2025-01-19T04:29:39.173+0000] {processor.py:208} INFO - Processing /home/airflow/.local/lib/python3.12/site-packages/airflow/example_dags/example_branch_operator.py took 0.546 seconds
[2025-01-19T04:30:16.680+0000] {processor.py:186} INFO - Started process (PID=339) to work on /home/airflow/.local/lib/python3.12/site-packages/airflow/example_dags/example_branch_operator.py
[2025-01-19T04:30:16.682+0000] {processor.py:914} INFO - Processing file /home/airflow/.local/lib/python3.12/site-packages/airflow/example_dags/example_branch_operator.py for tasks to queue
[2025-01-19T04:30:16.687+0000] {logging_mixin.py:190} INFO - [2025-01-19T04:30:16.686+0000] {dagbag.py:588} INFO - Filling up the DagBag from /home/airflow/.local/lib/python3.12/site-packages/airflow/example_dags/example_branch_operator.py
[2025-01-19T04:30:16.743+0000] {processor.py:925} INFO - DAG(s) 'example_branch_operator' retrieved from /home/airflow/.local/lib/python3.12/site-packages/airflow/example_dags/example_branch_operator.py
[2025-01-19T04:30:16.812+0000] {logging_mixin.py:190} INFO - [2025-01-19T04:30:16.812+0000] {dag.py:3239} INFO - Sync 1 DAGs
[2025-01-19T04:30:16.883+0000] {logging_mixin.py:190} INFO - [2025-01-19T04:30:16.882+0000] {dag.py:4180} INFO - Setting next_dagrun for example_branch_operator to 2025-01-18 00:00:00+00:00, run_after=2025-01-19 00:00:00+00:00
[2025-01-19T04:30:16.929+0000] {processor.py:208} INFO - Processing /home/airflow/.local/lib/python3.12/site-packages/airflow/example_dags/example_branch_operator.py took 0.265 seconds
[2025-01-19T04:30:47.318+0000] {processor.py:186} INFO - Started process (PID=397) to work on /home/airflow/.local/lib/python3.12/site-packages/airflow/example_dags/example_branch_operator.py
[2025-01-19T04:30:47.321+0000] {processor.py:914} INFO - Processing file /home/airflow/.local/lib/python3.12/site-packages/airflow/example_dags/example_branch_operator.py for tasks to queue
[2025-01-19T04:30:47.327+0000] {logging_mixin.py:190} INFO - [2025-01-19T04:30:47.326+0000] {dagbag.py:588} INFO - Filling up the DagBag from /home/airflow/.local/lib/python3.12/site-packages/airflow/example_dags/example_branch_operator.py
[2025-01-19T04:30:47.398+0000] {processor.py:925} INFO - DAG(s) 'example_branch_operator' retrieved from /home/airflow/.local/lib/python3.12/site-packages/airflow/example_dags/example_branch_operator.py
[2025-01-19T04:30:47.493+0000] {logging_mixin.py:190} INFO - [2025-01-19T04:30:47.492+0000] {dag.py:3239} INFO - Sync 1 DAGs
[2025-01-19T04:30:47.600+0000] {logging_mixin.py:190} INFO - [2025-01-19T04:30:47.600+0000] {dag.py:4180} INFO - Setting next_dagrun for example_branch_operator to 2025-01-18 00:00:00+00:00, run_after=2025-01-19 00:00:00+00:00
[2025-01-19T04:30:47.664+0000] {processor.py:208} INFO - Processing /home/airflow/.local/lib/python3.12/site-packages/airflow/example_dags/example_branch_operator.py took 0.362 seconds
[2025-01-19T04:31:26.694+0000] {processor.py:186} INFO - Started process (PID=461) to work on /home/airflow/.local/lib/python3.12/site-packages/airflow/example_dags/example_branch_operator.py
[2025-01-19T04:31:26.696+0000] {processor.py:914} INFO - Processing file /home/airflow/.local/lib/python3.12/site-packages/airflow/example_dags/example_branch_operator.py for tasks to queue
[2025-01-19T04:31:26.700+0000] {logging_mixin.py:190} INFO - [2025-01-19T04:31:26.699+0000] {dagbag.py:588} INFO - Filling up the DagBag from /home/airflow/.local/lib/python3.12/site-packages/airflow/example_dags/example_branch_operator.py
[2025-01-19T04:31:26.751+0000] {processor.py:925} INFO - DAG(s) 'example_branch_operator' retrieved from /home/airflow/.local/lib/python3.12/site-packages/airflow/example_dags/example_branch_operator.py
[2025-01-19T04:31:26.812+0000] {logging_mixin.py:190} INFO - [2025-01-19T04:31:26.811+0000] {dag.py:3239} INFO - Sync 1 DAGs
[2025-01-19T04:31:26.865+0000] {logging_mixin.py:190} INFO - [2025-01-19T04:31:26.865+0000] {dag.py:4180} INFO - Setting next_dagrun for example_branch_operator to 2025-01-18 00:00:00+00:00, run_after=2025-01-19 00:00:00+00:00
[2025-01-19T04:31:26.909+0000] {processor.py:208} INFO - Processing /home/airflow/.local/lib/python3.12/site-packages/airflow/example_dags/example_branch_operator.py took 0.228 seconds
[2025-01-19T04:31:57.591+0000] {processor.py:186} INFO - Started process (PID=508) to work on /home/airflow/.local/lib/python3.12/site-packages/airflow/example_dags/example_branch_operator.py
[2025-01-19T04:31:57.593+0000] {processor.py:914} INFO - Processing file /home/airflow/.local/lib/python3.12/site-packages/airflow/example_dags/example_branch_operator.py for tasks to queue
[2025-01-19T04:31:57.602+0000] {logging_mixin.py:190} INFO - [2025-01-19T04:31:57.601+0000] {dagbag.py:588} INFO - Filling up the DagBag from /home/airflow/.local/lib/python3.12/site-packages/airflow/example_dags/example_branch_operator.py
[2025-01-19T04:31:57.668+0000] {processor.py:925} INFO - DAG(s) 'example_branch_operator' retrieved from /home/airflow/.local/lib/python3.12/site-packages/airflow/example_dags/example_branch_operator.py
[2025-01-19T04:31:57.750+0000] {logging_mixin.py:190} INFO - [2025-01-19T04:31:57.750+0000] {dag.py:3239} INFO - Sync 1 DAGs
[2025-01-19T04:31:57.814+0000] {logging_mixin.py:190} INFO - [2025-01-19T04:31:57.813+0000] {dag.py:4180} INFO - Setting next_dagrun for example_branch_operator to 2025-01-18 00:00:00+00:00, run_after=2025-01-19 00:00:00+00:00
[2025-01-19T04:31:57.854+0000] {processor.py:208} INFO - Processing /home/airflow/.local/lib/python3.12/site-packages/airflow/example_dags/example_branch_operator.py took 0.282 seconds
[2025-01-19T04:32:30.235+0000] {processor.py:186} INFO - Started process (PID=571) to work on /home/airflow/.local/lib/python3.12/site-packages/airflow/example_dags/example_branch_operator.py
[2025-01-19T04:32:30.238+0000] {processor.py:914} INFO - Processing file /home/airflow/.local/lib/python3.12/site-packages/airflow/example_dags/example_branch_operator.py for tasks to queue
[2025-01-19T04:32:30.243+0000] {logging_mixin.py:190} INFO - [2025-01-19T04:32:30.242+0000] {dagbag.py:588} INFO - Filling up the DagBag from /home/airflow/.local/lib/python3.12/site-packages/airflow/example_dags/example_branch_operator.py
[2025-01-19T04:32:30.304+0000] {processor.py:925} INFO - DAG(s) 'example_branch_operator' retrieved from /home/airflow/.local/lib/python3.12/site-packages/airflow/example_dags/example_branch_operator.py
[2025-01-19T04:32:30.452+0000] {logging_mixin.py:190} INFO - [2025-01-19T04:32:30.451+0000] {dag.py:3239} INFO - Sync 1 DAGs
[2025-01-19T04:32:30.594+0000] {logging_mixin.py:190} INFO - [2025-01-19T04:32:30.593+0000] {dag.py:4180} INFO - Setting next_dagrun for example_branch_operator to 2025-01-18 00:00:00+00:00, run_after=2025-01-19 00:00:00+00:00
[2025-01-19T04:32:30.723+0000] {processor.py:208} INFO - Processing /home/airflow/.local/lib/python3.12/site-packages/airflow/example_dags/example_branch_operator.py took 0.504 seconds
[2025-01-19T04:33:04.804+0000] {processor.py:186} INFO - Started process (PID=633) to work on /home/airflow/.local/lib/python3.12/site-packages/airflow/example_dags/example_branch_operator.py
[2025-01-19T04:33:04.806+0000] {processor.py:914} INFO - Processing file /home/airflow/.local/lib/python3.12/site-packages/airflow/example_dags/example_branch_operator.py for tasks to queue
[2025-01-19T04:33:04.814+0000] {logging_mixin.py:190} INFO - [2025-01-19T04:33:04.813+0000] {dagbag.py:588} INFO - Filling up the DagBag from /home/airflow/.local/lib/python3.12/site-packages/airflow/example_dags/example_branch_operator.py
[2025-01-19T04:33:04.934+0000] {processor.py:925} INFO - DAG(s) 'example_branch_operator' retrieved from /home/airflow/.local/lib/python3.12/site-packages/airflow/example_dags/example_branch_operator.py
[2025-01-19T04:33:05.062+0000] {logging_mixin.py:190} INFO - [2025-01-19T04:33:05.062+0000] {dag.py:3239} INFO - Sync 1 DAGs
[2025-01-19T04:33:05.192+0000] {logging_mixin.py:190} INFO - [2025-01-19T04:33:05.191+0000] {dag.py:4180} INFO - Setting next_dagrun for example_branch_operator to 2025-01-18 00:00:00+00:00, run_after=2025-01-19 00:00:00+00:00
[2025-01-19T04:33:05.262+0000] {processor.py:208} INFO - Processing /home/airflow/.local/lib/python3.12/site-packages/airflow/example_dags/example_branch_operator.py took 0.476 seconds
[2025-01-19T04:33:35.558+0000] {processor.py:186} INFO - Started process (PID=697) to work on /home/airflow/.local/lib/python3.12/site-packages/airflow/example_dags/example_branch_operator.py
[2025-01-19T04:33:35.561+0000] {processor.py:914} INFO - Processing file /home/airflow/.local/lib/python3.12/site-packages/airflow/example_dags/example_branch_operator.py for tasks to queue
[2025-01-19T04:33:35.566+0000] {logging_mixin.py:190} INFO - [2025-01-19T04:33:35.565+0000] {dagbag.py:588} INFO - Filling up the DagBag from /home/airflow/.local/lib/python3.12/site-packages/airflow/example_dags/example_branch_operator.py
[2025-01-19T04:33:35.600+0000] {processor.py:925} INFO - DAG(s) 'example_branch_operator' retrieved from /home/airflow/.local/lib/python3.12/site-packages/airflow/example_dags/example_branch_operator.py
[2025-01-19T04:33:35.663+0000] {logging_mixin.py:190} INFO - [2025-01-19T04:33:35.663+0000] {dag.py:3239} INFO - Sync 1 DAGs
[2025-01-19T04:33:35.713+0000] {logging_mixin.py:190} INFO - [2025-01-19T04:33:35.713+0000] {dag.py:4180} INFO - Setting next_dagrun for example_branch_operator to 2025-01-18 00:00:00+00:00, run_after=2025-01-19 00:00:00+00:00
[2025-01-19T04:33:35.752+0000] {processor.py:208} INFO - Processing /home/airflow/.local/lib/python3.12/site-packages/airflow/example_dags/example_branch_operator.py took 0.205 seconds
[2025-01-19T04:34:07.486+0000] {processor.py:186} INFO - Started process (PID=759) to work on /home/airflow/.local/lib/python3.12/site-packages/airflow/example_dags/example_branch_operator.py
[2025-01-19T04:34:07.488+0000] {processor.py:914} INFO - Processing file /home/airflow/.local/lib/python3.12/site-packages/airflow/example_dags/example_branch_operator.py for tasks to queue
[2025-01-19T04:34:07.494+0000] {logging_mixin.py:190} INFO - [2025-01-19T04:34:07.493+0000] {dagbag.py:588} INFO - Filling up the DagBag from /home/airflow/.local/lib/python3.12/site-packages/airflow/example_dags/example_branch_operator.py
[2025-01-19T04:34:07.570+0000] {processor.py:925} INFO - DAG(s) 'example_branch_operator' retrieved from /home/airflow/.local/lib/python3.12/site-packages/airflow/example_dags/example_branch_operator.py
[2025-01-19T04:34:07.768+0000] {logging_mixin.py:190} INFO - [2025-01-19T04:34:07.759+0000] {dag.py:3239} INFO - Sync 1 DAGs
[2025-01-19T04:34:07.886+0000] {logging_mixin.py:190} INFO - [2025-01-19T04:34:07.886+0000] {dag.py:4180} INFO - Setting next_dagrun for example_branch_operator to 2025-01-18 00:00:00+00:00, run_after=2025-01-19 00:00:00+00:00
[2025-01-19T04:34:07.960+0000] {processor.py:208} INFO - Processing /home/airflow/.local/lib/python3.12/site-packages/airflow/example_dags/example_branch_operator.py took 0.501 seconds
[2025-01-19T04:34:38.579+0000] {processor.py:186} INFO - Started process (PID=829) to work on /home/airflow/.local/lib/python3.12/site-packages/airflow/example_dags/example_branch_operator.py
[2025-01-19T04:34:38.581+0000] {processor.py:914} INFO - Processing file /home/airflow/.local/lib/python3.12/site-packages/airflow/example_dags/example_branch_operator.py for tasks to queue
[2025-01-19T04:34:38.586+0000] {logging_mixin.py:190} INFO - [2025-01-19T04:34:38.585+0000] {dagbag.py:588} INFO - Filling up the DagBag from /home/airflow/.local/lib/python3.12/site-packages/airflow/example_dags/example_branch_operator.py
[2025-01-19T04:34:38.626+0000] {processor.py:925} INFO - DAG(s) 'example_branch_operator' retrieved from /home/airflow/.local/lib/python3.12/site-packages/airflow/example_dags/example_branch_operator.py
[2025-01-19T04:34:38.685+0000] {logging_mixin.py:190} INFO - [2025-01-19T04:34:38.685+0000] {dag.py:3239} INFO - Sync 1 DAGs
[2025-01-19T04:34:38.734+0000] {logging_mixin.py:190} INFO - [2025-01-19T04:34:38.734+0000] {dag.py:4180} INFO - Setting next_dagrun for example_branch_operator to 2025-01-18 00:00:00+00:00, run_after=2025-01-19 00:00:00+00:00
[2025-01-19T04:34:38.781+0000] {processor.py:208} INFO - Processing /home/airflow/.local/lib/python3.12/site-packages/airflow/example_dags/example_branch_operator.py took 0.216 seconds
[2025-01-19T04:35:23.287+0000] {processor.py:186} INFO - Started process (PID=891) to work on /home/airflow/.local/lib/python3.12/site-packages/airflow/example_dags/example_branch_operator.py
[2025-01-19T04:35:23.322+0000] {processor.py:914} INFO - Processing file /home/airflow/.local/lib/python3.12/site-packages/airflow/example_dags/example_branch_operator.py for tasks to queue
[2025-01-19T04:35:23.342+0000] {logging_mixin.py:190} INFO - [2025-01-19T04:35:23.341+0000] {dagbag.py:588} INFO - Filling up the DagBag from /home/airflow/.local/lib/python3.12/site-packages/airflow/example_dags/example_branch_operator.py
[2025-01-19T04:35:23.493+0000] {processor.py:925} INFO - DAG(s) 'example_branch_operator' retrieved from /home/airflow/.local/lib/python3.12/site-packages/airflow/example_dags/example_branch_operator.py
[2025-01-19T04:35:23.672+0000] {logging_mixin.py:190} INFO - [2025-01-19T04:35:23.671+0000] {dag.py:3239} INFO - Sync 1 DAGs
[2025-01-19T04:35:23.795+0000] {logging_mixin.py:190} INFO - [2025-01-19T04:35:23.795+0000] {dag.py:4180} INFO - Setting next_dagrun for example_branch_operator to 2025-01-18 00:00:00+00:00, run_after=2025-01-19 00:00:00+00:00
[2025-01-19T04:35:23.935+0000] {processor.py:208} INFO - Processing /home/airflow/.local/lib/python3.12/site-packages/airflow/example_dags/example_branch_operator.py took 0.685 seconds
[2025-01-19T04:35:54.431+0000] {processor.py:186} INFO - Started process (PID=953) to work on /home/airflow/.local/lib/python3.12/site-packages/airflow/example_dags/example_branch_operator.py
[2025-01-19T04:35:54.433+0000] {processor.py:914} INFO - Processing file /home/airflow/.local/lib/python3.12/site-packages/airflow/example_dags/example_branch_operator.py for tasks to queue
[2025-01-19T04:35:54.437+0000] {logging_mixin.py:190} INFO - [2025-01-19T04:35:54.437+0000] {dagbag.py:588} INFO - Filling up the DagBag from /home/airflow/.local/lib/python3.12/site-packages/airflow/example_dags/example_branch_operator.py
[2025-01-19T04:35:54.478+0000] {processor.py:925} INFO - DAG(s) 'example_branch_operator' retrieved from /home/airflow/.local/lib/python3.12/site-packages/airflow/example_dags/example_branch_operator.py
[2025-01-19T04:35:54.542+0000] {logging_mixin.py:190} INFO - [2025-01-19T04:35:54.537+0000] {dag.py:3239} INFO - Sync 1 DAGs
[2025-01-19T04:35:54.588+0000] {logging_mixin.py:190} INFO - [2025-01-19T04:35:54.587+0000] {dag.py:4180} INFO - Setting next_dagrun for example_branch_operator to 2025-01-18 00:00:00+00:00, run_after=2025-01-19 00:00:00+00:00
[2025-01-19T04:35:54.641+0000] {processor.py:208} INFO - Processing /home/airflow/.local/lib/python3.12/site-packages/airflow/example_dags/example_branch_operator.py took 0.224 seconds
[2025-01-19T04:36:25.203+0000] {processor.py:186} INFO - Started process (PID=1016) to work on /home/airflow/.local/lib/python3.12/site-packages/airflow/example_dags/example_branch_operator.py
[2025-01-19T04:36:25.206+0000] {processor.py:914} INFO - Processing file /home/airflow/.local/lib/python3.12/site-packages/airflow/example_dags/example_branch_operator.py for tasks to queue
[2025-01-19T04:36:25.211+0000] {logging_mixin.py:190} INFO - [2025-01-19T04:36:25.211+0000] {dagbag.py:588} INFO - Filling up the DagBag from /home/airflow/.local/lib/python3.12/site-packages/airflow/example_dags/example_branch_operator.py
[2025-01-19T04:36:25.252+0000] {processor.py:925} INFO - DAG(s) 'example_branch_operator' retrieved from /home/airflow/.local/lib/python3.12/site-packages/airflow/example_dags/example_branch_operator.py
[2025-01-19T04:36:25.324+0000] {logging_mixin.py:190} INFO - [2025-01-19T04:36:25.324+0000] {dag.py:3239} INFO - Sync 1 DAGs
[2025-01-19T04:36:25.383+0000] {logging_mixin.py:190} INFO - [2025-01-19T04:36:25.382+0000] {dag.py:4180} INFO - Setting next_dagrun for example_branch_operator to 2025-01-18 00:00:00+00:00, run_after=2025-01-19 00:00:00+00:00
[2025-01-19T04:36:25.423+0000] {processor.py:208} INFO - Processing /home/airflow/.local/lib/python3.12/site-packages/airflow/example_dags/example_branch_operator.py took 0.237 seconds
[2025-01-19T04:41:26.785+0000] {processor.py:186} INFO - Started process (PID=1093) to work on /home/airflow/.local/lib/python3.12/site-packages/airflow/example_dags/example_branch_operator.py
[2025-01-19T04:41:26.794+0000] {processor.py:914} INFO - Processing file /home/airflow/.local/lib/python3.12/site-packages/airflow/example_dags/example_branch_operator.py for tasks to queue
[2025-01-19T04:41:26.809+0000] {logging_mixin.py:190} INFO - [2025-01-19T04:41:26.808+0000] {dagbag.py:588} INFO - Filling up the DagBag from /home/airflow/.local/lib/python3.12/site-packages/airflow/example_dags/example_branch_operator.py
[2025-01-19T04:41:26.982+0000] {processor.py:925} INFO - DAG(s) 'example_branch_operator' retrieved from /home/airflow/.local/lib/python3.12/site-packages/airflow/example_dags/example_branch_operator.py
[2025-01-19T04:41:27.105+0000] {logging_mixin.py:190} INFO - [2025-01-19T04:41:27.104+0000] {dag.py:3239} INFO - Sync 1 DAGs
[2025-01-19T04:41:27.266+0000] {logging_mixin.py:190} INFO - [2025-01-19T04:41:27.265+0000] {dag.py:4180} INFO - Setting next_dagrun for example_branch_operator to 2025-01-18 00:00:00+00:00, run_after=2025-01-19 00:00:00+00:00
[2025-01-19T04:41:27.352+0000] {processor.py:208} INFO - Processing /home/airflow/.local/lib/python3.12/site-packages/airflow/example_dags/example_branch_operator.py took 0.601 seconds
