[2025-01-19T04:12:59.877+0000] {processor.py:186} INFO - Started process (PID=460) to work on /home/airflow/.local/lib/python3.12/site-packages/airflow/example_dags/example_python_decorator.py
[2025-01-19T04:12:59.899+0000] {processor.py:914} INFO - Processing file /home/airflow/.local/lib/python3.12/site-packages/airflow/example_dags/example_python_decorator.py for tasks to queue
[2025-01-19T04:12:59.916+0000] {logging_mixin.py:190} INFO - [2025-01-19T04:12:59.915+0000] {dagbag.py:588} INFO - Filling up the DagBag from /home/airflow/.local/lib/python3.12/site-packages/airflow/example_dags/example_python_decorator.py
[2025-01-19T04:13:00.028+0000] {processor.py:925} INFO - DAG(s) 'example_python_decorator' retrieved from /home/airflow/.local/lib/python3.12/site-packages/airflow/example_dags/example_python_decorator.py
[2025-01-19T04:13:00.163+0000] {logging_mixin.py:190} INFO - [2025-01-19T04:13:00.161+0000] {dag.py:3239} INFO - Sync 1 DAGs
[2025-01-19T04:13:00.220+0000] {logging_mixin.py:190} INFO - [2025-01-19T04:13:00.219+0000] {dag.py:4180} INFO - Setting next_dagrun for example_python_decorator to None, run_after=None
[2025-01-19T04:13:00.303+0000] {processor.py:208} INFO - Processing /home/airflow/.local/lib/python3.12/site-packages/airflow/example_dags/example_python_decorator.py took 0.447 seconds
[2025-01-19T04:13:31.314+0000] {processor.py:186} INFO - Started process (PID=524) to work on /home/airflow/.local/lib/python3.12/site-packages/airflow/example_dags/example_python_decorator.py
[2025-01-19T04:13:31.316+0000] {processor.py:914} INFO - Processing file /home/airflow/.local/lib/python3.12/site-packages/airflow/example_dags/example_python_decorator.py for tasks to queue
[2025-01-19T04:13:31.322+0000] {logging_mixin.py:190} INFO - [2025-01-19T04:13:31.321+0000] {dagbag.py:588} INFO - Filling up the DagBag from /home/airflow/.local/lib/python3.12/site-packages/airflow/example_dags/example_python_decorator.py
[2025-01-19T04:13:31.357+0000] {processor.py:925} INFO - DAG(s) 'example_python_decorator' retrieved from /home/airflow/.local/lib/python3.12/site-packages/airflow/example_dags/example_python_decorator.py
[2025-01-19T04:13:31.415+0000] {logging_mixin.py:190} INFO - [2025-01-19T04:13:31.414+0000] {dag.py:3239} INFO - Sync 1 DAGs
[2025-01-19T04:13:31.462+0000] {logging_mixin.py:190} INFO - [2025-01-19T04:13:31.462+0000] {dag.py:4180} INFO - Setting next_dagrun for example_python_decorator to None, run_after=None
[2025-01-19T04:13:31.580+0000] {processor.py:208} INFO - Processing /home/airflow/.local/lib/python3.12/site-packages/airflow/example_dags/example_python_decorator.py took 0.281 seconds
[2025-01-19T04:14:06.628+0000] {processor.py:186} INFO - Started process (PID=591) to work on /home/airflow/.local/lib/python3.12/site-packages/airflow/example_dags/example_python_decorator.py
[2025-01-19T04:14:06.630+0000] {processor.py:914} INFO - Processing file /home/airflow/.local/lib/python3.12/site-packages/airflow/example_dags/example_python_decorator.py for tasks to queue
[2025-01-19T04:14:06.636+0000] {logging_mixin.py:190} INFO - [2025-01-19T04:14:06.635+0000] {dagbag.py:588} INFO - Filling up the DagBag from /home/airflow/.local/lib/python3.12/site-packages/airflow/example_dags/example_python_decorator.py
[2025-01-19T04:14:06.671+0000] {processor.py:925} INFO - DAG(s) 'example_python_decorator' retrieved from /home/airflow/.local/lib/python3.12/site-packages/airflow/example_dags/example_python_decorator.py
[2025-01-19T04:14:06.720+0000] {logging_mixin.py:190} INFO - [2025-01-19T04:14:06.719+0000] {dag.py:3239} INFO - Sync 1 DAGs
[2025-01-19T04:14:06.785+0000] {logging_mixin.py:190} INFO - [2025-01-19T04:14:06.785+0000] {dag.py:4180} INFO - Setting next_dagrun for example_python_decorator to None, run_after=None
[2025-01-19T04:14:06.872+0000] {processor.py:208} INFO - Processing /home/airflow/.local/lib/python3.12/site-packages/airflow/example_dags/example_python_decorator.py took 0.256 seconds
[2025-01-19T04:15:19.177+0000] {processor.py:186} INFO - Started process (PID=641) to work on /home/airflow/.local/lib/python3.12/site-packages/airflow/example_dags/example_python_decorator.py
[2025-01-19T04:15:19.185+0000] {processor.py:914} INFO - Processing file /home/airflow/.local/lib/python3.12/site-packages/airflow/example_dags/example_python_decorator.py for tasks to queue
[2025-01-19T04:15:19.225+0000] {logging_mixin.py:190} INFO - [2025-01-19T04:15:19.225+0000] {dagbag.py:588} INFO - Filling up the DagBag from /home/airflow/.local/lib/python3.12/site-packages/airflow/example_dags/example_python_decorator.py
[2025-01-19T04:15:19.360+0000] {processor.py:925} INFO - DAG(s) 'example_python_decorator' retrieved from /home/airflow/.local/lib/python3.12/site-packages/airflow/example_dags/example_python_decorator.py
[2025-01-19T04:15:19.520+0000] {logging_mixin.py:190} INFO - [2025-01-19T04:15:19.520+0000] {dag.py:3239} INFO - Sync 1 DAGs
[2025-01-19T04:15:19.654+0000] {logging_mixin.py:190} INFO - [2025-01-19T04:15:19.654+0000] {dag.py:4180} INFO - Setting next_dagrun for example_python_decorator to None, run_after=None
[2025-01-19T04:15:19.786+0000] {processor.py:208} INFO - Processing /home/airflow/.local/lib/python3.12/site-packages/airflow/example_dags/example_python_decorator.py took 0.648 seconds
[2025-01-19T04:18:22.716+0000] {processor.py:186} INFO - Started process (PID=698) to work on /home/airflow/.local/lib/python3.12/site-packages/airflow/example_dags/example_python_decorator.py
[2025-01-19T04:18:22.719+0000] {processor.py:914} INFO - Processing file /home/airflow/.local/lib/python3.12/site-packages/airflow/example_dags/example_python_decorator.py for tasks to queue
[2025-01-19T04:18:22.734+0000] {logging_mixin.py:190} INFO - [2025-01-19T04:18:22.733+0000] {dagbag.py:588} INFO - Filling up the DagBag from /home/airflow/.local/lib/python3.12/site-packages/airflow/example_dags/example_python_decorator.py
[2025-01-19T04:18:22.894+0000] {processor.py:925} INFO - DAG(s) 'example_python_decorator' retrieved from /home/airflow/.local/lib/python3.12/site-packages/airflow/example_dags/example_python_decorator.py
[2025-01-19T04:18:23.122+0000] {logging_mixin.py:190} INFO - [2025-01-19T04:18:23.122+0000] {dag.py:3239} INFO - Sync 1 DAGs
[2025-01-19T04:18:23.288+0000] {logging_mixin.py:190} INFO - [2025-01-19T04:18:23.288+0000] {dag.py:4180} INFO - Setting next_dagrun for example_python_decorator to None, run_after=None
[2025-01-19T04:18:23.401+0000] {processor.py:208} INFO - Processing /home/airflow/.local/lib/python3.12/site-packages/airflow/example_dags/example_python_decorator.py took 0.733 seconds
[2025-01-19T04:18:55.791+0000] {processor.py:186} INFO - Started process (PID=761) to work on /home/airflow/.local/lib/python3.12/site-packages/airflow/example_dags/example_python_decorator.py
[2025-01-19T04:18:55.794+0000] {processor.py:914} INFO - Processing file /home/airflow/.local/lib/python3.12/site-packages/airflow/example_dags/example_python_decorator.py for tasks to queue
[2025-01-19T04:18:55.798+0000] {logging_mixin.py:190} INFO - [2025-01-19T04:18:55.796+0000] {dagbag.py:588} INFO - Filling up the DagBag from /home/airflow/.local/lib/python3.12/site-packages/airflow/example_dags/example_python_decorator.py
[2025-01-19T04:18:55.879+0000] {processor.py:925} INFO - DAG(s) 'example_python_decorator' retrieved from /home/airflow/.local/lib/python3.12/site-packages/airflow/example_dags/example_python_decorator.py
[2025-01-19T04:18:55.969+0000] {logging_mixin.py:190} INFO - [2025-01-19T04:18:55.968+0000] {dag.py:3239} INFO - Sync 1 DAGs
[2025-01-19T04:18:56.046+0000] {logging_mixin.py:190} INFO - [2025-01-19T04:18:56.044+0000] {dag.py:4180} INFO - Setting next_dagrun for example_python_decorator to None, run_after=None
[2025-01-19T04:18:56.140+0000] {processor.py:208} INFO - Processing /home/airflow/.local/lib/python3.12/site-packages/airflow/example_dags/example_python_decorator.py took 0.380 seconds
[2025-01-19T04:19:27.477+0000] {processor.py:186} INFO - Started process (PID=824) to work on /home/airflow/.local/lib/python3.12/site-packages/airflow/example_dags/example_python_decorator.py
[2025-01-19T04:19:27.479+0000] {processor.py:914} INFO - Processing file /home/airflow/.local/lib/python3.12/site-packages/airflow/example_dags/example_python_decorator.py for tasks to queue
[2025-01-19T04:19:27.483+0000] {logging_mixin.py:190} INFO - [2025-01-19T04:19:27.482+0000] {dagbag.py:588} INFO - Filling up the DagBag from /home/airflow/.local/lib/python3.12/site-packages/airflow/example_dags/example_python_decorator.py
[2025-01-19T04:19:27.566+0000] {processor.py:925} INFO - DAG(s) 'example_python_decorator' retrieved from /home/airflow/.local/lib/python3.12/site-packages/airflow/example_dags/example_python_decorator.py
[2025-01-19T04:19:27.651+0000] {logging_mixin.py:190} INFO - [2025-01-19T04:19:27.651+0000] {dag.py:3239} INFO - Sync 1 DAGs
[2025-01-19T04:19:27.745+0000] {logging_mixin.py:190} INFO - [2025-01-19T04:19:27.738+0000] {dag.py:4180} INFO - Setting next_dagrun for example_python_decorator to None, run_after=None
[2025-01-19T04:19:27.899+0000] {processor.py:208} INFO - Processing /home/airflow/.local/lib/python3.12/site-packages/airflow/example_dags/example_python_decorator.py took 0.437 seconds
[2025-01-19T04:19:58.056+0000] {processor.py:186} INFO - Started process (PID=887) to work on /home/airflow/.local/lib/python3.12/site-packages/airflow/example_dags/example_python_decorator.py
[2025-01-19T04:19:58.058+0000] {processor.py:914} INFO - Processing file /home/airflow/.local/lib/python3.12/site-packages/airflow/example_dags/example_python_decorator.py for tasks to queue
[2025-01-19T04:19:58.061+0000] {logging_mixin.py:190} INFO - [2025-01-19T04:19:58.060+0000] {dagbag.py:588} INFO - Filling up the DagBag from /home/airflow/.local/lib/python3.12/site-packages/airflow/example_dags/example_python_decorator.py
[2025-01-19T04:19:58.091+0000] {processor.py:925} INFO - DAG(s) 'example_python_decorator' retrieved from /home/airflow/.local/lib/python3.12/site-packages/airflow/example_dags/example_python_decorator.py
[2025-01-19T04:19:58.139+0000] {logging_mixin.py:190} INFO - [2025-01-19T04:19:58.139+0000] {dag.py:3239} INFO - Sync 1 DAGs
[2025-01-19T04:19:58.171+0000] {logging_mixin.py:190} INFO - [2025-01-19T04:19:58.171+0000] {dag.py:4180} INFO - Setting next_dagrun for example_python_decorator to None, run_after=None
[2025-01-19T04:19:58.225+0000] {processor.py:208} INFO - Processing /home/airflow/.local/lib/python3.12/site-packages/airflow/example_dags/example_python_decorator.py took 0.181 seconds
[2025-01-19T04:20:28.368+0000] {processor.py:186} INFO - Started process (PID=950) to work on /home/airflow/.local/lib/python3.12/site-packages/airflow/example_dags/example_python_decorator.py
[2025-01-19T04:20:28.370+0000] {processor.py:914} INFO - Processing file /home/airflow/.local/lib/python3.12/site-packages/airflow/example_dags/example_python_decorator.py for tasks to queue
[2025-01-19T04:20:28.372+0000] {logging_mixin.py:190} INFO - [2025-01-19T04:20:28.372+0000] {dagbag.py:588} INFO - Filling up the DagBag from /home/airflow/.local/lib/python3.12/site-packages/airflow/example_dags/example_python_decorator.py
[2025-01-19T04:20:28.407+0000] {processor.py:925} INFO - DAG(s) 'example_python_decorator' retrieved from /home/airflow/.local/lib/python3.12/site-packages/airflow/example_dags/example_python_decorator.py
[2025-01-19T04:20:28.458+0000] {logging_mixin.py:190} INFO - [2025-01-19T04:20:28.458+0000] {dag.py:3239} INFO - Sync 1 DAGs
[2025-01-19T04:20:28.499+0000] {logging_mixin.py:190} INFO - [2025-01-19T04:20:28.498+0000] {dag.py:4180} INFO - Setting next_dagrun for example_python_decorator to None, run_after=None
[2025-01-19T04:20:28.553+0000] {processor.py:208} INFO - Processing /home/airflow/.local/lib/python3.12/site-packages/airflow/example_dags/example_python_decorator.py took 0.195 seconds
[2025-01-19T04:21:26.054+0000] {processor.py:186} INFO - Started process (PID=1020) to work on /home/airflow/.local/lib/python3.12/site-packages/airflow/example_dags/example_python_decorator.py
[2025-01-19T04:21:26.064+0000] {processor.py:914} INFO - Processing file /home/airflow/.local/lib/python3.12/site-packages/airflow/example_dags/example_python_decorator.py for tasks to queue
[2025-01-19T04:21:26.069+0000] {logging_mixin.py:190} INFO - [2025-01-19T04:21:26.068+0000] {dagbag.py:588} INFO - Filling up the DagBag from /home/airflow/.local/lib/python3.12/site-packages/airflow/example_dags/example_python_decorator.py
[2025-01-19T04:21:26.165+0000] {processor.py:925} INFO - DAG(s) 'example_python_decorator' retrieved from /home/airflow/.local/lib/python3.12/site-packages/airflow/example_dags/example_python_decorator.py
[2025-01-19T04:21:26.294+0000] {logging_mixin.py:190} INFO - [2025-01-19T04:21:26.293+0000] {dag.py:3239} INFO - Sync 1 DAGs
[2025-01-19T04:21:26.434+0000] {logging_mixin.py:190} INFO - [2025-01-19T04:21:26.433+0000] {dag.py:4180} INFO - Setting next_dagrun for example_python_decorator to None, run_after=None
[2025-01-19T04:21:26.529+0000] {processor.py:208} INFO - Processing /home/airflow/.local/lib/python3.12/site-packages/airflow/example_dags/example_python_decorator.py took 0.499 seconds
[2025-01-19T04:27:37.325+0000] {processor.py:186} INFO - Started process (PID=75) to work on /home/airflow/.local/lib/python3.12/site-packages/airflow/example_dags/example_python_decorator.py
[2025-01-19T04:27:37.344+0000] {processor.py:914} INFO - Processing file /home/airflow/.local/lib/python3.12/site-packages/airflow/example_dags/example_python_decorator.py for tasks to queue
[2025-01-19T04:27:37.353+0000] {logging_mixin.py:190} INFO - [2025-01-19T04:27:37.352+0000] {dagbag.py:588} INFO - Filling up the DagBag from /home/airflow/.local/lib/python3.12/site-packages/airflow/example_dags/example_python_decorator.py
[2025-01-19T04:27:37.944+0000] {processor.py:925} INFO - DAG(s) 'example_python_decorator' retrieved from /home/airflow/.local/lib/python3.12/site-packages/airflow/example_dags/example_python_decorator.py
[2025-01-19T04:27:38.624+0000] {logging_mixin.py:190} INFO - [2025-01-19T04:27:38.618+0000] {override.py:1911} INFO - Created Permission View: can delete on DAG:example_python_decorator
[2025-01-19T04:27:37.957+0000] {logging_mixin.py:190} INFO - [2025-01-19T04:27:37.956+0000] {override.py:1911} INFO - Created Permission View: can edit on DAG:example_python_decorator
[2025-01-19T04:27:38.031+0000] {logging_mixin.py:190} INFO - [2025-01-19T04:27:38.031+0000] {override.py:1911} INFO - Created Permission View: can read on DAG:example_python_decorator
[2025-01-19T04:27:38.096+0000] {logging_mixin.py:190} INFO - [2025-01-19T04:27:38.095+0000] {override.py:1911} INFO - Created Permission View: can create on DAG Run:example_python_decorator
[2025-01-19T04:27:38.191+0000] {logging_mixin.py:190} INFO - [2025-01-19T04:27:38.187+0000] {override.py:1911} INFO - Created Permission View: menu access on DAG Run:example_python_decorator
[2025-01-19T04:27:38.229+0000] {logging_mixin.py:190} INFO - [2025-01-19T04:27:38.228+0000] {override.py:1911} INFO - Created Permission View: can delete on DAG Run:example_python_decorator
[2025-01-19T04:27:38.258+0000] {logging_mixin.py:190} INFO - [2025-01-19T04:27:38.257+0000] {override.py:1911} INFO - Created Permission View: can read on DAG Run:example_python_decorator
[2025-01-19T04:27:38.262+0000] {logging_mixin.py:190} INFO - [2025-01-19T04:27:38.259+0000] {dag.py:3239} INFO - Sync 1 DAGs
[2025-01-19T04:27:38.436+0000] {logging_mixin.py:190} INFO - [2025-01-19T04:27:38.436+0000] {dag.py:3262} INFO - Creating ORM DAG for example_python_decorator
[2025-01-19T04:27:38.443+0000] {logging_mixin.py:190} INFO - [2025-01-19T04:27:38.442+0000] {dag.py:4180} INFO - Setting next_dagrun for example_python_decorator to None, run_after=None
[2025-01-19T04:27:38.696+0000] {processor.py:208} INFO - Processing /home/airflow/.local/lib/python3.12/site-packages/airflow/example_dags/example_python_decorator.py took 2.990 seconds
[2025-01-19T04:28:27.907+0000] {processor.py:186} INFO - Started process (PID=144) to work on /home/airflow/.local/lib/python3.12/site-packages/airflow/example_dags/example_python_decorator.py
[2025-01-19T04:28:27.942+0000] {processor.py:914} INFO - Processing file /home/airflow/.local/lib/python3.12/site-packages/airflow/example_dags/example_python_decorator.py for tasks to queue
[2025-01-19T04:28:27.948+0000] {logging_mixin.py:190} INFO - [2025-01-19T04:28:27.947+0000] {dagbag.py:588} INFO - Filling up the DagBag from /home/airflow/.local/lib/python3.12/site-packages/airflow/example_dags/example_python_decorator.py
[2025-01-19T04:28:28.119+0000] {processor.py:925} INFO - DAG(s) 'example_python_decorator' retrieved from /home/airflow/.local/lib/python3.12/site-packages/airflow/example_dags/example_python_decorator.py
[2025-01-19T04:28:28.280+0000] {logging_mixin.py:190} INFO - [2025-01-19T04:28:28.279+0000] {dag.py:3239} INFO - Sync 1 DAGs
[2025-01-19T04:28:28.388+0000] {logging_mixin.py:190} INFO - [2025-01-19T04:28:28.374+0000] {dag.py:4180} INFO - Setting next_dagrun for example_python_decorator to None, run_after=None
[2025-01-19T04:28:28.476+0000] {processor.py:208} INFO - Processing /home/airflow/.local/lib/python3.12/site-packages/airflow/example_dags/example_python_decorator.py took 0.601 seconds
[2025-01-19T04:28:59.345+0000] {processor.py:186} INFO - Started process (PID=207) to work on /home/airflow/.local/lib/python3.12/site-packages/airflow/example_dags/example_python_decorator.py
[2025-01-19T04:28:59.347+0000] {processor.py:914} INFO - Processing file /home/airflow/.local/lib/python3.12/site-packages/airflow/example_dags/example_python_decorator.py for tasks to queue
[2025-01-19T04:28:59.352+0000] {logging_mixin.py:190} INFO - [2025-01-19T04:28:59.351+0000] {dagbag.py:588} INFO - Filling up the DagBag from /home/airflow/.local/lib/python3.12/site-packages/airflow/example_dags/example_python_decorator.py
[2025-01-19T04:28:59.387+0000] {processor.py:925} INFO - DAG(s) 'example_python_decorator' retrieved from /home/airflow/.local/lib/python3.12/site-packages/airflow/example_dags/example_python_decorator.py
[2025-01-19T04:28:59.441+0000] {logging_mixin.py:190} INFO - [2025-01-19T04:28:59.441+0000] {dag.py:3239} INFO - Sync 1 DAGs
[2025-01-19T04:28:59.486+0000] {logging_mixin.py:190} INFO - [2025-01-19T04:28:59.480+0000] {dag.py:4180} INFO - Setting next_dagrun for example_python_decorator to None, run_after=None
[2025-01-19T04:28:59.544+0000] {processor.py:208} INFO - Processing /home/airflow/.local/lib/python3.12/site-packages/airflow/example_dags/example_python_decorator.py took 0.212 seconds
[2025-01-19T04:29:29.861+0000] {processor.py:186} INFO - Started process (PID=270) to work on /home/airflow/.local/lib/python3.12/site-packages/airflow/example_dags/example_python_decorator.py
[2025-01-19T04:29:29.863+0000] {processor.py:914} INFO - Processing file /home/airflow/.local/lib/python3.12/site-packages/airflow/example_dags/example_python_decorator.py for tasks to queue
[2025-01-19T04:29:29.868+0000] {logging_mixin.py:190} INFO - [2025-01-19T04:29:29.867+0000] {dagbag.py:588} INFO - Filling up the DagBag from /home/airflow/.local/lib/python3.12/site-packages/airflow/example_dags/example_python_decorator.py
[2025-01-19T04:29:29.900+0000] {processor.py:925} INFO - DAG(s) 'example_python_decorator' retrieved from /home/airflow/.local/lib/python3.12/site-packages/airflow/example_dags/example_python_decorator.py
[2025-01-19T04:29:29.955+0000] {logging_mixin.py:190} INFO - [2025-01-19T04:29:29.954+0000] {dag.py:3239} INFO - Sync 1 DAGs
[2025-01-19T04:29:29.985+0000] {logging_mixin.py:190} INFO - [2025-01-19T04:29:29.985+0000] {dag.py:4180} INFO - Setting next_dagrun for example_python_decorator to None, run_after=None
[2025-01-19T04:29:30.048+0000] {processor.py:208} INFO - Processing /home/airflow/.local/lib/python3.12/site-packages/airflow/example_dags/example_python_decorator.py took 0.210 seconds
[2025-01-19T04:30:09.661+0000] {processor.py:186} INFO - Started process (PID=310) to work on /home/airflow/.local/lib/python3.12/site-packages/airflow/example_dags/example_python_decorator.py
[2025-01-19T04:30:09.664+0000] {processor.py:914} INFO - Processing file /home/airflow/.local/lib/python3.12/site-packages/airflow/example_dags/example_python_decorator.py for tasks to queue
[2025-01-19T04:30:09.676+0000] {logging_mixin.py:190} INFO - [2025-01-19T04:30:09.675+0000] {dagbag.py:588} INFO - Filling up the DagBag from /home/airflow/.local/lib/python3.12/site-packages/airflow/example_dags/example_python_decorator.py
[2025-01-19T04:30:09.739+0000] {processor.py:925} INFO - DAG(s) 'example_python_decorator' retrieved from /home/airflow/.local/lib/python3.12/site-packages/airflow/example_dags/example_python_decorator.py
[2025-01-19T04:30:09.798+0000] {logging_mixin.py:190} INFO - [2025-01-19T04:30:09.798+0000] {dag.py:3239} INFO - Sync 1 DAGs
[2025-01-19T04:30:09.842+0000] {logging_mixin.py:190} INFO - [2025-01-19T04:30:09.841+0000] {dag.py:4180} INFO - Setting next_dagrun for example_python_decorator to None, run_after=None
[2025-01-19T04:30:09.895+0000] {processor.py:208} INFO - Processing /home/airflow/.local/lib/python3.12/site-packages/airflow/example_dags/example_python_decorator.py took 0.254 seconds
[2025-01-19T04:30:42.404+0000] {processor.py:186} INFO - Started process (PID=373) to work on /home/airflow/.local/lib/python3.12/site-packages/airflow/example_dags/example_python_decorator.py
[2025-01-19T04:30:42.406+0000] {processor.py:914} INFO - Processing file /home/airflow/.local/lib/python3.12/site-packages/airflow/example_dags/example_python_decorator.py for tasks to queue
[2025-01-19T04:30:42.410+0000] {logging_mixin.py:190} INFO - [2025-01-19T04:30:42.410+0000] {dagbag.py:588} INFO - Filling up the DagBag from /home/airflow/.local/lib/python3.12/site-packages/airflow/example_dags/example_python_decorator.py
[2025-01-19T04:30:42.442+0000] {processor.py:925} INFO - DAG(s) 'example_python_decorator' retrieved from /home/airflow/.local/lib/python3.12/site-packages/airflow/example_dags/example_python_decorator.py
[2025-01-19T04:30:42.483+0000] {logging_mixin.py:190} INFO - [2025-01-19T04:30:42.483+0000] {dag.py:3239} INFO - Sync 1 DAGs
[2025-01-19T04:30:42.517+0000] {logging_mixin.py:190} INFO - [2025-01-19T04:30:42.517+0000] {dag.py:4180} INFO - Setting next_dagrun for example_python_decorator to None, run_after=None
[2025-01-19T04:30:42.556+0000] {processor.py:208} INFO - Processing /home/airflow/.local/lib/python3.12/site-packages/airflow/example_dags/example_python_decorator.py took 0.163 seconds
[2025-01-19T04:31:20.607+0000] {processor.py:186} INFO - Started process (PID=437) to work on /home/airflow/.local/lib/python3.12/site-packages/airflow/example_dags/example_python_decorator.py
[2025-01-19T04:31:20.613+0000] {processor.py:914} INFO - Processing file /home/airflow/.local/lib/python3.12/site-packages/airflow/example_dags/example_python_decorator.py for tasks to queue
[2025-01-19T04:31:20.626+0000] {logging_mixin.py:190} INFO - [2025-01-19T04:31:20.625+0000] {dagbag.py:588} INFO - Filling up the DagBag from /home/airflow/.local/lib/python3.12/site-packages/airflow/example_dags/example_python_decorator.py
[2025-01-19T04:31:20.703+0000] {processor.py:925} INFO - DAG(s) 'example_python_decorator' retrieved from /home/airflow/.local/lib/python3.12/site-packages/airflow/example_dags/example_python_decorator.py
[2025-01-19T04:31:20.861+0000] {logging_mixin.py:190} INFO - [2025-01-19T04:31:20.861+0000] {dag.py:3239} INFO - Sync 1 DAGs
[2025-01-19T04:31:20.935+0000] {logging_mixin.py:190} INFO - [2025-01-19T04:31:20.935+0000] {dag.py:4180} INFO - Setting next_dagrun for example_python_decorator to None, run_after=None
[2025-01-19T04:31:21.053+0000] {processor.py:208} INFO - Processing /home/airflow/.local/lib/python3.12/site-packages/airflow/example_dags/example_python_decorator.py took 0.462 seconds
[2025-01-19T04:31:55.956+0000] {processor.py:186} INFO - Started process (PID=500) to work on /home/airflow/.local/lib/python3.12/site-packages/airflow/example_dags/example_python_decorator.py
[2025-01-19T04:31:55.958+0000] {processor.py:914} INFO - Processing file /home/airflow/.local/lib/python3.12/site-packages/airflow/example_dags/example_python_decorator.py for tasks to queue
[2025-01-19T04:31:55.964+0000] {logging_mixin.py:190} INFO - [2025-01-19T04:31:55.963+0000] {dagbag.py:588} INFO - Filling up the DagBag from /home/airflow/.local/lib/python3.12/site-packages/airflow/example_dags/example_python_decorator.py
[2025-01-19T04:31:56.011+0000] {processor.py:925} INFO - DAG(s) 'example_python_decorator' retrieved from /home/airflow/.local/lib/python3.12/site-packages/airflow/example_dags/example_python_decorator.py
[2025-01-19T04:31:56.087+0000] {logging_mixin.py:190} INFO - [2025-01-19T04:31:56.086+0000] {dag.py:3239} INFO - Sync 1 DAGs
[2025-01-19T04:31:56.192+0000] {logging_mixin.py:190} INFO - [2025-01-19T04:31:56.192+0000] {dag.py:4180} INFO - Setting next_dagrun for example_python_decorator to None, run_after=None
[2025-01-19T04:31:56.276+0000] {processor.py:208} INFO - Processing /home/airflow/.local/lib/python3.12/site-packages/airflow/example_dags/example_python_decorator.py took 0.336 seconds
[2025-01-19T04:32:28.534+0000] {processor.py:186} INFO - Started process (PID=563) to work on /home/airflow/.local/lib/python3.12/site-packages/airflow/example_dags/example_python_decorator.py
[2025-01-19T04:32:28.536+0000] {processor.py:914} INFO - Processing file /home/airflow/.local/lib/python3.12/site-packages/airflow/example_dags/example_python_decorator.py for tasks to queue
[2025-01-19T04:32:28.542+0000] {logging_mixin.py:190} INFO - [2025-01-19T04:32:28.542+0000] {dagbag.py:588} INFO - Filling up the DagBag from /home/airflow/.local/lib/python3.12/site-packages/airflow/example_dags/example_python_decorator.py
[2025-01-19T04:32:28.601+0000] {processor.py:925} INFO - DAG(s) 'example_python_decorator' retrieved from /home/airflow/.local/lib/python3.12/site-packages/airflow/example_dags/example_python_decorator.py
[2025-01-19T04:32:28.668+0000] {logging_mixin.py:190} INFO - [2025-01-19T04:32:28.668+0000] {dag.py:3239} INFO - Sync 1 DAGs
[2025-01-19T04:32:28.724+0000] {logging_mixin.py:190} INFO - [2025-01-19T04:32:28.724+0000] {dag.py:4180} INFO - Setting next_dagrun for example_python_decorator to None, run_after=None
[2025-01-19T04:32:28.791+0000] {processor.py:208} INFO - Processing /home/airflow/.local/lib/python3.12/site-packages/airflow/example_dags/example_python_decorator.py took 0.274 seconds
[2025-01-19T04:33:03.013+0000] {processor.py:186} INFO - Started process (PID=626) to work on /home/airflow/.local/lib/python3.12/site-packages/airflow/example_dags/example_python_decorator.py
[2025-01-19T04:33:03.016+0000] {processor.py:914} INFO - Processing file /home/airflow/.local/lib/python3.12/site-packages/airflow/example_dags/example_python_decorator.py for tasks to queue
[2025-01-19T04:33:03.022+0000] {logging_mixin.py:190} INFO - [2025-01-19T04:33:03.021+0000] {dagbag.py:588} INFO - Filling up the DagBag from /home/airflow/.local/lib/python3.12/site-packages/airflow/example_dags/example_python_decorator.py
[2025-01-19T04:33:03.065+0000] {processor.py:925} INFO - DAG(s) 'example_python_decorator' retrieved from /home/airflow/.local/lib/python3.12/site-packages/airflow/example_dags/example_python_decorator.py
[2025-01-19T04:33:03.174+0000] {logging_mixin.py:190} INFO - [2025-01-19T04:33:03.173+0000] {dag.py:3239} INFO - Sync 1 DAGs
[2025-01-19T04:33:03.247+0000] {logging_mixin.py:190} INFO - [2025-01-19T04:33:03.246+0000] {dag.py:4180} INFO - Setting next_dagrun for example_python_decorator to None, run_after=None
[2025-01-19T04:33:03.373+0000] {processor.py:208} INFO - Processing /home/airflow/.local/lib/python3.12/site-packages/airflow/example_dags/example_python_decorator.py took 0.373 seconds
[2025-01-19T04:33:34.071+0000] {processor.py:186} INFO - Started process (PID=689) to work on /home/airflow/.local/lib/python3.12/site-packages/airflow/example_dags/example_python_decorator.py
[2025-01-19T04:33:34.075+0000] {processor.py:914} INFO - Processing file /home/airflow/.local/lib/python3.12/site-packages/airflow/example_dags/example_python_decorator.py for tasks to queue
[2025-01-19T04:33:34.079+0000] {logging_mixin.py:190} INFO - [2025-01-19T04:33:34.079+0000] {dagbag.py:588} INFO - Filling up the DagBag from /home/airflow/.local/lib/python3.12/site-packages/airflow/example_dags/example_python_decorator.py
[2025-01-19T04:33:34.114+0000] {processor.py:925} INFO - DAG(s) 'example_python_decorator' retrieved from /home/airflow/.local/lib/python3.12/site-packages/airflow/example_dags/example_python_decorator.py
[2025-01-19T04:33:34.171+0000] {logging_mixin.py:190} INFO - [2025-01-19T04:33:34.170+0000] {dag.py:3239} INFO - Sync 1 DAGs
[2025-01-19T04:33:34.207+0000] {logging_mixin.py:190} INFO - [2025-01-19T04:33:34.206+0000] {dag.py:4180} INFO - Setting next_dagrun for example_python_decorator to None, run_after=None
[2025-01-19T04:33:34.259+0000] {processor.py:208} INFO - Processing /home/airflow/.local/lib/python3.12/site-packages/airflow/example_dags/example_python_decorator.py took 0.206 seconds
[2025-01-19T04:34:05.508+0000] {processor.py:186} INFO - Started process (PID=752) to work on /home/airflow/.local/lib/python3.12/site-packages/airflow/example_dags/example_python_decorator.py
[2025-01-19T04:34:05.523+0000] {processor.py:914} INFO - Processing file /home/airflow/.local/lib/python3.12/site-packages/airflow/example_dags/example_python_decorator.py for tasks to queue
[2025-01-19T04:34:05.529+0000] {logging_mixin.py:190} INFO - [2025-01-19T04:34:05.528+0000] {dagbag.py:588} INFO - Filling up the DagBag from /home/airflow/.local/lib/python3.12/site-packages/airflow/example_dags/example_python_decorator.py
[2025-01-19T04:34:05.624+0000] {processor.py:925} INFO - DAG(s) 'example_python_decorator' retrieved from /home/airflow/.local/lib/python3.12/site-packages/airflow/example_dags/example_python_decorator.py
[2025-01-19T04:34:05.745+0000] {logging_mixin.py:190} INFO - [2025-01-19T04:34:05.745+0000] {dag.py:3239} INFO - Sync 1 DAGs
[2025-01-19T04:34:05.817+0000] {logging_mixin.py:190} INFO - [2025-01-19T04:34:05.817+0000] {dag.py:4180} INFO - Setting next_dagrun for example_python_decorator to None, run_after=None
[2025-01-19T04:34:05.902+0000] {processor.py:208} INFO - Processing /home/airflow/.local/lib/python3.12/site-packages/airflow/example_dags/example_python_decorator.py took 0.435 seconds
[2025-01-19T04:34:36.601+0000] {processor.py:186} INFO - Started process (PID=816) to work on /home/airflow/.local/lib/python3.12/site-packages/airflow/example_dags/example_python_decorator.py
[2025-01-19T04:34:36.604+0000] {processor.py:914} INFO - Processing file /home/airflow/.local/lib/python3.12/site-packages/airflow/example_dags/example_python_decorator.py for tasks to queue
[2025-01-19T04:34:36.610+0000] {logging_mixin.py:190} INFO - [2025-01-19T04:34:36.609+0000] {dagbag.py:588} INFO - Filling up the DagBag from /home/airflow/.local/lib/python3.12/site-packages/airflow/example_dags/example_python_decorator.py
[2025-01-19T04:34:36.662+0000] {processor.py:925} INFO - DAG(s) 'example_python_decorator' retrieved from /home/airflow/.local/lib/python3.12/site-packages/airflow/example_dags/example_python_decorator.py
[2025-01-19T04:34:36.737+0000] {logging_mixin.py:190} INFO - [2025-01-19T04:34:36.736+0000] {dag.py:3239} INFO - Sync 1 DAGs
[2025-01-19T04:34:36.772+0000] {logging_mixin.py:190} INFO - [2025-01-19T04:34:36.772+0000] {dag.py:4180} INFO - Setting next_dagrun for example_python_decorator to None, run_after=None
[2025-01-19T04:34:36.819+0000] {processor.py:208} INFO - Processing /home/airflow/.local/lib/python3.12/site-packages/airflow/example_dags/example_python_decorator.py took 0.235 seconds
[2025-01-19T04:35:18.069+0000] {processor.py:186} INFO - Started process (PID=883) to work on /home/airflow/.local/lib/python3.12/site-packages/airflow/example_dags/example_python_decorator.py
[2025-01-19T04:35:18.082+0000] {processor.py:914} INFO - Processing file /home/airflow/.local/lib/python3.12/site-packages/airflow/example_dags/example_python_decorator.py for tasks to queue
[2025-01-19T04:35:18.111+0000] {logging_mixin.py:190} INFO - [2025-01-19T04:35:18.110+0000] {dagbag.py:588} INFO - Filling up the DagBag from /home/airflow/.local/lib/python3.12/site-packages/airflow/example_dags/example_python_decorator.py
[2025-01-19T04:35:18.173+0000] {processor.py:925} INFO - DAG(s) 'example_python_decorator' retrieved from /home/airflow/.local/lib/python3.12/site-packages/airflow/example_dags/example_python_decorator.py
[2025-01-19T04:35:18.224+0000] {logging_mixin.py:190} INFO - [2025-01-19T04:35:18.223+0000] {dag.py:3239} INFO - Sync 1 DAGs
[2025-01-19T04:35:18.342+0000] {logging_mixin.py:190} INFO - [2025-01-19T04:35:18.341+0000] {dag.py:4180} INFO - Setting next_dagrun for example_python_decorator to None, run_after=None
[2025-01-19T04:35:18.095+0000] {processor.py:208} INFO - Processing /home/airflow/.local/lib/python3.12/site-packages/airflow/example_dags/example_python_decorator.py took 1.685 seconds
[2025-01-19T04:35:49.861+0000] {processor.py:186} INFO - Started process (PID=946) to work on /home/airflow/.local/lib/python3.12/site-packages/airflow/example_dags/example_python_decorator.py
[2025-01-19T04:35:49.866+0000] {processor.py:914} INFO - Processing file /home/airflow/.local/lib/python3.12/site-packages/airflow/example_dags/example_python_decorator.py for tasks to queue
[2025-01-19T04:35:49.876+0000] {logging_mixin.py:190} INFO - [2025-01-19T04:35:49.875+0000] {dagbag.py:588} INFO - Filling up the DagBag from /home/airflow/.local/lib/python3.12/site-packages/airflow/example_dags/example_python_decorator.py
[2025-01-19T04:35:49.946+0000] {processor.py:925} INFO - DAG(s) 'example_python_decorator' retrieved from /home/airflow/.local/lib/python3.12/site-packages/airflow/example_dags/example_python_decorator.py
[2025-01-19T04:35:50.040+0000] {logging_mixin.py:190} INFO - [2025-01-19T04:35:50.039+0000] {dag.py:3239} INFO - Sync 1 DAGs
[2025-01-19T04:35:50.090+0000] {logging_mixin.py:190} INFO - [2025-01-19T04:35:50.089+0000] {dag.py:4180} INFO - Setting next_dagrun for example_python_decorator to None, run_after=None
[2025-01-19T04:35:50.142+0000] {processor.py:208} INFO - Processing /home/airflow/.local/lib/python3.12/site-packages/airflow/example_dags/example_python_decorator.py took 0.304 seconds
[2025-01-19T04:36:21.839+0000] {processor.py:186} INFO - Started process (PID=1008) to work on /home/airflow/.local/lib/python3.12/site-packages/airflow/example_dags/example_python_decorator.py
[2025-01-19T04:36:21.841+0000] {processor.py:914} INFO - Processing file /home/airflow/.local/lib/python3.12/site-packages/airflow/example_dags/example_python_decorator.py for tasks to queue
[2025-01-19T04:36:21.848+0000] {logging_mixin.py:190} INFO - [2025-01-19T04:36:21.847+0000] {dagbag.py:588} INFO - Filling up the DagBag from /home/airflow/.local/lib/python3.12/site-packages/airflow/example_dags/example_python_decorator.py
[2025-01-19T04:36:21.899+0000] {processor.py:925} INFO - DAG(s) 'example_python_decorator' retrieved from /home/airflow/.local/lib/python3.12/site-packages/airflow/example_dags/example_python_decorator.py
[2025-01-19T04:36:21.958+0000] {logging_mixin.py:190} INFO - [2025-01-19T04:36:21.958+0000] {dag.py:3239} INFO - Sync 1 DAGs
[2025-01-19T04:36:22.016+0000] {logging_mixin.py:190} INFO - [2025-01-19T04:36:22.015+0000] {dag.py:4180} INFO - Setting next_dagrun for example_python_decorator to None, run_after=None
[2025-01-19T04:36:22.086+0000] {processor.py:208} INFO - Processing /home/airflow/.local/lib/python3.12/site-packages/airflow/example_dags/example_python_decorator.py took 0.263 seconds
[2025-01-19T04:41:08.827+0000] {processor.py:186} INFO - Started process (PID=1084) to work on /home/airflow/.local/lib/python3.12/site-packages/airflow/example_dags/example_python_decorator.py
[2025-01-19T04:41:08.832+0000] {processor.py:914} INFO - Processing file /home/airflow/.local/lib/python3.12/site-packages/airflow/example_dags/example_python_decorator.py for tasks to queue
[2025-01-19T04:41:08.841+0000] {logging_mixin.py:190} INFO - [2025-01-19T04:41:08.840+0000] {dagbag.py:588} INFO - Filling up the DagBag from /home/airflow/.local/lib/python3.12/site-packages/airflow/example_dags/example_python_decorator.py
[2025-01-19T04:41:08.930+0000] {processor.py:925} INFO - DAG(s) 'example_python_decorator' retrieved from /home/airflow/.local/lib/python3.12/site-packages/airflow/example_dags/example_python_decorator.py
[2025-01-19T04:41:09.036+0000] {logging_mixin.py:190} INFO - [2025-01-19T04:41:09.035+0000] {dag.py:3239} INFO - Sync 1 DAGs
[2025-01-19T04:41:09.095+0000] {logging_mixin.py:190} INFO - [2025-01-19T04:41:09.095+0000] {dag.py:4180} INFO - Setting next_dagrun for example_python_decorator to None, run_after=None
[2025-01-19T04:41:09.208+0000] {processor.py:208} INFO - Processing /home/airflow/.local/lib/python3.12/site-packages/airflow/example_dags/example_python_decorator.py took 0.418 seconds
[2025-01-19T04:41:47.623+0000] {processor.py:186} INFO - Started process (PID=1144) to work on /home/airflow/.local/lib/python3.12/site-packages/airflow/example_dags/example_python_decorator.py
[2025-01-19T04:41:47.627+0000] {processor.py:914} INFO - Processing file /home/airflow/.local/lib/python3.12/site-packages/airflow/example_dags/example_python_decorator.py for tasks to queue
[2025-01-19T04:41:47.643+0000] {logging_mixin.py:190} INFO - [2025-01-19T04:41:47.642+0000] {dagbag.py:588} INFO - Filling up the DagBag from /home/airflow/.local/lib/python3.12/site-packages/airflow/example_dags/example_python_decorator.py
[2025-01-19T04:41:47.846+0000] {processor.py:925} INFO - DAG(s) 'example_python_decorator' retrieved from /home/airflow/.local/lib/python3.12/site-packages/airflow/example_dags/example_python_decorator.py
[2025-01-19T04:41:47.994+0000] {logging_mixin.py:190} INFO - [2025-01-19T04:41:47.993+0000] {dag.py:3239} INFO - Sync 1 DAGs
[2025-01-19T04:41:48.066+0000] {logging_mixin.py:190} INFO - [2025-01-19T04:41:48.065+0000] {dag.py:4180} INFO - Setting next_dagrun for example_python_decorator to None, run_after=None
[2025-01-19T04:41:48.160+0000] {processor.py:208} INFO - Processing /home/airflow/.local/lib/python3.12/site-packages/airflow/example_dags/example_python_decorator.py took 0.578 seconds
