[2025-01-19T04:13:25.004+0000] {processor.py:186} INFO - Started process (PID=493) to work on /home/airflow/.local/lib/python3.12/site-packages/airflow/example_dags/example_external_task_marker_dag.py
[2025-01-19T04:13:25.013+0000] {processor.py:914} INFO - Processing file /home/airflow/.local/lib/python3.12/site-packages/airflow/example_dags/example_external_task_marker_dag.py for tasks to queue
[2025-01-19T04:13:25.021+0000] {logging_mixin.py:190} INFO - [2025-01-19T04:13:25.020+0000] {dagbag.py:588} INFO - Filling up the DagBag from /home/airflow/.local/lib/python3.12/site-packages/airflow/example_dags/example_external_task_marker_dag.py
[2025-01-19T04:13:25.048+0000] {processor.py:925} INFO - DAG(s) 'example_external_task_marker_child', 'example_external_task_marker_parent' retrieved from /home/airflow/.local/lib/python3.12/site-packages/airflow/example_dags/example_external_task_marker_dag.py
[2025-01-19T04:13:25.127+0000] {logging_mixin.py:190} INFO - [2025-01-19T04:13:25.126+0000] {dag.py:3239} INFO - Sync 2 DAGs
[2025-01-19T04:13:25.209+0000] {logging_mixin.py:190} INFO - [2025-01-19T04:13:25.208+0000] {dag.py:4180} INFO - Setting next_dagrun for example_external_task_marker_child to None, run_after=None
[2025-01-19T04:13:25.230+0000] {logging_mixin.py:190} INFO - [2025-01-19T04:13:25.230+0000] {dag.py:4180} INFO - Setting next_dagrun for example_external_task_marker_parent to None, run_after=None
[2025-01-19T04:13:25.291+0000] {processor.py:208} INFO - Processing /home/airflow/.local/lib/python3.12/site-packages/airflow/example_dags/example_external_task_marker_dag.py took 0.305 seconds
[2025-01-19T04:13:59.854+0000] {processor.py:186} INFO - Started process (PID=556) to work on /home/airflow/.local/lib/python3.12/site-packages/airflow/example_dags/example_external_task_marker_dag.py
[2025-01-19T04:13:59.857+0000] {processor.py:914} INFO - Processing file /home/airflow/.local/lib/python3.12/site-packages/airflow/example_dags/example_external_task_marker_dag.py for tasks to queue
[2025-01-19T04:13:59.879+0000] {logging_mixin.py:190} INFO - [2025-01-19T04:13:59.878+0000] {dagbag.py:588} INFO - Filling up the DagBag from /home/airflow/.local/lib/python3.12/site-packages/airflow/example_dags/example_external_task_marker_dag.py
[2025-01-19T04:13:59.910+0000] {processor.py:925} INFO - DAG(s) 'example_external_task_marker_parent', 'example_external_task_marker_child' retrieved from /home/airflow/.local/lib/python3.12/site-packages/airflow/example_dags/example_external_task_marker_dag.py
[2025-01-19T04:13:59.999+0000] {logging_mixin.py:190} INFO - [2025-01-19T04:13:59.998+0000] {dag.py:3239} INFO - Sync 2 DAGs
[2025-01-19T04:14:00.059+0000] {logging_mixin.py:190} INFO - [2025-01-19T04:14:00.058+0000] {dag.py:4180} INFO - Setting next_dagrun for example_external_task_marker_child to None, run_after=None
[2025-01-19T04:14:00.074+0000] {logging_mixin.py:190} INFO - [2025-01-19T04:14:00.073+0000] {dag.py:4180} INFO - Setting next_dagrun for example_external_task_marker_parent to None, run_after=None
[2025-01-19T04:14:00.154+0000] {processor.py:208} INFO - Processing /home/airflow/.local/lib/python3.12/site-packages/airflow/example_dags/example_external_task_marker_dag.py took 0.323 seconds
[2025-01-19T04:15:15.247+0000] {processor.py:186} INFO - Started process (PID=625) to work on /home/airflow/.local/lib/python3.12/site-packages/airflow/example_dags/example_external_task_marker_dag.py
[2025-01-19T04:15:13.599+0000] {processor.py:914} INFO - Processing file /home/airflow/.local/lib/python3.12/site-packages/airflow/example_dags/example_external_task_marker_dag.py for tasks to queue
[2025-01-19T04:15:13.607+0000] {logging_mixin.py:190} INFO - [2025-01-19T04:15:13.605+0000] {dagbag.py:588} INFO - Filling up the DagBag from /home/airflow/.local/lib/python3.12/site-packages/airflow/example_dags/example_external_task_marker_dag.py
[2025-01-19T04:15:13.659+0000] {processor.py:925} INFO - DAG(s) 'example_external_task_marker_child', 'example_external_task_marker_parent' retrieved from /home/airflow/.local/lib/python3.12/site-packages/airflow/example_dags/example_external_task_marker_dag.py
[2025-01-19T04:15:14.030+0000] {logging_mixin.py:190} INFO - [2025-01-19T04:15:14.029+0000] {dag.py:3239} INFO - Sync 2 DAGs
[2025-01-19T04:15:14.119+0000] {logging_mixin.py:190} INFO - [2025-01-19T04:15:14.118+0000] {dag.py:4180} INFO - Setting next_dagrun for example_external_task_marker_child to None, run_after=None
[2025-01-19T04:15:14.130+0000] {logging_mixin.py:190} INFO - [2025-01-19T04:15:14.130+0000] {dag.py:4180} INFO - Setting next_dagrun for example_external_task_marker_parent to None, run_after=None
[2025-01-19T04:15:14.181+0000] {processor.py:208} INFO - Processing /home/airflow/.local/lib/python3.12/site-packages/airflow/example_dags/example_external_task_marker_dag.py took 0.608 seconds
[2025-01-19T04:18:40.985+0000] {processor.py:186} INFO - Started process (PID=730) to work on /home/airflow/.local/lib/python3.12/site-packages/airflow/example_dags/example_external_task_marker_dag.py
[2025-01-19T04:18:40.988+0000] {processor.py:914} INFO - Processing file /home/airflow/.local/lib/python3.12/site-packages/airflow/example_dags/example_external_task_marker_dag.py for tasks to queue
[2025-01-19T04:18:40.993+0000] {logging_mixin.py:190} INFO - [2025-01-19T04:18:40.992+0000] {dagbag.py:588} INFO - Filling up the DagBag from /home/airflow/.local/lib/python3.12/site-packages/airflow/example_dags/example_external_task_marker_dag.py
[2025-01-19T04:18:41.030+0000] {processor.py:925} INFO - DAG(s) 'example_external_task_marker_child', 'example_external_task_marker_parent' retrieved from /home/airflow/.local/lib/python3.12/site-packages/airflow/example_dags/example_external_task_marker_dag.py
[2025-01-19T04:18:41.122+0000] {logging_mixin.py:190} INFO - [2025-01-19T04:18:41.122+0000] {dag.py:3239} INFO - Sync 2 DAGs
[2025-01-19T04:18:41.180+0000] {logging_mixin.py:190} INFO - [2025-01-19T04:18:41.180+0000] {dag.py:4180} INFO - Setting next_dagrun for example_external_task_marker_child to None, run_after=None
[2025-01-19T04:18:41.198+0000] {logging_mixin.py:190} INFO - [2025-01-19T04:18:41.198+0000] {dag.py:4180} INFO - Setting next_dagrun for example_external_task_marker_parent to None, run_after=None
[2025-01-19T04:18:41.284+0000] {processor.py:208} INFO - Processing /home/airflow/.local/lib/python3.12/site-packages/airflow/example_dags/example_external_task_marker_dag.py took 0.316 seconds
[2025-01-19T04:19:11.867+0000] {processor.py:186} INFO - Started process (PID=793) to work on /home/airflow/.local/lib/python3.12/site-packages/airflow/example_dags/example_external_task_marker_dag.py
[2025-01-19T04:19:11.868+0000] {processor.py:914} INFO - Processing file /home/airflow/.local/lib/python3.12/site-packages/airflow/example_dags/example_external_task_marker_dag.py for tasks to queue
[2025-01-19T04:19:11.871+0000] {logging_mixin.py:190} INFO - [2025-01-19T04:19:11.870+0000] {dagbag.py:588} INFO - Filling up the DagBag from /home/airflow/.local/lib/python3.12/site-packages/airflow/example_dags/example_external_task_marker_dag.py
[2025-01-19T04:19:11.887+0000] {processor.py:925} INFO - DAG(s) 'example_external_task_marker_parent', 'example_external_task_marker_child' retrieved from /home/airflow/.local/lib/python3.12/site-packages/airflow/example_dags/example_external_task_marker_dag.py
[2025-01-19T04:19:11.936+0000] {logging_mixin.py:190} INFO - [2025-01-19T04:19:11.935+0000] {dag.py:3239} INFO - Sync 2 DAGs
[2025-01-19T04:19:11.973+0000] {logging_mixin.py:190} INFO - [2025-01-19T04:19:11.972+0000] {dag.py:4180} INFO - Setting next_dagrun for example_external_task_marker_child to None, run_after=None
[2025-01-19T04:19:11.981+0000] {logging_mixin.py:190} INFO - [2025-01-19T04:19:11.981+0000] {dag.py:4180} INFO - Setting next_dagrun for example_external_task_marker_parent to None, run_after=None
[2025-01-19T04:19:12.020+0000] {processor.py:208} INFO - Processing /home/airflow/.local/lib/python3.12/site-packages/airflow/example_dags/example_external_task_marker_dag.py took 0.163 seconds
[2025-01-19T04:19:46.809+0000] {processor.py:186} INFO - Started process (PID=856) to work on /home/airflow/.local/lib/python3.12/site-packages/airflow/example_dags/example_external_task_marker_dag.py
[2025-01-19T04:19:46.812+0000] {processor.py:914} INFO - Processing file /home/airflow/.local/lib/python3.12/site-packages/airflow/example_dags/example_external_task_marker_dag.py for tasks to queue
[2025-01-19T04:19:46.820+0000] {logging_mixin.py:190} INFO - [2025-01-19T04:19:46.819+0000] {dagbag.py:588} INFO - Filling up the DagBag from /home/airflow/.local/lib/python3.12/site-packages/airflow/example_dags/example_external_task_marker_dag.py
[2025-01-19T04:19:46.842+0000] {processor.py:925} INFO - DAG(s) 'example_external_task_marker_child', 'example_external_task_marker_parent' retrieved from /home/airflow/.local/lib/python3.12/site-packages/airflow/example_dags/example_external_task_marker_dag.py
[2025-01-19T04:19:46.905+0000] {logging_mixin.py:190} INFO - [2025-01-19T04:19:46.905+0000] {dag.py:3239} INFO - Sync 2 DAGs
[2025-01-19T04:19:46.948+0000] {logging_mixin.py:190} INFO - [2025-01-19T04:19:46.947+0000] {dag.py:4180} INFO - Setting next_dagrun for example_external_task_marker_child to None, run_after=None
[2025-01-19T04:19:46.961+0000] {logging_mixin.py:190} INFO - [2025-01-19T04:19:46.960+0000] {dag.py:4180} INFO - Setting next_dagrun for example_external_task_marker_parent to None, run_after=None
[2025-01-19T04:19:47.013+0000] {processor.py:208} INFO - Processing /home/airflow/.local/lib/python3.12/site-packages/airflow/example_dags/example_external_task_marker_dag.py took 0.220 seconds
[2025-01-19T04:20:17.552+0000] {processor.py:186} INFO - Started process (PID=918) to work on /home/airflow/.local/lib/python3.12/site-packages/airflow/example_dags/example_external_task_marker_dag.py
[2025-01-19T04:20:17.554+0000] {processor.py:914} INFO - Processing file /home/airflow/.local/lib/python3.12/site-packages/airflow/example_dags/example_external_task_marker_dag.py for tasks to queue
[2025-01-19T04:20:17.557+0000] {logging_mixin.py:190} INFO - [2025-01-19T04:20:17.556+0000] {dagbag.py:588} INFO - Filling up the DagBag from /home/airflow/.local/lib/python3.12/site-packages/airflow/example_dags/example_external_task_marker_dag.py
[2025-01-19T04:20:17.581+0000] {processor.py:925} INFO - DAG(s) 'example_external_task_marker_parent', 'example_external_task_marker_child' retrieved from /home/airflow/.local/lib/python3.12/site-packages/airflow/example_dags/example_external_task_marker_dag.py
[2025-01-19T04:20:17.638+0000] {logging_mixin.py:190} INFO - [2025-01-19T04:20:17.637+0000] {dag.py:3239} INFO - Sync 2 DAGs
[2025-01-19T04:20:17.680+0000] {logging_mixin.py:190} INFO - [2025-01-19T04:20:17.679+0000] {dag.py:4180} INFO - Setting next_dagrun for example_external_task_marker_child to None, run_after=None
[2025-01-19T04:20:17.689+0000] {logging_mixin.py:190} INFO - [2025-01-19T04:20:17.688+0000] {dag.py:4180} INFO - Setting next_dagrun for example_external_task_marker_parent to None, run_after=None
[2025-01-19T04:20:17.726+0000] {processor.py:208} INFO - Processing /home/airflow/.local/lib/python3.12/site-packages/airflow/example_dags/example_external_task_marker_dag.py took 0.186 seconds
[2025-01-19T04:20:55.214+0000] {processor.py:186} INFO - Started process (PID=981) to work on /home/airflow/.local/lib/python3.12/site-packages/airflow/example_dags/example_external_task_marker_dag.py
[2025-01-19T04:20:55.217+0000] {processor.py:914} INFO - Processing file /home/airflow/.local/lib/python3.12/site-packages/airflow/example_dags/example_external_task_marker_dag.py for tasks to queue
[2025-01-19T04:20:55.220+0000] {logging_mixin.py:190} INFO - [2025-01-19T04:20:55.219+0000] {dagbag.py:588} INFO - Filling up the DagBag from /home/airflow/.local/lib/python3.12/site-packages/airflow/example_dags/example_external_task_marker_dag.py
[2025-01-19T04:20:55.262+0000] {processor.py:925} INFO - DAG(s) 'example_external_task_marker_parent', 'example_external_task_marker_child' retrieved from /home/airflow/.local/lib/python3.12/site-packages/airflow/example_dags/example_external_task_marker_dag.py
[2025-01-19T04:20:55.369+0000] {logging_mixin.py:190} INFO - [2025-01-19T04:20:55.368+0000] {dag.py:3239} INFO - Sync 2 DAGs
[2025-01-19T04:20:55.475+0000] {logging_mixin.py:190} INFO - [2025-01-19T04:20:55.474+0000] {dag.py:4180} INFO - Setting next_dagrun for example_external_task_marker_child to None, run_after=None
[2025-01-19T04:20:55.499+0000] {logging_mixin.py:190} INFO - [2025-01-19T04:20:55.498+0000] {dag.py:4180} INFO - Setting next_dagrun for example_external_task_marker_parent to None, run_after=None
[2025-01-19T04:20:55.597+0000] {processor.py:208} INFO - Processing /home/airflow/.local/lib/python3.12/site-packages/airflow/example_dags/example_external_task_marker_dag.py took 0.404 seconds
[2025-01-19T04:21:34.335+0000] {processor.py:186} INFO - Started process (PID=1055) to work on /home/airflow/.local/lib/python3.12/site-packages/airflow/example_dags/example_external_task_marker_dag.py
[2025-01-19T04:21:34.340+0000] {processor.py:914} INFO - Processing file /home/airflow/.local/lib/python3.12/site-packages/airflow/example_dags/example_external_task_marker_dag.py for tasks to queue
[2025-01-19T04:21:34.343+0000] {logging_mixin.py:190} INFO - [2025-01-19T04:21:34.342+0000] {dagbag.py:588} INFO - Filling up the DagBag from /home/airflow/.local/lib/python3.12/site-packages/airflow/example_dags/example_external_task_marker_dag.py
[2025-01-19T04:21:34.368+0000] {processor.py:925} INFO - DAG(s) 'example_external_task_marker_parent', 'example_external_task_marker_child' retrieved from /home/airflow/.local/lib/python3.12/site-packages/airflow/example_dags/example_external_task_marker_dag.py
[2025-01-19T04:21:34.438+0000] {logging_mixin.py:190} INFO - [2025-01-19T04:21:34.437+0000] {dag.py:3239} INFO - Sync 2 DAGs
[2025-01-19T04:21:34.489+0000] {logging_mixin.py:190} INFO - [2025-01-19T04:21:34.489+0000] {dag.py:4180} INFO - Setting next_dagrun for example_external_task_marker_child to None, run_after=None
[2025-01-19T04:21:34.503+0000] {logging_mixin.py:190} INFO - [2025-01-19T04:21:34.502+0000] {dag.py:4180} INFO - Setting next_dagrun for example_external_task_marker_parent to None, run_after=None
[2025-01-19T04:21:34.559+0000] {processor.py:208} INFO - Processing /home/airflow/.local/lib/python3.12/site-packages/airflow/example_dags/example_external_task_marker_dag.py took 0.244 seconds
[2025-01-19T04:28:13.746+0000] {processor.py:186} INFO - Started process (PID=107) to work on /home/airflow/.local/lib/python3.12/site-packages/airflow/example_dags/example_external_task_marker_dag.py
[2025-01-19T04:28:13.749+0000] {processor.py:914} INFO - Processing file /home/airflow/.local/lib/python3.12/site-packages/airflow/example_dags/example_external_task_marker_dag.py for tasks to queue
[2025-01-19T04:28:13.754+0000] {logging_mixin.py:190} INFO - [2025-01-19T04:28:13.753+0000] {dagbag.py:588} INFO - Filling up the DagBag from /home/airflow/.local/lib/python3.12/site-packages/airflow/example_dags/example_external_task_marker_dag.py
[2025-01-19T04:28:13.770+0000] {processor.py:925} INFO - DAG(s) 'example_external_task_marker_child', 'example_external_task_marker_parent' retrieved from /home/airflow/.local/lib/python3.12/site-packages/airflow/example_dags/example_external_task_marker_dag.py
[2025-01-19T04:28:14.025+0000] {logging_mixin.py:190} INFO - [2025-01-19T04:28:14.024+0000] {override.py:1911} INFO - Created Permission View: can delete on DAG:example_external_task_marker_child
[2025-01-19T04:28:14.045+0000] {logging_mixin.py:190} INFO - [2025-01-19T04:28:14.044+0000] {override.py:1911} INFO - Created Permission View: can edit on DAG:example_external_task_marker_child
[2025-01-19T04:28:14.061+0000] {logging_mixin.py:190} INFO - [2025-01-19T04:28:14.061+0000] {override.py:1911} INFO - Created Permission View: can read on DAG:example_external_task_marker_child
[2025-01-19T04:28:14.078+0000] {logging_mixin.py:190} INFO - [2025-01-19T04:28:14.077+0000] {override.py:1911} INFO - Created Permission View: can create on DAG Run:example_external_task_marker_child
[2025-01-19T04:28:14.092+0000] {logging_mixin.py:190} INFO - [2025-01-19T04:28:14.091+0000] {override.py:1911} INFO - Created Permission View: menu access on DAG Run:example_external_task_marker_child
[2025-01-19T04:28:14.110+0000] {logging_mixin.py:190} INFO - [2025-01-19T04:28:14.109+0000] {override.py:1911} INFO - Created Permission View: can delete on DAG Run:example_external_task_marker_child
[2025-01-19T04:28:14.126+0000] {logging_mixin.py:190} INFO - [2025-01-19T04:28:14.125+0000] {override.py:1911} INFO - Created Permission View: can read on DAG Run:example_external_task_marker_child
[2025-01-19T04:28:14.168+0000] {logging_mixin.py:190} INFO - [2025-01-19T04:28:14.167+0000] {override.py:1911} INFO - Created Permission View: can delete on DAG:example_external_task_marker_parent
[2025-01-19T04:28:14.214+0000] {logging_mixin.py:190} INFO - [2025-01-19T04:28:14.213+0000] {override.py:1911} INFO - Created Permission View: can edit on DAG:example_external_task_marker_parent
[2025-01-19T04:28:14.236+0000] {logging_mixin.py:190} INFO - [2025-01-19T04:28:14.235+0000] {override.py:1911} INFO - Created Permission View: can read on DAG:example_external_task_marker_parent
[2025-01-19T04:28:14.258+0000] {logging_mixin.py:190} INFO - [2025-01-19T04:28:14.257+0000] {override.py:1911} INFO - Created Permission View: can create on DAG Run:example_external_task_marker_parent
[2025-01-19T04:28:14.291+0000] {logging_mixin.py:190} INFO - [2025-01-19T04:28:14.290+0000] {override.py:1911} INFO - Created Permission View: menu access on DAG Run:example_external_task_marker_parent
[2025-01-19T04:28:14.321+0000] {logging_mixin.py:190} INFO - [2025-01-19T04:28:14.320+0000] {override.py:1911} INFO - Created Permission View: can delete on DAG Run:example_external_task_marker_parent
[2025-01-19T04:28:14.355+0000] {logging_mixin.py:190} INFO - [2025-01-19T04:28:14.354+0000] {override.py:1911} INFO - Created Permission View: can read on DAG Run:example_external_task_marker_parent
[2025-01-19T04:28:14.356+0000] {logging_mixin.py:190} INFO - [2025-01-19T04:28:14.356+0000] {dag.py:3239} INFO - Sync 2 DAGs
[2025-01-19T04:28:14.423+0000] {logging_mixin.py:190} INFO - [2025-01-19T04:28:14.422+0000] {dag.py:3262} INFO - Creating ORM DAG for example_external_task_marker_parent
[2025-01-19T04:28:14.430+0000] {logging_mixin.py:190} INFO - [2025-01-19T04:28:14.430+0000] {dag.py:3262} INFO - Creating ORM DAG for example_external_task_marker_child
[2025-01-19T04:28:14.435+0000] {logging_mixin.py:190} INFO - [2025-01-19T04:28:14.434+0000] {dag.py:4180} INFO - Setting next_dagrun for example_external_task_marker_child to None, run_after=None
[2025-01-19T04:28:14.437+0000] {logging_mixin.py:190} INFO - [2025-01-19T04:28:14.437+0000] {dag.py:4180} INFO - Setting next_dagrun for example_external_task_marker_parent to None, run_after=None
[2025-01-19T04:28:14.512+0000] {processor.py:208} INFO - Processing /home/airflow/.local/lib/python3.12/site-packages/airflow/example_dags/example_external_task_marker_dag.py took 0.781 seconds
[2025-01-19T04:28:45.209+0000] {processor.py:186} INFO - Started process (PID=170) to work on /home/airflow/.local/lib/python3.12/site-packages/airflow/example_dags/example_external_task_marker_dag.py
[2025-01-19T04:28:45.211+0000] {processor.py:914} INFO - Processing file /home/airflow/.local/lib/python3.12/site-packages/airflow/example_dags/example_external_task_marker_dag.py for tasks to queue
[2025-01-19T04:28:45.219+0000] {logging_mixin.py:190} INFO - [2025-01-19T04:28:45.218+0000] {dagbag.py:588} INFO - Filling up the DagBag from /home/airflow/.local/lib/python3.12/site-packages/airflow/example_dags/example_external_task_marker_dag.py
[2025-01-19T04:28:45.246+0000] {processor.py:925} INFO - DAG(s) 'example_external_task_marker_child', 'example_external_task_marker_parent' retrieved from /home/airflow/.local/lib/python3.12/site-packages/airflow/example_dags/example_external_task_marker_dag.py
[2025-01-19T04:28:45.303+0000] {logging_mixin.py:190} INFO - [2025-01-19T04:28:45.302+0000] {dag.py:3239} INFO - Sync 2 DAGs
[2025-01-19T04:28:45.352+0000] {logging_mixin.py:190} INFO - [2025-01-19T04:28:45.351+0000] {dag.py:4180} INFO - Setting next_dagrun for example_external_task_marker_child to None, run_after=None
[2025-01-19T04:28:45.369+0000] {logging_mixin.py:190} INFO - [2025-01-19T04:28:45.369+0000] {dag.py:4180} INFO - Setting next_dagrun for example_external_task_marker_parent to None, run_after=None
[2025-01-19T04:28:45.425+0000] {processor.py:208} INFO - Processing /home/airflow/.local/lib/python3.12/site-packages/airflow/example_dags/example_external_task_marker_dag.py took 0.234 seconds
[2025-01-19T04:29:20.582+0000] {processor.py:186} INFO - Started process (PID=239) to work on /home/airflow/.local/lib/python3.12/site-packages/airflow/example_dags/example_external_task_marker_dag.py
[2025-01-19T04:29:20.596+0000] {processor.py:914} INFO - Processing file /home/airflow/.local/lib/python3.12/site-packages/airflow/example_dags/example_external_task_marker_dag.py for tasks to queue
[2025-01-19T04:29:20.605+0000] {logging_mixin.py:190} INFO - [2025-01-19T04:29:20.605+0000] {dagbag.py:588} INFO - Filling up the DagBag from /home/airflow/.local/lib/python3.12/site-packages/airflow/example_dags/example_external_task_marker_dag.py
[2025-01-19T04:29:20.626+0000] {processor.py:925} INFO - DAG(s) 'example_external_task_marker_child', 'example_external_task_marker_parent' retrieved from /home/airflow/.local/lib/python3.12/site-packages/airflow/example_dags/example_external_task_marker_dag.py
[2025-01-19T04:29:20.692+0000] {logging_mixin.py:190} INFO - [2025-01-19T04:29:20.692+0000] {dag.py:3239} INFO - Sync 2 DAGs
[2025-01-19T04:29:20.739+0000] {logging_mixin.py:190} INFO - [2025-01-19T04:29:20.738+0000] {dag.py:4180} INFO - Setting next_dagrun for example_external_task_marker_child to None, run_after=None
[2025-01-19T04:29:20.749+0000] {logging_mixin.py:190} INFO - [2025-01-19T04:29:20.748+0000] {dag.py:4180} INFO - Setting next_dagrun for example_external_task_marker_parent to None, run_after=None
[2025-01-19T04:29:20.800+0000] {processor.py:208} INFO - Processing /home/airflow/.local/lib/python3.12/site-packages/airflow/example_dags/example_external_task_marker_dag.py took 0.259 seconds
[2025-01-19T04:30:13.226+0000] {processor.py:186} INFO - Started process (PID=325) to work on /home/airflow/.local/lib/python3.12/site-packages/airflow/example_dags/example_external_task_marker_dag.py
[2025-01-19T04:30:13.228+0000] {processor.py:914} INFO - Processing file /home/airflow/.local/lib/python3.12/site-packages/airflow/example_dags/example_external_task_marker_dag.py for tasks to queue
[2025-01-19T04:30:13.234+0000] {logging_mixin.py:190} INFO - [2025-01-19T04:30:13.234+0000] {dagbag.py:588} INFO - Filling up the DagBag from /home/airflow/.local/lib/python3.12/site-packages/airflow/example_dags/example_external_task_marker_dag.py
[2025-01-19T04:30:13.255+0000] {processor.py:925} INFO - DAG(s) 'example_external_task_marker_parent', 'example_external_task_marker_child' retrieved from /home/airflow/.local/lib/python3.12/site-packages/airflow/example_dags/example_external_task_marker_dag.py
[2025-01-19T04:30:13.311+0000] {logging_mixin.py:190} INFO - [2025-01-19T04:30:13.310+0000] {dag.py:3239} INFO - Sync 2 DAGs
[2025-01-19T04:30:13.368+0000] {logging_mixin.py:190} INFO - [2025-01-19T04:30:13.368+0000] {dag.py:4180} INFO - Setting next_dagrun for example_external_task_marker_child to None, run_after=None
[2025-01-19T04:30:13.380+0000] {logging_mixin.py:190} INFO - [2025-01-19T04:30:13.380+0000] {dag.py:4180} INFO - Setting next_dagrun for example_external_task_marker_parent to None, run_after=None
[2025-01-19T04:30:13.436+0000] {processor.py:208} INFO - Processing /home/airflow/.local/lib/python3.12/site-packages/airflow/example_dags/example_external_task_marker_dag.py took 0.224 seconds
[2025-01-19T04:30:45.645+0000] {processor.py:186} INFO - Started process (PID=388) to work on /home/airflow/.local/lib/python3.12/site-packages/airflow/example_dags/example_external_task_marker_dag.py
[2025-01-19T04:30:45.647+0000] {processor.py:914} INFO - Processing file /home/airflow/.local/lib/python3.12/site-packages/airflow/example_dags/example_external_task_marker_dag.py for tasks to queue
[2025-01-19T04:30:45.652+0000] {logging_mixin.py:190} INFO - [2025-01-19T04:30:45.651+0000] {dagbag.py:588} INFO - Filling up the DagBag from /home/airflow/.local/lib/python3.12/site-packages/airflow/example_dags/example_external_task_marker_dag.py
[2025-01-19T04:30:45.672+0000] {processor.py:925} INFO - DAG(s) 'example_external_task_marker_child', 'example_external_task_marker_parent' retrieved from /home/airflow/.local/lib/python3.12/site-packages/airflow/example_dags/example_external_task_marker_dag.py
[2025-01-19T04:30:45.721+0000] {logging_mixin.py:190} INFO - [2025-01-19T04:30:45.720+0000] {dag.py:3239} INFO - Sync 2 DAGs
[2025-01-19T04:30:45.753+0000] {logging_mixin.py:190} INFO - [2025-01-19T04:30:45.752+0000] {dag.py:4180} INFO - Setting next_dagrun for example_external_task_marker_child to None, run_after=None
[2025-01-19T04:30:45.761+0000] {logging_mixin.py:190} INFO - [2025-01-19T04:30:45.761+0000] {dag.py:4180} INFO - Setting next_dagrun for example_external_task_marker_parent to None, run_after=None
[2025-01-19T04:30:45.803+0000] {processor.py:208} INFO - Processing /home/airflow/.local/lib/python3.12/site-packages/airflow/example_dags/example_external_task_marker_dag.py took 0.169 seconds
[2025-01-19T04:31:25.900+0000] {processor.py:186} INFO - Started process (PID=456) to work on /home/airflow/.local/lib/python3.12/site-packages/airflow/example_dags/example_external_task_marker_dag.py
[2025-01-19T04:31:25.903+0000] {processor.py:914} INFO - Processing file /home/airflow/.local/lib/python3.12/site-packages/airflow/example_dags/example_external_task_marker_dag.py for tasks to queue
[2025-01-19T04:31:25.909+0000] {logging_mixin.py:190} INFO - [2025-01-19T04:31:25.908+0000] {dagbag.py:588} INFO - Filling up the DagBag from /home/airflow/.local/lib/python3.12/site-packages/airflow/example_dags/example_external_task_marker_dag.py
[2025-01-19T04:31:25.940+0000] {processor.py:925} INFO - DAG(s) 'example_external_task_marker_parent', 'example_external_task_marker_child' retrieved from /home/airflow/.local/lib/python3.12/site-packages/airflow/example_dags/example_external_task_marker_dag.py
[2025-01-19T04:31:26.022+0000] {logging_mixin.py:190} INFO - [2025-01-19T04:31:26.021+0000] {dag.py:3239} INFO - Sync 2 DAGs
[2025-01-19T04:31:26.059+0000] {logging_mixin.py:190} INFO - [2025-01-19T04:31:26.058+0000] {dag.py:4180} INFO - Setting next_dagrun for example_external_task_marker_child to None, run_after=None
[2025-01-19T04:31:26.068+0000] {logging_mixin.py:190} INFO - [2025-01-19T04:31:26.068+0000] {dag.py:4180} INFO - Setting next_dagrun for example_external_task_marker_parent to None, run_after=None
[2025-01-19T04:31:26.126+0000] {processor.py:208} INFO - Processing /home/airflow/.local/lib/python3.12/site-packages/airflow/example_dags/example_external_task_marker_dag.py took 0.243 seconds
[2025-01-19T04:32:01.114+0000] {processor.py:186} INFO - Started process (PID=523) to work on /home/airflow/.local/lib/python3.12/site-packages/airflow/example_dags/example_external_task_marker_dag.py
[2025-01-19T04:32:01.116+0000] {processor.py:914} INFO - Processing file /home/airflow/.local/lib/python3.12/site-packages/airflow/example_dags/example_external_task_marker_dag.py for tasks to queue
[2025-01-19T04:32:01.122+0000] {logging_mixin.py:190} INFO - [2025-01-19T04:32:01.121+0000] {dagbag.py:588} INFO - Filling up the DagBag from /home/airflow/.local/lib/python3.12/site-packages/airflow/example_dags/example_external_task_marker_dag.py
[2025-01-19T04:32:01.152+0000] {processor.py:925} INFO - DAG(s) 'example_external_task_marker_parent', 'example_external_task_marker_child' retrieved from /home/airflow/.local/lib/python3.12/site-packages/airflow/example_dags/example_external_task_marker_dag.py
[2025-01-19T04:32:01.209+0000] {logging_mixin.py:190} INFO - [2025-01-19T04:32:01.208+0000] {dag.py:3239} INFO - Sync 2 DAGs
[2025-01-19T04:32:01.258+0000] {logging_mixin.py:190} INFO - [2025-01-19T04:32:01.258+0000] {dag.py:4180} INFO - Setting next_dagrun for example_external_task_marker_child to None, run_after=None
[2025-01-19T04:32:01.272+0000] {logging_mixin.py:190} INFO - [2025-01-19T04:32:01.271+0000] {dag.py:4180} INFO - Setting next_dagrun for example_external_task_marker_parent to None, run_after=None
[2025-01-19T04:32:01.324+0000] {processor.py:208} INFO - Processing /home/airflow/.local/lib/python3.12/site-packages/airflow/example_dags/example_external_task_marker_dag.py took 0.226 seconds
[2025-01-19T04:32:34.228+0000] {processor.py:186} INFO - Started process (PID=586) to work on /home/airflow/.local/lib/python3.12/site-packages/airflow/example_dags/example_external_task_marker_dag.py
[2025-01-19T04:32:34.230+0000] {processor.py:914} INFO - Processing file /home/airflow/.local/lib/python3.12/site-packages/airflow/example_dags/example_external_task_marker_dag.py for tasks to queue
[2025-01-19T04:32:34.236+0000] {logging_mixin.py:190} INFO - [2025-01-19T04:32:34.235+0000] {dagbag.py:588} INFO - Filling up the DagBag from /home/airflow/.local/lib/python3.12/site-packages/airflow/example_dags/example_external_task_marker_dag.py
[2025-01-19T04:32:34.265+0000] {processor.py:925} INFO - DAG(s) 'example_external_task_marker_parent', 'example_external_task_marker_child' retrieved from /home/airflow/.local/lib/python3.12/site-packages/airflow/example_dags/example_external_task_marker_dag.py
[2025-01-19T04:32:34.335+0000] {logging_mixin.py:190} INFO - [2025-01-19T04:32:34.335+0000] {dag.py:3239} INFO - Sync 2 DAGs
[2025-01-19T04:32:34.397+0000] {logging_mixin.py:190} INFO - [2025-01-19T04:32:34.397+0000] {dag.py:4180} INFO - Setting next_dagrun for example_external_task_marker_child to None, run_after=None
[2025-01-19T04:32:34.414+0000] {logging_mixin.py:190} INFO - [2025-01-19T04:32:34.414+0000] {dag.py:4180} INFO - Setting next_dagrun for example_external_task_marker_parent to None, run_after=None
[2025-01-19T04:32:34.459+0000] {processor.py:208} INFO - Processing /home/airflow/.local/lib/python3.12/site-packages/airflow/example_dags/example_external_task_marker_dag.py took 0.255 seconds
[2025-01-19T04:33:09.999+0000] {processor.py:186} INFO - Started process (PID=649) to work on /home/airflow/.local/lib/python3.12/site-packages/airflow/example_dags/example_external_task_marker_dag.py
[2025-01-19T04:33:10.001+0000] {processor.py:914} INFO - Processing file /home/airflow/.local/lib/python3.12/site-packages/airflow/example_dags/example_external_task_marker_dag.py for tasks to queue
[2025-01-19T04:33:10.008+0000] {logging_mixin.py:190} INFO - [2025-01-19T04:33:10.007+0000] {dagbag.py:588} INFO - Filling up the DagBag from /home/airflow/.local/lib/python3.12/site-packages/airflow/example_dags/example_external_task_marker_dag.py
[2025-01-19T04:33:10.047+0000] {processor.py:925} INFO - DAG(s) 'example_external_task_marker_child', 'example_external_task_marker_parent' retrieved from /home/airflow/.local/lib/python3.12/site-packages/airflow/example_dags/example_external_task_marker_dag.py
[2025-01-19T04:33:10.230+0000] {logging_mixin.py:190} INFO - [2025-01-19T04:33:10.229+0000] {dag.py:3239} INFO - Sync 2 DAGs
[2025-01-19T04:33:10.406+0000] {logging_mixin.py:190} INFO - [2025-01-19T04:33:10.393+0000] {dag.py:4180} INFO - Setting next_dagrun for example_external_task_marker_child to None, run_after=None
[2025-01-19T04:33:10.438+0000] {logging_mixin.py:190} INFO - [2025-01-19T04:33:10.437+0000] {dag.py:4180} INFO - Setting next_dagrun for example_external_task_marker_parent to None, run_after=None
[2025-01-19T04:33:10.631+0000] {processor.py:208} INFO - Processing /home/airflow/.local/lib/python3.12/site-packages/airflow/example_dags/example_external_task_marker_dag.py took 0.655 seconds
[2025-01-19T04:33:41.781+0000] {processor.py:186} INFO - Started process (PID=718) to work on /home/airflow/.local/lib/python3.12/site-packages/airflow/example_dags/example_external_task_marker_dag.py
[2025-01-19T04:33:41.783+0000] {processor.py:914} INFO - Processing file /home/airflow/.local/lib/python3.12/site-packages/airflow/example_dags/example_external_task_marker_dag.py for tasks to queue
[2025-01-19T04:33:41.794+0000] {logging_mixin.py:190} INFO - [2025-01-19T04:33:41.794+0000] {dagbag.py:588} INFO - Filling up the DagBag from /home/airflow/.local/lib/python3.12/site-packages/airflow/example_dags/example_external_task_marker_dag.py
[2025-01-19T04:33:41.822+0000] {processor.py:925} INFO - DAG(s) 'example_external_task_marker_parent', 'example_external_task_marker_child' retrieved from /home/airflow/.local/lib/python3.12/site-packages/airflow/example_dags/example_external_task_marker_dag.py
[2025-01-19T04:33:41.883+0000] {logging_mixin.py:190} INFO - [2025-01-19T04:33:41.882+0000] {dag.py:3239} INFO - Sync 2 DAGs
[2025-01-19T04:33:41.933+0000] {logging_mixin.py:190} INFO - [2025-01-19T04:33:41.932+0000] {dag.py:4180} INFO - Setting next_dagrun for example_external_task_marker_child to None, run_after=None
[2025-01-19T04:33:41.948+0000] {logging_mixin.py:190} INFO - [2025-01-19T04:33:41.948+0000] {dag.py:4180} INFO - Setting next_dagrun for example_external_task_marker_parent to None, run_after=None
[2025-01-19T04:33:42.021+0000] {processor.py:208} INFO - Processing /home/airflow/.local/lib/python3.12/site-packages/airflow/example_dags/example_external_task_marker_dag.py took 0.260 seconds
[2025-01-19T04:34:12.535+0000] {processor.py:186} INFO - Started process (PID=781) to work on /home/airflow/.local/lib/python3.12/site-packages/airflow/example_dags/example_external_task_marker_dag.py
[2025-01-19T04:34:12.541+0000] {processor.py:914} INFO - Processing file /home/airflow/.local/lib/python3.12/site-packages/airflow/example_dags/example_external_task_marker_dag.py for tasks to queue
[2025-01-19T04:34:12.548+0000] {logging_mixin.py:190} INFO - [2025-01-19T04:34:12.547+0000] {dagbag.py:588} INFO - Filling up the DagBag from /home/airflow/.local/lib/python3.12/site-packages/airflow/example_dags/example_external_task_marker_dag.py
[2025-01-19T04:34:12.577+0000] {processor.py:925} INFO - DAG(s) 'example_external_task_marker_child', 'example_external_task_marker_parent' retrieved from /home/airflow/.local/lib/python3.12/site-packages/airflow/example_dags/example_external_task_marker_dag.py
[2025-01-19T04:34:12.634+0000] {logging_mixin.py:190} INFO - [2025-01-19T04:34:12.634+0000] {dag.py:3239} INFO - Sync 2 DAGs
[2025-01-19T04:34:12.669+0000] {logging_mixin.py:190} INFO - [2025-01-19T04:34:12.668+0000] {dag.py:4180} INFO - Setting next_dagrun for example_external_task_marker_child to None, run_after=None
[2025-01-19T04:34:12.678+0000] {logging_mixin.py:190} INFO - [2025-01-19T04:34:12.678+0000] {dag.py:4180} INFO - Setting next_dagrun for example_external_task_marker_parent to None, run_after=None
[2025-01-19T04:34:12.715+0000] {processor.py:208} INFO - Processing /home/airflow/.local/lib/python3.12/site-packages/airflow/example_dags/example_external_task_marker_dag.py took 0.194 seconds
[2025-01-19T04:34:43.308+0000] {processor.py:186} INFO - Started process (PID=844) to work on /home/airflow/.local/lib/python3.12/site-packages/airflow/example_dags/example_external_task_marker_dag.py
[2025-01-19T04:34:43.310+0000] {processor.py:914} INFO - Processing file /home/airflow/.local/lib/python3.12/site-packages/airflow/example_dags/example_external_task_marker_dag.py for tasks to queue
[2025-01-19T04:34:43.316+0000] {logging_mixin.py:190} INFO - [2025-01-19T04:34:43.315+0000] {dagbag.py:588} INFO - Filling up the DagBag from /home/airflow/.local/lib/python3.12/site-packages/airflow/example_dags/example_external_task_marker_dag.py
[2025-01-19T04:34:43.347+0000] {processor.py:925} INFO - DAG(s) 'example_external_task_marker_child', 'example_external_task_marker_parent' retrieved from /home/airflow/.local/lib/python3.12/site-packages/airflow/example_dags/example_external_task_marker_dag.py
[2025-01-19T04:34:43.408+0000] {logging_mixin.py:190} INFO - [2025-01-19T04:34:43.407+0000] {dag.py:3239} INFO - Sync 2 DAGs
[2025-01-19T04:34:43.456+0000] {logging_mixin.py:190} INFO - [2025-01-19T04:34:43.455+0000] {dag.py:4180} INFO - Setting next_dagrun for example_external_task_marker_child to None, run_after=None
[2025-01-19T04:34:43.465+0000] {logging_mixin.py:190} INFO - [2025-01-19T04:34:43.465+0000] {dag.py:4180} INFO - Setting next_dagrun for example_external_task_marker_parent to None, run_after=None
[2025-01-19T04:34:43.512+0000] {processor.py:208} INFO - Processing /home/airflow/.local/lib/python3.12/site-packages/airflow/example_dags/example_external_task_marker_dag.py took 0.218 seconds
[2025-01-19T04:35:34.405+0000] {processor.py:186} INFO - Started process (PID=913) to work on /home/airflow/.local/lib/python3.12/site-packages/airflow/example_dags/example_external_task_marker_dag.py
[2025-01-19T04:35:34.412+0000] {processor.py:914} INFO - Processing file /home/airflow/.local/lib/python3.12/site-packages/airflow/example_dags/example_external_task_marker_dag.py for tasks to queue
[2025-01-19T04:35:34.421+0000] {logging_mixin.py:190} INFO - [2025-01-19T04:35:34.421+0000] {dagbag.py:588} INFO - Filling up the DagBag from /home/airflow/.local/lib/python3.12/site-packages/airflow/example_dags/example_external_task_marker_dag.py
[2025-01-19T04:35:34.449+0000] {processor.py:925} INFO - DAG(s) 'example_external_task_marker_child', 'example_external_task_marker_parent' retrieved from /home/airflow/.local/lib/python3.12/site-packages/airflow/example_dags/example_external_task_marker_dag.py
[2025-01-19T04:35:34.541+0000] {logging_mixin.py:190} INFO - [2025-01-19T04:35:34.539+0000] {dag.py:3239} INFO - Sync 2 DAGs
[2025-01-19T04:35:34.629+0000] {logging_mixin.py:190} INFO - [2025-01-19T04:35:34.628+0000] {dag.py:4180} INFO - Setting next_dagrun for example_external_task_marker_child to None, run_after=None
[2025-01-19T04:35:34.663+0000] {logging_mixin.py:190} INFO - [2025-01-19T04:35:34.663+0000] {dag.py:4180} INFO - Setting next_dagrun for example_external_task_marker_parent to None, run_after=None
[2025-01-19T04:35:34.797+0000] {processor.py:208} INFO - Processing /home/airflow/.local/lib/python3.12/site-packages/airflow/example_dags/example_external_task_marker_dag.py took 0.414 seconds
[2025-01-19T04:36:06.147+0000] {processor.py:186} INFO - Started process (PID=976) to work on /home/airflow/.local/lib/python3.12/site-packages/airflow/example_dags/example_external_task_marker_dag.py
[2025-01-19T04:36:06.149+0000] {processor.py:914} INFO - Processing file /home/airflow/.local/lib/python3.12/site-packages/airflow/example_dags/example_external_task_marker_dag.py for tasks to queue
[2025-01-19T04:36:06.156+0000] {logging_mixin.py:190} INFO - [2025-01-19T04:36:06.155+0000] {dagbag.py:588} INFO - Filling up the DagBag from /home/airflow/.local/lib/python3.12/site-packages/airflow/example_dags/example_external_task_marker_dag.py
[2025-01-19T04:36:06.174+0000] {processor.py:925} INFO - DAG(s) 'example_external_task_marker_parent', 'example_external_task_marker_child' retrieved from /home/airflow/.local/lib/python3.12/site-packages/airflow/example_dags/example_external_task_marker_dag.py
[2025-01-19T04:36:06.225+0000] {logging_mixin.py:190} INFO - [2025-01-19T04:36:06.225+0000] {dag.py:3239} INFO - Sync 2 DAGs
[2025-01-19T04:36:06.264+0000] {logging_mixin.py:190} INFO - [2025-01-19T04:36:06.264+0000] {dag.py:4180} INFO - Setting next_dagrun for example_external_task_marker_child to None, run_after=None
[2025-01-19T04:36:06.273+0000] {logging_mixin.py:190} INFO - [2025-01-19T04:36:06.273+0000] {dag.py:4180} INFO - Setting next_dagrun for example_external_task_marker_parent to None, run_after=None
[2025-01-19T04:36:06.317+0000] {processor.py:208} INFO - Processing /home/airflow/.local/lib/python3.12/site-packages/airflow/example_dags/example_external_task_marker_dag.py took 0.187 seconds
[2025-01-19T04:36:38.012+0000] {processor.py:186} INFO - Started process (PID=1039) to work on /home/airflow/.local/lib/python3.12/site-packages/airflow/example_dags/example_external_task_marker_dag.py
[2025-01-19T04:36:38.014+0000] {processor.py:914} INFO - Processing file /home/airflow/.local/lib/python3.12/site-packages/airflow/example_dags/example_external_task_marker_dag.py for tasks to queue
[2025-01-19T04:36:38.028+0000] {logging_mixin.py:190} INFO - [2025-01-19T04:36:38.027+0000] {dagbag.py:588} INFO - Filling up the DagBag from /home/airflow/.local/lib/python3.12/site-packages/airflow/example_dags/example_external_task_marker_dag.py
[2025-01-19T04:36:38.064+0000] {processor.py:925} INFO - DAG(s) 'example_external_task_marker_parent', 'example_external_task_marker_child' retrieved from /home/airflow/.local/lib/python3.12/site-packages/airflow/example_dags/example_external_task_marker_dag.py
[2025-01-19T04:36:38.160+0000] {logging_mixin.py:190} INFO - [2025-01-19T04:36:38.159+0000] {dag.py:3239} INFO - Sync 2 DAGs
[2025-01-19T04:36:38.232+0000] {logging_mixin.py:190} INFO - [2025-01-19T04:36:38.232+0000] {dag.py:4180} INFO - Setting next_dagrun for example_external_task_marker_child to None, run_after=None
[2025-01-19T04:36:38.250+0000] {logging_mixin.py:190} INFO - [2025-01-19T04:36:38.250+0000] {dag.py:4180} INFO - Setting next_dagrun for example_external_task_marker_parent to None, run_after=None
[2025-01-19T04:36:38.369+0000] {processor.py:208} INFO - Processing /home/airflow/.local/lib/python3.12/site-packages/airflow/example_dags/example_external_task_marker_dag.py took 0.378 seconds
[2025-01-19T04:41:37.747+0000] {processor.py:186} INFO - Started process (PID=1115) to work on /home/airflow/.local/lib/python3.12/site-packages/airflow/example_dags/example_external_task_marker_dag.py
[2025-01-19T04:41:37.750+0000] {processor.py:914} INFO - Processing file /home/airflow/.local/lib/python3.12/site-packages/airflow/example_dags/example_external_task_marker_dag.py for tasks to queue
[2025-01-19T04:41:37.777+0000] {logging_mixin.py:190} INFO - [2025-01-19T04:41:37.774+0000] {dagbag.py:588} INFO - Filling up the DagBag from /home/airflow/.local/lib/python3.12/site-packages/airflow/example_dags/example_external_task_marker_dag.py
[2025-01-19T04:41:37.835+0000] {processor.py:925} INFO - DAG(s) 'example_external_task_marker_child', 'example_external_task_marker_parent' retrieved from /home/airflow/.local/lib/python3.12/site-packages/airflow/example_dags/example_external_task_marker_dag.py
[2025-01-19T04:41:37.950+0000] {logging_mixin.py:190} INFO - [2025-01-19T04:41:37.949+0000] {dag.py:3239} INFO - Sync 2 DAGs
[2025-01-19T04:41:38.052+0000] {logging_mixin.py:190} INFO - [2025-01-19T04:41:38.051+0000] {dag.py:4180} INFO - Setting next_dagrun for example_external_task_marker_child to None, run_after=None
[2025-01-19T04:41:38.068+0000] {logging_mixin.py:190} INFO - [2025-01-19T04:41:38.068+0000] {dag.py:4180} INFO - Setting next_dagrun for example_external_task_marker_parent to None, run_after=None
[2025-01-19T04:41:38.157+0000] {processor.py:208} INFO - Processing /home/airflow/.local/lib/python3.12/site-packages/airflow/example_dags/example_external_task_marker_dag.py took 0.451 seconds
