[2025-01-19T04:12:49.668+0000] {processor.py:186} INFO - Started process (PID=445) to work on /home/airflow/.local/lib/python3.12/site-packages/airflow/example_dags/example_sensors.py
[2025-01-19T04:12:49.670+0000] {processor.py:914} INFO - Processing file /home/airflow/.local/lib/python3.12/site-packages/airflow/example_dags/example_sensors.py for tasks to queue
[2025-01-19T04:12:49.675+0000] {logging_mixin.py:190} INFO - [2025-01-19T04:12:49.674+0000] {dagbag.py:588} INFO - Filling up the DagBag from /home/airflow/.local/lib/python3.12/site-packages/airflow/example_dags/example_sensors.py
[2025-01-19T04:12:49.699+0000] {processor.py:925} INFO - DAG(s) 'example_sensors' retrieved from /home/airflow/.local/lib/python3.12/site-packages/airflow/example_dags/example_sensors.py
[2025-01-19T04:12:49.765+0000] {logging_mixin.py:190} INFO - [2025-01-19T04:12:49.764+0000] {dag.py:3239} INFO - Sync 1 DAGs
[2025-01-19T04:12:49.797+0000] {logging_mixin.py:190} INFO - [2025-01-19T04:12:49.797+0000] {dag.py:4180} INFO - Setting next_dagrun for example_sensors to None, run_after=None
[2025-01-19T04:12:49.840+0000] {processor.py:208} INFO - Processing /home/airflow/.local/lib/python3.12/site-packages/airflow/example_dags/example_sensors.py took 0.185 seconds
[2025-01-19T04:13:27.665+0000] {processor.py:186} INFO - Started process (PID=507) to work on /home/airflow/.local/lib/python3.12/site-packages/airflow/example_dags/example_sensors.py
[2025-01-19T04:13:27.668+0000] {processor.py:914} INFO - Processing file /home/airflow/.local/lib/python3.12/site-packages/airflow/example_dags/example_sensors.py for tasks to queue
[2025-01-19T04:13:27.674+0000] {logging_mixin.py:190} INFO - [2025-01-19T04:13:27.673+0000] {dagbag.py:588} INFO - Filling up the DagBag from /home/airflow/.local/lib/python3.12/site-packages/airflow/example_dags/example_sensors.py
[2025-01-19T04:13:27.705+0000] {processor.py:925} INFO - DAG(s) 'example_sensors' retrieved from /home/airflow/.local/lib/python3.12/site-packages/airflow/example_dags/example_sensors.py
[2025-01-19T04:13:27.773+0000] {logging_mixin.py:190} INFO - [2025-01-19T04:13:27.773+0000] {dag.py:3239} INFO - Sync 1 DAGs
[2025-01-19T04:13:27.808+0000] {logging_mixin.py:190} INFO - [2025-01-19T04:13:27.808+0000] {dag.py:4180} INFO - Setting next_dagrun for example_sensors to None, run_after=None
[2025-01-19T04:13:27.849+0000] {processor.py:208} INFO - Processing /home/airflow/.local/lib/python3.12/site-packages/airflow/example_dags/example_sensors.py took 0.197 seconds
[2025-01-19T04:14:01.080+0000] {processor.py:186} INFO - Started process (PID=561) to work on /home/airflow/.local/lib/python3.12/site-packages/airflow/example_dags/example_sensors.py
[2025-01-19T04:14:01.082+0000] {processor.py:914} INFO - Processing file /home/airflow/.local/lib/python3.12/site-packages/airflow/example_dags/example_sensors.py for tasks to queue
[2025-01-19T04:14:01.088+0000] {logging_mixin.py:190} INFO - [2025-01-19T04:14:01.087+0000] {dagbag.py:588} INFO - Filling up the DagBag from /home/airflow/.local/lib/python3.12/site-packages/airflow/example_dags/example_sensors.py
[2025-01-19T04:14:01.179+0000] {processor.py:925} INFO - DAG(s) 'example_sensors' retrieved from /home/airflow/.local/lib/python3.12/site-packages/airflow/example_dags/example_sensors.py
[2025-01-19T04:14:01.301+0000] {logging_mixin.py:190} INFO - [2025-01-19T04:14:01.300+0000] {dag.py:3239} INFO - Sync 1 DAGs
[2025-01-19T04:14:01.379+0000] {logging_mixin.py:190} INFO - [2025-01-19T04:14:01.379+0000] {dag.py:4180} INFO - Setting next_dagrun for example_sensors to None, run_after=None
[2025-01-19T04:14:01.483+0000] {processor.py:208} INFO - Processing /home/airflow/.local/lib/python3.12/site-packages/airflow/example_dags/example_sensors.py took 0.423 seconds
[2025-01-19T04:15:12.177+0000] {processor.py:186} INFO - Started process (PID=620) to work on /home/airflow/.local/lib/python3.12/site-packages/airflow/example_dags/example_sensors.py
[2025-01-19T04:15:12.180+0000] {processor.py:914} INFO - Processing file /home/airflow/.local/lib/python3.12/site-packages/airflow/example_dags/example_sensors.py for tasks to queue
[2025-01-19T04:15:12.191+0000] {logging_mixin.py:190} INFO - [2025-01-19T04:15:12.190+0000] {dagbag.py:588} INFO - Filling up the DagBag from /home/airflow/.local/lib/python3.12/site-packages/airflow/example_dags/example_sensors.py
[2025-01-19T04:15:12.278+0000] {processor.py:925} INFO - DAG(s) 'example_sensors' retrieved from /home/airflow/.local/lib/python3.12/site-packages/airflow/example_dags/example_sensors.py
[2025-01-19T04:15:12.920+0000] {logging_mixin.py:190} INFO - [2025-01-19T04:15:12.915+0000] {dag.py:3239} INFO - Sync 1 DAGs
[2025-01-19T04:15:13.038+0000] {logging_mixin.py:190} INFO - [2025-01-19T04:15:13.038+0000] {dag.py:4180} INFO - Setting next_dagrun for example_sensors to None, run_after=None
[2025-01-19T04:15:13.260+0000] {processor.py:208} INFO - Processing /home/airflow/.local/lib/python3.12/site-packages/airflow/example_dags/example_sensors.py took 1.117 seconds
[2025-01-19T04:18:13.314+0000] {processor.py:186} INFO - Started process (PID=683) to work on /home/airflow/.local/lib/python3.12/site-packages/airflow/example_dags/example_sensors.py
[2025-01-19T04:18:13.326+0000] {processor.py:914} INFO - Processing file /home/airflow/.local/lib/python3.12/site-packages/airflow/example_dags/example_sensors.py for tasks to queue
[2025-01-19T04:18:13.330+0000] {logging_mixin.py:190} INFO - [2025-01-19T04:18:13.330+0000] {dagbag.py:588} INFO - Filling up the DagBag from /home/airflow/.local/lib/python3.12/site-packages/airflow/example_dags/example_sensors.py
[2025-01-19T04:18:13.435+0000] {processor.py:925} INFO - DAG(s) 'example_sensors' retrieved from /home/airflow/.local/lib/python3.12/site-packages/airflow/example_dags/example_sensors.py
[2025-01-19T04:18:13.640+0000] {logging_mixin.py:190} INFO - [2025-01-19T04:18:13.640+0000] {dag.py:3239} INFO - Sync 1 DAGs
[2025-01-19T04:18:13.764+0000] {logging_mixin.py:190} INFO - [2025-01-19T04:18:13.763+0000] {dag.py:4180} INFO - Setting next_dagrun for example_sensors to None, run_after=None
[2025-01-19T04:18:13.889+0000] {processor.py:208} INFO - Processing /home/airflow/.local/lib/python3.12/site-packages/airflow/example_dags/example_sensors.py took 0.641 seconds
[2025-01-19T04:18:50.161+0000] {processor.py:186} INFO - Started process (PID=740) to work on /home/airflow/.local/lib/python3.12/site-packages/airflow/example_dags/example_sensors.py
[2025-01-19T04:18:50.164+0000] {processor.py:914} INFO - Processing file /home/airflow/.local/lib/python3.12/site-packages/airflow/example_dags/example_sensors.py for tasks to queue
[2025-01-19T04:18:50.169+0000] {logging_mixin.py:190} INFO - [2025-01-19T04:18:50.167+0000] {dagbag.py:588} INFO - Filling up the DagBag from /home/airflow/.local/lib/python3.12/site-packages/airflow/example_dags/example_sensors.py
[2025-01-19T04:18:50.214+0000] {processor.py:925} INFO - DAG(s) 'example_sensors' retrieved from /home/airflow/.local/lib/python3.12/site-packages/airflow/example_dags/example_sensors.py
[2025-01-19T04:18:50.315+0000] {logging_mixin.py:190} INFO - [2025-01-19T04:18:50.314+0000] {dag.py:3239} INFO - Sync 1 DAGs
[2025-01-19T04:18:50.386+0000] {logging_mixin.py:190} INFO - [2025-01-19T04:18:50.386+0000] {dag.py:4180} INFO - Setting next_dagrun for example_sensors to None, run_after=None
[2025-01-19T04:18:50.516+0000] {processor.py:208} INFO - Processing /home/airflow/.local/lib/python3.12/site-packages/airflow/example_dags/example_sensors.py took 0.370 seconds
[2025-01-19T04:19:20.652+0000] {processor.py:186} INFO - Started process (PID=804) to work on /home/airflow/.local/lib/python3.12/site-packages/airflow/example_dags/example_sensors.py
[2025-01-19T04:19:20.654+0000] {processor.py:914} INFO - Processing file /home/airflow/.local/lib/python3.12/site-packages/airflow/example_dags/example_sensors.py for tasks to queue
[2025-01-19T04:19:20.657+0000] {logging_mixin.py:190} INFO - [2025-01-19T04:19:20.657+0000] {dagbag.py:588} INFO - Filling up the DagBag from /home/airflow/.local/lib/python3.12/site-packages/airflow/example_dags/example_sensors.py
[2025-01-19T04:19:20.703+0000] {processor.py:925} INFO - DAG(s) 'example_sensors' retrieved from /home/airflow/.local/lib/python3.12/site-packages/airflow/example_dags/example_sensors.py
[2025-01-19T04:19:20.785+0000] {logging_mixin.py:190} INFO - [2025-01-19T04:19:20.784+0000] {dag.py:3239} INFO - Sync 1 DAGs
[2025-01-19T04:19:20.825+0000] {logging_mixin.py:190} INFO - [2025-01-19T04:19:20.825+0000] {dag.py:4180} INFO - Setting next_dagrun for example_sensors to None, run_after=None
[2025-01-19T04:19:20.884+0000] {processor.py:208} INFO - Processing /home/airflow/.local/lib/python3.12/site-packages/airflow/example_dags/example_sensors.py took 0.244 seconds
[2025-01-19T04:19:51.639+0000] {processor.py:186} INFO - Started process (PID=865) to work on /home/airflow/.local/lib/python3.12/site-packages/airflow/example_dags/example_sensors.py
[2025-01-19T04:19:51.641+0000] {processor.py:914} INFO - Processing file /home/airflow/.local/lib/python3.12/site-packages/airflow/example_dags/example_sensors.py for tasks to queue
[2025-01-19T04:19:51.645+0000] {logging_mixin.py:190} INFO - [2025-01-19T04:19:51.644+0000] {dagbag.py:588} INFO - Filling up the DagBag from /home/airflow/.local/lib/python3.12/site-packages/airflow/example_dags/example_sensors.py
[2025-01-19T04:19:51.678+0000] {processor.py:925} INFO - DAG(s) 'example_sensors' retrieved from /home/airflow/.local/lib/python3.12/site-packages/airflow/example_dags/example_sensors.py
[2025-01-19T04:19:51.748+0000] {logging_mixin.py:190} INFO - [2025-01-19T04:19:51.748+0000] {dag.py:3239} INFO - Sync 1 DAGs
[2025-01-19T04:19:51.776+0000] {logging_mixin.py:190} INFO - [2025-01-19T04:19:51.776+0000] {dag.py:4180} INFO - Setting next_dagrun for example_sensors to None, run_after=None
[2025-01-19T04:19:51.818+0000] {processor.py:208} INFO - Processing /home/airflow/.local/lib/python3.12/site-packages/airflow/example_dags/example_sensors.py took 0.193 seconds
[2025-01-19T04:20:22.005+0000] {processor.py:186} INFO - Started process (PID=927) to work on /home/airflow/.local/lib/python3.12/site-packages/airflow/example_dags/example_sensors.py
[2025-01-19T04:20:22.008+0000] {processor.py:914} INFO - Processing file /home/airflow/.local/lib/python3.12/site-packages/airflow/example_dags/example_sensors.py for tasks to queue
[2025-01-19T04:20:22.011+0000] {logging_mixin.py:190} INFO - [2025-01-19T04:20:22.011+0000] {dagbag.py:588} INFO - Filling up the DagBag from /home/airflow/.local/lib/python3.12/site-packages/airflow/example_dags/example_sensors.py
[2025-01-19T04:20:22.041+0000] {processor.py:925} INFO - DAG(s) 'example_sensors' retrieved from /home/airflow/.local/lib/python3.12/site-packages/airflow/example_dags/example_sensors.py
[2025-01-19T04:20:22.092+0000] {logging_mixin.py:190} INFO - [2025-01-19T04:20:22.092+0000] {dag.py:3239} INFO - Sync 1 DAGs
[2025-01-19T04:20:22.119+0000] {logging_mixin.py:190} INFO - [2025-01-19T04:20:22.119+0000] {dag.py:4180} INFO - Setting next_dagrun for example_sensors to None, run_after=None
[2025-01-19T04:20:22.160+0000] {processor.py:208} INFO - Processing /home/airflow/.local/lib/python3.12/site-packages/airflow/example_dags/example_sensors.py took 0.168 seconds
[2025-01-19T04:20:57.392+0000] {processor.py:186} INFO - Started process (PID=987) to work on /home/airflow/.local/lib/python3.12/site-packages/airflow/example_dags/example_sensors.py
[2025-01-19T04:20:57.396+0000] {processor.py:914} INFO - Processing file /home/airflow/.local/lib/python3.12/site-packages/airflow/example_dags/example_sensors.py for tasks to queue
[2025-01-19T04:20:57.403+0000] {logging_mixin.py:190} INFO - [2025-01-19T04:20:57.400+0000] {dagbag.py:588} INFO - Filling up the DagBag from /home/airflow/.local/lib/python3.12/site-packages/airflow/example_dags/example_sensors.py
[2025-01-19T04:20:57.503+0000] {processor.py:925} INFO - DAG(s) 'example_sensors' retrieved from /home/airflow/.local/lib/python3.12/site-packages/airflow/example_dags/example_sensors.py
[2025-01-19T04:20:57.651+0000] {logging_mixin.py:190} INFO - [2025-01-19T04:20:57.650+0000] {dag.py:3239} INFO - Sync 1 DAGs
[2025-01-19T04:20:57.715+0000] {logging_mixin.py:190} INFO - [2025-01-19T04:20:57.715+0000] {dag.py:4180} INFO - Setting next_dagrun for example_sensors to None, run_after=None
[2025-01-19T04:20:57.861+0000] {processor.py:208} INFO - Processing /home/airflow/.local/lib/python3.12/site-packages/airflow/example_dags/example_sensors.py took 0.490 seconds
[2025-01-19T04:21:31.225+0000] {processor.py:186} INFO - Started process (PID=1044) to work on /home/airflow/.local/lib/python3.12/site-packages/airflow/example_dags/example_sensors.py
[2025-01-19T04:21:31.236+0000] {processor.py:914} INFO - Processing file /home/airflow/.local/lib/python3.12/site-packages/airflow/example_dags/example_sensors.py for tasks to queue
[2025-01-19T04:21:31.240+0000] {logging_mixin.py:190} INFO - [2025-01-19T04:21:31.239+0000] {dagbag.py:588} INFO - Filling up the DagBag from /home/airflow/.local/lib/python3.12/site-packages/airflow/example_dags/example_sensors.py
[2025-01-19T04:21:31.315+0000] {processor.py:925} INFO - DAG(s) 'example_sensors' retrieved from /home/airflow/.local/lib/python3.12/site-packages/airflow/example_dags/example_sensors.py
[2025-01-19T04:21:31.409+0000] {logging_mixin.py:190} INFO - [2025-01-19T04:21:31.409+0000] {dag.py:3239} INFO - Sync 1 DAGs
[2025-01-19T04:21:31.462+0000] {logging_mixin.py:190} INFO - [2025-01-19T04:21:31.461+0000] {dag.py:4180} INFO - Setting next_dagrun for example_sensors to None, run_after=None
[2025-01-19T04:21:31.533+0000] {processor.py:208} INFO - Processing /home/airflow/.local/lib/python3.12/site-packages/airflow/example_dags/example_sensors.py took 0.331 seconds
[2025-01-19T04:27:20.151+0000] {processor.py:186} INFO - Started process (PID=55) to work on /home/airflow/.local/lib/python3.12/site-packages/airflow/example_dags/example_sensors.py
[2025-01-19T04:27:20.155+0000] {processor.py:914} INFO - Processing file /home/airflow/.local/lib/python3.12/site-packages/airflow/example_dags/example_sensors.py for tasks to queue
[2025-01-19T04:27:20.164+0000] {logging_mixin.py:190} INFO - [2025-01-19T04:27:20.161+0000] {dagbag.py:588} INFO - Filling up the DagBag from /home/airflow/.local/lib/python3.12/site-packages/airflow/example_dags/example_sensors.py
[2025-01-19T04:27:20.364+0000] {processor.py:925} INFO - DAG(s) 'example_sensors' retrieved from /home/airflow/.local/lib/python3.12/site-packages/airflow/example_dags/example_sensors.py
[2025-01-19T04:27:21.359+0000] {logging_mixin.py:190} INFO - [2025-01-19T04:27:21.358+0000] {override.py:1911} INFO - Created Permission View: can delete on DAG:example_sensors
[2025-01-19T04:27:21.406+0000] {logging_mixin.py:190} INFO - [2025-01-19T04:27:21.405+0000] {override.py:1911} INFO - Created Permission View: can edit on DAG:example_sensors
[2025-01-19T04:27:21.439+0000] {logging_mixin.py:190} INFO - [2025-01-19T04:27:21.438+0000] {override.py:1911} INFO - Created Permission View: can read on DAG:example_sensors
[2025-01-19T04:27:21.472+0000] {logging_mixin.py:190} INFO - [2025-01-19T04:27:21.471+0000] {override.py:1911} INFO - Created Permission View: can create on DAG Run:example_sensors
[2025-01-19T04:27:21.516+0000] {logging_mixin.py:190} INFO - [2025-01-19T04:27:21.515+0000] {override.py:1911} INFO - Created Permission View: menu access on DAG Run:example_sensors
[2025-01-19T04:27:21.543+0000] {logging_mixin.py:190} INFO - [2025-01-19T04:27:21.542+0000] {override.py:1911} INFO - Created Permission View: can delete on DAG Run:example_sensors
[2025-01-19T04:27:21.588+0000] {logging_mixin.py:190} INFO - [2025-01-19T04:27:21.587+0000] {override.py:1911} INFO - Created Permission View: can read on DAG Run:example_sensors
[2025-01-19T04:27:21.605+0000] {logging_mixin.py:190} INFO - [2025-01-19T04:27:21.605+0000] {dag.py:3239} INFO - Sync 1 DAGs
[2025-01-19T04:27:21.653+0000] {logging_mixin.py:190} INFO - [2025-01-19T04:27:21.651+0000] {dag.py:3262} INFO - Creating ORM DAG for example_sensors
[2025-01-19T04:27:21.676+0000] {logging_mixin.py:190} INFO - [2025-01-19T04:27:21.676+0000] {dag.py:4180} INFO - Setting next_dagrun for example_sensors to None, run_after=None
[2025-01-19T04:27:21.971+0000] {processor.py:208} INFO - Processing /home/airflow/.local/lib/python3.12/site-packages/airflow/example_dags/example_sensors.py took 1.852 seconds
[2025-01-19T04:28:23.733+0000] {processor.py:186} INFO - Started process (PID=129) to work on /home/airflow/.local/lib/python3.12/site-packages/airflow/example_dags/example_sensors.py
[2025-01-19T04:28:23.735+0000] {processor.py:914} INFO - Processing file /home/airflow/.local/lib/python3.12/site-packages/airflow/example_dags/example_sensors.py for tasks to queue
[2025-01-19T04:28:23.743+0000] {logging_mixin.py:190} INFO - [2025-01-19T04:28:23.742+0000] {dagbag.py:588} INFO - Filling up the DagBag from /home/airflow/.local/lib/python3.12/site-packages/airflow/example_dags/example_sensors.py
[2025-01-19T04:28:23.785+0000] {processor.py:925} INFO - DAG(s) 'example_sensors' retrieved from /home/airflow/.local/lib/python3.12/site-packages/airflow/example_dags/example_sensors.py
[2025-01-19T04:28:23.903+0000] {logging_mixin.py:190} INFO - [2025-01-19T04:28:23.903+0000] {dag.py:3239} INFO - Sync 1 DAGs
[2025-01-19T04:28:23.951+0000] {logging_mixin.py:190} INFO - [2025-01-19T04:28:23.951+0000] {dag.py:4180} INFO - Setting next_dagrun for example_sensors to None, run_after=None
[2025-01-19T04:28:24.038+0000] {processor.py:208} INFO - Processing /home/airflow/.local/lib/python3.12/site-packages/airflow/example_dags/example_sensors.py took 0.319 seconds
[2025-01-19T04:28:54.201+0000] {processor.py:186} INFO - Started process (PID=191) to work on /home/airflow/.local/lib/python3.12/site-packages/airflow/example_dags/example_sensors.py
[2025-01-19T04:28:54.203+0000] {processor.py:914} INFO - Processing file /home/airflow/.local/lib/python3.12/site-packages/airflow/example_dags/example_sensors.py for tasks to queue
[2025-01-19T04:28:54.208+0000] {logging_mixin.py:190} INFO - [2025-01-19T04:28:54.207+0000] {dagbag.py:588} INFO - Filling up the DagBag from /home/airflow/.local/lib/python3.12/site-packages/airflow/example_dags/example_sensors.py
[2025-01-19T04:28:54.242+0000] {processor.py:925} INFO - DAG(s) 'example_sensors' retrieved from /home/airflow/.local/lib/python3.12/site-packages/airflow/example_dags/example_sensors.py
[2025-01-19T04:28:54.306+0000] {logging_mixin.py:190} INFO - [2025-01-19T04:28:54.305+0000] {dag.py:3239} INFO - Sync 1 DAGs
[2025-01-19T04:28:54.342+0000] {logging_mixin.py:190} INFO - [2025-01-19T04:28:54.342+0000] {dag.py:4180} INFO - Setting next_dagrun for example_sensors to None, run_after=None
[2025-01-19T04:28:54.394+0000] {processor.py:208} INFO - Processing /home/airflow/.local/lib/python3.12/site-packages/airflow/example_dags/example_sensors.py took 0.206 seconds
[2025-01-19T04:29:25.085+0000] {processor.py:186} INFO - Started process (PID=254) to work on /home/airflow/.local/lib/python3.12/site-packages/airflow/example_dags/example_sensors.py
[2025-01-19T04:29:25.088+0000] {processor.py:914} INFO - Processing file /home/airflow/.local/lib/python3.12/site-packages/airflow/example_dags/example_sensors.py for tasks to queue
[2025-01-19T04:29:25.096+0000] {logging_mixin.py:190} INFO - [2025-01-19T04:29:25.095+0000] {dagbag.py:588} INFO - Filling up the DagBag from /home/airflow/.local/lib/python3.12/site-packages/airflow/example_dags/example_sensors.py
[2025-01-19T04:29:25.123+0000] {processor.py:925} INFO - DAG(s) 'example_sensors' retrieved from /home/airflow/.local/lib/python3.12/site-packages/airflow/example_dags/example_sensors.py
[2025-01-19T04:29:25.242+0000] {logging_mixin.py:190} INFO - [2025-01-19T04:29:25.241+0000] {dag.py:3239} INFO - Sync 1 DAGs
[2025-01-19T04:29:25.300+0000] {logging_mixin.py:190} INFO - [2025-01-19T04:29:25.300+0000] {dag.py:4180} INFO - Setting next_dagrun for example_sensors to None, run_after=None
[2025-01-19T04:29:25.391+0000] {processor.py:208} INFO - Processing /home/airflow/.local/lib/python3.12/site-packages/airflow/example_dags/example_sensors.py took 0.324 seconds
[2025-01-19T04:30:05.095+0000] {processor.py:186} INFO - Started process (PID=295) to work on /home/airflow/.local/lib/python3.12/site-packages/airflow/example_dags/example_sensors.py
[2025-01-19T04:30:05.097+0000] {processor.py:914} INFO - Processing file /home/airflow/.local/lib/python3.12/site-packages/airflow/example_dags/example_sensors.py for tasks to queue
[2025-01-19T04:30:05.107+0000] {logging_mixin.py:190} INFO - [2025-01-19T04:30:05.107+0000] {dagbag.py:588} INFO - Filling up the DagBag from /home/airflow/.local/lib/python3.12/site-packages/airflow/example_dags/example_sensors.py
[2025-01-19T04:30:05.147+0000] {processor.py:925} INFO - DAG(s) 'example_sensors' retrieved from /home/airflow/.local/lib/python3.12/site-packages/airflow/example_dags/example_sensors.py
[2025-01-19T04:30:05.249+0000] {logging_mixin.py:190} INFO - [2025-01-19T04:30:05.249+0000] {dag.py:3239} INFO - Sync 1 DAGs
[2025-01-19T04:30:05.312+0000] {logging_mixin.py:190} INFO - [2025-01-19T04:30:05.311+0000] {dag.py:4180} INFO - Setting next_dagrun for example_sensors to None, run_after=None
[2025-01-19T04:30:05.373+0000] {processor.py:208} INFO - Processing /home/airflow/.local/lib/python3.12/site-packages/airflow/example_dags/example_sensors.py took 0.294 seconds
[2025-01-19T04:30:39.106+0000] {processor.py:186} INFO - Started process (PID=354) to work on /home/airflow/.local/lib/python3.12/site-packages/airflow/example_dags/example_sensors.py
[2025-01-19T04:30:39.108+0000] {processor.py:914} INFO - Processing file /home/airflow/.local/lib/python3.12/site-packages/airflow/example_dags/example_sensors.py for tasks to queue
[2025-01-19T04:30:39.113+0000] {logging_mixin.py:190} INFO - [2025-01-19T04:30:39.113+0000] {dagbag.py:588} INFO - Filling up the DagBag from /home/airflow/.local/lib/python3.12/site-packages/airflow/example_dags/example_sensors.py
[2025-01-19T04:30:39.139+0000] {processor.py:925} INFO - DAG(s) 'example_sensors' retrieved from /home/airflow/.local/lib/python3.12/site-packages/airflow/example_dags/example_sensors.py
[2025-01-19T04:30:39.235+0000] {logging_mixin.py:190} INFO - [2025-01-19T04:30:39.234+0000] {dag.py:3239} INFO - Sync 1 DAGs
[2025-01-19T04:30:39.281+0000] {logging_mixin.py:190} INFO - [2025-01-19T04:30:39.280+0000] {dag.py:4180} INFO - Setting next_dagrun for example_sensors to None, run_after=None
[2025-01-19T04:30:39.330+0000] {processor.py:208} INFO - Processing /home/airflow/.local/lib/python3.12/site-packages/airflow/example_dags/example_sensors.py took 0.238 seconds
[2025-01-19T04:31:17.212+0000] {processor.py:186} INFO - Started process (PID=422) to work on /home/airflow/.local/lib/python3.12/site-packages/airflow/example_dags/example_sensors.py
[2025-01-19T04:31:17.215+0000] {processor.py:914} INFO - Processing file /home/airflow/.local/lib/python3.12/site-packages/airflow/example_dags/example_sensors.py for tasks to queue
[2025-01-19T04:31:17.224+0000] {logging_mixin.py:190} INFO - [2025-01-19T04:31:17.223+0000] {dagbag.py:588} INFO - Filling up the DagBag from /home/airflow/.local/lib/python3.12/site-packages/airflow/example_dags/example_sensors.py
[2025-01-19T04:31:17.296+0000] {processor.py:925} INFO - DAG(s) 'example_sensors' retrieved from /home/airflow/.local/lib/python3.12/site-packages/airflow/example_dags/example_sensors.py
[2025-01-19T04:31:17.467+0000] {logging_mixin.py:190} INFO - [2025-01-19T04:31:17.465+0000] {dag.py:3239} INFO - Sync 1 DAGs
[2025-01-19T04:31:17.536+0000] {logging_mixin.py:190} INFO - [2025-01-19T04:31:17.535+0000] {dag.py:4180} INFO - Setting next_dagrun for example_sensors to None, run_after=None
[2025-01-19T04:31:17.599+0000] {processor.py:208} INFO - Processing /home/airflow/.local/lib/python3.12/site-packages/airflow/example_dags/example_sensors.py took 0.410 seconds
[2025-01-19T04:31:53.007+0000] {processor.py:186} INFO - Started process (PID=485) to work on /home/airflow/.local/lib/python3.12/site-packages/airflow/example_dags/example_sensors.py
[2025-01-19T04:31:53.009+0000] {processor.py:914} INFO - Processing file /home/airflow/.local/lib/python3.12/site-packages/airflow/example_dags/example_sensors.py for tasks to queue
[2025-01-19T04:31:53.034+0000] {logging_mixin.py:190} INFO - [2025-01-19T04:31:53.033+0000] {dagbag.py:588} INFO - Filling up the DagBag from /home/airflow/.local/lib/python3.12/site-packages/airflow/example_dags/example_sensors.py
[2025-01-19T04:31:53.103+0000] {processor.py:925} INFO - DAG(s) 'example_sensors' retrieved from /home/airflow/.local/lib/python3.12/site-packages/airflow/example_dags/example_sensors.py
[2025-01-19T04:31:53.295+0000] {logging_mixin.py:190} INFO - [2025-01-19T04:31:53.294+0000] {dag.py:3239} INFO - Sync 1 DAGs
[2025-01-19T04:31:53.546+0000] {logging_mixin.py:190} INFO - [2025-01-19T04:31:53.546+0000] {dag.py:4180} INFO - Setting next_dagrun for example_sensors to None, run_after=None
[2025-01-19T04:31:53.695+0000] {processor.py:208} INFO - Processing /home/airflow/.local/lib/python3.12/site-packages/airflow/example_dags/example_sensors.py took 0.715 seconds
[2025-01-19T04:32:24.689+0000] {processor.py:186} INFO - Started process (PID=548) to work on /home/airflow/.local/lib/python3.12/site-packages/airflow/example_dags/example_sensors.py
[2025-01-19T04:32:24.693+0000] {processor.py:914} INFO - Processing file /home/airflow/.local/lib/python3.12/site-packages/airflow/example_dags/example_sensors.py for tasks to queue
[2025-01-19T04:32:24.706+0000] {logging_mixin.py:190} INFO - [2025-01-19T04:32:24.706+0000] {dagbag.py:588} INFO - Filling up the DagBag from /home/airflow/.local/lib/python3.12/site-packages/airflow/example_dags/example_sensors.py
[2025-01-19T04:32:24.745+0000] {processor.py:925} INFO - DAG(s) 'example_sensors' retrieved from /home/airflow/.local/lib/python3.12/site-packages/airflow/example_dags/example_sensors.py
[2025-01-19T04:32:24.879+0000] {logging_mixin.py:190} INFO - [2025-01-19T04:32:24.879+0000] {dag.py:3239} INFO - Sync 1 DAGs
[2025-01-19T04:32:24.919+0000] {logging_mixin.py:190} INFO - [2025-01-19T04:32:24.919+0000] {dag.py:4180} INFO - Setting next_dagrun for example_sensors to None, run_after=None
[2025-01-19T04:32:24.971+0000] {processor.py:208} INFO - Processing /home/airflow/.local/lib/python3.12/site-packages/airflow/example_dags/example_sensors.py took 0.340 seconds
[2025-01-19T04:32:58.666+0000] {processor.py:186} INFO - Started process (PID=611) to work on /home/airflow/.local/lib/python3.12/site-packages/airflow/example_dags/example_sensors.py
[2025-01-19T04:32:58.668+0000] {processor.py:914} INFO - Processing file /home/airflow/.local/lib/python3.12/site-packages/airflow/example_dags/example_sensors.py for tasks to queue
[2025-01-19T04:32:58.673+0000] {logging_mixin.py:190} INFO - [2025-01-19T04:32:58.673+0000] {dagbag.py:588} INFO - Filling up the DagBag from /home/airflow/.local/lib/python3.12/site-packages/airflow/example_dags/example_sensors.py
[2025-01-19T04:32:58.703+0000] {processor.py:925} INFO - DAG(s) 'example_sensors' retrieved from /home/airflow/.local/lib/python3.12/site-packages/airflow/example_dags/example_sensors.py
[2025-01-19T04:32:58.770+0000] {logging_mixin.py:190} INFO - [2025-01-19T04:32:58.770+0000] {dag.py:3239} INFO - Sync 1 DAGs
[2025-01-19T04:32:58.805+0000] {logging_mixin.py:190} INFO - [2025-01-19T04:32:58.805+0000] {dag.py:4180} INFO - Setting next_dagrun for example_sensors to None, run_after=None
[2025-01-19T04:32:58.855+0000] {processor.py:208} INFO - Processing /home/airflow/.local/lib/python3.12/site-packages/airflow/example_dags/example_sensors.py took 0.202 seconds
[2025-01-19T04:33:28.948+0000] {processor.py:186} INFO - Started process (PID=673) to work on /home/airflow/.local/lib/python3.12/site-packages/airflow/example_dags/example_sensors.py
[2025-01-19T04:33:28.951+0000] {processor.py:914} INFO - Processing file /home/airflow/.local/lib/python3.12/site-packages/airflow/example_dags/example_sensors.py for tasks to queue
[2025-01-19T04:33:28.955+0000] {logging_mixin.py:190} INFO - [2025-01-19T04:33:28.954+0000] {dagbag.py:588} INFO - Filling up the DagBag from /home/airflow/.local/lib/python3.12/site-packages/airflow/example_dags/example_sensors.py
[2025-01-19T04:33:28.991+0000] {processor.py:925} INFO - DAG(s) 'example_sensors' retrieved from /home/airflow/.local/lib/python3.12/site-packages/airflow/example_dags/example_sensors.py
[2025-01-19T04:33:29.053+0000] {logging_mixin.py:190} INFO - [2025-01-19T04:33:29.052+0000] {dag.py:3239} INFO - Sync 1 DAGs
[2025-01-19T04:33:29.090+0000] {logging_mixin.py:190} INFO - [2025-01-19T04:33:29.089+0000] {dag.py:4180} INFO - Setting next_dagrun for example_sensors to None, run_after=None
[2025-01-19T04:33:29.132+0000] {processor.py:208} INFO - Processing /home/airflow/.local/lib/python3.12/site-packages/airflow/example_dags/example_sensors.py took 0.200 seconds
[2025-01-19T04:33:59.345+0000] {processor.py:186} INFO - Started process (PID=736) to work on /home/airflow/.local/lib/python3.12/site-packages/airflow/example_dags/example_sensors.py
[2025-01-19T04:33:59.347+0000] {processor.py:914} INFO - Processing file /home/airflow/.local/lib/python3.12/site-packages/airflow/example_dags/example_sensors.py for tasks to queue
[2025-01-19T04:33:59.352+0000] {logging_mixin.py:190} INFO - [2025-01-19T04:33:59.351+0000] {dagbag.py:588} INFO - Filling up the DagBag from /home/airflow/.local/lib/python3.12/site-packages/airflow/example_dags/example_sensors.py
[2025-01-19T04:33:59.377+0000] {processor.py:925} INFO - DAG(s) 'example_sensors' retrieved from /home/airflow/.local/lib/python3.12/site-packages/airflow/example_dags/example_sensors.py
[2025-01-19T04:33:59.428+0000] {logging_mixin.py:190} INFO - [2025-01-19T04:33:59.428+0000] {dag.py:3239} INFO - Sync 1 DAGs
[2025-01-19T04:33:59.461+0000] {logging_mixin.py:190} INFO - [2025-01-19T04:33:59.460+0000] {dag.py:4180} INFO - Setting next_dagrun for example_sensors to None, run_after=None
[2025-01-19T04:33:59.519+0000] {processor.py:208} INFO - Processing /home/airflow/.local/lib/python3.12/site-packages/airflow/example_dags/example_sensors.py took 0.186 seconds
[2025-01-19T04:34:29.875+0000] {processor.py:186} INFO - Started process (PID=799) to work on /home/airflow/.local/lib/python3.12/site-packages/airflow/example_dags/example_sensors.py
[2025-01-19T04:34:29.878+0000] {processor.py:914} INFO - Processing file /home/airflow/.local/lib/python3.12/site-packages/airflow/example_dags/example_sensors.py for tasks to queue
[2025-01-19T04:34:29.883+0000] {logging_mixin.py:190} INFO - [2025-01-19T04:34:29.882+0000] {dagbag.py:588} INFO - Filling up the DagBag from /home/airflow/.local/lib/python3.12/site-packages/airflow/example_dags/example_sensors.py
[2025-01-19T04:34:29.922+0000] {processor.py:925} INFO - DAG(s) 'example_sensors' retrieved from /home/airflow/.local/lib/python3.12/site-packages/airflow/example_dags/example_sensors.py
[2025-01-19T04:34:30.070+0000] {logging_mixin.py:190} INFO - [2025-01-19T04:34:30.069+0000] {dag.py:3239} INFO - Sync 1 DAGs
[2025-01-19T04:34:30.144+0000] {logging_mixin.py:190} INFO - [2025-01-19T04:34:30.143+0000] {dag.py:4180} INFO - Setting next_dagrun for example_sensors to None, run_after=None
[2025-01-19T04:34:30.228+0000] {processor.py:208} INFO - Processing /home/airflow/.local/lib/python3.12/site-packages/airflow/example_dags/example_sensors.py took 0.369 seconds
[2025-01-19T04:35:01.708+0000] {processor.py:186} INFO - Started process (PID=862) to work on /home/airflow/.local/lib/python3.12/site-packages/airflow/example_dags/example_sensors.py
[2025-01-19T04:35:01.715+0000] {processor.py:914} INFO - Processing file /home/airflow/.local/lib/python3.12/site-packages/airflow/example_dags/example_sensors.py for tasks to queue
[2025-01-19T04:35:01.734+0000] {logging_mixin.py:190} INFO - [2025-01-19T04:35:01.733+0000] {dagbag.py:588} INFO - Filling up the DagBag from /home/airflow/.local/lib/python3.12/site-packages/airflow/example_dags/example_sensors.py
[2025-01-19T04:35:01.824+0000] {processor.py:925} INFO - DAG(s) 'example_sensors' retrieved from /home/airflow/.local/lib/python3.12/site-packages/airflow/example_dags/example_sensors.py
[2025-01-19T04:35:01.962+0000] {logging_mixin.py:190} INFO - [2025-01-19T04:35:01.961+0000] {dag.py:3239} INFO - Sync 1 DAGs
[2025-01-19T04:35:02.162+0000] {logging_mixin.py:190} INFO - [2025-01-19T04:35:02.161+0000] {dag.py:4180} INFO - Setting next_dagrun for example_sensors to None, run_after=None
[2025-01-19T04:35:02.384+0000] {processor.py:208} INFO - Processing /home/airflow/.local/lib/python3.12/site-packages/airflow/example_dags/example_sensors.py took 0.729 seconds
[2025-01-19T04:35:38.008+0000] {processor.py:186} INFO - Started process (PID=926) to work on /home/airflow/.local/lib/python3.12/site-packages/airflow/example_dags/example_sensors.py
[2025-01-19T04:35:38.012+0000] {processor.py:914} INFO - Processing file /home/airflow/.local/lib/python3.12/site-packages/airflow/example_dags/example_sensors.py for tasks to queue
[2025-01-19T04:35:38.017+0000] {logging_mixin.py:190} INFO - [2025-01-19T04:35:38.017+0000] {dagbag.py:588} INFO - Filling up the DagBag from /home/airflow/.local/lib/python3.12/site-packages/airflow/example_dags/example_sensors.py
[2025-01-19T04:35:38.047+0000] {processor.py:925} INFO - DAG(s) 'example_sensors' retrieved from /home/airflow/.local/lib/python3.12/site-packages/airflow/example_dags/example_sensors.py
[2025-01-19T04:35:38.117+0000] {logging_mixin.py:190} INFO - [2025-01-19T04:35:38.116+0000] {dag.py:3239} INFO - Sync 1 DAGs
[2025-01-19T04:35:38.163+0000] {logging_mixin.py:190} INFO - [2025-01-19T04:35:38.161+0000] {dag.py:4180} INFO - Setting next_dagrun for example_sensors to None, run_after=None
[2025-01-19T04:35:38.222+0000] {processor.py:208} INFO - Processing /home/airflow/.local/lib/python3.12/site-packages/airflow/example_dags/example_sensors.py took 0.228 seconds
[2025-01-19T04:36:08.443+0000] {processor.py:186} INFO - Started process (PID=989) to work on /home/airflow/.local/lib/python3.12/site-packages/airflow/example_dags/example_sensors.py
[2025-01-19T04:36:08.446+0000] {processor.py:914} INFO - Processing file /home/airflow/.local/lib/python3.12/site-packages/airflow/example_dags/example_sensors.py for tasks to queue
[2025-01-19T04:36:08.457+0000] {logging_mixin.py:190} INFO - [2025-01-19T04:36:08.456+0000] {dagbag.py:588} INFO - Filling up the DagBag from /home/airflow/.local/lib/python3.12/site-packages/airflow/example_dags/example_sensors.py
[2025-01-19T04:36:08.514+0000] {processor.py:925} INFO - DAG(s) 'example_sensors' retrieved from /home/airflow/.local/lib/python3.12/site-packages/airflow/example_dags/example_sensors.py
[2025-01-19T04:36:08.638+0000] {logging_mixin.py:190} INFO - [2025-01-19T04:36:08.637+0000] {dag.py:3239} INFO - Sync 1 DAGs
[2025-01-19T04:36:08.704+0000] {logging_mixin.py:190} INFO - [2025-01-19T04:36:08.704+0000] {dag.py:4180} INFO - Setting next_dagrun for example_sensors to None, run_after=None
[2025-01-19T04:36:08.752+0000] {processor.py:208} INFO - Processing /home/airflow/.local/lib/python3.12/site-packages/airflow/example_dags/example_sensors.py took 0.324 seconds
[2025-01-19T04:36:39.187+0000] {processor.py:186} INFO - Started process (PID=1052) to work on /home/airflow/.local/lib/python3.12/site-packages/airflow/example_dags/example_sensors.py
[2025-01-19T04:36:39.191+0000] {processor.py:914} INFO - Processing file /home/airflow/.local/lib/python3.12/site-packages/airflow/example_dags/example_sensors.py for tasks to queue
[2025-01-19T04:36:39.207+0000] {logging_mixin.py:190} INFO - [2025-01-19T04:36:39.200+0000] {dagbag.py:588} INFO - Filling up the DagBag from /home/airflow/.local/lib/python3.12/site-packages/airflow/example_dags/example_sensors.py
[2025-01-19T04:36:39.252+0000] {processor.py:925} INFO - DAG(s) 'example_sensors' retrieved from /home/airflow/.local/lib/python3.12/site-packages/airflow/example_dags/example_sensors.py
[2025-01-19T04:36:39.329+0000] {logging_mixin.py:190} INFO - [2025-01-19T04:36:39.329+0000] {dag.py:3239} INFO - Sync 1 DAGs
[2025-01-19T04:36:39.361+0000] {logging_mixin.py:190} INFO - [2025-01-19T04:36:39.360+0000] {dag.py:4180} INFO - Setting next_dagrun for example_sensors to None, run_after=None
[2025-01-19T04:36:39.415+0000] {processor.py:208} INFO - Processing /home/airflow/.local/lib/python3.12/site-packages/airflow/example_dags/example_sensors.py took 0.248 seconds
[2025-01-19T04:41:04.323+0000] {processor.py:186} INFO - Started process (PID=1070) to work on /home/airflow/.local/lib/python3.12/site-packages/airflow/example_dags/example_sensors.py
[2025-01-19T04:41:04.327+0000] {processor.py:914} INFO - Processing file /home/airflow/.local/lib/python3.12/site-packages/airflow/example_dags/example_sensors.py for tasks to queue
[2025-01-19T04:41:04.340+0000] {logging_mixin.py:190} INFO - [2025-01-19T04:41:04.339+0000] {dagbag.py:588} INFO - Filling up the DagBag from /home/airflow/.local/lib/python3.12/site-packages/airflow/example_dags/example_sensors.py
[2025-01-19T04:41:04.426+0000] {processor.py:925} INFO - DAG(s) 'example_sensors' retrieved from /home/airflow/.local/lib/python3.12/site-packages/airflow/example_dags/example_sensors.py
[2025-01-19T04:41:04.801+0000] {logging_mixin.py:190} INFO - [2025-01-19T04:41:04.797+0000] {dag.py:3239} INFO - Sync 1 DAGs
[2025-01-19T04:41:04.914+0000] {logging_mixin.py:190} INFO - [2025-01-19T04:41:04.912+0000] {dag.py:4180} INFO - Setting next_dagrun for example_sensors to None, run_after=None
[2025-01-19T04:41:04.994+0000] {processor.py:208} INFO - Processing /home/airflow/.local/lib/python3.12/site-packages/airflow/example_dags/example_sensors.py took 0.693 seconds
[2025-01-19T04:41:41.973+0000] {processor.py:186} INFO - Started process (PID=1129) to work on /home/airflow/.local/lib/python3.12/site-packages/airflow/example_dags/example_sensors.py
[2025-01-19T04:41:41.976+0000] {processor.py:914} INFO - Processing file /home/airflow/.local/lib/python3.12/site-packages/airflow/example_dags/example_sensors.py for tasks to queue
[2025-01-19T04:41:41.980+0000] {logging_mixin.py:190} INFO - [2025-01-19T04:41:41.979+0000] {dagbag.py:588} INFO - Filling up the DagBag from /home/airflow/.local/lib/python3.12/site-packages/airflow/example_dags/example_sensors.py
[2025-01-19T04:41:42.024+0000] {processor.py:925} INFO - DAG(s) 'example_sensors' retrieved from /home/airflow/.local/lib/python3.12/site-packages/airflow/example_dags/example_sensors.py
[2025-01-19T04:41:42.110+0000] {logging_mixin.py:190} INFO - [2025-01-19T04:41:42.109+0000] {dag.py:3239} INFO - Sync 1 DAGs
[2025-01-19T04:41:42.170+0000] {logging_mixin.py:190} INFO - [2025-01-19T04:41:42.170+0000] {dag.py:4180} INFO - Setting next_dagrun for example_sensors to None, run_after=None
[2025-01-19T04:41:42.255+0000] {processor.py:208} INFO - Processing /home/airflow/.local/lib/python3.12/site-packages/airflow/example_dags/example_sensors.py took 0.301 seconds
