[2025-01-19T04:13:02.320+0000] {processor.py:186} INFO - Started process (PID=465) to work on /home/airflow/.local/lib/python3.12/site-packages/airflow/example_dags/example_dag_decorator.py
[2025-01-19T04:13:02.323+0000] {processor.py:914} INFO - Processing file /home/airflow/.local/lib/python3.12/site-packages/airflow/example_dags/example_dag_decorator.py for tasks to queue
[2025-01-19T04:13:02.330+0000] {logging_mixin.py:190} INFO - [2025-01-19T04:13:02.329+0000] {dagbag.py:588} INFO - Filling up the DagBag from /home/airflow/.local/lib/python3.12/site-packages/airflow/example_dags/example_dag_decorator.py
[2025-01-19T04:13:02.398+0000] {processor.py:925} INFO - DAG(s) 'example_dag_decorator' retrieved from /home/airflow/.local/lib/python3.12/site-packages/airflow/example_dags/example_dag_decorator.py
[2025-01-19T04:13:02.918+0000] {logging_mixin.py:190} INFO - [2025-01-19T04:13:02.917+0000] {dag.py:3239} INFO - Sync 1 DAGs
[2025-01-19T04:13:03.097+0000] {logging_mixin.py:190} INFO - [2025-01-19T04:13:03.097+0000] {dag.py:4180} INFO - Setting next_dagrun for example_dag_decorator to None, run_after=None
[2025-01-19T04:13:03.199+0000] {processor.py:208} INFO - Processing /home/airflow/.local/lib/python3.12/site-packages/airflow/example_dags/example_dag_decorator.py took 0.902 seconds
[2025-01-19T04:13:34.347+0000] {processor.py:186} INFO - Started process (PID=528) to work on /home/airflow/.local/lib/python3.12/site-packages/airflow/example_dags/example_dag_decorator.py
[2025-01-19T04:13:34.363+0000] {processor.py:914} INFO - Processing file /home/airflow/.local/lib/python3.12/site-packages/airflow/example_dags/example_dag_decorator.py for tasks to queue
[2025-01-19T04:13:34.376+0000] {logging_mixin.py:190} INFO - [2025-01-19T04:13:34.375+0000] {dagbag.py:588} INFO - Filling up the DagBag from /home/airflow/.local/lib/python3.12/site-packages/airflow/example_dags/example_dag_decorator.py
[2025-01-19T04:13:34.430+0000] {processor.py:925} INFO - DAG(s) 'example_dag_decorator' retrieved from /home/airflow/.local/lib/python3.12/site-packages/airflow/example_dags/example_dag_decorator.py
[2025-01-19T04:13:35.111+0000] {logging_mixin.py:190} INFO - [2025-01-19T04:13:35.111+0000] {dag.py:3239} INFO - Sync 1 DAGs
[2025-01-19T04:13:35.176+0000] {logging_mixin.py:190} INFO - [2025-01-19T04:13:35.168+0000] {dag.py:4180} INFO - Setting next_dagrun for example_dag_decorator to None, run_after=None
[2025-01-19T04:13:35.239+0000] {processor.py:208} INFO - Processing /home/airflow/.local/lib/python3.12/site-packages/airflow/example_dags/example_dag_decorator.py took 0.927 seconds
[2025-01-19T04:14:06.960+0000] {processor.py:186} INFO - Started process (PID=594) to work on /home/airflow/.local/lib/python3.12/site-packages/airflow/example_dags/example_dag_decorator.py
[2025-01-19T04:14:06.962+0000] {processor.py:914} INFO - Processing file /home/airflow/.local/lib/python3.12/site-packages/airflow/example_dags/example_dag_decorator.py for tasks to queue
[2025-01-19T04:14:06.967+0000] {logging_mixin.py:190} INFO - [2025-01-19T04:14:06.966+0000] {dagbag.py:588} INFO - Filling up the DagBag from /home/airflow/.local/lib/python3.12/site-packages/airflow/example_dags/example_dag_decorator.py
[2025-01-19T04:14:07.000+0000] {processor.py:925} INFO - DAG(s) 'example_dag_decorator' retrieved from /home/airflow/.local/lib/python3.12/site-packages/airflow/example_dags/example_dag_decorator.py
[2025-01-19T04:14:07.453+0000] {logging_mixin.py:190} INFO - [2025-01-19T04:14:07.448+0000] {dag.py:3239} INFO - Sync 1 DAGs
[2025-01-19T04:14:07.538+0000] {logging_mixin.py:190} INFO - [2025-01-19T04:14:07.538+0000] {dag.py:4180} INFO - Setting next_dagrun for example_dag_decorator to None, run_after=None
[2025-01-19T04:14:07.674+0000] {processor.py:208} INFO - Processing /home/airflow/.local/lib/python3.12/site-packages/airflow/example_dags/example_dag_decorator.py took 0.730 seconds
[2025-01-19T04:15:20.428+0000] {processor.py:186} INFO - Started process (PID=644) to work on /home/airflow/.local/lib/python3.12/site-packages/airflow/example_dags/example_dag_decorator.py
[2025-01-19T04:15:20.430+0000] {processor.py:914} INFO - Processing file /home/airflow/.local/lib/python3.12/site-packages/airflow/example_dags/example_dag_decorator.py for tasks to queue
[2025-01-19T04:15:20.436+0000] {logging_mixin.py:190} INFO - [2025-01-19T04:15:20.435+0000] {dagbag.py:588} INFO - Filling up the DagBag from /home/airflow/.local/lib/python3.12/site-packages/airflow/example_dags/example_dag_decorator.py
[2025-01-19T04:15:20.482+0000] {processor.py:925} INFO - DAG(s) 'example_dag_decorator' retrieved from /home/airflow/.local/lib/python3.12/site-packages/airflow/example_dags/example_dag_decorator.py
[2025-01-19T04:15:20.972+0000] {logging_mixin.py:190} INFO - [2025-01-19T04:15:20.972+0000] {dag.py:3239} INFO - Sync 1 DAGs
[2025-01-19T04:15:21.013+0000] {logging_mixin.py:190} INFO - [2025-01-19T04:15:21.012+0000] {dag.py:4180} INFO - Setting next_dagrun for example_dag_decorator to None, run_after=None
[2025-01-19T04:15:21.064+0000] {processor.py:208} INFO - Processing /home/airflow/.local/lib/python3.12/site-packages/airflow/example_dags/example_dag_decorator.py took 0.663 seconds
[2025-01-19T04:18:25.390+0000] {processor.py:186} INFO - Started process (PID=701) to work on /home/airflow/.local/lib/python3.12/site-packages/airflow/example_dags/example_dag_decorator.py
[2025-01-19T04:18:25.430+0000] {processor.py:914} INFO - Processing file /home/airflow/.local/lib/python3.12/site-packages/airflow/example_dags/example_dag_decorator.py for tasks to queue
[2025-01-19T04:18:25.433+0000] {logging_mixin.py:190} INFO - [2025-01-19T04:18:25.433+0000] {dagbag.py:588} INFO - Filling up the DagBag from /home/airflow/.local/lib/python3.12/site-packages/airflow/example_dags/example_dag_decorator.py
[2025-01-19T04:18:25.502+0000] {processor.py:925} INFO - DAG(s) 'example_dag_decorator' retrieved from /home/airflow/.local/lib/python3.12/site-packages/airflow/example_dags/example_dag_decorator.py
[2025-01-19T04:18:26.328+0000] {logging_mixin.py:190} INFO - [2025-01-19T04:18:26.327+0000] {dag.py:3239} INFO - Sync 1 DAGs
[2025-01-19T04:18:26.394+0000] {logging_mixin.py:190} INFO - [2025-01-19T04:18:26.393+0000] {dag.py:4180} INFO - Setting next_dagrun for example_dag_decorator to None, run_after=None
[2025-01-19T04:18:26.507+0000] {processor.py:208} INFO - Processing /home/airflow/.local/lib/python3.12/site-packages/airflow/example_dags/example_dag_decorator.py took 1.170 seconds
[2025-01-19T04:18:56.784+0000] {processor.py:186} INFO - Started process (PID=765) to work on /home/airflow/.local/lib/python3.12/site-packages/airflow/example_dags/example_dag_decorator.py
[2025-01-19T04:18:56.787+0000] {processor.py:914} INFO - Processing file /home/airflow/.local/lib/python3.12/site-packages/airflow/example_dags/example_dag_decorator.py for tasks to queue
[2025-01-19T04:18:56.792+0000] {logging_mixin.py:190} INFO - [2025-01-19T04:18:56.791+0000] {dagbag.py:588} INFO - Filling up the DagBag from /home/airflow/.local/lib/python3.12/site-packages/airflow/example_dags/example_dag_decorator.py
[2025-01-19T04:18:56.858+0000] {processor.py:925} INFO - DAG(s) 'example_dag_decorator' retrieved from /home/airflow/.local/lib/python3.12/site-packages/airflow/example_dags/example_dag_decorator.py
[2025-01-19T04:18:57.286+0000] {logging_mixin.py:190} INFO - [2025-01-19T04:18:57.285+0000] {dag.py:3239} INFO - Sync 1 DAGs
[2025-01-19T04:18:57.361+0000] {logging_mixin.py:190} INFO - [2025-01-19T04:18:57.361+0000] {dag.py:4180} INFO - Setting next_dagrun for example_dag_decorator to None, run_after=None
[2025-01-19T04:18:57.439+0000] {processor.py:208} INFO - Processing /home/airflow/.local/lib/python3.12/site-packages/airflow/example_dags/example_dag_decorator.py took 0.673 seconds
[2025-01-19T04:19:28.376+0000] {processor.py:186} INFO - Started process (PID=827) to work on /home/airflow/.local/lib/python3.12/site-packages/airflow/example_dags/example_dag_decorator.py
[2025-01-19T04:19:28.384+0000] {processor.py:914} INFO - Processing file /home/airflow/.local/lib/python3.12/site-packages/airflow/example_dags/example_dag_decorator.py for tasks to queue
[2025-01-19T04:19:28.388+0000] {logging_mixin.py:190} INFO - [2025-01-19T04:19:28.387+0000] {dagbag.py:588} INFO - Filling up the DagBag from /home/airflow/.local/lib/python3.12/site-packages/airflow/example_dags/example_dag_decorator.py
[2025-01-19T04:19:28.441+0000] {processor.py:925} INFO - DAG(s) 'example_dag_decorator' retrieved from /home/airflow/.local/lib/python3.12/site-packages/airflow/example_dags/example_dag_decorator.py
[2025-01-19T04:19:29.084+0000] {logging_mixin.py:190} INFO - [2025-01-19T04:19:29.083+0000] {dag.py:3239} INFO - Sync 1 DAGs
[2025-01-19T04:19:29.172+0000] {logging_mixin.py:190} INFO - [2025-01-19T04:19:29.172+0000] {dag.py:4180} INFO - Setting next_dagrun for example_dag_decorator to None, run_after=None
[2025-01-19T04:19:29.316+0000] {processor.py:208} INFO - Processing /home/airflow/.local/lib/python3.12/site-packages/airflow/example_dags/example_dag_decorator.py took 0.965 seconds
[2025-01-19T04:19:59.586+0000] {processor.py:186} INFO - Started process (PID=891) to work on /home/airflow/.local/lib/python3.12/site-packages/airflow/example_dags/example_dag_decorator.py
[2025-01-19T04:19:59.588+0000] {processor.py:914} INFO - Processing file /home/airflow/.local/lib/python3.12/site-packages/airflow/example_dags/example_dag_decorator.py for tasks to queue
[2025-01-19T04:19:59.590+0000] {logging_mixin.py:190} INFO - [2025-01-19T04:19:59.590+0000] {dagbag.py:588} INFO - Filling up the DagBag from /home/airflow/.local/lib/python3.12/site-packages/airflow/example_dags/example_dag_decorator.py
[2025-01-19T04:19:59.611+0000] {processor.py:925} INFO - DAG(s) 'example_dag_decorator' retrieved from /home/airflow/.local/lib/python3.12/site-packages/airflow/example_dags/example_dag_decorator.py
[2025-01-19T04:20:00.157+0000] {logging_mixin.py:190} INFO - [2025-01-19T04:20:00.157+0000] {dag.py:3239} INFO - Sync 1 DAGs
[2025-01-19T04:20:00.182+0000] {logging_mixin.py:190} INFO - [2025-01-19T04:20:00.182+0000] {dag.py:4180} INFO - Setting next_dagrun for example_dag_decorator to None, run_after=None
[2025-01-19T04:20:00.251+0000] {processor.py:208} INFO - Processing /home/airflow/.local/lib/python3.12/site-packages/airflow/example_dags/example_dag_decorator.py took 0.675 seconds
[2025-01-19T04:20:29.551+0000] {processor.py:186} INFO - Started process (PID=954) to work on /home/airflow/.local/lib/python3.12/site-packages/airflow/example_dags/example_dag_decorator.py
[2025-01-19T04:20:29.556+0000] {processor.py:914} INFO - Processing file /home/airflow/.local/lib/python3.12/site-packages/airflow/example_dags/example_dag_decorator.py for tasks to queue
[2025-01-19T04:20:29.560+0000] {logging_mixin.py:190} INFO - [2025-01-19T04:20:29.559+0000] {dagbag.py:588} INFO - Filling up the DagBag from /home/airflow/.local/lib/python3.12/site-packages/airflow/example_dags/example_dag_decorator.py
[2025-01-19T04:20:29.595+0000] {processor.py:925} INFO - DAG(s) 'example_dag_decorator' retrieved from /home/airflow/.local/lib/python3.12/site-packages/airflow/example_dags/example_dag_decorator.py
[2025-01-19T04:20:29.624+0000] {logging_mixin.py:190} INFO - [2025-01-19T04:20:29.623+0000] {dag.py:3239} INFO - Sync 1 DAGs
[2025-01-19T04:20:29.657+0000] {logging_mixin.py:190} INFO - [2025-01-19T04:20:29.657+0000] {dag.py:4180} INFO - Setting next_dagrun for example_dag_decorator to None, run_after=None
[2025-01-19T04:20:29.701+0000] {processor.py:208} INFO - Processing /home/airflow/.local/lib/python3.12/site-packages/airflow/example_dags/example_dag_decorator.py took 0.168 seconds
[2025-01-19T04:21:26.821+0000] {processor.py:186} INFO - Started process (PID=1023) to work on /home/airflow/.local/lib/python3.12/site-packages/airflow/example_dags/example_dag_decorator.py
[2025-01-19T04:21:26.824+0000] {processor.py:914} INFO - Processing file /home/airflow/.local/lib/python3.12/site-packages/airflow/example_dags/example_dag_decorator.py for tasks to queue
[2025-01-19T04:21:26.830+0000] {logging_mixin.py:190} INFO - [2025-01-19T04:21:26.827+0000] {dagbag.py:588} INFO - Filling up the DagBag from /home/airflow/.local/lib/python3.12/site-packages/airflow/example_dags/example_dag_decorator.py
[2025-01-19T04:21:26.870+0000] {processor.py:925} INFO - DAG(s) 'example_dag_decorator' retrieved from /home/airflow/.local/lib/python3.12/site-packages/airflow/example_dags/example_dag_decorator.py
[2025-01-19T04:21:27.577+0000] {logging_mixin.py:190} INFO - [2025-01-19T04:21:27.577+0000] {dag.py:3239} INFO - Sync 1 DAGs
[2025-01-19T04:21:27.646+0000] {logging_mixin.py:190} INFO - [2025-01-19T04:21:27.645+0000] {dag.py:4180} INFO - Setting next_dagrun for example_dag_decorator to None, run_after=None
[2025-01-19T04:21:27.711+0000] {processor.py:208} INFO - Processing /home/airflow/.local/lib/python3.12/site-packages/airflow/example_dags/example_dag_decorator.py took 0.909 seconds
[2025-01-19T04:27:40.483+0000] {processor.py:186} INFO - Started process (PID=78) to work on /home/airflow/.local/lib/python3.12/site-packages/airflow/example_dags/example_dag_decorator.py
[2025-01-19T04:27:40.493+0000] {processor.py:914} INFO - Processing file /home/airflow/.local/lib/python3.12/site-packages/airflow/example_dags/example_dag_decorator.py for tasks to queue
[2025-01-19T04:27:40.524+0000] {logging_mixin.py:190} INFO - [2025-01-19T04:27:40.523+0000] {dagbag.py:588} INFO - Filling up the DagBag from /home/airflow/.local/lib/python3.12/site-packages/airflow/example_dags/example_dag_decorator.py
[2025-01-19T04:27:41.021+0000] {processor.py:925} INFO - DAG(s) 'example_dag_decorator' retrieved from /home/airflow/.local/lib/python3.12/site-packages/airflow/example_dags/example_dag_decorator.py
[2025-01-19T04:27:43.026+0000] {logging_mixin.py:190} INFO - [2025-01-19T04:27:43.023+0000] {override.py:1911} INFO - Created Permission View: can delete on DAG:example_dag_decorator
[2025-01-19T04:27:43.119+0000] {logging_mixin.py:190} INFO - [2025-01-19T04:27:43.119+0000] {override.py:1911} INFO - Created Permission View: can edit on DAG:example_dag_decorator
[2025-01-19T04:27:43.206+0000] {logging_mixin.py:190} INFO - [2025-01-19T04:27:43.204+0000] {override.py:1911} INFO - Created Permission View: can read on DAG:example_dag_decorator
[2025-01-19T04:27:43.261+0000] {logging_mixin.py:190} INFO - [2025-01-19T04:27:43.260+0000] {override.py:1911} INFO - Created Permission View: can create on DAG Run:example_dag_decorator
[2025-01-19T04:27:43.288+0000] {logging_mixin.py:190} INFO - [2025-01-19T04:27:43.288+0000] {override.py:1911} INFO - Created Permission View: menu access on DAG Run:example_dag_decorator
[2025-01-19T04:27:43.308+0000] {logging_mixin.py:190} INFO - [2025-01-19T04:27:43.307+0000] {override.py:1911} INFO - Created Permission View: can delete on DAG Run:example_dag_decorator
[2025-01-19T04:27:43.325+0000] {logging_mixin.py:190} INFO - [2025-01-19T04:27:43.324+0000] {override.py:1911} INFO - Created Permission View: can read on DAG Run:example_dag_decorator
[2025-01-19T04:27:43.327+0000] {logging_mixin.py:190} INFO - [2025-01-19T04:27:43.326+0000] {dag.py:3239} INFO - Sync 1 DAGs
[2025-01-19T04:27:43.394+0000] {logging_mixin.py:190} INFO - [2025-01-19T04:27:43.394+0000] {dag.py:3262} INFO - Creating ORM DAG for example_dag_decorator
[2025-01-19T04:27:43.398+0000] {logging_mixin.py:190} INFO - [2025-01-19T04:27:43.397+0000] {dag.py:4180} INFO - Setting next_dagrun for example_dag_decorator to None, run_after=None
[2025-01-19T04:27:43.461+0000] {processor.py:208} INFO - Processing /home/airflow/.local/lib/python3.12/site-packages/airflow/example_dags/example_dag_decorator.py took 3.181 seconds
[2025-01-19T04:28:28.874+0000] {processor.py:186} INFO - Started process (PID=147) to work on /home/airflow/.local/lib/python3.12/site-packages/airflow/example_dags/example_dag_decorator.py
[2025-01-19T04:28:28.890+0000] {processor.py:914} INFO - Processing file /home/airflow/.local/lib/python3.12/site-packages/airflow/example_dags/example_dag_decorator.py for tasks to queue
[2025-01-19T04:28:28.906+0000] {logging_mixin.py:190} INFO - [2025-01-19T04:28:28.905+0000] {dagbag.py:588} INFO - Filling up the DagBag from /home/airflow/.local/lib/python3.12/site-packages/airflow/example_dags/example_dag_decorator.py
[2025-01-19T04:28:28.985+0000] {processor.py:925} INFO - DAG(s) 'example_dag_decorator' retrieved from /home/airflow/.local/lib/python3.12/site-packages/airflow/example_dags/example_dag_decorator.py
[2025-01-19T04:28:29.739+0000] {logging_mixin.py:190} INFO - [2025-01-19T04:28:29.738+0000] {dag.py:3239} INFO - Sync 1 DAGs
[2025-01-19T04:28:29.782+0000] {logging_mixin.py:190} INFO - [2025-01-19T04:28:29.781+0000] {dag.py:4180} INFO - Setting next_dagrun for example_dag_decorator to None, run_after=None
[2025-01-19T04:28:29.906+0000] {processor.py:208} INFO - Processing /home/airflow/.local/lib/python3.12/site-packages/airflow/example_dags/example_dag_decorator.py took 1.067 seconds
[2025-01-19T04:29:00.166+0000] {processor.py:186} INFO - Started process (PID=211) to work on /home/airflow/.local/lib/python3.12/site-packages/airflow/example_dags/example_dag_decorator.py
[2025-01-19T04:29:00.168+0000] {processor.py:914} INFO - Processing file /home/airflow/.local/lib/python3.12/site-packages/airflow/example_dags/example_dag_decorator.py for tasks to queue
[2025-01-19T04:29:00.174+0000] {logging_mixin.py:190} INFO - [2025-01-19T04:29:00.173+0000] {dagbag.py:588} INFO - Filling up the DagBag from /home/airflow/.local/lib/python3.12/site-packages/airflow/example_dags/example_dag_decorator.py
[2025-01-19T04:29:00.200+0000] {processor.py:925} INFO - DAG(s) 'example_dag_decorator' retrieved from /home/airflow/.local/lib/python3.12/site-packages/airflow/example_dags/example_dag_decorator.py
[2025-01-19T04:29:00.479+0000] {logging_mixin.py:190} INFO - [2025-01-19T04:29:00.478+0000] {dag.py:3239} INFO - Sync 1 DAGs
[2025-01-19T04:29:00.537+0000] {logging_mixin.py:190} INFO - [2025-01-19T04:29:00.536+0000] {dag.py:4180} INFO - Setting next_dagrun for example_dag_decorator to None, run_after=None
[2025-01-19T04:29:00.614+0000] {processor.py:208} INFO - Processing /home/airflow/.local/lib/python3.12/site-packages/airflow/example_dags/example_dag_decorator.py took 0.463 seconds
[2025-01-19T04:29:30.752+0000] {processor.py:186} INFO - Started process (PID=274) to work on /home/airflow/.local/lib/python3.12/site-packages/airflow/example_dags/example_dag_decorator.py
[2025-01-19T04:29:30.753+0000] {processor.py:914} INFO - Processing file /home/airflow/.local/lib/python3.12/site-packages/airflow/example_dags/example_dag_decorator.py for tasks to queue
[2025-01-19T04:29:30.758+0000] {logging_mixin.py:190} INFO - [2025-01-19T04:29:30.757+0000] {dagbag.py:588} INFO - Filling up the DagBag from /home/airflow/.local/lib/python3.12/site-packages/airflow/example_dags/example_dag_decorator.py
[2025-01-19T04:29:30.785+0000] {processor.py:925} INFO - DAG(s) 'example_dag_decorator' retrieved from /home/airflow/.local/lib/python3.12/site-packages/airflow/example_dags/example_dag_decorator.py
[2025-01-19T04:29:31.060+0000] {logging_mixin.py:190} INFO - [2025-01-19T04:29:31.059+0000] {dag.py:3239} INFO - Sync 1 DAGs
[2025-01-19T04:29:31.094+0000] {logging_mixin.py:190} INFO - [2025-01-19T04:29:31.093+0000] {dag.py:4180} INFO - Setting next_dagrun for example_dag_decorator to None, run_after=None
[2025-01-19T04:29:31.144+0000] {processor.py:208} INFO - Processing /home/airflow/.local/lib/python3.12/site-packages/airflow/example_dags/example_dag_decorator.py took 0.405 seconds
[2025-01-19T04:30:09.985+0000] {processor.py:186} INFO - Started process (PID=313) to work on /home/airflow/.local/lib/python3.12/site-packages/airflow/example_dags/example_dag_decorator.py
[2025-01-19T04:30:09.988+0000] {processor.py:914} INFO - Processing file /home/airflow/.local/lib/python3.12/site-packages/airflow/example_dags/example_dag_decorator.py for tasks to queue
[2025-01-19T04:30:09.992+0000] {logging_mixin.py:190} INFO - [2025-01-19T04:30:09.992+0000] {dagbag.py:588} INFO - Filling up the DagBag from /home/airflow/.local/lib/python3.12/site-packages/airflow/example_dags/example_dag_decorator.py
[2025-01-19T04:30:10.018+0000] {processor.py:925} INFO - DAG(s) 'example_dag_decorator' retrieved from /home/airflow/.local/lib/python3.12/site-packages/airflow/example_dags/example_dag_decorator.py
[2025-01-19T04:30:10.475+0000] {logging_mixin.py:190} INFO - [2025-01-19T04:30:10.475+0000] {dag.py:3239} INFO - Sync 1 DAGs
[2025-01-19T04:30:10.523+0000] {logging_mixin.py:190} INFO - [2025-01-19T04:30:10.519+0000] {dag.py:4180} INFO - Setting next_dagrun for example_dag_decorator to None, run_after=None
[2025-01-19T04:30:10.608+0000] {processor.py:208} INFO - Processing /home/airflow/.local/lib/python3.12/site-packages/airflow/example_dags/example_dag_decorator.py took 0.636 seconds
[2025-01-19T04:30:42.833+0000] {processor.py:186} INFO - Started process (PID=376) to work on /home/airflow/.local/lib/python3.12/site-packages/airflow/example_dags/example_dag_decorator.py
[2025-01-19T04:30:42.835+0000] {processor.py:914} INFO - Processing file /home/airflow/.local/lib/python3.12/site-packages/airflow/example_dags/example_dag_decorator.py for tasks to queue
[2025-01-19T04:30:42.842+0000] {logging_mixin.py:190} INFO - [2025-01-19T04:30:42.841+0000] {dagbag.py:588} INFO - Filling up the DagBag from /home/airflow/.local/lib/python3.12/site-packages/airflow/example_dags/example_dag_decorator.py
[2025-01-19T04:30:42.887+0000] {processor.py:925} INFO - DAG(s) 'example_dag_decorator' retrieved from /home/airflow/.local/lib/python3.12/site-packages/airflow/example_dags/example_dag_decorator.py
[2025-01-19T04:30:43.331+0000] {logging_mixin.py:190} INFO - [2025-01-19T04:30:43.331+0000] {dag.py:3239} INFO - Sync 1 DAGs
[2025-01-19T04:30:43.355+0000] {logging_mixin.py:190} INFO - [2025-01-19T04:30:43.354+0000] {dag.py:4180} INFO - Setting next_dagrun for example_dag_decorator to None, run_after=None
[2025-01-19T04:30:43.394+0000] {processor.py:208} INFO - Processing /home/airflow/.local/lib/python3.12/site-packages/airflow/example_dags/example_dag_decorator.py took 0.574 seconds
[2025-01-19T04:31:21.643+0000] {processor.py:186} INFO - Started process (PID=440) to work on /home/airflow/.local/lib/python3.12/site-packages/airflow/example_dags/example_dag_decorator.py
[2025-01-19T04:31:21.646+0000] {processor.py:914} INFO - Processing file /home/airflow/.local/lib/python3.12/site-packages/airflow/example_dags/example_dag_decorator.py for tasks to queue
[2025-01-19T04:31:21.654+0000] {logging_mixin.py:190} INFO - [2025-01-19T04:31:21.652+0000] {dagbag.py:588} INFO - Filling up the DagBag from /home/airflow/.local/lib/python3.12/site-packages/airflow/example_dags/example_dag_decorator.py
[2025-01-19T04:31:21.700+0000] {processor.py:925} INFO - DAG(s) 'example_dag_decorator' retrieved from /home/airflow/.local/lib/python3.12/site-packages/airflow/example_dags/example_dag_decorator.py
[2025-01-19T04:31:22.080+0000] {logging_mixin.py:190} INFO - [2025-01-19T04:31:22.080+0000] {dag.py:3239} INFO - Sync 1 DAGs
[2025-01-19T04:31:22.116+0000] {logging_mixin.py:190} INFO - [2025-01-19T04:31:22.116+0000] {dag.py:4180} INFO - Setting next_dagrun for example_dag_decorator to None, run_after=None
[2025-01-19T04:31:22.168+0000] {processor.py:208} INFO - Processing /home/airflow/.local/lib/python3.12/site-packages/airflow/example_dags/example_dag_decorator.py took 0.564 seconds
[2025-01-19T04:31:57.049+0000] {processor.py:186} INFO - Started process (PID=505) to work on /home/airflow/.local/lib/python3.12/site-packages/airflow/example_dags/example_dag_decorator.py
[2025-01-19T04:31:57.051+0000] {processor.py:914} INFO - Processing file /home/airflow/.local/lib/python3.12/site-packages/airflow/example_dags/example_dag_decorator.py for tasks to queue
[2025-01-19T04:31:57.056+0000] {logging_mixin.py:190} INFO - [2025-01-19T04:31:57.056+0000] {dagbag.py:588} INFO - Filling up the DagBag from /home/airflow/.local/lib/python3.12/site-packages/airflow/example_dags/example_dag_decorator.py
[2025-01-19T04:31:57.083+0000] {processor.py:925} INFO - DAG(s) 'example_dag_decorator' retrieved from /home/airflow/.local/lib/python3.12/site-packages/airflow/example_dags/example_dag_decorator.py
[2025-01-19T04:31:57.395+0000] {logging_mixin.py:190} INFO - [2025-01-19T04:31:57.394+0000] {dag.py:3239} INFO - Sync 1 DAGs
[2025-01-19T04:31:57.443+0000] {logging_mixin.py:190} INFO - [2025-01-19T04:31:57.442+0000] {dag.py:4180} INFO - Setting next_dagrun for example_dag_decorator to None, run_after=None
[2025-01-19T04:31:57.497+0000] {processor.py:208} INFO - Processing /home/airflow/.local/lib/python3.12/site-packages/airflow/example_dags/example_dag_decorator.py took 0.462 seconds
[2025-01-19T04:32:28.989+0000] {processor.py:186} INFO - Started process (PID=566) to work on /home/airflow/.local/lib/python3.12/site-packages/airflow/example_dags/example_dag_decorator.py
[2025-01-19T04:32:28.992+0000] {processor.py:914} INFO - Processing file /home/airflow/.local/lib/python3.12/site-packages/airflow/example_dags/example_dag_decorator.py for tasks to queue
[2025-01-19T04:32:29.017+0000] {logging_mixin.py:190} INFO - [2025-01-19T04:32:29.001+0000] {dagbag.py:588} INFO - Filling up the DagBag from /home/airflow/.local/lib/python3.12/site-packages/airflow/example_dags/example_dag_decorator.py
[2025-01-19T04:32:29.064+0000] {processor.py:925} INFO - DAG(s) 'example_dag_decorator' retrieved from /home/airflow/.local/lib/python3.12/site-packages/airflow/example_dags/example_dag_decorator.py
[2025-01-19T04:32:29.152+0000] {logging_mixin.py:190} INFO - [2025-01-19T04:32:29.151+0000] {dag.py:3239} INFO - Sync 1 DAGs
[2025-01-19T04:32:29.213+0000] {logging_mixin.py:190} INFO - [2025-01-19T04:32:29.212+0000] {dag.py:4180} INFO - Setting next_dagrun for example_dag_decorator to None, run_after=None
[2025-01-19T04:32:29.308+0000] {processor.py:208} INFO - Processing /home/airflow/.local/lib/python3.12/site-packages/airflow/example_dags/example_dag_decorator.py took 0.339 seconds
[2025-01-19T04:33:03.776+0000] {processor.py:186} INFO - Started process (PID=629) to work on /home/airflow/.local/lib/python3.12/site-packages/airflow/example_dags/example_dag_decorator.py
[2025-01-19T04:33:03.778+0000] {processor.py:914} INFO - Processing file /home/airflow/.local/lib/python3.12/site-packages/airflow/example_dags/example_dag_decorator.py for tasks to queue
[2025-01-19T04:33:03.783+0000] {logging_mixin.py:190} INFO - [2025-01-19T04:33:03.782+0000] {dagbag.py:588} INFO - Filling up the DagBag from /home/airflow/.local/lib/python3.12/site-packages/airflow/example_dags/example_dag_decorator.py
[2025-01-19T04:33:03.812+0000] {processor.py:925} INFO - DAG(s) 'example_dag_decorator' retrieved from /home/airflow/.local/lib/python3.12/site-packages/airflow/example_dags/example_dag_decorator.py
[2025-01-19T04:33:04.215+0000] {logging_mixin.py:190} INFO - [2025-01-19T04:33:04.214+0000] {dag.py:3239} INFO - Sync 1 DAGs
[2025-01-19T04:33:04.260+0000] {logging_mixin.py:190} INFO - [2025-01-19T04:33:04.259+0000] {dag.py:4180} INFO - Setting next_dagrun for example_dag_decorator to None, run_after=None
[2025-01-19T04:33:04.369+0000] {processor.py:208} INFO - Processing /home/airflow/.local/lib/python3.12/site-packages/airflow/example_dags/example_dag_decorator.py took 0.608 seconds
[2025-01-19T04:33:34.618+0000] {processor.py:186} INFO - Started process (PID=693) to work on /home/airflow/.local/lib/python3.12/site-packages/airflow/example_dags/example_dag_decorator.py
[2025-01-19T04:33:34.621+0000] {processor.py:914} INFO - Processing file /home/airflow/.local/lib/python3.12/site-packages/airflow/example_dags/example_dag_decorator.py for tasks to queue
[2025-01-19T04:33:34.627+0000] {logging_mixin.py:190} INFO - [2025-01-19T04:33:34.626+0000] {dagbag.py:588} INFO - Filling up the DagBag from /home/airflow/.local/lib/python3.12/site-packages/airflow/example_dags/example_dag_decorator.py
[2025-01-19T04:33:34.654+0000] {processor.py:925} INFO - DAG(s) 'example_dag_decorator' retrieved from /home/airflow/.local/lib/python3.12/site-packages/airflow/example_dags/example_dag_decorator.py
[2025-01-19T04:33:35.145+0000] {logging_mixin.py:190} INFO - [2025-01-19T04:33:35.144+0000] {dag.py:3239} INFO - Sync 1 DAGs
[2025-01-19T04:33:35.182+0000] {logging_mixin.py:190} INFO - [2025-01-19T04:33:35.181+0000] {dag.py:4180} INFO - Setting next_dagrun for example_dag_decorator to None, run_after=None
[2025-01-19T04:33:35.244+0000] {processor.py:208} INFO - Processing /home/airflow/.local/lib/python3.12/site-packages/airflow/example_dags/example_dag_decorator.py took 0.643 seconds
[2025-01-19T04:34:06.619+0000] {processor.py:186} INFO - Started process (PID=756) to work on /home/airflow/.local/lib/python3.12/site-packages/airflow/example_dags/example_dag_decorator.py
[2025-01-19T04:34:06.625+0000] {processor.py:914} INFO - Processing file /home/airflow/.local/lib/python3.12/site-packages/airflow/example_dags/example_dag_decorator.py for tasks to queue
[2025-01-19T04:34:06.630+0000] {logging_mixin.py:190} INFO - [2025-01-19T04:34:06.629+0000] {dagbag.py:588} INFO - Filling up the DagBag from /home/airflow/.local/lib/python3.12/site-packages/airflow/example_dags/example_dag_decorator.py
[2025-01-19T04:34:06.680+0000] {processor.py:925} INFO - DAG(s) 'example_dag_decorator' retrieved from /home/airflow/.local/lib/python3.12/site-packages/airflow/example_dags/example_dag_decorator.py
[2025-01-19T04:34:07.208+0000] {logging_mixin.py:190} INFO - [2025-01-19T04:34:07.208+0000] {dag.py:3239} INFO - Sync 1 DAGs
[2025-01-19T04:34:07.280+0000] {logging_mixin.py:190} INFO - [2025-01-19T04:34:07.280+0000] {dag.py:4180} INFO - Setting next_dagrun for example_dag_decorator to None, run_after=None
[2025-01-19T04:34:07.383+0000] {processor.py:208} INFO - Processing /home/airflow/.local/lib/python3.12/site-packages/airflow/example_dags/example_dag_decorator.py took 0.787 seconds
[2025-01-19T04:34:37.523+0000] {processor.py:186} INFO - Started process (PID=827) to work on /home/airflow/.local/lib/python3.12/site-packages/airflow/example_dags/example_dag_decorator.py
[2025-01-19T04:34:37.526+0000] {processor.py:914} INFO - Processing file /home/airflow/.local/lib/python3.12/site-packages/airflow/example_dags/example_dag_decorator.py for tasks to queue
[2025-01-19T04:34:37.531+0000] {logging_mixin.py:190} INFO - [2025-01-19T04:34:37.530+0000] {dagbag.py:588} INFO - Filling up the DagBag from /home/airflow/.local/lib/python3.12/site-packages/airflow/example_dags/example_dag_decorator.py
[2025-01-19T04:34:37.556+0000] {processor.py:925} INFO - DAG(s) 'example_dag_decorator' retrieved from /home/airflow/.local/lib/python3.12/site-packages/airflow/example_dags/example_dag_decorator.py
[2025-01-19T04:34:37.610+0000] {logging_mixin.py:190} INFO - [2025-01-19T04:34:37.609+0000] {dag.py:3239} INFO - Sync 1 DAGs
[2025-01-19T04:34:37.647+0000] {logging_mixin.py:190} INFO - [2025-01-19T04:34:37.646+0000] {dag.py:4180} INFO - Setting next_dagrun for example_dag_decorator to None, run_after=None
[2025-01-19T04:34:37.704+0000] {processor.py:208} INFO - Processing /home/airflow/.local/lib/python3.12/site-packages/airflow/example_dags/example_dag_decorator.py took 0.196 seconds
[2025-01-19T04:35:19.074+0000] {processor.py:186} INFO - Started process (PID=886) to work on /home/airflow/.local/lib/python3.12/site-packages/airflow/example_dags/example_dag_decorator.py
[2025-01-19T04:35:19.077+0000] {processor.py:914} INFO - Processing file /home/airflow/.local/lib/python3.12/site-packages/airflow/example_dags/example_dag_decorator.py for tasks to queue
[2025-01-19T04:35:19.084+0000] {logging_mixin.py:190} INFO - [2025-01-19T04:35:19.083+0000] {dagbag.py:588} INFO - Filling up the DagBag from /home/airflow/.local/lib/python3.12/site-packages/airflow/example_dags/example_dag_decorator.py
[2025-01-19T04:35:19.118+0000] {processor.py:925} INFO - DAG(s) 'example_dag_decorator' retrieved from /home/airflow/.local/lib/python3.12/site-packages/airflow/example_dags/example_dag_decorator.py
[2025-01-19T04:35:20.539+0000] {logging_mixin.py:190} INFO - [2025-01-19T04:35:20.538+0000] {dag.py:3239} INFO - Sync 1 DAGs
[2025-01-19T04:35:20.580+0000] {logging_mixin.py:190} INFO - [2025-01-19T04:35:20.580+0000] {dag.py:4180} INFO - Setting next_dagrun for example_dag_decorator to None, run_after=None
[2025-01-19T04:35:21.074+0000] {processor.py:208} INFO - Processing /home/airflow/.local/lib/python3.12/site-packages/airflow/example_dags/example_dag_decorator.py took 2.026 seconds
[2025-01-19T04:35:51.497+0000] {processor.py:186} INFO - Started process (PID=949) to work on /home/airflow/.local/lib/python3.12/site-packages/airflow/example_dags/example_dag_decorator.py
[2025-01-19T04:35:51.499+0000] {processor.py:914} INFO - Processing file /home/airflow/.local/lib/python3.12/site-packages/airflow/example_dags/example_dag_decorator.py for tasks to queue
[2025-01-19T04:35:51.504+0000] {logging_mixin.py:190} INFO - [2025-01-19T04:35:51.503+0000] {dagbag.py:588} INFO - Filling up the DagBag from /home/airflow/.local/lib/python3.12/site-packages/airflow/example_dags/example_dag_decorator.py
[2025-01-19T04:35:51.534+0000] {processor.py:925} INFO - DAG(s) 'example_dag_decorator' retrieved from /home/airflow/.local/lib/python3.12/site-packages/airflow/example_dags/example_dag_decorator.py
[2025-01-19T04:35:51.904+0000] {logging_mixin.py:190} INFO - [2025-01-19T04:35:51.904+0000] {dag.py:3239} INFO - Sync 1 DAGs
[2025-01-19T04:35:51.931+0000] {logging_mixin.py:190} INFO - [2025-01-19T04:35:51.930+0000] {dag.py:4180} INFO - Setting next_dagrun for example_dag_decorator to None, run_after=None
[2025-01-19T04:35:51.980+0000] {processor.py:208} INFO - Processing /home/airflow/.local/lib/python3.12/site-packages/airflow/example_dags/example_dag_decorator.py took 0.498 seconds
[2025-01-19T04:36:22.311+0000] {processor.py:186} INFO - Started process (PID=1011) to work on /home/airflow/.local/lib/python3.12/site-packages/airflow/example_dags/example_dag_decorator.py
[2025-01-19T04:36:22.313+0000] {processor.py:914} INFO - Processing file /home/airflow/.local/lib/python3.12/site-packages/airflow/example_dags/example_dag_decorator.py for tasks to queue
[2025-01-19T04:36:22.317+0000] {logging_mixin.py:190} INFO - [2025-01-19T04:36:22.316+0000] {dagbag.py:588} INFO - Filling up the DagBag from /home/airflow/.local/lib/python3.12/site-packages/airflow/example_dags/example_dag_decorator.py
[2025-01-19T04:36:22.340+0000] {processor.py:925} INFO - DAG(s) 'example_dag_decorator' retrieved from /home/airflow/.local/lib/python3.12/site-packages/airflow/example_dags/example_dag_decorator.py
[2025-01-19T04:36:22.667+0000] {logging_mixin.py:190} INFO - [2025-01-19T04:36:22.667+0000] {dag.py:3239} INFO - Sync 1 DAGs
[2025-01-19T04:36:22.706+0000] {logging_mixin.py:190} INFO - [2025-01-19T04:36:22.705+0000] {dag.py:4180} INFO - Setting next_dagrun for example_dag_decorator to None, run_after=None
[2025-01-19T04:36:22.770+0000] {processor.py:208} INFO - Processing /home/airflow/.local/lib/python3.12/site-packages/airflow/example_dags/example_dag_decorator.py took 0.472 seconds
[2025-01-19T04:41:09.707+0000] {processor.py:186} INFO - Started process (PID=1087) to work on /home/airflow/.local/lib/python3.12/site-packages/airflow/example_dags/example_dag_decorator.py
[2025-01-19T04:41:09.734+0000] {processor.py:914} INFO - Processing file /home/airflow/.local/lib/python3.12/site-packages/airflow/example_dags/example_dag_decorator.py for tasks to queue
[2025-01-19T04:41:09.743+0000] {logging_mixin.py:190} INFO - [2025-01-19T04:41:09.742+0000] {dagbag.py:588} INFO - Filling up the DagBag from /home/airflow/.local/lib/python3.12/site-packages/airflow/example_dags/example_dag_decorator.py
[2025-01-19T04:41:09.843+0000] {processor.py:925} INFO - DAG(s) 'example_dag_decorator' retrieved from /home/airflow/.local/lib/python3.12/site-packages/airflow/example_dags/example_dag_decorator.py
[2025-01-19T04:41:11.781+0000] {logging_mixin.py:190} INFO - [2025-01-19T04:41:11.780+0000] {dag.py:3239} INFO - Sync 1 DAGs
[2025-01-19T04:41:11.940+0000] {logging_mixin.py:190} INFO - [2025-01-19T04:41:11.929+0000] {dag.py:4180} INFO - Setting next_dagrun for example_dag_decorator to None, run_after=None
[2025-01-19T04:41:12.116+0000] {processor.py:208} INFO - Processing /home/airflow/.local/lib/python3.12/site-packages/airflow/example_dags/example_dag_decorator.py took 2.464 seconds
[2025-01-19T04:42:11.966+0000] {processor.py:186} INFO - Started process (PID=1150) to work on /home/airflow/.local/lib/python3.12/site-packages/airflow/example_dags/example_dag_decorator.py
[2025-01-19T04:42:11.969+0000] {processor.py:914} INFO - Processing file /home/airflow/.local/lib/python3.12/site-packages/airflow/example_dags/example_dag_decorator.py for tasks to queue
[2025-01-19T04:42:11.975+0000] {logging_mixin.py:190} INFO - [2025-01-19T04:42:11.972+0000] {dagbag.py:588} INFO - Filling up the DagBag from /home/airflow/.local/lib/python3.12/site-packages/airflow/example_dags/example_dag_decorator.py
[2025-01-19T04:42:12.042+0000] {processor.py:925} INFO - DAG(s) 'example_dag_decorator' retrieved from /home/airflow/.local/lib/python3.12/site-packages/airflow/example_dags/example_dag_decorator.py
