[2025-01-19T04:13:23.993+0000] {processor.py:186} INFO - Started process (PID=490) to work on /home/airflow/.local/lib/python3.12/site-packages/airflow/example_dags/example_trigger_target_dag.py
[2025-01-19T04:13:23.998+0000] {processor.py:914} INFO - Processing file /home/airflow/.local/lib/python3.12/site-packages/airflow/example_dags/example_trigger_target_dag.py for tasks to queue
[2025-01-19T04:13:24.015+0000] {logging_mixin.py:190} INFO - [2025-01-19T04:13:24.014+0000] {dagbag.py:588} INFO - Filling up the DagBag from /home/airflow/.local/lib/python3.12/site-packages/airflow/example_dags/example_trigger_target_dag.py
[2025-01-19T04:13:24.066+0000] {processor.py:925} INFO - DAG(s) 'example_trigger_target_dag' retrieved from /home/airflow/.local/lib/python3.12/site-packages/airflow/example_dags/example_trigger_target_dag.py
[2025-01-19T04:13:24.181+0000] {logging_mixin.py:190} INFO - [2025-01-19T04:13:24.180+0000] {dag.py:3239} INFO - Sync 1 DAGs
[2025-01-19T04:13:24.240+0000] {logging_mixin.py:190} INFO - [2025-01-19T04:13:24.239+0000] {dag.py:4180} INFO - Setting next_dagrun for example_trigger_target_dag to None, run_after=None
[2025-01-19T04:13:24.301+0000] {processor.py:208} INFO - Processing /home/airflow/.local/lib/python3.12/site-packages/airflow/example_dags/example_trigger_target_dag.py took 0.358 seconds
[2025-01-19T04:13:59.024+0000] {processor.py:186} INFO - Started process (PID=553) to work on /home/airflow/.local/lib/python3.12/site-packages/airflow/example_dags/example_trigger_target_dag.py
[2025-01-19T04:13:59.049+0000] {processor.py:914} INFO - Processing file /home/airflow/.local/lib/python3.12/site-packages/airflow/example_dags/example_trigger_target_dag.py for tasks to queue
[2025-01-19T04:13:59.057+0000] {logging_mixin.py:190} INFO - [2025-01-19T04:13:59.056+0000] {dagbag.py:588} INFO - Filling up the DagBag from /home/airflow/.local/lib/python3.12/site-packages/airflow/example_dags/example_trigger_target_dag.py
[2025-01-19T04:13:59.105+0000] {processor.py:925} INFO - DAG(s) 'example_trigger_target_dag' retrieved from /home/airflow/.local/lib/python3.12/site-packages/airflow/example_dags/example_trigger_target_dag.py
[2025-01-19T04:13:59.319+0000] {logging_mixin.py:190} INFO - [2025-01-19T04:13:59.318+0000] {dag.py:3239} INFO - Sync 1 DAGs
[2025-01-19T04:13:59.386+0000] {logging_mixin.py:190} INFO - [2025-01-19T04:13:59.386+0000] {dag.py:4180} INFO - Setting next_dagrun for example_trigger_target_dag to None, run_after=None
[2025-01-19T04:13:59.459+0000] {processor.py:208} INFO - Processing /home/airflow/.local/lib/python3.12/site-packages/airflow/example_dags/example_trigger_target_dag.py took 0.458 seconds
[2025-01-19T04:14:31.906+0000] {processor.py:186} INFO - Started process (PID=616) to work on /home/airflow/.local/lib/python3.12/site-packages/airflow/example_dags/example_trigger_target_dag.py
[2025-01-19T04:14:31.913+0000] {processor.py:914} INFO - Processing file /home/airflow/.local/lib/python3.12/site-packages/airflow/example_dags/example_trigger_target_dag.py for tasks to queue
[2025-01-19T04:14:31.926+0000] {logging_mixin.py:190} INFO - [2025-01-19T04:14:31.921+0000] {dagbag.py:588} INFO - Filling up the DagBag from /home/airflow/.local/lib/python3.12/site-packages/airflow/example_dags/example_trigger_target_dag.py
[2025-01-19T04:14:31.964+0000] {processor.py:925} INFO - DAG(s) 'example_trigger_target_dag' retrieved from /home/airflow/.local/lib/python3.12/site-packages/airflow/example_dags/example_trigger_target_dag.py
[2025-01-19T04:14:32.086+0000] {logging_mixin.py:190} INFO - [2025-01-19T04:14:32.085+0000] {dag.py:3239} INFO - Sync 1 DAGs
[2025-01-19T04:14:32.145+0000] {logging_mixin.py:190} INFO - [2025-01-19T04:14:32.139+0000] {dag.py:4180} INFO - Setting next_dagrun for example_trigger_target_dag to None, run_after=None
[2025-01-19T04:14:32.231+0000] {processor.py:208} INFO - Processing /home/airflow/.local/lib/python3.12/site-packages/airflow/example_dags/example_trigger_target_dag.py took 0.371 seconds
[2025-01-19T04:15:26.398+0000] {processor.py:186} INFO - Started process (PID=663) to work on /home/airflow/.local/lib/python3.12/site-packages/airflow/example_dags/example_trigger_target_dag.py
[2025-01-19T04:15:26.401+0000] {processor.py:914} INFO - Processing file /home/airflow/.local/lib/python3.12/site-packages/airflow/example_dags/example_trigger_target_dag.py for tasks to queue
[2025-01-19T04:15:26.406+0000] {logging_mixin.py:190} INFO - [2025-01-19T04:15:26.404+0000] {dagbag.py:588} INFO - Filling up the DagBag from /home/airflow/.local/lib/python3.12/site-packages/airflow/example_dags/example_trigger_target_dag.py
[2025-01-19T04:15:26.432+0000] {processor.py:925} INFO - DAG(s) 'example_trigger_target_dag' retrieved from /home/airflow/.local/lib/python3.12/site-packages/airflow/example_dags/example_trigger_target_dag.py
[2025-01-19T04:15:26.553+0000] {logging_mixin.py:190} INFO - [2025-01-19T04:15:26.552+0000] {dag.py:3239} INFO - Sync 1 DAGs
[2025-01-19T04:15:26.632+0000] {logging_mixin.py:190} INFO - [2025-01-19T04:15:26.631+0000] {dag.py:4180} INFO - Setting next_dagrun for example_trigger_target_dag to None, run_after=None
[2025-01-19T04:15:26.770+0000] {processor.py:208} INFO - Processing /home/airflow/.local/lib/python3.12/site-packages/airflow/example_dags/example_trigger_target_dag.py took 0.396 seconds
[2025-01-19T04:18:39.615+0000] {processor.py:186} INFO - Started process (PID=727) to work on /home/airflow/.local/lib/python3.12/site-packages/airflow/example_dags/example_trigger_target_dag.py
[2025-01-19T04:18:39.618+0000] {processor.py:914} INFO - Processing file /home/airflow/.local/lib/python3.12/site-packages/airflow/example_dags/example_trigger_target_dag.py for tasks to queue
[2025-01-19T04:18:39.622+0000] {logging_mixin.py:190} INFO - [2025-01-19T04:18:39.622+0000] {dagbag.py:588} INFO - Filling up the DagBag from /home/airflow/.local/lib/python3.12/site-packages/airflow/example_dags/example_trigger_target_dag.py
[2025-01-19T04:18:39.652+0000] {processor.py:925} INFO - DAG(s) 'example_trigger_target_dag' retrieved from /home/airflow/.local/lib/python3.12/site-packages/airflow/example_dags/example_trigger_target_dag.py
[2025-01-19T04:18:39.848+0000] {logging_mixin.py:190} INFO - [2025-01-19T04:18:39.846+0000] {dag.py:3239} INFO - Sync 1 DAGs
[2025-01-19T04:18:39.929+0000] {logging_mixin.py:190} INFO - [2025-01-19T04:18:39.929+0000] {dag.py:4180} INFO - Setting next_dagrun for example_trigger_target_dag to None, run_after=None
[2025-01-19T04:18:39.997+0000] {processor.py:208} INFO - Processing /home/airflow/.local/lib/python3.12/site-packages/airflow/example_dags/example_trigger_target_dag.py took 0.402 seconds
[2025-01-19T04:19:10.839+0000] {processor.py:186} INFO - Started process (PID=789) to work on /home/airflow/.local/lib/python3.12/site-packages/airflow/example_dags/example_trigger_target_dag.py
[2025-01-19T04:19:10.840+0000] {processor.py:914} INFO - Processing file /home/airflow/.local/lib/python3.12/site-packages/airflow/example_dags/example_trigger_target_dag.py for tasks to queue
[2025-01-19T04:19:10.843+0000] {logging_mixin.py:190} INFO - [2025-01-19T04:19:10.843+0000] {dagbag.py:588} INFO - Filling up the DagBag from /home/airflow/.local/lib/python3.12/site-packages/airflow/example_dags/example_trigger_target_dag.py
[2025-01-19T04:19:10.863+0000] {processor.py:925} INFO - DAG(s) 'example_trigger_target_dag' retrieved from /home/airflow/.local/lib/python3.12/site-packages/airflow/example_dags/example_trigger_target_dag.py
[2025-01-19T04:19:10.948+0000] {logging_mixin.py:190} INFO - [2025-01-19T04:19:10.945+0000] {dag.py:3239} INFO - Sync 1 DAGs
[2025-01-19T04:19:11.093+0000] {logging_mixin.py:190} INFO - [2025-01-19T04:19:11.081+0000] {dag.py:4180} INFO - Setting next_dagrun for example_trigger_target_dag to None, run_after=None
[2025-01-19T04:19:11.215+0000] {processor.py:208} INFO - Processing /home/airflow/.local/lib/python3.12/site-packages/airflow/example_dags/example_trigger_target_dag.py took 0.389 seconds
[2025-01-19T04:19:45.733+0000] {processor.py:186} INFO - Started process (PID=852) to work on /home/airflow/.local/lib/python3.12/site-packages/airflow/example_dags/example_trigger_target_dag.py
[2025-01-19T04:19:45.735+0000] {processor.py:914} INFO - Processing file /home/airflow/.local/lib/python3.12/site-packages/airflow/example_dags/example_trigger_target_dag.py for tasks to queue
[2025-01-19T04:19:45.738+0000] {logging_mixin.py:190} INFO - [2025-01-19T04:19:45.737+0000] {dagbag.py:588} INFO - Filling up the DagBag from /home/airflow/.local/lib/python3.12/site-packages/airflow/example_dags/example_trigger_target_dag.py
[2025-01-19T04:19:45.759+0000] {processor.py:925} INFO - DAG(s) 'example_trigger_target_dag' retrieved from /home/airflow/.local/lib/python3.12/site-packages/airflow/example_dags/example_trigger_target_dag.py
[2025-01-19T04:19:45.839+0000] {logging_mixin.py:190} INFO - [2025-01-19T04:19:45.838+0000] {dag.py:3239} INFO - Sync 1 DAGs
[2025-01-19T04:19:45.899+0000] {logging_mixin.py:190} INFO - [2025-01-19T04:19:45.898+0000] {dag.py:4180} INFO - Setting next_dagrun for example_trigger_target_dag to None, run_after=None
[2025-01-19T04:19:45.953+0000] {processor.py:208} INFO - Processing /home/airflow/.local/lib/python3.12/site-packages/airflow/example_dags/example_trigger_target_dag.py took 0.234 seconds
[2025-01-19T04:20:16.950+0000] {processor.py:186} INFO - Started process (PID=915) to work on /home/airflow/.local/lib/python3.12/site-packages/airflow/example_dags/example_trigger_target_dag.py
[2025-01-19T04:20:16.953+0000] {processor.py:914} INFO - Processing file /home/airflow/.local/lib/python3.12/site-packages/airflow/example_dags/example_trigger_target_dag.py for tasks to queue
[2025-01-19T04:20:16.956+0000] {logging_mixin.py:190} INFO - [2025-01-19T04:20:16.955+0000] {dagbag.py:588} INFO - Filling up the DagBag from /home/airflow/.local/lib/python3.12/site-packages/airflow/example_dags/example_trigger_target_dag.py
[2025-01-19T04:20:16.977+0000] {processor.py:925} INFO - DAG(s) 'example_trigger_target_dag' retrieved from /home/airflow/.local/lib/python3.12/site-packages/airflow/example_dags/example_trigger_target_dag.py
[2025-01-19T04:20:17.028+0000] {logging_mixin.py:190} INFO - [2025-01-19T04:20:17.027+0000] {dag.py:3239} INFO - Sync 1 DAGs
[2025-01-19T04:20:17.072+0000] {logging_mixin.py:190} INFO - [2025-01-19T04:20:17.071+0000] {dag.py:4180} INFO - Setting next_dagrun for example_trigger_target_dag to None, run_after=None
[2025-01-19T04:20:17.121+0000] {processor.py:208} INFO - Processing /home/airflow/.local/lib/python3.12/site-packages/airflow/example_dags/example_trigger_target_dag.py took 0.195 seconds
[2025-01-19T04:20:53.085+0000] {processor.py:186} INFO - Started process (PID=978) to work on /home/airflow/.local/lib/python3.12/site-packages/airflow/example_dags/example_trigger_target_dag.py
[2025-01-19T04:20:53.092+0000] {processor.py:914} INFO - Processing file /home/airflow/.local/lib/python3.12/site-packages/airflow/example_dags/example_trigger_target_dag.py for tasks to queue
[2025-01-19T04:20:53.098+0000] {logging_mixin.py:190} INFO - [2025-01-19T04:20:53.096+0000] {dagbag.py:588} INFO - Filling up the DagBag from /home/airflow/.local/lib/python3.12/site-packages/airflow/example_dags/example_trigger_target_dag.py
[2025-01-19T04:20:53.133+0000] {processor.py:925} INFO - DAG(s) 'example_trigger_target_dag' retrieved from /home/airflow/.local/lib/python3.12/site-packages/airflow/example_dags/example_trigger_target_dag.py
[2025-01-19T04:20:53.235+0000] {logging_mixin.py:190} INFO - [2025-01-19T04:20:53.234+0000] {dag.py:3239} INFO - Sync 1 DAGs
[2025-01-19T04:20:53.333+0000] {logging_mixin.py:190} INFO - [2025-01-19T04:20:53.332+0000] {dag.py:4180} INFO - Setting next_dagrun for example_trigger_target_dag to None, run_after=None
[2025-01-19T04:20:53.434+0000] {processor.py:208} INFO - Processing /home/airflow/.local/lib/python3.12/site-packages/airflow/example_dags/example_trigger_target_dag.py took 0.373 seconds
[2025-01-19T04:21:32.977+0000] {processor.py:186} INFO - Started process (PID=1052) to work on /home/airflow/.local/lib/python3.12/site-packages/airflow/example_dags/example_trigger_target_dag.py
[2025-01-19T04:21:32.984+0000] {processor.py:914} INFO - Processing file /home/airflow/.local/lib/python3.12/site-packages/airflow/example_dags/example_trigger_target_dag.py for tasks to queue
[2025-01-19T04:21:32.988+0000] {logging_mixin.py:190} INFO - [2025-01-19T04:21:32.987+0000] {dagbag.py:588} INFO - Filling up the DagBag from /home/airflow/.local/lib/python3.12/site-packages/airflow/example_dags/example_trigger_target_dag.py
[2025-01-19T04:21:33.023+0000] {processor.py:925} INFO - DAG(s) 'example_trigger_target_dag' retrieved from /home/airflow/.local/lib/python3.12/site-packages/airflow/example_dags/example_trigger_target_dag.py
[2025-01-19T04:21:33.119+0000] {logging_mixin.py:190} INFO - [2025-01-19T04:21:33.118+0000] {dag.py:3239} INFO - Sync 1 DAGs
[2025-01-19T04:21:33.192+0000] {logging_mixin.py:190} INFO - [2025-01-19T04:21:33.191+0000] {dag.py:4180} INFO - Setting next_dagrun for example_trigger_target_dag to None, run_after=None
[2025-01-19T04:21:33.303+0000] {processor.py:208} INFO - Processing /home/airflow/.local/lib/python3.12/site-packages/airflow/example_dags/example_trigger_target_dag.py took 0.345 seconds
[2025-01-19T04:28:12.449+0000] {processor.py:186} INFO - Started process (PID=104) to work on /home/airflow/.local/lib/python3.12/site-packages/airflow/example_dags/example_trigger_target_dag.py
[2025-01-19T04:28:12.451+0000] {processor.py:914} INFO - Processing file /home/airflow/.local/lib/python3.12/site-packages/airflow/example_dags/example_trigger_target_dag.py for tasks to queue
[2025-01-19T04:28:12.456+0000] {logging_mixin.py:190} INFO - [2025-01-19T04:28:12.456+0000] {dagbag.py:588} INFO - Filling up the DagBag from /home/airflow/.local/lib/python3.12/site-packages/airflow/example_dags/example_trigger_target_dag.py
[2025-01-19T04:28:12.476+0000] {processor.py:925} INFO - DAG(s) 'example_trigger_target_dag' retrieved from /home/airflow/.local/lib/python3.12/site-packages/airflow/example_dags/example_trigger_target_dag.py
[2025-01-19T04:28:12.757+0000] {logging_mixin.py:190} INFO - [2025-01-19T04:28:12.756+0000] {override.py:1911} INFO - Created Permission View: can delete on DAG:example_trigger_target_dag
[2025-01-19T04:28:12.780+0000] {logging_mixin.py:190} INFO - [2025-01-19T04:28:12.779+0000] {override.py:1911} INFO - Created Permission View: can edit on DAG:example_trigger_target_dag
[2025-01-19T04:28:12.802+0000] {logging_mixin.py:190} INFO - [2025-01-19T04:28:12.801+0000] {override.py:1911} INFO - Created Permission View: can read on DAG:example_trigger_target_dag
[2025-01-19T04:28:12.822+0000] {logging_mixin.py:190} INFO - [2025-01-19T04:28:12.822+0000] {override.py:1911} INFO - Created Permission View: can create on DAG Run:example_trigger_target_dag
[2025-01-19T04:28:12.841+0000] {logging_mixin.py:190} INFO - [2025-01-19T04:28:12.840+0000] {override.py:1911} INFO - Created Permission View: menu access on DAG Run:example_trigger_target_dag
[2025-01-19T04:28:12.864+0000] {logging_mixin.py:190} INFO - [2025-01-19T04:28:12.863+0000] {override.py:1911} INFO - Created Permission View: can delete on DAG Run:example_trigger_target_dag
[2025-01-19T04:28:12.885+0000] {logging_mixin.py:190} INFO - [2025-01-19T04:28:12.884+0000] {override.py:1911} INFO - Created Permission View: can read on DAG Run:example_trigger_target_dag
[2025-01-19T04:28:12.887+0000] {logging_mixin.py:190} INFO - [2025-01-19T04:28:12.886+0000] {dag.py:3239} INFO - Sync 1 DAGs
[2025-01-19T04:28:12.925+0000] {logging_mixin.py:190} INFO - [2025-01-19T04:28:12.925+0000] {dag.py:3262} INFO - Creating ORM DAG for example_trigger_target_dag
[2025-01-19T04:28:12.928+0000] {logging_mixin.py:190} INFO - [2025-01-19T04:28:12.927+0000] {dag.py:4180} INFO - Setting next_dagrun for example_trigger_target_dag to None, run_after=None
[2025-01-19T04:28:12.977+0000] {processor.py:208} INFO - Processing /home/airflow/.local/lib/python3.12/site-packages/airflow/example_dags/example_trigger_target_dag.py took 0.542 seconds
[2025-01-19T04:28:43.867+0000] {processor.py:186} INFO - Started process (PID=167) to work on /home/airflow/.local/lib/python3.12/site-packages/airflow/example_dags/example_trigger_target_dag.py
[2025-01-19T04:28:43.873+0000] {processor.py:914} INFO - Processing file /home/airflow/.local/lib/python3.12/site-packages/airflow/example_dags/example_trigger_target_dag.py for tasks to queue
[2025-01-19T04:28:43.880+0000] {logging_mixin.py:190} INFO - [2025-01-19T04:28:43.879+0000] {dagbag.py:588} INFO - Filling up the DagBag from /home/airflow/.local/lib/python3.12/site-packages/airflow/example_dags/example_trigger_target_dag.py
[2025-01-19T04:28:43.916+0000] {processor.py:925} INFO - DAG(s) 'example_trigger_target_dag' retrieved from /home/airflow/.local/lib/python3.12/site-packages/airflow/example_dags/example_trigger_target_dag.py
[2025-01-19T04:28:43.981+0000] {logging_mixin.py:190} INFO - [2025-01-19T04:28:43.979+0000] {dag.py:3239} INFO - Sync 1 DAGs
[2025-01-19T04:28:44.050+0000] {logging_mixin.py:190} INFO - [2025-01-19T04:28:44.049+0000] {dag.py:4180} INFO - Setting next_dagrun for example_trigger_target_dag to None, run_after=None
[2025-01-19T04:28:44.128+0000] {processor.py:208} INFO - Processing /home/airflow/.local/lib/python3.12/site-packages/airflow/example_dags/example_trigger_target_dag.py took 0.323 seconds
[2025-01-19T04:29:19.210+0000] {processor.py:186} INFO - Started process (PID=236) to work on /home/airflow/.local/lib/python3.12/site-packages/airflow/example_dags/example_trigger_target_dag.py
[2025-01-19T04:29:19.228+0000] {processor.py:914} INFO - Processing file /home/airflow/.local/lib/python3.12/site-packages/airflow/example_dags/example_trigger_target_dag.py for tasks to queue
[2025-01-19T04:29:19.241+0000] {logging_mixin.py:190} INFO - [2025-01-19T04:29:19.237+0000] {dagbag.py:588} INFO - Filling up the DagBag from /home/airflow/.local/lib/python3.12/site-packages/airflow/example_dags/example_trigger_target_dag.py
[2025-01-19T04:29:19.309+0000] {processor.py:925} INFO - DAG(s) 'example_trigger_target_dag' retrieved from /home/airflow/.local/lib/python3.12/site-packages/airflow/example_dags/example_trigger_target_dag.py
[2025-01-19T04:29:19.472+0000] {logging_mixin.py:190} INFO - [2025-01-19T04:29:19.472+0000] {dag.py:3239} INFO - Sync 1 DAGs
[2025-01-19T04:29:19.581+0000] {logging_mixin.py:190} INFO - [2025-01-19T04:29:19.581+0000] {dag.py:4180} INFO - Setting next_dagrun for example_trigger_target_dag to None, run_after=None
[2025-01-19T04:29:19.708+0000] {processor.py:208} INFO - Processing /home/airflow/.local/lib/python3.12/site-packages/airflow/example_dags/example_trigger_target_dag.py took 0.548 seconds
[2025-01-19T04:30:12.556+0000] {processor.py:186} INFO - Started process (PID=322) to work on /home/airflow/.local/lib/python3.12/site-packages/airflow/example_dags/example_trigger_target_dag.py
[2025-01-19T04:30:12.559+0000] {processor.py:914} INFO - Processing file /home/airflow/.local/lib/python3.12/site-packages/airflow/example_dags/example_trigger_target_dag.py for tasks to queue
[2025-01-19T04:30:12.564+0000] {logging_mixin.py:190} INFO - [2025-01-19T04:30:12.563+0000] {dagbag.py:588} INFO - Filling up the DagBag from /home/airflow/.local/lib/python3.12/site-packages/airflow/example_dags/example_trigger_target_dag.py
[2025-01-19T04:30:12.585+0000] {processor.py:925} INFO - DAG(s) 'example_trigger_target_dag' retrieved from /home/airflow/.local/lib/python3.12/site-packages/airflow/example_dags/example_trigger_target_dag.py
[2025-01-19T04:30:12.632+0000] {logging_mixin.py:190} INFO - [2025-01-19T04:30:12.632+0000] {dag.py:3239} INFO - Sync 1 DAGs
[2025-01-19T04:30:12.672+0000] {logging_mixin.py:190} INFO - [2025-01-19T04:30:12.671+0000] {dag.py:4180} INFO - Setting next_dagrun for example_trigger_target_dag to None, run_after=None
[2025-01-19T04:30:12.720+0000] {processor.py:208} INFO - Processing /home/airflow/.local/lib/python3.12/site-packages/airflow/example_dags/example_trigger_target_dag.py took 0.178 seconds
[2025-01-19T04:30:45.267+0000] {processor.py:186} INFO - Started process (PID=385) to work on /home/airflow/.local/lib/python3.12/site-packages/airflow/example_dags/example_trigger_target_dag.py
[2025-01-19T04:30:45.269+0000] {processor.py:914} INFO - Processing file /home/airflow/.local/lib/python3.12/site-packages/airflow/example_dags/example_trigger_target_dag.py for tasks to queue
[2025-01-19T04:30:45.276+0000] {logging_mixin.py:190} INFO - [2025-01-19T04:30:45.275+0000] {dagbag.py:588} INFO - Filling up the DagBag from /home/airflow/.local/lib/python3.12/site-packages/airflow/example_dags/example_trigger_target_dag.py
[2025-01-19T04:30:45.292+0000] {processor.py:925} INFO - DAG(s) 'example_trigger_target_dag' retrieved from /home/airflow/.local/lib/python3.12/site-packages/airflow/example_dags/example_trigger_target_dag.py
[2025-01-19T04:30:45.335+0000] {logging_mixin.py:190} INFO - [2025-01-19T04:30:45.334+0000] {dag.py:3239} INFO - Sync 1 DAGs
[2025-01-19T04:30:45.366+0000] {logging_mixin.py:190} INFO - [2025-01-19T04:30:45.366+0000] {dag.py:4180} INFO - Setting next_dagrun for example_trigger_target_dag to None, run_after=None
[2025-01-19T04:30:45.407+0000] {processor.py:208} INFO - Processing /home/airflow/.local/lib/python3.12/site-packages/airflow/example_dags/example_trigger_target_dag.py took 0.152 seconds
[2025-01-19T04:31:25.497+0000] {processor.py:186} INFO - Started process (PID=453) to work on /home/airflow/.local/lib/python3.12/site-packages/airflow/example_dags/example_trigger_target_dag.py
[2025-01-19T04:31:25.499+0000] {processor.py:914} INFO - Processing file /home/airflow/.local/lib/python3.12/site-packages/airflow/example_dags/example_trigger_target_dag.py for tasks to queue
[2025-01-19T04:31:25.505+0000] {logging_mixin.py:190} INFO - [2025-01-19T04:31:25.504+0000] {dagbag.py:588} INFO - Filling up the DagBag from /home/airflow/.local/lib/python3.12/site-packages/airflow/example_dags/example_trigger_target_dag.py
[2025-01-19T04:31:25.525+0000] {processor.py:925} INFO - DAG(s) 'example_trigger_target_dag' retrieved from /home/airflow/.local/lib/python3.12/site-packages/airflow/example_dags/example_trigger_target_dag.py
[2025-01-19T04:31:25.619+0000] {logging_mixin.py:190} INFO - [2025-01-19T04:31:25.618+0000] {dag.py:3239} INFO - Sync 1 DAGs
[2025-01-19T04:31:25.656+0000] {logging_mixin.py:190} INFO - [2025-01-19T04:31:25.656+0000] {dag.py:4180} INFO - Setting next_dagrun for example_trigger_target_dag to None, run_after=None
[2025-01-19T04:31:25.718+0000] {processor.py:208} INFO - Processing /home/airflow/.local/lib/python3.12/site-packages/airflow/example_dags/example_trigger_target_dag.py took 0.236 seconds
[2025-01-19T04:32:00.643+0000] {processor.py:186} INFO - Started process (PID=520) to work on /home/airflow/.local/lib/python3.12/site-packages/airflow/example_dags/example_trigger_target_dag.py
[2025-01-19T04:32:00.644+0000] {processor.py:914} INFO - Processing file /home/airflow/.local/lib/python3.12/site-packages/airflow/example_dags/example_trigger_target_dag.py for tasks to queue
[2025-01-19T04:32:00.650+0000] {logging_mixin.py:190} INFO - [2025-01-19T04:32:00.649+0000] {dagbag.py:588} INFO - Filling up the DagBag from /home/airflow/.local/lib/python3.12/site-packages/airflow/example_dags/example_trigger_target_dag.py
[2025-01-19T04:32:00.672+0000] {processor.py:925} INFO - DAG(s) 'example_trigger_target_dag' retrieved from /home/airflow/.local/lib/python3.12/site-packages/airflow/example_dags/example_trigger_target_dag.py
[2025-01-19T04:32:00.714+0000] {logging_mixin.py:190} INFO - [2025-01-19T04:32:00.713+0000] {dag.py:3239} INFO - Sync 1 DAGs
[2025-01-19T04:32:00.758+0000] {logging_mixin.py:190} INFO - [2025-01-19T04:32:00.758+0000] {dag.py:4180} INFO - Setting next_dagrun for example_trigger_target_dag to None, run_after=None
[2025-01-19T04:32:00.811+0000] {processor.py:208} INFO - Processing /home/airflow/.local/lib/python3.12/site-packages/airflow/example_dags/example_trigger_target_dag.py took 0.184 seconds
[2025-01-19T04:32:33.382+0000] {processor.py:186} INFO - Started process (PID=583) to work on /home/airflow/.local/lib/python3.12/site-packages/airflow/example_dags/example_trigger_target_dag.py
[2025-01-19T04:32:33.384+0000] {processor.py:914} INFO - Processing file /home/airflow/.local/lib/python3.12/site-packages/airflow/example_dags/example_trigger_target_dag.py for tasks to queue
[2025-01-19T04:32:33.388+0000] {logging_mixin.py:190} INFO - [2025-01-19T04:32:33.388+0000] {dagbag.py:588} INFO - Filling up the DagBag from /home/airflow/.local/lib/python3.12/site-packages/airflow/example_dags/example_trigger_target_dag.py
[2025-01-19T04:32:33.408+0000] {processor.py:925} INFO - DAG(s) 'example_trigger_target_dag' retrieved from /home/airflow/.local/lib/python3.12/site-packages/airflow/example_dags/example_trigger_target_dag.py
[2025-01-19T04:32:33.444+0000] {logging_mixin.py:190} INFO - [2025-01-19T04:32:33.443+0000] {dag.py:3239} INFO - Sync 1 DAGs
[2025-01-19T04:32:33.483+0000] {logging_mixin.py:190} INFO - [2025-01-19T04:32:33.483+0000] {dag.py:4180} INFO - Setting next_dagrun for example_trigger_target_dag to None, run_after=None
[2025-01-19T04:32:33.535+0000] {processor.py:208} INFO - Processing /home/airflow/.local/lib/python3.12/site-packages/airflow/example_dags/example_trigger_target_dag.py took 0.165 seconds
[2025-01-19T04:33:09.359+0000] {processor.py:186} INFO - Started process (PID=646) to work on /home/airflow/.local/lib/python3.12/site-packages/airflow/example_dags/example_trigger_target_dag.py
[2025-01-19T04:33:09.363+0000] {processor.py:914} INFO - Processing file /home/airflow/.local/lib/python3.12/site-packages/airflow/example_dags/example_trigger_target_dag.py for tasks to queue
[2025-01-19T04:33:09.375+0000] {logging_mixin.py:190} INFO - [2025-01-19T04:33:09.374+0000] {dagbag.py:588} INFO - Filling up the DagBag from /home/airflow/.local/lib/python3.12/site-packages/airflow/example_dags/example_trigger_target_dag.py
[2025-01-19T04:33:09.419+0000] {processor.py:925} INFO - DAG(s) 'example_trigger_target_dag' retrieved from /home/airflow/.local/lib/python3.12/site-packages/airflow/example_dags/example_trigger_target_dag.py
[2025-01-19T04:33:09.515+0000] {logging_mixin.py:190} INFO - [2025-01-19T04:33:09.514+0000] {dag.py:3239} INFO - Sync 1 DAGs
[2025-01-19T04:33:09.565+0000] {logging_mixin.py:190} INFO - [2025-01-19T04:33:09.564+0000] {dag.py:4180} INFO - Setting next_dagrun for example_trigger_target_dag to None, run_after=None
[2025-01-19T04:33:09.625+0000] {processor.py:208} INFO - Processing /home/airflow/.local/lib/python3.12/site-packages/airflow/example_dags/example_trigger_target_dag.py took 0.297 seconds
[2025-01-19T04:33:40.713+0000] {processor.py:186} INFO - Started process (PID=715) to work on /home/airflow/.local/lib/python3.12/site-packages/airflow/example_dags/example_trigger_target_dag.py
[2025-01-19T04:33:40.715+0000] {processor.py:914} INFO - Processing file /home/airflow/.local/lib/python3.12/site-packages/airflow/example_dags/example_trigger_target_dag.py for tasks to queue
[2025-01-19T04:33:40.720+0000] {logging_mixin.py:190} INFO - [2025-01-19T04:33:40.720+0000] {dagbag.py:588} INFO - Filling up the DagBag from /home/airflow/.local/lib/python3.12/site-packages/airflow/example_dags/example_trigger_target_dag.py
[2025-01-19T04:33:40.739+0000] {processor.py:925} INFO - DAG(s) 'example_trigger_target_dag' retrieved from /home/airflow/.local/lib/python3.12/site-packages/airflow/example_dags/example_trigger_target_dag.py
[2025-01-19T04:33:40.786+0000] {logging_mixin.py:190} INFO - [2025-01-19T04:33:40.785+0000] {dag.py:3239} INFO - Sync 1 DAGs
[2025-01-19T04:33:40.825+0000] {logging_mixin.py:190} INFO - [2025-01-19T04:33:40.824+0000] {dag.py:4180} INFO - Setting next_dagrun for example_trigger_target_dag to None, run_after=None
[2025-01-19T04:33:40.916+0000] {processor.py:208} INFO - Processing /home/airflow/.local/lib/python3.12/site-packages/airflow/example_dags/example_trigger_target_dag.py took 0.217 seconds
[2025-01-19T04:34:11.170+0000] {processor.py:186} INFO - Started process (PID=778) to work on /home/airflow/.local/lib/python3.12/site-packages/airflow/example_dags/example_trigger_target_dag.py
[2025-01-19T04:34:11.172+0000] {processor.py:914} INFO - Processing file /home/airflow/.local/lib/python3.12/site-packages/airflow/example_dags/example_trigger_target_dag.py for tasks to queue
[2025-01-19T04:34:11.177+0000] {logging_mixin.py:190} INFO - [2025-01-19T04:34:11.176+0000] {dagbag.py:588} INFO - Filling up the DagBag from /home/airflow/.local/lib/python3.12/site-packages/airflow/example_dags/example_trigger_target_dag.py
[2025-01-19T04:34:11.192+0000] {processor.py:925} INFO - DAG(s) 'example_trigger_target_dag' retrieved from /home/airflow/.local/lib/python3.12/site-packages/airflow/example_dags/example_trigger_target_dag.py
[2025-01-19T04:34:11.228+0000] {logging_mixin.py:190} INFO - [2025-01-19T04:34:11.228+0000] {dag.py:3239} INFO - Sync 1 DAGs
[2025-01-19T04:34:11.254+0000] {logging_mixin.py:190} INFO - [2025-01-19T04:34:11.254+0000] {dag.py:4180} INFO - Setting next_dagrun for example_trigger_target_dag to None, run_after=None
[2025-01-19T04:34:11.296+0000] {processor.py:208} INFO - Processing /home/airflow/.local/lib/python3.12/site-packages/airflow/example_dags/example_trigger_target_dag.py took 0.136 seconds
[2025-01-19T04:34:41.796+0000] {processor.py:186} INFO - Started process (PID=841) to work on /home/airflow/.local/lib/python3.12/site-packages/airflow/example_dags/example_trigger_target_dag.py
[2025-01-19T04:34:41.799+0000] {processor.py:914} INFO - Processing file /home/airflow/.local/lib/python3.12/site-packages/airflow/example_dags/example_trigger_target_dag.py for tasks to queue
[2025-01-19T04:34:41.806+0000] {logging_mixin.py:190} INFO - [2025-01-19T04:34:41.805+0000] {dagbag.py:588} INFO - Filling up the DagBag from /home/airflow/.local/lib/python3.12/site-packages/airflow/example_dags/example_trigger_target_dag.py
[2025-01-19T04:34:41.829+0000] {processor.py:925} INFO - DAG(s) 'example_trigger_target_dag' retrieved from /home/airflow/.local/lib/python3.12/site-packages/airflow/example_dags/example_trigger_target_dag.py
[2025-01-19T04:34:41.874+0000] {logging_mixin.py:190} INFO - [2025-01-19T04:34:41.873+0000] {dag.py:3239} INFO - Sync 1 DAGs
[2025-01-19T04:34:41.908+0000] {logging_mixin.py:190} INFO - [2025-01-19T04:34:41.908+0000] {dag.py:4180} INFO - Setting next_dagrun for example_trigger_target_dag to None, run_after=None
[2025-01-19T04:34:41.979+0000] {processor.py:208} INFO - Processing /home/airflow/.local/lib/python3.12/site-packages/airflow/example_dags/example_trigger_target_dag.py took 0.200 seconds
[2025-01-19T04:35:33.744+0000] {processor.py:186} INFO - Started process (PID=904) to work on /home/airflow/.local/lib/python3.12/site-packages/airflow/example_dags/example_trigger_target_dag.py
[2025-01-19T04:35:33.747+0000] {processor.py:914} INFO - Processing file /home/airflow/.local/lib/python3.12/site-packages/airflow/example_dags/example_trigger_target_dag.py for tasks to queue
[2025-01-19T04:35:33.753+0000] {logging_mixin.py:190} INFO - [2025-01-19T04:35:33.752+0000] {dagbag.py:588} INFO - Filling up the DagBag from /home/airflow/.local/lib/python3.12/site-packages/airflow/example_dags/example_trigger_target_dag.py
[2025-01-19T04:35:33.773+0000] {processor.py:925} INFO - DAG(s) 'example_trigger_target_dag' retrieved from /home/airflow/.local/lib/python3.12/site-packages/airflow/example_dags/example_trigger_target_dag.py
[2025-01-19T04:35:33.834+0000] {logging_mixin.py:190} INFO - [2025-01-19T04:35:33.833+0000] {dag.py:3239} INFO - Sync 1 DAGs
[2025-01-19T04:35:33.883+0000] {logging_mixin.py:190} INFO - [2025-01-19T04:35:33.882+0000] {dag.py:4180} INFO - Setting next_dagrun for example_trigger_target_dag to None, run_after=None
[2025-01-19T04:35:33.969+0000] {processor.py:208} INFO - Processing /home/airflow/.local/lib/python3.12/site-packages/airflow/example_dags/example_trigger_target_dag.py took 0.241 seconds
[2025-01-19T04:36:05.186+0000] {processor.py:186} INFO - Started process (PID=973) to work on /home/airflow/.local/lib/python3.12/site-packages/airflow/example_dags/example_trigger_target_dag.py
[2025-01-19T04:36:05.209+0000] {processor.py:914} INFO - Processing file /home/airflow/.local/lib/python3.12/site-packages/airflow/example_dags/example_trigger_target_dag.py for tasks to queue
[2025-01-19T04:36:05.215+0000] {logging_mixin.py:190} INFO - [2025-01-19T04:36:05.214+0000] {dagbag.py:588} INFO - Filling up the DagBag from /home/airflow/.local/lib/python3.12/site-packages/airflow/example_dags/example_trigger_target_dag.py
[2025-01-19T04:36:05.254+0000] {processor.py:925} INFO - DAG(s) 'example_trigger_target_dag' retrieved from /home/airflow/.local/lib/python3.12/site-packages/airflow/example_dags/example_trigger_target_dag.py
[2025-01-19T04:36:05.367+0000] {logging_mixin.py:190} INFO - [2025-01-19T04:36:05.366+0000] {dag.py:3239} INFO - Sync 1 DAGs
[2025-01-19T04:36:05.454+0000] {logging_mixin.py:190} INFO - [2025-01-19T04:36:05.454+0000] {dag.py:4180} INFO - Setting next_dagrun for example_trigger_target_dag to None, run_after=None
[2025-01-19T04:36:05.581+0000] {processor.py:208} INFO - Processing /home/airflow/.local/lib/python3.12/site-packages/airflow/example_dags/example_trigger_target_dag.py took 0.415 seconds
[2025-01-19T04:36:36.718+0000] {processor.py:186} INFO - Started process (PID=1036) to work on /home/airflow/.local/lib/python3.12/site-packages/airflow/example_dags/example_trigger_target_dag.py
[2025-01-19T04:36:36.720+0000] {processor.py:914} INFO - Processing file /home/airflow/.local/lib/python3.12/site-packages/airflow/example_dags/example_trigger_target_dag.py for tasks to queue
[2025-01-19T04:36:36.727+0000] {logging_mixin.py:190} INFO - [2025-01-19T04:36:36.726+0000] {dagbag.py:588} INFO - Filling up the DagBag from /home/airflow/.local/lib/python3.12/site-packages/airflow/example_dags/example_trigger_target_dag.py
[2025-01-19T04:36:36.750+0000] {processor.py:925} INFO - DAG(s) 'example_trigger_target_dag' retrieved from /home/airflow/.local/lib/python3.12/site-packages/airflow/example_dags/example_trigger_target_dag.py
[2025-01-19T04:36:36.818+0000] {logging_mixin.py:190} INFO - [2025-01-19T04:36:36.817+0000] {dag.py:3239} INFO - Sync 1 DAGs
[2025-01-19T04:36:36.913+0000] {logging_mixin.py:190} INFO - [2025-01-19T04:36:36.913+0000] {dag.py:4180} INFO - Setting next_dagrun for example_trigger_target_dag to None, run_after=None
[2025-01-19T04:36:36.999+0000] {processor.py:208} INFO - Processing /home/airflow/.local/lib/python3.12/site-packages/airflow/example_dags/example_trigger_target_dag.py took 0.305 seconds
[2025-01-19T04:41:34.646+0000] {processor.py:186} INFO - Started process (PID=1112) to work on /home/airflow/.local/lib/python3.12/site-packages/airflow/example_dags/example_trigger_target_dag.py
[2025-01-19T04:41:34.650+0000] {processor.py:914} INFO - Processing file /home/airflow/.local/lib/python3.12/site-packages/airflow/example_dags/example_trigger_target_dag.py for tasks to queue
[2025-01-19T04:41:34.664+0000] {logging_mixin.py:190} INFO - [2025-01-19T04:41:34.663+0000] {dagbag.py:588} INFO - Filling up the DagBag from /home/airflow/.local/lib/python3.12/site-packages/airflow/example_dags/example_trigger_target_dag.py
[2025-01-19T04:41:34.738+0000] {processor.py:925} INFO - DAG(s) 'example_trigger_target_dag' retrieved from /home/airflow/.local/lib/python3.12/site-packages/airflow/example_dags/example_trigger_target_dag.py
[2025-01-19T04:41:34.912+0000] {logging_mixin.py:190} INFO - [2025-01-19T04:41:34.911+0000] {dag.py:3239} INFO - Sync 1 DAGs
[2025-01-19T04:41:35.047+0000] {logging_mixin.py:190} INFO - [2025-01-19T04:41:35.046+0000] {dag.py:4180} INFO - Setting next_dagrun for example_trigger_target_dag to None, run_after=None
[2025-01-19T04:41:35.209+0000] {processor.py:208} INFO - Processing /home/airflow/.local/lib/python3.12/site-packages/airflow/example_dags/example_trigger_target_dag.py took 0.622 seconds
