[2025-01-19T04:13:15.292+0000] {processor.py:186} INFO - Started process (PID=481) to work on /home/airflow/.local/lib/python3.12/site-packages/airflow/example_dags/example_latest_only.py
[2025-01-19T04:13:15.295+0000] {processor.py:914} INFO - Processing file /home/airflow/.local/lib/python3.12/site-packages/airflow/example_dags/example_latest_only.py for tasks to queue
[2025-01-19T04:13:15.309+0000] {logging_mixin.py:190} INFO - [2025-01-19T04:13:15.308+0000] {dagbag.py:588} INFO - Filling up the DagBag from /home/airflow/.local/lib/python3.12/site-packages/airflow/example_dags/example_latest_only.py
[2025-01-19T04:13:15.348+0000] {processor.py:925} INFO - DAG(s) 'latest_only' retrieved from /home/airflow/.local/lib/python3.12/site-packages/airflow/example_dags/example_latest_only.py
[2025-01-19T04:13:15.483+0000] {logging_mixin.py:190} INFO - [2025-01-19T04:13:15.482+0000] {dag.py:3239} INFO - Sync 1 DAGs
[2025-01-19T04:13:15.805+0000] {logging_mixin.py:190} INFO - [2025-01-19T04:13:15.804+0000] {dag.py:4180} INFO - Setting next_dagrun for latest_only to 2025-01-19 00:00:00+00:00, run_after=2025-01-19 04:00:00+00:00
[2025-01-19T04:13:15.975+0000] {processor.py:208} INFO - Processing /home/airflow/.local/lib/python3.12/site-packages/airflow/example_dags/example_latest_only.py took 0.713 seconds
[2025-01-19T04:13:47.255+0000] {processor.py:186} INFO - Started process (PID=543) to work on /home/airflow/.local/lib/python3.12/site-packages/airflow/example_dags/example_latest_only.py
[2025-01-19T04:13:47.259+0000] {processor.py:914} INFO - Processing file /home/airflow/.local/lib/python3.12/site-packages/airflow/example_dags/example_latest_only.py for tasks to queue
[2025-01-19T04:13:47.265+0000] {logging_mixin.py:190} INFO - [2025-01-19T04:13:47.264+0000] {dagbag.py:588} INFO - Filling up the DagBag from /home/airflow/.local/lib/python3.12/site-packages/airflow/example_dags/example_latest_only.py
[2025-01-19T04:13:47.286+0000] {processor.py:925} INFO - DAG(s) 'latest_only' retrieved from /home/airflow/.local/lib/python3.12/site-packages/airflow/example_dags/example_latest_only.py
[2025-01-19T04:13:47.357+0000] {logging_mixin.py:190} INFO - [2025-01-19T04:13:47.357+0000] {dag.py:3239} INFO - Sync 1 DAGs
[2025-01-19T04:13:47.464+0000] {logging_mixin.py:190} INFO - [2025-01-19T04:13:47.463+0000] {dag.py:4180} INFO - Setting next_dagrun for latest_only to 2025-01-19 00:00:00+00:00, run_after=2025-01-19 04:00:00+00:00
[2025-01-19T04:13:47.619+0000] {processor.py:208} INFO - Processing /home/airflow/.local/lib/python3.12/site-packages/airflow/example_dags/example_latest_only.py took 0.381 seconds
[2025-01-19T04:14:17.773+0000] {processor.py:186} INFO - Started process (PID=605) to work on /home/airflow/.local/lib/python3.12/site-packages/airflow/example_dags/example_latest_only.py
[2025-01-19T04:14:17.776+0000] {processor.py:914} INFO - Processing file /home/airflow/.local/lib/python3.12/site-packages/airflow/example_dags/example_latest_only.py for tasks to queue
[2025-01-19T04:14:17.782+0000] {logging_mixin.py:190} INFO - [2025-01-19T04:14:17.782+0000] {dagbag.py:588} INFO - Filling up the DagBag from /home/airflow/.local/lib/python3.12/site-packages/airflow/example_dags/example_latest_only.py
[2025-01-19T04:14:17.801+0000] {processor.py:925} INFO - DAG(s) 'latest_only' retrieved from /home/airflow/.local/lib/python3.12/site-packages/airflow/example_dags/example_latest_only.py
[2025-01-19T04:14:17.853+0000] {logging_mixin.py:190} INFO - [2025-01-19T04:14:17.853+0000] {dag.py:3239} INFO - Sync 1 DAGs
[2025-01-19T04:14:17.929+0000] {logging_mixin.py:190} INFO - [2025-01-19T04:14:17.929+0000] {dag.py:4180} INFO - Setting next_dagrun for latest_only to 2025-01-19 00:00:00+00:00, run_after=2025-01-19 04:00:00+00:00
[2025-01-19T04:14:17.990+0000] {processor.py:208} INFO - Processing /home/airflow/.local/lib/python3.12/site-packages/airflow/example_dags/example_latest_only.py took 0.231 seconds
[2025-01-19T04:15:23.193+0000] {processor.py:186} INFO - Started process (PID=653) to work on /home/airflow/.local/lib/python3.12/site-packages/airflow/example_dags/example_latest_only.py
[2025-01-19T04:15:23.195+0000] {processor.py:914} INFO - Processing file /home/airflow/.local/lib/python3.12/site-packages/airflow/example_dags/example_latest_only.py for tasks to queue
[2025-01-19T04:15:23.198+0000] {logging_mixin.py:190} INFO - [2025-01-19T04:15:23.197+0000] {dagbag.py:588} INFO - Filling up the DagBag from /home/airflow/.local/lib/python3.12/site-packages/airflow/example_dags/example_latest_only.py
[2025-01-19T04:15:23.222+0000] {processor.py:925} INFO - DAG(s) 'latest_only' retrieved from /home/airflow/.local/lib/python3.12/site-packages/airflow/example_dags/example_latest_only.py
[2025-01-19T04:15:23.297+0000] {logging_mixin.py:190} INFO - [2025-01-19T04:15:23.296+0000] {dag.py:3239} INFO - Sync 1 DAGs
[2025-01-19T04:15:23.404+0000] {logging_mixin.py:190} INFO - [2025-01-19T04:15:23.404+0000] {dag.py:4180} INFO - Setting next_dagrun for latest_only to 2025-01-19 00:00:00+00:00, run_after=2025-01-19 04:00:00+00:00
[2025-01-19T04:15:23.492+0000] {processor.py:208} INFO - Processing /home/airflow/.local/lib/python3.12/site-packages/airflow/example_dags/example_latest_only.py took 0.317 seconds
[2025-01-19T04:18:37.153+0000] {processor.py:186} INFO - Started process (PID=711) to work on /home/airflow/.local/lib/python3.12/site-packages/airflow/example_dags/example_latest_only.py
[2025-01-19T04:18:37.172+0000] {processor.py:914} INFO - Processing file /home/airflow/.local/lib/python3.12/site-packages/airflow/example_dags/example_latest_only.py for tasks to queue
[2025-01-19T04:18:37.179+0000] {logging_mixin.py:190} INFO - [2025-01-19T04:18:37.178+0000] {dagbag.py:588} INFO - Filling up the DagBag from /home/airflow/.local/lib/python3.12/site-packages/airflow/example_dags/example_latest_only.py
[2025-01-19T04:18:37.260+0000] {processor.py:925} INFO - DAG(s) 'latest_only' retrieved from /home/airflow/.local/lib/python3.12/site-packages/airflow/example_dags/example_latest_only.py
[2025-01-19T04:18:37.445+0000] {logging_mixin.py:190} INFO - [2025-01-19T04:18:37.434+0000] {dag.py:3239} INFO - Sync 1 DAGs
[2025-01-19T04:18:37.686+0000] {logging_mixin.py:190} INFO - [2025-01-19T04:18:37.686+0000] {dag.py:4180} INFO - Setting next_dagrun for latest_only to 2025-01-19 00:00:00+00:00, run_after=2025-01-19 04:00:00+00:00
[2025-01-19T04:18:37.787+0000] {processor.py:208} INFO - Processing /home/airflow/.local/lib/python3.12/site-packages/airflow/example_dags/example_latest_only.py took 0.672 seconds
[2025-01-19T04:19:09.672+0000] {processor.py:186} INFO - Started process (PID=783) to work on /home/airflow/.local/lib/python3.12/site-packages/airflow/example_dags/example_latest_only.py
[2025-01-19T04:19:09.690+0000] {processor.py:914} INFO - Processing file /home/airflow/.local/lib/python3.12/site-packages/airflow/example_dags/example_latest_only.py for tasks to queue
[2025-01-19T04:19:09.694+0000] {logging_mixin.py:190} INFO - [2025-01-19T04:19:09.693+0000] {dagbag.py:588} INFO - Filling up the DagBag from /home/airflow/.local/lib/python3.12/site-packages/airflow/example_dags/example_latest_only.py
[2025-01-19T04:19:09.722+0000] {processor.py:925} INFO - DAG(s) 'latest_only' retrieved from /home/airflow/.local/lib/python3.12/site-packages/airflow/example_dags/example_latest_only.py
[2025-01-19T04:19:09.807+0000] {logging_mixin.py:190} INFO - [2025-01-19T04:19:09.806+0000] {dag.py:3239} INFO - Sync 1 DAGs
[2025-01-19T04:19:09.926+0000] {logging_mixin.py:190} INFO - [2025-01-19T04:19:09.923+0000] {dag.py:4180} INFO - Setting next_dagrun for latest_only to 2025-01-19 00:00:00+00:00, run_after=2025-01-19 04:00:00+00:00
[2025-01-19T04:19:10.050+0000] {processor.py:208} INFO - Processing /home/airflow/.local/lib/python3.12/site-packages/airflow/example_dags/example_latest_only.py took 0.416 seconds
[2025-01-19T04:19:42.630+0000] {processor.py:186} INFO - Started process (PID=845) to work on /home/airflow/.local/lib/python3.12/site-packages/airflow/example_dags/example_latest_only.py
[2025-01-19T04:19:42.632+0000] {processor.py:914} INFO - Processing file /home/airflow/.local/lib/python3.12/site-packages/airflow/example_dags/example_latest_only.py for tasks to queue
[2025-01-19T04:19:42.635+0000] {logging_mixin.py:190} INFO - [2025-01-19T04:19:42.634+0000] {dagbag.py:588} INFO - Filling up the DagBag from /home/airflow/.local/lib/python3.12/site-packages/airflow/example_dags/example_latest_only.py
[2025-01-19T04:19:42.673+0000] {processor.py:925} INFO - DAG(s) 'latest_only' retrieved from /home/airflow/.local/lib/python3.12/site-packages/airflow/example_dags/example_latest_only.py
[2025-01-19T04:19:42.728+0000] {logging_mixin.py:190} INFO - [2025-01-19T04:19:42.727+0000] {dag.py:3239} INFO - Sync 1 DAGs
[2025-01-19T04:19:42.814+0000] {logging_mixin.py:190} INFO - [2025-01-19T04:19:42.813+0000] {dag.py:4180} INFO - Setting next_dagrun for latest_only to 2025-01-19 00:00:00+00:00, run_after=2025-01-19 04:00:00+00:00
[2025-01-19T04:19:42.867+0000] {processor.py:208} INFO - Processing /home/airflow/.local/lib/python3.12/site-packages/airflow/example_dags/example_latest_only.py took 0.254 seconds
[2025-01-19T04:20:13.016+0000] {processor.py:186} INFO - Started process (PID=907) to work on /home/airflow/.local/lib/python3.12/site-packages/airflow/example_dags/example_latest_only.py
[2025-01-19T04:20:13.018+0000] {processor.py:914} INFO - Processing file /home/airflow/.local/lib/python3.12/site-packages/airflow/example_dags/example_latest_only.py for tasks to queue
[2025-01-19T04:20:13.025+0000] {logging_mixin.py:190} INFO - [2025-01-19T04:20:13.024+0000] {dagbag.py:588} INFO - Filling up the DagBag from /home/airflow/.local/lib/python3.12/site-packages/airflow/example_dags/example_latest_only.py
[2025-01-19T04:20:13.058+0000] {processor.py:925} INFO - DAG(s) 'latest_only' retrieved from /home/airflow/.local/lib/python3.12/site-packages/airflow/example_dags/example_latest_only.py
[2025-01-19T04:20:13.118+0000] {logging_mixin.py:190} INFO - [2025-01-19T04:20:13.117+0000] {dag.py:3239} INFO - Sync 1 DAGs
[2025-01-19T04:20:13.212+0000] {logging_mixin.py:190} INFO - [2025-01-19T04:20:13.212+0000] {dag.py:4180} INFO - Setting next_dagrun for latest_only to 2025-01-19 00:00:00+00:00, run_after=2025-01-19 04:00:00+00:00
[2025-01-19T04:20:13.294+0000] {processor.py:208} INFO - Processing /home/airflow/.local/lib/python3.12/site-packages/airflow/example_dags/example_latest_only.py took 0.306 seconds
[2025-01-19T04:20:43.579+0000] {processor.py:186} INFO - Started process (PID=969) to work on /home/airflow/.local/lib/python3.12/site-packages/airflow/example_dags/example_latest_only.py
[2025-01-19T04:20:43.583+0000] {processor.py:914} INFO - Processing file /home/airflow/.local/lib/python3.12/site-packages/airflow/example_dags/example_latest_only.py for tasks to queue
[2025-01-19T04:20:43.596+0000] {logging_mixin.py:190} INFO - [2025-01-19T04:20:43.592+0000] {dagbag.py:588} INFO - Filling up the DagBag from /home/airflow/.local/lib/python3.12/site-packages/airflow/example_dags/example_latest_only.py
[2025-01-19T04:20:43.625+0000] {processor.py:925} INFO - DAG(s) 'latest_only' retrieved from /home/airflow/.local/lib/python3.12/site-packages/airflow/example_dags/example_latest_only.py
[2025-01-19T04:20:43.813+0000] {logging_mixin.py:190} INFO - [2025-01-19T04:20:43.812+0000] {dag.py:3239} INFO - Sync 1 DAGs
[2025-01-19T04:20:44.093+0000] {logging_mixin.py:190} INFO - [2025-01-19T04:20:44.092+0000] {dag.py:4180} INFO - Setting next_dagrun for latest_only to 2025-01-19 00:00:00+00:00, run_after=2025-01-19 04:00:00+00:00
[2025-01-19T04:20:44.256+0000] {processor.py:208} INFO - Processing /home/airflow/.local/lib/python3.12/site-packages/airflow/example_dags/example_latest_only.py took 0.698 seconds
[2025-01-19T04:21:28.663+0000] {processor.py:186} INFO - Started process (PID=1032) to work on /home/airflow/.local/lib/python3.12/site-packages/airflow/example_dags/example_latest_only.py
[2025-01-19T04:21:28.668+0000] {processor.py:914} INFO - Processing file /home/airflow/.local/lib/python3.12/site-packages/airflow/example_dags/example_latest_only.py for tasks to queue
[2025-01-19T04:21:28.679+0000] {logging_mixin.py:190} INFO - [2025-01-19T04:21:28.678+0000] {dagbag.py:588} INFO - Filling up the DagBag from /home/airflow/.local/lib/python3.12/site-packages/airflow/example_dags/example_latest_only.py
[2025-01-19T04:21:28.711+0000] {processor.py:925} INFO - DAG(s) 'latest_only' retrieved from /home/airflow/.local/lib/python3.12/site-packages/airflow/example_dags/example_latest_only.py
[2025-01-19T04:21:28.796+0000] {logging_mixin.py:190} INFO - [2025-01-19T04:21:28.795+0000] {dag.py:3239} INFO - Sync 1 DAGs
[2025-01-19T04:21:28.871+0000] {logging_mixin.py:190} INFO - [2025-01-19T04:21:28.870+0000] {dag.py:4180} INFO - Setting next_dagrun for latest_only to 2025-01-19 00:00:00+00:00, run_after=2025-01-19 04:00:00+00:00
[2025-01-19T04:21:28.930+0000] {processor.py:208} INFO - Processing /home/airflow/.local/lib/python3.12/site-packages/airflow/example_dags/example_latest_only.py took 0.289 seconds
[2025-01-19T04:28:04.547+0000] {processor.py:186} INFO - Started process (PID=94) to work on /home/airflow/.local/lib/python3.12/site-packages/airflow/example_dags/example_latest_only.py
[2025-01-19T04:28:04.551+0000] {processor.py:914} INFO - Processing file /home/airflow/.local/lib/python3.12/site-packages/airflow/example_dags/example_latest_only.py for tasks to queue
[2025-01-19T04:28:04.561+0000] {logging_mixin.py:190} INFO - [2025-01-19T04:28:04.560+0000] {dagbag.py:588} INFO - Filling up the DagBag from /home/airflow/.local/lib/python3.12/site-packages/airflow/example_dags/example_latest_only.py
[2025-01-19T04:28:04.581+0000] {processor.py:925} INFO - DAG(s) 'latest_only' retrieved from /home/airflow/.local/lib/python3.12/site-packages/airflow/example_dags/example_latest_only.py
[2025-01-19T04:28:04.998+0000] {logging_mixin.py:190} INFO - [2025-01-19T04:28:04.997+0000] {override.py:1911} INFO - Created Permission View: can delete on DAG:latest_only
[2025-01-19T04:28:05.036+0000] {logging_mixin.py:190} INFO - [2025-01-19T04:28:05.035+0000] {override.py:1911} INFO - Created Permission View: can edit on DAG:latest_only
[2025-01-19T04:28:05.061+0000] {logging_mixin.py:190} INFO - [2025-01-19T04:28:05.060+0000] {override.py:1911} INFO - Created Permission View: can read on DAG:latest_only
[2025-01-19T04:28:05.089+0000] {logging_mixin.py:190} INFO - [2025-01-19T04:28:05.089+0000] {override.py:1911} INFO - Created Permission View: can create on DAG Run:latest_only
[2025-01-19T04:28:05.112+0000] {logging_mixin.py:190} INFO - [2025-01-19T04:28:05.110+0000] {override.py:1911} INFO - Created Permission View: menu access on DAG Run:latest_only
[2025-01-19T04:28:05.134+0000] {logging_mixin.py:190} INFO - [2025-01-19T04:28:05.133+0000] {override.py:1911} INFO - Created Permission View: can delete on DAG Run:latest_only
[2025-01-19T04:28:05.153+0000] {logging_mixin.py:190} INFO - [2025-01-19T04:28:05.153+0000] {override.py:1911} INFO - Created Permission View: can read on DAG Run:latest_only
[2025-01-19T04:28:05.155+0000] {logging_mixin.py:190} INFO - [2025-01-19T04:28:05.155+0000] {dag.py:3239} INFO - Sync 1 DAGs
[2025-01-19T04:28:05.218+0000] {logging_mixin.py:190} INFO - [2025-01-19T04:28:05.218+0000] {dag.py:3262} INFO - Creating ORM DAG for latest_only
[2025-01-19T04:28:05.269+0000] {logging_mixin.py:190} INFO - [2025-01-19T04:28:05.269+0000] {dag.py:4180} INFO - Setting next_dagrun for latest_only to 2025-01-19 00:00:00+00:00, run_after=2025-01-19 04:00:00+00:00
[2025-01-19T04:28:05.336+0000] {processor.py:208} INFO - Processing /home/airflow/.local/lib/python3.12/site-packages/airflow/example_dags/example_latest_only.py took 0.817 seconds
[2025-01-19T04:28:38.313+0000] {processor.py:186} INFO - Started process (PID=157) to work on /home/airflow/.local/lib/python3.12/site-packages/airflow/example_dags/example_latest_only.py
[2025-01-19T04:28:38.316+0000] {processor.py:914} INFO - Processing file /home/airflow/.local/lib/python3.12/site-packages/airflow/example_dags/example_latest_only.py for tasks to queue
[2025-01-19T04:28:38.323+0000] {logging_mixin.py:190} INFO - [2025-01-19T04:28:38.323+0000] {dagbag.py:588} INFO - Filling up the DagBag from /home/airflow/.local/lib/python3.12/site-packages/airflow/example_dags/example_latest_only.py
[2025-01-19T04:28:38.360+0000] {processor.py:925} INFO - DAG(s) 'latest_only' retrieved from /home/airflow/.local/lib/python3.12/site-packages/airflow/example_dags/example_latest_only.py
[2025-01-19T04:28:38.430+0000] {logging_mixin.py:190} INFO - [2025-01-19T04:28:38.430+0000] {dag.py:3239} INFO - Sync 1 DAGs
[2025-01-19T04:28:38.545+0000] {logging_mixin.py:190} INFO - [2025-01-19T04:28:38.544+0000] {dag.py:4180} INFO - Setting next_dagrun for latest_only to 2025-01-19 00:00:00+00:00, run_after=2025-01-19 04:00:00+00:00
[2025-01-19T04:28:38.669+0000] {processor.py:208} INFO - Processing /home/airflow/.local/lib/python3.12/site-packages/airflow/example_dags/example_latest_only.py took 0.371 seconds
[2025-01-19T04:29:14.064+0000] {processor.py:186} INFO - Started process (PID=220) to work on /home/airflow/.local/lib/python3.12/site-packages/airflow/example_dags/example_latest_only.py
[2025-01-19T04:29:14.072+0000] {processor.py:914} INFO - Processing file /home/airflow/.local/lib/python3.12/site-packages/airflow/example_dags/example_latest_only.py for tasks to queue
[2025-01-19T04:29:14.106+0000] {logging_mixin.py:190} INFO - [2025-01-19T04:29:14.103+0000] {dagbag.py:588} INFO - Filling up the DagBag from /home/airflow/.local/lib/python3.12/site-packages/airflow/example_dags/example_latest_only.py
[2025-01-19T04:29:14.212+0000] {processor.py:925} INFO - DAG(s) 'latest_only' retrieved from /home/airflow/.local/lib/python3.12/site-packages/airflow/example_dags/example_latest_only.py
[2025-01-19T04:29:14.372+0000] {logging_mixin.py:190} INFO - [2025-01-19T04:29:14.366+0000] {dag.py:3239} INFO - Sync 1 DAGs
[2025-01-19T04:29:14.618+0000] {logging_mixin.py:190} INFO - [2025-01-19T04:29:14.617+0000] {dag.py:4180} INFO - Setting next_dagrun for latest_only to 2025-01-19 00:00:00+00:00, run_after=2025-01-19 04:00:00+00:00
[2025-01-19T04:29:14.917+0000] {processor.py:208} INFO - Processing /home/airflow/.local/lib/python3.12/site-packages/airflow/example_dags/example_latest_only.py took 0.876 seconds
[2025-01-19T04:30:03.981+0000] {processor.py:186} INFO - Started process (PID=288) to work on /home/airflow/.local/lib/python3.12/site-packages/airflow/example_dags/example_latest_only.py
[2025-01-19T04:30:03.983+0000] {processor.py:914} INFO - Processing file /home/airflow/.local/lib/python3.12/site-packages/airflow/example_dags/example_latest_only.py for tasks to queue
[2025-01-19T04:30:03.989+0000] {logging_mixin.py:190} INFO - [2025-01-19T04:30:03.988+0000] {dagbag.py:588} INFO - Filling up the DagBag from /home/airflow/.local/lib/python3.12/site-packages/airflow/example_dags/example_latest_only.py
[2025-01-19T04:30:04.012+0000] {processor.py:925} INFO - DAG(s) 'latest_only' retrieved from /home/airflow/.local/lib/python3.12/site-packages/airflow/example_dags/example_latest_only.py
[2025-01-19T04:30:04.064+0000] {logging_mixin.py:190} INFO - [2025-01-19T04:30:04.063+0000] {dag.py:3239} INFO - Sync 1 DAGs
[2025-01-19T04:30:04.134+0000] {logging_mixin.py:190} INFO - [2025-01-19T04:30:04.133+0000] {dag.py:4180} INFO - Setting next_dagrun for latest_only to 2025-01-19 00:00:00+00:00, run_after=2025-01-19 04:00:00+00:00
[2025-01-19T04:30:04.209+0000] {processor.py:208} INFO - Processing /home/airflow/.local/lib/python3.12/site-packages/airflow/example_dags/example_latest_only.py took 0.243 seconds
[2025-01-19T04:30:40.703+0000] {processor.py:186} INFO - Started process (PID=364) to work on /home/airflow/.local/lib/python3.12/site-packages/airflow/example_dags/example_latest_only.py
[2025-01-19T04:30:40.706+0000] {processor.py:914} INFO - Processing file /home/airflow/.local/lib/python3.12/site-packages/airflow/example_dags/example_latest_only.py for tasks to queue
[2025-01-19T04:30:40.716+0000] {logging_mixin.py:190} INFO - [2025-01-19T04:30:40.716+0000] {dagbag.py:588} INFO - Filling up the DagBag from /home/airflow/.local/lib/python3.12/site-packages/airflow/example_dags/example_latest_only.py
[2025-01-19T04:30:40.737+0000] {processor.py:925} INFO - DAG(s) 'latest_only' retrieved from /home/airflow/.local/lib/python3.12/site-packages/airflow/example_dags/example_latest_only.py
[2025-01-19T04:30:40.809+0000] {logging_mixin.py:190} INFO - [2025-01-19T04:30:40.808+0000] {dag.py:3239} INFO - Sync 1 DAGs
[2025-01-19T04:30:40.882+0000] {logging_mixin.py:190} INFO - [2025-01-19T04:30:40.882+0000] {dag.py:4180} INFO - Setting next_dagrun for latest_only to 2025-01-19 00:00:00+00:00, run_after=2025-01-19 04:00:00+00:00
[2025-01-19T04:30:40.931+0000] {processor.py:208} INFO - Processing /home/airflow/.local/lib/python3.12/site-packages/airflow/example_dags/example_latest_only.py took 0.242 seconds
[2025-01-19T04:31:22.250+0000] {processor.py:186} INFO - Started process (PID=443) to work on /home/airflow/.local/lib/python3.12/site-packages/airflow/example_dags/example_latest_only.py
[2025-01-19T04:31:22.252+0000] {processor.py:914} INFO - Processing file /home/airflow/.local/lib/python3.12/site-packages/airflow/example_dags/example_latest_only.py for tasks to queue
[2025-01-19T04:31:22.258+0000] {logging_mixin.py:190} INFO - [2025-01-19T04:31:22.257+0000] {dagbag.py:588} INFO - Filling up the DagBag from /home/airflow/.local/lib/python3.12/site-packages/airflow/example_dags/example_latest_only.py
[2025-01-19T04:31:22.275+0000] {processor.py:925} INFO - DAG(s) 'latest_only' retrieved from /home/airflow/.local/lib/python3.12/site-packages/airflow/example_dags/example_latest_only.py
[2025-01-19T04:31:22.352+0000] {logging_mixin.py:190} INFO - [2025-01-19T04:31:22.352+0000] {dag.py:3239} INFO - Sync 1 DAGs
[2025-01-19T04:31:22.484+0000] {logging_mixin.py:190} INFO - [2025-01-19T04:31:22.474+0000] {dag.py:4180} INFO - Setting next_dagrun for latest_only to 2025-01-19 00:00:00+00:00, run_after=2025-01-19 04:00:00+00:00
[2025-01-19T04:31:22.591+0000] {processor.py:208} INFO - Processing /home/airflow/.local/lib/python3.12/site-packages/airflow/example_dags/example_latest_only.py took 0.357 seconds
[2025-01-19T04:31:57.926+0000] {processor.py:186} INFO - Started process (PID=510) to work on /home/airflow/.local/lib/python3.12/site-packages/airflow/example_dags/example_latest_only.py
[2025-01-19T04:31:57.928+0000] {processor.py:914} INFO - Processing file /home/airflow/.local/lib/python3.12/site-packages/airflow/example_dags/example_latest_only.py for tasks to queue
[2025-01-19T04:31:57.933+0000] {logging_mixin.py:190} INFO - [2025-01-19T04:31:57.932+0000] {dagbag.py:588} INFO - Filling up the DagBag from /home/airflow/.local/lib/python3.12/site-packages/airflow/example_dags/example_latest_only.py
[2025-01-19T04:31:57.948+0000] {processor.py:925} INFO - DAG(s) 'latest_only' retrieved from /home/airflow/.local/lib/python3.12/site-packages/airflow/example_dags/example_latest_only.py
[2025-01-19T04:31:58.002+0000] {logging_mixin.py:190} INFO - [2025-01-19T04:31:58.001+0000] {dag.py:3239} INFO - Sync 1 DAGs
[2025-01-19T04:31:58.056+0000] {logging_mixin.py:190} INFO - [2025-01-19T04:31:58.056+0000] {dag.py:4180} INFO - Setting next_dagrun for latest_only to 2025-01-19 00:00:00+00:00, run_after=2025-01-19 04:00:00+00:00
[2025-01-19T04:31:58.094+0000] {processor.py:208} INFO - Processing /home/airflow/.local/lib/python3.12/site-packages/airflow/example_dags/example_latest_only.py took 0.182 seconds
[2025-01-19T04:32:30.816+0000] {processor.py:186} INFO - Started process (PID=573) to work on /home/airflow/.local/lib/python3.12/site-packages/airflow/example_dags/example_latest_only.py
[2025-01-19T04:32:30.819+0000] {processor.py:914} INFO - Processing file /home/airflow/.local/lib/python3.12/site-packages/airflow/example_dags/example_latest_only.py for tasks to queue
[2025-01-19T04:32:30.827+0000] {logging_mixin.py:190} INFO - [2025-01-19T04:32:30.826+0000] {dagbag.py:588} INFO - Filling up the DagBag from /home/airflow/.local/lib/python3.12/site-packages/airflow/example_dags/example_latest_only.py
[2025-01-19T04:32:30.848+0000] {processor.py:925} INFO - DAG(s) 'latest_only' retrieved from /home/airflow/.local/lib/python3.12/site-packages/airflow/example_dags/example_latest_only.py
[2025-01-19T04:32:30.924+0000] {logging_mixin.py:190} INFO - [2025-01-19T04:32:30.920+0000] {dag.py:3239} INFO - Sync 1 DAGs
[2025-01-19T04:32:31.012+0000] {logging_mixin.py:190} INFO - [2025-01-19T04:32:31.011+0000] {dag.py:4180} INFO - Setting next_dagrun for latest_only to 2025-01-19 00:00:00+00:00, run_after=2025-01-19 04:00:00+00:00
[2025-01-19T04:32:31.086+0000] {processor.py:208} INFO - Processing /home/airflow/.local/lib/python3.12/site-packages/airflow/example_dags/example_latest_only.py took 0.288 seconds
[2025-01-19T04:33:05.371+0000] {processor.py:186} INFO - Started process (PID=636) to work on /home/airflow/.local/lib/python3.12/site-packages/airflow/example_dags/example_latest_only.py
[2025-01-19T04:33:05.380+0000] {processor.py:914} INFO - Processing file /home/airflow/.local/lib/python3.12/site-packages/airflow/example_dags/example_latest_only.py for tasks to queue
[2025-01-19T04:33:05.390+0000] {logging_mixin.py:190} INFO - [2025-01-19T04:33:05.389+0000] {dagbag.py:588} INFO - Filling up the DagBag from /home/airflow/.local/lib/python3.12/site-packages/airflow/example_dags/example_latest_only.py
[2025-01-19T04:33:05.422+0000] {processor.py:925} INFO - DAG(s) 'latest_only' retrieved from /home/airflow/.local/lib/python3.12/site-packages/airflow/example_dags/example_latest_only.py
[2025-01-19T04:33:05.471+0000] {logging_mixin.py:190} INFO - [2025-01-19T04:33:05.470+0000] {dag.py:3239} INFO - Sync 1 DAGs
[2025-01-19T04:33:05.602+0000] {logging_mixin.py:190} INFO - [2025-01-19T04:33:05.598+0000] {dag.py:4180} INFO - Setting next_dagrun for latest_only to 2025-01-19 00:00:00+00:00, run_after=2025-01-19 04:00:00+00:00
[2025-01-19T04:33:05.666+0000] {processor.py:208} INFO - Processing /home/airflow/.local/lib/python3.12/site-packages/airflow/example_dags/example_latest_only.py took 0.326 seconds
[2025-01-19T04:33:35.826+0000] {processor.py:186} INFO - Started process (PID=699) to work on /home/airflow/.local/lib/python3.12/site-packages/airflow/example_dags/example_latest_only.py
[2025-01-19T04:33:35.829+0000] {processor.py:914} INFO - Processing file /home/airflow/.local/lib/python3.12/site-packages/airflow/example_dags/example_latest_only.py for tasks to queue
[2025-01-19T04:33:35.834+0000] {logging_mixin.py:190} INFO - [2025-01-19T04:33:35.833+0000] {dagbag.py:588} INFO - Filling up the DagBag from /home/airflow/.local/lib/python3.12/site-packages/airflow/example_dags/example_latest_only.py
[2025-01-19T04:33:35.848+0000] {processor.py:925} INFO - DAG(s) 'latest_only' retrieved from /home/airflow/.local/lib/python3.12/site-packages/airflow/example_dags/example_latest_only.py
[2025-01-19T04:33:35.899+0000] {logging_mixin.py:190} INFO - [2025-01-19T04:33:35.898+0000] {dag.py:3239} INFO - Sync 1 DAGs
[2025-01-19T04:33:35.963+0000] {logging_mixin.py:190} INFO - [2025-01-19T04:33:35.963+0000] {dag.py:4180} INFO - Setting next_dagrun for latest_only to 2025-01-19 00:00:00+00:00, run_after=2025-01-19 04:00:00+00:00
[2025-01-19T04:33:36.017+0000] {processor.py:208} INFO - Processing /home/airflow/.local/lib/python3.12/site-packages/airflow/example_dags/example_latest_only.py took 0.203 seconds
[2025-01-19T04:34:08.522+0000] {processor.py:186} INFO - Started process (PID=769) to work on /home/airflow/.local/lib/python3.12/site-packages/airflow/example_dags/example_latest_only.py
[2025-01-19T04:34:08.524+0000] {processor.py:914} INFO - Processing file /home/airflow/.local/lib/python3.12/site-packages/airflow/example_dags/example_latest_only.py for tasks to queue
[2025-01-19T04:34:08.542+0000] {logging_mixin.py:190} INFO - [2025-01-19T04:34:08.541+0000] {dagbag.py:588} INFO - Filling up the DagBag from /home/airflow/.local/lib/python3.12/site-packages/airflow/example_dags/example_latest_only.py
[2025-01-19T04:34:08.572+0000] {processor.py:925} INFO - DAG(s) 'latest_only' retrieved from /home/airflow/.local/lib/python3.12/site-packages/airflow/example_dags/example_latest_only.py
[2025-01-19T04:34:08.658+0000] {logging_mixin.py:190} INFO - [2025-01-19T04:34:08.657+0000] {dag.py:3239} INFO - Sync 1 DAGs
[2025-01-19T04:34:08.755+0000] {logging_mixin.py:190} INFO - [2025-01-19T04:34:08.753+0000] {dag.py:4180} INFO - Setting next_dagrun for latest_only to 2025-01-19 00:00:00+00:00, run_after=2025-01-19 04:00:00+00:00
[2025-01-19T04:34:08.818+0000] {processor.py:208} INFO - Processing /home/airflow/.local/lib/python3.12/site-packages/airflow/example_dags/example_latest_only.py took 0.321 seconds
[2025-01-19T04:34:39.082+0000] {processor.py:186} INFO - Started process (PID=832) to work on /home/airflow/.local/lib/python3.12/site-packages/airflow/example_dags/example_latest_only.py
[2025-01-19T04:34:39.083+0000] {processor.py:914} INFO - Processing file /home/airflow/.local/lib/python3.12/site-packages/airflow/example_dags/example_latest_only.py for tasks to queue
[2025-01-19T04:34:39.088+0000] {logging_mixin.py:190} INFO - [2025-01-19T04:34:39.088+0000] {dagbag.py:588} INFO - Filling up the DagBag from /home/airflow/.local/lib/python3.12/site-packages/airflow/example_dags/example_latest_only.py
[2025-01-19T04:34:39.109+0000] {processor.py:925} INFO - DAG(s) 'latest_only' retrieved from /home/airflow/.local/lib/python3.12/site-packages/airflow/example_dags/example_latest_only.py
[2025-01-19T04:34:39.162+0000] {logging_mixin.py:190} INFO - [2025-01-19T04:34:39.161+0000] {dag.py:3239} INFO - Sync 1 DAGs
[2025-01-19T04:34:39.221+0000] {logging_mixin.py:190} INFO - [2025-01-19T04:34:39.221+0000] {dag.py:4180} INFO - Setting next_dagrun for latest_only to 2025-01-19 00:00:00+00:00, run_after=2025-01-19 04:00:00+00:00
[2025-01-19T04:34:39.296+0000] {processor.py:208} INFO - Processing /home/airflow/.local/lib/python3.12/site-packages/airflow/example_dags/example_latest_only.py took 0.226 seconds
[2025-01-19T04:35:26.465+0000] {processor.py:186} INFO - Started process (PID=894) to work on /home/airflow/.local/lib/python3.12/site-packages/airflow/example_dags/example_latest_only.py
[2025-01-19T04:35:26.470+0000] {processor.py:914} INFO - Processing file /home/airflow/.local/lib/python3.12/site-packages/airflow/example_dags/example_latest_only.py for tasks to queue
[2025-01-19T04:35:26.490+0000] {logging_mixin.py:190} INFO - [2025-01-19T04:35:26.489+0000] {dagbag.py:588} INFO - Filling up the DagBag from /home/airflow/.local/lib/python3.12/site-packages/airflow/example_dags/example_latest_only.py
[2025-01-19T04:35:26.594+0000] {processor.py:925} INFO - DAG(s) 'latest_only' retrieved from /home/airflow/.local/lib/python3.12/site-packages/airflow/example_dags/example_latest_only.py
[2025-01-19T04:35:26.802+0000] {logging_mixin.py:190} INFO - [2025-01-19T04:35:26.802+0000] {dag.py:3239} INFO - Sync 1 DAGs
[2025-01-19T04:35:26.931+0000] {logging_mixin.py:190} INFO - [2025-01-19T04:35:26.931+0000] {dag.py:4180} INFO - Setting next_dagrun for latest_only to 2025-01-19 00:00:00+00:00, run_after=2025-01-19 04:00:00+00:00
[2025-01-19T04:35:27.464+0000] {processor.py:208} INFO - Processing /home/airflow/.local/lib/python3.12/site-packages/airflow/example_dags/example_latest_only.py took 1.028 seconds
[2025-01-19T04:35:58.079+0000] {processor.py:186} INFO - Started process (PID=957) to work on /home/airflow/.local/lib/python3.12/site-packages/airflow/example_dags/example_latest_only.py
[2025-01-19T04:35:58.095+0000] {processor.py:914} INFO - Processing file /home/airflow/.local/lib/python3.12/site-packages/airflow/example_dags/example_latest_only.py for tasks to queue
[2025-01-19T04:35:58.101+0000] {logging_mixin.py:190} INFO - [2025-01-19T04:35:58.101+0000] {dagbag.py:588} INFO - Filling up the DagBag from /home/airflow/.local/lib/python3.12/site-packages/airflow/example_dags/example_latest_only.py
[2025-01-19T04:35:58.130+0000] {processor.py:925} INFO - DAG(s) 'latest_only' retrieved from /home/airflow/.local/lib/python3.12/site-packages/airflow/example_dags/example_latest_only.py
[2025-01-19T04:35:58.191+0000] {logging_mixin.py:190} INFO - [2025-01-19T04:35:58.190+0000] {dag.py:3239} INFO - Sync 1 DAGs
[2025-01-19T04:35:58.262+0000] {logging_mixin.py:190} INFO - [2025-01-19T04:35:58.261+0000] {dag.py:4180} INFO - Setting next_dagrun for latest_only to 2025-01-19 00:00:00+00:00, run_after=2025-01-19 04:00:00+00:00
[2025-01-19T04:35:58.307+0000] {processor.py:208} INFO - Processing /home/airflow/.local/lib/python3.12/site-packages/airflow/example_dags/example_latest_only.py took 0.248 seconds
[2025-01-19T04:36:28.844+0000] {processor.py:186} INFO - Started process (PID=1020) to work on /home/airflow/.local/lib/python3.12/site-packages/airflow/example_dags/example_latest_only.py
[2025-01-19T04:36:28.846+0000] {processor.py:914} INFO - Processing file /home/airflow/.local/lib/python3.12/site-packages/airflow/example_dags/example_latest_only.py for tasks to queue
[2025-01-19T04:36:28.852+0000] {logging_mixin.py:190} INFO - [2025-01-19T04:36:28.851+0000] {dagbag.py:588} INFO - Filling up the DagBag from /home/airflow/.local/lib/python3.12/site-packages/airflow/example_dags/example_latest_only.py
[2025-01-19T04:36:28.870+0000] {processor.py:925} INFO - DAG(s) 'latest_only' retrieved from /home/airflow/.local/lib/python3.12/site-packages/airflow/example_dags/example_latest_only.py
[2025-01-19T04:36:28.943+0000] {logging_mixin.py:190} INFO - [2025-01-19T04:36:28.943+0000] {dag.py:3239} INFO - Sync 1 DAGs
[2025-01-19T04:36:29.073+0000] {logging_mixin.py:190} INFO - [2025-01-19T04:36:29.072+0000] {dag.py:4180} INFO - Setting next_dagrun for latest_only to 2025-01-19 00:00:00+00:00, run_after=2025-01-19 04:00:00+00:00
[2025-01-19T04:36:29.143+0000] {processor.py:208} INFO - Processing /home/airflow/.local/lib/python3.12/site-packages/airflow/example_dags/example_latest_only.py took 0.319 seconds
[2025-01-19T04:41:28.271+0000] {processor.py:186} INFO - Started process (PID=1097) to work on /home/airflow/.local/lib/python3.12/site-packages/airflow/example_dags/example_latest_only.py
[2025-01-19T04:41:28.275+0000] {processor.py:914} INFO - Processing file /home/airflow/.local/lib/python3.12/site-packages/airflow/example_dags/example_latest_only.py for tasks to queue
[2025-01-19T04:41:28.285+0000] {logging_mixin.py:190} INFO - [2025-01-19T04:41:28.285+0000] {dagbag.py:588} INFO - Filling up the DagBag from /home/airflow/.local/lib/python3.12/site-packages/airflow/example_dags/example_latest_only.py
[2025-01-19T04:41:28.331+0000] {processor.py:925} INFO - DAG(s) 'latest_only' retrieved from /home/airflow/.local/lib/python3.12/site-packages/airflow/example_dags/example_latest_only.py
[2025-01-19T04:41:28.425+0000] {logging_mixin.py:190} INFO - [2025-01-19T04:41:28.424+0000] {dag.py:3239} INFO - Sync 1 DAGs
[2025-01-19T04:41:28.679+0000] {logging_mixin.py:190} INFO - [2025-01-19T04:41:28.678+0000] {dag.py:4180} INFO - Setting next_dagrun for latest_only to 2025-01-19 00:00:00+00:00, run_after=2025-01-19 04:00:00+00:00
[2025-01-19T04:41:28.845+0000] {processor.py:208} INFO - Processing /home/airflow/.local/lib/python3.12/site-packages/airflow/example_dags/example_latest_only.py took 0.612 seconds
