[2025-01-19T04:13:08.525+0000] {processor.py:186} INFO - Started process (PID=473) to work on /home/airflow/.local/lib/python3.12/site-packages/airflow/example_dags/example_xcom.py
[2025-01-19T04:13:08.538+0000] {processor.py:914} INFO - Processing file /home/airflow/.local/lib/python3.12/site-packages/airflow/example_dags/example_xcom.py for tasks to queue
[2025-01-19T04:13:08.575+0000] {logging_mixin.py:190} INFO - [2025-01-19T04:13:08.574+0000] {dagbag.py:588} INFO - Filling up the DagBag from /home/airflow/.local/lib/python3.12/site-packages/airflow/example_dags/example_xcom.py
[2025-01-19T04:13:08.723+0000] {processor.py:925} INFO - DAG(s) 'example_xcom' retrieved from /home/airflow/.local/lib/python3.12/site-packages/airflow/example_dags/example_xcom.py
[2025-01-19T04:13:09.007+0000] {logging_mixin.py:190} INFO - [2025-01-19T04:13:08.993+0000] {dag.py:3239} INFO - Sync 1 DAGs
[2025-01-19T04:13:09.192+0000] {logging_mixin.py:190} INFO - [2025-01-19T04:13:09.191+0000] {dag.py:4180} INFO - Setting next_dagrun for example_xcom to 2021-01-01 00:00:00+00:00, run_after=2021-01-01 00:00:00+00:00
[2025-01-19T04:13:09.414+0000] {processor.py:208} INFO - Processing /home/airflow/.local/lib/python3.12/site-packages/airflow/example_dags/example_xcom.py took 0.942 seconds
[2025-01-19T04:13:39.676+0000] {processor.py:186} INFO - Started process (PID=535) to work on /home/airflow/.local/lib/python3.12/site-packages/airflow/example_dags/example_xcom.py
[2025-01-19T04:13:39.684+0000] {processor.py:914} INFO - Processing file /home/airflow/.local/lib/python3.12/site-packages/airflow/example_dags/example_xcom.py for tasks to queue
[2025-01-19T04:13:39.691+0000] {logging_mixin.py:190} INFO - [2025-01-19T04:13:39.690+0000] {dagbag.py:588} INFO - Filling up the DagBag from /home/airflow/.local/lib/python3.12/site-packages/airflow/example_dags/example_xcom.py
[2025-01-19T04:13:39.746+0000] {processor.py:925} INFO - DAG(s) 'example_xcom' retrieved from /home/airflow/.local/lib/python3.12/site-packages/airflow/example_dags/example_xcom.py
[2025-01-19T04:13:39.829+0000] {logging_mixin.py:190} INFO - [2025-01-19T04:13:39.828+0000] {dag.py:3239} INFO - Sync 1 DAGs
[2025-01-19T04:13:39.892+0000] {logging_mixin.py:190} INFO - [2025-01-19T04:13:39.891+0000] {dag.py:4180} INFO - Setting next_dagrun for example_xcom to 2021-01-01 00:00:00+00:00, run_after=2021-01-01 00:00:00+00:00
[2025-01-19T04:13:39.945+0000] {processor.py:208} INFO - Processing /home/airflow/.local/lib/python3.12/site-packages/airflow/example_dags/example_xcom.py took 0.292 seconds
[2025-01-19T04:14:13.052+0000] {processor.py:186} INFO - Started process (PID=598) to work on /home/airflow/.local/lib/python3.12/site-packages/airflow/example_dags/example_xcom.py
[2025-01-19T04:14:13.056+0000] {processor.py:914} INFO - Processing file /home/airflow/.local/lib/python3.12/site-packages/airflow/example_dags/example_xcom.py for tasks to queue
[2025-01-19T04:14:13.072+0000] {logging_mixin.py:190} INFO - [2025-01-19T04:14:13.071+0000] {dagbag.py:588} INFO - Filling up the DagBag from /home/airflow/.local/lib/python3.12/site-packages/airflow/example_dags/example_xcom.py
[2025-01-19T04:14:13.131+0000] {processor.py:925} INFO - DAG(s) 'example_xcom' retrieved from /home/airflow/.local/lib/python3.12/site-packages/airflow/example_dags/example_xcom.py
[2025-01-19T04:14:13.228+0000] {logging_mixin.py:190} INFO - [2025-01-19T04:14:13.227+0000] {dag.py:3239} INFO - Sync 1 DAGs
[2025-01-19T04:14:12.863+0000] {logging_mixin.py:190} INFO - [2025-01-19T04:14:12.859+0000] {dag.py:4180} INFO - Setting next_dagrun for example_xcom to 2021-01-01 00:00:00+00:00, run_after=2021-01-01 00:00:00+00:00
[2025-01-19T04:14:12.937+0000] {processor.py:208} INFO - Processing /home/airflow/.local/lib/python3.12/site-packages/airflow/example_dags/example_xcom.py took 0.442 seconds
[2025-01-19T04:15:21.135+0000] {processor.py:186} INFO - Started process (PID=647) to work on /home/airflow/.local/lib/python3.12/site-packages/airflow/example_dags/example_xcom.py
[2025-01-19T04:15:21.137+0000] {processor.py:914} INFO - Processing file /home/airflow/.local/lib/python3.12/site-packages/airflow/example_dags/example_xcom.py for tasks to queue
[2025-01-19T04:15:21.143+0000] {logging_mixin.py:190} INFO - [2025-01-19T04:15:21.142+0000] {dagbag.py:588} INFO - Filling up the DagBag from /home/airflow/.local/lib/python3.12/site-packages/airflow/example_dags/example_xcom.py
[2025-01-19T04:15:21.171+0000] {processor.py:925} INFO - DAG(s) 'example_xcom' retrieved from /home/airflow/.local/lib/python3.12/site-packages/airflow/example_dags/example_xcom.py
[2025-01-19T04:15:21.224+0000] {logging_mixin.py:190} INFO - [2025-01-19T04:15:21.223+0000] {dag.py:3239} INFO - Sync 1 DAGs
[2025-01-19T04:15:21.296+0000] {logging_mixin.py:190} INFO - [2025-01-19T04:15:21.295+0000] {dag.py:4180} INFO - Setting next_dagrun for example_xcom to 2021-01-01 00:00:00+00:00, run_after=2021-01-01 00:00:00+00:00
[2025-01-19T04:15:21.339+0000] {processor.py:208} INFO - Processing /home/airflow/.local/lib/python3.12/site-packages/airflow/example_dags/example_xcom.py took 0.217 seconds
[2025-01-19T04:18:34.065+0000] {processor.py:186} INFO - Started process (PID=705) to work on /home/airflow/.local/lib/python3.12/site-packages/airflow/example_dags/example_xcom.py
[2025-01-19T04:18:34.069+0000] {processor.py:914} INFO - Processing file /home/airflow/.local/lib/python3.12/site-packages/airflow/example_dags/example_xcom.py for tasks to queue
[2025-01-19T04:18:34.082+0000] {logging_mixin.py:190} INFO - [2025-01-19T04:18:34.081+0000] {dagbag.py:588} INFO - Filling up the DagBag from /home/airflow/.local/lib/python3.12/site-packages/airflow/example_dags/example_xcom.py
[2025-01-19T04:18:34.175+0000] {processor.py:925} INFO - DAG(s) 'example_xcom' retrieved from /home/airflow/.local/lib/python3.12/site-packages/airflow/example_dags/example_xcom.py
[2025-01-19T04:18:34.405+0000] {logging_mixin.py:190} INFO - [2025-01-19T04:18:34.405+0000] {dag.py:3239} INFO - Sync 1 DAGs
[2025-01-19T04:18:34.549+0000] {logging_mixin.py:190} INFO - [2025-01-19T04:18:34.547+0000] {dag.py:4180} INFO - Setting next_dagrun for example_xcom to 2021-01-01 00:00:00+00:00, run_after=2021-01-01 00:00:00+00:00
[2025-01-19T04:18:34.642+0000] {processor.py:208} INFO - Processing /home/airflow/.local/lib/python3.12/site-packages/airflow/example_dags/example_xcom.py took 0.599 seconds
[2025-01-19T04:19:04.940+0000] {processor.py:186} INFO - Started process (PID=767) to work on /home/airflow/.local/lib/python3.12/site-packages/airflow/example_dags/example_xcom.py
[2025-01-19T04:19:04.942+0000] {processor.py:914} INFO - Processing file /home/airflow/.local/lib/python3.12/site-packages/airflow/example_dags/example_xcom.py for tasks to queue
[2025-01-19T04:19:04.957+0000] {logging_mixin.py:190} INFO - [2025-01-19T04:19:04.955+0000] {dagbag.py:588} INFO - Filling up the DagBag from /home/airflow/.local/lib/python3.12/site-packages/airflow/example_dags/example_xcom.py
[2025-01-19T04:19:04.081+0000] {processor.py:925} INFO - DAG(s) 'example_xcom' retrieved from /home/airflow/.local/lib/python3.12/site-packages/airflow/example_dags/example_xcom.py
[2025-01-19T04:19:04.288+0000] {logging_mixin.py:190} INFO - [2025-01-19T04:19:04.288+0000] {dag.py:3239} INFO - Sync 1 DAGs
[2025-01-19T04:19:04.548+0000] {logging_mixin.py:190} INFO - [2025-01-19T04:19:04.547+0000] {dag.py:4180} INFO - Setting next_dagrun for example_xcom to 2021-01-01 00:00:00+00:00, run_after=2021-01-01 00:00:00+00:00
[2025-01-19T04:19:04.859+0000] {processor.py:208} INFO - Processing /home/airflow/.local/lib/python3.12/site-packages/airflow/example_dags/example_xcom.py took 0.965 seconds
[2025-01-19T04:19:35.213+0000] {processor.py:186} INFO - Started process (PID=829) to work on /home/airflow/.local/lib/python3.12/site-packages/airflow/example_dags/example_xcom.py
[2025-01-19T04:19:35.216+0000] {processor.py:914} INFO - Processing file /home/airflow/.local/lib/python3.12/site-packages/airflow/example_dags/example_xcom.py for tasks to queue
[2025-01-19T04:19:35.229+0000] {logging_mixin.py:190} INFO - [2025-01-19T04:19:35.228+0000] {dagbag.py:588} INFO - Filling up the DagBag from /home/airflow/.local/lib/python3.12/site-packages/airflow/example_dags/example_xcom.py
[2025-01-19T04:19:35.312+0000] {processor.py:925} INFO - DAG(s) 'example_xcom' retrieved from /home/airflow/.local/lib/python3.12/site-packages/airflow/example_dags/example_xcom.py
[2025-01-19T04:19:35.442+0000] {logging_mixin.py:190} INFO - [2025-01-19T04:19:35.441+0000] {dag.py:3239} INFO - Sync 1 DAGs
[2025-01-19T04:19:35.530+0000] {logging_mixin.py:190} INFO - [2025-01-19T04:19:35.529+0000] {dag.py:4180} INFO - Setting next_dagrun for example_xcom to 2021-01-01 00:00:00+00:00, run_after=2021-01-01 00:00:00+00:00
[2025-01-19T04:19:35.657+0000] {processor.py:208} INFO - Processing /home/airflow/.local/lib/python3.12/site-packages/airflow/example_dags/example_xcom.py took 0.481 seconds
[2025-01-19T04:20:06.033+0000] {processor.py:186} INFO - Started process (PID=898) to work on /home/airflow/.local/lib/python3.12/site-packages/airflow/example_dags/example_xcom.py
[2025-01-19T04:20:06.036+0000] {processor.py:914} INFO - Processing file /home/airflow/.local/lib/python3.12/site-packages/airflow/example_dags/example_xcom.py for tasks to queue
[2025-01-19T04:20:06.039+0000] {logging_mixin.py:190} INFO - [2025-01-19T04:20:06.038+0000] {dagbag.py:588} INFO - Filling up the DagBag from /home/airflow/.local/lib/python3.12/site-packages/airflow/example_dags/example_xcom.py
[2025-01-19T04:20:06.066+0000] {processor.py:925} INFO - DAG(s) 'example_xcom' retrieved from /home/airflow/.local/lib/python3.12/site-packages/airflow/example_dags/example_xcom.py
[2025-01-19T04:20:06.127+0000] {logging_mixin.py:190} INFO - [2025-01-19T04:20:06.126+0000] {dag.py:3239} INFO - Sync 1 DAGs
[2025-01-19T04:20:06.190+0000] {logging_mixin.py:190} INFO - [2025-01-19T04:20:06.190+0000] {dag.py:4180} INFO - Setting next_dagrun for example_xcom to 2021-01-01 00:00:00+00:00, run_after=2021-01-01 00:00:00+00:00
[2025-01-19T04:20:06.243+0000] {processor.py:208} INFO - Processing /home/airflow/.local/lib/python3.12/site-packages/airflow/example_dags/example_xcom.py took 0.226 seconds
[2025-01-19T04:20:36.719+0000] {processor.py:186} INFO - Started process (PID=961) to work on /home/airflow/.local/lib/python3.12/site-packages/airflow/example_dags/example_xcom.py
[2025-01-19T04:20:36.721+0000] {processor.py:914} INFO - Processing file /home/airflow/.local/lib/python3.12/site-packages/airflow/example_dags/example_xcom.py for tasks to queue
[2025-01-19T04:20:36.724+0000] {logging_mixin.py:190} INFO - [2025-01-19T04:20:36.723+0000] {dagbag.py:588} INFO - Filling up the DagBag from /home/airflow/.local/lib/python3.12/site-packages/airflow/example_dags/example_xcom.py
[2025-01-19T04:20:36.761+0000] {processor.py:925} INFO - DAG(s) 'example_xcom' retrieved from /home/airflow/.local/lib/python3.12/site-packages/airflow/example_dags/example_xcom.py
[2025-01-19T04:20:36.818+0000] {logging_mixin.py:190} INFO - [2025-01-19T04:20:36.817+0000] {dag.py:3239} INFO - Sync 1 DAGs
[2025-01-19T04:20:36.884+0000] {logging_mixin.py:190} INFO - [2025-01-19T04:20:36.883+0000] {dag.py:4180} INFO - Setting next_dagrun for example_xcom to 2021-01-01 00:00:00+00:00, run_after=2021-01-01 00:00:00+00:00
[2025-01-19T04:20:36.939+0000] {processor.py:208} INFO - Processing /home/airflow/.local/lib/python3.12/site-packages/airflow/example_dags/example_xcom.py took 0.229 seconds
[2025-01-19T04:21:27.823+0000] {processor.py:186} INFO - Started process (PID=1026) to work on /home/airflow/.local/lib/python3.12/site-packages/airflow/example_dags/example_xcom.py
[2025-01-19T04:21:27.826+0000] {processor.py:914} INFO - Processing file /home/airflow/.local/lib/python3.12/site-packages/airflow/example_dags/example_xcom.py for tasks to queue
[2025-01-19T04:21:27.830+0000] {logging_mixin.py:190} INFO - [2025-01-19T04:21:27.829+0000] {dagbag.py:588} INFO - Filling up the DagBag from /home/airflow/.local/lib/python3.12/site-packages/airflow/example_dags/example_xcom.py
[2025-01-19T04:21:27.386+0000] {processor.py:925} INFO - DAG(s) 'example_xcom' retrieved from /home/airflow/.local/lib/python3.12/site-packages/airflow/example_dags/example_xcom.py
[2025-01-19T04:21:27.454+0000] {logging_mixin.py:190} INFO - [2025-01-19T04:21:27.453+0000] {dag.py:3239} INFO - Sync 1 DAGs
[2025-01-19T04:21:27.536+0000] {logging_mixin.py:190} INFO - [2025-01-19T04:21:27.536+0000] {dag.py:4180} INFO - Setting next_dagrun for example_xcom to 2021-01-01 00:00:00+00:00, run_after=2021-01-01 00:00:00+00:00
[2025-01-19T04:21:27.584+0000] {processor.py:208} INFO - Processing /home/airflow/.local/lib/python3.12/site-packages/airflow/example_dags/example_xcom.py took 0.254 seconds
[2025-01-19T04:27:59.775+0000] {processor.py:186} INFO - Started process (PID=88) to work on /home/airflow/.local/lib/python3.12/site-packages/airflow/example_dags/example_xcom.py
[2025-01-19T04:27:59.781+0000] {processor.py:914} INFO - Processing file /home/airflow/.local/lib/python3.12/site-packages/airflow/example_dags/example_xcom.py for tasks to queue
[2025-01-19T04:27:59.795+0000] {logging_mixin.py:190} INFO - [2025-01-19T04:27:59.788+0000] {dagbag.py:588} INFO - Filling up the DagBag from /home/airflow/.local/lib/python3.12/site-packages/airflow/example_dags/example_xcom.py
[2025-01-19T04:27:59.936+0000] {processor.py:925} INFO - DAG(s) 'example_xcom' retrieved from /home/airflow/.local/lib/python3.12/site-packages/airflow/example_dags/example_xcom.py
[2025-01-19T04:28:00.527+0000] {logging_mixin.py:190} INFO - [2025-01-19T04:28:00.526+0000] {override.py:1911} INFO - Created Permission View: can delete on DAG:example_xcom
[2025-01-19T04:28:00.567+0000] {logging_mixin.py:190} INFO - [2025-01-19T04:28:00.567+0000] {override.py:1911} INFO - Created Permission View: can edit on DAG:example_xcom
[2025-01-19T04:28:00.598+0000] {logging_mixin.py:190} INFO - [2025-01-19T04:28:00.596+0000] {override.py:1911} INFO - Created Permission View: can read on DAG:example_xcom
[2025-01-19T04:28:00.623+0000] {logging_mixin.py:190} INFO - [2025-01-19T04:28:00.622+0000] {override.py:1911} INFO - Created Permission View: can create on DAG Run:example_xcom
[2025-01-19T04:28:00.648+0000] {logging_mixin.py:190} INFO - [2025-01-19T04:28:00.647+0000] {override.py:1911} INFO - Created Permission View: menu access on DAG Run:example_xcom
[2025-01-19T04:28:00.670+0000] {logging_mixin.py:190} INFO - [2025-01-19T04:28:00.669+0000] {override.py:1911} INFO - Created Permission View: can delete on DAG Run:example_xcom
[2025-01-19T04:28:00.698+0000] {logging_mixin.py:190} INFO - [2025-01-19T04:28:00.691+0000] {override.py:1911} INFO - Created Permission View: can read on DAG Run:example_xcom
[2025-01-19T04:28:00.702+0000] {logging_mixin.py:190} INFO - [2025-01-19T04:28:00.701+0000] {dag.py:3239} INFO - Sync 1 DAGs
[2025-01-19T04:28:00.822+0000] {logging_mixin.py:190} INFO - [2025-01-19T04:28:00.822+0000] {dag.py:3262} INFO - Creating ORM DAG for example_xcom
[2025-01-19T04:28:00.863+0000] {logging_mixin.py:190} INFO - [2025-01-19T04:28:00.862+0000] {dag.py:4180} INFO - Setting next_dagrun for example_xcom to 2021-01-01 00:00:00+00:00, run_after=2021-01-01 00:00:00+00:00
[2025-01-19T04:28:00.913+0000] {processor.py:208} INFO - Processing /home/airflow/.local/lib/python3.12/site-packages/airflow/example_dags/example_xcom.py took 1.177 seconds
[2025-01-19T04:28:31.130+0000] {processor.py:186} INFO - Started process (PID=150) to work on /home/airflow/.local/lib/python3.12/site-packages/airflow/example_dags/example_xcom.py
[2025-01-19T04:28:31.136+0000] {processor.py:914} INFO - Processing file /home/airflow/.local/lib/python3.12/site-packages/airflow/example_dags/example_xcom.py for tasks to queue
[2025-01-19T04:28:31.145+0000] {logging_mixin.py:190} INFO - [2025-01-19T04:28:31.144+0000] {dagbag.py:588} INFO - Filling up the DagBag from /home/airflow/.local/lib/python3.12/site-packages/airflow/example_dags/example_xcom.py
[2025-01-19T04:28:31.223+0000] {processor.py:925} INFO - DAG(s) 'example_xcom' retrieved from /home/airflow/.local/lib/python3.12/site-packages/airflow/example_dags/example_xcom.py
[2025-01-19T04:28:31.438+0000] {logging_mixin.py:190} INFO - [2025-01-19T04:28:31.424+0000] {dag.py:3239} INFO - Sync 1 DAGs
[2025-01-19T04:28:31.654+0000] {logging_mixin.py:190} INFO - [2025-01-19T04:28:31.653+0000] {dag.py:4180} INFO - Setting next_dagrun for example_xcom to 2021-01-01 00:00:00+00:00, run_after=2021-01-01 00:00:00+00:00
[2025-01-19T04:28:31.833+0000] {processor.py:208} INFO - Processing /home/airflow/.local/lib/python3.12/site-packages/airflow/example_dags/example_xcom.py took 0.722 seconds
[2025-01-19T04:29:02.283+0000] {processor.py:186} INFO - Started process (PID=212) to work on /home/airflow/.local/lib/python3.12/site-packages/airflow/example_dags/example_xcom.py
[2025-01-19T04:29:02.285+0000] {processor.py:914} INFO - Processing file /home/airflow/.local/lib/python3.12/site-packages/airflow/example_dags/example_xcom.py for tasks to queue
[2025-01-19T04:29:02.289+0000] {logging_mixin.py:190} INFO - [2025-01-19T04:29:02.288+0000] {dagbag.py:588} INFO - Filling up the DagBag from /home/airflow/.local/lib/python3.12/site-packages/airflow/example_dags/example_xcom.py
[2025-01-19T04:29:02.306+0000] {processor.py:925} INFO - DAG(s) 'example_xcom' retrieved from /home/airflow/.local/lib/python3.12/site-packages/airflow/example_dags/example_xcom.py
[2025-01-19T04:29:02.348+0000] {logging_mixin.py:190} INFO - [2025-01-19T04:29:02.347+0000] {dag.py:3239} INFO - Sync 1 DAGs
[2025-01-19T04:29:02.398+0000] {logging_mixin.py:190} INFO - [2025-01-19T04:29:02.397+0000] {dag.py:4180} INFO - Setting next_dagrun for example_xcom to 2021-01-01 00:00:00+00:00, run_after=2021-01-01 00:00:00+00:00
[2025-01-19T04:29:02.443+0000] {processor.py:208} INFO - Processing /home/airflow/.local/lib/python3.12/site-packages/airflow/example_dags/example_xcom.py took 0.170 seconds
[2025-01-19T04:29:32.806+0000] {processor.py:186} INFO - Started process (PID=275) to work on /home/airflow/.local/lib/python3.12/site-packages/airflow/example_dags/example_xcom.py
[2025-01-19T04:29:32.808+0000] {processor.py:914} INFO - Processing file /home/airflow/.local/lib/python3.12/site-packages/airflow/example_dags/example_xcom.py for tasks to queue
[2025-01-19T04:29:32.814+0000] {logging_mixin.py:190} INFO - [2025-01-19T04:29:32.813+0000] {dagbag.py:588} INFO - Filling up the DagBag from /home/airflow/.local/lib/python3.12/site-packages/airflow/example_dags/example_xcom.py
[2025-01-19T04:29:32.836+0000] {processor.py:925} INFO - DAG(s) 'example_xcom' retrieved from /home/airflow/.local/lib/python3.12/site-packages/airflow/example_dags/example_xcom.py
[2025-01-19T04:29:32.891+0000] {logging_mixin.py:190} INFO - [2025-01-19T04:29:32.890+0000] {dag.py:3239} INFO - Sync 1 DAGs
[2025-01-19T04:29:32.946+0000] {logging_mixin.py:190} INFO - [2025-01-19T04:29:32.945+0000] {dag.py:4180} INFO - Setting next_dagrun for example_xcom to 2021-01-01 00:00:00+00:00, run_after=2021-01-01 00:00:00+00:00
[2025-01-19T04:29:32.995+0000] {processor.py:208} INFO - Processing /home/airflow/.local/lib/python3.12/site-packages/airflow/example_dags/example_xcom.py took 0.205 seconds
[2025-01-19T04:30:10.447+0000] {processor.py:186} INFO - Started process (PID=315) to work on /home/airflow/.local/lib/python3.12/site-packages/airflow/example_dags/example_xcom.py
[2025-01-19T04:30:10.449+0000] {processor.py:914} INFO - Processing file /home/airflow/.local/lib/python3.12/site-packages/airflow/example_dags/example_xcom.py for tasks to queue
[2025-01-19T04:30:10.454+0000] {logging_mixin.py:190} INFO - [2025-01-19T04:30:10.453+0000] {dagbag.py:588} INFO - Filling up the DagBag from /home/airflow/.local/lib/python3.12/site-packages/airflow/example_dags/example_xcom.py
[2025-01-19T04:30:10.478+0000] {processor.py:925} INFO - DAG(s) 'example_xcom' retrieved from /home/airflow/.local/lib/python3.12/site-packages/airflow/example_dags/example_xcom.py
[2025-01-19T04:30:10.575+0000] {logging_mixin.py:190} INFO - [2025-01-19T04:30:10.575+0000] {dag.py:3239} INFO - Sync 1 DAGs
[2025-01-19T04:30:10.651+0000] {logging_mixin.py:190} INFO - [2025-01-19T04:30:10.651+0000] {dag.py:4180} INFO - Setting next_dagrun for example_xcom to 2021-01-01 00:00:00+00:00, run_after=2021-01-01 00:00:00+00:00
[2025-01-19T04:30:10.702+0000] {processor.py:208} INFO - Processing /home/airflow/.local/lib/python3.12/site-packages/airflow/example_dags/example_xcom.py took 0.269 seconds
[2025-01-19T04:30:43.281+0000] {processor.py:186} INFO - Started process (PID=378) to work on /home/airflow/.local/lib/python3.12/site-packages/airflow/example_dags/example_xcom.py
[2025-01-19T04:30:43.283+0000] {processor.py:914} INFO - Processing file /home/airflow/.local/lib/python3.12/site-packages/airflow/example_dags/example_xcom.py for tasks to queue
[2025-01-19T04:30:43.288+0000] {logging_mixin.py:190} INFO - [2025-01-19T04:30:43.287+0000] {dagbag.py:588} INFO - Filling up the DagBag from /home/airflow/.local/lib/python3.12/site-packages/airflow/example_dags/example_xcom.py
[2025-01-19T04:30:43.308+0000] {processor.py:925} INFO - DAG(s) 'example_xcom' retrieved from /home/airflow/.local/lib/python3.12/site-packages/airflow/example_dags/example_xcom.py
[2025-01-19T04:30:43.346+0000] {logging_mixin.py:190} INFO - [2025-01-19T04:30:43.346+0000] {dag.py:3239} INFO - Sync 1 DAGs
[2025-01-19T04:30:43.394+0000] {logging_mixin.py:190} INFO - [2025-01-19T04:30:43.393+0000] {dag.py:4180} INFO - Setting next_dagrun for example_xcom to 2021-01-01 00:00:00+00:00, run_after=2021-01-01 00:00:00+00:00
[2025-01-19T04:30:43.450+0000] {processor.py:208} INFO - Processing /home/airflow/.local/lib/python3.12/site-packages/airflow/example_dags/example_xcom.py took 0.181 seconds
[2025-01-19T04:31:21.981+0000] {processor.py:186} INFO - Started process (PID=442) to work on /home/airflow/.local/lib/python3.12/site-packages/airflow/example_dags/example_xcom.py
[2025-01-19T04:31:21.983+0000] {processor.py:914} INFO - Processing file /home/airflow/.local/lib/python3.12/site-packages/airflow/example_dags/example_xcom.py for tasks to queue
[2025-01-19T04:31:21.990+0000] {logging_mixin.py:190} INFO - [2025-01-19T04:31:21.989+0000] {dagbag.py:588} INFO - Filling up the DagBag from /home/airflow/.local/lib/python3.12/site-packages/airflow/example_dags/example_xcom.py
[2025-01-19T04:31:22.015+0000] {processor.py:925} INFO - DAG(s) 'example_xcom' retrieved from /home/airflow/.local/lib/python3.12/site-packages/airflow/example_dags/example_xcom.py
[2025-01-19T04:31:22.093+0000] {logging_mixin.py:190} INFO - [2025-01-19T04:31:22.093+0000] {dag.py:3239} INFO - Sync 1 DAGs
[2025-01-19T04:31:22.152+0000] {logging_mixin.py:190} INFO - [2025-01-19T04:31:22.152+0000] {dag.py:4180} INFO - Setting next_dagrun for example_xcom to 2021-01-01 00:00:00+00:00, run_after=2021-01-01 00:00:00+00:00
[2025-01-19T04:31:22.204+0000] {processor.py:208} INFO - Processing /home/airflow/.local/lib/python3.12/site-packages/airflow/example_dags/example_xcom.py took 0.238 seconds
[2025-01-19T04:31:57.083+0000] {processor.py:186} INFO - Started process (PID=506) to work on /home/airflow/.local/lib/python3.12/site-packages/airflow/example_dags/example_xcom.py
[2025-01-19T04:31:57.085+0000] {processor.py:914} INFO - Processing file /home/airflow/.local/lib/python3.12/site-packages/airflow/example_dags/example_xcom.py for tasks to queue
[2025-01-19T04:31:57.091+0000] {logging_mixin.py:190} INFO - [2025-01-19T04:31:57.090+0000] {dagbag.py:588} INFO - Filling up the DagBag from /home/airflow/.local/lib/python3.12/site-packages/airflow/example_dags/example_xcom.py
[2025-01-19T04:31:57.114+0000] {processor.py:925} INFO - DAG(s) 'example_xcom' retrieved from /home/airflow/.local/lib/python3.12/site-packages/airflow/example_dags/example_xcom.py
[2025-01-19T04:31:57.160+0000] {logging_mixin.py:190} INFO - [2025-01-19T04:31:57.160+0000] {dag.py:3239} INFO - Sync 1 DAGs
[2025-01-19T04:31:57.230+0000] {logging_mixin.py:190} INFO - [2025-01-19T04:31:57.229+0000] {dag.py:4180} INFO - Setting next_dagrun for example_xcom to 2021-01-01 00:00:00+00:00, run_after=2021-01-01 00:00:00+00:00
[2025-01-19T04:31:57.272+0000] {processor.py:208} INFO - Processing /home/airflow/.local/lib/python3.12/site-packages/airflow/example_dags/example_xcom.py took 0.203 seconds
[2025-01-19T04:32:29.822+0000] {processor.py:186} INFO - Started process (PID=568) to work on /home/airflow/.local/lib/python3.12/site-packages/airflow/example_dags/example_xcom.py
[2025-01-19T04:32:29.829+0000] {processor.py:914} INFO - Processing file /home/airflow/.local/lib/python3.12/site-packages/airflow/example_dags/example_xcom.py for tasks to queue
[2025-01-19T04:32:29.836+0000] {logging_mixin.py:190} INFO - [2025-01-19T04:32:29.835+0000] {dagbag.py:588} INFO - Filling up the DagBag from /home/airflow/.local/lib/python3.12/site-packages/airflow/example_dags/example_xcom.py
[2025-01-19T04:32:29.876+0000] {processor.py:925} INFO - DAG(s) 'example_xcom' retrieved from /home/airflow/.local/lib/python3.12/site-packages/airflow/example_dags/example_xcom.py
[2025-01-19T04:32:29.960+0000] {logging_mixin.py:190} INFO - [2025-01-19T04:32:29.960+0000] {dag.py:3239} INFO - Sync 1 DAGs
[2025-01-19T04:32:30.052+0000] {logging_mixin.py:190} INFO - [2025-01-19T04:32:30.051+0000] {dag.py:4180} INFO - Setting next_dagrun for example_xcom to 2021-01-01 00:00:00+00:00, run_after=2021-01-01 00:00:00+00:00
[2025-01-19T04:32:30.113+0000] {processor.py:208} INFO - Processing /home/airflow/.local/lib/python3.12/site-packages/airflow/example_dags/example_xcom.py took 0.308 seconds
[2025-01-19T04:33:04.085+0000] {processor.py:186} INFO - Started process (PID=631) to work on /home/airflow/.local/lib/python3.12/site-packages/airflow/example_dags/example_xcom.py
[2025-01-19T04:33:04.087+0000] {processor.py:914} INFO - Processing file /home/airflow/.local/lib/python3.12/site-packages/airflow/example_dags/example_xcom.py for tasks to queue
[2025-01-19T04:33:04.094+0000] {logging_mixin.py:190} INFO - [2025-01-19T04:33:04.093+0000] {dagbag.py:588} INFO - Filling up the DagBag from /home/airflow/.local/lib/python3.12/site-packages/airflow/example_dags/example_xcom.py
[2025-01-19T04:33:04.122+0000] {processor.py:925} INFO - DAG(s) 'example_xcom' retrieved from /home/airflow/.local/lib/python3.12/site-packages/airflow/example_dags/example_xcom.py
[2025-01-19T04:33:04.190+0000] {logging_mixin.py:190} INFO - [2025-01-19T04:33:04.190+0000] {dag.py:3239} INFO - Sync 1 DAGs
[2025-01-19T04:33:04.280+0000] {logging_mixin.py:190} INFO - [2025-01-19T04:33:04.279+0000] {dag.py:4180} INFO - Setting next_dagrun for example_xcom to 2021-01-01 00:00:00+00:00, run_after=2021-01-01 00:00:00+00:00
[2025-01-19T04:33:04.368+0000] {processor.py:208} INFO - Processing /home/airflow/.local/lib/python3.12/site-packages/airflow/example_dags/example_xcom.py took 0.303 seconds
[2025-01-19T04:33:34.637+0000] {processor.py:186} INFO - Started process (PID=694) to work on /home/airflow/.local/lib/python3.12/site-packages/airflow/example_dags/example_xcom.py
[2025-01-19T04:33:34.641+0000] {processor.py:914} INFO - Processing file /home/airflow/.local/lib/python3.12/site-packages/airflow/example_dags/example_xcom.py for tasks to queue
[2025-01-19T04:33:34.645+0000] {logging_mixin.py:190} INFO - [2025-01-19T04:33:34.645+0000] {dagbag.py:588} INFO - Filling up the DagBag from /home/airflow/.local/lib/python3.12/site-packages/airflow/example_dags/example_xcom.py
[2025-01-19T04:33:34.671+0000] {processor.py:925} INFO - DAG(s) 'example_xcom' retrieved from /home/airflow/.local/lib/python3.12/site-packages/airflow/example_dags/example_xcom.py
[2025-01-19T04:33:34.731+0000] {logging_mixin.py:190} INFO - [2025-01-19T04:33:34.730+0000] {dag.py:3239} INFO - Sync 1 DAGs
[2025-01-19T04:33:34.875+0000] {logging_mixin.py:190} INFO - [2025-01-19T04:33:34.874+0000] {dag.py:4180} INFO - Setting next_dagrun for example_xcom to 2021-01-01 00:00:00+00:00, run_after=2021-01-01 00:00:00+00:00
[2025-01-19T04:33:34.967+0000] {processor.py:208} INFO - Processing /home/airflow/.local/lib/python3.12/site-packages/airflow/example_dags/example_xcom.py took 0.342 seconds
[2025-01-19T04:34:06.641+0000] {processor.py:186} INFO - Started process (PID=757) to work on /home/airflow/.local/lib/python3.12/site-packages/airflow/example_dags/example_xcom.py
[2025-01-19T04:34:06.647+0000] {processor.py:914} INFO - Processing file /home/airflow/.local/lib/python3.12/site-packages/airflow/example_dags/example_xcom.py for tasks to queue
[2025-01-19T04:34:06.656+0000] {logging_mixin.py:190} INFO - [2025-01-19T04:34:06.655+0000] {dagbag.py:588} INFO - Filling up the DagBag from /home/airflow/.local/lib/python3.12/site-packages/airflow/example_dags/example_xcom.py
[2025-01-19T04:34:06.701+0000] {processor.py:925} INFO - DAG(s) 'example_xcom' retrieved from /home/airflow/.local/lib/python3.12/site-packages/airflow/example_dags/example_xcom.py
[2025-01-19T04:34:06.778+0000] {logging_mixin.py:190} INFO - [2025-01-19T04:34:06.777+0000] {dag.py:3239} INFO - Sync 1 DAGs
[2025-01-19T04:34:06.883+0000] {logging_mixin.py:190} INFO - [2025-01-19T04:34:06.883+0000] {dag.py:4180} INFO - Setting next_dagrun for example_xcom to 2021-01-01 00:00:00+00:00, run_after=2021-01-01 00:00:00+00:00
[2025-01-19T04:34:06.944+0000] {processor.py:208} INFO - Processing /home/airflow/.local/lib/python3.12/site-packages/airflow/example_dags/example_xcom.py took 0.319 seconds
[2025-01-19T04:34:37.178+0000] {processor.py:186} INFO - Started process (PID=826) to work on /home/airflow/.local/lib/python3.12/site-packages/airflow/example_dags/example_xcom.py
[2025-01-19T04:34:37.180+0000] {processor.py:914} INFO - Processing file /home/airflow/.local/lib/python3.12/site-packages/airflow/example_dags/example_xcom.py for tasks to queue
[2025-01-19T04:34:37.191+0000] {logging_mixin.py:190} INFO - [2025-01-19T04:34:37.190+0000] {dagbag.py:588} INFO - Filling up the DagBag from /home/airflow/.local/lib/python3.12/site-packages/airflow/example_dags/example_xcom.py
[2025-01-19T04:34:37.242+0000] {processor.py:925} INFO - DAG(s) 'example_xcom' retrieved from /home/airflow/.local/lib/python3.12/site-packages/airflow/example_dags/example_xcom.py
[2025-01-19T04:34:37.297+0000] {logging_mixin.py:190} INFO - [2025-01-19T04:34:37.296+0000] {dag.py:3239} INFO - Sync 1 DAGs
[2025-01-19T04:34:37.345+0000] {logging_mixin.py:190} INFO - [2025-01-19T04:34:37.345+0000] {dag.py:4180} INFO - Setting next_dagrun for example_xcom to 2021-01-01 00:00:00+00:00, run_after=2021-01-01 00:00:00+00:00
[2025-01-19T04:34:37.405+0000] {processor.py:208} INFO - Processing /home/airflow/.local/lib/python3.12/site-packages/airflow/example_dags/example_xcom.py took 0.243 seconds
[2025-01-19T04:35:21.524+0000] {processor.py:186} INFO - Started process (PID=889) to work on /home/airflow/.local/lib/python3.12/site-packages/airflow/example_dags/example_xcom.py
[2025-01-19T04:35:21.531+0000] {processor.py:914} INFO - Processing file /home/airflow/.local/lib/python3.12/site-packages/airflow/example_dags/example_xcom.py for tasks to queue
[2025-01-19T04:35:21.547+0000] {logging_mixin.py:190} INFO - [2025-01-19T04:35:21.546+0000] {dagbag.py:588} INFO - Filling up the DagBag from /home/airflow/.local/lib/python3.12/site-packages/airflow/example_dags/example_xcom.py
[2025-01-19T04:35:21.625+0000] {processor.py:925} INFO - DAG(s) 'example_xcom' retrieved from /home/airflow/.local/lib/python3.12/site-packages/airflow/example_dags/example_xcom.py
[2025-01-19T04:35:21.784+0000] {logging_mixin.py:190} INFO - [2025-01-19T04:35:21.783+0000] {dag.py:3239} INFO - Sync 1 DAGs
[2025-01-19T04:35:21.885+0000] {logging_mixin.py:190} INFO - [2025-01-19T04:35:21.884+0000] {dag.py:4180} INFO - Setting next_dagrun for example_xcom to 2021-01-01 00:00:00+00:00, run_after=2021-01-01 00:00:00+00:00
[2025-01-19T04:35:22.511+0000] {processor.py:208} INFO - Processing /home/airflow/.local/lib/python3.12/site-packages/airflow/example_dags/example_xcom.py took 1.013 seconds
[2025-01-19T04:35:53.127+0000] {processor.py:186} INFO - Started process (PID=951) to work on /home/airflow/.local/lib/python3.12/site-packages/airflow/example_dags/example_xcom.py
[2025-01-19T04:35:53.128+0000] {processor.py:914} INFO - Processing file /home/airflow/.local/lib/python3.12/site-packages/airflow/example_dags/example_xcom.py for tasks to queue
[2025-01-19T04:35:53.136+0000] {logging_mixin.py:190} INFO - [2025-01-19T04:35:53.135+0000] {dagbag.py:588} INFO - Filling up the DagBag from /home/airflow/.local/lib/python3.12/site-packages/airflow/example_dags/example_xcom.py
[2025-01-19T04:35:53.170+0000] {processor.py:925} INFO - DAG(s) 'example_xcom' retrieved from /home/airflow/.local/lib/python3.12/site-packages/airflow/example_dags/example_xcom.py
[2025-01-19T04:35:53.217+0000] {logging_mixin.py:190} INFO - [2025-01-19T04:35:53.216+0000] {dag.py:3239} INFO - Sync 1 DAGs
[2025-01-19T04:35:53.276+0000] {logging_mixin.py:190} INFO - [2025-01-19T04:35:53.275+0000] {dag.py:4180} INFO - Setting next_dagrun for example_xcom to 2021-01-01 00:00:00+00:00, run_after=2021-01-01 00:00:00+00:00
[2025-01-19T04:35:53.331+0000] {processor.py:208} INFO - Processing /home/airflow/.local/lib/python3.12/site-packages/airflow/example_dags/example_xcom.py took 0.222 seconds
[2025-01-19T04:36:23.687+0000] {processor.py:186} INFO - Started process (PID=1014) to work on /home/airflow/.local/lib/python3.12/site-packages/airflow/example_dags/example_xcom.py
[2025-01-19T04:36:23.689+0000] {processor.py:914} INFO - Processing file /home/airflow/.local/lib/python3.12/site-packages/airflow/example_dags/example_xcom.py for tasks to queue
[2025-01-19T04:36:23.694+0000] {logging_mixin.py:190} INFO - [2025-01-19T04:36:23.693+0000] {dagbag.py:588} INFO - Filling up the DagBag from /home/airflow/.local/lib/python3.12/site-packages/airflow/example_dags/example_xcom.py
[2025-01-19T04:36:23.715+0000] {processor.py:925} INFO - DAG(s) 'example_xcom' retrieved from /home/airflow/.local/lib/python3.12/site-packages/airflow/example_dags/example_xcom.py
[2025-01-19T04:36:23.764+0000] {logging_mixin.py:190} INFO - [2025-01-19T04:36:23.763+0000] {dag.py:3239} INFO - Sync 1 DAGs
[2025-01-19T04:36:23.818+0000] {logging_mixin.py:190} INFO - [2025-01-19T04:36:23.818+0000] {dag.py:4180} INFO - Setting next_dagrun for example_xcom to 2021-01-01 00:00:00+00:00, run_after=2021-01-01 00:00:00+00:00
[2025-01-19T04:36:23.869+0000] {processor.py:208} INFO - Processing /home/airflow/.local/lib/python3.12/site-packages/airflow/example_dags/example_xcom.py took 0.192 seconds
[2025-01-19T04:41:25.161+0000] {processor.py:186} INFO - Started process (PID=1091) to work on /home/airflow/.local/lib/python3.12/site-packages/airflow/example_dags/example_xcom.py
[2025-01-19T04:41:25.165+0000] {processor.py:914} INFO - Processing file /home/airflow/.local/lib/python3.12/site-packages/airflow/example_dags/example_xcom.py for tasks to queue
[2025-01-19T04:41:25.183+0000] {logging_mixin.py:190} INFO - [2025-01-19T04:41:25.172+0000] {dagbag.py:588} INFO - Filling up the DagBag from /home/airflow/.local/lib/python3.12/site-packages/airflow/example_dags/example_xcom.py
[2025-01-19T04:41:25.254+0000] {processor.py:925} INFO - DAG(s) 'example_xcom' retrieved from /home/airflow/.local/lib/python3.12/site-packages/airflow/example_dags/example_xcom.py
[2025-01-19T04:41:25.862+0000] {logging_mixin.py:190} INFO - [2025-01-19T04:41:25.861+0000] {dag.py:3239} INFO - Sync 1 DAGs
[2025-01-19T04:41:26.234+0000] {logging_mixin.py:190} INFO - [2025-01-19T04:41:26.233+0000] {dag.py:4180} INFO - Setting next_dagrun for example_xcom to 2021-01-01 00:00:00+00:00, run_after=2021-01-01 00:00:00+00:00
[2025-01-19T04:41:26.529+0000] {processor.py:208} INFO - Processing /home/airflow/.local/lib/python3.12/site-packages/airflow/example_dags/example_xcom.py took 1.456 seconds
