[2025-01-19T04:12:55.904+0000] {processor.py:186} INFO - Started process (PID=453) to work on /home/airflow/.local/lib/python3.12/site-packages/airflow/example_dags/example_sensor_decorator.py
[2025-01-19T04:12:55.906+0000] {processor.py:914} INFO - Processing file /home/airflow/.local/lib/python3.12/site-packages/airflow/example_dags/example_sensor_decorator.py for tasks to queue
[2025-01-19T04:12:55.913+0000] {logging_mixin.py:190} INFO - [2025-01-19T04:12:55.912+0000] {dagbag.py:588} INFO - Filling up the DagBag from /home/airflow/.local/lib/python3.12/site-packages/airflow/example_dags/example_sensor_decorator.py
[2025-01-19T04:12:55.941+0000] {processor.py:925} INFO - DAG(s) 'example_sensor_decorator' retrieved from /home/airflow/.local/lib/python3.12/site-packages/airflow/example_dags/example_sensor_decorator.py
[2025-01-19T04:12:55.997+0000] {logging_mixin.py:190} INFO - [2025-01-19T04:12:55.996+0000] {dag.py:3239} INFO - Sync 1 DAGs
[2025-01-19T04:12:56.054+0000] {logging_mixin.py:190} INFO - [2025-01-19T04:12:56.053+0000] {dag.py:4180} INFO - Setting next_dagrun for example_sensor_decorator to None, run_after=None
[2025-01-19T04:12:56.128+0000] {processor.py:208} INFO - Processing /home/airflow/.local/lib/python3.12/site-packages/airflow/example_dags/example_sensor_decorator.py took 0.240 seconds
[2025-01-19T04:13:28.983+0000] {processor.py:186} INFO - Started process (PID=515) to work on /home/airflow/.local/lib/python3.12/site-packages/airflow/example_dags/example_sensor_decorator.py
[2025-01-19T04:13:28.988+0000] {processor.py:914} INFO - Processing file /home/airflow/.local/lib/python3.12/site-packages/airflow/example_dags/example_sensor_decorator.py for tasks to queue
[2025-01-19T04:13:29.000+0000] {logging_mixin.py:190} INFO - [2025-01-19T04:13:28.999+0000] {dagbag.py:588} INFO - Filling up the DagBag from /home/airflow/.local/lib/python3.12/site-packages/airflow/example_dags/example_sensor_decorator.py
[2025-01-19T04:13:29.025+0000] {processor.py:925} INFO - DAG(s) 'example_sensor_decorator' retrieved from /home/airflow/.local/lib/python3.12/site-packages/airflow/example_dags/example_sensor_decorator.py
[2025-01-19T04:13:29.083+0000] {logging_mixin.py:190} INFO - [2025-01-19T04:13:29.083+0000] {dag.py:3239} INFO - Sync 1 DAGs
[2025-01-19T04:13:29.137+0000] {logging_mixin.py:190} INFO - [2025-01-19T04:13:29.136+0000] {dag.py:4180} INFO - Setting next_dagrun for example_sensor_decorator to None, run_after=None
[2025-01-19T04:13:29.183+0000] {processor.py:208} INFO - Processing /home/airflow/.local/lib/python3.12/site-packages/airflow/example_dags/example_sensor_decorator.py took 0.221 seconds
[2025-01-19T04:14:03.374+0000] {processor.py:186} INFO - Started process (PID=569) to work on /home/airflow/.local/lib/python3.12/site-packages/airflow/example_dags/example_sensor_decorator.py
[2025-01-19T04:14:03.376+0000] {processor.py:914} INFO - Processing file /home/airflow/.local/lib/python3.12/site-packages/airflow/example_dags/example_sensor_decorator.py for tasks to queue
[2025-01-19T04:14:03.382+0000] {logging_mixin.py:190} INFO - [2025-01-19T04:14:03.382+0000] {dagbag.py:588} INFO - Filling up the DagBag from /home/airflow/.local/lib/python3.12/site-packages/airflow/example_dags/example_sensor_decorator.py
[2025-01-19T04:14:03.432+0000] {processor.py:925} INFO - DAG(s) 'example_sensor_decorator' retrieved from /home/airflow/.local/lib/python3.12/site-packages/airflow/example_dags/example_sensor_decorator.py
[2025-01-19T04:14:03.555+0000] {logging_mixin.py:190} INFO - [2025-01-19T04:14:03.554+0000] {dag.py:3239} INFO - Sync 1 DAGs
[2025-01-19T04:14:03.661+0000] {logging_mixin.py:190} INFO - [2025-01-19T04:14:03.661+0000] {dag.py:4180} INFO - Setting next_dagrun for example_sensor_decorator to None, run_after=None
[2025-01-19T04:14:03.835+0000] {processor.py:208} INFO - Processing /home/airflow/.local/lib/python3.12/site-packages/airflow/example_dags/example_sensor_decorator.py took 0.497 seconds
[2025-01-19T04:15:17.859+0000] {processor.py:186} INFO - Started process (PID=634) to work on /home/airflow/.local/lib/python3.12/site-packages/airflow/example_dags/example_sensor_decorator.py
[2025-01-19T04:15:17.861+0000] {processor.py:914} INFO - Processing file /home/airflow/.local/lib/python3.12/site-packages/airflow/example_dags/example_sensor_decorator.py for tasks to queue
[2025-01-19T04:15:17.866+0000] {logging_mixin.py:190} INFO - [2025-01-19T04:15:17.865+0000] {dagbag.py:588} INFO - Filling up the DagBag from /home/airflow/.local/lib/python3.12/site-packages/airflow/example_dags/example_sensor_decorator.py
[2025-01-19T04:15:17.887+0000] {processor.py:925} INFO - DAG(s) 'example_sensor_decorator' retrieved from /home/airflow/.local/lib/python3.12/site-packages/airflow/example_dags/example_sensor_decorator.py
[2025-01-19T04:15:17.932+0000] {logging_mixin.py:190} INFO - [2025-01-19T04:15:17.931+0000] {dag.py:3239} INFO - Sync 1 DAGs
[2025-01-19T04:15:17.979+0000] {logging_mixin.py:190} INFO - [2025-01-19T04:15:17.979+0000] {dag.py:4180} INFO - Setting next_dagrun for example_sensor_decorator to None, run_after=None
[2025-01-19T04:15:18.043+0000] {processor.py:208} INFO - Processing /home/airflow/.local/lib/python3.12/site-packages/airflow/example_dags/example_sensor_decorator.py took 0.198 seconds
[2025-01-19T04:18:18.071+0000] {processor.py:186} INFO - Started process (PID=691) to work on /home/airflow/.local/lib/python3.12/site-packages/airflow/example_dags/example_sensor_decorator.py
[2025-01-19T04:18:18.076+0000] {processor.py:914} INFO - Processing file /home/airflow/.local/lib/python3.12/site-packages/airflow/example_dags/example_sensor_decorator.py for tasks to queue
[2025-01-19T04:18:18.082+0000] {logging_mixin.py:190} INFO - [2025-01-19T04:18:18.081+0000] {dagbag.py:588} INFO - Filling up the DagBag from /home/airflow/.local/lib/python3.12/site-packages/airflow/example_dags/example_sensor_decorator.py
[2025-01-19T04:18:18.141+0000] {processor.py:925} INFO - DAG(s) 'example_sensor_decorator' retrieved from /home/airflow/.local/lib/python3.12/site-packages/airflow/example_dags/example_sensor_decorator.py
[2025-01-19T04:18:18.302+0000] {logging_mixin.py:190} INFO - [2025-01-19T04:18:18.301+0000] {dag.py:3239} INFO - Sync 1 DAGs
[2025-01-19T04:18:18.421+0000] {logging_mixin.py:190} INFO - [2025-01-19T04:18:18.421+0000] {dag.py:4180} INFO - Setting next_dagrun for example_sensor_decorator to None, run_after=None
[2025-01-19T04:18:18.581+0000] {processor.py:208} INFO - Processing /home/airflow/.local/lib/python3.12/site-packages/airflow/example_dags/example_sensor_decorator.py took 0.531 seconds
[2025-01-19T04:18:53.793+0000] {processor.py:186} INFO - Started process (PID=754) to work on /home/airflow/.local/lib/python3.12/site-packages/airflow/example_dags/example_sensor_decorator.py
[2025-01-19T04:18:53.799+0000] {processor.py:914} INFO - Processing file /home/airflow/.local/lib/python3.12/site-packages/airflow/example_dags/example_sensor_decorator.py for tasks to queue
[2025-01-19T04:18:53.804+0000] {logging_mixin.py:190} INFO - [2025-01-19T04:18:53.803+0000] {dagbag.py:588} INFO - Filling up the DagBag from /home/airflow/.local/lib/python3.12/site-packages/airflow/example_dags/example_sensor_decorator.py
[2025-01-19T04:18:53.848+0000] {processor.py:925} INFO - DAG(s) 'example_sensor_decorator' retrieved from /home/airflow/.local/lib/python3.12/site-packages/airflow/example_dags/example_sensor_decorator.py
[2025-01-19T04:18:53.922+0000] {logging_mixin.py:190} INFO - [2025-01-19T04:18:53.920+0000] {dag.py:3239} INFO - Sync 1 DAGs
[2025-01-19T04:18:53.980+0000] {logging_mixin.py:190} INFO - [2025-01-19T04:18:53.979+0000] {dag.py:4180} INFO - Setting next_dagrun for example_sensor_decorator to None, run_after=None
[2025-01-19T04:18:54.048+0000] {processor.py:208} INFO - Processing /home/airflow/.local/lib/python3.12/site-packages/airflow/example_dags/example_sensor_decorator.py took 0.285 seconds
[2025-01-19T04:19:25.335+0000] {processor.py:186} INFO - Started process (PID=817) to work on /home/airflow/.local/lib/python3.12/site-packages/airflow/example_dags/example_sensor_decorator.py
[2025-01-19T04:19:25.338+0000] {processor.py:914} INFO - Processing file /home/airflow/.local/lib/python3.12/site-packages/airflow/example_dags/example_sensor_decorator.py for tasks to queue
[2025-01-19T04:19:25.340+0000] {logging_mixin.py:190} INFO - [2025-01-19T04:19:25.340+0000] {dagbag.py:588} INFO - Filling up the DagBag from /home/airflow/.local/lib/python3.12/site-packages/airflow/example_dags/example_sensor_decorator.py
[2025-01-19T04:19:25.359+0000] {processor.py:925} INFO - DAG(s) 'example_sensor_decorator' retrieved from /home/airflow/.local/lib/python3.12/site-packages/airflow/example_dags/example_sensor_decorator.py
[2025-01-19T04:19:25.394+0000] {logging_mixin.py:190} INFO - [2025-01-19T04:19:25.394+0000] {dag.py:3239} INFO - Sync 1 DAGs
[2025-01-19T04:19:25.438+0000] {logging_mixin.py:190} INFO - [2025-01-19T04:19:25.438+0000] {dag.py:4180} INFO - Setting next_dagrun for example_sensor_decorator to None, run_after=None
[2025-01-19T04:19:25.616+0000] {processor.py:208} INFO - Processing /home/airflow/.local/lib/python3.12/site-packages/airflow/example_dags/example_sensor_decorator.py took 0.291 seconds
[2025-01-19T04:19:55.747+0000] {processor.py:186} INFO - Started process (PID=880) to work on /home/airflow/.local/lib/python3.12/site-packages/airflow/example_dags/example_sensor_decorator.py
[2025-01-19T04:19:55.749+0000] {processor.py:914} INFO - Processing file /home/airflow/.local/lib/python3.12/site-packages/airflow/example_dags/example_sensor_decorator.py for tasks to queue
[2025-01-19T04:19:55.752+0000] {logging_mixin.py:190} INFO - [2025-01-19T04:19:55.751+0000] {dagbag.py:588} INFO - Filling up the DagBag from /home/airflow/.local/lib/python3.12/site-packages/airflow/example_dags/example_sensor_decorator.py
[2025-01-19T04:19:55.772+0000] {processor.py:925} INFO - DAG(s) 'example_sensor_decorator' retrieved from /home/airflow/.local/lib/python3.12/site-packages/airflow/example_dags/example_sensor_decorator.py
[2025-01-19T04:19:55.811+0000] {logging_mixin.py:190} INFO - [2025-01-19T04:19:55.811+0000] {dag.py:3239} INFO - Sync 1 DAGs
[2025-01-19T04:19:55.846+0000] {logging_mixin.py:190} INFO - [2025-01-19T04:19:55.845+0000] {dag.py:4180} INFO - Setting next_dagrun for example_sensor_decorator to None, run_after=None
[2025-01-19T04:19:55.892+0000] {processor.py:208} INFO - Processing /home/airflow/.local/lib/python3.12/site-packages/airflow/example_dags/example_sensor_decorator.py took 0.158 seconds
[2025-01-19T04:20:26.109+0000] {processor.py:186} INFO - Started process (PID=943) to work on /home/airflow/.local/lib/python3.12/site-packages/airflow/example_dags/example_sensor_decorator.py
[2025-01-19T04:20:26.111+0000] {processor.py:914} INFO - Processing file /home/airflow/.local/lib/python3.12/site-packages/airflow/example_dags/example_sensor_decorator.py for tasks to queue
[2025-01-19T04:20:26.113+0000] {logging_mixin.py:190} INFO - [2025-01-19T04:20:26.113+0000] {dagbag.py:588} INFO - Filling up the DagBag from /home/airflow/.local/lib/python3.12/site-packages/airflow/example_dags/example_sensor_decorator.py
[2025-01-19T04:20:26.128+0000] {processor.py:925} INFO - DAG(s) 'example_sensor_decorator' retrieved from /home/airflow/.local/lib/python3.12/site-packages/airflow/example_dags/example_sensor_decorator.py
[2025-01-19T04:20:26.174+0000] {logging_mixin.py:190} INFO - [2025-01-19T04:20:26.173+0000] {dag.py:3239} INFO - Sync 1 DAGs
[2025-01-19T04:20:26.202+0000] {logging_mixin.py:190} INFO - [2025-01-19T04:20:26.201+0000] {dag.py:4180} INFO - Setting next_dagrun for example_sensor_decorator to None, run_after=None
[2025-01-19T04:20:26.243+0000] {processor.py:208} INFO - Processing /home/airflow/.local/lib/python3.12/site-packages/airflow/example_dags/example_sensor_decorator.py took 0.147 seconds
[2025-01-19T04:21:23.520+0000] {processor.py:186} INFO - Started process (PID=1013) to work on /home/airflow/.local/lib/python3.12/site-packages/airflow/example_dags/example_sensor_decorator.py
[2025-01-19T04:21:23.523+0000] {processor.py:914} INFO - Processing file /home/airflow/.local/lib/python3.12/site-packages/airflow/example_dags/example_sensor_decorator.py for tasks to queue
[2025-01-19T04:21:23.528+0000] {logging_mixin.py:190} INFO - [2025-01-19T04:21:23.527+0000] {dagbag.py:588} INFO - Filling up the DagBag from /home/airflow/.local/lib/python3.12/site-packages/airflow/example_dags/example_sensor_decorator.py
[2025-01-19T04:21:23.558+0000] {processor.py:925} INFO - DAG(s) 'example_sensor_decorator' retrieved from /home/airflow/.local/lib/python3.12/site-packages/airflow/example_dags/example_sensor_decorator.py
[2025-01-19T04:21:23.617+0000] {logging_mixin.py:190} INFO - [2025-01-19T04:21:23.617+0000] {dag.py:3239} INFO - Sync 1 DAGs
[2025-01-19T04:21:23.689+0000] {logging_mixin.py:190} INFO - [2025-01-19T04:21:23.688+0000] {dag.py:4180} INFO - Setting next_dagrun for example_sensor_decorator to None, run_after=None
[2025-01-19T04:21:23.781+0000] {processor.py:208} INFO - Processing /home/airflow/.local/lib/python3.12/site-packages/airflow/example_dags/example_sensor_decorator.py took 0.281 seconds
[2025-01-19T04:27:29.233+0000] {processor.py:186} INFO - Started process (PID=68) to work on /home/airflow/.local/lib/python3.12/site-packages/airflow/example_dags/example_sensor_decorator.py
[2025-01-19T04:27:29.246+0000] {processor.py:914} INFO - Processing file /home/airflow/.local/lib/python3.12/site-packages/airflow/example_dags/example_sensor_decorator.py for tasks to queue
[2025-01-19T04:27:29.263+0000] {logging_mixin.py:190} INFO - [2025-01-19T04:27:29.256+0000] {dagbag.py:588} INFO - Filling up the DagBag from /home/airflow/.local/lib/python3.12/site-packages/airflow/example_dags/example_sensor_decorator.py
[2025-01-19T04:27:29.321+0000] {processor.py:925} INFO - DAG(s) 'example_sensor_decorator' retrieved from /home/airflow/.local/lib/python3.12/site-packages/airflow/example_dags/example_sensor_decorator.py
[2025-01-19T04:27:29.614+0000] {logging_mixin.py:190} INFO - [2025-01-19T04:27:29.613+0000] {override.py:1911} INFO - Created Permission View: can delete on DAG:example_sensor_decorator
[2025-01-19T04:27:29.643+0000] {logging_mixin.py:190} INFO - [2025-01-19T04:27:29.642+0000] {override.py:1911} INFO - Created Permission View: can edit on DAG:example_sensor_decorator
[2025-01-19T04:27:29.661+0000] {logging_mixin.py:190} INFO - [2025-01-19T04:27:29.660+0000] {override.py:1911} INFO - Created Permission View: can read on DAG:example_sensor_decorator
[2025-01-19T04:27:29.680+0000] {logging_mixin.py:190} INFO - [2025-01-19T04:27:29.679+0000] {override.py:1911} INFO - Created Permission View: can create on DAG Run:example_sensor_decorator
[2025-01-19T04:27:29.704+0000] {logging_mixin.py:190} INFO - [2025-01-19T04:27:29.703+0000] {override.py:1911} INFO - Created Permission View: menu access on DAG Run:example_sensor_decorator
[2025-01-19T04:27:29.726+0000] {logging_mixin.py:190} INFO - [2025-01-19T04:27:29.725+0000] {override.py:1911} INFO - Created Permission View: can delete on DAG Run:example_sensor_decorator
[2025-01-19T04:27:29.765+0000] {logging_mixin.py:190} INFO - [2025-01-19T04:27:29.765+0000] {override.py:1911} INFO - Created Permission View: can read on DAG Run:example_sensor_decorator
[2025-01-19T04:27:29.767+0000] {logging_mixin.py:190} INFO - [2025-01-19T04:27:29.766+0000] {dag.py:3239} INFO - Sync 1 DAGs
[2025-01-19T04:27:29.831+0000] {logging_mixin.py:190} INFO - [2025-01-19T04:27:29.831+0000] {dag.py:3262} INFO - Creating ORM DAG for example_sensor_decorator
[2025-01-19T04:27:29.834+0000] {logging_mixin.py:190} INFO - [2025-01-19T04:27:29.833+0000] {dag.py:4180} INFO - Setting next_dagrun for example_sensor_decorator to None, run_after=None
[2025-01-19T04:27:29.899+0000] {processor.py:208} INFO - Processing /home/airflow/.local/lib/python3.12/site-packages/airflow/example_dags/example_sensor_decorator.py took 0.696 seconds
[2025-01-19T04:28:25.595+0000] {processor.py:186} INFO - Started process (PID=137) to work on /home/airflow/.local/lib/python3.12/site-packages/airflow/example_dags/example_sensor_decorator.py
[2025-01-19T04:28:25.598+0000] {processor.py:914} INFO - Processing file /home/airflow/.local/lib/python3.12/site-packages/airflow/example_dags/example_sensor_decorator.py for tasks to queue
[2025-01-19T04:28:25.603+0000] {logging_mixin.py:190} INFO - [2025-01-19T04:28:25.602+0000] {dagbag.py:588} INFO - Filling up the DagBag from /home/airflow/.local/lib/python3.12/site-packages/airflow/example_dags/example_sensor_decorator.py
[2025-01-19T04:28:25.629+0000] {processor.py:925} INFO - DAG(s) 'example_sensor_decorator' retrieved from /home/airflow/.local/lib/python3.12/site-packages/airflow/example_dags/example_sensor_decorator.py
[2025-01-19T04:28:25.685+0000] {logging_mixin.py:190} INFO - [2025-01-19T04:28:25.684+0000] {dag.py:3239} INFO - Sync 1 DAGs
[2025-01-19T04:28:25.729+0000] {logging_mixin.py:190} INFO - [2025-01-19T04:28:25.729+0000] {dag.py:4180} INFO - Setting next_dagrun for example_sensor_decorator to None, run_after=None
[2025-01-19T04:28:25.786+0000] {processor.py:208} INFO - Processing /home/airflow/.local/lib/python3.12/site-packages/airflow/example_dags/example_sensor_decorator.py took 0.204 seconds
[2025-01-19T04:28:57.833+0000] {processor.py:186} INFO - Started process (PID=200) to work on /home/airflow/.local/lib/python3.12/site-packages/airflow/example_dags/example_sensor_decorator.py
[2025-01-19T04:28:57.836+0000] {processor.py:914} INFO - Processing file /home/airflow/.local/lib/python3.12/site-packages/airflow/example_dags/example_sensor_decorator.py for tasks to queue
[2025-01-19T04:28:57.842+0000] {logging_mixin.py:190} INFO - [2025-01-19T04:28:57.841+0000] {dagbag.py:588} INFO - Filling up the DagBag from /home/airflow/.local/lib/python3.12/site-packages/airflow/example_dags/example_sensor_decorator.py
[2025-01-19T04:28:57.863+0000] {processor.py:925} INFO - DAG(s) 'example_sensor_decorator' retrieved from /home/airflow/.local/lib/python3.12/site-packages/airflow/example_dags/example_sensor_decorator.py
[2025-01-19T04:28:57.925+0000] {logging_mixin.py:190} INFO - [2025-01-19T04:28:57.925+0000] {dag.py:3239} INFO - Sync 1 DAGs
[2025-01-19T04:28:57.963+0000] {logging_mixin.py:190} INFO - [2025-01-19T04:28:57.963+0000] {dag.py:4180} INFO - Setting next_dagrun for example_sensor_decorator to None, run_after=None
[2025-01-19T04:28:58.021+0000] {processor.py:208} INFO - Processing /home/airflow/.local/lib/python3.12/site-packages/airflow/example_dags/example_sensor_decorator.py took 0.199 seconds
[2025-01-19T04:29:28.616+0000] {processor.py:186} INFO - Started process (PID=263) to work on /home/airflow/.local/lib/python3.12/site-packages/airflow/example_dags/example_sensor_decorator.py
[2025-01-19T04:29:28.618+0000] {processor.py:914} INFO - Processing file /home/airflow/.local/lib/python3.12/site-packages/airflow/example_dags/example_sensor_decorator.py for tasks to queue
[2025-01-19T04:29:28.624+0000] {logging_mixin.py:190} INFO - [2025-01-19T04:29:28.623+0000] {dagbag.py:588} INFO - Filling up the DagBag from /home/airflow/.local/lib/python3.12/site-packages/airflow/example_dags/example_sensor_decorator.py
[2025-01-19T04:29:28.650+0000] {processor.py:925} INFO - DAG(s) 'example_sensor_decorator' retrieved from /home/airflow/.local/lib/python3.12/site-packages/airflow/example_dags/example_sensor_decorator.py
[2025-01-19T04:29:28.700+0000] {logging_mixin.py:190} INFO - [2025-01-19T04:29:28.699+0000] {dag.py:3239} INFO - Sync 1 DAGs
[2025-01-19T04:29:28.744+0000] {logging_mixin.py:190} INFO - [2025-01-19T04:29:28.743+0000] {dag.py:4180} INFO - Setting next_dagrun for example_sensor_decorator to None, run_after=None
[2025-01-19T04:29:28.792+0000] {processor.py:208} INFO - Processing /home/airflow/.local/lib/python3.12/site-packages/airflow/example_dags/example_sensor_decorator.py took 0.190 seconds
[2025-01-19T04:30:07.629+0000] {processor.py:186} INFO - Started process (PID=303) to work on /home/airflow/.local/lib/python3.12/site-packages/airflow/example_dags/example_sensor_decorator.py
[2025-01-19T04:30:07.634+0000] {processor.py:914} INFO - Processing file /home/airflow/.local/lib/python3.12/site-packages/airflow/example_dags/example_sensor_decorator.py for tasks to queue
[2025-01-19T04:30:07.659+0000] {logging_mixin.py:190} INFO - [2025-01-19T04:30:07.658+0000] {dagbag.py:588} INFO - Filling up the DagBag from /home/airflow/.local/lib/python3.12/site-packages/airflow/example_dags/example_sensor_decorator.py
[2025-01-19T04:30:07.714+0000] {processor.py:925} INFO - DAG(s) 'example_sensor_decorator' retrieved from /home/airflow/.local/lib/python3.12/site-packages/airflow/example_dags/example_sensor_decorator.py
[2025-01-19T04:30:07.827+0000] {logging_mixin.py:190} INFO - [2025-01-19T04:30:07.827+0000] {dag.py:3239} INFO - Sync 1 DAGs
[2025-01-19T04:30:07.912+0000] {logging_mixin.py:190} INFO - [2025-01-19T04:30:07.912+0000] {dag.py:4180} INFO - Setting next_dagrun for example_sensor_decorator to None, run_after=None
[2025-01-19T04:30:08.021+0000] {processor.py:208} INFO - Processing /home/airflow/.local/lib/python3.12/site-packages/airflow/example_dags/example_sensor_decorator.py took 0.415 seconds
[2025-01-19T04:30:40.465+0000] {processor.py:186} INFO - Started process (PID=362) to work on /home/airflow/.local/lib/python3.12/site-packages/airflow/example_dags/example_sensor_decorator.py
[2025-01-19T04:30:40.469+0000] {processor.py:914} INFO - Processing file /home/airflow/.local/lib/python3.12/site-packages/airflow/example_dags/example_sensor_decorator.py for tasks to queue
[2025-01-19T04:30:40.476+0000] {logging_mixin.py:190} INFO - [2025-01-19T04:30:40.475+0000] {dagbag.py:588} INFO - Filling up the DagBag from /home/airflow/.local/lib/python3.12/site-packages/airflow/example_dags/example_sensor_decorator.py
[2025-01-19T04:30:40.502+0000] {processor.py:925} INFO - DAG(s) 'example_sensor_decorator' retrieved from /home/airflow/.local/lib/python3.12/site-packages/airflow/example_dags/example_sensor_decorator.py
[2025-01-19T04:30:40.543+0000] {logging_mixin.py:190} INFO - [2025-01-19T04:30:40.542+0000] {dag.py:3239} INFO - Sync 1 DAGs
[2025-01-19T04:30:40.581+0000] {logging_mixin.py:190} INFO - [2025-01-19T04:30:40.580+0000] {dag.py:4180} INFO - Setting next_dagrun for example_sensor_decorator to None, run_after=None
[2025-01-19T04:30:40.629+0000] {processor.py:208} INFO - Processing /home/airflow/.local/lib/python3.12/site-packages/airflow/example_dags/example_sensor_decorator.py took 0.178 seconds
[2025-01-19T04:31:18.941+0000] {processor.py:186} INFO - Started process (PID=430) to work on /home/airflow/.local/lib/python3.12/site-packages/airflow/example_dags/example_sensor_decorator.py
[2025-01-19T04:31:18.945+0000] {processor.py:914} INFO - Processing file /home/airflow/.local/lib/python3.12/site-packages/airflow/example_dags/example_sensor_decorator.py for tasks to queue
[2025-01-19T04:31:18.959+0000] {logging_mixin.py:190} INFO - [2025-01-19T04:31:18.958+0000] {dagbag.py:588} INFO - Filling up the DagBag from /home/airflow/.local/lib/python3.12/site-packages/airflow/example_dags/example_sensor_decorator.py
[2025-01-19T04:31:19.108+0000] {processor.py:925} INFO - DAG(s) 'example_sensor_decorator' retrieved from /home/airflow/.local/lib/python3.12/site-packages/airflow/example_dags/example_sensor_decorator.py
[2025-01-19T04:31:19.233+0000] {logging_mixin.py:190} INFO - [2025-01-19T04:31:19.232+0000] {dag.py:3239} INFO - Sync 1 DAGs
[2025-01-19T04:31:19.292+0000] {logging_mixin.py:190} INFO - [2025-01-19T04:31:19.291+0000] {dag.py:4180} INFO - Setting next_dagrun for example_sensor_decorator to None, run_after=None
[2025-01-19T04:31:19.340+0000] {processor.py:208} INFO - Processing /home/airflow/.local/lib/python3.12/site-packages/airflow/example_dags/example_sensor_decorator.py took 0.423 seconds
[2025-01-19T04:31:54.426+0000] {processor.py:186} INFO - Started process (PID=493) to work on /home/airflow/.local/lib/python3.12/site-packages/airflow/example_dags/example_sensor_decorator.py
[2025-01-19T04:31:54.429+0000] {processor.py:914} INFO - Processing file /home/airflow/.local/lib/python3.12/site-packages/airflow/example_dags/example_sensor_decorator.py for tasks to queue
[2025-01-19T04:31:54.434+0000] {logging_mixin.py:190} INFO - [2025-01-19T04:31:54.433+0000] {dagbag.py:588} INFO - Filling up the DagBag from /home/airflow/.local/lib/python3.12/site-packages/airflow/example_dags/example_sensor_decorator.py
[2025-01-19T04:31:54.455+0000] {processor.py:925} INFO - DAG(s) 'example_sensor_decorator' retrieved from /home/airflow/.local/lib/python3.12/site-packages/airflow/example_dags/example_sensor_decorator.py
[2025-01-19T04:31:54.511+0000] {logging_mixin.py:190} INFO - [2025-01-19T04:31:54.510+0000] {dag.py:3239} INFO - Sync 1 DAGs
[2025-01-19T04:31:54.565+0000] {logging_mixin.py:190} INFO - [2025-01-19T04:31:54.564+0000] {dag.py:4180} INFO - Setting next_dagrun for example_sensor_decorator to None, run_after=None
[2025-01-19T04:31:54.632+0000] {processor.py:208} INFO - Processing /home/airflow/.local/lib/python3.12/site-packages/airflow/example_dags/example_sensor_decorator.py took 0.221 seconds
[2025-01-19T04:32:26.969+0000] {processor.py:186} INFO - Started process (PID=556) to work on /home/airflow/.local/lib/python3.12/site-packages/airflow/example_dags/example_sensor_decorator.py
[2025-01-19T04:32:26.973+0000] {processor.py:914} INFO - Processing file /home/airflow/.local/lib/python3.12/site-packages/airflow/example_dags/example_sensor_decorator.py for tasks to queue
[2025-01-19T04:32:26.979+0000] {logging_mixin.py:190} INFO - [2025-01-19T04:32:26.978+0000] {dagbag.py:588} INFO - Filling up the DagBag from /home/airflow/.local/lib/python3.12/site-packages/airflow/example_dags/example_sensor_decorator.py
[2025-01-19T04:32:27.010+0000] {processor.py:925} INFO - DAG(s) 'example_sensor_decorator' retrieved from /home/airflow/.local/lib/python3.12/site-packages/airflow/example_dags/example_sensor_decorator.py
[2025-01-19T04:32:27.071+0000] {logging_mixin.py:190} INFO - [2025-01-19T04:32:27.071+0000] {dag.py:3239} INFO - Sync 1 DAGs
[2025-01-19T04:32:27.126+0000] {logging_mixin.py:190} INFO - [2025-01-19T04:32:27.126+0000] {dag.py:4180} INFO - Setting next_dagrun for example_sensor_decorator to None, run_after=None
[2025-01-19T04:32:27.238+0000] {processor.py:208} INFO - Processing /home/airflow/.local/lib/python3.12/site-packages/airflow/example_dags/example_sensor_decorator.py took 0.283 seconds
[2025-01-19T04:33:01.372+0000] {processor.py:186} INFO - Started process (PID=619) to work on /home/airflow/.local/lib/python3.12/site-packages/airflow/example_dags/example_sensor_decorator.py
[2025-01-19T04:33:01.375+0000] {processor.py:914} INFO - Processing file /home/airflow/.local/lib/python3.12/site-packages/airflow/example_dags/example_sensor_decorator.py for tasks to queue
[2025-01-19T04:33:01.381+0000] {logging_mixin.py:190} INFO - [2025-01-19T04:33:01.380+0000] {dagbag.py:588} INFO - Filling up the DagBag from /home/airflow/.local/lib/python3.12/site-packages/airflow/example_dags/example_sensor_decorator.py
[2025-01-19T04:33:01.463+0000] {processor.py:925} INFO - DAG(s) 'example_sensor_decorator' retrieved from /home/airflow/.local/lib/python3.12/site-packages/airflow/example_dags/example_sensor_decorator.py
[2025-01-19T04:33:01.662+0000] {logging_mixin.py:190} INFO - [2025-01-19T04:33:01.662+0000] {dag.py:3239} INFO - Sync 1 DAGs
[2025-01-19T04:33:01.755+0000] {logging_mixin.py:190} INFO - [2025-01-19T04:33:01.754+0000] {dag.py:4180} INFO - Setting next_dagrun for example_sensor_decorator to None, run_after=None
[2025-01-19T04:33:01.884+0000] {processor.py:208} INFO - Processing /home/airflow/.local/lib/python3.12/site-packages/airflow/example_dags/example_sensor_decorator.py took 0.563 seconds
[2025-01-19T04:33:32.782+0000] {processor.py:186} INFO - Started process (PID=682) to work on /home/airflow/.local/lib/python3.12/site-packages/airflow/example_dags/example_sensor_decorator.py
[2025-01-19T04:33:32.789+0000] {processor.py:914} INFO - Processing file /home/airflow/.local/lib/python3.12/site-packages/airflow/example_dags/example_sensor_decorator.py for tasks to queue
[2025-01-19T04:33:32.795+0000] {logging_mixin.py:190} INFO - [2025-01-19T04:33:32.795+0000] {dagbag.py:588} INFO - Filling up the DagBag from /home/airflow/.local/lib/python3.12/site-packages/airflow/example_dags/example_sensor_decorator.py
[2025-01-19T04:33:32.813+0000] {processor.py:925} INFO - DAG(s) 'example_sensor_decorator' retrieved from /home/airflow/.local/lib/python3.12/site-packages/airflow/example_dags/example_sensor_decorator.py
[2025-01-19T04:33:32.853+0000] {logging_mixin.py:190} INFO - [2025-01-19T04:33:32.852+0000] {dag.py:3239} INFO - Sync 1 DAGs
[2025-01-19T04:33:32.884+0000] {logging_mixin.py:190} INFO - [2025-01-19T04:33:32.883+0000] {dag.py:4180} INFO - Setting next_dagrun for example_sensor_decorator to None, run_after=None
[2025-01-19T04:33:33.087+0000] {processor.py:208} INFO - Processing /home/airflow/.local/lib/python3.12/site-packages/airflow/example_dags/example_sensor_decorator.py took 0.323 seconds
[2025-01-19T04:34:03.202+0000] {processor.py:186} INFO - Started process (PID=745) to work on /home/airflow/.local/lib/python3.12/site-packages/airflow/example_dags/example_sensor_decorator.py
[2025-01-19T04:34:03.204+0000] {processor.py:914} INFO - Processing file /home/airflow/.local/lib/python3.12/site-packages/airflow/example_dags/example_sensor_decorator.py for tasks to queue
[2025-01-19T04:34:03.209+0000] {logging_mixin.py:190} INFO - [2025-01-19T04:34:03.208+0000] {dagbag.py:588} INFO - Filling up the DagBag from /home/airflow/.local/lib/python3.12/site-packages/airflow/example_dags/example_sensor_decorator.py
[2025-01-19T04:34:03.227+0000] {processor.py:925} INFO - DAG(s) 'example_sensor_decorator' retrieved from /home/airflow/.local/lib/python3.12/site-packages/airflow/example_dags/example_sensor_decorator.py
[2025-01-19T04:34:03.288+0000] {logging_mixin.py:190} INFO - [2025-01-19T04:34:03.287+0000] {dag.py:3239} INFO - Sync 1 DAGs
[2025-01-19T04:34:03.361+0000] {logging_mixin.py:190} INFO - [2025-01-19T04:34:03.360+0000] {dag.py:4180} INFO - Setting next_dagrun for example_sensor_decorator to None, run_after=None
[2025-01-19T04:34:03.481+0000] {processor.py:208} INFO - Processing /home/airflow/.local/lib/python3.12/site-packages/airflow/example_dags/example_sensor_decorator.py took 0.290 seconds
[2025-01-19T04:34:33.880+0000] {processor.py:186} INFO - Started process (PID=809) to work on /home/airflow/.local/lib/python3.12/site-packages/airflow/example_dags/example_sensor_decorator.py
[2025-01-19T04:34:33.881+0000] {processor.py:914} INFO - Processing file /home/airflow/.local/lib/python3.12/site-packages/airflow/example_dags/example_sensor_decorator.py for tasks to queue
[2025-01-19T04:34:33.886+0000] {logging_mixin.py:190} INFO - [2025-01-19T04:34:33.885+0000] {dagbag.py:588} INFO - Filling up the DagBag from /home/airflow/.local/lib/python3.12/site-packages/airflow/example_dags/example_sensor_decorator.py
[2025-01-19T04:34:33.906+0000] {processor.py:925} INFO - DAG(s) 'example_sensor_decorator' retrieved from /home/airflow/.local/lib/python3.12/site-packages/airflow/example_dags/example_sensor_decorator.py
[2025-01-19T04:34:33.950+0000] {logging_mixin.py:190} INFO - [2025-01-19T04:34:33.950+0000] {dag.py:3239} INFO - Sync 1 DAGs
[2025-01-19T04:34:34.022+0000] {logging_mixin.py:190} INFO - [2025-01-19T04:34:34.021+0000] {dag.py:4180} INFO - Setting next_dagrun for example_sensor_decorator to None, run_after=None
[2025-01-19T04:34:34.112+0000] {processor.py:208} INFO - Processing /home/airflow/.local/lib/python3.12/site-packages/airflow/example_dags/example_sensor_decorator.py took 0.246 seconds
[2025-01-19T04:35:09.613+0000] {processor.py:186} INFO - Started process (PID=876) to work on /home/airflow/.local/lib/python3.12/site-packages/airflow/example_dags/example_sensor_decorator.py
[2025-01-19T04:35:09.615+0000] {processor.py:914} INFO - Processing file /home/airflow/.local/lib/python3.12/site-packages/airflow/example_dags/example_sensor_decorator.py for tasks to queue
[2025-01-19T04:35:09.631+0000] {logging_mixin.py:190} INFO - [2025-01-19T04:35:09.630+0000] {dagbag.py:588} INFO - Filling up the DagBag from /home/airflow/.local/lib/python3.12/site-packages/airflow/example_dags/example_sensor_decorator.py
[2025-01-19T04:35:09.658+0000] {processor.py:925} INFO - DAG(s) 'example_sensor_decorator' retrieved from /home/airflow/.local/lib/python3.12/site-packages/airflow/example_dags/example_sensor_decorator.py
[2025-01-19T04:35:09.709+0000] {logging_mixin.py:190} INFO - [2025-01-19T04:35:09.708+0000] {dag.py:3239} INFO - Sync 1 DAGs
[2025-01-19T04:35:09.752+0000] {logging_mixin.py:190} INFO - [2025-01-19T04:35:09.752+0000] {dag.py:4180} INFO - Setting next_dagrun for example_sensor_decorator to None, run_after=None
[2025-01-19T04:35:09.879+0000] {processor.py:208} INFO - Processing /home/airflow/.local/lib/python3.12/site-packages/airflow/example_dags/example_sensor_decorator.py took 0.292 seconds
[2025-01-19T04:35:48.512+0000] {processor.py:186} INFO - Started process (PID=938) to work on /home/airflow/.local/lib/python3.12/site-packages/airflow/example_dags/example_sensor_decorator.py
[2025-01-19T04:35:48.520+0000] {processor.py:914} INFO - Processing file /home/airflow/.local/lib/python3.12/site-packages/airflow/example_dags/example_sensor_decorator.py for tasks to queue
[2025-01-19T04:35:48.536+0000] {logging_mixin.py:190} INFO - [2025-01-19T04:35:48.535+0000] {dagbag.py:588} INFO - Filling up the DagBag from /home/airflow/.local/lib/python3.12/site-packages/airflow/example_dags/example_sensor_decorator.py
[2025-01-19T04:35:48.563+0000] {processor.py:925} INFO - DAG(s) 'example_sensor_decorator' retrieved from /home/airflow/.local/lib/python3.12/site-packages/airflow/example_dags/example_sensor_decorator.py
[2025-01-19T04:35:48.676+0000] {logging_mixin.py:190} INFO - [2025-01-19T04:35:48.675+0000] {dag.py:3239} INFO - Sync 1 DAGs
[2025-01-19T04:35:48.788+0000] {logging_mixin.py:190} INFO - [2025-01-19T04:35:48.787+0000] {dag.py:4180} INFO - Setting next_dagrun for example_sensor_decorator to None, run_after=None
[2025-01-19T04:35:48.991+0000] {processor.py:208} INFO - Processing /home/airflow/.local/lib/python3.12/site-packages/airflow/example_dags/example_sensor_decorator.py took 0.502 seconds
[2025-01-19T04:36:20.180+0000] {processor.py:186} INFO - Started process (PID=1001) to work on /home/airflow/.local/lib/python3.12/site-packages/airflow/example_dags/example_sensor_decorator.py
[2025-01-19T04:36:20.182+0000] {processor.py:914} INFO - Processing file /home/airflow/.local/lib/python3.12/site-packages/airflow/example_dags/example_sensor_decorator.py for tasks to queue
[2025-01-19T04:36:20.188+0000] {logging_mixin.py:190} INFO - [2025-01-19T04:36:20.187+0000] {dagbag.py:588} INFO - Filling up the DagBag from /home/airflow/.local/lib/python3.12/site-packages/airflow/example_dags/example_sensor_decorator.py
[2025-01-19T04:36:20.219+0000] {processor.py:925} INFO - DAG(s) 'example_sensor_decorator' retrieved from /home/airflow/.local/lib/python3.12/site-packages/airflow/example_dags/example_sensor_decorator.py
[2025-01-19T04:36:20.271+0000] {logging_mixin.py:190} INFO - [2025-01-19T04:36:20.271+0000] {dag.py:3239} INFO - Sync 1 DAGs
[2025-01-19T04:36:20.312+0000] {logging_mixin.py:190} INFO - [2025-01-19T04:36:20.312+0000] {dag.py:4180} INFO - Setting next_dagrun for example_sensor_decorator to None, run_after=None
[2025-01-19T04:36:20.385+0000] {processor.py:208} INFO - Processing /home/airflow/.local/lib/python3.12/site-packages/airflow/example_dags/example_sensor_decorator.py took 0.228 seconds
[2025-01-19T04:41:06.454+0000] {processor.py:186} INFO - Started process (PID=1077) to work on /home/airflow/.local/lib/python3.12/site-packages/airflow/example_dags/example_sensor_decorator.py
[2025-01-19T04:41:06.459+0000] {processor.py:914} INFO - Processing file /home/airflow/.local/lib/python3.12/site-packages/airflow/example_dags/example_sensor_decorator.py for tasks to queue
[2025-01-19T04:41:06.464+0000] {logging_mixin.py:190} INFO - [2025-01-19T04:41:06.462+0000] {dagbag.py:588} INFO - Filling up the DagBag from /home/airflow/.local/lib/python3.12/site-packages/airflow/example_dags/example_sensor_decorator.py
[2025-01-19T04:41:06.519+0000] {processor.py:925} INFO - DAG(s) 'example_sensor_decorator' retrieved from /home/airflow/.local/lib/python3.12/site-packages/airflow/example_dags/example_sensor_decorator.py
[2025-01-19T04:41:06.596+0000] {logging_mixin.py:190} INFO - [2025-01-19T04:41:06.595+0000] {dag.py:3239} INFO - Sync 1 DAGs
[2025-01-19T04:41:06.665+0000] {logging_mixin.py:190} INFO - [2025-01-19T04:41:06.664+0000] {dag.py:4180} INFO - Setting next_dagrun for example_sensor_decorator to None, run_after=None
[2025-01-19T04:41:06.723+0000] {processor.py:208} INFO - Processing /home/airflow/.local/lib/python3.12/site-packages/airflow/example_dags/example_sensor_decorator.py took 0.316 seconds
[2025-01-19T04:41:44.254+0000] {processor.py:186} INFO - Started process (PID=1137) to work on /home/airflow/.local/lib/python3.12/site-packages/airflow/example_dags/example_sensor_decorator.py
[2025-01-19T04:41:44.259+0000] {processor.py:914} INFO - Processing file /home/airflow/.local/lib/python3.12/site-packages/airflow/example_dags/example_sensor_decorator.py for tasks to queue
[2025-01-19T04:41:44.264+0000] {logging_mixin.py:190} INFO - [2025-01-19T04:41:44.263+0000] {dagbag.py:588} INFO - Filling up the DagBag from /home/airflow/.local/lib/python3.12/site-packages/airflow/example_dags/example_sensor_decorator.py
[2025-01-19T04:41:44.289+0000] {processor.py:925} INFO - DAG(s) 'example_sensor_decorator' retrieved from /home/airflow/.local/lib/python3.12/site-packages/airflow/example_dags/example_sensor_decorator.py
[2025-01-19T04:41:44.478+0000] {logging_mixin.py:190} INFO - [2025-01-19T04:41:44.477+0000] {dag.py:3239} INFO - Sync 1 DAGs
[2025-01-19T04:41:44.554+0000] {logging_mixin.py:190} INFO - [2025-01-19T04:41:44.553+0000] {dag.py:4180} INFO - Setting next_dagrun for example_sensor_decorator to None, run_after=None
[2025-01-19T04:41:44.624+0000] {processor.py:208} INFO - Processing /home/airflow/.local/lib/python3.12/site-packages/airflow/example_dags/example_sensor_decorator.py took 0.401 seconds
