[2025-01-19T04:12:49.916+0000] {processor.py:186} INFO - Started process (PID=446) to work on /home/airflow/.local/lib/python3.12/site-packages/airflow/example_dags/example_nested_branch_dag.py
[2025-01-19T04:12:49.918+0000] {processor.py:914} INFO - Processing file /home/airflow/.local/lib/python3.12/site-packages/airflow/example_dags/example_nested_branch_dag.py for tasks to queue
[2025-01-19T04:12:49.926+0000] {logging_mixin.py:190} INFO - [2025-01-19T04:12:49.925+0000] {dagbag.py:588} INFO - Filling up the DagBag from /home/airflow/.local/lib/python3.12/site-packages/airflow/example_dags/example_nested_branch_dag.py
[2025-01-19T04:12:49.953+0000] {processor.py:925} INFO - DAG(s) 'example_nested_branch_dag' retrieved from /home/airflow/.local/lib/python3.12/site-packages/airflow/example_dags/example_nested_branch_dag.py
[2025-01-19T04:12:50.011+0000] {logging_mixin.py:190} INFO - [2025-01-19T04:12:50.011+0000] {dag.py:3239} INFO - Sync 1 DAGs
[2025-01-19T04:12:50.081+0000] {logging_mixin.py:190} INFO - [2025-01-19T04:12:50.080+0000] {dag.py:4180} INFO - Setting next_dagrun for example_nested_branch_dag to 2025-01-18 00:00:00+00:00, run_after=2025-01-19 00:00:00+00:00
[2025-01-19T04:12:50.124+0000] {processor.py:208} INFO - Processing /home/airflow/.local/lib/python3.12/site-packages/airflow/example_dags/example_nested_branch_dag.py took 0.227 seconds
[2025-01-19T04:13:27.668+0000] {processor.py:186} INFO - Started process (PID=508) to work on /home/airflow/.local/lib/python3.12/site-packages/airflow/example_dags/example_nested_branch_dag.py
[2025-01-19T04:13:27.670+0000] {processor.py:914} INFO - Processing file /home/airflow/.local/lib/python3.12/site-packages/airflow/example_dags/example_nested_branch_dag.py for tasks to queue
[2025-01-19T04:13:27.676+0000] {logging_mixin.py:190} INFO - [2025-01-19T04:13:27.675+0000] {dagbag.py:588} INFO - Filling up the DagBag from /home/airflow/.local/lib/python3.12/site-packages/airflow/example_dags/example_nested_branch_dag.py
[2025-01-19T04:13:27.702+0000] {processor.py:925} INFO - DAG(s) 'example_nested_branch_dag' retrieved from /home/airflow/.local/lib/python3.12/site-packages/airflow/example_dags/example_nested_branch_dag.py
[2025-01-19T04:13:27.757+0000] {logging_mixin.py:190} INFO - [2025-01-19T04:13:27.756+0000] {dag.py:3239} INFO - Sync 1 DAGs
[2025-01-19T04:13:27.814+0000] {logging_mixin.py:190} INFO - [2025-01-19T04:13:27.814+0000] {dag.py:4180} INFO - Setting next_dagrun for example_nested_branch_dag to 2025-01-18 00:00:00+00:00, run_after=2025-01-19 00:00:00+00:00
[2025-01-19T04:13:27.853+0000] {processor.py:208} INFO - Processing /home/airflow/.local/lib/python3.12/site-packages/airflow/example_dags/example_nested_branch_dag.py took 0.196 seconds
[2025-01-19T04:14:01.517+0000] {processor.py:186} INFO - Started process (PID=562) to work on /home/airflow/.local/lib/python3.12/site-packages/airflow/example_dags/example_nested_branch_dag.py
[2025-01-19T04:14:01.520+0000] {processor.py:914} INFO - Processing file /home/airflow/.local/lib/python3.12/site-packages/airflow/example_dags/example_nested_branch_dag.py for tasks to queue
[2025-01-19T04:14:01.535+0000] {logging_mixin.py:190} INFO - [2025-01-19T04:14:01.533+0000] {dagbag.py:588} INFO - Filling up the DagBag from /home/airflow/.local/lib/python3.12/site-packages/airflow/example_dags/example_nested_branch_dag.py
[2025-01-19T04:14:01.597+0000] {processor.py:925} INFO - DAG(s) 'example_nested_branch_dag' retrieved from /home/airflow/.local/lib/python3.12/site-packages/airflow/example_dags/example_nested_branch_dag.py
[2025-01-19T04:14:01.782+0000] {logging_mixin.py:190} INFO - [2025-01-19T04:14:01.781+0000] {dag.py:3239} INFO - Sync 1 DAGs
[2025-01-19T04:14:01.985+0000] {logging_mixin.py:190} INFO - [2025-01-19T04:14:01.984+0000] {dag.py:4180} INFO - Setting next_dagrun for example_nested_branch_dag to 2025-01-18 00:00:00+00:00, run_after=2025-01-19 00:00:00+00:00
[2025-01-19T04:14:02.119+0000] {processor.py:208} INFO - Processing /home/airflow/.local/lib/python3.12/site-packages/airflow/example_dags/example_nested_branch_dag.py took 0.636 seconds
[2025-01-19T04:15:12.685+0000] {processor.py:186} INFO - Started process (PID=621) to work on /home/airflow/.local/lib/python3.12/site-packages/airflow/example_dags/example_nested_branch_dag.py
[2025-01-19T04:15:12.689+0000] {processor.py:914} INFO - Processing file /home/airflow/.local/lib/python3.12/site-packages/airflow/example_dags/example_nested_branch_dag.py for tasks to queue
[2025-01-19T04:15:12.704+0000] {logging_mixin.py:190} INFO - [2025-01-19T04:15:12.701+0000] {dagbag.py:588} INFO - Filling up the DagBag from /home/airflow/.local/lib/python3.12/site-packages/airflow/example_dags/example_nested_branch_dag.py
[2025-01-19T04:15:12.799+0000] {processor.py:925} INFO - DAG(s) 'example_nested_branch_dag' retrieved from /home/airflow/.local/lib/python3.12/site-packages/airflow/example_dags/example_nested_branch_dag.py
[2025-01-19T04:15:12.973+0000] {logging_mixin.py:190} INFO - [2025-01-19T04:15:12.972+0000] {dag.py:3239} INFO - Sync 1 DAGs
[2025-01-19T04:15:13.096+0000] {logging_mixin.py:190} INFO - [2025-01-19T04:15:13.096+0000] {dag.py:4180} INFO - Setting next_dagrun for example_nested_branch_dag to 2025-01-18 00:00:00+00:00, run_after=2025-01-19 00:00:00+00:00
[2025-01-19T04:15:13.226+0000] {processor.py:208} INFO - Processing /home/airflow/.local/lib/python3.12/site-packages/airflow/example_dags/example_nested_branch_dag.py took 0.573 seconds
[2025-01-19T04:18:14.189+0000] {processor.py:186} INFO - Started process (PID=684) to work on /home/airflow/.local/lib/python3.12/site-packages/airflow/example_dags/example_nested_branch_dag.py
[2025-01-19T04:18:14.205+0000] {processor.py:914} INFO - Processing file /home/airflow/.local/lib/python3.12/site-packages/airflow/example_dags/example_nested_branch_dag.py for tasks to queue
[2025-01-19T04:18:14.222+0000] {logging_mixin.py:190} INFO - [2025-01-19T04:18:14.209+0000] {dagbag.py:588} INFO - Filling up the DagBag from /home/airflow/.local/lib/python3.12/site-packages/airflow/example_dags/example_nested_branch_dag.py
[2025-01-19T04:18:14.399+0000] {processor.py:925} INFO - DAG(s) 'example_nested_branch_dag' retrieved from /home/airflow/.local/lib/python3.12/site-packages/airflow/example_dags/example_nested_branch_dag.py
[2025-01-19T04:18:14.545+0000] {logging_mixin.py:190} INFO - [2025-01-19T04:18:14.544+0000] {dag.py:3239} INFO - Sync 1 DAGs
[2025-01-19T04:18:14.808+0000] {logging_mixin.py:190} INFO - [2025-01-19T04:18:14.796+0000] {dag.py:4180} INFO - Setting next_dagrun for example_nested_branch_dag to 2025-01-18 00:00:00+00:00, run_after=2025-01-19 00:00:00+00:00
[2025-01-19T04:18:14.957+0000] {processor.py:208} INFO - Processing /home/airflow/.local/lib/python3.12/site-packages/airflow/example_dags/example_nested_branch_dag.py took 0.812 seconds
[2025-01-19T04:18:52.170+0000] {processor.py:186} INFO - Started process (PID=747) to work on /home/airflow/.local/lib/python3.12/site-packages/airflow/example_dags/example_nested_branch_dag.py
[2025-01-19T04:18:52.175+0000] {processor.py:914} INFO - Processing file /home/airflow/.local/lib/python3.12/site-packages/airflow/example_dags/example_nested_branch_dag.py for tasks to queue
[2025-01-19T04:18:52.179+0000] {logging_mixin.py:190} INFO - [2025-01-19T04:18:52.178+0000] {dagbag.py:588} INFO - Filling up the DagBag from /home/airflow/.local/lib/python3.12/site-packages/airflow/example_dags/example_nested_branch_dag.py
[2025-01-19T04:18:52.249+0000] {processor.py:925} INFO - DAG(s) 'example_nested_branch_dag' retrieved from /home/airflow/.local/lib/python3.12/site-packages/airflow/example_dags/example_nested_branch_dag.py
[2025-01-19T04:18:52.435+0000] {logging_mixin.py:190} INFO - [2025-01-19T04:18:52.428+0000] {dag.py:3239} INFO - Sync 1 DAGs
[2025-01-19T04:18:52.579+0000] {logging_mixin.py:190} INFO - [2025-01-19T04:18:52.579+0000] {dag.py:4180} INFO - Setting next_dagrun for example_nested_branch_dag to 2025-01-18 00:00:00+00:00, run_after=2025-01-19 00:00:00+00:00
[2025-01-19T04:18:52.638+0000] {processor.py:208} INFO - Processing /home/airflow/.local/lib/python3.12/site-packages/airflow/example_dags/example_nested_branch_dag.py took 0.490 seconds
[2025-01-19T04:19:23.033+0000] {processor.py:186} INFO - Started process (PID=810) to work on /home/airflow/.local/lib/python3.12/site-packages/airflow/example_dags/example_nested_branch_dag.py
[2025-01-19T04:19:23.036+0000] {processor.py:914} INFO - Processing file /home/airflow/.local/lib/python3.12/site-packages/airflow/example_dags/example_nested_branch_dag.py for tasks to queue
[2025-01-19T04:19:23.039+0000] {logging_mixin.py:190} INFO - [2025-01-19T04:19:23.038+0000] {dagbag.py:588} INFO - Filling up the DagBag from /home/airflow/.local/lib/python3.12/site-packages/airflow/example_dags/example_nested_branch_dag.py
[2025-01-19T04:19:23.090+0000] {processor.py:925} INFO - DAG(s) 'example_nested_branch_dag' retrieved from /home/airflow/.local/lib/python3.12/site-packages/airflow/example_dags/example_nested_branch_dag.py
[2025-01-19T04:19:23.172+0000] {logging_mixin.py:190} INFO - [2025-01-19T04:19:23.171+0000] {dag.py:3239} INFO - Sync 1 DAGs
[2025-01-19T04:19:23.288+0000] {logging_mixin.py:190} INFO - [2025-01-19T04:19:23.287+0000] {dag.py:4180} INFO - Setting next_dagrun for example_nested_branch_dag to 2025-01-18 00:00:00+00:00, run_after=2025-01-19 00:00:00+00:00
[2025-01-19T04:19:23.376+0000] {processor.py:208} INFO - Processing /home/airflow/.local/lib/python3.12/site-packages/airflow/example_dags/example_nested_branch_dag.py took 0.361 seconds
[2025-01-19T04:19:53.512+0000] {processor.py:186} INFO - Started process (PID=872) to work on /home/airflow/.local/lib/python3.12/site-packages/airflow/example_dags/example_nested_branch_dag.py
[2025-01-19T04:19:53.526+0000] {processor.py:914} INFO - Processing file /home/airflow/.local/lib/python3.12/site-packages/airflow/example_dags/example_nested_branch_dag.py for tasks to queue
[2025-01-19T04:19:53.529+0000] {logging_mixin.py:190} INFO - [2025-01-19T04:19:53.528+0000] {dagbag.py:588} INFO - Filling up the DagBag from /home/airflow/.local/lib/python3.12/site-packages/airflow/example_dags/example_nested_branch_dag.py
[2025-01-19T04:19:53.558+0000] {processor.py:925} INFO - DAG(s) 'example_nested_branch_dag' retrieved from /home/airflow/.local/lib/python3.12/site-packages/airflow/example_dags/example_nested_branch_dag.py
[2025-01-19T04:19:53.610+0000] {logging_mixin.py:190} INFO - [2025-01-19T04:19:53.609+0000] {dag.py:3239} INFO - Sync 1 DAGs
[2025-01-19T04:19:53.683+0000] {logging_mixin.py:190} INFO - [2025-01-19T04:19:53.682+0000] {dag.py:4180} INFO - Setting next_dagrun for example_nested_branch_dag to 2025-01-18 00:00:00+00:00, run_after=2025-01-19 00:00:00+00:00
[2025-01-19T04:19:53.734+0000] {processor.py:208} INFO - Processing /home/airflow/.local/lib/python3.12/site-packages/airflow/example_dags/example_nested_branch_dag.py took 0.242 seconds
[2025-01-19T04:20:23.837+0000] {processor.py:186} INFO - Started process (PID=934) to work on /home/airflow/.local/lib/python3.12/site-packages/airflow/example_dags/example_nested_branch_dag.py
[2025-01-19T04:20:23.839+0000] {processor.py:914} INFO - Processing file /home/airflow/.local/lib/python3.12/site-packages/airflow/example_dags/example_nested_branch_dag.py for tasks to queue
[2025-01-19T04:20:23.842+0000] {logging_mixin.py:190} INFO - [2025-01-19T04:20:23.842+0000] {dagbag.py:588} INFO - Filling up the DagBag from /home/airflow/.local/lib/python3.12/site-packages/airflow/example_dags/example_nested_branch_dag.py
[2025-01-19T04:20:23.894+0000] {processor.py:925} INFO - DAG(s) 'example_nested_branch_dag' retrieved from /home/airflow/.local/lib/python3.12/site-packages/airflow/example_dags/example_nested_branch_dag.py
[2025-01-19T04:20:23.953+0000] {logging_mixin.py:190} INFO - [2025-01-19T04:20:23.952+0000] {dag.py:3239} INFO - Sync 1 DAGs
[2025-01-19T04:20:24.012+0000] {logging_mixin.py:190} INFO - [2025-01-19T04:20:24.012+0000] {dag.py:4180} INFO - Setting next_dagrun for example_nested_branch_dag to 2025-01-18 00:00:00+00:00, run_after=2025-01-19 00:00:00+00:00
[2025-01-19T04:20:24.079+0000] {processor.py:208} INFO - Processing /home/airflow/.local/lib/python3.12/site-packages/airflow/example_dags/example_nested_branch_dag.py took 0.257 seconds
[2025-01-19T04:20:57.996+0000] {processor.py:186} INFO - Started process (PID=988) to work on /home/airflow/.local/lib/python3.12/site-packages/airflow/example_dags/example_nested_branch_dag.py
[2025-01-19T04:20:58.017+0000] {processor.py:914} INFO - Processing file /home/airflow/.local/lib/python3.12/site-packages/airflow/example_dags/example_nested_branch_dag.py for tasks to queue
[2025-01-19T04:20:58.026+0000] {logging_mixin.py:190} INFO - [2025-01-19T04:20:58.021+0000] {dagbag.py:588} INFO - Filling up the DagBag from /home/airflow/.local/lib/python3.12/site-packages/airflow/example_dags/example_nested_branch_dag.py
[2025-01-19T04:20:58.072+0000] {processor.py:925} INFO - DAG(s) 'example_nested_branch_dag' retrieved from /home/airflow/.local/lib/python3.12/site-packages/airflow/example_dags/example_nested_branch_dag.py
[2025-01-19T04:20:58.169+0000] {logging_mixin.py:190} INFO - [2025-01-19T04:20:58.169+0000] {dag.py:3239} INFO - Sync 1 DAGs
[2025-01-19T04:20:58.431+0000] {logging_mixin.py:190} INFO - [2025-01-19T04:20:58.417+0000] {dag.py:4180} INFO - Setting next_dagrun for example_nested_branch_dag to 2025-01-18 00:00:00+00:00, run_after=2025-01-19 00:00:00+00:00
[2025-01-19T04:20:58.650+0000] {processor.py:208} INFO - Processing /home/airflow/.local/lib/python3.12/site-packages/airflow/example_dags/example_nested_branch_dag.py took 0.703 seconds
[2025-01-19T04:21:31.447+0000] {processor.py:186} INFO - Started process (PID=1045) to work on /home/airflow/.local/lib/python3.12/site-packages/airflow/example_dags/example_nested_branch_dag.py
[2025-01-19T04:21:31.450+0000] {processor.py:914} INFO - Processing file /home/airflow/.local/lib/python3.12/site-packages/airflow/example_dags/example_nested_branch_dag.py for tasks to queue
[2025-01-19T04:21:31.454+0000] {logging_mixin.py:190} INFO - [2025-01-19T04:21:31.453+0000] {dagbag.py:588} INFO - Filling up the DagBag from /home/airflow/.local/lib/python3.12/site-packages/airflow/example_dags/example_nested_branch_dag.py
[2025-01-19T04:21:31.498+0000] {processor.py:925} INFO - DAG(s) 'example_nested_branch_dag' retrieved from /home/airflow/.local/lib/python3.12/site-packages/airflow/example_dags/example_nested_branch_dag.py
[2025-01-19T04:21:31.575+0000] {logging_mixin.py:190} INFO - [2025-01-19T04:21:31.574+0000] {dag.py:3239} INFO - Sync 1 DAGs
[2025-01-19T04:21:31.653+0000] {logging_mixin.py:190} INFO - [2025-01-19T04:21:31.652+0000] {dag.py:4180} INFO - Setting next_dagrun for example_nested_branch_dag to 2025-01-18 00:00:00+00:00, run_after=2025-01-19 00:00:00+00:00
[2025-01-19T04:21:31.718+0000] {processor.py:208} INFO - Processing /home/airflow/.local/lib/python3.12/site-packages/airflow/example_dags/example_nested_branch_dag.py took 0.286 seconds
[2025-01-19T04:27:21.972+0000] {processor.py:186} INFO - Started process (PID=61) to work on /home/airflow/.local/lib/python3.12/site-packages/airflow/example_dags/example_nested_branch_dag.py
[2025-01-19T04:27:21.997+0000] {processor.py:914} INFO - Processing file /home/airflow/.local/lib/python3.12/site-packages/airflow/example_dags/example_nested_branch_dag.py for tasks to queue
[2025-01-19T04:27:22.018+0000] {logging_mixin.py:190} INFO - [2025-01-19T04:27:22.017+0000] {dagbag.py:588} INFO - Filling up the DagBag from /home/airflow/.local/lib/python3.12/site-packages/airflow/example_dags/example_nested_branch_dag.py
[2025-01-19T04:27:22.078+0000] {processor.py:925} INFO - DAG(s) 'example_nested_branch_dag' retrieved from /home/airflow/.local/lib/python3.12/site-packages/airflow/example_dags/example_nested_branch_dag.py
[2025-01-19T04:27:22.854+0000] {logging_mixin.py:190} INFO - [2025-01-19T04:27:22.853+0000] {override.py:1911} INFO - Created Permission View: can delete on DAG:example_nested_branch_dag
[2025-01-19T04:27:22.984+0000] {logging_mixin.py:190} INFO - [2025-01-19T04:27:22.983+0000] {override.py:1911} INFO - Created Permission View: can edit on DAG:example_nested_branch_dag
[2025-01-19T04:27:23.015+0000] {logging_mixin.py:190} INFO - [2025-01-19T04:27:23.014+0000] {override.py:1911} INFO - Created Permission View: can read on DAG:example_nested_branch_dag
[2025-01-19T04:27:23.050+0000] {logging_mixin.py:190} INFO - [2025-01-19T04:27:23.050+0000] {override.py:1911} INFO - Created Permission View: can create on DAG Run:example_nested_branch_dag
[2025-01-19T04:27:23.086+0000] {logging_mixin.py:190} INFO - [2025-01-19T04:27:23.085+0000] {override.py:1911} INFO - Created Permission View: menu access on DAG Run:example_nested_branch_dag
[2025-01-19T04:27:23.112+0000] {logging_mixin.py:190} INFO - [2025-01-19T04:27:23.112+0000] {override.py:1911} INFO - Created Permission View: can delete on DAG Run:example_nested_branch_dag
[2025-01-19T04:27:23.156+0000] {logging_mixin.py:190} INFO - [2025-01-19T04:27:23.155+0000] {override.py:1911} INFO - Created Permission View: can read on DAG Run:example_nested_branch_dag
[2025-01-19T04:27:23.158+0000] {logging_mixin.py:190} INFO - [2025-01-19T04:27:23.158+0000] {dag.py:3239} INFO - Sync 1 DAGs
[2025-01-19T04:27:23.213+0000] {logging_mixin.py:190} INFO - [2025-01-19T04:27:23.212+0000] {dag.py:3262} INFO - Creating ORM DAG for example_nested_branch_dag
[2025-01-19T04:27:23.267+0000] {logging_mixin.py:190} INFO - [2025-01-19T04:27:23.266+0000] {dag.py:4180} INFO - Setting next_dagrun for example_nested_branch_dag to 2025-01-18 00:00:00+00:00, run_after=2025-01-19 00:00:00+00:00
[2025-01-19T04:27:23.442+0000] {processor.py:208} INFO - Processing /home/airflow/.local/lib/python3.12/site-packages/airflow/example_dags/example_nested_branch_dag.py took 1.497 seconds
[2025-01-19T04:28:24.151+0000] {processor.py:186} INFO - Started process (PID=130) to work on /home/airflow/.local/lib/python3.12/site-packages/airflow/example_dags/example_nested_branch_dag.py
[2025-01-19T04:28:24.153+0000] {processor.py:914} INFO - Processing file /home/airflow/.local/lib/python3.12/site-packages/airflow/example_dags/example_nested_branch_dag.py for tasks to queue
[2025-01-19T04:28:24.158+0000] {logging_mixin.py:190} INFO - [2025-01-19T04:28:24.158+0000] {dagbag.py:588} INFO - Filling up the DagBag from /home/airflow/.local/lib/python3.12/site-packages/airflow/example_dags/example_nested_branch_dag.py
[2025-01-19T04:28:24.200+0000] {processor.py:925} INFO - DAG(s) 'example_nested_branch_dag' retrieved from /home/airflow/.local/lib/python3.12/site-packages/airflow/example_dags/example_nested_branch_dag.py
[2025-01-19T04:28:24.264+0000] {logging_mixin.py:190} INFO - [2025-01-19T04:28:24.263+0000] {dag.py:3239} INFO - Sync 1 DAGs
[2025-01-19T04:28:24.327+0000] {logging_mixin.py:190} INFO - [2025-01-19T04:28:24.326+0000] {dag.py:4180} INFO - Setting next_dagrun for example_nested_branch_dag to 2025-01-18 00:00:00+00:00, run_after=2025-01-19 00:00:00+00:00
[2025-01-19T04:28:24.372+0000] {processor.py:208} INFO - Processing /home/airflow/.local/lib/python3.12/site-packages/airflow/example_dags/example_nested_branch_dag.py took 0.243 seconds
[2025-01-19T04:28:54.473+0000] {processor.py:186} INFO - Started process (PID=193) to work on /home/airflow/.local/lib/python3.12/site-packages/airflow/example_dags/example_nested_branch_dag.py
[2025-01-19T04:28:54.475+0000] {processor.py:914} INFO - Processing file /home/airflow/.local/lib/python3.12/site-packages/airflow/example_dags/example_nested_branch_dag.py for tasks to queue
[2025-01-19T04:28:54.480+0000] {logging_mixin.py:190} INFO - [2025-01-19T04:28:54.479+0000] {dagbag.py:588} INFO - Filling up the DagBag from /home/airflow/.local/lib/python3.12/site-packages/airflow/example_dags/example_nested_branch_dag.py
[2025-01-19T04:28:54.511+0000] {processor.py:925} INFO - DAG(s) 'example_nested_branch_dag' retrieved from /home/airflow/.local/lib/python3.12/site-packages/airflow/example_dags/example_nested_branch_dag.py
[2025-01-19T04:28:54.564+0000] {logging_mixin.py:190} INFO - [2025-01-19T04:28:54.563+0000] {dag.py:3239} INFO - Sync 1 DAGs
[2025-01-19T04:28:54.622+0000] {logging_mixin.py:190} INFO - [2025-01-19T04:28:54.622+0000] {dag.py:4180} INFO - Setting next_dagrun for example_nested_branch_dag to 2025-01-18 00:00:00+00:00, run_after=2025-01-19 00:00:00+00:00
[2025-01-19T04:28:54.667+0000] {processor.py:208} INFO - Processing /home/airflow/.local/lib/python3.12/site-packages/airflow/example_dags/example_nested_branch_dag.py took 0.208 seconds
[2025-01-19T04:29:25.086+0000] {processor.py:186} INFO - Started process (PID=255) to work on /home/airflow/.local/lib/python3.12/site-packages/airflow/example_dags/example_nested_branch_dag.py
[2025-01-19T04:29:25.089+0000] {processor.py:914} INFO - Processing file /home/airflow/.local/lib/python3.12/site-packages/airflow/example_dags/example_nested_branch_dag.py for tasks to queue
[2025-01-19T04:29:25.096+0000] {logging_mixin.py:190} INFO - [2025-01-19T04:29:25.095+0000] {dagbag.py:588} INFO - Filling up the DagBag from /home/airflow/.local/lib/python3.12/site-packages/airflow/example_dags/example_nested_branch_dag.py
[2025-01-19T04:29:25.130+0000] {processor.py:925} INFO - DAG(s) 'example_nested_branch_dag' retrieved from /home/airflow/.local/lib/python3.12/site-packages/airflow/example_dags/example_nested_branch_dag.py
[2025-01-19T04:29:25.233+0000] {logging_mixin.py:190} INFO - [2025-01-19T04:29:25.232+0000] {dag.py:3239} INFO - Sync 1 DAGs
[2025-01-19T04:29:25.362+0000] {logging_mixin.py:190} INFO - [2025-01-19T04:29:25.361+0000] {dag.py:4180} INFO - Setting next_dagrun for example_nested_branch_dag to 2025-01-18 00:00:00+00:00, run_after=2025-01-19 00:00:00+00:00
[2025-01-19T04:29:25.434+0000] {processor.py:208} INFO - Processing /home/airflow/.local/lib/python3.12/site-packages/airflow/example_dags/example_nested_branch_dag.py took 0.365 seconds
[2025-01-19T04:30:05.537+0000] {processor.py:186} INFO - Started process (PID=296) to work on /home/airflow/.local/lib/python3.12/site-packages/airflow/example_dags/example_nested_branch_dag.py
[2025-01-19T04:30:05.540+0000] {processor.py:914} INFO - Processing file /home/airflow/.local/lib/python3.12/site-packages/airflow/example_dags/example_nested_branch_dag.py for tasks to queue
[2025-01-19T04:30:05.556+0000] {logging_mixin.py:190} INFO - [2025-01-19T04:30:05.550+0000] {dagbag.py:588} INFO - Filling up the DagBag from /home/airflow/.local/lib/python3.12/site-packages/airflow/example_dags/example_nested_branch_dag.py
[2025-01-19T04:30:05.596+0000] {processor.py:925} INFO - DAG(s) 'example_nested_branch_dag' retrieved from /home/airflow/.local/lib/python3.12/site-packages/airflow/example_dags/example_nested_branch_dag.py
[2025-01-19T04:30:05.661+0000] {logging_mixin.py:190} INFO - [2025-01-19T04:30:05.661+0000] {dag.py:3239} INFO - Sync 1 DAGs
[2025-01-19T04:30:05.738+0000] {logging_mixin.py:190} INFO - [2025-01-19T04:30:05.737+0000] {dag.py:4180} INFO - Setting next_dagrun for example_nested_branch_dag to 2025-01-18 00:00:00+00:00, run_after=2025-01-19 00:00:00+00:00
[2025-01-19T04:30:05.820+0000] {processor.py:208} INFO - Processing /home/airflow/.local/lib/python3.12/site-packages/airflow/example_dags/example_nested_branch_dag.py took 0.301 seconds
[2025-01-19T04:30:39.287+0000] {processor.py:186} INFO - Started process (PID=355) to work on /home/airflow/.local/lib/python3.12/site-packages/airflow/example_dags/example_nested_branch_dag.py
[2025-01-19T04:30:39.290+0000] {processor.py:914} INFO - Processing file /home/airflow/.local/lib/python3.12/site-packages/airflow/example_dags/example_nested_branch_dag.py for tasks to queue
[2025-01-19T04:30:39.294+0000] {logging_mixin.py:190} INFO - [2025-01-19T04:30:39.293+0000] {dagbag.py:588} INFO - Filling up the DagBag from /home/airflow/.local/lib/python3.12/site-packages/airflow/example_dags/example_nested_branch_dag.py
[2025-01-19T04:30:39.318+0000] {processor.py:925} INFO - DAG(s) 'example_nested_branch_dag' retrieved from /home/airflow/.local/lib/python3.12/site-packages/airflow/example_dags/example_nested_branch_dag.py
[2025-01-19T04:30:39.371+0000] {logging_mixin.py:190} INFO - [2025-01-19T04:30:39.370+0000] {dag.py:3239} INFO - Sync 1 DAGs
[2025-01-19T04:30:39.462+0000] {logging_mixin.py:190} INFO - [2025-01-19T04:30:39.462+0000] {dag.py:4180} INFO - Setting next_dagrun for example_nested_branch_dag to 2025-01-18 00:00:00+00:00, run_after=2025-01-19 00:00:00+00:00
[2025-01-19T04:30:39.531+0000] {processor.py:208} INFO - Processing /home/airflow/.local/lib/python3.12/site-packages/airflow/example_dags/example_nested_branch_dag.py took 0.256 seconds
[2025-01-19T04:31:17.557+0000] {processor.py:186} INFO - Started process (PID=423) to work on /home/airflow/.local/lib/python3.12/site-packages/airflow/example_dags/example_nested_branch_dag.py
[2025-01-19T04:31:17.559+0000] {processor.py:914} INFO - Processing file /home/airflow/.local/lib/python3.12/site-packages/airflow/example_dags/example_nested_branch_dag.py for tasks to queue
[2025-01-19T04:31:17.564+0000] {logging_mixin.py:190} INFO - [2025-01-19T04:31:17.563+0000] {dagbag.py:588} INFO - Filling up the DagBag from /home/airflow/.local/lib/python3.12/site-packages/airflow/example_dags/example_nested_branch_dag.py
[2025-01-19T04:31:17.598+0000] {processor.py:925} INFO - DAG(s) 'example_nested_branch_dag' retrieved from /home/airflow/.local/lib/python3.12/site-packages/airflow/example_dags/example_nested_branch_dag.py
[2025-01-19T04:31:17.670+0000] {logging_mixin.py:190} INFO - [2025-01-19T04:31:17.670+0000] {dag.py:3239} INFO - Sync 1 DAGs
[2025-01-19T04:31:17.751+0000] {logging_mixin.py:190} INFO - [2025-01-19T04:31:17.749+0000] {dag.py:4180} INFO - Setting next_dagrun for example_nested_branch_dag to 2025-01-18 00:00:00+00:00, run_after=2025-01-19 00:00:00+00:00
[2025-01-19T04:31:17.877+0000] {processor.py:208} INFO - Processing /home/airflow/.local/lib/python3.12/site-packages/airflow/example_dags/example_nested_branch_dag.py took 0.338 seconds
[2025-01-19T04:31:53.845+0000] {processor.py:186} INFO - Started process (PID=486) to work on /home/airflow/.local/lib/python3.12/site-packages/airflow/example_dags/example_nested_branch_dag.py
[2025-01-19T04:31:53.847+0000] {processor.py:914} INFO - Processing file /home/airflow/.local/lib/python3.12/site-packages/airflow/example_dags/example_nested_branch_dag.py for tasks to queue
[2025-01-19T04:31:53.856+0000] {logging_mixin.py:190} INFO - [2025-01-19T04:31:53.855+0000] {dagbag.py:588} INFO - Filling up the DagBag from /home/airflow/.local/lib/python3.12/site-packages/airflow/example_dags/example_nested_branch_dag.py
[2025-01-19T04:31:53.897+0000] {processor.py:925} INFO - DAG(s) 'example_nested_branch_dag' retrieved from /home/airflow/.local/lib/python3.12/site-packages/airflow/example_dags/example_nested_branch_dag.py
[2025-01-19T04:31:53.966+0000] {logging_mixin.py:190} INFO - [2025-01-19T04:31:53.965+0000] {dag.py:3239} INFO - Sync 1 DAGs
[2025-01-19T04:31:54.095+0000] {logging_mixin.py:190} INFO - [2025-01-19T04:31:54.094+0000] {dag.py:4180} INFO - Setting next_dagrun for example_nested_branch_dag to 2025-01-18 00:00:00+00:00, run_after=2025-01-19 00:00:00+00:00
[2025-01-19T04:31:54.194+0000] {processor.py:208} INFO - Processing /home/airflow/.local/lib/python3.12/site-packages/airflow/example_dags/example_nested_branch_dag.py took 0.366 seconds
[2025-01-19T04:32:25.053+0000] {processor.py:186} INFO - Started process (PID=549) to work on /home/airflow/.local/lib/python3.12/site-packages/airflow/example_dags/example_nested_branch_dag.py
[2025-01-19T04:32:25.055+0000] {processor.py:914} INFO - Processing file /home/airflow/.local/lib/python3.12/site-packages/airflow/example_dags/example_nested_branch_dag.py for tasks to queue
[2025-01-19T04:32:25.061+0000] {logging_mixin.py:190} INFO - [2025-01-19T04:32:25.060+0000] {dagbag.py:588} INFO - Filling up the DagBag from /home/airflow/.local/lib/python3.12/site-packages/airflow/example_dags/example_nested_branch_dag.py
[2025-01-19T04:32:25.167+0000] {processor.py:925} INFO - DAG(s) 'example_nested_branch_dag' retrieved from /home/airflow/.local/lib/python3.12/site-packages/airflow/example_dags/example_nested_branch_dag.py
[2025-01-19T04:32:25.313+0000] {logging_mixin.py:190} INFO - [2025-01-19T04:32:25.312+0000] {dag.py:3239} INFO - Sync 1 DAGs
[2025-01-19T04:32:25.416+0000] {logging_mixin.py:190} INFO - [2025-01-19T04:32:25.415+0000] {dag.py:4180} INFO - Setting next_dagrun for example_nested_branch_dag to 2025-01-18 00:00:00+00:00, run_after=2025-01-19 00:00:00+00:00
[2025-01-19T04:32:25.526+0000] {processor.py:208} INFO - Processing /home/airflow/.local/lib/python3.12/site-packages/airflow/example_dags/example_nested_branch_dag.py took 0.487 seconds
[2025-01-19T04:32:58.921+0000] {processor.py:186} INFO - Started process (PID=612) to work on /home/airflow/.local/lib/python3.12/site-packages/airflow/example_dags/example_nested_branch_dag.py
[2025-01-19T04:32:58.923+0000] {processor.py:914} INFO - Processing file /home/airflow/.local/lib/python3.12/site-packages/airflow/example_dags/example_nested_branch_dag.py for tasks to queue
[2025-01-19T04:32:58.931+0000] {logging_mixin.py:190} INFO - [2025-01-19T04:32:58.930+0000] {dagbag.py:588} INFO - Filling up the DagBag from /home/airflow/.local/lib/python3.12/site-packages/airflow/example_dags/example_nested_branch_dag.py
[2025-01-19T04:32:58.963+0000] {processor.py:925} INFO - DAG(s) 'example_nested_branch_dag' retrieved from /home/airflow/.local/lib/python3.12/site-packages/airflow/example_dags/example_nested_branch_dag.py
[2025-01-19T04:32:59.020+0000] {logging_mixin.py:190} INFO - [2025-01-19T04:32:59.019+0000] {dag.py:3239} INFO - Sync 1 DAGs
[2025-01-19T04:32:59.083+0000] {logging_mixin.py:190} INFO - [2025-01-19T04:32:59.083+0000] {dag.py:4180} INFO - Setting next_dagrun for example_nested_branch_dag to 2025-01-18 00:00:00+00:00, run_after=2025-01-19 00:00:00+00:00
[2025-01-19T04:32:59.124+0000] {processor.py:208} INFO - Processing /home/airflow/.local/lib/python3.12/site-packages/airflow/example_dags/example_nested_branch_dag.py took 0.215 seconds
[2025-01-19T04:33:29.206+0000] {processor.py:186} INFO - Started process (PID=674) to work on /home/airflow/.local/lib/python3.12/site-packages/airflow/example_dags/example_nested_branch_dag.py
[2025-01-19T04:33:29.208+0000] {processor.py:914} INFO - Processing file /home/airflow/.local/lib/python3.12/site-packages/airflow/example_dags/example_nested_branch_dag.py for tasks to queue
[2025-01-19T04:33:29.212+0000] {logging_mixin.py:190} INFO - [2025-01-19T04:33:29.212+0000] {dagbag.py:588} INFO - Filling up the DagBag from /home/airflow/.local/lib/python3.12/site-packages/airflow/example_dags/example_nested_branch_dag.py
[2025-01-19T04:33:29.235+0000] {processor.py:925} INFO - DAG(s) 'example_nested_branch_dag' retrieved from /home/airflow/.local/lib/python3.12/site-packages/airflow/example_dags/example_nested_branch_dag.py
[2025-01-19T04:33:29.280+0000] {logging_mixin.py:190} INFO - [2025-01-19T04:33:29.279+0000] {dag.py:3239} INFO - Sync 1 DAGs
[2025-01-19T04:33:29.325+0000] {logging_mixin.py:190} INFO - [2025-01-19T04:33:29.324+0000] {dag.py:4180} INFO - Setting next_dagrun for example_nested_branch_dag to 2025-01-18 00:00:00+00:00, run_after=2025-01-19 00:00:00+00:00
[2025-01-19T04:33:29.363+0000] {processor.py:208} INFO - Processing /home/airflow/.local/lib/python3.12/site-packages/airflow/example_dags/example_nested_branch_dag.py took 0.166 seconds
[2025-01-19T04:33:59.622+0000] {processor.py:186} INFO - Started process (PID=737) to work on /home/airflow/.local/lib/python3.12/site-packages/airflow/example_dags/example_nested_branch_dag.py
[2025-01-19T04:33:59.624+0000] {processor.py:914} INFO - Processing file /home/airflow/.local/lib/python3.12/site-packages/airflow/example_dags/example_nested_branch_dag.py for tasks to queue
[2025-01-19T04:33:59.634+0000] {logging_mixin.py:190} INFO - [2025-01-19T04:33:59.633+0000] {dagbag.py:588} INFO - Filling up the DagBag from /home/airflow/.local/lib/python3.12/site-packages/airflow/example_dags/example_nested_branch_dag.py
[2025-01-19T04:33:59.663+0000] {processor.py:925} INFO - DAG(s) 'example_nested_branch_dag' retrieved from /home/airflow/.local/lib/python3.12/site-packages/airflow/example_dags/example_nested_branch_dag.py
[2025-01-19T04:33:59.711+0000] {logging_mixin.py:190} INFO - [2025-01-19T04:33:59.710+0000] {dag.py:3239} INFO - Sync 1 DAGs
[2025-01-19T04:33:59.762+0000] {logging_mixin.py:190} INFO - [2025-01-19T04:33:59.762+0000] {dag.py:4180} INFO - Setting next_dagrun for example_nested_branch_dag to 2025-01-18 00:00:00+00:00, run_after=2025-01-19 00:00:00+00:00
[2025-01-19T04:33:59.809+0000] {processor.py:208} INFO - Processing /home/airflow/.local/lib/python3.12/site-packages/airflow/example_dags/example_nested_branch_dag.py took 0.197 seconds
[2025-01-19T04:34:29.949+0000] {processor.py:186} INFO - Started process (PID=800) to work on /home/airflow/.local/lib/python3.12/site-packages/airflow/example_dags/example_nested_branch_dag.py
[2025-01-19T04:34:29.956+0000] {processor.py:914} INFO - Processing file /home/airflow/.local/lib/python3.12/site-packages/airflow/example_dags/example_nested_branch_dag.py for tasks to queue
[2025-01-19T04:34:29.978+0000] {logging_mixin.py:190} INFO - [2025-01-19T04:34:29.977+0000] {dagbag.py:588} INFO - Filling up the DagBag from /home/airflow/.local/lib/python3.12/site-packages/airflow/example_dags/example_nested_branch_dag.py
[2025-01-19T04:34:30.039+0000] {processor.py:925} INFO - DAG(s) 'example_nested_branch_dag' retrieved from /home/airflow/.local/lib/python3.12/site-packages/airflow/example_dags/example_nested_branch_dag.py
[2025-01-19T04:34:30.121+0000] {logging_mixin.py:190} INFO - [2025-01-19T04:34:30.121+0000] {dag.py:3239} INFO - Sync 1 DAGs
[2025-01-19T04:34:30.219+0000] {logging_mixin.py:190} INFO - [2025-01-19T04:34:30.219+0000] {dag.py:4180} INFO - Setting next_dagrun for example_nested_branch_dag to 2025-01-18 00:00:00+00:00, run_after=2025-01-19 00:00:00+00:00
[2025-01-19T04:34:30.307+0000] {processor.py:208} INFO - Processing /home/airflow/.local/lib/python3.12/site-packages/airflow/example_dags/example_nested_branch_dag.py took 0.383 seconds
[2025-01-19T04:35:01.718+0000] {processor.py:186} INFO - Started process (PID=863) to work on /home/airflow/.local/lib/python3.12/site-packages/airflow/example_dags/example_nested_branch_dag.py
[2025-01-19T04:35:01.720+0000] {processor.py:914} INFO - Processing file /home/airflow/.local/lib/python3.12/site-packages/airflow/example_dags/example_nested_branch_dag.py for tasks to queue
[2025-01-19T04:35:01.743+0000] {logging_mixin.py:190} INFO - [2025-01-19T04:35:01.742+0000] {dagbag.py:588} INFO - Filling up the DagBag from /home/airflow/.local/lib/python3.12/site-packages/airflow/example_dags/example_nested_branch_dag.py
[2025-01-19T04:35:01.826+0000] {processor.py:925} INFO - DAG(s) 'example_nested_branch_dag' retrieved from /home/airflow/.local/lib/python3.12/site-packages/airflow/example_dags/example_nested_branch_dag.py
[2025-01-19T04:35:01.997+0000] {logging_mixin.py:190} INFO - [2025-01-19T04:35:01.996+0000] {dag.py:3239} INFO - Sync 1 DAGs
[2025-01-19T04:35:02.215+0000] {logging_mixin.py:190} INFO - [2025-01-19T04:35:02.214+0000] {dag.py:4180} INFO - Setting next_dagrun for example_nested_branch_dag to 2025-01-18 00:00:00+00:00, run_after=2025-01-19 00:00:00+00:00
[2025-01-19T04:35:02.381+0000] {processor.py:208} INFO - Processing /home/airflow/.local/lib/python3.12/site-packages/airflow/example_dags/example_nested_branch_dag.py took 0.716 seconds
[2025-01-19T04:35:38.008+0000] {processor.py:186} INFO - Started process (PID=927) to work on /home/airflow/.local/lib/python3.12/site-packages/airflow/example_dags/example_nested_branch_dag.py
[2025-01-19T04:35:38.010+0000] {processor.py:914} INFO - Processing file /home/airflow/.local/lib/python3.12/site-packages/airflow/example_dags/example_nested_branch_dag.py for tasks to queue
[2025-01-19T04:35:38.016+0000] {logging_mixin.py:190} INFO - [2025-01-19T04:35:38.016+0000] {dagbag.py:588} INFO - Filling up the DagBag from /home/airflow/.local/lib/python3.12/site-packages/airflow/example_dags/example_nested_branch_dag.py
[2025-01-19T04:35:38.047+0000] {processor.py:925} INFO - DAG(s) 'example_nested_branch_dag' retrieved from /home/airflow/.local/lib/python3.12/site-packages/airflow/example_dags/example_nested_branch_dag.py
[2025-01-19T04:35:38.102+0000] {logging_mixin.py:190} INFO - [2025-01-19T04:35:38.102+0000] {dag.py:3239} INFO - Sync 1 DAGs
[2025-01-19T04:35:38.185+0000] {logging_mixin.py:190} INFO - [2025-01-19T04:35:38.185+0000] {dag.py:4180} INFO - Setting next_dagrun for example_nested_branch_dag to 2025-01-18 00:00:00+00:00, run_after=2025-01-19 00:00:00+00:00
[2025-01-19T04:35:38.241+0000] {processor.py:208} INFO - Processing /home/airflow/.local/lib/python3.12/site-packages/airflow/example_dags/example_nested_branch_dag.py took 0.246 seconds
[2025-01-19T04:36:08.867+0000] {processor.py:186} INFO - Started process (PID=990) to work on /home/airflow/.local/lib/python3.12/site-packages/airflow/example_dags/example_nested_branch_dag.py
[2025-01-19T04:36:08.869+0000] {processor.py:914} INFO - Processing file /home/airflow/.local/lib/python3.12/site-packages/airflow/example_dags/example_nested_branch_dag.py for tasks to queue
[2025-01-19T04:36:08.890+0000] {logging_mixin.py:190} INFO - [2025-01-19T04:36:08.890+0000] {dagbag.py:588} INFO - Filling up the DagBag from /home/airflow/.local/lib/python3.12/site-packages/airflow/example_dags/example_nested_branch_dag.py
[2025-01-19T04:36:08.942+0000] {processor.py:925} INFO - DAG(s) 'example_nested_branch_dag' retrieved from /home/airflow/.local/lib/python3.12/site-packages/airflow/example_dags/example_nested_branch_dag.py
[2025-01-19T04:36:09.034+0000] {logging_mixin.py:190} INFO - [2025-01-19T04:36:09.033+0000] {dag.py:3239} INFO - Sync 1 DAGs
[2025-01-19T04:36:09.118+0000] {logging_mixin.py:190} INFO - [2025-01-19T04:36:09.117+0000] {dag.py:4180} INFO - Setting next_dagrun for example_nested_branch_dag to 2025-01-18 00:00:00+00:00, run_after=2025-01-19 00:00:00+00:00
[2025-01-19T04:36:09.213+0000] {processor.py:208} INFO - Processing /home/airflow/.local/lib/python3.12/site-packages/airflow/example_dags/example_nested_branch_dag.py took 0.371 seconds
[2025-01-19T04:36:39.441+0000] {processor.py:186} INFO - Started process (PID=1053) to work on /home/airflow/.local/lib/python3.12/site-packages/airflow/example_dags/example_nested_branch_dag.py
[2025-01-19T04:36:39.443+0000] {processor.py:914} INFO - Processing file /home/airflow/.local/lib/python3.12/site-packages/airflow/example_dags/example_nested_branch_dag.py for tasks to queue
[2025-01-19T04:36:39.448+0000] {logging_mixin.py:190} INFO - [2025-01-19T04:36:39.448+0000] {dagbag.py:588} INFO - Filling up the DagBag from /home/airflow/.local/lib/python3.12/site-packages/airflow/example_dags/example_nested_branch_dag.py
[2025-01-19T04:36:39.475+0000] {processor.py:925} INFO - DAG(s) 'example_nested_branch_dag' retrieved from /home/airflow/.local/lib/python3.12/site-packages/airflow/example_dags/example_nested_branch_dag.py
[2025-01-19T04:36:39.513+0000] {logging_mixin.py:190} INFO - [2025-01-19T04:36:39.513+0000] {dag.py:3239} INFO - Sync 1 DAGs
[2025-01-19T04:36:39.597+0000] {logging_mixin.py:190} INFO - [2025-01-19T04:36:39.597+0000] {dag.py:4180} INFO - Setting next_dagrun for example_nested_branch_dag to 2025-01-18 00:00:00+00:00, run_after=2025-01-19 00:00:00+00:00
[2025-01-19T04:36:39.721+0000] {processor.py:208} INFO - Processing /home/airflow/.local/lib/python3.12/site-packages/airflow/example_dags/example_nested_branch_dag.py took 0.294 seconds
[2025-01-19T04:41:04.792+0000] {processor.py:186} INFO - Started process (PID=1071) to work on /home/airflow/.local/lib/python3.12/site-packages/airflow/example_dags/example_nested_branch_dag.py
[2025-01-19T04:41:04.796+0000] {processor.py:914} INFO - Processing file /home/airflow/.local/lib/python3.12/site-packages/airflow/example_dags/example_nested_branch_dag.py for tasks to queue
[2025-01-19T04:41:04.800+0000] {logging_mixin.py:190} INFO - [2025-01-19T04:41:04.799+0000] {dagbag.py:588} INFO - Filling up the DagBag from /home/airflow/.local/lib/python3.12/site-packages/airflow/example_dags/example_nested_branch_dag.py
[2025-01-19T04:41:04.854+0000] {processor.py:925} INFO - DAG(s) 'example_nested_branch_dag' retrieved from /home/airflow/.local/lib/python3.12/site-packages/airflow/example_dags/example_nested_branch_dag.py
[2025-01-19T04:41:04.931+0000] {logging_mixin.py:190} INFO - [2025-01-19T04:41:04.930+0000] {dag.py:3239} INFO - Sync 1 DAGs
[2025-01-19T04:41:05.138+0000] {logging_mixin.py:190} INFO - [2025-01-19T04:41:05.120+0000] {dag.py:4180} INFO - Setting next_dagrun for example_nested_branch_dag to 2025-01-18 00:00:00+00:00, run_after=2025-01-19 00:00:00+00:00
[2025-01-19T04:41:05.272+0000] {processor.py:208} INFO - Processing /home/airflow/.local/lib/python3.12/site-packages/airflow/example_dags/example_nested_branch_dag.py took 0.500 seconds
[2025-01-19T04:41:42.391+0000] {processor.py:186} INFO - Started process (PID=1130) to work on /home/airflow/.local/lib/python3.12/site-packages/airflow/example_dags/example_nested_branch_dag.py
[2025-01-19T04:41:42.394+0000] {processor.py:914} INFO - Processing file /home/airflow/.local/lib/python3.12/site-packages/airflow/example_dags/example_nested_branch_dag.py for tasks to queue
[2025-01-19T04:41:42.398+0000] {logging_mixin.py:190} INFO - [2025-01-19T04:41:42.397+0000] {dagbag.py:588} INFO - Filling up the DagBag from /home/airflow/.local/lib/python3.12/site-packages/airflow/example_dags/example_nested_branch_dag.py
[2025-01-19T04:41:42.440+0000] {processor.py:925} INFO - DAG(s) 'example_nested_branch_dag' retrieved from /home/airflow/.local/lib/python3.12/site-packages/airflow/example_dags/example_nested_branch_dag.py
[2025-01-19T04:41:42.529+0000] {logging_mixin.py:190} INFO - [2025-01-19T04:41:42.528+0000] {dag.py:3239} INFO - Sync 1 DAGs
[2025-01-19T04:41:42.644+0000] {logging_mixin.py:190} INFO - [2025-01-19T04:41:42.643+0000] {dag.py:4180} INFO - Setting next_dagrun for example_nested_branch_dag to 2025-01-18 00:00:00+00:00, run_after=2025-01-19 00:00:00+00:00
[2025-01-19T04:41:42.700+0000] {processor.py:208} INFO - Processing /home/airflow/.local/lib/python3.12/site-packages/airflow/example_dags/example_nested_branch_dag.py took 0.333 seconds
