[2025-01-19T04:13:08.549+0000] {processor.py:186} INFO - Started process (PID=472) to work on /home/airflow/.local/lib/python3.12/site-packages/airflow/example_dags/example_dataset_alias_with_no_taskflow.py
[2025-01-19T04:13:08.554+0000] {processor.py:914} INFO - Processing file /home/airflow/.local/lib/python3.12/site-packages/airflow/example_dags/example_dataset_alias_with_no_taskflow.py for tasks to queue
[2025-01-19T04:13:08.583+0000] {logging_mixin.py:190} INFO - [2025-01-19T04:13:08.576+0000] {dagbag.py:588} INFO - Filling up the DagBag from /home/airflow/.local/lib/python3.12/site-packages/airflow/example_dags/example_dataset_alias_with_no_taskflow.py
[2025-01-19T04:13:13.376+0000] {processor.py:925} INFO - DAG(s) 'dataset_s3_bucket_consumer_with_no_taskflow', 'dataset_alias_example_alias_producer_with_no_taskflow', 'dataset_alias_example_alias_consumer_with_no_taskflow', 'dataset_s3_bucket_producer_with_no_taskflow' retrieved from /home/airflow/.local/lib/python3.12/site-packages/airflow/example_dags/example_dataset_alias_with_no_taskflow.py
[2025-01-19T04:13:13.444+0000] {logging_mixin.py:190} INFO - [2025-01-19T04:13:13.442+0000] {dag.py:3239} INFO - Sync 4 DAGs
[2025-01-19T04:13:13.619+0000] {logging_mixin.py:190} INFO - [2025-01-19T04:13:13.619+0000] {dag.py:4180} INFO - Setting next_dagrun for dataset_alias_example_alias_consumer_with_no_taskflow to None, run_after=None
[2025-01-19T04:13:13.642+0000] {logging_mixin.py:190} INFO - [2025-01-19T04:13:13.642+0000] {dag.py:4180} INFO - Setting next_dagrun for dataset_alias_example_alias_producer_with_no_taskflow to None, run_after=None
[2025-01-19T04:13:13.676+0000] {logging_mixin.py:190} INFO - [2025-01-19T04:13:13.675+0000] {dag.py:4180} INFO - Setting next_dagrun for dataset_s3_bucket_consumer_with_no_taskflow to None, run_after=None
[2025-01-19T04:13:13.694+0000] {logging_mixin.py:190} INFO - [2025-01-19T04:13:13.692+0000] {dag.py:4180} INFO - Setting next_dagrun for dataset_s3_bucket_producer_with_no_taskflow to None, run_after=None
[2025-01-19T04:13:13.877+0000] {processor.py:208} INFO - Processing /home/airflow/.local/lib/python3.12/site-packages/airflow/example_dags/example_dataset_alias_with_no_taskflow.py took 5.404 seconds
[2025-01-19T04:13:44.086+0000] {processor.py:186} INFO - Started process (PID=536) to work on /home/airflow/.local/lib/python3.12/site-packages/airflow/example_dags/example_dataset_alias_with_no_taskflow.py
[2025-01-19T04:13:44.088+0000] {processor.py:914} INFO - Processing file /home/airflow/.local/lib/python3.12/site-packages/airflow/example_dags/example_dataset_alias_with_no_taskflow.py for tasks to queue
[2025-01-19T04:13:44.095+0000] {logging_mixin.py:190} INFO - [2025-01-19T04:13:44.094+0000] {dagbag.py:588} INFO - Filling up the DagBag from /home/airflow/.local/lib/python3.12/site-packages/airflow/example_dags/example_dataset_alias_with_no_taskflow.py
[2025-01-19T04:13:45.067+0000] {processor.py:925} INFO - DAG(s) 'dataset_s3_bucket_consumer_with_no_taskflow', 'dataset_s3_bucket_producer_with_no_taskflow', 'dataset_alias_example_alias_producer_with_no_taskflow', 'dataset_alias_example_alias_consumer_with_no_taskflow' retrieved from /home/airflow/.local/lib/python3.12/site-packages/airflow/example_dags/example_dataset_alias_with_no_taskflow.py
[2025-01-19T04:13:45.148+0000] {logging_mixin.py:190} INFO - [2025-01-19T04:13:45.147+0000] {dag.py:3239} INFO - Sync 4 DAGs
[2025-01-19T04:13:45.271+0000] {logging_mixin.py:190} INFO - [2025-01-19T04:13:45.268+0000] {dag.py:4180} INFO - Setting next_dagrun for dataset_alias_example_alias_consumer_with_no_taskflow to None, run_after=None
[2025-01-19T04:13:45.283+0000] {logging_mixin.py:190} INFO - [2025-01-19T04:13:45.283+0000] {dag.py:4180} INFO - Setting next_dagrun for dataset_alias_example_alias_producer_with_no_taskflow to None, run_after=None
[2025-01-19T04:13:45.289+0000] {logging_mixin.py:190} INFO - [2025-01-19T04:13:45.288+0000] {dag.py:4180} INFO - Setting next_dagrun for dataset_s3_bucket_consumer_with_no_taskflow to None, run_after=None
[2025-01-19T04:13:45.300+0000] {logging_mixin.py:190} INFO - [2025-01-19T04:13:45.299+0000] {dag.py:4180} INFO - Setting next_dagrun for dataset_s3_bucket_producer_with_no_taskflow to None, run_after=None
[2025-01-19T04:13:45.426+0000] {processor.py:208} INFO - Processing /home/airflow/.local/lib/python3.12/site-packages/airflow/example_dags/example_dataset_alias_with_no_taskflow.py took 2.879 seconds
[2025-01-19T04:14:15.609+0000] {processor.py:186} INFO - Started process (PID=599) to work on /home/airflow/.local/lib/python3.12/site-packages/airflow/example_dags/example_dataset_alias_with_no_taskflow.py
[2025-01-19T04:14:15.611+0000] {processor.py:914} INFO - Processing file /home/airflow/.local/lib/python3.12/site-packages/airflow/example_dags/example_dataset_alias_with_no_taskflow.py for tasks to queue
[2025-01-19T04:14:15.615+0000] {logging_mixin.py:190} INFO - [2025-01-19T04:14:15.615+0000] {dagbag.py:588} INFO - Filling up the DagBag from /home/airflow/.local/lib/python3.12/site-packages/airflow/example_dags/example_dataset_alias_with_no_taskflow.py
[2025-01-19T04:14:18.353+0000] {processor.py:925} INFO - DAG(s) 'dataset_s3_bucket_producer_with_no_taskflow', 'dataset_s3_bucket_consumer_with_no_taskflow', 'dataset_alias_example_alias_producer_with_no_taskflow', 'dataset_alias_example_alias_consumer_with_no_taskflow' retrieved from /home/airflow/.local/lib/python3.12/site-packages/airflow/example_dags/example_dataset_alias_with_no_taskflow.py
[2025-01-19T04:14:18.430+0000] {logging_mixin.py:190} INFO - [2025-01-19T04:14:18.429+0000] {dag.py:3239} INFO - Sync 4 DAGs
[2025-01-19T04:14:18.486+0000] {logging_mixin.py:190} INFO - [2025-01-19T04:14:18.485+0000] {dag.py:4180} INFO - Setting next_dagrun for dataset_alias_example_alias_consumer_with_no_taskflow to None, run_after=None
[2025-01-19T04:14:18.493+0000] {logging_mixin.py:190} INFO - [2025-01-19T04:14:18.493+0000] {dag.py:4180} INFO - Setting next_dagrun for dataset_alias_example_alias_producer_with_no_taskflow to None, run_after=None
[2025-01-19T04:14:18.502+0000] {logging_mixin.py:190} INFO - [2025-01-19T04:14:18.502+0000] {dag.py:4180} INFO - Setting next_dagrun for dataset_s3_bucket_consumer_with_no_taskflow to None, run_after=None
[2025-01-19T04:14:18.507+0000] {logging_mixin.py:190} INFO - [2025-01-19T04:14:18.507+0000] {dag.py:4180} INFO - Setting next_dagrun for dataset_s3_bucket_producer_with_no_taskflow to None, run_after=None
[2025-01-19T04:14:18.583+0000] {processor.py:208} INFO - Processing /home/airflow/.local/lib/python3.12/site-packages/airflow/example_dags/example_dataset_alias_with_no_taskflow.py took 2.987 seconds
[2025-01-19T04:15:20.732+0000] {processor.py:186} INFO - Started process (PID=646) to work on /home/airflow/.local/lib/python3.12/site-packages/airflow/example_dags/example_dataset_alias_with_no_taskflow.py
[2025-01-19T04:15:20.734+0000] {processor.py:914} INFO - Processing file /home/airflow/.local/lib/python3.12/site-packages/airflow/example_dags/example_dataset_alias_with_no_taskflow.py for tasks to queue
[2025-01-19T04:15:20.740+0000] {logging_mixin.py:190} INFO - [2025-01-19T04:15:20.739+0000] {dagbag.py:588} INFO - Filling up the DagBag from /home/airflow/.local/lib/python3.12/site-packages/airflow/example_dags/example_dataset_alias_with_no_taskflow.py
[2025-01-19T04:15:23.211+0000] {processor.py:925} INFO - DAG(s) 'dataset_s3_bucket_producer_with_no_taskflow', 'dataset_s3_bucket_consumer_with_no_taskflow', 'dataset_alias_example_alias_producer_with_no_taskflow', 'dataset_alias_example_alias_consumer_with_no_taskflow' retrieved from /home/airflow/.local/lib/python3.12/site-packages/airflow/example_dags/example_dataset_alias_with_no_taskflow.py
[2025-01-19T04:15:23.310+0000] {logging_mixin.py:190} INFO - [2025-01-19T04:15:23.306+0000] {dag.py:3239} INFO - Sync 4 DAGs
[2025-01-19T04:15:23.406+0000] {logging_mixin.py:190} INFO - [2025-01-19T04:15:23.405+0000] {dag.py:4180} INFO - Setting next_dagrun for dataset_alias_example_alias_consumer_with_no_taskflow to None, run_after=None
[2025-01-19T04:15:23.424+0000] {logging_mixin.py:190} INFO - [2025-01-19T04:15:23.423+0000] {dag.py:4180} INFO - Setting next_dagrun for dataset_alias_example_alias_producer_with_no_taskflow to None, run_after=None
[2025-01-19T04:15:23.438+0000] {logging_mixin.py:190} INFO - [2025-01-19T04:15:23.438+0000] {dag.py:4180} INFO - Setting next_dagrun for dataset_s3_bucket_consumer_with_no_taskflow to None, run_after=None
[2025-01-19T04:15:23.443+0000] {logging_mixin.py:190} INFO - [2025-01-19T04:15:23.442+0000] {dag.py:4180} INFO - Setting next_dagrun for dataset_s3_bucket_producer_with_no_taskflow to None, run_after=None
[2025-01-19T04:15:23.531+0000] {processor.py:208} INFO - Processing /home/airflow/.local/lib/python3.12/site-packages/airflow/example_dags/example_dataset_alias_with_no_taskflow.py took 2.812 seconds
[2025-01-19T04:18:26.151+0000] {processor.py:186} INFO - Started process (PID=703) to work on /home/airflow/.local/lib/python3.12/site-packages/airflow/example_dags/example_dataset_alias_with_no_taskflow.py
[2025-01-19T04:18:26.154+0000] {processor.py:914} INFO - Processing file /home/airflow/.local/lib/python3.12/site-packages/airflow/example_dags/example_dataset_alias_with_no_taskflow.py for tasks to queue
[2025-01-19T04:18:26.168+0000] {logging_mixin.py:190} INFO - [2025-01-19T04:18:26.167+0000] {dagbag.py:588} INFO - Filling up the DagBag from /home/airflow/.local/lib/python3.12/site-packages/airflow/example_dags/example_dataset_alias_with_no_taskflow.py
[2025-01-19T04:18:33.200+0000] {processor.py:925} INFO - DAG(s) 'dataset_alias_example_alias_producer_with_no_taskflow', 'dataset_s3_bucket_producer_with_no_taskflow', 'dataset_alias_example_alias_consumer_with_no_taskflow', 'dataset_s3_bucket_consumer_with_no_taskflow' retrieved from /home/airflow/.local/lib/python3.12/site-packages/airflow/example_dags/example_dataset_alias_with_no_taskflow.py
[2025-01-19T04:18:33.328+0000] {logging_mixin.py:190} INFO - [2025-01-19T04:18:33.325+0000] {dag.py:3239} INFO - Sync 4 DAGs
[2025-01-19T04:18:33.508+0000] {logging_mixin.py:190} INFO - [2025-01-19T04:18:33.507+0000] {dag.py:4180} INFO - Setting next_dagrun for dataset_alias_example_alias_consumer_with_no_taskflow to None, run_after=None
[2025-01-19T04:18:33.555+0000] {logging_mixin.py:190} INFO - [2025-01-19T04:18:33.554+0000] {dag.py:4180} INFO - Setting next_dagrun for dataset_alias_example_alias_producer_with_no_taskflow to None, run_after=None
[2025-01-19T04:18:33.577+0000] {logging_mixin.py:190} INFO - [2025-01-19T04:18:33.577+0000] {dag.py:4180} INFO - Setting next_dagrun for dataset_s3_bucket_consumer_with_no_taskflow to None, run_after=None
[2025-01-19T04:18:33.595+0000] {logging_mixin.py:190} INFO - [2025-01-19T04:18:33.595+0000] {dag.py:4180} INFO - Setting next_dagrun for dataset_s3_bucket_producer_with_no_taskflow to None, run_after=None
[2025-01-19T04:18:33.797+0000] {processor.py:208} INFO - Processing /home/airflow/.local/lib/python3.12/site-packages/airflow/example_dags/example_dataset_alias_with_no_taskflow.py took 7.681 seconds
[2025-01-19T04:19:04.207+0000] {processor.py:186} INFO - Started process (PID=766) to work on /home/airflow/.local/lib/python3.12/site-packages/airflow/example_dags/example_dataset_alias_with_no_taskflow.py
[2025-01-19T04:19:04.215+0000] {processor.py:914} INFO - Processing file /home/airflow/.local/lib/python3.12/site-packages/airflow/example_dags/example_dataset_alias_with_no_taskflow.py for tasks to queue
[2025-01-19T04:19:04.233+0000] {logging_mixin.py:190} INFO - [2025-01-19T04:19:04.231+0000] {dagbag.py:588} INFO - Filling up the DagBag from /home/airflow/.local/lib/python3.12/site-packages/airflow/example_dags/example_dataset_alias_with_no_taskflow.py
[2025-01-19T04:19:06.859+0000] {processor.py:925} INFO - DAG(s) 'dataset_alias_example_alias_producer_with_no_taskflow', 'dataset_alias_example_alias_consumer_with_no_taskflow', 'dataset_s3_bucket_consumer_with_no_taskflow', 'dataset_s3_bucket_producer_with_no_taskflow' retrieved from /home/airflow/.local/lib/python3.12/site-packages/airflow/example_dags/example_dataset_alias_with_no_taskflow.py
[2025-01-19T04:19:06.970+0000] {logging_mixin.py:190} INFO - [2025-01-19T04:19:06.968+0000] {dag.py:3239} INFO - Sync 4 DAGs
[2025-01-19T04:19:07.054+0000] {logging_mixin.py:190} INFO - [2025-01-19T04:19:07.053+0000] {dag.py:4180} INFO - Setting next_dagrun for dataset_alias_example_alias_consumer_with_no_taskflow to None, run_after=None
[2025-01-19T04:19:07.066+0000] {logging_mixin.py:190} INFO - [2025-01-19T04:19:07.065+0000] {dag.py:4180} INFO - Setting next_dagrun for dataset_alias_example_alias_producer_with_no_taskflow to None, run_after=None
[2025-01-19T04:19:07.083+0000] {logging_mixin.py:190} INFO - [2025-01-19T04:19:07.083+0000] {dag.py:4180} INFO - Setting next_dagrun for dataset_s3_bucket_consumer_with_no_taskflow to None, run_after=None
[2025-01-19T04:19:07.092+0000] {logging_mixin.py:190} INFO - [2025-01-19T04:19:07.092+0000] {dag.py:4180} INFO - Setting next_dagrun for dataset_s3_bucket_producer_with_no_taskflow to None, run_after=None
[2025-01-19T04:19:07.177+0000] {processor.py:208} INFO - Processing /home/airflow/.local/lib/python3.12/site-packages/airflow/example_dags/example_dataset_alias_with_no_taskflow.py took 4.479 seconds
[2025-01-19T04:19:37.879+0000] {processor.py:186} INFO - Started process (PID=838) to work on /home/airflow/.local/lib/python3.12/site-packages/airflow/example_dags/example_dataset_alias_with_no_taskflow.py
[2025-01-19T04:19:37.882+0000] {processor.py:914} INFO - Processing file /home/airflow/.local/lib/python3.12/site-packages/airflow/example_dags/example_dataset_alias_with_no_taskflow.py for tasks to queue
[2025-01-19T04:19:37.894+0000] {logging_mixin.py:190} INFO - [2025-01-19T04:19:37.894+0000] {dagbag.py:588} INFO - Filling up the DagBag from /home/airflow/.local/lib/python3.12/site-packages/airflow/example_dags/example_dataset_alias_with_no_taskflow.py
[2025-01-19T04:19:42.136+0000] {processor.py:925} INFO - DAG(s) 'dataset_s3_bucket_producer_with_no_taskflow', 'dataset_alias_example_alias_producer_with_no_taskflow', 'dataset_alias_example_alias_consumer_with_no_taskflow', 'dataset_s3_bucket_consumer_with_no_taskflow' retrieved from /home/airflow/.local/lib/python3.12/site-packages/airflow/example_dags/example_dataset_alias_with_no_taskflow.py
[2025-01-19T04:19:42.205+0000] {logging_mixin.py:190} INFO - [2025-01-19T04:19:42.204+0000] {dag.py:3239} INFO - Sync 4 DAGs
[2025-01-19T04:19:42.348+0000] {logging_mixin.py:190} INFO - [2025-01-19T04:19:42.344+0000] {dag.py:4180} INFO - Setting next_dagrun for dataset_alias_example_alias_consumer_with_no_taskflow to None, run_after=None
[2025-01-19T04:19:42.378+0000] {logging_mixin.py:190} INFO - [2025-01-19T04:19:42.370+0000] {dag.py:4180} INFO - Setting next_dagrun for dataset_alias_example_alias_producer_with_no_taskflow to None, run_after=None
[2025-01-19T04:19:42.409+0000] {logging_mixin.py:190} INFO - [2025-01-19T04:19:42.409+0000] {dag.py:4180} INFO - Setting next_dagrun for dataset_s3_bucket_consumer_with_no_taskflow to None, run_after=None
[2025-01-19T04:19:42.414+0000] {logging_mixin.py:190} INFO - [2025-01-19T04:19:42.413+0000] {dag.py:4180} INFO - Setting next_dagrun for dataset_s3_bucket_producer_with_no_taskflow to None, run_after=None
[2025-01-19T04:19:42.526+0000] {processor.py:208} INFO - Processing /home/airflow/.local/lib/python3.12/site-packages/airflow/example_dags/example_dataset_alias_with_no_taskflow.py took 4.681 seconds
[2025-01-19T04:20:13.025+0000] {processor.py:186} INFO - Started process (PID=906) to work on /home/airflow/.local/lib/python3.12/site-packages/airflow/example_dags/example_dataset_alias_with_no_taskflow.py
[2025-01-19T04:20:13.029+0000] {processor.py:914} INFO - Processing file /home/airflow/.local/lib/python3.12/site-packages/airflow/example_dags/example_dataset_alias_with_no_taskflow.py for tasks to queue
[2025-01-19T04:20:13.033+0000] {logging_mixin.py:190} INFO - [2025-01-19T04:20:13.032+0000] {dagbag.py:588} INFO - Filling up the DagBag from /home/airflow/.local/lib/python3.12/site-packages/airflow/example_dags/example_dataset_alias_with_no_taskflow.py
[2025-01-19T04:20:16.049+0000] {processor.py:925} INFO - DAG(s) 'dataset_s3_bucket_producer_with_no_taskflow', 'dataset_s3_bucket_consumer_with_no_taskflow', 'dataset_alias_example_alias_producer_with_no_taskflow', 'dataset_alias_example_alias_consumer_with_no_taskflow' retrieved from /home/airflow/.local/lib/python3.12/site-packages/airflow/example_dags/example_dataset_alias_with_no_taskflow.py
[2025-01-19T04:20:16.116+0000] {logging_mixin.py:190} INFO - [2025-01-19T04:20:16.115+0000] {dag.py:3239} INFO - Sync 4 DAGs
[2025-01-19T04:20:16.182+0000] {logging_mixin.py:190} INFO - [2025-01-19T04:20:16.181+0000] {dag.py:4180} INFO - Setting next_dagrun for dataset_alias_example_alias_consumer_with_no_taskflow to None, run_after=None
[2025-01-19T04:20:16.190+0000] {logging_mixin.py:190} INFO - [2025-01-19T04:20:16.189+0000] {dag.py:4180} INFO - Setting next_dagrun for dataset_alias_example_alias_producer_with_no_taskflow to None, run_after=None
[2025-01-19T04:20:16.194+0000] {logging_mixin.py:190} INFO - [2025-01-19T04:20:16.194+0000] {dag.py:4180} INFO - Setting next_dagrun for dataset_s3_bucket_consumer_with_no_taskflow to None, run_after=None
[2025-01-19T04:20:16.201+0000] {logging_mixin.py:190} INFO - [2025-01-19T04:20:16.201+0000] {dag.py:4180} INFO - Setting next_dagrun for dataset_s3_bucket_producer_with_no_taskflow to None, run_after=None
[2025-01-19T04:20:16.262+0000] {processor.py:208} INFO - Processing /home/airflow/.local/lib/python3.12/site-packages/airflow/example_dags/example_dataset_alias_with_no_taskflow.py took 3.270 seconds
[2025-01-19T04:20:47.173+0000] {processor.py:186} INFO - Started process (PID=974) to work on /home/airflow/.local/lib/python3.12/site-packages/airflow/example_dags/example_dataset_alias_with_no_taskflow.py
[2025-01-19T04:20:47.178+0000] {processor.py:914} INFO - Processing file /home/airflow/.local/lib/python3.12/site-packages/airflow/example_dags/example_dataset_alias_with_no_taskflow.py for tasks to queue
[2025-01-19T04:20:47.186+0000] {logging_mixin.py:190} INFO - [2025-01-19T04:20:47.186+0000] {dagbag.py:588} INFO - Filling up the DagBag from /home/airflow/.local/lib/python3.12/site-packages/airflow/example_dags/example_dataset_alias_with_no_taskflow.py
[2025-01-19T04:20:52.525+0000] {processor.py:925} INFO - DAG(s) 'dataset_s3_bucket_producer_with_no_taskflow', 'dataset_alias_example_alias_consumer_with_no_taskflow', 'dataset_s3_bucket_consumer_with_no_taskflow', 'dataset_alias_example_alias_producer_with_no_taskflow' retrieved from /home/airflow/.local/lib/python3.12/site-packages/airflow/example_dags/example_dataset_alias_with_no_taskflow.py
[2025-01-19T04:20:52.645+0000] {logging_mixin.py:190} INFO - [2025-01-19T04:20:52.643+0000] {dag.py:3239} INFO - Sync 4 DAGs
[2025-01-19T04:20:52.765+0000] {logging_mixin.py:190} INFO - [2025-01-19T04:20:52.765+0000] {dag.py:4180} INFO - Setting next_dagrun for dataset_alias_example_alias_consumer_with_no_taskflow to None, run_after=None
[2025-01-19T04:20:52.779+0000] {logging_mixin.py:190} INFO - [2025-01-19T04:20:52.779+0000] {dag.py:4180} INFO - Setting next_dagrun for dataset_alias_example_alias_producer_with_no_taskflow to None, run_after=None
[2025-01-19T04:20:52.791+0000] {logging_mixin.py:190} INFO - [2025-01-19T04:20:52.784+0000] {dag.py:4180} INFO - Setting next_dagrun for dataset_s3_bucket_consumer_with_no_taskflow to None, run_after=None
[2025-01-19T04:20:52.798+0000] {logging_mixin.py:190} INFO - [2025-01-19T04:20:52.797+0000] {dag.py:4180} INFO - Setting next_dagrun for dataset_s3_bucket_producer_with_no_taskflow to None, run_after=None
[2025-01-19T04:20:52.918+0000] {processor.py:208} INFO - Processing /home/airflow/.local/lib/python3.12/site-packages/airflow/example_dags/example_dataset_alias_with_no_taskflow.py took 5.761 seconds
[2025-01-19T04:21:27.549+0000] {processor.py:186} INFO - Started process (PID=1025) to work on /home/airflow/.local/lib/python3.12/site-packages/airflow/example_dags/example_dataset_alias_with_no_taskflow.py
[2025-01-19T04:21:27.551+0000] {processor.py:914} INFO - Processing file /home/airflow/.local/lib/python3.12/site-packages/airflow/example_dags/example_dataset_alias_with_no_taskflow.py for tasks to queue
[2025-01-19T04:21:27.555+0000] {logging_mixin.py:190} INFO - [2025-01-19T04:21:27.554+0000] {dagbag.py:588} INFO - Filling up the DagBag from /home/airflow/.local/lib/python3.12/site-packages/airflow/example_dags/example_dataset_alias_with_no_taskflow.py
[2025-01-19T04:21:28.146+0000] {processor.py:925} INFO - DAG(s) 'dataset_s3_bucket_producer_with_no_taskflow', 'dataset_alias_example_alias_producer_with_no_taskflow', 'dataset_s3_bucket_consumer_with_no_taskflow', 'dataset_alias_example_alias_consumer_with_no_taskflow' retrieved from /home/airflow/.local/lib/python3.12/site-packages/airflow/example_dags/example_dataset_alias_with_no_taskflow.py
[2025-01-19T04:21:28.219+0000] {logging_mixin.py:190} INFO - [2025-01-19T04:21:28.218+0000] {dag.py:3239} INFO - Sync 4 DAGs
[2025-01-19T04:21:28.309+0000] {logging_mixin.py:190} INFO - [2025-01-19T04:21:28.308+0000] {dag.py:4180} INFO - Setting next_dagrun for dataset_alias_example_alias_consumer_with_no_taskflow to None, run_after=None
[2025-01-19T04:21:28.338+0000] {logging_mixin.py:190} INFO - [2025-01-19T04:21:28.337+0000] {dag.py:4180} INFO - Setting next_dagrun for dataset_alias_example_alias_producer_with_no_taskflow to None, run_after=None
[2025-01-19T04:21:28.343+0000] {logging_mixin.py:190} INFO - [2025-01-19T04:21:28.342+0000] {dag.py:4180} INFO - Setting next_dagrun for dataset_s3_bucket_consumer_with_no_taskflow to None, run_after=None
[2025-01-19T04:21:28.351+0000] {logging_mixin.py:190} INFO - [2025-01-19T04:21:28.351+0000] {dag.py:4180} INFO - Setting next_dagrun for dataset_s3_bucket_producer_with_no_taskflow to None, run_after=None
[2025-01-19T04:21:28.443+0000] {processor.py:208} INFO - Processing /home/airflow/.local/lib/python3.12/site-packages/airflow/example_dags/example_dataset_alias_with_no_taskflow.py took 2.313 seconds
[2025-01-19T04:27:43.640+0000] {processor.py:186} INFO - Started process (PID=80) to work on /home/airflow/.local/lib/python3.12/site-packages/airflow/example_dags/example_dataset_alias_with_no_taskflow.py
[2025-01-19T04:27:43.643+0000] {processor.py:914} INFO - Processing file /home/airflow/.local/lib/python3.12/site-packages/airflow/example_dags/example_dataset_alias_with_no_taskflow.py for tasks to queue
[2025-01-19T04:27:43.650+0000] {logging_mixin.py:190} INFO - [2025-01-19T04:27:43.648+0000] {dagbag.py:588} INFO - Filling up the DagBag from /home/airflow/.local/lib/python3.12/site-packages/airflow/example_dags/example_dataset_alias_with_no_taskflow.py
[2025-01-19T04:27:57.493+0000] {processor.py:925} INFO - DAG(s) 'dataset_alias_example_alias_producer_with_no_taskflow', 'dataset_s3_bucket_producer_with_no_taskflow', 'dataset_alias_example_alias_consumer_with_no_taskflow', 'dataset_s3_bucket_consumer_with_no_taskflow' retrieved from /home/airflow/.local/lib/python3.12/site-packages/airflow/example_dags/example_dataset_alias_with_no_taskflow.py
[2025-01-19T04:27:58.033+0000] {logging_mixin.py:190} INFO - [2025-01-19T04:27:58.025+0000] {override.py:1911} INFO - Created Permission View: can delete on DAG:dataset_alias_example_alias_producer_with_no_taskflow
[2025-01-19T04:27:58.095+0000] {logging_mixin.py:190} INFO - [2025-01-19T04:27:58.094+0000] {override.py:1911} INFO - Created Permission View: can edit on DAG:dataset_alias_example_alias_producer_with_no_taskflow
[2025-01-19T04:27:58.138+0000] {logging_mixin.py:190} INFO - [2025-01-19T04:27:58.132+0000] {override.py:1911} INFO - Created Permission View: can read on DAG:dataset_alias_example_alias_producer_with_no_taskflow
[2025-01-19T04:27:58.185+0000] {logging_mixin.py:190} INFO - [2025-01-19T04:27:58.185+0000] {override.py:1911} INFO - Created Permission View: can create on DAG Run:dataset_alias_example_alias_producer_with_no_taskflow
[2025-01-19T04:27:58.222+0000] {logging_mixin.py:190} INFO - [2025-01-19T04:27:58.221+0000] {override.py:1911} INFO - Created Permission View: menu access on DAG Run:dataset_alias_example_alias_producer_with_no_taskflow
[2025-01-19T04:27:58.242+0000] {logging_mixin.py:190} INFO - [2025-01-19T04:27:58.241+0000] {override.py:1911} INFO - Created Permission View: can delete on DAG Run:dataset_alias_example_alias_producer_with_no_taskflow
[2025-01-19T04:27:58.259+0000] {logging_mixin.py:190} INFO - [2025-01-19T04:27:58.258+0000] {override.py:1911} INFO - Created Permission View: can read on DAG Run:dataset_alias_example_alias_producer_with_no_taskflow
[2025-01-19T04:27:58.300+0000] {logging_mixin.py:190} INFO - [2025-01-19T04:27:58.299+0000] {override.py:1911} INFO - Created Permission View: can delete on DAG:dataset_s3_bucket_producer_with_no_taskflow
[2025-01-19T04:27:58.328+0000] {logging_mixin.py:190} INFO - [2025-01-19T04:27:58.327+0000] {override.py:1911} INFO - Created Permission View: can edit on DAG:dataset_s3_bucket_producer_with_no_taskflow
[2025-01-19T04:27:58.361+0000] {logging_mixin.py:190} INFO - [2025-01-19T04:27:58.360+0000] {override.py:1911} INFO - Created Permission View: can read on DAG:dataset_s3_bucket_producer_with_no_taskflow
[2025-01-19T04:27:58.410+0000] {logging_mixin.py:190} INFO - [2025-01-19T04:27:58.409+0000] {override.py:1911} INFO - Created Permission View: can create on DAG Run:dataset_s3_bucket_producer_with_no_taskflow
[2025-01-19T04:27:58.495+0000] {logging_mixin.py:190} INFO - [2025-01-19T04:27:58.494+0000] {override.py:1911} INFO - Created Permission View: menu access on DAG Run:dataset_s3_bucket_producer_with_no_taskflow
[2025-01-19T04:27:58.592+0000] {logging_mixin.py:190} INFO - [2025-01-19T04:27:58.590+0000] {override.py:1911} INFO - Created Permission View: can delete on DAG Run:dataset_s3_bucket_producer_with_no_taskflow
[2025-01-19T04:27:58.732+0000] {logging_mixin.py:190} INFO - [2025-01-19T04:27:58.712+0000] {override.py:1911} INFO - Created Permission View: can read on DAG Run:dataset_s3_bucket_producer_with_no_taskflow
[2025-01-19T04:27:58.894+0000] {logging_mixin.py:190} INFO - [2025-01-19T04:27:58.894+0000] {override.py:1911} INFO - Created Permission View: can delete on DAG:dataset_alias_example_alias_consumer_with_no_taskflow
[2025-01-19T04:27:58.922+0000] {logging_mixin.py:190} INFO - [2025-01-19T04:27:58.921+0000] {override.py:1911} INFO - Created Permission View: can edit on DAG:dataset_alias_example_alias_consumer_with_no_taskflow
[2025-01-19T04:27:58.943+0000] {logging_mixin.py:190} INFO - [2025-01-19T04:27:58.942+0000] {override.py:1911} INFO - Created Permission View: can read on DAG:dataset_alias_example_alias_consumer_with_no_taskflow
[2025-01-19T04:27:58.966+0000] {logging_mixin.py:190} INFO - [2025-01-19T04:27:58.964+0000] {override.py:1911} INFO - Created Permission View: can create on DAG Run:dataset_alias_example_alias_consumer_with_no_taskflow
[2025-01-19T04:27:58.999+0000] {logging_mixin.py:190} INFO - [2025-01-19T04:27:58.992+0000] {override.py:1911} INFO - Created Permission View: menu access on DAG Run:dataset_alias_example_alias_consumer_with_no_taskflow
[2025-01-19T04:27:59.022+0000] {logging_mixin.py:190} INFO - [2025-01-19T04:27:59.021+0000] {override.py:1911} INFO - Created Permission View: can delete on DAG Run:dataset_alias_example_alias_consumer_with_no_taskflow
[2025-01-19T04:27:59.044+0000] {logging_mixin.py:190} INFO - [2025-01-19T04:27:59.043+0000] {override.py:1911} INFO - Created Permission View: can read on DAG Run:dataset_alias_example_alias_consumer_with_no_taskflow
[2025-01-19T04:27:59.095+0000] {logging_mixin.py:190} INFO - [2025-01-19T04:27:59.095+0000] {override.py:1911} INFO - Created Permission View: can delete on DAG:dataset_s3_bucket_consumer_with_no_taskflow
[2025-01-19T04:27:59.118+0000] {logging_mixin.py:190} INFO - [2025-01-19T04:27:59.117+0000] {override.py:1911} INFO - Created Permission View: can edit on DAG:dataset_s3_bucket_consumer_with_no_taskflow
[2025-01-19T04:27:59.138+0000] {logging_mixin.py:190} INFO - [2025-01-19T04:27:59.137+0000] {override.py:1911} INFO - Created Permission View: can read on DAG:dataset_s3_bucket_consumer_with_no_taskflow
[2025-01-19T04:27:59.159+0000] {logging_mixin.py:190} INFO - [2025-01-19T04:27:59.158+0000] {override.py:1911} INFO - Created Permission View: can create on DAG Run:dataset_s3_bucket_consumer_with_no_taskflow
[2025-01-19T04:27:59.211+0000] {logging_mixin.py:190} INFO - [2025-01-19T04:27:59.210+0000] {override.py:1911} INFO - Created Permission View: menu access on DAG Run:dataset_s3_bucket_consumer_with_no_taskflow
[2025-01-19T04:27:59.240+0000] {logging_mixin.py:190} INFO - [2025-01-19T04:27:59.237+0000] {override.py:1911} INFO - Created Permission View: can delete on DAG Run:dataset_s3_bucket_consumer_with_no_taskflow
[2025-01-19T04:27:59.278+0000] {logging_mixin.py:190} INFO - [2025-01-19T04:27:59.277+0000] {override.py:1911} INFO - Created Permission View: can read on DAG Run:dataset_s3_bucket_consumer_with_no_taskflow
[2025-01-19T04:27:59.281+0000] {logging_mixin.py:190} INFO - [2025-01-19T04:27:59.279+0000] {dag.py:3239} INFO - Sync 4 DAGs
[2025-01-19T04:27:59.356+0000] {logging_mixin.py:190} INFO - [2025-01-19T04:27:59.354+0000] {dag.py:3262} INFO - Creating ORM DAG for dataset_alias_example_alias_producer_with_no_taskflow
[2025-01-19T04:27:59.359+0000] {logging_mixin.py:190} INFO - [2025-01-19T04:27:59.359+0000] {dag.py:3262} INFO - Creating ORM DAG for dataset_s3_bucket_producer_with_no_taskflow
[2025-01-19T04:27:59.363+0000] {logging_mixin.py:190} INFO - [2025-01-19T04:27:59.362+0000] {dag.py:3262} INFO - Creating ORM DAG for dataset_alias_example_alias_consumer_with_no_taskflow
[2025-01-19T04:27:59.366+0000] {logging_mixin.py:190} INFO - [2025-01-19T04:27:59.365+0000] {dag.py:3262} INFO - Creating ORM DAG for dataset_s3_bucket_consumer_with_no_taskflow
[2025-01-19T04:27:59.399+0000] {logging_mixin.py:190} INFO - [2025-01-19T04:27:59.398+0000] {dag.py:4180} INFO - Setting next_dagrun for dataset_alias_example_alias_consumer_with_no_taskflow to None, run_after=None
[2025-01-19T04:27:59.401+0000] {logging_mixin.py:190} INFO - [2025-01-19T04:27:59.401+0000] {dag.py:4180} INFO - Setting next_dagrun for dataset_alias_example_alias_producer_with_no_taskflow to None, run_after=None
[2025-01-19T04:27:59.405+0000] {logging_mixin.py:190} INFO - [2025-01-19T04:27:59.404+0000] {dag.py:4180} INFO - Setting next_dagrun for dataset_s3_bucket_consumer_with_no_taskflow to None, run_after=None
[2025-01-19T04:27:59.407+0000] {logging_mixin.py:190} INFO - [2025-01-19T04:27:59.406+0000] {dag.py:4180} INFO - Setting next_dagrun for dataset_s3_bucket_producer_with_no_taskflow to None, run_after=None
[2025-01-19T04:27:59.535+0000] {processor.py:208} INFO - Processing /home/airflow/.local/lib/python3.12/site-packages/airflow/example_dags/example_dataset_alias_with_no_taskflow.py took 15.923 seconds
[2025-01-19T04:28:29.746+0000] {processor.py:186} INFO - Started process (PID=149) to work on /home/airflow/.local/lib/python3.12/site-packages/airflow/example_dags/example_dataset_alias_with_no_taskflow.py
[2025-01-19T04:28:29.749+0000] {processor.py:914} INFO - Processing file /home/airflow/.local/lib/python3.12/site-packages/airflow/example_dags/example_dataset_alias_with_no_taskflow.py for tasks to queue
[2025-01-19T04:28:29.755+0000] {logging_mixin.py:190} INFO - [2025-01-19T04:28:29.754+0000] {dagbag.py:588} INFO - Filling up the DagBag from /home/airflow/.local/lib/python3.12/site-packages/airflow/example_dags/example_dataset_alias_with_no_taskflow.py
[2025-01-19T04:28:34.681+0000] {processor.py:925} INFO - DAG(s) 'dataset_s3_bucket_consumer_with_no_taskflow', 'dataset_alias_example_alias_producer_with_no_taskflow', 'dataset_s3_bucket_producer_with_no_taskflow', 'dataset_alias_example_alias_consumer_with_no_taskflow' retrieved from /home/airflow/.local/lib/python3.12/site-packages/airflow/example_dags/example_dataset_alias_with_no_taskflow.py
[2025-01-19T04:28:34.843+0000] {logging_mixin.py:190} INFO - [2025-01-19T04:28:34.841+0000] {dag.py:3239} INFO - Sync 4 DAGs
[2025-01-19T04:28:35.168+0000] {logging_mixin.py:190} INFO - [2025-01-19T04:28:35.155+0000] {dag.py:4180} INFO - Setting next_dagrun for dataset_alias_example_alias_consumer_with_no_taskflow to None, run_after=None
[2025-01-19T04:28:35.188+0000] {logging_mixin.py:190} INFO - [2025-01-19T04:28:35.187+0000] {dag.py:4180} INFO - Setting next_dagrun for dataset_alias_example_alias_producer_with_no_taskflow to None, run_after=None
[2025-01-19T04:28:35.208+0000] {logging_mixin.py:190} INFO - [2025-01-19T04:28:35.207+0000] {dag.py:4180} INFO - Setting next_dagrun for dataset_s3_bucket_consumer_with_no_taskflow to None, run_after=None
[2025-01-19T04:28:35.313+0000] {logging_mixin.py:190} INFO - [2025-01-19T04:28:35.313+0000] {dag.py:4180} INFO - Setting next_dagrun for dataset_s3_bucket_producer_with_no_taskflow to None, run_after=None
[2025-01-19T04:28:35.758+0000] {processor.py:208} INFO - Processing /home/airflow/.local/lib/python3.12/site-packages/airflow/example_dags/example_dataset_alias_with_no_taskflow.py took 6.043 seconds
[2025-01-19T04:29:06.093+0000] {processor.py:186} INFO - Started process (PID=214) to work on /home/airflow/.local/lib/python3.12/site-packages/airflow/example_dags/example_dataset_alias_with_no_taskflow.py
[2025-01-19T04:29:06.096+0000] {processor.py:914} INFO - Processing file /home/airflow/.local/lib/python3.12/site-packages/airflow/example_dags/example_dataset_alias_with_no_taskflow.py for tasks to queue
[2025-01-19T04:29:06.111+0000] {logging_mixin.py:190} INFO - [2025-01-19T04:29:06.111+0000] {dagbag.py:588} INFO - Filling up the DagBag from /home/airflow/.local/lib/python3.12/site-packages/airflow/example_dags/example_dataset_alias_with_no_taskflow.py
[2025-01-19T04:29:10.493+0000] {processor.py:925} INFO - DAG(s) 'dataset_alias_example_alias_producer_with_no_taskflow', 'dataset_alias_example_alias_consumer_with_no_taskflow', 'dataset_s3_bucket_consumer_with_no_taskflow', 'dataset_s3_bucket_producer_with_no_taskflow' retrieved from /home/airflow/.local/lib/python3.12/site-packages/airflow/example_dags/example_dataset_alias_with_no_taskflow.py
[2025-01-19T04:29:10.649+0000] {logging_mixin.py:190} INFO - [2025-01-19T04:29:10.648+0000] {dag.py:3239} INFO - Sync 4 DAGs
[2025-01-19T04:29:10.916+0000] {logging_mixin.py:190} INFO - [2025-01-19T04:29:10.915+0000] {dag.py:4180} INFO - Setting next_dagrun for dataset_alias_example_alias_consumer_with_no_taskflow to None, run_after=None
[2025-01-19T04:29:10.926+0000] {logging_mixin.py:190} INFO - [2025-01-19T04:29:10.925+0000] {dag.py:4180} INFO - Setting next_dagrun for dataset_alias_example_alias_producer_with_no_taskflow to None, run_after=None
[2025-01-19T04:29:10.958+0000] {logging_mixin.py:190} INFO - [2025-01-19T04:29:10.957+0000] {dag.py:4180} INFO - Setting next_dagrun for dataset_s3_bucket_consumer_with_no_taskflow to None, run_after=None
[2025-01-19T04:29:10.964+0000] {logging_mixin.py:190} INFO - [2025-01-19T04:29:10.963+0000] {dag.py:4180} INFO - Setting next_dagrun for dataset_s3_bucket_producer_with_no_taskflow to None, run_after=None
[2025-01-19T04:29:11.357+0000] {processor.py:208} INFO - Processing /home/airflow/.local/lib/python3.12/site-packages/airflow/example_dags/example_dataset_alias_with_no_taskflow.py took 5.302 seconds
[2025-01-19T04:29:41.953+0000] {processor.py:186} INFO - Started process (PID=278) to work on /home/airflow/.local/lib/python3.12/site-packages/airflow/example_dags/example_dataset_alias_with_no_taskflow.py
[2025-01-19T04:29:41.992+0000] {processor.py:914} INFO - Processing file /home/airflow/.local/lib/python3.12/site-packages/airflow/example_dags/example_dataset_alias_with_no_taskflow.py for tasks to queue
[2025-01-19T04:29:42.014+0000] {logging_mixin.py:190} INFO - [2025-01-19T04:29:42.013+0000] {dagbag.py:588} INFO - Filling up the DagBag from /home/airflow/.local/lib/python3.12/site-packages/airflow/example_dags/example_dataset_alias_with_no_taskflow.py
[2025-01-19T04:30:02.958+0000] {processor.py:925} INFO - DAG(s) 'dataset_alias_example_alias_producer_with_no_taskflow', 'dataset_alias_example_alias_consumer_with_no_taskflow', 'dataset_s3_bucket_consumer_with_no_taskflow', 'dataset_s3_bucket_producer_with_no_taskflow' retrieved from /home/airflow/.local/lib/python3.12/site-packages/airflow/example_dags/example_dataset_alias_with_no_taskflow.py
[2025-01-19T04:30:03.032+0000] {logging_mixin.py:190} INFO - [2025-01-19T04:30:03.030+0000] {dag.py:3239} INFO - Sync 4 DAGs
[2025-01-19T04:30:03.129+0000] {logging_mixin.py:190} INFO - [2025-01-19T04:30:03.127+0000] {dag.py:4180} INFO - Setting next_dagrun for dataset_alias_example_alias_consumer_with_no_taskflow to None, run_after=None
[2025-01-19T04:30:03.138+0000] {logging_mixin.py:190} INFO - [2025-01-19T04:30:03.137+0000] {dag.py:4180} INFO - Setting next_dagrun for dataset_alias_example_alias_producer_with_no_taskflow to None, run_after=None
[2025-01-19T04:30:03.143+0000] {logging_mixin.py:190} INFO - [2025-01-19T04:30:03.143+0000] {dag.py:4180} INFO - Setting next_dagrun for dataset_s3_bucket_consumer_with_no_taskflow to None, run_after=None
[2025-01-19T04:30:03.153+0000] {logging_mixin.py:190} INFO - [2025-01-19T04:30:03.152+0000] {dag.py:4180} INFO - Setting next_dagrun for dataset_s3_bucket_producer_with_no_taskflow to None, run_after=None
[2025-01-19T04:30:03.258+0000] {processor.py:208} INFO - Processing /home/airflow/.local/lib/python3.12/site-packages/airflow/example_dags/example_dataset_alias_with_no_taskflow.py took 22.858 seconds
[2025-01-19T04:30:33.925+0000] {processor.py:186} INFO - Started process (PID=347) to work on /home/airflow/.local/lib/python3.12/site-packages/airflow/example_dags/example_dataset_alias_with_no_taskflow.py
[2025-01-19T04:30:33.937+0000] {processor.py:914} INFO - Processing file /home/airflow/.local/lib/python3.12/site-packages/airflow/example_dags/example_dataset_alias_with_no_taskflow.py for tasks to queue
[2025-01-19T04:30:33.947+0000] {logging_mixin.py:190} INFO - [2025-01-19T04:30:33.946+0000] {dagbag.py:588} INFO - Filling up the DagBag from /home/airflow/.local/lib/python3.12/site-packages/airflow/example_dags/example_dataset_alias_with_no_taskflow.py
[2025-01-19T04:30:37.829+0000] {processor.py:925} INFO - DAG(s) 'dataset_s3_bucket_producer_with_no_taskflow', 'dataset_alias_example_alias_consumer_with_no_taskflow', 'dataset_alias_example_alias_producer_with_no_taskflow', 'dataset_s3_bucket_consumer_with_no_taskflow' retrieved from /home/airflow/.local/lib/python3.12/site-packages/airflow/example_dags/example_dataset_alias_with_no_taskflow.py
[2025-01-19T04:30:37.899+0000] {logging_mixin.py:190} INFO - [2025-01-19T04:30:37.898+0000] {dag.py:3239} INFO - Sync 4 DAGs
[2025-01-19T04:30:37.966+0000] {logging_mixin.py:190} INFO - [2025-01-19T04:30:37.966+0000] {dag.py:4180} INFO - Setting next_dagrun for dataset_alias_example_alias_consumer_with_no_taskflow to None, run_after=None
[2025-01-19T04:30:37.976+0000] {logging_mixin.py:190} INFO - [2025-01-19T04:30:37.976+0000] {dag.py:4180} INFO - Setting next_dagrun for dataset_alias_example_alias_producer_with_no_taskflow to None, run_after=None
[2025-01-19T04:30:37.981+0000] {logging_mixin.py:190} INFO - [2025-01-19T04:30:37.981+0000] {dag.py:4180} INFO - Setting next_dagrun for dataset_s3_bucket_consumer_with_no_taskflow to None, run_after=None
[2025-01-19T04:30:37.986+0000] {logging_mixin.py:190} INFO - [2025-01-19T04:30:37.985+0000] {dag.py:4180} INFO - Setting next_dagrun for dataset_s3_bucket_producer_with_no_taskflow to None, run_after=None
[2025-01-19T04:30:38.051+0000] {processor.py:208} INFO - Processing /home/airflow/.local/lib/python3.12/site-packages/airflow/example_dags/example_dataset_alias_with_no_taskflow.py took 4.160 seconds
[2025-01-19T04:31:09.151+0000] {processor.py:186} INFO - Started process (PID=410) to work on /home/airflow/.local/lib/python3.12/site-packages/airflow/example_dags/example_dataset_alias_with_no_taskflow.py
[2025-01-19T04:31:09.161+0000] {processor.py:914} INFO - Processing file /home/airflow/.local/lib/python3.12/site-packages/airflow/example_dags/example_dataset_alias_with_no_taskflow.py for tasks to queue
[2025-01-19T04:31:09.198+0000] {logging_mixin.py:190} INFO - [2025-01-19T04:31:09.197+0000] {dagbag.py:588} INFO - Filling up the DagBag from /home/airflow/.local/lib/python3.12/site-packages/airflow/example_dags/example_dataset_alias_with_no_taskflow.py
[2025-01-19T04:31:14.704+0000] {processor.py:925} INFO - DAG(s) 'dataset_s3_bucket_consumer_with_no_taskflow', 'dataset_s3_bucket_producer_with_no_taskflow', 'dataset_alias_example_alias_consumer_with_no_taskflow', 'dataset_alias_example_alias_producer_with_no_taskflow' retrieved from /home/airflow/.local/lib/python3.12/site-packages/airflow/example_dags/example_dataset_alias_with_no_taskflow.py
[2025-01-19T04:31:14.944+0000] {logging_mixin.py:190} INFO - [2025-01-19T04:31:14.943+0000] {dag.py:3239} INFO - Sync 4 DAGs
[2025-01-19T04:31:15.186+0000] {logging_mixin.py:190} INFO - [2025-01-19T04:31:15.186+0000] {dag.py:4180} INFO - Setting next_dagrun for dataset_alias_example_alias_consumer_with_no_taskflow to None, run_after=None
[2025-01-19T04:31:15.219+0000] {logging_mixin.py:190} INFO - [2025-01-19T04:31:15.219+0000] {dag.py:4180} INFO - Setting next_dagrun for dataset_alias_example_alias_producer_with_no_taskflow to None, run_after=None
[2025-01-19T04:31:15.242+0000] {logging_mixin.py:190} INFO - [2025-01-19T04:31:15.223+0000] {dag.py:4180} INFO - Setting next_dagrun for dataset_s3_bucket_consumer_with_no_taskflow to None, run_after=None
[2025-01-19T04:31:15.251+0000] {logging_mixin.py:190} INFO - [2025-01-19T04:31:15.250+0000] {dag.py:4180} INFO - Setting next_dagrun for dataset_s3_bucket_producer_with_no_taskflow to None, run_after=None
[2025-01-19T04:31:15.499+0000] {processor.py:208} INFO - Processing /home/airflow/.local/lib/python3.12/site-packages/airflow/example_dags/example_dataset_alias_with_no_taskflow.py took 6.400 seconds
[2025-01-19T04:31:46.086+0000] {processor.py:186} INFO - Started process (PID=479) to work on /home/airflow/.local/lib/python3.12/site-packages/airflow/example_dags/example_dataset_alias_with_no_taskflow.py
[2025-01-19T04:31:46.088+0000] {processor.py:914} INFO - Processing file /home/airflow/.local/lib/python3.12/site-packages/airflow/example_dags/example_dataset_alias_with_no_taskflow.py for tasks to queue
[2025-01-19T04:31:46.100+0000] {logging_mixin.py:190} INFO - [2025-01-19T04:31:46.099+0000] {dagbag.py:588} INFO - Filling up the DagBag from /home/airflow/.local/lib/python3.12/site-packages/airflow/example_dags/example_dataset_alias_with_no_taskflow.py
[2025-01-19T04:31:50.802+0000] {processor.py:925} INFO - DAG(s) 'dataset_s3_bucket_producer_with_no_taskflow', 'dataset_s3_bucket_consumer_with_no_taskflow', 'dataset_alias_example_alias_consumer_with_no_taskflow', 'dataset_alias_example_alias_producer_with_no_taskflow' retrieved from /home/airflow/.local/lib/python3.12/site-packages/airflow/example_dags/example_dataset_alias_with_no_taskflow.py
[2025-01-19T04:31:51.090+0000] {logging_mixin.py:190} INFO - [2025-01-19T04:31:51.077+0000] {dag.py:3239} INFO - Sync 4 DAGs
[2025-01-19T04:31:51.315+0000] {logging_mixin.py:190} INFO - [2025-01-19T04:31:51.314+0000] {dag.py:4180} INFO - Setting next_dagrun for dataset_alias_example_alias_consumer_with_no_taskflow to None, run_after=None
[2025-01-19T04:31:51.332+0000] {logging_mixin.py:190} INFO - [2025-01-19T04:31:51.332+0000] {dag.py:4180} INFO - Setting next_dagrun for dataset_alias_example_alias_producer_with_no_taskflow to None, run_after=None
[2025-01-19T04:31:51.338+0000] {logging_mixin.py:190} INFO - [2025-01-19T04:31:51.337+0000] {dag.py:4180} INFO - Setting next_dagrun for dataset_s3_bucket_consumer_with_no_taskflow to None, run_after=None
[2025-01-19T04:31:51.353+0000] {logging_mixin.py:190} INFO - [2025-01-19T04:31:51.352+0000] {dag.py:4180} INFO - Setting next_dagrun for dataset_s3_bucket_producer_with_no_taskflow to None, run_after=None
[2025-01-19T04:31:51.479+0000] {processor.py:208} INFO - Processing /home/airflow/.local/lib/python3.12/site-packages/airflow/example_dags/example_dataset_alias_with_no_taskflow.py took 5.416 seconds
[2025-01-19T04:32:22.154+0000] {processor.py:186} INFO - Started process (PID=542) to work on /home/airflow/.local/lib/python3.12/site-packages/airflow/example_dags/example_dataset_alias_with_no_taskflow.py
[2025-01-19T04:32:22.157+0000] {processor.py:914} INFO - Processing file /home/airflow/.local/lib/python3.12/site-packages/airflow/example_dags/example_dataset_alias_with_no_taskflow.py for tasks to queue
[2025-01-19T04:32:22.164+0000] {logging_mixin.py:190} INFO - [2025-01-19T04:32:22.163+0000] {dagbag.py:588} INFO - Filling up the DagBag from /home/airflow/.local/lib/python3.12/site-packages/airflow/example_dags/example_dataset_alias_with_no_taskflow.py
[2025-01-19T04:32:23.907+0000] {processor.py:925} INFO - DAG(s) 'dataset_s3_bucket_consumer_with_no_taskflow', 'dataset_alias_example_alias_producer_with_no_taskflow', 'dataset_s3_bucket_producer_with_no_taskflow', 'dataset_alias_example_alias_consumer_with_no_taskflow' retrieved from /home/airflow/.local/lib/python3.12/site-packages/airflow/example_dags/example_dataset_alias_with_no_taskflow.py
[2025-01-19T04:32:23.980+0000] {logging_mixin.py:190} INFO - [2025-01-19T04:32:23.979+0000] {dag.py:3239} INFO - Sync 4 DAGs
[2025-01-19T04:32:23.479+0000] {logging_mixin.py:190} INFO - [2025-01-19T04:32:23.478+0000] {dag.py:4180} INFO - Setting next_dagrun for dataset_alias_example_alias_consumer_with_no_taskflow to None, run_after=None
[2025-01-19T04:32:23.491+0000] {logging_mixin.py:190} INFO - [2025-01-19T04:32:23.490+0000] {dag.py:4180} INFO - Setting next_dagrun for dataset_alias_example_alias_producer_with_no_taskflow to None, run_after=None
[2025-01-19T04:32:23.497+0000] {logging_mixin.py:190} INFO - [2025-01-19T04:32:23.496+0000] {dag.py:4180} INFO - Setting next_dagrun for dataset_s3_bucket_consumer_with_no_taskflow to None, run_after=None
[2025-01-19T04:32:23.502+0000] {logging_mixin.py:190} INFO - [2025-01-19T04:32:23.501+0000] {dag.py:4180} INFO - Setting next_dagrun for dataset_s3_bucket_producer_with_no_taskflow to None, run_after=None
[2025-01-19T04:32:23.566+0000] {processor.py:208} INFO - Processing /home/airflow/.local/lib/python3.12/site-packages/airflow/example_dags/example_dataset_alias_with_no_taskflow.py took 2.015 seconds
[2025-01-19T04:32:54.816+0000] {processor.py:186} INFO - Started process (PID=608) to work on /home/airflow/.local/lib/python3.12/site-packages/airflow/example_dags/example_dataset_alias_with_no_taskflow.py
[2025-01-19T04:32:54.819+0000] {processor.py:914} INFO - Processing file /home/airflow/.local/lib/python3.12/site-packages/airflow/example_dags/example_dataset_alias_with_no_taskflow.py for tasks to queue
[2025-01-19T04:32:54.833+0000] {logging_mixin.py:190} INFO - [2025-01-19T04:32:54.832+0000] {dagbag.py:588} INFO - Filling up the DagBag from /home/airflow/.local/lib/python3.12/site-packages/airflow/example_dags/example_dataset_alias_with_no_taskflow.py
[2025-01-19T04:32:59.064+0000] {processor.py:925} INFO - DAG(s) 'dataset_s3_bucket_consumer_with_no_taskflow', 'dataset_s3_bucket_producer_with_no_taskflow', 'dataset_alias_example_alias_consumer_with_no_taskflow', 'dataset_alias_example_alias_producer_with_no_taskflow' retrieved from /home/airflow/.local/lib/python3.12/site-packages/airflow/example_dags/example_dataset_alias_with_no_taskflow.py
[2025-01-19T04:32:59.115+0000] {logging_mixin.py:190} INFO - [2025-01-19T04:32:59.114+0000] {dag.py:3239} INFO - Sync 4 DAGs
[2025-01-19T04:32:59.188+0000] {logging_mixin.py:190} INFO - [2025-01-19T04:32:59.187+0000] {dag.py:4180} INFO - Setting next_dagrun for dataset_alias_example_alias_consumer_with_no_taskflow to None, run_after=None
[2025-01-19T04:32:59.196+0000] {logging_mixin.py:190} INFO - [2025-01-19T04:32:59.196+0000] {dag.py:4180} INFO - Setting next_dagrun for dataset_alias_example_alias_producer_with_no_taskflow to None, run_after=None
[2025-01-19T04:32:59.201+0000] {logging_mixin.py:190} INFO - [2025-01-19T04:32:59.200+0000] {dag.py:4180} INFO - Setting next_dagrun for dataset_s3_bucket_consumer_with_no_taskflow to None, run_after=None
[2025-01-19T04:32:59.205+0000] {logging_mixin.py:190} INFO - [2025-01-19T04:32:59.204+0000] {dag.py:4180} INFO - Setting next_dagrun for dataset_s3_bucket_producer_with_no_taskflow to None, run_after=None
[2025-01-19T04:32:59.275+0000] {processor.py:208} INFO - Processing /home/airflow/.local/lib/python3.12/site-packages/airflow/example_dags/example_dataset_alias_with_no_taskflow.py took 4.495 seconds
[2025-01-19T04:33:29.434+0000] {processor.py:186} INFO - Started process (PID=675) to work on /home/airflow/.local/lib/python3.12/site-packages/airflow/example_dags/example_dataset_alias_with_no_taskflow.py
[2025-01-19T04:33:29.437+0000] {processor.py:914} INFO - Processing file /home/airflow/.local/lib/python3.12/site-packages/airflow/example_dags/example_dataset_alias_with_no_taskflow.py for tasks to queue
[2025-01-19T04:33:29.441+0000] {logging_mixin.py:190} INFO - [2025-01-19T04:33:29.440+0000] {dagbag.py:588} INFO - Filling up the DagBag from /home/airflow/.local/lib/python3.12/site-packages/airflow/example_dags/example_dataset_alias_with_no_taskflow.py
[2025-01-19T04:33:31.115+0000] {processor.py:925} INFO - DAG(s) 'dataset_s3_bucket_consumer_with_no_taskflow', 'dataset_alias_example_alias_consumer_with_no_taskflow', 'dataset_s3_bucket_producer_with_no_taskflow', 'dataset_alias_example_alias_producer_with_no_taskflow' retrieved from /home/airflow/.local/lib/python3.12/site-packages/airflow/example_dags/example_dataset_alias_with_no_taskflow.py
[2025-01-19T04:33:31.214+0000] {logging_mixin.py:190} INFO - [2025-01-19T04:33:31.213+0000] {dag.py:3239} INFO - Sync 4 DAGs
[2025-01-19T04:33:31.329+0000] {logging_mixin.py:190} INFO - [2025-01-19T04:33:31.328+0000] {dag.py:4180} INFO - Setting next_dagrun for dataset_alias_example_alias_consumer_with_no_taskflow to None, run_after=None
[2025-01-19T04:33:31.343+0000] {logging_mixin.py:190} INFO - [2025-01-19T04:33:31.342+0000] {dag.py:4180} INFO - Setting next_dagrun for dataset_alias_example_alias_producer_with_no_taskflow to None, run_after=None
[2025-01-19T04:33:31.348+0000] {logging_mixin.py:190} INFO - [2025-01-19T04:33:31.347+0000] {dag.py:4180} INFO - Setting next_dagrun for dataset_s3_bucket_consumer_with_no_taskflow to None, run_after=None
[2025-01-19T04:33:31.351+0000] {logging_mixin.py:190} INFO - [2025-01-19T04:33:31.351+0000] {dag.py:4180} INFO - Setting next_dagrun for dataset_s3_bucket_producer_with_no_taskflow to None, run_after=None
[2025-01-19T04:33:31.411+0000] {processor.py:208} INFO - Processing /home/airflow/.local/lib/python3.12/site-packages/airflow/example_dags/example_dataset_alias_with_no_taskflow.py took 1.987 seconds
[2025-01-19T04:34:01.825+0000] {processor.py:186} INFO - Started process (PID=741) to work on /home/airflow/.local/lib/python3.12/site-packages/airflow/example_dags/example_dataset_alias_with_no_taskflow.py
[2025-01-19T04:34:01.827+0000] {processor.py:914} INFO - Processing file /home/airflow/.local/lib/python3.12/site-packages/airflow/example_dags/example_dataset_alias_with_no_taskflow.py for tasks to queue
[2025-01-19T04:34:01.831+0000] {logging_mixin.py:190} INFO - [2025-01-19T04:34:01.831+0000] {dagbag.py:588} INFO - Filling up the DagBag from /home/airflow/.local/lib/python3.12/site-packages/airflow/example_dags/example_dataset_alias_with_no_taskflow.py
[2025-01-19T04:34:02.888+0000] {processor.py:925} INFO - DAG(s) 'dataset_s3_bucket_producer_with_no_taskflow', 'dataset_alias_example_alias_consumer_with_no_taskflow', 'dataset_alias_example_alias_producer_with_no_taskflow', 'dataset_s3_bucket_consumer_with_no_taskflow' retrieved from /home/airflow/.local/lib/python3.12/site-packages/airflow/example_dags/example_dataset_alias_with_no_taskflow.py
[2025-01-19T04:34:02.936+0000] {logging_mixin.py:190} INFO - [2025-01-19T04:34:02.935+0000] {dag.py:3239} INFO - Sync 4 DAGs
[2025-01-19T04:34:02.996+0000] {logging_mixin.py:190} INFO - [2025-01-19T04:34:02.995+0000] {dag.py:4180} INFO - Setting next_dagrun for dataset_alias_example_alias_consumer_with_no_taskflow to None, run_after=None
[2025-01-19T04:34:03.002+0000] {logging_mixin.py:190} INFO - [2025-01-19T04:34:03.001+0000] {dag.py:4180} INFO - Setting next_dagrun for dataset_alias_example_alias_producer_with_no_taskflow to None, run_after=None
[2025-01-19T04:34:03.005+0000] {logging_mixin.py:190} INFO - [2025-01-19T04:34:03.005+0000] {dag.py:4180} INFO - Setting next_dagrun for dataset_s3_bucket_consumer_with_no_taskflow to None, run_after=None
[2025-01-19T04:34:03.008+0000] {logging_mixin.py:190} INFO - [2025-01-19T04:34:03.008+0000] {dag.py:4180} INFO - Setting next_dagrun for dataset_s3_bucket_producer_with_no_taskflow to None, run_after=None
[2025-01-19T04:34:03.056+0000] {processor.py:208} INFO - Processing /home/airflow/.local/lib/python3.12/site-packages/airflow/example_dags/example_dataset_alias_with_no_taskflow.py took 1.240 seconds
[2025-01-19T04:34:33.155+0000] {processor.py:186} INFO - Started process (PID=806) to work on /home/airflow/.local/lib/python3.12/site-packages/airflow/example_dags/example_dataset_alias_with_no_taskflow.py
[2025-01-19T04:34:33.157+0000] {processor.py:914} INFO - Processing file /home/airflow/.local/lib/python3.12/site-packages/airflow/example_dags/example_dataset_alias_with_no_taskflow.py for tasks to queue
[2025-01-19T04:34:33.162+0000] {logging_mixin.py:190} INFO - [2025-01-19T04:34:33.161+0000] {dagbag.py:588} INFO - Filling up the DagBag from /home/airflow/.local/lib/python3.12/site-packages/airflow/example_dags/example_dataset_alias_with_no_taskflow.py
[2025-01-19T04:34:34.636+0000] {processor.py:925} INFO - DAG(s) 'dataset_s3_bucket_consumer_with_no_taskflow', 'dataset_alias_example_alias_producer_with_no_taskflow', 'dataset_s3_bucket_producer_with_no_taskflow', 'dataset_alias_example_alias_consumer_with_no_taskflow' retrieved from /home/airflow/.local/lib/python3.12/site-packages/airflow/example_dags/example_dataset_alias_with_no_taskflow.py
[2025-01-19T04:34:34.694+0000] {logging_mixin.py:190} INFO - [2025-01-19T04:34:34.693+0000] {dag.py:3239} INFO - Sync 4 DAGs
[2025-01-19T04:34:34.766+0000] {logging_mixin.py:190} INFO - [2025-01-19T04:34:34.765+0000] {dag.py:4180} INFO - Setting next_dagrun for dataset_alias_example_alias_consumer_with_no_taskflow to None, run_after=None
[2025-01-19T04:34:34.774+0000] {logging_mixin.py:190} INFO - [2025-01-19T04:34:34.774+0000] {dag.py:4180} INFO - Setting next_dagrun for dataset_alias_example_alias_producer_with_no_taskflow to None, run_after=None
[2025-01-19T04:34:34.779+0000] {logging_mixin.py:190} INFO - [2025-01-19T04:34:34.778+0000] {dag.py:4180} INFO - Setting next_dagrun for dataset_s3_bucket_consumer_with_no_taskflow to None, run_after=None
[2025-01-19T04:34:34.787+0000] {logging_mixin.py:190} INFO - [2025-01-19T04:34:34.786+0000] {dag.py:4180} INFO - Setting next_dagrun for dataset_s3_bucket_producer_with_no_taskflow to None, run_after=None
[2025-01-19T04:34:34.848+0000] {processor.py:208} INFO - Processing /home/airflow/.local/lib/python3.12/site-packages/airflow/example_dags/example_dataset_alias_with_no_taskflow.py took 1.703 seconds
[2025-01-19T04:35:21.521+0000] {processor.py:186} INFO - Started process (PID=888) to work on /home/airflow/.local/lib/python3.12/site-packages/airflow/example_dags/example_dataset_alias_with_no_taskflow.py
[2025-01-19T04:35:21.526+0000] {processor.py:914} INFO - Processing file /home/airflow/.local/lib/python3.12/site-packages/airflow/example_dags/example_dataset_alias_with_no_taskflow.py for tasks to queue
[2025-01-19T04:35:21.540+0000] {logging_mixin.py:190} INFO - [2025-01-19T04:35:21.539+0000] {dagbag.py:588} INFO - Filling up the DagBag from /home/airflow/.local/lib/python3.12/site-packages/airflow/example_dags/example_dataset_alias_with_no_taskflow.py
[2025-01-19T04:35:24.460+0000] {processor.py:925} INFO - DAG(s) 'dataset_alias_example_alias_consumer_with_no_taskflow', 'dataset_alias_example_alias_producer_with_no_taskflow', 'dataset_s3_bucket_producer_with_no_taskflow', 'dataset_s3_bucket_consumer_with_no_taskflow' retrieved from /home/airflow/.local/lib/python3.12/site-packages/airflow/example_dags/example_dataset_alias_with_no_taskflow.py
[2025-01-19T04:35:24.549+0000] {logging_mixin.py:190} INFO - [2025-01-19T04:35:24.547+0000] {dag.py:3239} INFO - Sync 4 DAGs
[2025-01-19T04:35:24.613+0000] {logging_mixin.py:190} INFO - [2025-01-19T04:35:24.612+0000] {dag.py:4180} INFO - Setting next_dagrun for dataset_alias_example_alias_consumer_with_no_taskflow to None, run_after=None
[2025-01-19T04:35:24.622+0000] {logging_mixin.py:190} INFO - [2025-01-19T04:35:24.620+0000] {dag.py:4180} INFO - Setting next_dagrun for dataset_alias_example_alias_producer_with_no_taskflow to None, run_after=None
[2025-01-19T04:35:24.628+0000] {logging_mixin.py:190} INFO - [2025-01-19T04:35:24.627+0000] {dag.py:4180} INFO - Setting next_dagrun for dataset_s3_bucket_consumer_with_no_taskflow to None, run_after=None
[2025-01-19T04:35:24.632+0000] {logging_mixin.py:190} INFO - [2025-01-19T04:35:24.632+0000] {dag.py:4180} INFO - Setting next_dagrun for dataset_s3_bucket_producer_with_no_taskflow to None, run_after=None
[2025-01-19T04:35:25.137+0000] {processor.py:208} INFO - Processing /home/airflow/.local/lib/python3.12/site-packages/airflow/example_dags/example_dataset_alias_with_no_taskflow.py took 3.641 seconds
[2025-01-19T04:35:55.736+0000] {processor.py:186} INFO - Started process (PID=954) to work on /home/airflow/.local/lib/python3.12/site-packages/airflow/example_dags/example_dataset_alias_with_no_taskflow.py
[2025-01-19T04:35:55.738+0000] {processor.py:914} INFO - Processing file /home/airflow/.local/lib/python3.12/site-packages/airflow/example_dags/example_dataset_alias_with_no_taskflow.py for tasks to queue
[2025-01-19T04:35:55.754+0000] {logging_mixin.py:190} INFO - [2025-01-19T04:35:55.754+0000] {dagbag.py:588} INFO - Filling up the DagBag from /home/airflow/.local/lib/python3.12/site-packages/airflow/example_dags/example_dataset_alias_with_no_taskflow.py
[2025-01-19T04:35:57.248+0000] {processor.py:925} INFO - DAG(s) 'dataset_s3_bucket_producer_with_no_taskflow', 'dataset_s3_bucket_consumer_with_no_taskflow', 'dataset_alias_example_alias_consumer_with_no_taskflow', 'dataset_alias_example_alias_producer_with_no_taskflow' retrieved from /home/airflow/.local/lib/python3.12/site-packages/airflow/example_dags/example_dataset_alias_with_no_taskflow.py
[2025-01-19T04:35:57.299+0000] {logging_mixin.py:190} INFO - [2025-01-19T04:35:57.298+0000] {dag.py:3239} INFO - Sync 4 DAGs
[2025-01-19T04:35:57.345+0000] {logging_mixin.py:190} INFO - [2025-01-19T04:35:57.344+0000] {dag.py:4180} INFO - Setting next_dagrun for dataset_alias_example_alias_consumer_with_no_taskflow to None, run_after=None
[2025-01-19T04:35:57.350+0000] {logging_mixin.py:190} INFO - [2025-01-19T04:35:57.349+0000] {dag.py:4180} INFO - Setting next_dagrun for dataset_alias_example_alias_producer_with_no_taskflow to None, run_after=None
[2025-01-19T04:35:57.353+0000] {logging_mixin.py:190} INFO - [2025-01-19T04:35:57.353+0000] {dag.py:4180} INFO - Setting next_dagrun for dataset_s3_bucket_consumer_with_no_taskflow to None, run_after=None
[2025-01-19T04:35:57.356+0000] {logging_mixin.py:190} INFO - [2025-01-19T04:35:57.356+0000] {dag.py:4180} INFO - Setting next_dagrun for dataset_s3_bucket_producer_with_no_taskflow to None, run_after=None
[2025-01-19T04:35:57.418+0000] {processor.py:208} INFO - Processing /home/airflow/.local/lib/python3.12/site-packages/airflow/example_dags/example_dataset_alias_with_no_taskflow.py took 1.701 seconds
[2025-01-19T04:36:27.537+0000] {processor.py:186} INFO - Started process (PID=1018) to work on /home/airflow/.local/lib/python3.12/site-packages/airflow/example_dags/example_dataset_alias_with_no_taskflow.py
[2025-01-19T04:36:27.539+0000] {processor.py:914} INFO - Processing file /home/airflow/.local/lib/python3.12/site-packages/airflow/example_dags/example_dataset_alias_with_no_taskflow.py for tasks to queue
[2025-01-19T04:36:27.545+0000] {logging_mixin.py:190} INFO - [2025-01-19T04:36:27.544+0000] {dagbag.py:588} INFO - Filling up the DagBag from /home/airflow/.local/lib/python3.12/site-packages/airflow/example_dags/example_dataset_alias_with_no_taskflow.py
[2025-01-19T04:36:29.457+0000] {processor.py:925} INFO - DAG(s) 'dataset_s3_bucket_producer_with_no_taskflow', 'dataset_alias_example_alias_consumer_with_no_taskflow', 'dataset_s3_bucket_consumer_with_no_taskflow', 'dataset_alias_example_alias_producer_with_no_taskflow' retrieved from /home/airflow/.local/lib/python3.12/site-packages/airflow/example_dags/example_dataset_alias_with_no_taskflow.py
[2025-01-19T04:36:29.515+0000] {logging_mixin.py:190} INFO - [2025-01-19T04:36:29.514+0000] {dag.py:3239} INFO - Sync 4 DAGs
[2025-01-19T04:36:29.567+0000] {logging_mixin.py:190} INFO - [2025-01-19T04:36:29.566+0000] {dag.py:4180} INFO - Setting next_dagrun for dataset_alias_example_alias_consumer_with_no_taskflow to None, run_after=None
[2025-01-19T04:36:29.578+0000] {logging_mixin.py:190} INFO - [2025-01-19T04:36:29.577+0000] {dag.py:4180} INFO - Setting next_dagrun for dataset_alias_example_alias_producer_with_no_taskflow to None, run_after=None
[2025-01-19T04:36:29.583+0000] {logging_mixin.py:190} INFO - [2025-01-19T04:36:29.582+0000] {dag.py:4180} INFO - Setting next_dagrun for dataset_s3_bucket_consumer_with_no_taskflow to None, run_after=None
[2025-01-19T04:36:29.588+0000] {logging_mixin.py:190} INFO - [2025-01-19T04:36:29.587+0000] {dag.py:4180} INFO - Setting next_dagrun for dataset_s3_bucket_producer_with_no_taskflow to None, run_after=None
[2025-01-19T04:36:29.640+0000] {processor.py:208} INFO - Processing /home/airflow/.local/lib/python3.12/site-packages/airflow/example_dags/example_dataset_alias_with_no_taskflow.py took 2.117 seconds
[2025-01-19T04:41:11.374+0000] {processor.py:186} INFO - Started process (PID=1089) to work on /home/airflow/.local/lib/python3.12/site-packages/airflow/example_dags/example_dataset_alias_with_no_taskflow.py
[2025-01-19T04:41:11.388+0000] {processor.py:914} INFO - Processing file /home/airflow/.local/lib/python3.12/site-packages/airflow/example_dags/example_dataset_alias_with_no_taskflow.py for tasks to queue
[2025-01-19T04:41:11.402+0000] {logging_mixin.py:190} INFO - [2025-01-19T04:41:11.401+0000] {dagbag.py:588} INFO - Filling up the DagBag from /home/airflow/.local/lib/python3.12/site-packages/airflow/example_dags/example_dataset_alias_with_no_taskflow.py
[2025-01-19T04:41:21.729+0000] {processor.py:925} INFO - DAG(s) 'dataset_s3_bucket_consumer_with_no_taskflow', 'dataset_s3_bucket_producer_with_no_taskflow', 'dataset_alias_example_alias_consumer_with_no_taskflow', 'dataset_alias_example_alias_producer_with_no_taskflow' retrieved from /home/airflow/.local/lib/python3.12/site-packages/airflow/example_dags/example_dataset_alias_with_no_taskflow.py
[2025-01-19T04:41:22.491+0000] {logging_mixin.py:190} INFO - [2025-01-19T04:41:22.438+0000] {dag.py:3239} INFO - Sync 4 DAGs
[2025-01-19T04:41:23.142+0000] {logging_mixin.py:190} INFO - [2025-01-19T04:41:23.059+0000] {dag.py:4180} INFO - Setting next_dagrun for dataset_alias_example_alias_consumer_with_no_taskflow to None, run_after=None
[2025-01-19T04:41:23.248+0000] {logging_mixin.py:190} INFO - [2025-01-19T04:41:23.247+0000] {dag.py:4180} INFO - Setting next_dagrun for dataset_alias_example_alias_producer_with_no_taskflow to None, run_after=None
[2025-01-19T04:41:23.260+0000] {logging_mixin.py:190} INFO - [2025-01-19T04:41:23.259+0000] {dag.py:4180} INFO - Setting next_dagrun for dataset_s3_bucket_consumer_with_no_taskflow to None, run_after=None
[2025-01-19T04:41:23.280+0000] {logging_mixin.py:190} INFO - [2025-01-19T04:41:23.280+0000] {dag.py:4180} INFO - Setting next_dagrun for dataset_s3_bucket_producer_with_no_taskflow to None, run_after=None
[2025-01-19T04:41:24.562+0000] {processor.py:208} INFO - Processing /home/airflow/.local/lib/python3.12/site-packages/airflow/example_dags/example_dataset_alias_with_no_taskflow.py took 13.224 seconds
