[2025-01-19T04:12:51.177+0000] {processor.py:186} INFO - Started process (PID=449) to work on /home/airflow/.local/lib/python3.12/site-packages/airflow/example_dags/example_skip_dag.py
[2025-01-19T04:12:51.180+0000] {processor.py:914} INFO - Processing file /home/airflow/.local/lib/python3.12/site-packages/airflow/example_dags/example_skip_dag.py for tasks to queue
[2025-01-19T04:12:51.185+0000] {logging_mixin.py:190} INFO - [2025-01-19T04:12:51.184+0000] {dagbag.py:588} INFO - Filling up the DagBag from /home/airflow/.local/lib/python3.12/site-packages/airflow/example_dags/example_skip_dag.py
[2025-01-19T04:12:51.205+0000] {processor.py:925} INFO - DAG(s) 'example_skip_dag' retrieved from /home/airflow/.local/lib/python3.12/site-packages/airflow/example_dags/example_skip_dag.py
[2025-01-19T04:12:51.248+0000] {logging_mixin.py:190} INFO - [2025-01-19T04:12:51.247+0000] {dag.py:3239} INFO - Sync 1 DAGs
[2025-01-19T04:12:51.331+0000] {logging_mixin.py:190} INFO - [2025-01-19T04:12:51.330+0000] {dag.py:4180} INFO - Setting next_dagrun for example_skip_dag to 2025-01-18 00:00:00+00:00, run_after=2025-01-19 00:00:00+00:00
[2025-01-19T04:12:51.383+0000] {processor.py:208} INFO - Processing /home/airflow/.local/lib/python3.12/site-packages/airflow/example_dags/example_skip_dag.py took 0.218 seconds
[2025-01-19T04:13:28.157+0000] {processor.py:186} INFO - Started process (PID=511) to work on /home/airflow/.local/lib/python3.12/site-packages/airflow/example_dags/example_skip_dag.py
[2025-01-19T04:13:28.160+0000] {processor.py:914} INFO - Processing file /home/airflow/.local/lib/python3.12/site-packages/airflow/example_dags/example_skip_dag.py for tasks to queue
[2025-01-19T04:13:28.166+0000] {logging_mixin.py:190} INFO - [2025-01-19T04:13:28.165+0000] {dagbag.py:588} INFO - Filling up the DagBag from /home/airflow/.local/lib/python3.12/site-packages/airflow/example_dags/example_skip_dag.py
[2025-01-19T04:13:28.187+0000] {processor.py:925} INFO - DAG(s) 'example_skip_dag' retrieved from /home/airflow/.local/lib/python3.12/site-packages/airflow/example_dags/example_skip_dag.py
[2025-01-19T04:13:28.235+0000] {logging_mixin.py:190} INFO - [2025-01-19T04:13:28.234+0000] {dag.py:3239} INFO - Sync 1 DAGs
[2025-01-19T04:13:28.293+0000] {logging_mixin.py:190} INFO - [2025-01-19T04:13:28.292+0000] {dag.py:4180} INFO - Setting next_dagrun for example_skip_dag to 2025-01-18 00:00:00+00:00, run_after=2025-01-19 00:00:00+00:00
[2025-01-19T04:13:28.336+0000] {processor.py:208} INFO - Processing /home/airflow/.local/lib/python3.12/site-packages/airflow/example_dags/example_skip_dag.py took 0.190 seconds
[2025-01-19T04:14:02.300+0000] {processor.py:186} INFO - Started process (PID=565) to work on /home/airflow/.local/lib/python3.12/site-packages/airflow/example_dags/example_skip_dag.py
[2025-01-19T04:14:02.306+0000] {processor.py:914} INFO - Processing file /home/airflow/.local/lib/python3.12/site-packages/airflow/example_dags/example_skip_dag.py for tasks to queue
[2025-01-19T04:14:02.330+0000] {logging_mixin.py:190} INFO - [2025-01-19T04:14:02.329+0000] {dagbag.py:588} INFO - Filling up the DagBag from /home/airflow/.local/lib/python3.12/site-packages/airflow/example_dags/example_skip_dag.py
[2025-01-19T04:14:02.372+0000] {processor.py:925} INFO - DAG(s) 'example_skip_dag' retrieved from /home/airflow/.local/lib/python3.12/site-packages/airflow/example_dags/example_skip_dag.py
[2025-01-19T04:14:02.489+0000] {logging_mixin.py:190} INFO - [2025-01-19T04:14:02.488+0000] {dag.py:3239} INFO - Sync 1 DAGs
[2025-01-19T04:14:02.609+0000] {logging_mixin.py:190} INFO - [2025-01-19T04:14:02.608+0000] {dag.py:4180} INFO - Setting next_dagrun for example_skip_dag to 2025-01-18 00:00:00+00:00, run_after=2025-01-19 00:00:00+00:00
[2025-01-19T04:14:02.754+0000] {processor.py:208} INFO - Processing /home/airflow/.local/lib/python3.12/site-packages/airflow/example_dags/example_skip_dag.py took 0.478 seconds
[2025-01-19T04:15:16.216+0000] {processor.py:186} INFO - Started process (PID=630) to work on /home/airflow/.local/lib/python3.12/site-packages/airflow/example_dags/example_skip_dag.py
[2025-01-19T04:15:16.219+0000] {processor.py:914} INFO - Processing file /home/airflow/.local/lib/python3.12/site-packages/airflow/example_dags/example_skip_dag.py for tasks to queue
[2025-01-19T04:15:16.229+0000] {logging_mixin.py:190} INFO - [2025-01-19T04:15:16.228+0000] {dagbag.py:588} INFO - Filling up the DagBag from /home/airflow/.local/lib/python3.12/site-packages/airflow/example_dags/example_skip_dag.py
[2025-01-19T04:15:16.307+0000] {processor.py:925} INFO - DAG(s) 'example_skip_dag' retrieved from /home/airflow/.local/lib/python3.12/site-packages/airflow/example_dags/example_skip_dag.py
[2025-01-19T04:15:16.687+0000] {logging_mixin.py:190} INFO - [2025-01-19T04:15:16.671+0000] {dag.py:3239} INFO - Sync 1 DAGs
[2025-01-19T04:15:16.798+0000] {logging_mixin.py:190} INFO - [2025-01-19T04:15:16.798+0000] {dag.py:4180} INFO - Setting next_dagrun for example_skip_dag to 2025-01-18 00:00:00+00:00, run_after=2025-01-19 00:00:00+00:00
[2025-01-19T04:15:16.881+0000] {processor.py:208} INFO - Processing /home/airflow/.local/lib/python3.12/site-packages/airflow/example_dags/example_skip_dag.py took 0.684 seconds
[2025-01-19T04:18:16.340+0000] {processor.py:186} INFO - Started process (PID=687) to work on /home/airflow/.local/lib/python3.12/site-packages/airflow/example_dags/example_skip_dag.py
[2025-01-19T04:18:16.355+0000] {processor.py:914} INFO - Processing file /home/airflow/.local/lib/python3.12/site-packages/airflow/example_dags/example_skip_dag.py for tasks to queue
[2025-01-19T04:18:16.358+0000] {logging_mixin.py:190} INFO - [2025-01-19T04:18:16.357+0000] {dagbag.py:588} INFO - Filling up the DagBag from /home/airflow/.local/lib/python3.12/site-packages/airflow/example_dags/example_skip_dag.py
[2025-01-19T04:18:16.454+0000] {processor.py:925} INFO - DAG(s) 'example_skip_dag' retrieved from /home/airflow/.local/lib/python3.12/site-packages/airflow/example_dags/example_skip_dag.py
[2025-01-19T04:18:16.700+0000] {logging_mixin.py:190} INFO - [2025-01-19T04:18:16.699+0000] {dag.py:3239} INFO - Sync 1 DAGs
[2025-01-19T04:18:17.006+0000] {logging_mixin.py:190} INFO - [2025-01-19T04:18:17.006+0000] {dag.py:4180} INFO - Setting next_dagrun for example_skip_dag to 2025-01-18 00:00:00+00:00, run_after=2025-01-19 00:00:00+00:00
[2025-01-19T04:18:17.154+0000] {processor.py:208} INFO - Processing /home/airflow/.local/lib/python3.12/site-packages/airflow/example_dags/example_skip_dag.py took 0.853 seconds
[2025-01-19T04:18:52.896+0000] {processor.py:186} INFO - Started process (PID=750) to work on /home/airflow/.local/lib/python3.12/site-packages/airflow/example_dags/example_skip_dag.py
[2025-01-19T04:18:52.899+0000] {processor.py:914} INFO - Processing file /home/airflow/.local/lib/python3.12/site-packages/airflow/example_dags/example_skip_dag.py for tasks to queue
[2025-01-19T04:18:52.903+0000] {logging_mixin.py:190} INFO - [2025-01-19T04:18:52.902+0000] {dagbag.py:588} INFO - Filling up the DagBag from /home/airflow/.local/lib/python3.12/site-packages/airflow/example_dags/example_skip_dag.py
[2025-01-19T04:18:52.943+0000] {processor.py:925} INFO - DAG(s) 'example_skip_dag' retrieved from /home/airflow/.local/lib/python3.12/site-packages/airflow/example_dags/example_skip_dag.py
[2025-01-19T04:18:53.031+0000] {logging_mixin.py:190} INFO - [2025-01-19T04:18:53.031+0000] {dag.py:3239} INFO - Sync 1 DAGs
[2025-01-19T04:18:53.133+0000] {logging_mixin.py:190} INFO - [2025-01-19T04:18:53.133+0000] {dag.py:4180} INFO - Setting next_dagrun for example_skip_dag to 2025-01-18 00:00:00+00:00, run_after=2025-01-19 00:00:00+00:00
[2025-01-19T04:18:53.237+0000] {processor.py:208} INFO - Processing /home/airflow/.local/lib/python3.12/site-packages/airflow/example_dags/example_skip_dag.py took 0.367 seconds
[2025-01-19T04:19:24.149+0000] {processor.py:186} INFO - Started process (PID=813) to work on /home/airflow/.local/lib/python3.12/site-packages/airflow/example_dags/example_skip_dag.py
[2025-01-19T04:19:24.151+0000] {processor.py:914} INFO - Processing file /home/airflow/.local/lib/python3.12/site-packages/airflow/example_dags/example_skip_dag.py for tasks to queue
[2025-01-19T04:19:24.163+0000] {logging_mixin.py:190} INFO - [2025-01-19T04:19:24.162+0000] {dagbag.py:588} INFO - Filling up the DagBag from /home/airflow/.local/lib/python3.12/site-packages/airflow/example_dags/example_skip_dag.py
[2025-01-19T04:19:24.189+0000] {processor.py:925} INFO - DAG(s) 'example_skip_dag' retrieved from /home/airflow/.local/lib/python3.12/site-packages/airflow/example_dags/example_skip_dag.py
[2025-01-19T04:19:24.236+0000] {logging_mixin.py:190} INFO - [2025-01-19T04:19:24.236+0000] {dag.py:3239} INFO - Sync 1 DAGs
[2025-01-19T04:19:24.430+0000] {logging_mixin.py:190} INFO - [2025-01-19T04:19:24.430+0000] {dag.py:4180} INFO - Setting next_dagrun for example_skip_dag to 2025-01-18 00:00:00+00:00, run_after=2025-01-19 00:00:00+00:00
[2025-01-19T04:19:24.524+0000] {processor.py:208} INFO - Processing /home/airflow/.local/lib/python3.12/site-packages/airflow/example_dags/example_skip_dag.py took 0.393 seconds
[2025-01-19T04:19:55.188+0000] {processor.py:186} INFO - Started process (PID=876) to work on /home/airflow/.local/lib/python3.12/site-packages/airflow/example_dags/example_skip_dag.py
[2025-01-19T04:19:55.190+0000] {processor.py:914} INFO - Processing file /home/airflow/.local/lib/python3.12/site-packages/airflow/example_dags/example_skip_dag.py for tasks to queue
[2025-01-19T04:19:55.194+0000] {logging_mixin.py:190} INFO - [2025-01-19T04:19:55.193+0000] {dagbag.py:588} INFO - Filling up the DagBag from /home/airflow/.local/lib/python3.12/site-packages/airflow/example_dags/example_skip_dag.py
[2025-01-19T04:19:55.222+0000] {processor.py:925} INFO - DAG(s) 'example_skip_dag' retrieved from /home/airflow/.local/lib/python3.12/site-packages/airflow/example_dags/example_skip_dag.py
[2025-01-19T04:19:55.274+0000] {logging_mixin.py:190} INFO - [2025-01-19T04:19:55.273+0000] {dag.py:3239} INFO - Sync 1 DAGs
[2025-01-19T04:19:55.329+0000] {logging_mixin.py:190} INFO - [2025-01-19T04:19:55.328+0000] {dag.py:4180} INFO - Setting next_dagrun for example_skip_dag to 2025-01-18 00:00:00+00:00, run_after=2025-01-19 00:00:00+00:00
[2025-01-19T04:19:55.374+0000] {processor.py:208} INFO - Processing /home/airflow/.local/lib/python3.12/site-packages/airflow/example_dags/example_skip_dag.py took 0.199 seconds
[2025-01-19T04:20:25.672+0000] {processor.py:186} INFO - Started process (PID=939) to work on /home/airflow/.local/lib/python3.12/site-packages/airflow/example_dags/example_skip_dag.py
[2025-01-19T04:20:25.674+0000] {processor.py:914} INFO - Processing file /home/airflow/.local/lib/python3.12/site-packages/airflow/example_dags/example_skip_dag.py for tasks to queue
[2025-01-19T04:20:25.676+0000] {logging_mixin.py:190} INFO - [2025-01-19T04:20:25.676+0000] {dagbag.py:588} INFO - Filling up the DagBag from /home/airflow/.local/lib/python3.12/site-packages/airflow/example_dags/example_skip_dag.py
[2025-01-19T04:20:25.697+0000] {processor.py:925} INFO - DAG(s) 'example_skip_dag' retrieved from /home/airflow/.local/lib/python3.12/site-packages/airflow/example_dags/example_skip_dag.py
[2025-01-19T04:20:25.740+0000] {logging_mixin.py:190} INFO - [2025-01-19T04:20:25.739+0000] {dag.py:3239} INFO - Sync 1 DAGs
[2025-01-19T04:20:25.793+0000] {logging_mixin.py:190} INFO - [2025-01-19T04:20:25.793+0000] {dag.py:4180} INFO - Setting next_dagrun for example_skip_dag to 2025-01-18 00:00:00+00:00, run_after=2025-01-19 00:00:00+00:00
[2025-01-19T04:20:25.833+0000] {processor.py:208} INFO - Processing /home/airflow/.local/lib/python3.12/site-packages/airflow/example_dags/example_skip_dag.py took 0.173 seconds
[2025-01-19T04:20:59.209+0000] {processor.py:186} INFO - Started process (PID=991) to work on /home/airflow/.local/lib/python3.12/site-packages/airflow/example_dags/example_skip_dag.py
[2025-01-19T04:20:59.219+0000] {processor.py:914} INFO - Processing file /home/airflow/.local/lib/python3.12/site-packages/airflow/example_dags/example_skip_dag.py for tasks to queue
[2025-01-19T04:20:59.226+0000] {logging_mixin.py:190} INFO - [2025-01-19T04:20:59.225+0000] {dagbag.py:588} INFO - Filling up the DagBag from /home/airflow/.local/lib/python3.12/site-packages/airflow/example_dags/example_skip_dag.py
[2025-01-19T04:20:59.276+0000] {processor.py:925} INFO - DAG(s) 'example_skip_dag' retrieved from /home/airflow/.local/lib/python3.12/site-packages/airflow/example_dags/example_skip_dag.py
[2025-01-19T04:20:58.838+0000] {logging_mixin.py:190} INFO - [2025-01-19T04:20:58.837+0000] {dag.py:3239} INFO - Sync 1 DAGs
[2025-01-19T04:20:59.059+0000] {logging_mixin.py:190} INFO - [2025-01-19T04:20:59.058+0000] {dag.py:4180} INFO - Setting next_dagrun for example_skip_dag to 2025-01-18 00:00:00+00:00, run_after=2025-01-19 00:00:00+00:00
[2025-01-19T04:20:58.280+0000] {processor.py:208} INFO - Processing /home/airflow/.local/lib/python3.12/site-packages/airflow/example_dags/example_skip_dag.py took 0.634 seconds
[2025-01-19T04:21:32.037+0000] {processor.py:186} INFO - Started process (PID=1048) to work on /home/airflow/.local/lib/python3.12/site-packages/airflow/example_dags/example_skip_dag.py
[2025-01-19T04:21:32.040+0000] {processor.py:914} INFO - Processing file /home/airflow/.local/lib/python3.12/site-packages/airflow/example_dags/example_skip_dag.py for tasks to queue
[2025-01-19T04:21:32.043+0000] {logging_mixin.py:190} INFO - [2025-01-19T04:21:32.042+0000] {dagbag.py:588} INFO - Filling up the DagBag from /home/airflow/.local/lib/python3.12/site-packages/airflow/example_dags/example_skip_dag.py
[2025-01-19T04:21:32.082+0000] {processor.py:925} INFO - DAG(s) 'example_skip_dag' retrieved from /home/airflow/.local/lib/python3.12/site-packages/airflow/example_dags/example_skip_dag.py
[2025-01-19T04:21:32.210+0000] {logging_mixin.py:190} INFO - [2025-01-19T04:21:32.208+0000] {dag.py:3239} INFO - Sync 1 DAGs
[2025-01-19T04:21:32.386+0000] {logging_mixin.py:190} INFO - [2025-01-19T04:21:32.385+0000] {dag.py:4180} INFO - Setting next_dagrun for example_skip_dag to 2025-01-18 00:00:00+00:00, run_after=2025-01-19 00:00:00+00:00
[2025-01-19T04:21:32.473+0000] {processor.py:208} INFO - Processing /home/airflow/.local/lib/python3.12/site-packages/airflow/example_dags/example_skip_dag.py took 0.453 seconds
[2025-01-19T04:27:24.089+0000] {processor.py:186} INFO - Started process (PID=64) to work on /home/airflow/.local/lib/python3.12/site-packages/airflow/example_dags/example_skip_dag.py
[2025-01-19T04:27:24.097+0000] {processor.py:914} INFO - Processing file /home/airflow/.local/lib/python3.12/site-packages/airflow/example_dags/example_skip_dag.py for tasks to queue
[2025-01-19T04:27:24.125+0000] {logging_mixin.py:190} INFO - [2025-01-19T04:27:24.122+0000] {dagbag.py:588} INFO - Filling up the DagBag from /home/airflow/.local/lib/python3.12/site-packages/airflow/example_dags/example_skip_dag.py
[2025-01-19T04:27:24.151+0000] {processor.py:925} INFO - DAG(s) 'example_skip_dag' retrieved from /home/airflow/.local/lib/python3.12/site-packages/airflow/example_dags/example_skip_dag.py
[2025-01-19T04:27:25.677+0000] {logging_mixin.py:190} INFO - [2025-01-19T04:27:25.632+0000] {override.py:1911} INFO - Created Permission View: can delete on DAG:example_skip_dag
[2025-01-19T04:27:25.921+0000] {logging_mixin.py:190} INFO - [2025-01-19T04:27:25.921+0000] {override.py:1911} INFO - Created Permission View: can edit on DAG:example_skip_dag
[2025-01-19T04:27:26.037+0000] {logging_mixin.py:190} INFO - [2025-01-19T04:27:26.037+0000] {override.py:1911} INFO - Created Permission View: can read on DAG:example_skip_dag
[2025-01-19T04:27:26.284+0000] {logging_mixin.py:190} INFO - [2025-01-19T04:27:26.283+0000] {override.py:1911} INFO - Created Permission View: can create on DAG Run:example_skip_dag
[2025-01-19T04:27:26.376+0000] {logging_mixin.py:190} INFO - [2025-01-19T04:27:26.375+0000] {override.py:1911} INFO - Created Permission View: menu access on DAG Run:example_skip_dag
[2025-01-19T04:27:26.506+0000] {logging_mixin.py:190} INFO - [2025-01-19T04:27:26.505+0000] {override.py:1911} INFO - Created Permission View: can delete on DAG Run:example_skip_dag
[2025-01-19T04:27:26.569+0000] {logging_mixin.py:190} INFO - [2025-01-19T04:27:26.568+0000] {override.py:1911} INFO - Created Permission View: can read on DAG Run:example_skip_dag
[2025-01-19T04:27:26.577+0000] {logging_mixin.py:190} INFO - [2025-01-19T04:27:26.576+0000] {dag.py:3239} INFO - Sync 1 DAGs
[2025-01-19T04:27:26.693+0000] {logging_mixin.py:190} INFO - [2025-01-19T04:27:26.692+0000] {dag.py:3262} INFO - Creating ORM DAG for example_skip_dag
[2025-01-19T04:27:26.757+0000] {logging_mixin.py:190} INFO - [2025-01-19T04:27:26.756+0000] {dag.py:4180} INFO - Setting next_dagrun for example_skip_dag to 2025-01-18 00:00:00+00:00, run_after=2025-01-19 00:00:00+00:00
[2025-01-19T04:27:26.846+0000] {processor.py:208} INFO - Processing /home/airflow/.local/lib/python3.12/site-packages/airflow/example_dags/example_skip_dag.py took 2.779 seconds
[2025-01-19T04:28:24.790+0000] {processor.py:186} INFO - Started process (PID=133) to work on /home/airflow/.local/lib/python3.12/site-packages/airflow/example_dags/example_skip_dag.py
[2025-01-19T04:28:24.792+0000] {processor.py:914} INFO - Processing file /home/airflow/.local/lib/python3.12/site-packages/airflow/example_dags/example_skip_dag.py for tasks to queue
[2025-01-19T04:28:24.797+0000] {logging_mixin.py:190} INFO - [2025-01-19T04:28:24.796+0000] {dagbag.py:588} INFO - Filling up the DagBag from /home/airflow/.local/lib/python3.12/site-packages/airflow/example_dags/example_skip_dag.py
[2025-01-19T04:28:24.813+0000] {processor.py:925} INFO - DAG(s) 'example_skip_dag' retrieved from /home/airflow/.local/lib/python3.12/site-packages/airflow/example_dags/example_skip_dag.py
[2025-01-19T04:28:24.886+0000] {logging_mixin.py:190} INFO - [2025-01-19T04:28:24.885+0000] {dag.py:3239} INFO - Sync 1 DAGs
[2025-01-19T04:28:24.984+0000] {logging_mixin.py:190} INFO - [2025-01-19T04:28:24.984+0000] {dag.py:4180} INFO - Setting next_dagrun for example_skip_dag to 2025-01-18 00:00:00+00:00, run_after=2025-01-19 00:00:00+00:00
[2025-01-19T04:28:25.030+0000] {processor.py:208} INFO - Processing /home/airflow/.local/lib/python3.12/site-packages/airflow/example_dags/example_skip_dag.py took 0.250 seconds
[2025-01-19T04:28:56.405+0000] {processor.py:186} INFO - Started process (PID=196) to work on /home/airflow/.local/lib/python3.12/site-packages/airflow/example_dags/example_skip_dag.py
[2025-01-19T04:28:56.407+0000] {processor.py:914} INFO - Processing file /home/airflow/.local/lib/python3.12/site-packages/airflow/example_dags/example_skip_dag.py for tasks to queue
[2025-01-19T04:28:56.425+0000] {logging_mixin.py:190} INFO - [2025-01-19T04:28:56.424+0000] {dagbag.py:588} INFO - Filling up the DagBag from /home/airflow/.local/lib/python3.12/site-packages/airflow/example_dags/example_skip_dag.py
[2025-01-19T04:28:56.490+0000] {processor.py:925} INFO - DAG(s) 'example_skip_dag' retrieved from /home/airflow/.local/lib/python3.12/site-packages/airflow/example_dags/example_skip_dag.py
[2025-01-19T04:28:56.618+0000] {logging_mixin.py:190} INFO - [2025-01-19T04:28:56.618+0000] {dag.py:3239} INFO - Sync 1 DAGs
[2025-01-19T04:28:56.765+0000] {logging_mixin.py:190} INFO - [2025-01-19T04:28:56.764+0000] {dag.py:4180} INFO - Setting next_dagrun for example_skip_dag to 2025-01-18 00:00:00+00:00, run_after=2025-01-19 00:00:00+00:00
[2025-01-19T04:28:56.837+0000] {processor.py:208} INFO - Processing /home/airflow/.local/lib/python3.12/site-packages/airflow/example_dags/example_skip_dag.py took 0.458 seconds
[2025-01-19T04:29:27.440+0000] {processor.py:186} INFO - Started process (PID=259) to work on /home/airflow/.local/lib/python3.12/site-packages/airflow/example_dags/example_skip_dag.py
[2025-01-19T04:29:27.444+0000] {processor.py:914} INFO - Processing file /home/airflow/.local/lib/python3.12/site-packages/airflow/example_dags/example_skip_dag.py for tasks to queue
[2025-01-19T04:29:27.459+0000] {logging_mixin.py:190} INFO - [2025-01-19T04:29:27.459+0000] {dagbag.py:588} INFO - Filling up the DagBag from /home/airflow/.local/lib/python3.12/site-packages/airflow/example_dags/example_skip_dag.py
[2025-01-19T04:29:27.484+0000] {processor.py:925} INFO - DAG(s) 'example_skip_dag' retrieved from /home/airflow/.local/lib/python3.12/site-packages/airflow/example_dags/example_skip_dag.py
[2025-01-19T04:29:27.560+0000] {logging_mixin.py:190} INFO - [2025-01-19T04:29:27.559+0000] {dag.py:3239} INFO - Sync 1 DAGs
[2025-01-19T04:29:27.636+0000] {logging_mixin.py:190} INFO - [2025-01-19T04:29:27.635+0000] {dag.py:4180} INFO - Setting next_dagrun for example_skip_dag to 2025-01-18 00:00:00+00:00, run_after=2025-01-19 00:00:00+00:00
[2025-01-19T04:29:27.689+0000] {processor.py:208} INFO - Processing /home/airflow/.local/lib/python3.12/site-packages/airflow/example_dags/example_skip_dag.py took 0.271 seconds
[2025-01-19T04:30:06.072+0000] {processor.py:186} INFO - Started process (PID=299) to work on /home/airflow/.local/lib/python3.12/site-packages/airflow/example_dags/example_skip_dag.py
[2025-01-19T04:30:06.083+0000] {processor.py:914} INFO - Processing file /home/airflow/.local/lib/python3.12/site-packages/airflow/example_dags/example_skip_dag.py for tasks to queue
[2025-01-19T04:30:06.103+0000] {logging_mixin.py:190} INFO - [2025-01-19T04:30:06.102+0000] {dagbag.py:588} INFO - Filling up the DagBag from /home/airflow/.local/lib/python3.12/site-packages/airflow/example_dags/example_skip_dag.py
[2025-01-19T04:30:06.172+0000] {processor.py:925} INFO - DAG(s) 'example_skip_dag' retrieved from /home/airflow/.local/lib/python3.12/site-packages/airflow/example_dags/example_skip_dag.py
[2025-01-19T04:30:06.301+0000] {logging_mixin.py:190} INFO - [2025-01-19T04:30:06.300+0000] {dag.py:3239} INFO - Sync 1 DAGs
[2025-01-19T04:30:06.470+0000] {logging_mixin.py:190} INFO - [2025-01-19T04:30:06.470+0000] {dag.py:4180} INFO - Setting next_dagrun for example_skip_dag to 2025-01-18 00:00:00+00:00, run_after=2025-01-19 00:00:00+00:00
[2025-01-19T04:30:06.615+0000] {processor.py:208} INFO - Processing /home/airflow/.local/lib/python3.12/site-packages/airflow/example_dags/example_skip_dag.py took 0.566 seconds
[2025-01-19T04:30:39.836+0000] {processor.py:186} INFO - Started process (PID=358) to work on /home/airflow/.local/lib/python3.12/site-packages/airflow/example_dags/example_skip_dag.py
[2025-01-19T04:30:39.839+0000] {processor.py:914} INFO - Processing file /home/airflow/.local/lib/python3.12/site-packages/airflow/example_dags/example_skip_dag.py for tasks to queue
[2025-01-19T04:30:39.845+0000] {logging_mixin.py:190} INFO - [2025-01-19T04:30:39.844+0000] {dagbag.py:588} INFO - Filling up the DagBag from /home/airflow/.local/lib/python3.12/site-packages/airflow/example_dags/example_skip_dag.py
[2025-01-19T04:30:39.865+0000] {processor.py:925} INFO - DAG(s) 'example_skip_dag' retrieved from /home/airflow/.local/lib/python3.12/site-packages/airflow/example_dags/example_skip_dag.py
[2025-01-19T04:30:39.918+0000] {logging_mixin.py:190} INFO - [2025-01-19T04:30:39.918+0000] {dag.py:3239} INFO - Sync 1 DAGs
[2025-01-19T04:30:40.018+0000] {logging_mixin.py:190} INFO - [2025-01-19T04:30:40.017+0000] {dag.py:4180} INFO - Setting next_dagrun for example_skip_dag to 2025-01-18 00:00:00+00:00, run_after=2025-01-19 00:00:00+00:00
[2025-01-19T04:30:40.087+0000] {processor.py:208} INFO - Processing /home/airflow/.local/lib/python3.12/site-packages/airflow/example_dags/example_skip_dag.py took 0.292 seconds
[2025-01-19T04:31:18.165+0000] {processor.py:186} INFO - Started process (PID=426) to work on /home/airflow/.local/lib/python3.12/site-packages/airflow/example_dags/example_skip_dag.py
[2025-01-19T04:31:18.168+0000] {processor.py:914} INFO - Processing file /home/airflow/.local/lib/python3.12/site-packages/airflow/example_dags/example_skip_dag.py for tasks to queue
[2025-01-19T04:31:18.176+0000] {logging_mixin.py:190} INFO - [2025-01-19T04:31:18.173+0000] {dagbag.py:588} INFO - Filling up the DagBag from /home/airflow/.local/lib/python3.12/site-packages/airflow/example_dags/example_skip_dag.py
[2025-01-19T04:31:18.214+0000] {processor.py:925} INFO - DAG(s) 'example_skip_dag' retrieved from /home/airflow/.local/lib/python3.12/site-packages/airflow/example_dags/example_skip_dag.py
[2025-01-19T04:31:18.312+0000] {logging_mixin.py:190} INFO - [2025-01-19T04:31:18.311+0000] {dag.py:3239} INFO - Sync 1 DAGs
[2025-01-19T04:31:18.471+0000] {logging_mixin.py:190} INFO - [2025-01-19T04:31:18.470+0000] {dag.py:4180} INFO - Setting next_dagrun for example_skip_dag to 2025-01-18 00:00:00+00:00, run_after=2025-01-19 00:00:00+00:00
[2025-01-19T04:31:18.533+0000] {processor.py:208} INFO - Processing /home/airflow/.local/lib/python3.12/site-packages/airflow/example_dags/example_skip_dag.py took 0.384 seconds
[2025-01-19T04:31:54.725+0000] {processor.py:186} INFO - Started process (PID=489) to work on /home/airflow/.local/lib/python3.12/site-packages/airflow/example_dags/example_skip_dag.py
[2025-01-19T04:31:54.728+0000] {processor.py:914} INFO - Processing file /home/airflow/.local/lib/python3.12/site-packages/airflow/example_dags/example_skip_dag.py for tasks to queue
[2025-01-19T04:31:54.734+0000] {logging_mixin.py:190} INFO - [2025-01-19T04:31:54.733+0000] {dagbag.py:588} INFO - Filling up the DagBag from /home/airflow/.local/lib/python3.12/site-packages/airflow/example_dags/example_skip_dag.py
[2025-01-19T04:31:54.760+0000] {processor.py:925} INFO - DAG(s) 'example_skip_dag' retrieved from /home/airflow/.local/lib/python3.12/site-packages/airflow/example_dags/example_skip_dag.py
[2025-01-19T04:31:54.837+0000] {logging_mixin.py:190} INFO - [2025-01-19T04:31:54.837+0000] {dag.py:3239} INFO - Sync 1 DAGs
[2025-01-19T04:31:54.909+0000] {logging_mixin.py:190} INFO - [2025-01-19T04:31:54.908+0000] {dag.py:4180} INFO - Setting next_dagrun for example_skip_dag to 2025-01-18 00:00:00+00:00, run_after=2025-01-19 00:00:00+00:00
[2025-01-19T04:31:54.965+0000] {processor.py:208} INFO - Processing /home/airflow/.local/lib/python3.12/site-packages/airflow/example_dags/example_skip_dag.py took 0.250 seconds
[2025-01-19T04:32:26.167+0000] {processor.py:186} INFO - Started process (PID=553) to work on /home/airflow/.local/lib/python3.12/site-packages/airflow/example_dags/example_skip_dag.py
[2025-01-19T04:32:26.169+0000] {processor.py:914} INFO - Processing file /home/airflow/.local/lib/python3.12/site-packages/airflow/example_dags/example_skip_dag.py for tasks to queue
[2025-01-19T04:32:26.175+0000] {logging_mixin.py:190} INFO - [2025-01-19T04:32:26.174+0000] {dagbag.py:588} INFO - Filling up the DagBag from /home/airflow/.local/lib/python3.12/site-packages/airflow/example_dags/example_skip_dag.py
[2025-01-19T04:32:26.197+0000] {processor.py:925} INFO - DAG(s) 'example_skip_dag' retrieved from /home/airflow/.local/lib/python3.12/site-packages/airflow/example_dags/example_skip_dag.py
[2025-01-19T04:32:26.336+0000] {logging_mixin.py:190} INFO - [2025-01-19T04:32:26.335+0000] {dag.py:3239} INFO - Sync 1 DAGs
[2025-01-19T04:32:26.410+0000] {logging_mixin.py:190} INFO - [2025-01-19T04:32:26.409+0000] {dag.py:4180} INFO - Setting next_dagrun for example_skip_dag to 2025-01-18 00:00:00+00:00, run_after=2025-01-19 00:00:00+00:00
[2025-01-19T04:32:26.481+0000] {processor.py:208} INFO - Processing /home/airflow/.local/lib/python3.12/site-packages/airflow/example_dags/example_skip_dag.py took 0.328 seconds
[2025-01-19T04:32:59.508+0000] {processor.py:186} INFO - Started process (PID=615) to work on /home/airflow/.local/lib/python3.12/site-packages/airflow/example_dags/example_skip_dag.py
[2025-01-19T04:32:59.510+0000] {processor.py:914} INFO - Processing file /home/airflow/.local/lib/python3.12/site-packages/airflow/example_dags/example_skip_dag.py for tasks to queue
[2025-01-19T04:32:59.516+0000] {logging_mixin.py:190} INFO - [2025-01-19T04:32:59.515+0000] {dagbag.py:588} INFO - Filling up the DagBag from /home/airflow/.local/lib/python3.12/site-packages/airflow/example_dags/example_skip_dag.py
[2025-01-19T04:32:59.537+0000] {processor.py:925} INFO - DAG(s) 'example_skip_dag' retrieved from /home/airflow/.local/lib/python3.12/site-packages/airflow/example_dags/example_skip_dag.py
[2025-01-19T04:32:59.596+0000] {logging_mixin.py:190} INFO - [2025-01-19T04:32:59.595+0000] {dag.py:3239} INFO - Sync 1 DAGs
[2025-01-19T04:32:59.720+0000] {logging_mixin.py:190} INFO - [2025-01-19T04:32:59.720+0000] {dag.py:4180} INFO - Setting next_dagrun for example_skip_dag to 2025-01-18 00:00:00+00:00, run_after=2025-01-19 00:00:00+00:00
[2025-01-19T04:32:59.801+0000] {processor.py:208} INFO - Processing /home/airflow/.local/lib/python3.12/site-packages/airflow/example_dags/example_skip_dag.py took 0.308 seconds
[2025-01-19T04:33:30.823+0000] {processor.py:186} INFO - Started process (PID=678) to work on /home/airflow/.local/lib/python3.12/site-packages/airflow/example_dags/example_skip_dag.py
[2025-01-19T04:33:30.827+0000] {processor.py:914} INFO - Processing file /home/airflow/.local/lib/python3.12/site-packages/airflow/example_dags/example_skip_dag.py for tasks to queue
[2025-01-19T04:33:30.838+0000] {logging_mixin.py:190} INFO - [2025-01-19T04:33:30.837+0000] {dagbag.py:588} INFO - Filling up the DagBag from /home/airflow/.local/lib/python3.12/site-packages/airflow/example_dags/example_skip_dag.py
[2025-01-19T04:33:30.879+0000] {processor.py:925} INFO - DAG(s) 'example_skip_dag' retrieved from /home/airflow/.local/lib/python3.12/site-packages/airflow/example_dags/example_skip_dag.py
[2025-01-19T04:33:30.964+0000] {logging_mixin.py:190} INFO - [2025-01-19T04:33:30.964+0000] {dag.py:3239} INFO - Sync 1 DAGs
[2025-01-19T04:33:31.111+0000] {logging_mixin.py:190} INFO - [2025-01-19T04:33:31.110+0000] {dag.py:4180} INFO - Setting next_dagrun for example_skip_dag to 2025-01-18 00:00:00+00:00, run_after=2025-01-19 00:00:00+00:00
[2025-01-19T04:33:31.178+0000] {processor.py:208} INFO - Processing /home/airflow/.local/lib/python3.12/site-packages/airflow/example_dags/example_skip_dag.py took 0.375 seconds
[2025-01-19T04:34:01.603+0000] {processor.py:186} INFO - Started process (PID=740) to work on /home/airflow/.local/lib/python3.12/site-packages/airflow/example_dags/example_skip_dag.py
[2025-01-19T04:34:01.605+0000] {processor.py:914} INFO - Processing file /home/airflow/.local/lib/python3.12/site-packages/airflow/example_dags/example_skip_dag.py for tasks to queue
[2025-01-19T04:34:01.610+0000] {logging_mixin.py:190} INFO - [2025-01-19T04:34:01.610+0000] {dagbag.py:588} INFO - Filling up the DagBag from /home/airflow/.local/lib/python3.12/site-packages/airflow/example_dags/example_skip_dag.py
[2025-01-19T04:34:01.625+0000] {processor.py:925} INFO - DAG(s) 'example_skip_dag' retrieved from /home/airflow/.local/lib/python3.12/site-packages/airflow/example_dags/example_skip_dag.py
[2025-01-19T04:34:01.674+0000] {logging_mixin.py:190} INFO - [2025-01-19T04:34:01.673+0000] {dag.py:3239} INFO - Sync 1 DAGs
[2025-01-19T04:34:01.721+0000] {logging_mixin.py:190} INFO - [2025-01-19T04:34:01.720+0000] {dag.py:4180} INFO - Setting next_dagrun for example_skip_dag to 2025-01-18 00:00:00+00:00, run_after=2025-01-19 00:00:00+00:00
[2025-01-19T04:34:01.763+0000] {processor.py:208} INFO - Processing /home/airflow/.local/lib/python3.12/site-packages/airflow/example_dags/example_skip_dag.py took 0.170 seconds
[2025-01-19T04:34:32.706+0000] {processor.py:186} INFO - Started process (PID=804) to work on /home/airflow/.local/lib/python3.12/site-packages/airflow/example_dags/example_skip_dag.py
[2025-01-19T04:34:32.708+0000] {processor.py:914} INFO - Processing file /home/airflow/.local/lib/python3.12/site-packages/airflow/example_dags/example_skip_dag.py for tasks to queue
[2025-01-19T04:34:32.714+0000] {logging_mixin.py:190} INFO - [2025-01-19T04:34:32.713+0000] {dagbag.py:588} INFO - Filling up the DagBag from /home/airflow/.local/lib/python3.12/site-packages/airflow/example_dags/example_skip_dag.py
[2025-01-19T04:34:32.734+0000] {processor.py:925} INFO - DAG(s) 'example_skip_dag' retrieved from /home/airflow/.local/lib/python3.12/site-packages/airflow/example_dags/example_skip_dag.py
[2025-01-19T04:34:32.784+0000] {logging_mixin.py:190} INFO - [2025-01-19T04:34:32.784+0000] {dag.py:3239} INFO - Sync 1 DAGs
[2025-01-19T04:34:32.837+0000] {logging_mixin.py:190} INFO - [2025-01-19T04:34:32.836+0000] {dag.py:4180} INFO - Setting next_dagrun for example_skip_dag to 2025-01-18 00:00:00+00:00, run_after=2025-01-19 00:00:00+00:00
[2025-01-19T04:34:32.885+0000] {processor.py:208} INFO - Processing /home/airflow/.local/lib/python3.12/site-packages/airflow/example_dags/example_skip_dag.py took 0.194 seconds
[2025-01-19T04:35:03.207+0000] {processor.py:186} INFO - Started process (PID=866) to work on /home/airflow/.local/lib/python3.12/site-packages/airflow/example_dags/example_skip_dag.py
[2025-01-19T04:35:03.221+0000] {processor.py:914} INFO - Processing file /home/airflow/.local/lib/python3.12/site-packages/airflow/example_dags/example_skip_dag.py for tasks to queue
[2025-01-19T04:35:03.228+0000] {logging_mixin.py:190} INFO - [2025-01-19T04:35:03.227+0000] {dagbag.py:588} INFO - Filling up the DagBag from /home/airflow/.local/lib/python3.12/site-packages/airflow/example_dags/example_skip_dag.py
[2025-01-19T04:35:03.297+0000] {processor.py:925} INFO - DAG(s) 'example_skip_dag' retrieved from /home/airflow/.local/lib/python3.12/site-packages/airflow/example_dags/example_skip_dag.py
[2025-01-19T04:35:03.412+0000] {logging_mixin.py:190} INFO - [2025-01-19T04:35:03.412+0000] {dag.py:3239} INFO - Sync 1 DAGs
[2025-01-19T04:35:03.530+0000] {logging_mixin.py:190} INFO - [2025-01-19T04:35:03.529+0000] {dag.py:4180} INFO - Setting next_dagrun for example_skip_dag to 2025-01-18 00:00:00+00:00, run_after=2025-01-19 00:00:00+00:00
[2025-01-19T04:35:03.699+0000] {processor.py:208} INFO - Processing /home/airflow/.local/lib/python3.12/site-packages/airflow/example_dags/example_skip_dag.py took 0.518 seconds
[2025-01-19T04:35:38.756+0000] {processor.py:186} INFO - Started process (PID=930) to work on /home/airflow/.local/lib/python3.12/site-packages/airflow/example_dags/example_skip_dag.py
[2025-01-19T04:35:38.758+0000] {processor.py:914} INFO - Processing file /home/airflow/.local/lib/python3.12/site-packages/airflow/example_dags/example_skip_dag.py for tasks to queue
[2025-01-19T04:35:38.765+0000] {logging_mixin.py:190} INFO - [2025-01-19T04:35:38.764+0000] {dagbag.py:588} INFO - Filling up the DagBag from /home/airflow/.local/lib/python3.12/site-packages/airflow/example_dags/example_skip_dag.py
[2025-01-19T04:35:38.793+0000] {processor.py:925} INFO - DAG(s) 'example_skip_dag' retrieved from /home/airflow/.local/lib/python3.12/site-packages/airflow/example_dags/example_skip_dag.py
[2025-01-19T04:35:38.865+0000] {logging_mixin.py:190} INFO - [2025-01-19T04:35:38.865+0000] {dag.py:3239} INFO - Sync 1 DAGs
[2025-01-19T04:35:38.976+0000] {logging_mixin.py:190} INFO - [2025-01-19T04:35:38.973+0000] {dag.py:4180} INFO - Setting next_dagrun for example_skip_dag to 2025-01-18 00:00:00+00:00, run_after=2025-01-19 00:00:00+00:00
[2025-01-19T04:35:39.060+0000] {processor.py:208} INFO - Processing /home/airflow/.local/lib/python3.12/site-packages/airflow/example_dags/example_skip_dag.py took 0.322 seconds
[2025-01-19T04:36:09.579+0000] {processor.py:186} INFO - Started process (PID=993) to work on /home/airflow/.local/lib/python3.12/site-packages/airflow/example_dags/example_skip_dag.py
[2025-01-19T04:36:09.582+0000] {processor.py:914} INFO - Processing file /home/airflow/.local/lib/python3.12/site-packages/airflow/example_dags/example_skip_dag.py for tasks to queue
[2025-01-19T04:36:09.589+0000] {logging_mixin.py:190} INFO - [2025-01-19T04:36:09.588+0000] {dagbag.py:588} INFO - Filling up the DagBag from /home/airflow/.local/lib/python3.12/site-packages/airflow/example_dags/example_skip_dag.py
[2025-01-19T04:36:09.613+0000] {processor.py:925} INFO - DAG(s) 'example_skip_dag' retrieved from /home/airflow/.local/lib/python3.12/site-packages/airflow/example_dags/example_skip_dag.py
[2025-01-19T04:36:09.673+0000] {logging_mixin.py:190} INFO - [2025-01-19T04:36:09.672+0000] {dag.py:3239} INFO - Sync 1 DAGs
[2025-01-19T04:36:09.773+0000] {logging_mixin.py:190} INFO - [2025-01-19T04:36:09.772+0000] {dag.py:4180} INFO - Setting next_dagrun for example_skip_dag to 2025-01-18 00:00:00+00:00, run_after=2025-01-19 00:00:00+00:00
[2025-01-19T04:36:09.827+0000] {processor.py:208} INFO - Processing /home/airflow/.local/lib/python3.12/site-packages/airflow/example_dags/example_skip_dag.py took 0.266 seconds
[2025-01-19T04:36:40.191+0000] {processor.py:186} INFO - Started process (PID=1056) to work on /home/airflow/.local/lib/python3.12/site-packages/airflow/example_dags/example_skip_dag.py
[2025-01-19T04:36:40.196+0000] {processor.py:914} INFO - Processing file /home/airflow/.local/lib/python3.12/site-packages/airflow/example_dags/example_skip_dag.py for tasks to queue
[2025-01-19T04:36:40.228+0000] {logging_mixin.py:190} INFO - [2025-01-19T04:36:40.227+0000] {dagbag.py:588} INFO - Filling up the DagBag from /home/airflow/.local/lib/python3.12/site-packages/airflow/example_dags/example_skip_dag.py
[2025-01-19T04:36:40.266+0000] {processor.py:925} INFO - DAG(s) 'example_skip_dag' retrieved from /home/airflow/.local/lib/python3.12/site-packages/airflow/example_dags/example_skip_dag.py
[2025-01-19T04:36:40.310+0000] {logging_mixin.py:190} INFO - [2025-01-19T04:36:40.310+0000] {dag.py:3239} INFO - Sync 1 DAGs
[2025-01-19T04:36:40.359+0000] {logging_mixin.py:190} INFO - [2025-01-19T04:36:40.359+0000] {dag.py:4180} INFO - Setting next_dagrun for example_skip_dag to 2025-01-18 00:00:00+00:00, run_after=2025-01-19 00:00:00+00:00
[2025-01-19T04:36:40.399+0000] {processor.py:208} INFO - Processing /home/airflow/.local/lib/python3.12/site-packages/airflow/example_dags/example_skip_dag.py took 0.222 seconds
[2025-01-19T04:41:05.777+0000] {processor.py:186} INFO - Started process (PID=1074) to work on /home/airflow/.local/lib/python3.12/site-packages/airflow/example_dags/example_skip_dag.py
[2025-01-19T04:41:05.780+0000] {processor.py:914} INFO - Processing file /home/airflow/.local/lib/python3.12/site-packages/airflow/example_dags/example_skip_dag.py for tasks to queue
[2025-01-19T04:41:05.786+0000] {logging_mixin.py:190} INFO - [2025-01-19T04:41:05.784+0000] {dagbag.py:588} INFO - Filling up the DagBag from /home/airflow/.local/lib/python3.12/site-packages/airflow/example_dags/example_skip_dag.py
[2025-01-19T04:41:05.838+0000] {processor.py:925} INFO - DAG(s) 'example_skip_dag' retrieved from /home/airflow/.local/lib/python3.12/site-packages/airflow/example_dags/example_skip_dag.py
[2025-01-19T04:41:05.907+0000] {logging_mixin.py:190} INFO - [2025-01-19T04:41:05.907+0000] {dag.py:3239} INFO - Sync 1 DAGs
[2025-01-19T04:41:05.999+0000] {logging_mixin.py:190} INFO - [2025-01-19T04:41:05.999+0000] {dag.py:4180} INFO - Setting next_dagrun for example_skip_dag to 2025-01-18 00:00:00+00:00, run_after=2025-01-19 00:00:00+00:00
[2025-01-19T04:41:06.062+0000] {processor.py:208} INFO - Processing /home/airflow/.local/lib/python3.12/site-packages/airflow/example_dags/example_skip_dag.py took 0.303 seconds
[2025-01-19T04:41:43.152+0000] {processor.py:186} INFO - Started process (PID=1133) to work on /home/airflow/.local/lib/python3.12/site-packages/airflow/example_dags/example_skip_dag.py
[2025-01-19T04:41:43.154+0000] {processor.py:914} INFO - Processing file /home/airflow/.local/lib/python3.12/site-packages/airflow/example_dags/example_skip_dag.py for tasks to queue
[2025-01-19T04:41:43.158+0000] {logging_mixin.py:190} INFO - [2025-01-19T04:41:43.157+0000] {dagbag.py:588} INFO - Filling up the DagBag from /home/airflow/.local/lib/python3.12/site-packages/airflow/example_dags/example_skip_dag.py
[2025-01-19T04:41:43.208+0000] {processor.py:925} INFO - DAG(s) 'example_skip_dag' retrieved from /home/airflow/.local/lib/python3.12/site-packages/airflow/example_dags/example_skip_dag.py
[2025-01-19T04:41:43.351+0000] {logging_mixin.py:190} INFO - [2025-01-19T04:41:43.350+0000] {dag.py:3239} INFO - Sync 1 DAGs
[2025-01-19T04:41:43.448+0000] {logging_mixin.py:190} INFO - [2025-01-19T04:41:43.448+0000] {dag.py:4180} INFO - Setting next_dagrun for example_skip_dag to 2025-01-18 00:00:00+00:00, run_after=2025-01-19 00:00:00+00:00
[2025-01-19T04:41:43.546+0000] {processor.py:208} INFO - Processing /home/airflow/.local/lib/python3.12/site-packages/airflow/example_dags/example_skip_dag.py took 0.410 seconds
