[2025-01-19T04:12:52.200+0000] {processor.py:186} INFO - Started process (PID=450) to work on /home/airflow/.local/lib/python3.12/site-packages/airflow/example_dags/example_setup_teardown.py
[2025-01-19T04:12:52.202+0000] {processor.py:914} INFO - Processing file /home/airflow/.local/lib/python3.12/site-packages/airflow/example_dags/example_setup_teardown.py for tasks to queue
[2025-01-19T04:12:52.207+0000] {logging_mixin.py:190} INFO - [2025-01-19T04:12:52.206+0000] {dagbag.py:588} INFO - Filling up the DagBag from /home/airflow/.local/lib/python3.12/site-packages/airflow/example_dags/example_setup_teardown.py
[2025-01-19T04:12:52.235+0000] {processor.py:925} INFO - DAG(s) 'example_setup_teardown' retrieved from /home/airflow/.local/lib/python3.12/site-packages/airflow/example_dags/example_setup_teardown.py
[2025-01-19T04:12:52.285+0000] {logging_mixin.py:190} INFO - [2025-01-19T04:12:52.285+0000] {dag.py:3239} INFO - Sync 1 DAGs
[2025-01-19T04:12:52.319+0000] {logging_mixin.py:190} INFO - [2025-01-19T04:12:52.318+0000] {dag.py:4180} INFO - Setting next_dagrun for example_setup_teardown to None, run_after=None
[2025-01-19T04:12:52.361+0000] {processor.py:208} INFO - Processing /home/airflow/.local/lib/python3.12/site-packages/airflow/example_dags/example_setup_teardown.py took 0.174 seconds
[2025-01-19T04:13:28.670+0000] {processor.py:186} INFO - Started process (PID=513) to work on /home/airflow/.local/lib/python3.12/site-packages/airflow/example_dags/example_setup_teardown.py
[2025-01-19T04:13:28.672+0000] {processor.py:914} INFO - Processing file /home/airflow/.local/lib/python3.12/site-packages/airflow/example_dags/example_setup_teardown.py for tasks to queue
[2025-01-19T04:13:28.679+0000] {logging_mixin.py:190} INFO - [2025-01-19T04:13:28.678+0000] {dagbag.py:588} INFO - Filling up the DagBag from /home/airflow/.local/lib/python3.12/site-packages/airflow/example_dags/example_setup_teardown.py
[2025-01-19T04:13:28.701+0000] {processor.py:925} INFO - DAG(s) 'example_setup_teardown' retrieved from /home/airflow/.local/lib/python3.12/site-packages/airflow/example_dags/example_setup_teardown.py
[2025-01-19T04:13:28.747+0000] {logging_mixin.py:190} INFO - [2025-01-19T04:13:28.747+0000] {dag.py:3239} INFO - Sync 1 DAGs
[2025-01-19T04:13:28.808+0000] {logging_mixin.py:190} INFO - [2025-01-19T04:13:28.807+0000] {dag.py:4180} INFO - Setting next_dagrun for example_setup_teardown to None, run_after=None
[2025-01-19T04:13:28.862+0000] {processor.py:208} INFO - Processing /home/airflow/.local/lib/python3.12/site-packages/airflow/example_dags/example_setup_teardown.py took 0.203 seconds
[2025-01-19T04:14:02.855+0000] {processor.py:186} INFO - Started process (PID=567) to work on /home/airflow/.local/lib/python3.12/site-packages/airflow/example_dags/example_setup_teardown.py
[2025-01-19T04:14:02.858+0000] {processor.py:914} INFO - Processing file /home/airflow/.local/lib/python3.12/site-packages/airflow/example_dags/example_setup_teardown.py for tasks to queue
[2025-01-19T04:14:02.875+0000] {logging_mixin.py:190} INFO - [2025-01-19T04:14:02.874+0000] {dagbag.py:588} INFO - Filling up the DagBag from /home/airflow/.local/lib/python3.12/site-packages/airflow/example_dags/example_setup_teardown.py
[2025-01-19T04:14:02.932+0000] {processor.py:925} INFO - DAG(s) 'example_setup_teardown' retrieved from /home/airflow/.local/lib/python3.12/site-packages/airflow/example_dags/example_setup_teardown.py
[2025-01-19T04:14:03.065+0000] {logging_mixin.py:190} INFO - [2025-01-19T04:14:03.063+0000] {dag.py:3239} INFO - Sync 1 DAGs
[2025-01-19T04:14:03.140+0000] {logging_mixin.py:190} INFO - [2025-01-19T04:14:03.139+0000] {dag.py:4180} INFO - Setting next_dagrun for example_setup_teardown to None, run_after=None
[2025-01-19T04:14:03.246+0000] {processor.py:208} INFO - Processing /home/airflow/.local/lib/python3.12/site-packages/airflow/example_dags/example_setup_teardown.py took 0.417 seconds
[2025-01-19T04:15:17.277+0000] {processor.py:186} INFO - Started process (PID=632) to work on /home/airflow/.local/lib/python3.12/site-packages/airflow/example_dags/example_setup_teardown.py
[2025-01-19T04:15:17.285+0000] {processor.py:914} INFO - Processing file /home/airflow/.local/lib/python3.12/site-packages/airflow/example_dags/example_setup_teardown.py for tasks to queue
[2025-01-19T04:15:17.296+0000] {logging_mixin.py:190} INFO - [2025-01-19T04:15:17.294+0000] {dagbag.py:588} INFO - Filling up the DagBag from /home/airflow/.local/lib/python3.12/site-packages/airflow/example_dags/example_setup_teardown.py
[2025-01-19T04:15:17.330+0000] {processor.py:925} INFO - DAG(s) 'example_setup_teardown' retrieved from /home/airflow/.local/lib/python3.12/site-packages/airflow/example_dags/example_setup_teardown.py
[2025-01-19T04:15:17.429+0000] {logging_mixin.py:190} INFO - [2025-01-19T04:15:17.428+0000] {dag.py:3239} INFO - Sync 1 DAGs
[2025-01-19T04:15:17.475+0000] {logging_mixin.py:190} INFO - [2025-01-19T04:15:17.474+0000] {dag.py:4180} INFO - Setting next_dagrun for example_setup_teardown to None, run_after=None
[2025-01-19T04:15:17.521+0000] {processor.py:208} INFO - Processing /home/airflow/.local/lib/python3.12/site-packages/airflow/example_dags/example_setup_teardown.py took 0.267 seconds
[2025-01-19T04:18:17.442+0000] {processor.py:186} INFO - Started process (PID=689) to work on /home/airflow/.local/lib/python3.12/site-packages/airflow/example_dags/example_setup_teardown.py
[2025-01-19T04:18:17.447+0000] {processor.py:914} INFO - Processing file /home/airflow/.local/lib/python3.12/site-packages/airflow/example_dags/example_setup_teardown.py for tasks to queue
[2025-01-19T04:18:17.458+0000] {logging_mixin.py:190} INFO - [2025-01-19T04:18:17.454+0000] {dagbag.py:588} INFO - Filling up the DagBag from /home/airflow/.local/lib/python3.12/site-packages/airflow/example_dags/example_setup_teardown.py
[2025-01-19T04:18:17.495+0000] {processor.py:925} INFO - DAG(s) 'example_setup_teardown' retrieved from /home/airflow/.local/lib/python3.12/site-packages/airflow/example_dags/example_setup_teardown.py
[2025-01-19T04:18:17.615+0000] {logging_mixin.py:190} INFO - [2025-01-19T04:18:17.614+0000] {dag.py:3239} INFO - Sync 1 DAGs
[2025-01-19T04:18:17.718+0000] {logging_mixin.py:190} INFO - [2025-01-19T04:18:17.717+0000] {dag.py:4180} INFO - Setting next_dagrun for example_setup_teardown to None, run_after=None
[2025-01-19T04:18:17.838+0000] {processor.py:208} INFO - Processing /home/airflow/.local/lib/python3.12/site-packages/airflow/example_dags/example_setup_teardown.py took 0.433 seconds
[2025-01-19T04:18:53.393+0000] {processor.py:186} INFO - Started process (PID=752) to work on /home/airflow/.local/lib/python3.12/site-packages/airflow/example_dags/example_setup_teardown.py
[2025-01-19T04:18:53.396+0000] {processor.py:914} INFO - Processing file /home/airflow/.local/lib/python3.12/site-packages/airflow/example_dags/example_setup_teardown.py for tasks to queue
[2025-01-19T04:18:53.401+0000] {logging_mixin.py:190} INFO - [2025-01-19T04:18:53.399+0000] {dagbag.py:588} INFO - Filling up the DagBag from /home/airflow/.local/lib/python3.12/site-packages/airflow/example_dags/example_setup_teardown.py
[2025-01-19T04:18:53.435+0000] {processor.py:925} INFO - DAG(s) 'example_setup_teardown' retrieved from /home/airflow/.local/lib/python3.12/site-packages/airflow/example_dags/example_setup_teardown.py
[2025-01-19T04:18:53.522+0000] {logging_mixin.py:190} INFO - [2025-01-19T04:18:53.521+0000] {dag.py:3239} INFO - Sync 1 DAGs
[2025-01-19T04:18:53.583+0000] {logging_mixin.py:190} INFO - [2025-01-19T04:18:53.582+0000] {dag.py:4180} INFO - Setting next_dagrun for example_setup_teardown to None, run_after=None
[2025-01-19T04:18:53.660+0000] {processor.py:208} INFO - Processing /home/airflow/.local/lib/python3.12/site-packages/airflow/example_dags/example_setup_teardown.py took 0.285 seconds
[2025-01-19T04:19:24.636+0000] {processor.py:186} INFO - Started process (PID=815) to work on /home/airflow/.local/lib/python3.12/site-packages/airflow/example_dags/example_setup_teardown.py
[2025-01-19T04:19:24.640+0000] {processor.py:914} INFO - Processing file /home/airflow/.local/lib/python3.12/site-packages/airflow/example_dags/example_setup_teardown.py for tasks to queue
[2025-01-19T04:19:24.652+0000] {logging_mixin.py:190} INFO - [2025-01-19T04:19:24.651+0000] {dagbag.py:588} INFO - Filling up the DagBag from /home/airflow/.local/lib/python3.12/site-packages/airflow/example_dags/example_setup_teardown.py
[2025-01-19T04:19:24.681+0000] {processor.py:925} INFO - DAG(s) 'example_setup_teardown' retrieved from /home/airflow/.local/lib/python3.12/site-packages/airflow/example_dags/example_setup_teardown.py
[2025-01-19T04:19:24.741+0000] {logging_mixin.py:190} INFO - [2025-01-19T04:19:24.740+0000] {dag.py:3239} INFO - Sync 1 DAGs
[2025-01-19T04:19:24.785+0000] {logging_mixin.py:190} INFO - [2025-01-19T04:19:24.785+0000] {dag.py:4180} INFO - Setting next_dagrun for example_setup_teardown to None, run_after=None
[2025-01-19T04:19:24.851+0000] {processor.py:208} INFO - Processing /home/airflow/.local/lib/python3.12/site-packages/airflow/example_dags/example_setup_teardown.py took 0.239 seconds
[2025-01-19T04:19:55.459+0000] {processor.py:186} INFO - Started process (PID=878) to work on /home/airflow/.local/lib/python3.12/site-packages/airflow/example_dags/example_setup_teardown.py
[2025-01-19T04:19:55.461+0000] {processor.py:914} INFO - Processing file /home/airflow/.local/lib/python3.12/site-packages/airflow/example_dags/example_setup_teardown.py for tasks to queue
[2025-01-19T04:19:55.466+0000] {logging_mixin.py:190} INFO - [2025-01-19T04:19:55.465+0000] {dagbag.py:588} INFO - Filling up the DagBag from /home/airflow/.local/lib/python3.12/site-packages/airflow/example_dags/example_setup_teardown.py
[2025-01-19T04:19:55.494+0000] {processor.py:925} INFO - DAG(s) 'example_setup_teardown' retrieved from /home/airflow/.local/lib/python3.12/site-packages/airflow/example_dags/example_setup_teardown.py
[2025-01-19T04:19:55.575+0000] {logging_mixin.py:190} INFO - [2025-01-19T04:19:55.575+0000] {dag.py:3239} INFO - Sync 1 DAGs
[2025-01-19T04:19:55.616+0000] {logging_mixin.py:190} INFO - [2025-01-19T04:19:55.616+0000] {dag.py:4180} INFO - Setting next_dagrun for example_setup_teardown to None, run_after=None
[2025-01-19T04:19:55.661+0000] {processor.py:208} INFO - Processing /home/airflow/.local/lib/python3.12/site-packages/airflow/example_dags/example_setup_teardown.py took 0.217 seconds
[2025-01-19T04:20:25.905+0000] {processor.py:186} INFO - Started process (PID=941) to work on /home/airflow/.local/lib/python3.12/site-packages/airflow/example_dags/example_setup_teardown.py
[2025-01-19T04:20:25.907+0000] {processor.py:914} INFO - Processing file /home/airflow/.local/lib/python3.12/site-packages/airflow/example_dags/example_setup_teardown.py for tasks to queue
[2025-01-19T04:20:25.910+0000] {logging_mixin.py:190} INFO - [2025-01-19T04:20:25.909+0000] {dagbag.py:588} INFO - Filling up the DagBag from /home/airflow/.local/lib/python3.12/site-packages/airflow/example_dags/example_setup_teardown.py
[2025-01-19T04:20:25.926+0000] {processor.py:925} INFO - DAG(s) 'example_setup_teardown' retrieved from /home/airflow/.local/lib/python3.12/site-packages/airflow/example_dags/example_setup_teardown.py
[2025-01-19T04:20:25.966+0000] {logging_mixin.py:190} INFO - [2025-01-19T04:20:25.965+0000] {dag.py:3239} INFO - Sync 1 DAGs
[2025-01-19T04:20:26.001+0000] {logging_mixin.py:190} INFO - [2025-01-19T04:20:26.000+0000] {dag.py:4180} INFO - Setting next_dagrun for example_setup_teardown to None, run_after=None
[2025-01-19T04:20:26.037+0000] {processor.py:208} INFO - Processing /home/airflow/.local/lib/python3.12/site-packages/airflow/example_dags/example_setup_teardown.py took 0.144 seconds
[2025-01-19T04:20:58.489+0000] {processor.py:186} INFO - Started process (PID=993) to work on /home/airflow/.local/lib/python3.12/site-packages/airflow/example_dags/example_setup_teardown.py
[2025-01-19T04:20:58.492+0000] {processor.py:914} INFO - Processing file /home/airflow/.local/lib/python3.12/site-packages/airflow/example_dags/example_setup_teardown.py for tasks to queue
[2025-01-19T04:20:58.507+0000] {logging_mixin.py:190} INFO - [2025-01-19T04:20:58.505+0000] {dagbag.py:588} INFO - Filling up the DagBag from /home/airflow/.local/lib/python3.12/site-packages/airflow/example_dags/example_setup_teardown.py
[2025-01-19T04:20:58.558+0000] {processor.py:925} INFO - DAG(s) 'example_setup_teardown' retrieved from /home/airflow/.local/lib/python3.12/site-packages/airflow/example_dags/example_setup_teardown.py
[2025-01-19T04:20:58.708+0000] {logging_mixin.py:190} INFO - [2025-01-19T04:20:58.707+0000] {dag.py:3239} INFO - Sync 1 DAGs
[2025-01-19T04:20:58.763+0000] {logging_mixin.py:190} INFO - [2025-01-19T04:20:58.763+0000] {dag.py:4180} INFO - Setting next_dagrun for example_setup_teardown to None, run_after=None
[2025-01-19T04:20:58.829+0000] {processor.py:208} INFO - Processing /home/airflow/.local/lib/python3.12/site-packages/airflow/example_dags/example_setup_teardown.py took 0.376 seconds
[2025-01-19T04:21:32.557+0000] {processor.py:186} INFO - Started process (PID=1050) to work on /home/airflow/.local/lib/python3.12/site-packages/airflow/example_dags/example_setup_teardown.py
[2025-01-19T04:21:32.560+0000] {processor.py:914} INFO - Processing file /home/airflow/.local/lib/python3.12/site-packages/airflow/example_dags/example_setup_teardown.py for tasks to queue
[2025-01-19T04:21:32.564+0000] {logging_mixin.py:190} INFO - [2025-01-19T04:21:32.562+0000] {dagbag.py:588} INFO - Filling up the DagBag from /home/airflow/.local/lib/python3.12/site-packages/airflow/example_dags/example_setup_teardown.py
[2025-01-19T04:21:32.589+0000] {processor.py:925} INFO - DAG(s) 'example_setup_teardown' retrieved from /home/airflow/.local/lib/python3.12/site-packages/airflow/example_dags/example_setup_teardown.py
[2025-01-19T04:21:32.661+0000] {logging_mixin.py:190} INFO - [2025-01-19T04:21:32.660+0000] {dag.py:3239} INFO - Sync 1 DAGs
[2025-01-19T04:21:32.740+0000] {logging_mixin.py:190} INFO - [2025-01-19T04:21:32.737+0000] {dag.py:4180} INFO - Setting next_dagrun for example_setup_teardown to None, run_after=None
[2025-01-19T04:21:32.818+0000] {processor.py:208} INFO - Processing /home/airflow/.local/lib/python3.12/site-packages/airflow/example_dags/example_setup_teardown.py took 0.277 seconds
[2025-01-19T04:27:27.253+0000] {processor.py:186} INFO - Started process (PID=66) to work on /home/airflow/.local/lib/python3.12/site-packages/airflow/example_dags/example_setup_teardown.py
[2025-01-19T04:27:27.259+0000] {processor.py:914} INFO - Processing file /home/airflow/.local/lib/python3.12/site-packages/airflow/example_dags/example_setup_teardown.py for tasks to queue
[2025-01-19T04:27:27.265+0000] {logging_mixin.py:190} INFO - [2025-01-19T04:27:27.265+0000] {dagbag.py:588} INFO - Filling up the DagBag from /home/airflow/.local/lib/python3.12/site-packages/airflow/example_dags/example_setup_teardown.py
[2025-01-19T04:27:27.463+0000] {processor.py:925} INFO - DAG(s) 'example_setup_teardown' retrieved from /home/airflow/.local/lib/python3.12/site-packages/airflow/example_dags/example_setup_teardown.py
[2025-01-19T04:27:28.340+0000] {logging_mixin.py:190} INFO - [2025-01-19T04:27:28.338+0000] {override.py:1911} INFO - Created Permission View: can delete on DAG:example_setup_teardown
[2025-01-19T04:27:28.409+0000] {logging_mixin.py:190} INFO - [2025-01-19T04:27:28.408+0000] {override.py:1911} INFO - Created Permission View: can edit on DAG:example_setup_teardown
[2025-01-19T04:27:28.454+0000] {logging_mixin.py:190} INFO - [2025-01-19T04:27:28.453+0000] {override.py:1911} INFO - Created Permission View: can read on DAG:example_setup_teardown
[2025-01-19T04:27:28.541+0000] {logging_mixin.py:190} INFO - [2025-01-19T04:27:28.540+0000] {override.py:1911} INFO - Created Permission View: can create on DAG Run:example_setup_teardown
[2025-01-19T04:27:28.571+0000] {logging_mixin.py:190} INFO - [2025-01-19T04:27:28.570+0000] {override.py:1911} INFO - Created Permission View: menu access on DAG Run:example_setup_teardown
[2025-01-19T04:27:28.613+0000] {logging_mixin.py:190} INFO - [2025-01-19T04:27:28.610+0000] {override.py:1911} INFO - Created Permission View: can delete on DAG Run:example_setup_teardown
[2025-01-19T04:27:28.678+0000] {logging_mixin.py:190} INFO - [2025-01-19T04:27:28.677+0000] {override.py:1911} INFO - Created Permission View: can read on DAG Run:example_setup_teardown
[2025-01-19T04:27:28.682+0000] {logging_mixin.py:190} INFO - [2025-01-19T04:27:28.681+0000] {dag.py:3239} INFO - Sync 1 DAGs
[2025-01-19T04:27:28.809+0000] {logging_mixin.py:190} INFO - [2025-01-19T04:27:28.809+0000] {dag.py:3262} INFO - Creating ORM DAG for example_setup_teardown
[2025-01-19T04:27:28.840+0000] {logging_mixin.py:190} INFO - [2025-01-19T04:27:28.840+0000] {dag.py:4180} INFO - Setting next_dagrun for example_setup_teardown to None, run_after=None
[2025-01-19T04:27:28.972+0000] {processor.py:208} INFO - Processing /home/airflow/.local/lib/python3.12/site-packages/airflow/example_dags/example_setup_teardown.py took 1.761 seconds
[2025-01-19T04:28:25.124+0000] {processor.py:186} INFO - Started process (PID=135) to work on /home/airflow/.local/lib/python3.12/site-packages/airflow/example_dags/example_setup_teardown.py
[2025-01-19T04:28:25.127+0000] {processor.py:914} INFO - Processing file /home/airflow/.local/lib/python3.12/site-packages/airflow/example_dags/example_setup_teardown.py for tasks to queue
[2025-01-19T04:28:25.132+0000] {logging_mixin.py:190} INFO - [2025-01-19T04:28:25.131+0000] {dagbag.py:588} INFO - Filling up the DagBag from /home/airflow/.local/lib/python3.12/site-packages/airflow/example_dags/example_setup_teardown.py
[2025-01-19T04:28:25.154+0000] {processor.py:925} INFO - DAG(s) 'example_setup_teardown' retrieved from /home/airflow/.local/lib/python3.12/site-packages/airflow/example_dags/example_setup_teardown.py
[2025-01-19T04:28:25.206+0000] {logging_mixin.py:190} INFO - [2025-01-19T04:28:25.205+0000] {dag.py:3239} INFO - Sync 1 DAGs
[2025-01-19T04:28:25.246+0000] {logging_mixin.py:190} INFO - [2025-01-19T04:28:25.245+0000] {dag.py:4180} INFO - Setting next_dagrun for example_setup_teardown to None, run_after=None
[2025-01-19T04:28:25.300+0000] {processor.py:208} INFO - Processing /home/airflow/.local/lib/python3.12/site-packages/airflow/example_dags/example_setup_teardown.py took 0.194 seconds
[2025-01-19T04:28:56.911+0000] {processor.py:186} INFO - Started process (PID=197) to work on /home/airflow/.local/lib/python3.12/site-packages/airflow/example_dags/example_setup_teardown.py
[2025-01-19T04:28:56.914+0000] {processor.py:914} INFO - Processing file /home/airflow/.local/lib/python3.12/site-packages/airflow/example_dags/example_setup_teardown.py for tasks to queue
[2025-01-19T04:28:56.920+0000] {logging_mixin.py:190} INFO - [2025-01-19T04:28:56.919+0000] {dagbag.py:588} INFO - Filling up the DagBag from /home/airflow/.local/lib/python3.12/site-packages/airflow/example_dags/example_setup_teardown.py
[2025-01-19T04:28:56.947+0000] {processor.py:925} INFO - DAG(s) 'example_setup_teardown' retrieved from /home/airflow/.local/lib/python3.12/site-packages/airflow/example_dags/example_setup_teardown.py
[2025-01-19T04:28:57.002+0000] {logging_mixin.py:190} INFO - [2025-01-19T04:28:57.001+0000] {dag.py:3239} INFO - Sync 1 DAGs
[2025-01-19T04:28:57.049+0000] {logging_mixin.py:190} INFO - [2025-01-19T04:28:57.049+0000] {dag.py:4180} INFO - Setting next_dagrun for example_setup_teardown to None, run_after=None
[2025-01-19T04:28:57.146+0000] {processor.py:208} INFO - Processing /home/airflow/.local/lib/python3.12/site-packages/airflow/example_dags/example_setup_teardown.py took 0.250 seconds
[2025-01-19T04:29:27.762+0000] {processor.py:186} INFO - Started process (PID=260) to work on /home/airflow/.local/lib/python3.12/site-packages/airflow/example_dags/example_setup_teardown.py
[2025-01-19T04:29:27.764+0000] {processor.py:914} INFO - Processing file /home/airflow/.local/lib/python3.12/site-packages/airflow/example_dags/example_setup_teardown.py for tasks to queue
[2025-01-19T04:29:27.773+0000] {logging_mixin.py:190} INFO - [2025-01-19T04:29:27.772+0000] {dagbag.py:588} INFO - Filling up the DagBag from /home/airflow/.local/lib/python3.12/site-packages/airflow/example_dags/example_setup_teardown.py
[2025-01-19T04:29:27.795+0000] {processor.py:925} INFO - DAG(s) 'example_setup_teardown' retrieved from /home/airflow/.local/lib/python3.12/site-packages/airflow/example_dags/example_setup_teardown.py
[2025-01-19T04:29:27.854+0000] {logging_mixin.py:190} INFO - [2025-01-19T04:29:27.854+0000] {dag.py:3239} INFO - Sync 1 DAGs
[2025-01-19T04:29:27.897+0000] {logging_mixin.py:190} INFO - [2025-01-19T04:29:27.896+0000] {dag.py:4180} INFO - Setting next_dagrun for example_setup_teardown to None, run_after=None
[2025-01-19T04:29:27.947+0000] {processor.py:208} INFO - Processing /home/airflow/.local/lib/python3.12/site-packages/airflow/example_dags/example_setup_teardown.py took 0.198 seconds
[2025-01-19T04:30:06.848+0000] {processor.py:186} INFO - Started process (PID=301) to work on /home/airflow/.local/lib/python3.12/site-packages/airflow/example_dags/example_setup_teardown.py
[2025-01-19T04:30:06.855+0000] {processor.py:914} INFO - Processing file /home/airflow/.local/lib/python3.12/site-packages/airflow/example_dags/example_setup_teardown.py for tasks to queue
[2025-01-19T04:30:06.861+0000] {logging_mixin.py:190} INFO - [2025-01-19T04:30:06.860+0000] {dagbag.py:588} INFO - Filling up the DagBag from /home/airflow/.local/lib/python3.12/site-packages/airflow/example_dags/example_setup_teardown.py
[2025-01-19T04:30:06.906+0000] {processor.py:925} INFO - DAG(s) 'example_setup_teardown' retrieved from /home/airflow/.local/lib/python3.12/site-packages/airflow/example_dags/example_setup_teardown.py
[2025-01-19T04:30:06.993+0000] {logging_mixin.py:190} INFO - [2025-01-19T04:30:06.992+0000] {dag.py:3239} INFO - Sync 1 DAGs
[2025-01-19T04:30:07.037+0000] {logging_mixin.py:190} INFO - [2025-01-19T04:30:07.036+0000] {dag.py:4180} INFO - Setting next_dagrun for example_setup_teardown to None, run_after=None
[2025-01-19T04:30:07.093+0000] {processor.py:208} INFO - Processing /home/airflow/.local/lib/python3.12/site-packages/airflow/example_dags/example_setup_teardown.py took 0.272 seconds
[2025-01-19T04:30:40.177+0000] {processor.py:186} INFO - Started process (PID=360) to work on /home/airflow/.local/lib/python3.12/site-packages/airflow/example_dags/example_setup_teardown.py
[2025-01-19T04:30:40.181+0000] {processor.py:914} INFO - Processing file /home/airflow/.local/lib/python3.12/site-packages/airflow/example_dags/example_setup_teardown.py for tasks to queue
[2025-01-19T04:30:40.186+0000] {logging_mixin.py:190} INFO - [2025-01-19T04:30:40.186+0000] {dagbag.py:588} INFO - Filling up the DagBag from /home/airflow/.local/lib/python3.12/site-packages/airflow/example_dags/example_setup_teardown.py
[2025-01-19T04:30:40.231+0000] {processor.py:925} INFO - DAG(s) 'example_setup_teardown' retrieved from /home/airflow/.local/lib/python3.12/site-packages/airflow/example_dags/example_setup_teardown.py
[2025-01-19T04:30:40.286+0000] {logging_mixin.py:190} INFO - [2025-01-19T04:30:40.286+0000] {dag.py:3239} INFO - Sync 1 DAGs
[2025-01-19T04:30:40.339+0000] {logging_mixin.py:190} INFO - [2025-01-19T04:30:40.338+0000] {dag.py:4180} INFO - Setting next_dagrun for example_setup_teardown to None, run_after=None
[2025-01-19T04:30:40.399+0000] {processor.py:208} INFO - Processing /home/airflow/.local/lib/python3.12/site-packages/airflow/example_dags/example_setup_teardown.py took 0.234 seconds
[2025-01-19T04:31:18.626+0000] {processor.py:186} INFO - Started process (PID=428) to work on /home/airflow/.local/lib/python3.12/site-packages/airflow/example_dags/example_setup_teardown.py
[2025-01-19T04:31:18.629+0000] {processor.py:914} INFO - Processing file /home/airflow/.local/lib/python3.12/site-packages/airflow/example_dags/example_setup_teardown.py for tasks to queue
[2025-01-19T04:31:18.636+0000] {logging_mixin.py:190} INFO - [2025-01-19T04:31:18.635+0000] {dagbag.py:588} INFO - Filling up the DagBag from /home/airflow/.local/lib/python3.12/site-packages/airflow/example_dags/example_setup_teardown.py
[2025-01-19T04:31:18.666+0000] {processor.py:925} INFO - DAG(s) 'example_setup_teardown' retrieved from /home/airflow/.local/lib/python3.12/site-packages/airflow/example_dags/example_setup_teardown.py
[2025-01-19T04:31:18.726+0000] {logging_mixin.py:190} INFO - [2025-01-19T04:31:18.725+0000] {dag.py:3239} INFO - Sync 1 DAGs
[2025-01-19T04:31:18.778+0000] {logging_mixin.py:190} INFO - [2025-01-19T04:31:18.777+0000] {dag.py:4180} INFO - Setting next_dagrun for example_setup_teardown to None, run_after=None
[2025-01-19T04:31:18.831+0000] {processor.py:208} INFO - Processing /home/airflow/.local/lib/python3.12/site-packages/airflow/example_dags/example_setup_teardown.py took 0.220 seconds
[2025-01-19T04:31:55.126+0000] {processor.py:186} INFO - Started process (PID=491) to work on /home/airflow/.local/lib/python3.12/site-packages/airflow/example_dags/example_setup_teardown.py
[2025-01-19T04:31:55.129+0000] {processor.py:914} INFO - Processing file /home/airflow/.local/lib/python3.12/site-packages/airflow/example_dags/example_setup_teardown.py for tasks to queue
[2025-01-19T04:31:55.137+0000] {logging_mixin.py:190} INFO - [2025-01-19T04:31:55.135+0000] {dagbag.py:588} INFO - Filling up the DagBag from /home/airflow/.local/lib/python3.12/site-packages/airflow/example_dags/example_setup_teardown.py
[2025-01-19T04:31:55.171+0000] {processor.py:925} INFO - DAG(s) 'example_setup_teardown' retrieved from /home/airflow/.local/lib/python3.12/site-packages/airflow/example_dags/example_setup_teardown.py
[2025-01-19T04:31:55.296+0000] {logging_mixin.py:190} INFO - [2025-01-19T04:31:55.296+0000] {dag.py:3239} INFO - Sync 1 DAGs
[2025-01-19T04:31:55.351+0000] {logging_mixin.py:190} INFO - [2025-01-19T04:31:55.351+0000] {dag.py:4180} INFO - Setting next_dagrun for example_setup_teardown to None, run_after=None
[2025-01-19T04:31:55.433+0000] {processor.py:208} INFO - Processing /home/airflow/.local/lib/python3.12/site-packages/airflow/example_dags/example_setup_teardown.py took 0.333 seconds
[2025-01-19T04:32:26.584+0000] {processor.py:186} INFO - Started process (PID=555) to work on /home/airflow/.local/lib/python3.12/site-packages/airflow/example_dags/example_setup_teardown.py
[2025-01-19T04:32:26.586+0000] {processor.py:914} INFO - Processing file /home/airflow/.local/lib/python3.12/site-packages/airflow/example_dags/example_setup_teardown.py for tasks to queue
[2025-01-19T04:32:26.591+0000] {logging_mixin.py:190} INFO - [2025-01-19T04:32:26.590+0000] {dagbag.py:588} INFO - Filling up the DagBag from /home/airflow/.local/lib/python3.12/site-packages/airflow/example_dags/example_setup_teardown.py
[2025-01-19T04:32:26.610+0000] {processor.py:925} INFO - DAG(s) 'example_setup_teardown' retrieved from /home/airflow/.local/lib/python3.12/site-packages/airflow/example_dags/example_setup_teardown.py
[2025-01-19T04:32:26.679+0000] {logging_mixin.py:190} INFO - [2025-01-19T04:32:26.679+0000] {dag.py:3239} INFO - Sync 1 DAGs
[2025-01-19T04:32:26.743+0000] {logging_mixin.py:190} INFO - [2025-01-19T04:32:26.743+0000] {dag.py:4180} INFO - Setting next_dagrun for example_setup_teardown to None, run_after=None
[2025-01-19T04:32:26.822+0000] {processor.py:208} INFO - Processing /home/airflow/.local/lib/python3.12/site-packages/airflow/example_dags/example_setup_teardown.py took 0.253 seconds
[2025-01-19T04:32:59.933+0000] {processor.py:186} INFO - Started process (PID=617) to work on /home/airflow/.local/lib/python3.12/site-packages/airflow/example_dags/example_setup_teardown.py
[2025-01-19T04:32:59.992+0000] {processor.py:914} INFO - Processing file /home/airflow/.local/lib/python3.12/site-packages/airflow/example_dags/example_setup_teardown.py for tasks to queue
[2025-01-19T04:33:00.011+0000] {logging_mixin.py:190} INFO - [2025-01-19T04:33:00.010+0000] {dagbag.py:588} INFO - Filling up the DagBag from /home/airflow/.local/lib/python3.12/site-packages/airflow/example_dags/example_setup_teardown.py
[2025-01-19T04:33:00.095+0000] {processor.py:925} INFO - DAG(s) 'example_setup_teardown' retrieved from /home/airflow/.local/lib/python3.12/site-packages/airflow/example_dags/example_setup_teardown.py
[2025-01-19T04:33:00.342+0000] {logging_mixin.py:190} INFO - [2025-01-19T04:33:00.341+0000] {dag.py:3239} INFO - Sync 1 DAGs
[2025-01-19T04:33:00.541+0000] {logging_mixin.py:190} INFO - [2025-01-19T04:33:00.540+0000] {dag.py:4180} INFO - Setting next_dagrun for example_setup_teardown to None, run_after=None
[2025-01-19T04:33:00.828+0000] {processor.py:208} INFO - Processing /home/airflow/.local/lib/python3.12/site-packages/airflow/example_dags/example_setup_teardown.py took 0.916 seconds
[2025-01-19T04:33:31.513+0000] {processor.py:186} INFO - Started process (PID=680) to work on /home/airflow/.local/lib/python3.12/site-packages/airflow/example_dags/example_setup_teardown.py
[2025-01-19T04:33:31.516+0000] {processor.py:914} INFO - Processing file /home/airflow/.local/lib/python3.12/site-packages/airflow/example_dags/example_setup_teardown.py for tasks to queue
[2025-01-19T04:33:31.521+0000] {logging_mixin.py:190} INFO - [2025-01-19T04:33:31.520+0000] {dagbag.py:588} INFO - Filling up the DagBag from /home/airflow/.local/lib/python3.12/site-packages/airflow/example_dags/example_setup_teardown.py
[2025-01-19T04:33:31.544+0000] {processor.py:925} INFO - DAG(s) 'example_setup_teardown' retrieved from /home/airflow/.local/lib/python3.12/site-packages/airflow/example_dags/example_setup_teardown.py
[2025-01-19T04:33:31.586+0000] {logging_mixin.py:190} INFO - [2025-01-19T04:33:31.585+0000] {dag.py:3239} INFO - Sync 1 DAGs
[2025-01-19T04:33:31.618+0000] {logging_mixin.py:190} INFO - [2025-01-19T04:33:31.618+0000] {dag.py:4180} INFO - Setting next_dagrun for example_setup_teardown to None, run_after=None
[2025-01-19T04:33:31.656+0000] {processor.py:208} INFO - Processing /home/airflow/.local/lib/python3.12/site-packages/airflow/example_dags/example_setup_teardown.py took 0.161 seconds
[2025-01-19T04:34:02.999+0000] {processor.py:186} INFO - Started process (PID=743) to work on /home/airflow/.local/lib/python3.12/site-packages/airflow/example_dags/example_setup_teardown.py
[2025-01-19T04:34:03.002+0000] {processor.py:914} INFO - Processing file /home/airflow/.local/lib/python3.12/site-packages/airflow/example_dags/example_setup_teardown.py for tasks to queue
[2025-01-19T04:34:03.006+0000] {logging_mixin.py:190} INFO - [2025-01-19T04:34:03.005+0000] {dagbag.py:588} INFO - Filling up the DagBag from /home/airflow/.local/lib/python3.12/site-packages/airflow/example_dags/example_setup_teardown.py
[2025-01-19T04:34:03.023+0000] {processor.py:925} INFO - DAG(s) 'example_setup_teardown' retrieved from /home/airflow/.local/lib/python3.12/site-packages/airflow/example_dags/example_setup_teardown.py
[2025-01-19T04:34:03.065+0000] {logging_mixin.py:190} INFO - [2025-01-19T04:34:03.064+0000] {dag.py:3239} INFO - Sync 1 DAGs
[2025-01-19T04:34:03.106+0000] {logging_mixin.py:190} INFO - [2025-01-19T04:34:03.106+0000] {dag.py:4180} INFO - Setting next_dagrun for example_setup_teardown to None, run_after=None
[2025-01-19T04:34:03.145+0000] {processor.py:208} INFO - Processing /home/airflow/.local/lib/python3.12/site-packages/airflow/example_dags/example_setup_teardown.py took 0.156 seconds
[2025-01-19T04:34:33.395+0000] {processor.py:186} INFO - Started process (PID=807) to work on /home/airflow/.local/lib/python3.12/site-packages/airflow/example_dags/example_setup_teardown.py
[2025-01-19T04:34:33.398+0000] {processor.py:914} INFO - Processing file /home/airflow/.local/lib/python3.12/site-packages/airflow/example_dags/example_setup_teardown.py for tasks to queue
[2025-01-19T04:34:33.404+0000] {logging_mixin.py:190} INFO - [2025-01-19T04:34:33.403+0000] {dagbag.py:588} INFO - Filling up the DagBag from /home/airflow/.local/lib/python3.12/site-packages/airflow/example_dags/example_setup_teardown.py
[2025-01-19T04:34:33.421+0000] {processor.py:925} INFO - DAG(s) 'example_setup_teardown' retrieved from /home/airflow/.local/lib/python3.12/site-packages/airflow/example_dags/example_setup_teardown.py
[2025-01-19T04:34:33.461+0000] {logging_mixin.py:190} INFO - [2025-01-19T04:34:33.461+0000] {dag.py:3239} INFO - Sync 1 DAGs
[2025-01-19T04:34:33.490+0000] {logging_mixin.py:190} INFO - [2025-01-19T04:34:33.490+0000] {dag.py:4180} INFO - Setting next_dagrun for example_setup_teardown to None, run_after=None
[2025-01-19T04:34:33.549+0000] {processor.py:208} INFO - Processing /home/airflow/.local/lib/python3.12/site-packages/airflow/example_dags/example_setup_teardown.py took 0.167 seconds
[2025-01-19T04:35:06.781+0000] {processor.py:186} INFO - Started process (PID=874) to work on /home/airflow/.local/lib/python3.12/site-packages/airflow/example_dags/example_setup_teardown.py
[2025-01-19T04:35:06.786+0000] {processor.py:914} INFO - Processing file /home/airflow/.local/lib/python3.12/site-packages/airflow/example_dags/example_setup_teardown.py for tasks to queue
[2025-01-19T04:35:06.800+0000] {logging_mixin.py:190} INFO - [2025-01-19T04:35:06.799+0000] {dagbag.py:588} INFO - Filling up the DagBag from /home/airflow/.local/lib/python3.12/site-packages/airflow/example_dags/example_setup_teardown.py
[2025-01-19T04:35:06.950+0000] {processor.py:925} INFO - DAG(s) 'example_setup_teardown' retrieved from /home/airflow/.local/lib/python3.12/site-packages/airflow/example_dags/example_setup_teardown.py
[2025-01-19T04:35:07.178+0000] {logging_mixin.py:190} INFO - [2025-01-19T04:35:07.177+0000] {dag.py:3239} INFO - Sync 1 DAGs
[2025-01-19T04:35:07.376+0000] {logging_mixin.py:190} INFO - [2025-01-19T04:35:07.375+0000] {dag.py:4180} INFO - Setting next_dagrun for example_setup_teardown to None, run_after=None
[2025-01-19T04:35:07.563+0000] {processor.py:208} INFO - Processing /home/airflow/.local/lib/python3.12/site-packages/airflow/example_dags/example_setup_teardown.py took 1.169 seconds
[2025-01-19T04:35:48.159+0000] {processor.py:186} INFO - Started process (PID=936) to work on /home/airflow/.local/lib/python3.12/site-packages/airflow/example_dags/example_setup_teardown.py
[2025-01-19T04:35:48.161+0000] {processor.py:914} INFO - Processing file /home/airflow/.local/lib/python3.12/site-packages/airflow/example_dags/example_setup_teardown.py for tasks to queue
[2025-01-19T04:35:48.169+0000] {logging_mixin.py:190} INFO - [2025-01-19T04:35:48.168+0000] {dagbag.py:588} INFO - Filling up the DagBag from /home/airflow/.local/lib/python3.12/site-packages/airflow/example_dags/example_setup_teardown.py
[2025-01-19T04:35:48.220+0000] {processor.py:925} INFO - DAG(s) 'example_setup_teardown' retrieved from /home/airflow/.local/lib/python3.12/site-packages/airflow/example_dags/example_setup_teardown.py
[2025-01-19T04:35:48.275+0000] {logging_mixin.py:190} INFO - [2025-01-19T04:35:48.274+0000] {dag.py:3239} INFO - Sync 1 DAGs
[2025-01-19T04:35:48.342+0000] {logging_mixin.py:190} INFO - [2025-01-19T04:35:48.341+0000] {dag.py:4180} INFO - Setting next_dagrun for example_setup_teardown to None, run_after=None
[2025-01-19T04:35:48.417+0000] {processor.py:208} INFO - Processing /home/airflow/.local/lib/python3.12/site-packages/airflow/example_dags/example_setup_teardown.py took 0.283 seconds
[2025-01-19T04:36:19.721+0000] {processor.py:186} INFO - Started process (PID=998) to work on /home/airflow/.local/lib/python3.12/site-packages/airflow/example_dags/example_setup_teardown.py
[2025-01-19T04:36:19.727+0000] {processor.py:914} INFO - Processing file /home/airflow/.local/lib/python3.12/site-packages/airflow/example_dags/example_setup_teardown.py for tasks to queue
[2025-01-19T04:36:19.733+0000] {logging_mixin.py:190} INFO - [2025-01-19T04:36:19.732+0000] {dagbag.py:588} INFO - Filling up the DagBag from /home/airflow/.local/lib/python3.12/site-packages/airflow/example_dags/example_setup_teardown.py
[2025-01-19T04:36:19.757+0000] {processor.py:925} INFO - DAG(s) 'example_setup_teardown' retrieved from /home/airflow/.local/lib/python3.12/site-packages/airflow/example_dags/example_setup_teardown.py
[2025-01-19T04:36:19.810+0000] {logging_mixin.py:190} INFO - [2025-01-19T04:36:19.810+0000] {dag.py:3239} INFO - Sync 1 DAGs
[2025-01-19T04:36:19.874+0000] {logging_mixin.py:190} INFO - [2025-01-19T04:36:19.873+0000] {dag.py:4180} INFO - Setting next_dagrun for example_setup_teardown to None, run_after=None
[2025-01-19T04:36:19.946+0000] {processor.py:208} INFO - Processing /home/airflow/.local/lib/python3.12/site-packages/airflow/example_dags/example_setup_teardown.py took 0.237 seconds
[2025-01-19T04:41:02.576+0000] {processor.py:186} INFO - Started process (PID=1061) to work on /home/airflow/.local/lib/python3.12/site-packages/airflow/example_dags/example_setup_teardown.py
[2025-01-19T04:41:02.582+0000] {processor.py:914} INFO - Processing file /home/airflow/.local/lib/python3.12/site-packages/airflow/example_dags/example_setup_teardown.py for tasks to queue
[2025-01-19T04:41:02.592+0000] {logging_mixin.py:190} INFO - [2025-01-19T04:41:02.591+0000] {dagbag.py:588} INFO - Filling up the DagBag from /home/airflow/.local/lib/python3.12/site-packages/airflow/example_dags/example_setup_teardown.py
[2025-01-19T04:41:02.739+0000] {processor.py:925} INFO - DAG(s) 'example_setup_teardown' retrieved from /home/airflow/.local/lib/python3.12/site-packages/airflow/example_dags/example_setup_teardown.py
[2025-01-19T04:41:03.136+0000] {logging_mixin.py:190} INFO - [2025-01-19T04:41:03.135+0000] {dag.py:3239} INFO - Sync 1 DAGs
[2025-01-19T04:41:03.237+0000] {logging_mixin.py:190} INFO - [2025-01-19T04:41:03.235+0000] {dag.py:4180} INFO - Setting next_dagrun for example_setup_teardown to None, run_after=None
[2025-01-19T04:41:03.366+0000] {processor.py:208} INFO - Processing /home/airflow/.local/lib/python3.12/site-packages/airflow/example_dags/example_setup_teardown.py took 0.855 seconds
[2025-01-19T04:41:43.784+0000] {processor.py:186} INFO - Started process (PID=1135) to work on /home/airflow/.local/lib/python3.12/site-packages/airflow/example_dags/example_setup_teardown.py
[2025-01-19T04:41:43.787+0000] {processor.py:914} INFO - Processing file /home/airflow/.local/lib/python3.12/site-packages/airflow/example_dags/example_setup_teardown.py for tasks to queue
[2025-01-19T04:41:43.791+0000] {logging_mixin.py:190} INFO - [2025-01-19T04:41:43.790+0000] {dagbag.py:588} INFO - Filling up the DagBag from /home/airflow/.local/lib/python3.12/site-packages/airflow/example_dags/example_setup_teardown.py
[2025-01-19T04:41:43.836+0000] {processor.py:925} INFO - DAG(s) 'example_setup_teardown' retrieved from /home/airflow/.local/lib/python3.12/site-packages/airflow/example_dags/example_setup_teardown.py
[2025-01-19T04:41:43.944+0000] {logging_mixin.py:190} INFO - [2025-01-19T04:41:43.942+0000] {dag.py:3239} INFO - Sync 1 DAGs
[2025-01-19T04:41:44.019+0000] {logging_mixin.py:190} INFO - [2025-01-19T04:41:44.019+0000] {dag.py:4180} INFO - Setting next_dagrun for example_setup_teardown to None, run_after=None
[2025-01-19T04:41:44.131+0000] {processor.py:208} INFO - Processing /home/airflow/.local/lib/python3.12/site-packages/airflow/example_dags/example_setup_teardown.py took 0.381 seconds
