[2025-01-19T04:12:57.251+0000] {processor.py:186} INFO - Started process (PID=455) to work on /home/airflow/.local/lib/python3.12/site-packages/airflow/example_dags/example_branch_python_dop_operator_3.py
[2025-01-19T04:12:57.266+0000] {processor.py:914} INFO - Processing file /home/airflow/.local/lib/python3.12/site-packages/airflow/example_dags/example_branch_python_dop_operator_3.py for tasks to queue
[2025-01-19T04:12:57.273+0000] {logging_mixin.py:190} INFO - [2025-01-19T04:12:57.272+0000] {dagbag.py:588} INFO - Filling up the DagBag from /home/airflow/.local/lib/python3.12/site-packages/airflow/example_dags/example_branch_python_dop_operator_3.py
[2025-01-19T04:12:57.362+0000] {processor.py:925} INFO - DAG(s) 'example_branch_dop_operator_v3' retrieved from /home/airflow/.local/lib/python3.12/site-packages/airflow/example_dags/example_branch_python_dop_operator_3.py
[2025-01-19T04:12:57.451+0000] {logging_mixin.py:190} INFO - [2025-01-19T04:12:57.450+0000] {dag.py:3239} INFO - Sync 1 DAGs
[2025-01-19T04:12:57.554+0000] {logging_mixin.py:190} INFO - [2025-01-19T04:12:57.553+0000] {dag.py:4180} INFO - Setting next_dagrun for example_branch_dop_operator_v3 to 2025-01-19 04:11:00+00:00, run_after=2025-01-19 04:12:00+00:00
[2025-01-19T04:12:57.639+0000] {processor.py:208} INFO - Processing /home/airflow/.local/lib/python3.12/site-packages/airflow/example_dags/example_branch_python_dop_operator_3.py took 0.411 seconds
[2025-01-19T04:13:29.504+0000] {processor.py:186} INFO - Started process (PID=518) to work on /home/airflow/.local/lib/python3.12/site-packages/airflow/example_dags/example_branch_python_dop_operator_3.py
[2025-01-19T04:13:29.506+0000] {processor.py:914} INFO - Processing file /home/airflow/.local/lib/python3.12/site-packages/airflow/example_dags/example_branch_python_dop_operator_3.py for tasks to queue
[2025-01-19T04:13:29.511+0000] {logging_mixin.py:190} INFO - [2025-01-19T04:13:29.511+0000] {dagbag.py:588} INFO - Filling up the DagBag from /home/airflow/.local/lib/python3.12/site-packages/airflow/example_dags/example_branch_python_dop_operator_3.py
[2025-01-19T04:13:29.534+0000] {processor.py:925} INFO - DAG(s) 'example_branch_dop_operator_v3' retrieved from /home/airflow/.local/lib/python3.12/site-packages/airflow/example_dags/example_branch_python_dop_operator_3.py
[2025-01-19T04:13:29.573+0000] {logging_mixin.py:190} INFO - [2025-01-19T04:13:29.572+0000] {dag.py:3239} INFO - Sync 1 DAGs
[2025-01-19T04:13:29.629+0000] {logging_mixin.py:190} INFO - [2025-01-19T04:13:29.629+0000] {dag.py:4180} INFO - Setting next_dagrun for example_branch_dop_operator_v3 to 2025-01-19 04:12:00+00:00, run_after=2025-01-19 04:13:00+00:00
[2025-01-19T04:13:29.672+0000] {processor.py:208} INFO - Processing /home/airflow/.local/lib/python3.12/site-packages/airflow/example_dags/example_branch_python_dop_operator_3.py took 0.180 seconds
[2025-01-19T04:14:04.462+0000] {processor.py:186} INFO - Started process (PID=577) to work on /home/airflow/.local/lib/python3.12/site-packages/airflow/example_dags/example_branch_python_dop_operator_3.py
[2025-01-19T04:14:04.464+0000] {processor.py:914} INFO - Processing file /home/airflow/.local/lib/python3.12/site-packages/airflow/example_dags/example_branch_python_dop_operator_3.py for tasks to queue
[2025-01-19T04:14:04.485+0000] {logging_mixin.py:190} INFO - [2025-01-19T04:14:04.484+0000] {dagbag.py:588} INFO - Filling up the DagBag from /home/airflow/.local/lib/python3.12/site-packages/airflow/example_dags/example_branch_python_dop_operator_3.py
[2025-01-19T04:14:04.561+0000] {processor.py:925} INFO - DAG(s) 'example_branch_dop_operator_v3' retrieved from /home/airflow/.local/lib/python3.12/site-packages/airflow/example_dags/example_branch_python_dop_operator_3.py
[2025-01-19T04:14:04.671+0000] {logging_mixin.py:190} INFO - [2025-01-19T04:14:04.671+0000] {dag.py:3239} INFO - Sync 1 DAGs
[2025-01-19T04:14:04.775+0000] {logging_mixin.py:190} INFO - [2025-01-19T04:14:04.774+0000] {dag.py:4180} INFO - Setting next_dagrun for example_branch_dop_operator_v3 to 2025-01-19 04:13:00+00:00, run_after=2025-01-19 04:14:00+00:00
[2025-01-19T04:14:04.826+0000] {processor.py:208} INFO - Processing /home/airflow/.local/lib/python3.12/site-packages/airflow/example_dags/example_branch_python_dop_operator_3.py took 0.384 seconds
[2025-01-19T04:15:18.136+0000] {processor.py:186} INFO - Started process (PID=636) to work on /home/airflow/.local/lib/python3.12/site-packages/airflow/example_dags/example_branch_python_dop_operator_3.py
[2025-01-19T04:15:18.138+0000] {processor.py:914} INFO - Processing file /home/airflow/.local/lib/python3.12/site-packages/airflow/example_dags/example_branch_python_dop_operator_3.py for tasks to queue
[2025-01-19T04:15:18.147+0000] {logging_mixin.py:190} INFO - [2025-01-19T04:15:18.146+0000] {dagbag.py:588} INFO - Filling up the DagBag from /home/airflow/.local/lib/python3.12/site-packages/airflow/example_dags/example_branch_python_dop_operator_3.py
[2025-01-19T04:15:18.188+0000] {processor.py:925} INFO - DAG(s) 'example_branch_dop_operator_v3' retrieved from /home/airflow/.local/lib/python3.12/site-packages/airflow/example_dags/example_branch_python_dop_operator_3.py
[2025-01-19T04:15:18.244+0000] {logging_mixin.py:190} INFO - [2025-01-19T04:15:18.243+0000] {dag.py:3239} INFO - Sync 1 DAGs
[2025-01-19T04:15:18.336+0000] {logging_mixin.py:190} INFO - [2025-01-19T04:15:18.335+0000] {dag.py:4180} INFO - Setting next_dagrun for example_branch_dop_operator_v3 to 2025-01-19 04:14:00+00:00, run_after=2025-01-19 04:15:00+00:00
[2025-01-19T04:15:18.387+0000] {processor.py:208} INFO - Processing /home/airflow/.local/lib/python3.12/site-packages/airflow/example_dags/example_branch_python_dop_operator_3.py took 0.274 seconds
[2025-01-19T04:18:18.815+0000] {processor.py:186} INFO - Started process (PID=693) to work on /home/airflow/.local/lib/python3.12/site-packages/airflow/example_dags/example_branch_python_dop_operator_3.py
[2025-01-19T04:18:18.837+0000] {processor.py:914} INFO - Processing file /home/airflow/.local/lib/python3.12/site-packages/airflow/example_dags/example_branch_python_dop_operator_3.py for tasks to queue
[2025-01-19T04:18:18.841+0000] {logging_mixin.py:190} INFO - [2025-01-19T04:18:18.840+0000] {dagbag.py:588} INFO - Filling up the DagBag from /home/airflow/.local/lib/python3.12/site-packages/airflow/example_dags/example_branch_python_dop_operator_3.py
[2025-01-19T04:18:18.926+0000] {processor.py:925} INFO - DAG(s) 'example_branch_dop_operator_v3' retrieved from /home/airflow/.local/lib/python3.12/site-packages/airflow/example_dags/example_branch_python_dop_operator_3.py
[2025-01-19T04:18:19.064+0000] {logging_mixin.py:190} INFO - [2025-01-19T04:18:19.064+0000] {dag.py:3239} INFO - Sync 1 DAGs
[2025-01-19T04:18:19.376+0000] {logging_mixin.py:190} INFO - [2025-01-19T04:18:19.366+0000] {dag.py:4180} INFO - Setting next_dagrun for example_branch_dop_operator_v3 to 2025-01-19 04:17:00+00:00, run_after=2025-01-19 04:18:00+00:00
[2025-01-19T04:18:19.487+0000] {processor.py:208} INFO - Processing /home/airflow/.local/lib/python3.12/site-packages/airflow/example_dags/example_branch_python_dop_operator_3.py took 0.707 seconds
[2025-01-19T04:18:54.243+0000] {processor.py:186} INFO - Started process (PID=756) to work on /home/airflow/.local/lib/python3.12/site-packages/airflow/example_dags/example_branch_python_dop_operator_3.py
[2025-01-19T04:18:54.252+0000] {processor.py:914} INFO - Processing file /home/airflow/.local/lib/python3.12/site-packages/airflow/example_dags/example_branch_python_dop_operator_3.py for tasks to queue
[2025-01-19T04:18:54.256+0000] {logging_mixin.py:190} INFO - [2025-01-19T04:18:54.255+0000] {dagbag.py:588} INFO - Filling up the DagBag from /home/airflow/.local/lib/python3.12/site-packages/airflow/example_dags/example_branch_python_dop_operator_3.py
[2025-01-19T04:18:54.295+0000] {processor.py:925} INFO - DAG(s) 'example_branch_dop_operator_v3' retrieved from /home/airflow/.local/lib/python3.12/site-packages/airflow/example_dags/example_branch_python_dop_operator_3.py
[2025-01-19T04:18:54.370+0000] {logging_mixin.py:190} INFO - [2025-01-19T04:18:54.370+0000] {dag.py:3239} INFO - Sync 1 DAGs
[2025-01-19T04:18:54.551+0000] {logging_mixin.py:190} INFO - [2025-01-19T04:18:54.551+0000] {dag.py:4180} INFO - Setting next_dagrun for example_branch_dop_operator_v3 to 2025-01-19 04:17:00+00:00, run_after=2025-01-19 04:18:00+00:00
[2025-01-19T04:18:54.648+0000] {processor.py:208} INFO - Processing /home/airflow/.local/lib/python3.12/site-packages/airflow/example_dags/example_branch_python_dop_operator_3.py took 0.432 seconds
[2025-01-19T04:19:25.726+0000] {processor.py:186} INFO - Started process (PID=819) to work on /home/airflow/.local/lib/python3.12/site-packages/airflow/example_dags/example_branch_python_dop_operator_3.py
[2025-01-19T04:19:25.729+0000] {processor.py:914} INFO - Processing file /home/airflow/.local/lib/python3.12/site-packages/airflow/example_dags/example_branch_python_dop_operator_3.py for tasks to queue
[2025-01-19T04:19:25.732+0000] {logging_mixin.py:190} INFO - [2025-01-19T04:19:25.731+0000] {dagbag.py:588} INFO - Filling up the DagBag from /home/airflow/.local/lib/python3.12/site-packages/airflow/example_dags/example_branch_python_dop_operator_3.py
[2025-01-19T04:19:25.759+0000] {processor.py:925} INFO - DAG(s) 'example_branch_dop_operator_v3' retrieved from /home/airflow/.local/lib/python3.12/site-packages/airflow/example_dags/example_branch_python_dop_operator_3.py
[2025-01-19T04:19:25.889+0000] {logging_mixin.py:190} INFO - [2025-01-19T04:19:25.888+0000] {dag.py:3239} INFO - Sync 1 DAGs
[2025-01-19T04:19:26.212+0000] {logging_mixin.py:190} INFO - [2025-01-19T04:19:26.211+0000] {dag.py:4180} INFO - Setting next_dagrun for example_branch_dop_operator_v3 to 2025-01-19 04:18:00+00:00, run_after=2025-01-19 04:19:00+00:00
[2025-01-19T04:19:26.306+0000] {processor.py:208} INFO - Processing /home/airflow/.local/lib/python3.12/site-packages/airflow/example_dags/example_branch_python_dop_operator_3.py took 0.595 seconds
[2025-01-19T04:19:56.997+0000] {processor.py:186} INFO - Started process (PID=882) to work on /home/airflow/.local/lib/python3.12/site-packages/airflow/example_dags/example_branch_python_dop_operator_3.py
[2025-01-19T04:19:56.999+0000] {processor.py:914} INFO - Processing file /home/airflow/.local/lib/python3.12/site-packages/airflow/example_dags/example_branch_python_dop_operator_3.py for tasks to queue
[2025-01-19T04:19:57.002+0000] {logging_mixin.py:190} INFO - [2025-01-19T04:19:57.001+0000] {dagbag.py:588} INFO - Filling up the DagBag from /home/airflow/.local/lib/python3.12/site-packages/airflow/example_dags/example_branch_python_dop_operator_3.py
[2025-01-19T04:19:57.027+0000] {processor.py:925} INFO - DAG(s) 'example_branch_dop_operator_v3' retrieved from /home/airflow/.local/lib/python3.12/site-packages/airflow/example_dags/example_branch_python_dop_operator_3.py
[2025-01-19T04:19:57.071+0000] {logging_mixin.py:190} INFO - [2025-01-19T04:19:57.071+0000] {dag.py:3239} INFO - Sync 1 DAGs
[2025-01-19T04:19:57.136+0000] {logging_mixin.py:190} INFO - [2025-01-19T04:19:57.135+0000] {dag.py:4180} INFO - Setting next_dagrun for example_branch_dop_operator_v3 to 2025-01-19 04:18:00+00:00, run_after=2025-01-19 04:19:00+00:00
[2025-01-19T04:19:57.185+0000] {processor.py:208} INFO - Processing /home/airflow/.local/lib/python3.12/site-packages/airflow/example_dags/example_branch_python_dop_operator_3.py took 0.200 seconds
[2025-01-19T04:20:27.377+0000] {processor.py:186} INFO - Started process (PID=945) to work on /home/airflow/.local/lib/python3.12/site-packages/airflow/example_dags/example_branch_python_dop_operator_3.py
[2025-01-19T04:20:27.380+0000] {processor.py:914} INFO - Processing file /home/airflow/.local/lib/python3.12/site-packages/airflow/example_dags/example_branch_python_dop_operator_3.py for tasks to queue
[2025-01-19T04:20:27.383+0000] {logging_mixin.py:190} INFO - [2025-01-19T04:20:27.382+0000] {dagbag.py:588} INFO - Filling up the DagBag from /home/airflow/.local/lib/python3.12/site-packages/airflow/example_dags/example_branch_python_dop_operator_3.py
[2025-01-19T04:20:27.411+0000] {processor.py:925} INFO - DAG(s) 'example_branch_dop_operator_v3' retrieved from /home/airflow/.local/lib/python3.12/site-packages/airflow/example_dags/example_branch_python_dop_operator_3.py
[2025-01-19T04:20:27.460+0000] {logging_mixin.py:190} INFO - [2025-01-19T04:20:27.459+0000] {dag.py:3239} INFO - Sync 1 DAGs
[2025-01-19T04:20:27.528+0000] {logging_mixin.py:190} INFO - [2025-01-19T04:20:27.527+0000] {dag.py:4180} INFO - Setting next_dagrun for example_branch_dop_operator_v3 to 2025-01-19 04:19:00+00:00, run_after=2025-01-19 04:20:00+00:00
[2025-01-19T04:20:27.606+0000] {processor.py:208} INFO - Processing /home/airflow/.local/lib/python3.12/site-packages/airflow/example_dags/example_branch_python_dop_operator_3.py took 0.243 seconds
[2025-01-19T04:21:24.251+0000] {processor.py:186} INFO - Started process (PID=1015) to work on /home/airflow/.local/lib/python3.12/site-packages/airflow/example_dags/example_branch_python_dop_operator_3.py
[2025-01-19T04:21:24.253+0000] {processor.py:914} INFO - Processing file /home/airflow/.local/lib/python3.12/site-packages/airflow/example_dags/example_branch_python_dop_operator_3.py for tasks to queue
[2025-01-19T04:21:24.258+0000] {logging_mixin.py:190} INFO - [2025-01-19T04:21:24.257+0000] {dagbag.py:588} INFO - Filling up the DagBag from /home/airflow/.local/lib/python3.12/site-packages/airflow/example_dags/example_branch_python_dop_operator_3.py
[2025-01-19T04:21:24.296+0000] {processor.py:925} INFO - DAG(s) 'example_branch_dop_operator_v3' retrieved from /home/airflow/.local/lib/python3.12/site-packages/airflow/example_dags/example_branch_python_dop_operator_3.py
[2025-01-19T04:21:24.357+0000] {logging_mixin.py:190} INFO - [2025-01-19T04:21:24.357+0000] {dag.py:3239} INFO - Sync 1 DAGs
[2025-01-19T04:21:24.449+0000] {logging_mixin.py:190} INFO - [2025-01-19T04:21:24.448+0000] {dag.py:4180} INFO - Setting next_dagrun for example_branch_dop_operator_v3 to 2025-01-19 04:20:00+00:00, run_after=2025-01-19 04:21:00+00:00
[2025-01-19T04:21:24.528+0000] {processor.py:208} INFO - Processing /home/airflow/.local/lib/python3.12/site-packages/airflow/example_dags/example_branch_python_dop_operator_3.py took 0.297 seconds
[2025-01-19T04:27:30.017+0000] {processor.py:186} INFO - Started process (PID=70) to work on /home/airflow/.local/lib/python3.12/site-packages/airflow/example_dags/example_branch_python_dop_operator_3.py
[2025-01-19T04:27:30.020+0000] {processor.py:914} INFO - Processing file /home/airflow/.local/lib/python3.12/site-packages/airflow/example_dags/example_branch_python_dop_operator_3.py for tasks to queue
[2025-01-19T04:27:30.026+0000] {logging_mixin.py:190} INFO - [2025-01-19T04:27:30.025+0000] {dagbag.py:588} INFO - Filling up the DagBag from /home/airflow/.local/lib/python3.12/site-packages/airflow/example_dags/example_branch_python_dop_operator_3.py
[2025-01-19T04:27:30.072+0000] {processor.py:925} INFO - DAG(s) 'example_branch_dop_operator_v3' retrieved from /home/airflow/.local/lib/python3.12/site-packages/airflow/example_dags/example_branch_python_dop_operator_3.py
[2025-01-19T04:27:30.591+0000] {logging_mixin.py:190} INFO - [2025-01-19T04:27:30.589+0000] {override.py:1911} INFO - Created Permission View: can delete on DAG:example_branch_dop_operator_v3
[2025-01-19T04:27:30.655+0000] {logging_mixin.py:190} INFO - [2025-01-19T04:27:30.654+0000] {override.py:1911} INFO - Created Permission View: can edit on DAG:example_branch_dop_operator_v3
[2025-01-19T04:27:30.689+0000] {logging_mixin.py:190} INFO - [2025-01-19T04:27:30.688+0000] {override.py:1911} INFO - Created Permission View: can read on DAG:example_branch_dop_operator_v3
[2025-01-19T04:27:30.716+0000] {logging_mixin.py:190} INFO - [2025-01-19T04:27:30.716+0000] {override.py:1911} INFO - Created Permission View: can create on DAG Run:example_branch_dop_operator_v3
[2025-01-19T04:27:30.746+0000] {logging_mixin.py:190} INFO - [2025-01-19T04:27:30.745+0000] {override.py:1911} INFO - Created Permission View: menu access on DAG Run:example_branch_dop_operator_v3
[2025-01-19T04:27:30.780+0000] {logging_mixin.py:190} INFO - [2025-01-19T04:27:30.779+0000] {override.py:1911} INFO - Created Permission View: can delete on DAG Run:example_branch_dop_operator_v3
[2025-01-19T04:27:30.807+0000] {logging_mixin.py:190} INFO - [2025-01-19T04:27:30.806+0000] {override.py:1911} INFO - Created Permission View: can read on DAG Run:example_branch_dop_operator_v3
[2025-01-19T04:27:30.808+0000] {logging_mixin.py:190} INFO - [2025-01-19T04:27:30.808+0000] {dag.py:3239} INFO - Sync 1 DAGs
[2025-01-19T04:27:30.866+0000] {logging_mixin.py:190} INFO - [2025-01-19T04:27:30.866+0000] {dag.py:3262} INFO - Creating ORM DAG for example_branch_dop_operator_v3
[2025-01-19T04:27:30.946+0000] {logging_mixin.py:190} INFO - [2025-01-19T04:27:30.945+0000] {dag.py:4180} INFO - Setting next_dagrun for example_branch_dop_operator_v3 to 2025-01-19 04:26:00+00:00, run_after=2025-01-19 04:27:00+00:00
[2025-01-19T04:27:31.096+0000] {processor.py:208} INFO - Processing /home/airflow/.local/lib/python3.12/site-packages/airflow/example_dags/example_branch_python_dop_operator_3.py took 1.103 seconds
[2025-01-19T04:28:25.986+0000] {processor.py:186} INFO - Started process (PID=139) to work on /home/airflow/.local/lib/python3.12/site-packages/airflow/example_dags/example_branch_python_dop_operator_3.py
[2025-01-19T04:28:25.991+0000] {processor.py:914} INFO - Processing file /home/airflow/.local/lib/python3.12/site-packages/airflow/example_dags/example_branch_python_dop_operator_3.py for tasks to queue
[2025-01-19T04:28:26.004+0000] {logging_mixin.py:190} INFO - [2025-01-19T04:28:26.003+0000] {dagbag.py:588} INFO - Filling up the DagBag from /home/airflow/.local/lib/python3.12/site-packages/airflow/example_dags/example_branch_python_dop_operator_3.py
[2025-01-19T04:28:26.055+0000] {processor.py:925} INFO - DAG(s) 'example_branch_dop_operator_v3' retrieved from /home/airflow/.local/lib/python3.12/site-packages/airflow/example_dags/example_branch_python_dop_operator_3.py
[2025-01-19T04:28:26.121+0000] {logging_mixin.py:190} INFO - [2025-01-19T04:28:26.121+0000] {dag.py:3239} INFO - Sync 1 DAGs
[2025-01-19T04:28:26.190+0000] {logging_mixin.py:190} INFO - [2025-01-19T04:28:26.189+0000] {dag.py:4180} INFO - Setting next_dagrun for example_branch_dop_operator_v3 to 2025-01-19 04:27:00+00:00, run_after=2025-01-19 04:28:00+00:00
[2025-01-19T04:28:26.284+0000] {processor.py:208} INFO - Processing /home/airflow/.local/lib/python3.12/site-packages/airflow/example_dags/example_branch_python_dop_operator_3.py took 0.332 seconds
[2025-01-19T04:28:58.156+0000] {processor.py:186} INFO - Started process (PID=202) to work on /home/airflow/.local/lib/python3.12/site-packages/airflow/example_dags/example_branch_python_dop_operator_3.py
[2025-01-19T04:28:58.158+0000] {processor.py:914} INFO - Processing file /home/airflow/.local/lib/python3.12/site-packages/airflow/example_dags/example_branch_python_dop_operator_3.py for tasks to queue
[2025-01-19T04:28:58.164+0000] {logging_mixin.py:190} INFO - [2025-01-19T04:28:58.163+0000] {dagbag.py:588} INFO - Filling up the DagBag from /home/airflow/.local/lib/python3.12/site-packages/airflow/example_dags/example_branch_python_dop_operator_3.py
[2025-01-19T04:28:58.210+0000] {processor.py:925} INFO - DAG(s) 'example_branch_dop_operator_v3' retrieved from /home/airflow/.local/lib/python3.12/site-packages/airflow/example_dags/example_branch_python_dop_operator_3.py
[2025-01-19T04:28:58.263+0000] {logging_mixin.py:190} INFO - [2025-01-19T04:28:58.261+0000] {dag.py:3239} INFO - Sync 1 DAGs
[2025-01-19T04:28:58.342+0000] {logging_mixin.py:190} INFO - [2025-01-19T04:28:58.341+0000] {dag.py:4180} INFO - Setting next_dagrun for example_branch_dop_operator_v3 to 2025-01-19 04:27:00+00:00, run_after=2025-01-19 04:28:00+00:00
[2025-01-19T04:28:58.392+0000] {processor.py:208} INFO - Processing /home/airflow/.local/lib/python3.12/site-packages/airflow/example_dags/example_branch_python_dop_operator_3.py took 0.254 seconds
[2025-01-19T04:29:28.871+0000] {processor.py:186} INFO - Started process (PID=265) to work on /home/airflow/.local/lib/python3.12/site-packages/airflow/example_dags/example_branch_python_dop_operator_3.py
[2025-01-19T04:29:28.873+0000] {processor.py:914} INFO - Processing file /home/airflow/.local/lib/python3.12/site-packages/airflow/example_dags/example_branch_python_dop_operator_3.py for tasks to queue
[2025-01-19T04:29:28.879+0000] {logging_mixin.py:190} INFO - [2025-01-19T04:29:28.878+0000] {dagbag.py:588} INFO - Filling up the DagBag from /home/airflow/.local/lib/python3.12/site-packages/airflow/example_dags/example_branch_python_dop_operator_3.py
[2025-01-19T04:29:28.905+0000] {processor.py:925} INFO - DAG(s) 'example_branch_dop_operator_v3' retrieved from /home/airflow/.local/lib/python3.12/site-packages/airflow/example_dags/example_branch_python_dop_operator_3.py
[2025-01-19T04:29:28.953+0000] {logging_mixin.py:190} INFO - [2025-01-19T04:29:28.952+0000] {dag.py:3239} INFO - Sync 1 DAGs
[2025-01-19T04:29:29.034+0000] {logging_mixin.py:190} INFO - [2025-01-19T04:29:29.034+0000] {dag.py:4180} INFO - Setting next_dagrun for example_branch_dop_operator_v3 to 2025-01-19 04:28:00+00:00, run_after=2025-01-19 04:29:00+00:00
[2025-01-19T04:29:29.080+0000] {processor.py:208} INFO - Processing /home/airflow/.local/lib/python3.12/site-packages/airflow/example_dags/example_branch_python_dop_operator_3.py took 0.222 seconds
[2025-01-19T04:30:08.167+0000] {processor.py:186} INFO - Started process (PID=305) to work on /home/airflow/.local/lib/python3.12/site-packages/airflow/example_dags/example_branch_python_dop_operator_3.py
[2025-01-19T04:30:08.189+0000] {processor.py:914} INFO - Processing file /home/airflow/.local/lib/python3.12/site-packages/airflow/example_dags/example_branch_python_dop_operator_3.py for tasks to queue
[2025-01-19T04:30:08.205+0000] {logging_mixin.py:190} INFO - [2025-01-19T04:30:08.204+0000] {dagbag.py:588} INFO - Filling up the DagBag from /home/airflow/.local/lib/python3.12/site-packages/airflow/example_dags/example_branch_python_dop_operator_3.py
[2025-01-19T04:30:08.232+0000] {processor.py:925} INFO - DAG(s) 'example_branch_dop_operator_v3' retrieved from /home/airflow/.local/lib/python3.12/site-packages/airflow/example_dags/example_branch_python_dop_operator_3.py
[2025-01-19T04:30:08.290+0000] {logging_mixin.py:190} INFO - [2025-01-19T04:30:08.290+0000] {dag.py:3239} INFO - Sync 1 DAGs
[2025-01-19T04:30:08.382+0000] {logging_mixin.py:190} INFO - [2025-01-19T04:30:08.381+0000] {dag.py:4180} INFO - Setting next_dagrun for example_branch_dop_operator_v3 to 2025-01-19 04:29:00+00:00, run_after=2025-01-19 04:30:00+00:00
[2025-01-19T04:30:08.431+0000] {processor.py:208} INFO - Processing /home/airflow/.local/lib/python3.12/site-packages/airflow/example_dags/example_branch_python_dop_operator_3.py took 0.292 seconds
[2025-01-19T04:30:41.412+0000] {processor.py:186} INFO - Started process (PID=368) to work on /home/airflow/.local/lib/python3.12/site-packages/airflow/example_dags/example_branch_python_dop_operator_3.py
[2025-01-19T04:30:41.414+0000] {processor.py:914} INFO - Processing file /home/airflow/.local/lib/python3.12/site-packages/airflow/example_dags/example_branch_python_dop_operator_3.py for tasks to queue
[2025-01-19T04:30:41.421+0000] {logging_mixin.py:190} INFO - [2025-01-19T04:30:41.420+0000] {dagbag.py:588} INFO - Filling up the DagBag from /home/airflow/.local/lib/python3.12/site-packages/airflow/example_dags/example_branch_python_dop_operator_3.py
[2025-01-19T04:30:41.445+0000] {processor.py:925} INFO - DAG(s) 'example_branch_dop_operator_v3' retrieved from /home/airflow/.local/lib/python3.12/site-packages/airflow/example_dags/example_branch_python_dop_operator_3.py
[2025-01-19T04:30:41.488+0000] {logging_mixin.py:190} INFO - [2025-01-19T04:30:41.488+0000] {dag.py:3239} INFO - Sync 1 DAGs
[2025-01-19T04:30:41.559+0000] {logging_mixin.py:190} INFO - [2025-01-19T04:30:41.559+0000] {dag.py:4180} INFO - Setting next_dagrun for example_branch_dop_operator_v3 to 2025-01-19 04:29:00+00:00, run_after=2025-01-19 04:30:00+00:00
[2025-01-19T04:30:41.602+0000] {processor.py:208} INFO - Processing /home/airflow/.local/lib/python3.12/site-packages/airflow/example_dags/example_branch_python_dop_operator_3.py took 0.202 seconds
[2025-01-19T04:31:19.485+0000] {processor.py:186} INFO - Started process (PID=432) to work on /home/airflow/.local/lib/python3.12/site-packages/airflow/example_dags/example_branch_python_dop_operator_3.py
[2025-01-19T04:31:19.487+0000] {processor.py:914} INFO - Processing file /home/airflow/.local/lib/python3.12/site-packages/airflow/example_dags/example_branch_python_dop_operator_3.py for tasks to queue
[2025-01-19T04:31:19.494+0000] {logging_mixin.py:190} INFO - [2025-01-19T04:31:19.493+0000] {dagbag.py:588} INFO - Filling up the DagBag from /home/airflow/.local/lib/python3.12/site-packages/airflow/example_dags/example_branch_python_dop_operator_3.py
[2025-01-19T04:31:19.521+0000] {processor.py:925} INFO - DAG(s) 'example_branch_dop_operator_v3' retrieved from /home/airflow/.local/lib/python3.12/site-packages/airflow/example_dags/example_branch_python_dop_operator_3.py
[2025-01-19T04:31:19.578+0000] {logging_mixin.py:190} INFO - [2025-01-19T04:31:19.578+0000] {dag.py:3239} INFO - Sync 1 DAGs
[2025-01-19T04:31:19.698+0000] {logging_mixin.py:190} INFO - [2025-01-19T04:31:19.697+0000] {dag.py:4180} INFO - Setting next_dagrun for example_branch_dop_operator_v3 to 2025-01-19 04:30:00+00:00, run_after=2025-01-19 04:31:00+00:00
[2025-01-19T04:31:19.770+0000] {processor.py:208} INFO - Processing /home/airflow/.local/lib/python3.12/site-packages/airflow/example_dags/example_branch_python_dop_operator_3.py took 0.302 seconds
[2025-01-19T04:31:54.777+0000] {processor.py:186} INFO - Started process (PID=495) to work on /home/airflow/.local/lib/python3.12/site-packages/airflow/example_dags/example_branch_python_dop_operator_3.py
[2025-01-19T04:31:54.779+0000] {processor.py:914} INFO - Processing file /home/airflow/.local/lib/python3.12/site-packages/airflow/example_dags/example_branch_python_dop_operator_3.py for tasks to queue
[2025-01-19T04:31:54.784+0000] {logging_mixin.py:190} INFO - [2025-01-19T04:31:54.784+0000] {dagbag.py:588} INFO - Filling up the DagBag from /home/airflow/.local/lib/python3.12/site-packages/airflow/example_dags/example_branch_python_dop_operator_3.py
[2025-01-19T04:31:54.810+0000] {processor.py:925} INFO - DAG(s) 'example_branch_dop_operator_v3' retrieved from /home/airflow/.local/lib/python3.12/site-packages/airflow/example_dags/example_branch_python_dop_operator_3.py
[2025-01-19T04:31:54.856+0000] {logging_mixin.py:190} INFO - [2025-01-19T04:31:54.855+0000] {dag.py:3239} INFO - Sync 1 DAGs
[2025-01-19T04:31:54.926+0000] {logging_mixin.py:190} INFO - [2025-01-19T04:31:54.925+0000] {dag.py:4180} INFO - Setting next_dagrun for example_branch_dop_operator_v3 to 2025-01-19 04:30:00+00:00, run_after=2025-01-19 04:31:00+00:00
[2025-01-19T04:31:54.982+0000] {processor.py:208} INFO - Processing /home/airflow/.local/lib/python3.12/site-packages/airflow/example_dags/example_branch_python_dop_operator_3.py took 0.218 seconds
[2025-01-19T04:32:27.402+0000] {processor.py:186} INFO - Started process (PID=558) to work on /home/airflow/.local/lib/python3.12/site-packages/airflow/example_dags/example_branch_python_dop_operator_3.py
[2025-01-19T04:32:27.404+0000] {processor.py:914} INFO - Processing file /home/airflow/.local/lib/python3.12/site-packages/airflow/example_dags/example_branch_python_dop_operator_3.py for tasks to queue
[2025-01-19T04:32:27.410+0000] {logging_mixin.py:190} INFO - [2025-01-19T04:32:27.409+0000] {dagbag.py:588} INFO - Filling up the DagBag from /home/airflow/.local/lib/python3.12/site-packages/airflow/example_dags/example_branch_python_dop_operator_3.py
[2025-01-19T04:32:27.438+0000] {processor.py:925} INFO - DAG(s) 'example_branch_dop_operator_v3' retrieved from /home/airflow/.local/lib/python3.12/site-packages/airflow/example_dags/example_branch_python_dop_operator_3.py
[2025-01-19T04:32:27.483+0000] {logging_mixin.py:190} INFO - [2025-01-19T04:32:27.483+0000] {dag.py:3239} INFO - Sync 1 DAGs
[2025-01-19T04:32:27.576+0000] {logging_mixin.py:190} INFO - [2025-01-19T04:32:27.576+0000] {dag.py:4180} INFO - Setting next_dagrun for example_branch_dop_operator_v3 to 2025-01-19 04:31:00+00:00, run_after=2025-01-19 04:32:00+00:00
[2025-01-19T04:32:27.628+0000] {processor.py:208} INFO - Processing /home/airflow/.local/lib/python3.12/site-packages/airflow/example_dags/example_branch_python_dop_operator_3.py took 0.240 seconds
[2025-01-19T04:33:02.023+0000] {processor.py:186} INFO - Started process (PID=621) to work on /home/airflow/.local/lib/python3.12/site-packages/airflow/example_dags/example_branch_python_dop_operator_3.py
[2025-01-19T04:33:02.025+0000] {processor.py:914} INFO - Processing file /home/airflow/.local/lib/python3.12/site-packages/airflow/example_dags/example_branch_python_dop_operator_3.py for tasks to queue
[2025-01-19T04:33:02.033+0000] {logging_mixin.py:190} INFO - [2025-01-19T04:33:02.032+0000] {dagbag.py:588} INFO - Filling up the DagBag from /home/airflow/.local/lib/python3.12/site-packages/airflow/example_dags/example_branch_python_dop_operator_3.py
[2025-01-19T04:33:02.054+0000] {processor.py:925} INFO - DAG(s) 'example_branch_dop_operator_v3' retrieved from /home/airflow/.local/lib/python3.12/site-packages/airflow/example_dags/example_branch_python_dop_operator_3.py
[2025-01-19T04:33:02.102+0000] {logging_mixin.py:190} INFO - [2025-01-19T04:33:02.101+0000] {dag.py:3239} INFO - Sync 1 DAGs
[2025-01-19T04:33:02.182+0000] {logging_mixin.py:190} INFO - [2025-01-19T04:33:02.182+0000] {dag.py:4180} INFO - Setting next_dagrun for example_branch_dop_operator_v3 to 2025-01-19 04:32:00+00:00, run_after=2025-01-19 04:33:00+00:00
[2025-01-19T04:33:02.223+0000] {processor.py:208} INFO - Processing /home/airflow/.local/lib/python3.12/site-packages/airflow/example_dags/example_branch_python_dop_operator_3.py took 0.213 seconds
[2025-01-19T04:33:33.178+0000] {processor.py:186} INFO - Started process (PID=684) to work on /home/airflow/.local/lib/python3.12/site-packages/airflow/example_dags/example_branch_python_dop_operator_3.py
[2025-01-19T04:33:33.183+0000] {processor.py:914} INFO - Processing file /home/airflow/.local/lib/python3.12/site-packages/airflow/example_dags/example_branch_python_dop_operator_3.py for tasks to queue
[2025-01-19T04:33:33.188+0000] {logging_mixin.py:190} INFO - [2025-01-19T04:33:33.188+0000] {dagbag.py:588} INFO - Filling up the DagBag from /home/airflow/.local/lib/python3.12/site-packages/airflow/example_dags/example_branch_python_dop_operator_3.py
[2025-01-19T04:33:33.210+0000] {processor.py:925} INFO - DAG(s) 'example_branch_dop_operator_v3' retrieved from /home/airflow/.local/lib/python3.12/site-packages/airflow/example_dags/example_branch_python_dop_operator_3.py
[2025-01-19T04:33:33.251+0000] {logging_mixin.py:190} INFO - [2025-01-19T04:33:33.250+0000] {dag.py:3239} INFO - Sync 1 DAGs
[2025-01-19T04:33:33.337+0000] {logging_mixin.py:190} INFO - [2025-01-19T04:33:33.336+0000] {dag.py:4180} INFO - Setting next_dagrun for example_branch_dop_operator_v3 to 2025-01-19 04:32:00+00:00, run_after=2025-01-19 04:33:00+00:00
[2025-01-19T04:33:33.392+0000] {processor.py:208} INFO - Processing /home/airflow/.local/lib/python3.12/site-packages/airflow/example_dags/example_branch_python_dop_operator_3.py took 0.228 seconds
[2025-01-19T04:34:03.611+0000] {processor.py:186} INFO - Started process (PID=747) to work on /home/airflow/.local/lib/python3.12/site-packages/airflow/example_dags/example_branch_python_dop_operator_3.py
[2025-01-19T04:34:03.614+0000] {processor.py:914} INFO - Processing file /home/airflow/.local/lib/python3.12/site-packages/airflow/example_dags/example_branch_python_dop_operator_3.py for tasks to queue
[2025-01-19T04:34:03.624+0000] {logging_mixin.py:190} INFO - [2025-01-19T04:34:03.623+0000] {dagbag.py:588} INFO - Filling up the DagBag from /home/airflow/.local/lib/python3.12/site-packages/airflow/example_dags/example_branch_python_dop_operator_3.py
[2025-01-19T04:34:03.667+0000] {processor.py:925} INFO - DAG(s) 'example_branch_dop_operator_v3' retrieved from /home/airflow/.local/lib/python3.12/site-packages/airflow/example_dags/example_branch_python_dop_operator_3.py
[2025-01-19T04:34:03.800+0000] {logging_mixin.py:190} INFO - [2025-01-19T04:34:03.800+0000] {dag.py:3239} INFO - Sync 1 DAGs
[2025-01-19T04:34:03.924+0000] {logging_mixin.py:190} INFO - [2025-01-19T04:34:03.924+0000] {dag.py:4180} INFO - Setting next_dagrun for example_branch_dop_operator_v3 to 2025-01-19 04:33:00+00:00, run_after=2025-01-19 04:34:00+00:00
[2025-01-19T04:34:03.991+0000] {processor.py:208} INFO - Processing /home/airflow/.local/lib/python3.12/site-packages/airflow/example_dags/example_branch_python_dop_operator_3.py took 0.399 seconds
[2025-01-19T04:34:34.592+0000] {processor.py:186} INFO - Started process (PID=811) to work on /home/airflow/.local/lib/python3.12/site-packages/airflow/example_dags/example_branch_python_dop_operator_3.py
[2025-01-19T04:34:34.595+0000] {processor.py:914} INFO - Processing file /home/airflow/.local/lib/python3.12/site-packages/airflow/example_dags/example_branch_python_dop_operator_3.py for tasks to queue
[2025-01-19T04:34:34.602+0000] {logging_mixin.py:190} INFO - [2025-01-19T04:34:34.601+0000] {dagbag.py:588} INFO - Filling up the DagBag from /home/airflow/.local/lib/python3.12/site-packages/airflow/example_dags/example_branch_python_dop_operator_3.py
[2025-01-19T04:34:34.628+0000] {processor.py:925} INFO - DAG(s) 'example_branch_dop_operator_v3' retrieved from /home/airflow/.local/lib/python3.12/site-packages/airflow/example_dags/example_branch_python_dop_operator_3.py
[2025-01-19T04:34:34.680+0000] {logging_mixin.py:190} INFO - [2025-01-19T04:34:34.679+0000] {dag.py:3239} INFO - Sync 1 DAGs
[2025-01-19T04:34:34.763+0000] {logging_mixin.py:190} INFO - [2025-01-19T04:34:34.762+0000] {dag.py:4180} INFO - Setting next_dagrun for example_branch_dop_operator_v3 to 2025-01-19 04:33:00+00:00, run_after=2025-01-19 04:34:00+00:00
[2025-01-19T04:34:34.829+0000] {processor.py:208} INFO - Processing /home/airflow/.local/lib/python3.12/site-packages/airflow/example_dags/example_branch_python_dop_operator_3.py took 0.249 seconds
[2025-01-19T04:35:10.967+0000] {processor.py:186} INFO - Started process (PID=878) to work on /home/airflow/.local/lib/python3.12/site-packages/airflow/example_dags/example_branch_python_dop_operator_3.py
[2025-01-19T04:35:10.982+0000] {processor.py:914} INFO - Processing file /home/airflow/.local/lib/python3.12/site-packages/airflow/example_dags/example_branch_python_dop_operator_3.py for tasks to queue
[2025-01-19T04:35:11.000+0000] {logging_mixin.py:190} INFO - [2025-01-19T04:35:10.999+0000] {dagbag.py:588} INFO - Filling up the DagBag from /home/airflow/.local/lib/python3.12/site-packages/airflow/example_dags/example_branch_python_dop_operator_3.py
[2025-01-19T04:35:11.086+0000] {processor.py:925} INFO - DAG(s) 'example_branch_dop_operator_v3' retrieved from /home/airflow/.local/lib/python3.12/site-packages/airflow/example_dags/example_branch_python_dop_operator_3.py
[2025-01-19T04:35:11.268+0000] {logging_mixin.py:190} INFO - [2025-01-19T04:35:11.268+0000] {dag.py:3239} INFO - Sync 1 DAGs
[2025-01-19T04:35:11.700+0000] {logging_mixin.py:190} INFO - [2025-01-19T04:35:11.699+0000] {dag.py:4180} INFO - Setting next_dagrun for example_branch_dop_operator_v3 to 2025-01-19 04:34:00+00:00, run_after=2025-01-19 04:35:00+00:00
[2025-01-19T04:35:11.865+0000] {processor.py:208} INFO - Processing /home/airflow/.local/lib/python3.12/site-packages/airflow/example_dags/example_branch_python_dop_operator_3.py took 0.951 seconds
[2025-01-19T04:35:49.301+0000] {processor.py:186} INFO - Started process (PID=940) to work on /home/airflow/.local/lib/python3.12/site-packages/airflow/example_dags/example_branch_python_dop_operator_3.py
[2025-01-19T04:35:49.308+0000] {processor.py:914} INFO - Processing file /home/airflow/.local/lib/python3.12/site-packages/airflow/example_dags/example_branch_python_dop_operator_3.py for tasks to queue
[2025-01-19T04:35:49.319+0000] {logging_mixin.py:190} INFO - [2025-01-19T04:35:49.313+0000] {dagbag.py:588} INFO - Filling up the DagBag from /home/airflow/.local/lib/python3.12/site-packages/airflow/example_dags/example_branch_python_dop_operator_3.py
[2025-01-19T04:35:49.366+0000] {processor.py:925} INFO - DAG(s) 'example_branch_dop_operator_v3' retrieved from /home/airflow/.local/lib/python3.12/site-packages/airflow/example_dags/example_branch_python_dop_operator_3.py
[2025-01-19T04:35:49.476+0000] {logging_mixin.py:190} INFO - [2025-01-19T04:35:49.476+0000] {dag.py:3239} INFO - Sync 1 DAGs
[2025-01-19T04:35:49.602+0000] {logging_mixin.py:190} INFO - [2025-01-19T04:35:49.601+0000] {dag.py:4180} INFO - Setting next_dagrun for example_branch_dop_operator_v3 to 2025-01-19 04:34:00+00:00, run_after=2025-01-19 04:35:00+00:00
[2025-01-19T04:35:49.683+0000] {processor.py:208} INFO - Processing /home/airflow/.local/lib/python3.12/site-packages/airflow/example_dags/example_branch_python_dop_operator_3.py took 0.433 seconds
[2025-01-19T04:36:20.583+0000] {processor.py:186} INFO - Started process (PID=1003) to work on /home/airflow/.local/lib/python3.12/site-packages/airflow/example_dags/example_branch_python_dop_operator_3.py
[2025-01-19T04:36:20.585+0000] {processor.py:914} INFO - Processing file /home/airflow/.local/lib/python3.12/site-packages/airflow/example_dags/example_branch_python_dop_operator_3.py for tasks to queue
[2025-01-19T04:36:20.589+0000] {logging_mixin.py:190} INFO - [2025-01-19T04:36:20.589+0000] {dagbag.py:588} INFO - Filling up the DagBag from /home/airflow/.local/lib/python3.12/site-packages/airflow/example_dags/example_branch_python_dop_operator_3.py
[2025-01-19T04:36:20.617+0000] {processor.py:925} INFO - DAG(s) 'example_branch_dop_operator_v3' retrieved from /home/airflow/.local/lib/python3.12/site-packages/airflow/example_dags/example_branch_python_dop_operator_3.py
[2025-01-19T04:36:20.658+0000] {logging_mixin.py:190} INFO - [2025-01-19T04:36:20.658+0000] {dag.py:3239} INFO - Sync 1 DAGs
[2025-01-19T04:36:20.727+0000] {logging_mixin.py:190} INFO - [2025-01-19T04:36:20.726+0000] {dag.py:4180} INFO - Setting next_dagrun for example_branch_dop_operator_v3 to 2025-01-19 04:35:00+00:00, run_after=2025-01-19 04:36:00+00:00
[2025-01-19T04:36:20.773+0000] {processor.py:208} INFO - Processing /home/airflow/.local/lib/python3.12/site-packages/airflow/example_dags/example_branch_python_dop_operator_3.py took 0.205 seconds
[2025-01-19T04:41:06.834+0000] {processor.py:186} INFO - Started process (PID=1079) to work on /home/airflow/.local/lib/python3.12/site-packages/airflow/example_dags/example_branch_python_dop_operator_3.py
[2025-01-19T04:41:06.837+0000] {processor.py:914} INFO - Processing file /home/airflow/.local/lib/python3.12/site-packages/airflow/example_dags/example_branch_python_dop_operator_3.py for tasks to queue
[2025-01-19T04:41:06.841+0000] {logging_mixin.py:190} INFO - [2025-01-19T04:41:06.840+0000] {dagbag.py:588} INFO - Filling up the DagBag from /home/airflow/.local/lib/python3.12/site-packages/airflow/example_dags/example_branch_python_dop_operator_3.py
[2025-01-19T04:41:06.876+0000] {processor.py:925} INFO - DAG(s) 'example_branch_dop_operator_v3' retrieved from /home/airflow/.local/lib/python3.12/site-packages/airflow/example_dags/example_branch_python_dop_operator_3.py
[2025-01-19T04:41:06.942+0000] {logging_mixin.py:190} INFO - [2025-01-19T04:41:06.941+0000] {dag.py:3239} INFO - Sync 1 DAGs
[2025-01-19T04:41:07.047+0000] {logging_mixin.py:190} INFO - [2025-01-19T04:41:07.046+0000] {dag.py:4180} INFO - Setting next_dagrun for example_branch_dop_operator_v3 to 2025-01-19 04:40:00+00:00, run_after=2025-01-19 04:41:00+00:00
[2025-01-19T04:41:07.111+0000] {processor.py:208} INFO - Processing /home/airflow/.local/lib/python3.12/site-packages/airflow/example_dags/example_branch_python_dop_operator_3.py took 0.293 seconds
[2025-01-19T04:41:44.901+0000] {processor.py:186} INFO - Started process (PID=1139) to work on /home/airflow/.local/lib/python3.12/site-packages/airflow/example_dags/example_branch_python_dop_operator_3.py
[2025-01-19T04:41:44.904+0000] {processor.py:914} INFO - Processing file /home/airflow/.local/lib/python3.12/site-packages/airflow/example_dags/example_branch_python_dop_operator_3.py for tasks to queue
[2025-01-19T04:41:44.911+0000] {logging_mixin.py:190} INFO - [2025-01-19T04:41:44.910+0000] {dagbag.py:588} INFO - Filling up the DagBag from /home/airflow/.local/lib/python3.12/site-packages/airflow/example_dags/example_branch_python_dop_operator_3.py
[2025-01-19T04:41:45.021+0000] {processor.py:925} INFO - DAG(s) 'example_branch_dop_operator_v3' retrieved from /home/airflow/.local/lib/python3.12/site-packages/airflow/example_dags/example_branch_python_dop_operator_3.py
[2025-01-19T04:41:45.151+0000] {logging_mixin.py:190} INFO - [2025-01-19T04:41:45.150+0000] {dag.py:3239} INFO - Sync 1 DAGs
[2025-01-19T04:41:45.579+0000] {logging_mixin.py:190} INFO - [2025-01-19T04:41:45.579+0000] {dag.py:4180} INFO - Setting next_dagrun for example_branch_dop_operator_v3 to 2025-01-19 04:40:00+00:00, run_after=2025-01-19 04:41:00+00:00
[2025-01-19T04:41:45.807+0000] {processor.py:208} INFO - Processing /home/airflow/.local/lib/python3.12/site-packages/airflow/example_dags/example_branch_python_dop_operator_3.py took 0.941 seconds
