[2025-01-19T04:13:23.863+0000] {processor.py:186} INFO - Started process (PID=489) to work on /home/airflow/.local/lib/python3.12/site-packages/airflow/example_dags/example_subdag_operator.py
[2025-01-19T04:13:23.868+0000] {processor.py:914} INFO - Processing file /home/airflow/.local/lib/python3.12/site-packages/airflow/example_dags/example_subdag_operator.py for tasks to queue
[2025-01-19T04:13:23.885+0000] {logging_mixin.py:190} INFO - [2025-01-19T04:13:23.884+0000] {dagbag.py:588} INFO - Filling up the DagBag from /home/airflow/.local/lib/python3.12/site-packages/airflow/example_dags/example_subdag_operator.py
[2025-01-19T04:13:24.148+0000] {processor.py:925} INFO - DAG(s) 'example_subdag_operator.section-1', 'example_subdag_operator.section-2', 'example_subdag_operator' retrieved from /home/airflow/.local/lib/python3.12/site-packages/airflow/example_dags/example_subdag_operator.py
[2025-01-19T04:13:24.240+0000] {logging_mixin.py:190} INFO - [2025-01-19T04:13:24.240+0000] {dag.py:3239} INFO - Sync 3 DAGs
[2025-01-19T04:13:24.331+0000] {logging_mixin.py:190} INFO - [2025-01-19T04:13:24.330+0000] {dag.py:4180} INFO - Setting next_dagrun for example_subdag_operator to 2022-01-01 00:00:00+00:00, run_after=2022-01-01 00:00:00+00:00
[2025-01-19T04:13:24.358+0000] {logging_mixin.py:190} INFO - [2025-01-19T04:13:24.357+0000] {dag.py:4180} INFO - Setting next_dagrun for example_subdag_operator.section-1 to None, run_after=None
[2025-01-19T04:13:24.367+0000] {logging_mixin.py:190} INFO - [2025-01-19T04:13:24.367+0000] {dag.py:4180} INFO - Setting next_dagrun for example_subdag_operator.section-2 to None, run_after=None
[2025-01-19T04:13:24.443+0000] {logging_mixin.py:190} INFO - [2025-01-19T04:13:24.442+0000] {dag.py:3239} INFO - Sync 2 DAGs
[2025-01-19T04:13:24.468+0000] {logging_mixin.py:190} INFO - [2025-01-19T04:13:24.467+0000] {dag.py:4180} INFO - Setting next_dagrun for example_subdag_operator.section-1 to None, run_after=None
[2025-01-19T04:13:24.471+0000] {logging_mixin.py:190} INFO - [2025-01-19T04:13:24.469+0000] {dag.py:4180} INFO - Setting next_dagrun for example_subdag_operator.section-2 to None, run_after=None
[2025-01-19T04:13:24.526+0000] {processor.py:208} INFO - Processing /home/airflow/.local/lib/python3.12/site-packages/airflow/example_dags/example_subdag_operator.py took 0.712 seconds
[2025-01-19T04:13:58.326+0000] {processor.py:186} INFO - Started process (PID=552) to work on /home/airflow/.local/lib/python3.12/site-packages/airflow/example_dags/example_subdag_operator.py
[2025-01-19T04:13:58.329+0000] {processor.py:914} INFO - Processing file /home/airflow/.local/lib/python3.12/site-packages/airflow/example_dags/example_subdag_operator.py for tasks to queue
[2025-01-19T04:13:58.335+0000] {logging_mixin.py:190} INFO - [2025-01-19T04:13:58.334+0000] {dagbag.py:588} INFO - Filling up the DagBag from /home/airflow/.local/lib/python3.12/site-packages/airflow/example_dags/example_subdag_operator.py
[2025-01-19T04:13:58.626+0000] {processor.py:925} INFO - DAG(s) 'example_subdag_operator.section-1', 'example_subdag_operator.section-2', 'example_subdag_operator' retrieved from /home/airflow/.local/lib/python3.12/site-packages/airflow/example_dags/example_subdag_operator.py
[2025-01-19T04:13:58.708+0000] {logging_mixin.py:190} INFO - [2025-01-19T04:13:58.706+0000] {dag.py:3239} INFO - Sync 3 DAGs
[2025-01-19T04:13:58.808+0000] {logging_mixin.py:190} INFO - [2025-01-19T04:13:58.807+0000] {dag.py:4180} INFO - Setting next_dagrun for example_subdag_operator to 2022-01-01 00:00:00+00:00, run_after=2022-01-01 00:00:00+00:00
[2025-01-19T04:13:58.821+0000] {logging_mixin.py:190} INFO - [2025-01-19T04:13:58.821+0000] {dag.py:4180} INFO - Setting next_dagrun for example_subdag_operator.section-1 to None, run_after=None
[2025-01-19T04:13:58.825+0000] {logging_mixin.py:190} INFO - [2025-01-19T04:13:58.825+0000] {dag.py:4180} INFO - Setting next_dagrun for example_subdag_operator.section-2 to None, run_after=None
[2025-01-19T04:13:58.846+0000] {logging_mixin.py:190} INFO - [2025-01-19T04:13:58.846+0000] {dag.py:3239} INFO - Sync 2 DAGs
[2025-01-19T04:13:58.861+0000] {logging_mixin.py:190} INFO - [2025-01-19T04:13:58.860+0000] {dag.py:4180} INFO - Setting next_dagrun for example_subdag_operator.section-1 to None, run_after=None
[2025-01-19T04:13:58.863+0000] {logging_mixin.py:190} INFO - [2025-01-19T04:13:58.862+0000] {dag.py:4180} INFO - Setting next_dagrun for example_subdag_operator.section-2 to None, run_after=None
[2025-01-19T04:13:58.907+0000] {processor.py:208} INFO - Processing /home/airflow/.local/lib/python3.12/site-packages/airflow/example_dags/example_subdag_operator.py took 0.607 seconds
[2025-01-19T04:14:30.134+0000] {processor.py:186} INFO - Started process (PID=614) to work on /home/airflow/.local/lib/python3.12/site-packages/airflow/example_dags/example_subdag_operator.py
[2025-01-19T04:14:30.152+0000] {processor.py:914} INFO - Processing file /home/airflow/.local/lib/python3.12/site-packages/airflow/example_dags/example_subdag_operator.py for tasks to queue
[2025-01-19T04:14:30.161+0000] {logging_mixin.py:190} INFO - [2025-01-19T04:14:30.159+0000] {dagbag.py:588} INFO - Filling up the DagBag from /home/airflow/.local/lib/python3.12/site-packages/airflow/example_dags/example_subdag_operator.py
[2025-01-19T04:14:30.413+0000] {processor.py:925} INFO - DAG(s) 'example_subdag_operator.section-1', 'example_subdag_operator.section-2', 'example_subdag_operator' retrieved from /home/airflow/.local/lib/python3.12/site-packages/airflow/example_dags/example_subdag_operator.py
[2025-01-19T04:14:30.608+0000] {logging_mixin.py:190} INFO - [2025-01-19T04:14:30.607+0000] {dag.py:3239} INFO - Sync 3 DAGs
[2025-01-19T04:14:30.942+0000] {logging_mixin.py:190} INFO - [2025-01-19T04:14:30.941+0000] {dag.py:4180} INFO - Setting next_dagrun for example_subdag_operator to 2022-01-01 00:00:00+00:00, run_after=2022-01-01 00:00:00+00:00
[2025-01-19T04:14:31.009+0000] {logging_mixin.py:190} INFO - [2025-01-19T04:14:31.008+0000] {dag.py:4180} INFO - Setting next_dagrun for example_subdag_operator.section-1 to None, run_after=None
[2025-01-19T04:14:31.029+0000] {logging_mixin.py:190} INFO - [2025-01-19T04:14:31.029+0000] {dag.py:4180} INFO - Setting next_dagrun for example_subdag_operator.section-2 to None, run_after=None
[2025-01-19T04:14:31.128+0000] {logging_mixin.py:190} INFO - [2025-01-19T04:14:31.115+0000] {dag.py:3239} INFO - Sync 2 DAGs
[2025-01-19T04:14:31.250+0000] {logging_mixin.py:190} INFO - [2025-01-19T04:14:31.249+0000] {dag.py:4180} INFO - Setting next_dagrun for example_subdag_operator.section-1 to None, run_after=None
[2025-01-19T04:14:31.304+0000] {logging_mixin.py:190} INFO - [2025-01-19T04:14:31.303+0000] {dag.py:4180} INFO - Setting next_dagrun for example_subdag_operator.section-2 to None, run_after=None
[2025-01-19T04:14:31.506+0000] {processor.py:208} INFO - Processing /home/airflow/.local/lib/python3.12/site-packages/airflow/example_dags/example_subdag_operator.py took 1.413 seconds
[2025-01-19T04:15:25.912+0000] {processor.py:186} INFO - Started process (PID=662) to work on /home/airflow/.local/lib/python3.12/site-packages/airflow/example_dags/example_subdag_operator.py
[2025-01-19T04:15:25.914+0000] {processor.py:914} INFO - Processing file /home/airflow/.local/lib/python3.12/site-packages/airflow/example_dags/example_subdag_operator.py for tasks to queue
[2025-01-19T04:15:25.918+0000] {logging_mixin.py:190} INFO - [2025-01-19T04:15:25.917+0000] {dagbag.py:588} INFO - Filling up the DagBag from /home/airflow/.local/lib/python3.12/site-packages/airflow/example_dags/example_subdag_operator.py
[2025-01-19T04:15:26.005+0000] {processor.py:925} INFO - DAG(s) 'example_subdag_operator.section-1', 'example_subdag_operator.section-2', 'example_subdag_operator' retrieved from /home/airflow/.local/lib/python3.12/site-packages/airflow/example_dags/example_subdag_operator.py
[2025-01-19T04:15:26.062+0000] {logging_mixin.py:190} INFO - [2025-01-19T04:15:26.062+0000] {dag.py:3239} INFO - Sync 3 DAGs
[2025-01-19T04:15:26.190+0000] {logging_mixin.py:190} INFO - [2025-01-19T04:15:26.188+0000] {dag.py:4180} INFO - Setting next_dagrun for example_subdag_operator to 2022-01-01 00:00:00+00:00, run_after=2022-01-01 00:00:00+00:00
[2025-01-19T04:15:26.205+0000] {logging_mixin.py:190} INFO - [2025-01-19T04:15:26.204+0000] {dag.py:4180} INFO - Setting next_dagrun for example_subdag_operator.section-1 to None, run_after=None
[2025-01-19T04:15:26.211+0000] {logging_mixin.py:190} INFO - [2025-01-19T04:15:26.210+0000] {dag.py:4180} INFO - Setting next_dagrun for example_subdag_operator.section-2 to None, run_after=None
[2025-01-19T04:15:26.245+0000] {logging_mixin.py:190} INFO - [2025-01-19T04:15:26.244+0000] {dag.py:3239} INFO - Sync 2 DAGs
[2025-01-19T04:15:26.270+0000] {logging_mixin.py:190} INFO - [2025-01-19T04:15:26.269+0000] {dag.py:4180} INFO - Setting next_dagrun for example_subdag_operator.section-1 to None, run_after=None
[2025-01-19T04:15:26.272+0000] {logging_mixin.py:190} INFO - [2025-01-19T04:15:26.271+0000] {dag.py:4180} INFO - Setting next_dagrun for example_subdag_operator.section-2 to None, run_after=None
[2025-01-19T04:15:26.311+0000] {processor.py:208} INFO - Processing /home/airflow/.local/lib/python3.12/site-packages/airflow/example_dags/example_subdag_operator.py took 0.418 seconds
[2025-01-19T04:18:38.714+0000] {processor.py:186} INFO - Started process (PID=726) to work on /home/airflow/.local/lib/python3.12/site-packages/airflow/example_dags/example_subdag_operator.py
[2025-01-19T04:18:38.721+0000] {processor.py:914} INFO - Processing file /home/airflow/.local/lib/python3.12/site-packages/airflow/example_dags/example_subdag_operator.py for tasks to queue
[2025-01-19T04:18:38.726+0000] {logging_mixin.py:190} INFO - [2025-01-19T04:18:38.725+0000] {dagbag.py:588} INFO - Filling up the DagBag from /home/airflow/.local/lib/python3.12/site-packages/airflow/example_dags/example_subdag_operator.py
[2025-01-19T04:18:38.986+0000] {processor.py:925} INFO - DAG(s) 'example_subdag_operator.section-1', 'example_subdag_operator.section-2', 'example_subdag_operator' retrieved from /home/airflow/.local/lib/python3.12/site-packages/airflow/example_dags/example_subdag_operator.py
[2025-01-19T04:18:39.106+0000] {logging_mixin.py:190} INFO - [2025-01-19T04:18:39.105+0000] {dag.py:3239} INFO - Sync 3 DAGs
[2025-01-19T04:18:39.242+0000] {logging_mixin.py:190} INFO - [2025-01-19T04:18:39.241+0000] {dag.py:4180} INFO - Setting next_dagrun for example_subdag_operator to 2022-01-01 00:00:00+00:00, run_after=2022-01-01 00:00:00+00:00
[2025-01-19T04:18:39.253+0000] {logging_mixin.py:190} INFO - [2025-01-19T04:18:39.252+0000] {dag.py:4180} INFO - Setting next_dagrun for example_subdag_operator.section-1 to None, run_after=None
[2025-01-19T04:18:39.257+0000] {logging_mixin.py:190} INFO - [2025-01-19T04:18:39.256+0000] {dag.py:4180} INFO - Setting next_dagrun for example_subdag_operator.section-2 to None, run_after=None
[2025-01-19T04:18:39.278+0000] {logging_mixin.py:190} INFO - [2025-01-19T04:18:39.277+0000] {dag.py:3239} INFO - Sync 2 DAGs
[2025-01-19T04:18:39.327+0000] {logging_mixin.py:190} INFO - [2025-01-19T04:18:39.327+0000] {dag.py:4180} INFO - Setting next_dagrun for example_subdag_operator.section-1 to None, run_after=None
[2025-01-19T04:18:39.329+0000] {logging_mixin.py:190} INFO - [2025-01-19T04:18:39.329+0000] {dag.py:4180} INFO - Setting next_dagrun for example_subdag_operator.section-2 to None, run_after=None
[2025-01-19T04:18:39.458+0000] {processor.py:208} INFO - Processing /home/airflow/.local/lib/python3.12/site-packages/airflow/example_dags/example_subdag_operator.py took 0.780 seconds
[2025-01-19T04:19:10.660+0000] {processor.py:186} INFO - Started process (PID=788) to work on /home/airflow/.local/lib/python3.12/site-packages/airflow/example_dags/example_subdag_operator.py
[2025-01-19T04:19:10.662+0000] {processor.py:914} INFO - Processing file /home/airflow/.local/lib/python3.12/site-packages/airflow/example_dags/example_subdag_operator.py for tasks to queue
[2025-01-19T04:19:10.666+0000] {logging_mixin.py:190} INFO - [2025-01-19T04:19:10.665+0000] {dagbag.py:588} INFO - Filling up the DagBag from /home/airflow/.local/lib/python3.12/site-packages/airflow/example_dags/example_subdag_operator.py
[2025-01-19T04:19:10.743+0000] {processor.py:925} INFO - DAG(s) 'example_subdag_operator.section-1', 'example_subdag_operator.section-2', 'example_subdag_operator' retrieved from /home/airflow/.local/lib/python3.12/site-packages/airflow/example_dags/example_subdag_operator.py
[2025-01-19T04:19:10.787+0000] {logging_mixin.py:190} INFO - [2025-01-19T04:19:10.787+0000] {dag.py:3239} INFO - Sync 3 DAGs
[2025-01-19T04:19:10.860+0000] {logging_mixin.py:190} INFO - [2025-01-19T04:19:10.860+0000] {dag.py:4180} INFO - Setting next_dagrun for example_subdag_operator to 2022-01-01 00:00:00+00:00, run_after=2022-01-01 00:00:00+00:00
[2025-01-19T04:19:10.870+0000] {logging_mixin.py:190} INFO - [2025-01-19T04:19:10.869+0000] {dag.py:4180} INFO - Setting next_dagrun for example_subdag_operator.section-1 to None, run_after=None
[2025-01-19T04:19:10.875+0000] {logging_mixin.py:190} INFO - [2025-01-19T04:19:10.875+0000] {dag.py:4180} INFO - Setting next_dagrun for example_subdag_operator.section-2 to None, run_after=None
[2025-01-19T04:19:10.900+0000] {logging_mixin.py:190} INFO - [2025-01-19T04:19:10.900+0000] {dag.py:3239} INFO - Sync 2 DAGs
[2025-01-19T04:19:10.919+0000] {logging_mixin.py:190} INFO - [2025-01-19T04:19:10.918+0000] {dag.py:4180} INFO - Setting next_dagrun for example_subdag_operator.section-1 to None, run_after=None
[2025-01-19T04:19:10.925+0000] {logging_mixin.py:190} INFO - [2025-01-19T04:19:10.923+0000] {dag.py:4180} INFO - Setting next_dagrun for example_subdag_operator.section-2 to None, run_after=None
[2025-01-19T04:19:11.002+0000] {processor.py:208} INFO - Processing /home/airflow/.local/lib/python3.12/site-packages/airflow/example_dags/example_subdag_operator.py took 0.360 seconds
[2025-01-19T04:19:45.540+0000] {processor.py:186} INFO - Started process (PID=851) to work on /home/airflow/.local/lib/python3.12/site-packages/airflow/example_dags/example_subdag_operator.py
[2025-01-19T04:19:45.545+0000] {processor.py:914} INFO - Processing file /home/airflow/.local/lib/python3.12/site-packages/airflow/example_dags/example_subdag_operator.py for tasks to queue
[2025-01-19T04:19:45.548+0000] {logging_mixin.py:190} INFO - [2025-01-19T04:19:45.547+0000] {dagbag.py:588} INFO - Filling up the DagBag from /home/airflow/.local/lib/python3.12/site-packages/airflow/example_dags/example_subdag_operator.py
[2025-01-19T04:19:45.635+0000] {processor.py:925} INFO - DAG(s) 'example_subdag_operator.section-1', 'example_subdag_operator.section-2', 'example_subdag_operator' retrieved from /home/airflow/.local/lib/python3.12/site-packages/airflow/example_dags/example_subdag_operator.py
[2025-01-19T04:19:45.684+0000] {logging_mixin.py:190} INFO - [2025-01-19T04:19:45.683+0000] {dag.py:3239} INFO - Sync 3 DAGs
[2025-01-19T04:19:45.757+0000] {logging_mixin.py:190} INFO - [2025-01-19T04:19:45.756+0000] {dag.py:4180} INFO - Setting next_dagrun for example_subdag_operator to 2022-01-01 00:00:00+00:00, run_after=2022-01-01 00:00:00+00:00
[2025-01-19T04:19:45.774+0000] {logging_mixin.py:190} INFO - [2025-01-19T04:19:45.773+0000] {dag.py:4180} INFO - Setting next_dagrun for example_subdag_operator.section-1 to None, run_after=None
[2025-01-19T04:19:45.778+0000] {logging_mixin.py:190} INFO - [2025-01-19T04:19:45.778+0000] {dag.py:4180} INFO - Setting next_dagrun for example_subdag_operator.section-2 to None, run_after=None
[2025-01-19T04:19:45.801+0000] {logging_mixin.py:190} INFO - [2025-01-19T04:19:45.800+0000] {dag.py:3239} INFO - Sync 2 DAGs
[2025-01-19T04:19:45.816+0000] {logging_mixin.py:190} INFO - [2025-01-19T04:19:45.815+0000] {dag.py:4180} INFO - Setting next_dagrun for example_subdag_operator.section-1 to None, run_after=None
[2025-01-19T04:19:45.818+0000] {logging_mixin.py:190} INFO - [2025-01-19T04:19:45.817+0000] {dag.py:4180} INFO - Setting next_dagrun for example_subdag_operator.section-2 to None, run_after=None
[2025-01-19T04:19:45.850+0000] {processor.py:208} INFO - Processing /home/airflow/.local/lib/python3.12/site-packages/airflow/example_dags/example_subdag_operator.py took 0.327 seconds
[2025-01-19T04:20:16.635+0000] {processor.py:186} INFO - Started process (PID=914) to work on /home/airflow/.local/lib/python3.12/site-packages/airflow/example_dags/example_subdag_operator.py
[2025-01-19T04:20:16.638+0000] {processor.py:914} INFO - Processing file /home/airflow/.local/lib/python3.12/site-packages/airflow/example_dags/example_subdag_operator.py for tasks to queue
[2025-01-19T04:20:16.641+0000] {logging_mixin.py:190} INFO - [2025-01-19T04:20:16.640+0000] {dagbag.py:588} INFO - Filling up the DagBag from /home/airflow/.local/lib/python3.12/site-packages/airflow/example_dags/example_subdag_operator.py
[2025-01-19T04:20:16.707+0000] {processor.py:925} INFO - DAG(s) 'example_subdag_operator.section-1', 'example_subdag_operator.section-2', 'example_subdag_operator' retrieved from /home/airflow/.local/lib/python3.12/site-packages/airflow/example_dags/example_subdag_operator.py
[2025-01-19T04:20:16.742+0000] {logging_mixin.py:190} INFO - [2025-01-19T04:20:16.741+0000] {dag.py:3239} INFO - Sync 3 DAGs
[2025-01-19T04:20:16.793+0000] {logging_mixin.py:190} INFO - [2025-01-19T04:20:16.793+0000] {dag.py:4180} INFO - Setting next_dagrun for example_subdag_operator to 2022-01-01 00:00:00+00:00, run_after=2022-01-01 00:00:00+00:00
[2025-01-19T04:20:16.801+0000] {logging_mixin.py:190} INFO - [2025-01-19T04:20:16.800+0000] {dag.py:4180} INFO - Setting next_dagrun for example_subdag_operator.section-1 to None, run_after=None
[2025-01-19T04:20:16.804+0000] {logging_mixin.py:190} INFO - [2025-01-19T04:20:16.803+0000] {dag.py:4180} INFO - Setting next_dagrun for example_subdag_operator.section-2 to None, run_after=None
[2025-01-19T04:20:16.818+0000] {logging_mixin.py:190} INFO - [2025-01-19T04:20:16.818+0000] {dag.py:3239} INFO - Sync 2 DAGs
[2025-01-19T04:20:16.828+0000] {logging_mixin.py:190} INFO - [2025-01-19T04:20:16.828+0000] {dag.py:4180} INFO - Setting next_dagrun for example_subdag_operator.section-1 to None, run_after=None
[2025-01-19T04:20:16.830+0000] {logging_mixin.py:190} INFO - [2025-01-19T04:20:16.829+0000] {dag.py:4180} INFO - Setting next_dagrun for example_subdag_operator.section-2 to None, run_after=None
[2025-01-19T04:20:16.864+0000] {processor.py:208} INFO - Processing /home/airflow/.local/lib/python3.12/site-packages/airflow/example_dags/example_subdag_operator.py took 0.247 seconds
[2025-01-19T04:20:47.726+0000] {processor.py:186} INFO - Started process (PID=976) to work on /home/airflow/.local/lib/python3.12/site-packages/airflow/example_dags/example_subdag_operator.py
[2025-01-19T04:20:47.737+0000] {processor.py:914} INFO - Processing file /home/airflow/.local/lib/python3.12/site-packages/airflow/example_dags/example_subdag_operator.py for tasks to queue
[2025-01-19T04:20:47.791+0000] {logging_mixin.py:190} INFO - [2025-01-19T04:20:47.791+0000] {dagbag.py:588} INFO - Filling up the DagBag from /home/airflow/.local/lib/python3.12/site-packages/airflow/example_dags/example_subdag_operator.py
[2025-01-19T04:20:48.151+0000] {processor.py:925} INFO - DAG(s) 'example_subdag_operator.section-1', 'example_subdag_operator.section-2', 'example_subdag_operator' retrieved from /home/airflow/.local/lib/python3.12/site-packages/airflow/example_dags/example_subdag_operator.py
[2025-01-19T04:20:48.451+0000] {logging_mixin.py:190} INFO - [2025-01-19T04:20:48.450+0000] {dag.py:3239} INFO - Sync 3 DAGs
[2025-01-19T04:20:48.845+0000] {logging_mixin.py:190} INFO - [2025-01-19T04:20:48.844+0000] {dag.py:4180} INFO - Setting next_dagrun for example_subdag_operator to 2022-01-01 00:00:00+00:00, run_after=2022-01-01 00:00:00+00:00
[2025-01-19T04:20:48.881+0000] {logging_mixin.py:190} INFO - [2025-01-19T04:20:48.881+0000] {dag.py:4180} INFO - Setting next_dagrun for example_subdag_operator.section-1 to None, run_after=None
[2025-01-19T04:20:48.896+0000] {logging_mixin.py:190} INFO - [2025-01-19T04:20:48.896+0000] {dag.py:4180} INFO - Setting next_dagrun for example_subdag_operator.section-2 to None, run_after=None
[2025-01-19T04:20:48.979+0000] {logging_mixin.py:190} INFO - [2025-01-19T04:20:48.978+0000] {dag.py:3239} INFO - Sync 2 DAGs
[2025-01-19T04:20:49.030+0000] {logging_mixin.py:190} INFO - [2025-01-19T04:20:49.030+0000] {dag.py:4180} INFO - Setting next_dagrun for example_subdag_operator.section-1 to None, run_after=None
[2025-01-19T04:20:49.043+0000] {logging_mixin.py:190} INFO - [2025-01-19T04:20:49.042+0000] {dag.py:4180} INFO - Setting next_dagrun for example_subdag_operator.section-2 to None, run_after=None
[2025-01-19T04:20:49.117+0000] {processor.py:208} INFO - Processing /home/airflow/.local/lib/python3.12/site-packages/airflow/example_dags/example_subdag_operator.py took 1.432 seconds
[2025-01-19T04:21:30.353+0000] {processor.py:186} INFO - Started process (PID=1040) to work on /home/airflow/.local/lib/python3.12/site-packages/airflow/example_dags/example_subdag_operator.py
[2025-01-19T04:21:30.355+0000] {processor.py:914} INFO - Processing file /home/airflow/.local/lib/python3.12/site-packages/airflow/example_dags/example_subdag_operator.py for tasks to queue
[2025-01-19T04:21:30.361+0000] {logging_mixin.py:190} INFO - [2025-01-19T04:21:30.360+0000] {dagbag.py:588} INFO - Filling up the DagBag from /home/airflow/.local/lib/python3.12/site-packages/airflow/example_dags/example_subdag_operator.py
[2025-01-19T04:21:30.478+0000] {processor.py:925} INFO - DAG(s) 'example_subdag_operator.section-1', 'example_subdag_operator.section-2', 'example_subdag_operator' retrieved from /home/airflow/.local/lib/python3.12/site-packages/airflow/example_dags/example_subdag_operator.py
[2025-01-19T04:21:30.548+0000] {logging_mixin.py:190} INFO - [2025-01-19T04:21:30.547+0000] {dag.py:3239} INFO - Sync 3 DAGs
[2025-01-19T04:21:30.641+0000] {logging_mixin.py:190} INFO - [2025-01-19T04:21:30.641+0000] {dag.py:4180} INFO - Setting next_dagrun for example_subdag_operator to 2022-01-01 00:00:00+00:00, run_after=2022-01-01 00:00:00+00:00
[2025-01-19T04:21:30.653+0000] {logging_mixin.py:190} INFO - [2025-01-19T04:21:30.652+0000] {dag.py:4180} INFO - Setting next_dagrun for example_subdag_operator.section-1 to None, run_after=None
[2025-01-19T04:21:30.658+0000] {logging_mixin.py:190} INFO - [2025-01-19T04:21:30.657+0000] {dag.py:4180} INFO - Setting next_dagrun for example_subdag_operator.section-2 to None, run_after=None
[2025-01-19T04:21:30.684+0000] {logging_mixin.py:190} INFO - [2025-01-19T04:21:30.683+0000] {dag.py:3239} INFO - Sync 2 DAGs
[2025-01-19T04:21:30.701+0000] {logging_mixin.py:190} INFO - [2025-01-19T04:21:30.700+0000] {dag.py:4180} INFO - Setting next_dagrun for example_subdag_operator.section-1 to None, run_after=None
[2025-01-19T04:21:30.703+0000] {logging_mixin.py:190} INFO - [2025-01-19T04:21:30.703+0000] {dag.py:4180} INFO - Setting next_dagrun for example_subdag_operator.section-2 to None, run_after=None
[2025-01-19T04:21:30.749+0000] {processor.py:208} INFO - Processing /home/airflow/.local/lib/python3.12/site-packages/airflow/example_dags/example_subdag_operator.py took 0.428 seconds
[2025-01-19T04:28:11.661+0000] {processor.py:186} INFO - Started process (PID=103) to work on /home/airflow/.local/lib/python3.12/site-packages/airflow/example_dags/example_subdag_operator.py
[2025-01-19T04:28:11.664+0000] {processor.py:914} INFO - Processing file /home/airflow/.local/lib/python3.12/site-packages/airflow/example_dags/example_subdag_operator.py for tasks to queue
[2025-01-19T04:28:11.671+0000] {logging_mixin.py:190} INFO - [2025-01-19T04:28:11.670+0000] {dagbag.py:588} INFO - Filling up the DagBag from /home/airflow/.local/lib/python3.12/site-packages/airflow/example_dags/example_subdag_operator.py
[2025-01-19T04:28:11.762+0000] {processor.py:925} INFO - DAG(s) 'example_subdag_operator.section-1', 'example_subdag_operator.section-2', 'example_subdag_operator' retrieved from /home/airflow/.local/lib/python3.12/site-packages/airflow/example_dags/example_subdag_operator.py
[2025-01-19T04:28:12.071+0000] {logging_mixin.py:190} INFO - [2025-01-19T04:28:12.070+0000] {override.py:1911} INFO - Created Permission View: can delete on DAG:example_subdag_operator
[2025-01-19T04:28:12.107+0000] {logging_mixin.py:190} INFO - [2025-01-19T04:28:12.106+0000] {override.py:1911} INFO - Created Permission View: can edit on DAG:example_subdag_operator
[2025-01-19T04:28:12.126+0000] {logging_mixin.py:190} INFO - [2025-01-19T04:28:12.125+0000] {override.py:1911} INFO - Created Permission View: can read on DAG:example_subdag_operator
[2025-01-19T04:28:12.160+0000] {logging_mixin.py:190} INFO - [2025-01-19T04:28:12.159+0000] {override.py:1911} INFO - Created Permission View: can create on DAG Run:example_subdag_operator
[2025-01-19T04:28:12.189+0000] {logging_mixin.py:190} INFO - [2025-01-19T04:28:12.188+0000] {override.py:1911} INFO - Created Permission View: menu access on DAG Run:example_subdag_operator
[2025-01-19T04:28:12.215+0000] {logging_mixin.py:190} INFO - [2025-01-19T04:28:12.214+0000] {override.py:1911} INFO - Created Permission View: can delete on DAG Run:example_subdag_operator
[2025-01-19T04:28:12.231+0000] {logging_mixin.py:190} INFO - [2025-01-19T04:28:12.230+0000] {override.py:1911} INFO - Created Permission View: can read on DAG Run:example_subdag_operator
[2025-01-19T04:28:12.232+0000] {logging_mixin.py:190} INFO - [2025-01-19T04:28:12.232+0000] {dag.py:3239} INFO - Sync 3 DAGs
[2025-01-19T04:28:12.267+0000] {logging_mixin.py:190} INFO - [2025-01-19T04:28:12.266+0000] {dag.py:3262} INFO - Creating ORM DAG for example_subdag_operator
[2025-01-19T04:28:12.269+0000] {logging_mixin.py:190} INFO - [2025-01-19T04:28:12.268+0000] {dag.py:3262} INFO - Creating ORM DAG for example_subdag_operator.section-2
[2025-01-19T04:28:12.271+0000] {logging_mixin.py:190} INFO - [2025-01-19T04:28:12.270+0000] {dag.py:3262} INFO - Creating ORM DAG for example_subdag_operator.section-1
[2025-01-19T04:28:12.297+0000] {logging_mixin.py:190} INFO - [2025-01-19T04:28:12.296+0000] {dag.py:4180} INFO - Setting next_dagrun for example_subdag_operator to 2022-01-01 00:00:00+00:00, run_after=2022-01-01 00:00:00+00:00
[2025-01-19T04:28:12.299+0000] {logging_mixin.py:190} INFO - [2025-01-19T04:28:12.299+0000] {dag.py:4180} INFO - Setting next_dagrun for example_subdag_operator.section-1 to None, run_after=None
[2025-01-19T04:28:12.301+0000] {logging_mixin.py:190} INFO - [2025-01-19T04:28:12.300+0000] {dag.py:4180} INFO - Setting next_dagrun for example_subdag_operator.section-2 to None, run_after=None
[2025-01-19T04:28:12.323+0000] {logging_mixin.py:190} INFO - [2025-01-19T04:28:12.322+0000] {dag.py:3239} INFO - Sync 2 DAGs
[2025-01-19T04:28:12.337+0000] {logging_mixin.py:190} INFO - [2025-01-19T04:28:12.336+0000] {dag.py:4180} INFO - Setting next_dagrun for example_subdag_operator.section-1 to None, run_after=None
[2025-01-19T04:28:12.345+0000] {logging_mixin.py:190} INFO - [2025-01-19T04:28:12.344+0000] {dag.py:4180} INFO - Setting next_dagrun for example_subdag_operator.section-2 to None, run_after=None
[2025-01-19T04:28:12.374+0000] {processor.py:208} INFO - Processing /home/airflow/.local/lib/python3.12/site-packages/airflow/example_dags/example_subdag_operator.py took 0.730 seconds
[2025-01-19T04:28:42.977+0000] {processor.py:186} INFO - Started process (PID=165) to work on /home/airflow/.local/lib/python3.12/site-packages/airflow/example_dags/example_subdag_operator.py
[2025-01-19T04:28:42.980+0000] {processor.py:914} INFO - Processing file /home/airflow/.local/lib/python3.12/site-packages/airflow/example_dags/example_subdag_operator.py for tasks to queue
[2025-01-19T04:28:42.988+0000] {logging_mixin.py:190} INFO - [2025-01-19T04:28:42.987+0000] {dagbag.py:588} INFO - Filling up the DagBag from /home/airflow/.local/lib/python3.12/site-packages/airflow/example_dags/example_subdag_operator.py
[2025-01-19T04:28:43.103+0000] {processor.py:925} INFO - DAG(s) 'example_subdag_operator.section-1', 'example_subdag_operator.section-2', 'example_subdag_operator' retrieved from /home/airflow/.local/lib/python3.12/site-packages/airflow/example_dags/example_subdag_operator.py
[2025-01-19T04:28:43.205+0000] {logging_mixin.py:190} INFO - [2025-01-19T04:28:43.202+0000] {dag.py:3239} INFO - Sync 3 DAGs
[2025-01-19T04:28:43.377+0000] {logging_mixin.py:190} INFO - [2025-01-19T04:28:43.376+0000] {dag.py:4180} INFO - Setting next_dagrun for example_subdag_operator to 2022-01-01 00:00:00+00:00, run_after=2022-01-01 00:00:00+00:00
[2025-01-19T04:28:43.410+0000] {logging_mixin.py:190} INFO - [2025-01-19T04:28:43.410+0000] {dag.py:4180} INFO - Setting next_dagrun for example_subdag_operator.section-1 to None, run_after=None
[2025-01-19T04:28:43.417+0000] {logging_mixin.py:190} INFO - [2025-01-19T04:28:43.416+0000] {dag.py:4180} INFO - Setting next_dagrun for example_subdag_operator.section-2 to None, run_after=None
[2025-01-19T04:28:43.449+0000] {logging_mixin.py:190} INFO - [2025-01-19T04:28:43.449+0000] {dag.py:3239} INFO - Sync 2 DAGs
[2025-01-19T04:28:43.497+0000] {logging_mixin.py:190} INFO - [2025-01-19T04:28:43.496+0000] {dag.py:4180} INFO - Setting next_dagrun for example_subdag_operator.section-1 to None, run_after=None
[2025-01-19T04:28:43.509+0000] {logging_mixin.py:190} INFO - [2025-01-19T04:28:43.507+0000] {dag.py:4180} INFO - Setting next_dagrun for example_subdag_operator.section-2 to None, run_after=None
[2025-01-19T04:28:43.593+0000] {processor.py:208} INFO - Processing /home/airflow/.local/lib/python3.12/site-packages/airflow/example_dags/example_subdag_operator.py took 0.639 seconds
[2025-01-19T04:29:18.392+0000] {processor.py:186} INFO - Started process (PID=235) to work on /home/airflow/.local/lib/python3.12/site-packages/airflow/example_dags/example_subdag_operator.py
[2025-01-19T04:29:18.394+0000] {processor.py:914} INFO - Processing file /home/airflow/.local/lib/python3.12/site-packages/airflow/example_dags/example_subdag_operator.py for tasks to queue
[2025-01-19T04:29:18.401+0000] {logging_mixin.py:190} INFO - [2025-01-19T04:29:18.400+0000] {dagbag.py:588} INFO - Filling up the DagBag from /home/airflow/.local/lib/python3.12/site-packages/airflow/example_dags/example_subdag_operator.py
[2025-01-19T04:29:18.526+0000] {processor.py:925} INFO - DAG(s) 'example_subdag_operator.section-1', 'example_subdag_operator.section-2', 'example_subdag_operator' retrieved from /home/airflow/.local/lib/python3.12/site-packages/airflow/example_dags/example_subdag_operator.py
[2025-01-19T04:29:18.633+0000] {logging_mixin.py:190} INFO - [2025-01-19T04:29:18.632+0000] {dag.py:3239} INFO - Sync 3 DAGs
[2025-01-19T04:29:18.829+0000] {logging_mixin.py:190} INFO - [2025-01-19T04:29:18.828+0000] {dag.py:4180} INFO - Setting next_dagrun for example_subdag_operator to 2022-01-01 00:00:00+00:00, run_after=2022-01-01 00:00:00+00:00
[2025-01-19T04:29:18.844+0000] {logging_mixin.py:190} INFO - [2025-01-19T04:29:18.843+0000] {dag.py:4180} INFO - Setting next_dagrun for example_subdag_operator.section-1 to None, run_after=None
[2025-01-19T04:29:18.847+0000] {logging_mixin.py:190} INFO - [2025-01-19T04:29:18.847+0000] {dag.py:4180} INFO - Setting next_dagrun for example_subdag_operator.section-2 to None, run_after=None
[2025-01-19T04:29:18.919+0000] {logging_mixin.py:190} INFO - [2025-01-19T04:29:18.919+0000] {dag.py:3239} INFO - Sync 2 DAGs
[2025-01-19T04:29:18.962+0000] {logging_mixin.py:190} INFO - [2025-01-19T04:29:18.961+0000] {dag.py:4180} INFO - Setting next_dagrun for example_subdag_operator.section-1 to None, run_after=None
[2025-01-19T04:29:18.970+0000] {logging_mixin.py:190} INFO - [2025-01-19T04:29:18.970+0000] {dag.py:4180} INFO - Setting next_dagrun for example_subdag_operator.section-2 to None, run_after=None
[2025-01-19T04:29:19.020+0000] {processor.py:208} INFO - Processing /home/airflow/.local/lib/python3.12/site-packages/airflow/example_dags/example_subdag_operator.py took 0.703 seconds
[2025-01-19T04:30:12.182+0000] {processor.py:186} INFO - Started process (PID=321) to work on /home/airflow/.local/lib/python3.12/site-packages/airflow/example_dags/example_subdag_operator.py
[2025-01-19T04:30:12.184+0000] {processor.py:914} INFO - Processing file /home/airflow/.local/lib/python3.12/site-packages/airflow/example_dags/example_subdag_operator.py for tasks to queue
[2025-01-19T04:30:12.191+0000] {logging_mixin.py:190} INFO - [2025-01-19T04:30:12.190+0000] {dagbag.py:588} INFO - Filling up the DagBag from /home/airflow/.local/lib/python3.12/site-packages/airflow/example_dags/example_subdag_operator.py
[2025-01-19T04:30:12.258+0000] {processor.py:925} INFO - DAG(s) 'example_subdag_operator.section-1', 'example_subdag_operator.section-2', 'example_subdag_operator' retrieved from /home/airflow/.local/lib/python3.12/site-packages/airflow/example_dags/example_subdag_operator.py
[2025-01-19T04:30:12.302+0000] {logging_mixin.py:190} INFO - [2025-01-19T04:30:12.301+0000] {dag.py:3239} INFO - Sync 3 DAGs
[2025-01-19T04:30:12.385+0000] {logging_mixin.py:190} INFO - [2025-01-19T04:30:12.384+0000] {dag.py:4180} INFO - Setting next_dagrun for example_subdag_operator to 2022-01-01 00:00:00+00:00, run_after=2022-01-01 00:00:00+00:00
[2025-01-19T04:30:12.398+0000] {logging_mixin.py:190} INFO - [2025-01-19T04:30:12.397+0000] {dag.py:4180} INFO - Setting next_dagrun for example_subdag_operator.section-1 to None, run_after=None
[2025-01-19T04:30:12.403+0000] {logging_mixin.py:190} INFO - [2025-01-19T04:30:12.403+0000] {dag.py:4180} INFO - Setting next_dagrun for example_subdag_operator.section-2 to None, run_after=None
[2025-01-19T04:30:12.427+0000] {logging_mixin.py:190} INFO - [2025-01-19T04:30:12.426+0000] {dag.py:3239} INFO - Sync 2 DAGs
[2025-01-19T04:30:12.442+0000] {logging_mixin.py:190} INFO - [2025-01-19T04:30:12.441+0000] {dag.py:4180} INFO - Setting next_dagrun for example_subdag_operator.section-1 to None, run_after=None
[2025-01-19T04:30:12.444+0000] {logging_mixin.py:190} INFO - [2025-01-19T04:30:12.443+0000] {dag.py:4180} INFO - Setting next_dagrun for example_subdag_operator.section-2 to None, run_after=None
[2025-01-19T04:30:12.478+0000] {processor.py:208} INFO - Processing /home/airflow/.local/lib/python3.12/site-packages/airflow/example_dags/example_subdag_operator.py took 0.313 seconds
[2025-01-19T04:30:45.069+0000] {processor.py:186} INFO - Started process (PID=384) to work on /home/airflow/.local/lib/python3.12/site-packages/airflow/example_dags/example_subdag_operator.py
[2025-01-19T04:30:45.071+0000] {processor.py:914} INFO - Processing file /home/airflow/.local/lib/python3.12/site-packages/airflow/example_dags/example_subdag_operator.py for tasks to queue
[2025-01-19T04:30:45.077+0000] {logging_mixin.py:190} INFO - [2025-01-19T04:30:45.076+0000] {dagbag.py:588} INFO - Filling up the DagBag from /home/airflow/.local/lib/python3.12/site-packages/airflow/example_dags/example_subdag_operator.py
[2025-01-19T04:30:45.140+0000] {processor.py:925} INFO - DAG(s) 'example_subdag_operator.section-1', 'example_subdag_operator.section-2', 'example_subdag_operator' retrieved from /home/airflow/.local/lib/python3.12/site-packages/airflow/example_dags/example_subdag_operator.py
[2025-01-19T04:30:45.180+0000] {logging_mixin.py:190} INFO - [2025-01-19T04:30:45.179+0000] {dag.py:3239} INFO - Sync 3 DAGs
[2025-01-19T04:30:45.242+0000] {logging_mixin.py:190} INFO - [2025-01-19T04:30:45.242+0000] {dag.py:4180} INFO - Setting next_dagrun for example_subdag_operator to 2022-01-01 00:00:00+00:00, run_after=2022-01-01 00:00:00+00:00
[2025-01-19T04:30:45.253+0000] {logging_mixin.py:190} INFO - [2025-01-19T04:30:45.253+0000] {dag.py:4180} INFO - Setting next_dagrun for example_subdag_operator.section-1 to None, run_after=None
[2025-01-19T04:30:45.256+0000] {logging_mixin.py:190} INFO - [2025-01-19T04:30:45.256+0000] {dag.py:4180} INFO - Setting next_dagrun for example_subdag_operator.section-2 to None, run_after=None
[2025-01-19T04:30:45.271+0000] {logging_mixin.py:190} INFO - [2025-01-19T04:30:45.271+0000] {dag.py:3239} INFO - Sync 2 DAGs
[2025-01-19T04:30:45.283+0000] {logging_mixin.py:190} INFO - [2025-01-19T04:30:45.282+0000] {dag.py:4180} INFO - Setting next_dagrun for example_subdag_operator.section-1 to None, run_after=None
[2025-01-19T04:30:45.284+0000] {logging_mixin.py:190} INFO - [2025-01-19T04:30:45.284+0000] {dag.py:4180} INFO - Setting next_dagrun for example_subdag_operator.section-2 to None, run_after=None
[2025-01-19T04:30:45.311+0000] {processor.py:208} INFO - Processing /home/airflow/.local/lib/python3.12/site-packages/airflow/example_dags/example_subdag_operator.py took 0.254 seconds
[2025-01-19T04:31:25.108+0000] {processor.py:186} INFO - Started process (PID=452) to work on /home/airflow/.local/lib/python3.12/site-packages/airflow/example_dags/example_subdag_operator.py
[2025-01-19T04:31:25.110+0000] {processor.py:914} INFO - Processing file /home/airflow/.local/lib/python3.12/site-packages/airflow/example_dags/example_subdag_operator.py for tasks to queue
[2025-01-19T04:31:25.116+0000] {logging_mixin.py:190} INFO - [2025-01-19T04:31:25.115+0000] {dagbag.py:588} INFO - Filling up the DagBag from /home/airflow/.local/lib/python3.12/site-packages/airflow/example_dags/example_subdag_operator.py
[2025-01-19T04:31:25.189+0000] {processor.py:925} INFO - DAG(s) 'example_subdag_operator.section-1', 'example_subdag_operator.section-2', 'example_subdag_operator' retrieved from /home/airflow/.local/lib/python3.12/site-packages/airflow/example_dags/example_subdag_operator.py
[2025-01-19T04:31:25.234+0000] {logging_mixin.py:190} INFO - [2025-01-19T04:31:25.233+0000] {dag.py:3239} INFO - Sync 3 DAGs
[2025-01-19T04:31:25.306+0000] {logging_mixin.py:190} INFO - [2025-01-19T04:31:25.305+0000] {dag.py:4180} INFO - Setting next_dagrun for example_subdag_operator to 2022-01-01 00:00:00+00:00, run_after=2022-01-01 00:00:00+00:00
[2025-01-19T04:31:25.319+0000] {logging_mixin.py:190} INFO - [2025-01-19T04:31:25.319+0000] {dag.py:4180} INFO - Setting next_dagrun for example_subdag_operator.section-1 to None, run_after=None
[2025-01-19T04:31:25.325+0000] {logging_mixin.py:190} INFO - [2025-01-19T04:31:25.324+0000] {dag.py:4180} INFO - Setting next_dagrun for example_subdag_operator.section-2 to None, run_after=None
[2025-01-19T04:31:25.360+0000] {logging_mixin.py:190} INFO - [2025-01-19T04:31:25.360+0000] {dag.py:3239} INFO - Sync 2 DAGs
[2025-01-19T04:31:25.384+0000] {logging_mixin.py:190} INFO - [2025-01-19T04:31:25.383+0000] {dag.py:4180} INFO - Setting next_dagrun for example_subdag_operator.section-1 to None, run_after=None
[2025-01-19T04:31:25.386+0000] {logging_mixin.py:190} INFO - [2025-01-19T04:31:25.386+0000] {dag.py:4180} INFO - Setting next_dagrun for example_subdag_operator.section-2 to None, run_after=None
[2025-01-19T04:31:25.419+0000] {processor.py:208} INFO - Processing /home/airflow/.local/lib/python3.12/site-packages/airflow/example_dags/example_subdag_operator.py took 0.326 seconds
[2025-01-19T04:32:00.542+0000] {processor.py:186} INFO - Started process (PID=519) to work on /home/airflow/.local/lib/python3.12/site-packages/airflow/example_dags/example_subdag_operator.py
[2025-01-19T04:32:00.544+0000] {processor.py:914} INFO - Processing file /home/airflow/.local/lib/python3.12/site-packages/airflow/example_dags/example_subdag_operator.py for tasks to queue
[2025-01-19T04:32:00.551+0000] {logging_mixin.py:190} INFO - [2025-01-19T04:32:00.551+0000] {dagbag.py:588} INFO - Filling up the DagBag from /home/airflow/.local/lib/python3.12/site-packages/airflow/example_dags/example_subdag_operator.py
[2025-01-19T04:32:00.621+0000] {processor.py:925} INFO - DAG(s) 'example_subdag_operator.section-1', 'example_subdag_operator.section-2', 'example_subdag_operator' retrieved from /home/airflow/.local/lib/python3.12/site-packages/airflow/example_dags/example_subdag_operator.py
[2025-01-19T04:32:00.668+0000] {logging_mixin.py:190} INFO - [2025-01-19T04:32:00.667+0000] {dag.py:3239} INFO - Sync 3 DAGs
[2025-01-19T04:32:00.733+0000] {logging_mixin.py:190} INFO - [2025-01-19T04:32:00.732+0000] {dag.py:4180} INFO - Setting next_dagrun for example_subdag_operator to 2022-01-01 00:00:00+00:00, run_after=2022-01-01 00:00:00+00:00
[2025-01-19T04:32:00.744+0000] {logging_mixin.py:190} INFO - [2025-01-19T04:32:00.744+0000] {dag.py:4180} INFO - Setting next_dagrun for example_subdag_operator.section-1 to None, run_after=None
[2025-01-19T04:32:00.748+0000] {logging_mixin.py:190} INFO - [2025-01-19T04:32:00.747+0000] {dag.py:4180} INFO - Setting next_dagrun for example_subdag_operator.section-2 to None, run_after=None
[2025-01-19T04:32:00.765+0000] {logging_mixin.py:190} INFO - [2025-01-19T04:32:00.765+0000] {dag.py:3239} INFO - Sync 2 DAGs
[2025-01-19T04:32:00.780+0000] {logging_mixin.py:190} INFO - [2025-01-19T04:32:00.779+0000] {dag.py:4180} INFO - Setting next_dagrun for example_subdag_operator.section-1 to None, run_after=None
[2025-01-19T04:32:00.781+0000] {logging_mixin.py:190} INFO - [2025-01-19T04:32:00.781+0000] {dag.py:4180} INFO - Setting next_dagrun for example_subdag_operator.section-2 to None, run_after=None
[2025-01-19T04:32:00.810+0000] {processor.py:208} INFO - Processing /home/airflow/.local/lib/python3.12/site-packages/airflow/example_dags/example_subdag_operator.py took 0.278 seconds
[2025-01-19T04:32:33.066+0000] {processor.py:186} INFO - Started process (PID=582) to work on /home/airflow/.local/lib/python3.12/site-packages/airflow/example_dags/example_subdag_operator.py
[2025-01-19T04:32:33.068+0000] {processor.py:914} INFO - Processing file /home/airflow/.local/lib/python3.12/site-packages/airflow/example_dags/example_subdag_operator.py for tasks to queue
[2025-01-19T04:32:33.073+0000] {logging_mixin.py:190} INFO - [2025-01-19T04:32:33.072+0000] {dagbag.py:588} INFO - Filling up the DagBag from /home/airflow/.local/lib/python3.12/site-packages/airflow/example_dags/example_subdag_operator.py
[2025-01-19T04:32:33.148+0000] {processor.py:925} INFO - DAG(s) 'example_subdag_operator.section-1', 'example_subdag_operator.section-2', 'example_subdag_operator' retrieved from /home/airflow/.local/lib/python3.12/site-packages/airflow/example_dags/example_subdag_operator.py
[2025-01-19T04:32:33.181+0000] {logging_mixin.py:190} INFO - [2025-01-19T04:32:33.181+0000] {dag.py:3239} INFO - Sync 3 DAGs
[2025-01-19T04:32:33.243+0000] {logging_mixin.py:190} INFO - [2025-01-19T04:32:33.242+0000] {dag.py:4180} INFO - Setting next_dagrun for example_subdag_operator to 2022-01-01 00:00:00+00:00, run_after=2022-01-01 00:00:00+00:00
[2025-01-19T04:32:33.252+0000] {logging_mixin.py:190} INFO - [2025-01-19T04:32:33.252+0000] {dag.py:4180} INFO - Setting next_dagrun for example_subdag_operator.section-1 to None, run_after=None
[2025-01-19T04:32:33.257+0000] {logging_mixin.py:190} INFO - [2025-01-19T04:32:33.256+0000] {dag.py:4180} INFO - Setting next_dagrun for example_subdag_operator.section-2 to None, run_after=None
[2025-01-19T04:32:33.276+0000] {logging_mixin.py:190} INFO - [2025-01-19T04:32:33.276+0000] {dag.py:3239} INFO - Sync 2 DAGs
[2025-01-19T04:32:33.290+0000] {logging_mixin.py:190} INFO - [2025-01-19T04:32:33.290+0000] {dag.py:4180} INFO - Setting next_dagrun for example_subdag_operator.section-1 to None, run_after=None
[2025-01-19T04:32:33.292+0000] {logging_mixin.py:190} INFO - [2025-01-19T04:32:33.291+0000] {dag.py:4180} INFO - Setting next_dagrun for example_subdag_operator.section-2 to None, run_after=None
[2025-01-19T04:32:33.324+0000] {processor.py:208} INFO - Processing /home/airflow/.local/lib/python3.12/site-packages/airflow/example_dags/example_subdag_operator.py took 0.271 seconds
[2025-01-19T04:33:08.719+0000] {processor.py:186} INFO - Started process (PID=645) to work on /home/airflow/.local/lib/python3.12/site-packages/airflow/example_dags/example_subdag_operator.py
[2025-01-19T04:33:08.733+0000] {processor.py:914} INFO - Processing file /home/airflow/.local/lib/python3.12/site-packages/airflow/example_dags/example_subdag_operator.py for tasks to queue
[2025-01-19T04:33:08.754+0000] {logging_mixin.py:190} INFO - [2025-01-19T04:33:08.753+0000] {dagbag.py:588} INFO - Filling up the DagBag from /home/airflow/.local/lib/python3.12/site-packages/airflow/example_dags/example_subdag_operator.py
[2025-01-19T04:33:08.976+0000] {processor.py:925} INFO - DAG(s) 'example_subdag_operator.section-1', 'example_subdag_operator.section-2', 'example_subdag_operator' retrieved from /home/airflow/.local/lib/python3.12/site-packages/airflow/example_dags/example_subdag_operator.py
[2025-01-19T04:33:09.134+0000] {logging_mixin.py:190} INFO - [2025-01-19T04:33:09.134+0000] {dag.py:3239} INFO - Sync 3 DAGs
[2025-01-19T04:33:09.233+0000] {logging_mixin.py:190} INFO - [2025-01-19T04:33:09.233+0000] {dag.py:4180} INFO - Setting next_dagrun for example_subdag_operator to 2022-01-01 00:00:00+00:00, run_after=2022-01-01 00:00:00+00:00
[2025-01-19T04:33:09.256+0000] {logging_mixin.py:190} INFO - [2025-01-19T04:33:09.256+0000] {dag.py:4180} INFO - Setting next_dagrun for example_subdag_operator.section-1 to None, run_after=None
[2025-01-19T04:33:09.267+0000] {logging_mixin.py:190} INFO - [2025-01-19T04:33:09.266+0000] {dag.py:4180} INFO - Setting next_dagrun for example_subdag_operator.section-2 to None, run_after=None
[2025-01-19T04:33:09.293+0000] {logging_mixin.py:190} INFO - [2025-01-19T04:33:09.293+0000] {dag.py:3239} INFO - Sync 2 DAGs
[2025-01-19T04:33:09.311+0000] {logging_mixin.py:190} INFO - [2025-01-19T04:33:09.310+0000] {dag.py:4180} INFO - Setting next_dagrun for example_subdag_operator.section-1 to None, run_after=None
[2025-01-19T04:33:09.313+0000] {logging_mixin.py:190} INFO - [2025-01-19T04:33:09.312+0000] {dag.py:4180} INFO - Setting next_dagrun for example_subdag_operator.section-2 to None, run_after=None
[2025-01-19T04:33:09.353+0000] {processor.py:208} INFO - Processing /home/airflow/.local/lib/python3.12/site-packages/airflow/example_dags/example_subdag_operator.py took 0.726 seconds
[2025-01-19T04:33:40.113+0000] {processor.py:186} INFO - Started process (PID=714) to work on /home/airflow/.local/lib/python3.12/site-packages/airflow/example_dags/example_subdag_operator.py
[2025-01-19T04:33:40.116+0000] {processor.py:914} INFO - Processing file /home/airflow/.local/lib/python3.12/site-packages/airflow/example_dags/example_subdag_operator.py for tasks to queue
[2025-01-19T04:33:40.143+0000] {logging_mixin.py:190} INFO - [2025-01-19T04:33:40.141+0000] {dagbag.py:588} INFO - Filling up the DagBag from /home/airflow/.local/lib/python3.12/site-packages/airflow/example_dags/example_subdag_operator.py
[2025-01-19T04:33:40.257+0000] {processor.py:925} INFO - DAG(s) 'example_subdag_operator.section-1', 'example_subdag_operator.section-2', 'example_subdag_operator' retrieved from /home/airflow/.local/lib/python3.12/site-packages/airflow/example_dags/example_subdag_operator.py
[2025-01-19T04:33:40.379+0000] {logging_mixin.py:190} INFO - [2025-01-19T04:33:40.368+0000] {dag.py:3239} INFO - Sync 3 DAGs
[2025-01-19T04:33:40.495+0000] {logging_mixin.py:190} INFO - [2025-01-19T04:33:40.489+0000] {dag.py:4180} INFO - Setting next_dagrun for example_subdag_operator to 2022-01-01 00:00:00+00:00, run_after=2022-01-01 00:00:00+00:00
[2025-01-19T04:33:40.532+0000] {logging_mixin.py:190} INFO - [2025-01-19T04:33:40.532+0000] {dag.py:4180} INFO - Setting next_dagrun for example_subdag_operator.section-1 to None, run_after=None
[2025-01-19T04:33:40.541+0000] {logging_mixin.py:190} INFO - [2025-01-19T04:33:40.541+0000] {dag.py:4180} INFO - Setting next_dagrun for example_subdag_operator.section-2 to None, run_after=None
[2025-01-19T04:33:40.560+0000] {logging_mixin.py:190} INFO - [2025-01-19T04:33:40.559+0000] {dag.py:3239} INFO - Sync 2 DAGs
[2025-01-19T04:33:40.578+0000] {logging_mixin.py:190} INFO - [2025-01-19T04:33:40.577+0000] {dag.py:4180} INFO - Setting next_dagrun for example_subdag_operator.section-1 to None, run_after=None
[2025-01-19T04:33:40.579+0000] {logging_mixin.py:190} INFO - [2025-01-19T04:33:40.579+0000] {dag.py:4180} INFO - Setting next_dagrun for example_subdag_operator.section-2 to None, run_after=None
[2025-01-19T04:33:40.609+0000] {processor.py:208} INFO - Processing /home/airflow/.local/lib/python3.12/site-packages/airflow/example_dags/example_subdag_operator.py took 0.514 seconds
[2025-01-19T04:34:10.756+0000] {processor.py:186} INFO - Started process (PID=777) to work on /home/airflow/.local/lib/python3.12/site-packages/airflow/example_dags/example_subdag_operator.py
[2025-01-19T04:34:10.758+0000] {processor.py:914} INFO - Processing file /home/airflow/.local/lib/python3.12/site-packages/airflow/example_dags/example_subdag_operator.py for tasks to queue
[2025-01-19T04:34:10.765+0000] {logging_mixin.py:190} INFO - [2025-01-19T04:34:10.764+0000] {dagbag.py:588} INFO - Filling up the DagBag from /home/airflow/.local/lib/python3.12/site-packages/airflow/example_dags/example_subdag_operator.py
[2025-01-19T04:34:10.873+0000] {processor.py:925} INFO - DAG(s) 'example_subdag_operator.section-1', 'example_subdag_operator.section-2', 'example_subdag_operator' retrieved from /home/airflow/.local/lib/python3.12/site-packages/airflow/example_dags/example_subdag_operator.py
[2025-01-19T04:34:10.927+0000] {logging_mixin.py:190} INFO - [2025-01-19T04:34:10.926+0000] {dag.py:3239} INFO - Sync 3 DAGs
[2025-01-19T04:34:10.997+0000] {logging_mixin.py:190} INFO - [2025-01-19T04:34:10.997+0000] {dag.py:4180} INFO - Setting next_dagrun for example_subdag_operator to 2022-01-01 00:00:00+00:00, run_after=2022-01-01 00:00:00+00:00
[2025-01-19T04:34:11.004+0000] {logging_mixin.py:190} INFO - [2025-01-19T04:34:11.004+0000] {dag.py:4180} INFO - Setting next_dagrun for example_subdag_operator.section-1 to None, run_after=None
[2025-01-19T04:34:11.008+0000] {logging_mixin.py:190} INFO - [2025-01-19T04:34:11.007+0000] {dag.py:4180} INFO - Setting next_dagrun for example_subdag_operator.section-2 to None, run_after=None
[2025-01-19T04:34:11.040+0000] {logging_mixin.py:190} INFO - [2025-01-19T04:34:11.039+0000] {dag.py:3239} INFO - Sync 2 DAGs
[2025-01-19T04:34:11.060+0000] {logging_mixin.py:190} INFO - [2025-01-19T04:34:11.059+0000] {dag.py:4180} INFO - Setting next_dagrun for example_subdag_operator.section-1 to None, run_after=None
[2025-01-19T04:34:11.062+0000] {logging_mixin.py:190} INFO - [2025-01-19T04:34:11.061+0000] {dag.py:4180} INFO - Setting next_dagrun for example_subdag_operator.section-2 to None, run_after=None
[2025-01-19T04:34:11.104+0000] {processor.py:208} INFO - Processing /home/airflow/.local/lib/python3.12/site-packages/airflow/example_dags/example_subdag_operator.py took 0.366 seconds
[2025-01-19T04:34:41.789+0000] {processor.py:186} INFO - Started process (PID=840) to work on /home/airflow/.local/lib/python3.12/site-packages/airflow/example_dags/example_subdag_operator.py
[2025-01-19T04:34:41.792+0000] {processor.py:914} INFO - Processing file /home/airflow/.local/lib/python3.12/site-packages/airflow/example_dags/example_subdag_operator.py for tasks to queue
[2025-01-19T04:34:41.797+0000] {logging_mixin.py:190} INFO - [2025-01-19T04:34:41.796+0000] {dagbag.py:588} INFO - Filling up the DagBag from /home/airflow/.local/lib/python3.12/site-packages/airflow/example_dags/example_subdag_operator.py
[2025-01-19T04:34:41.856+0000] {processor.py:925} INFO - DAG(s) 'example_subdag_operator.section-1', 'example_subdag_operator.section-2', 'example_subdag_operator' retrieved from /home/airflow/.local/lib/python3.12/site-packages/airflow/example_dags/example_subdag_operator.py
[2025-01-19T04:34:41.893+0000] {logging_mixin.py:190} INFO - [2025-01-19T04:34:41.892+0000] {dag.py:3239} INFO - Sync 3 DAGs
[2025-01-19T04:34:41.947+0000] {logging_mixin.py:190} INFO - [2025-01-19T04:34:41.946+0000] {dag.py:4180} INFO - Setting next_dagrun for example_subdag_operator to 2022-01-01 00:00:00+00:00, run_after=2022-01-01 00:00:00+00:00
[2025-01-19T04:34:41.956+0000] {logging_mixin.py:190} INFO - [2025-01-19T04:34:41.955+0000] {dag.py:4180} INFO - Setting next_dagrun for example_subdag_operator.section-1 to None, run_after=None
[2025-01-19T04:34:41.959+0000] {logging_mixin.py:190} INFO - [2025-01-19T04:34:41.959+0000] {dag.py:4180} INFO - Setting next_dagrun for example_subdag_operator.section-2 to None, run_after=None
[2025-01-19T04:34:41.977+0000] {logging_mixin.py:190} INFO - [2025-01-19T04:34:41.976+0000] {dag.py:3239} INFO - Sync 2 DAGs
[2025-01-19T04:34:41.991+0000] {logging_mixin.py:190} INFO - [2025-01-19T04:34:41.990+0000] {dag.py:4180} INFO - Setting next_dagrun for example_subdag_operator.section-1 to None, run_after=None
[2025-01-19T04:34:41.994+0000] {logging_mixin.py:190} INFO - [2025-01-19T04:34:41.994+0000] {dag.py:4180} INFO - Setting next_dagrun for example_subdag_operator.section-2 to None, run_after=None
[2025-01-19T04:34:42.020+0000] {processor.py:208} INFO - Processing /home/airflow/.local/lib/python3.12/site-packages/airflow/example_dags/example_subdag_operator.py took 0.245 seconds
[2025-01-19T04:35:33.273+0000] {processor.py:186} INFO - Started process (PID=903) to work on /home/airflow/.local/lib/python3.12/site-packages/airflow/example_dags/example_subdag_operator.py
[2025-01-19T04:35:33.277+0000] {processor.py:914} INFO - Processing file /home/airflow/.local/lib/python3.12/site-packages/airflow/example_dags/example_subdag_operator.py for tasks to queue
[2025-01-19T04:35:33.304+0000] {logging_mixin.py:190} INFO - [2025-01-19T04:35:33.296+0000] {dagbag.py:588} INFO - Filling up the DagBag from /home/airflow/.local/lib/python3.12/site-packages/airflow/example_dags/example_subdag_operator.py
[2025-01-19T04:35:33.477+0000] {processor.py:925} INFO - DAG(s) 'example_subdag_operator.section-1', 'example_subdag_operator.section-2', 'example_subdag_operator' retrieved from /home/airflow/.local/lib/python3.12/site-packages/airflow/example_dags/example_subdag_operator.py
[2025-01-19T04:35:33.572+0000] {logging_mixin.py:190} INFO - [2025-01-19T04:35:33.571+0000] {dag.py:3239} INFO - Sync 3 DAGs
[2025-01-19T04:35:33.716+0000] {logging_mixin.py:190} INFO - [2025-01-19T04:35:33.715+0000] {dag.py:4180} INFO - Setting next_dagrun for example_subdag_operator to 2022-01-01 00:00:00+00:00, run_after=2022-01-01 00:00:00+00:00
[2025-01-19T04:35:33.736+0000] {logging_mixin.py:190} INFO - [2025-01-19T04:35:33.735+0000] {dag.py:4180} INFO - Setting next_dagrun for example_subdag_operator.section-1 to None, run_after=None
[2025-01-19T04:35:33.740+0000] {logging_mixin.py:190} INFO - [2025-01-19T04:35:33.739+0000] {dag.py:4180} INFO - Setting next_dagrun for example_subdag_operator.section-2 to None, run_after=None
[2025-01-19T04:35:33.760+0000] {logging_mixin.py:190} INFO - [2025-01-19T04:35:33.760+0000] {dag.py:3239} INFO - Sync 2 DAGs
[2025-01-19T04:35:33.776+0000] {logging_mixin.py:190} INFO - [2025-01-19T04:35:33.776+0000] {dag.py:4180} INFO - Setting next_dagrun for example_subdag_operator.section-1 to None, run_after=None
[2025-01-19T04:35:33.778+0000] {logging_mixin.py:190} INFO - [2025-01-19T04:35:33.777+0000] {dag.py:4180} INFO - Setting next_dagrun for example_subdag_operator.section-2 to None, run_after=None
[2025-01-19T04:35:33.811+0000] {processor.py:208} INFO - Processing /home/airflow/.local/lib/python3.12/site-packages/airflow/example_dags/example_subdag_operator.py took 0.575 seconds
[2025-01-19T04:36:04.955+0000] {processor.py:186} INFO - Started process (PID=972) to work on /home/airflow/.local/lib/python3.12/site-packages/airflow/example_dags/example_subdag_operator.py
[2025-01-19T04:36:05.095+0000] {processor.py:914} INFO - Processing file /home/airflow/.local/lib/python3.12/site-packages/airflow/example_dags/example_subdag_operator.py for tasks to queue
[2025-01-19T04:36:05.112+0000] {logging_mixin.py:190} INFO - [2025-01-19T04:36:05.111+0000] {dagbag.py:588} INFO - Filling up the DagBag from /home/airflow/.local/lib/python3.12/site-packages/airflow/example_dags/example_subdag_operator.py
[2025-01-19T04:36:05.234+0000] {processor.py:925} INFO - DAG(s) 'example_subdag_operator.section-1', 'example_subdag_operator.section-2', 'example_subdag_operator' retrieved from /home/airflow/.local/lib/python3.12/site-packages/airflow/example_dags/example_subdag_operator.py
[2025-01-19T04:36:05.333+0000] {logging_mixin.py:190} INFO - [2025-01-19T04:36:05.333+0000] {dag.py:3239} INFO - Sync 3 DAGs
[2025-01-19T04:36:05.482+0000] {logging_mixin.py:190} INFO - [2025-01-19T04:36:05.481+0000] {dag.py:4180} INFO - Setting next_dagrun for example_subdag_operator to 2022-01-01 00:00:00+00:00, run_after=2022-01-01 00:00:00+00:00
[2025-01-19T04:36:05.495+0000] {logging_mixin.py:190} INFO - [2025-01-19T04:36:05.494+0000] {dag.py:4180} INFO - Setting next_dagrun for example_subdag_operator.section-1 to None, run_after=None
[2025-01-19T04:36:05.509+0000] {logging_mixin.py:190} INFO - [2025-01-19T04:36:05.508+0000] {dag.py:4180} INFO - Setting next_dagrun for example_subdag_operator.section-2 to None, run_after=None
[2025-01-19T04:36:05.547+0000] {logging_mixin.py:190} INFO - [2025-01-19T04:36:05.547+0000] {dag.py:3239} INFO - Sync 2 DAGs
[2025-01-19T04:36:05.575+0000] {logging_mixin.py:190} INFO - [2025-01-19T04:36:05.574+0000] {dag.py:4180} INFO - Setting next_dagrun for example_subdag_operator.section-1 to None, run_after=None
[2025-01-19T04:36:05.594+0000] {logging_mixin.py:190} INFO - [2025-01-19T04:36:05.594+0000] {dag.py:4180} INFO - Setting next_dagrun for example_subdag_operator.section-2 to None, run_after=None
[2025-01-19T04:36:05.705+0000] {processor.py:208} INFO - Processing /home/airflow/.local/lib/python3.12/site-packages/airflow/example_dags/example_subdag_operator.py took 0.765 seconds
[2025-01-19T04:36:35.997+0000] {processor.py:186} INFO - Started process (PID=1035) to work on /home/airflow/.local/lib/python3.12/site-packages/airflow/example_dags/example_subdag_operator.py
[2025-01-19T04:36:36.001+0000] {processor.py:914} INFO - Processing file /home/airflow/.local/lib/python3.12/site-packages/airflow/example_dags/example_subdag_operator.py for tasks to queue
[2025-01-19T04:36:36.016+0000] {logging_mixin.py:190} INFO - [2025-01-19T04:36:36.015+0000] {dagbag.py:588} INFO - Filling up the DagBag from /home/airflow/.local/lib/python3.12/site-packages/airflow/example_dags/example_subdag_operator.py
[2025-01-19T04:36:36.166+0000] {processor.py:925} INFO - DAG(s) 'example_subdag_operator.section-1', 'example_subdag_operator.section-2', 'example_subdag_operator' retrieved from /home/airflow/.local/lib/python3.12/site-packages/airflow/example_dags/example_subdag_operator.py
[2025-01-19T04:36:36.270+0000] {logging_mixin.py:190} INFO - [2025-01-19T04:36:36.269+0000] {dag.py:3239} INFO - Sync 3 DAGs
[2025-01-19T04:36:36.444+0000] {logging_mixin.py:190} INFO - [2025-01-19T04:36:36.443+0000] {dag.py:4180} INFO - Setting next_dagrun for example_subdag_operator to 2022-01-01 00:00:00+00:00, run_after=2022-01-01 00:00:00+00:00
[2025-01-19T04:36:36.466+0000] {logging_mixin.py:190} INFO - [2025-01-19T04:36:36.465+0000] {dag.py:4180} INFO - Setting next_dagrun for example_subdag_operator.section-1 to None, run_after=None
[2025-01-19T04:36:36.479+0000] {logging_mixin.py:190} INFO - [2025-01-19T04:36:36.479+0000] {dag.py:4180} INFO - Setting next_dagrun for example_subdag_operator.section-2 to None, run_after=None
[2025-01-19T04:36:36.529+0000] {logging_mixin.py:190} INFO - [2025-01-19T04:36:36.528+0000] {dag.py:3239} INFO - Sync 2 DAGs
[2025-01-19T04:36:36.562+0000] {logging_mixin.py:190} INFO - [2025-01-19T04:36:36.562+0000] {dag.py:4180} INFO - Setting next_dagrun for example_subdag_operator.section-1 to None, run_after=None
[2025-01-19T04:36:36.564+0000] {logging_mixin.py:190} INFO - [2025-01-19T04:36:36.563+0000] {dag.py:4180} INFO - Setting next_dagrun for example_subdag_operator.section-2 to None, run_after=None
[2025-01-19T04:36:36.599+0000] {processor.py:208} INFO - Processing /home/airflow/.local/lib/python3.12/site-packages/airflow/example_dags/example_subdag_operator.py took 0.639 seconds
[2025-01-19T04:41:33.489+0000] {processor.py:186} INFO - Started process (PID=1111) to work on /home/airflow/.local/lib/python3.12/site-packages/airflow/example_dags/example_subdag_operator.py
[2025-01-19T04:41:33.494+0000] {processor.py:914} INFO - Processing file /home/airflow/.local/lib/python3.12/site-packages/airflow/example_dags/example_subdag_operator.py for tasks to queue
[2025-01-19T04:41:33.507+0000] {logging_mixin.py:190} INFO - [2025-01-19T04:41:33.506+0000] {dagbag.py:588} INFO - Filling up the DagBag from /home/airflow/.local/lib/python3.12/site-packages/airflow/example_dags/example_subdag_operator.py
[2025-01-19T04:41:33.803+0000] {processor.py:925} INFO - DAG(s) 'example_subdag_operator.section-1', 'example_subdag_operator.section-2', 'example_subdag_operator' retrieved from /home/airflow/.local/lib/python3.12/site-packages/airflow/example_dags/example_subdag_operator.py
[2025-01-19T04:41:33.943+0000] {logging_mixin.py:190} INFO - [2025-01-19T04:41:33.942+0000] {dag.py:3239} INFO - Sync 3 DAGs
[2025-01-19T04:41:34.236+0000] {logging_mixin.py:190} INFO - [2025-01-19T04:41:34.235+0000] {dag.py:4180} INFO - Setting next_dagrun for example_subdag_operator to 2022-01-01 00:00:00+00:00, run_after=2022-01-01 00:00:00+00:00
[2025-01-19T04:41:34.284+0000] {logging_mixin.py:190} INFO - [2025-01-19T04:41:34.272+0000] {dag.py:4180} INFO - Setting next_dagrun for example_subdag_operator.section-1 to None, run_after=None
[2025-01-19T04:41:34.289+0000] {logging_mixin.py:190} INFO - [2025-01-19T04:41:34.289+0000] {dag.py:4180} INFO - Setting next_dagrun for example_subdag_operator.section-2 to None, run_after=None
[2025-01-19T04:41:34.334+0000] {logging_mixin.py:190} INFO - [2025-01-19T04:41:34.333+0000] {dag.py:3239} INFO - Sync 2 DAGs
[2025-01-19T04:41:34.373+0000] {logging_mixin.py:190} INFO - [2025-01-19T04:41:34.373+0000] {dag.py:4180} INFO - Setting next_dagrun for example_subdag_operator.section-1 to None, run_after=None
[2025-01-19T04:41:34.376+0000] {logging_mixin.py:190} INFO - [2025-01-19T04:41:34.375+0000] {dag.py:4180} INFO - Setting next_dagrun for example_subdag_operator.section-2 to None, run_after=None
[2025-01-19T04:41:34.424+0000] {processor.py:208} INFO - Processing /home/airflow/.local/lib/python3.12/site-packages/airflow/example_dags/example_subdag_operator.py took 0.985 seconds
