[2025-01-19T04:12:47.574+0000] {processor.py:186} INFO - Started process (PID=441) to work on /home/airflow/.local/lib/python3.12/site-packages/airflow/example_dags/example_task_group_decorator.py
[2025-01-19T04:12:47.576+0000] {processor.py:914} INFO - Processing file /home/airflow/.local/lib/python3.12/site-packages/airflow/example_dags/example_task_group_decorator.py for tasks to queue
[2025-01-19T04:12:47.581+0000] {logging_mixin.py:190} INFO - [2025-01-19T04:12:47.580+0000] {dagbag.py:588} INFO - Filling up the DagBag from /home/airflow/.local/lib/python3.12/site-packages/airflow/example_dags/example_task_group_decorator.py
[2025-01-19T04:12:47.626+0000] {processor.py:925} INFO - DAG(s) 'example_task_group_decorator' retrieved from /home/airflow/.local/lib/python3.12/site-packages/airflow/example_dags/example_task_group_decorator.py
[2025-01-19T04:12:47.086+0000] {logging_mixin.py:190} INFO - [2025-01-19T04:12:47.086+0000] {dag.py:3239} INFO - Sync 1 DAGs
[2025-01-19T04:12:47.122+0000] {logging_mixin.py:190} INFO - [2025-01-19T04:12:47.122+0000] {dag.py:4180} INFO - Setting next_dagrun for example_task_group_decorator to None, run_after=None
[2025-01-19T04:12:47.165+0000] {processor.py:208} INFO - Processing /home/airflow/.local/lib/python3.12/site-packages/airflow/example_dags/example_task_group_decorator.py took 0.203 seconds
[2025-01-19T04:13:27.086+0000] {processor.py:186} INFO - Started process (PID=504) to work on /home/airflow/.local/lib/python3.12/site-packages/airflow/example_dags/example_task_group_decorator.py
[2025-01-19T04:13:27.089+0000] {processor.py:914} INFO - Processing file /home/airflow/.local/lib/python3.12/site-packages/airflow/example_dags/example_task_group_decorator.py for tasks to queue
[2025-01-19T04:13:27.095+0000] {logging_mixin.py:190} INFO - [2025-01-19T04:13:27.094+0000] {dagbag.py:588} INFO - Filling up the DagBag from /home/airflow/.local/lib/python3.12/site-packages/airflow/example_dags/example_task_group_decorator.py
[2025-01-19T04:13:27.139+0000] {processor.py:925} INFO - DAG(s) 'example_task_group_decorator' retrieved from /home/airflow/.local/lib/python3.12/site-packages/airflow/example_dags/example_task_group_decorator.py
[2025-01-19T04:13:27.207+0000] {logging_mixin.py:190} INFO - [2025-01-19T04:13:27.207+0000] {dag.py:3239} INFO - Sync 1 DAGs
[2025-01-19T04:13:27.240+0000] {logging_mixin.py:190} INFO - [2025-01-19T04:13:27.240+0000] {dag.py:4180} INFO - Setting next_dagrun for example_task_group_decorator to None, run_after=None
[2025-01-19T04:13:27.287+0000] {processor.py:208} INFO - Processing /home/airflow/.local/lib/python3.12/site-packages/airflow/example_dags/example_task_group_decorator.py took 0.215 seconds
[2025-01-19T04:14:00.387+0000] {processor.py:186} INFO - Started process (PID=558) to work on /home/airflow/.local/lib/python3.12/site-packages/airflow/example_dags/example_task_group_decorator.py
[2025-01-19T04:14:00.390+0000] {processor.py:914} INFO - Processing file /home/airflow/.local/lib/python3.12/site-packages/airflow/example_dags/example_task_group_decorator.py for tasks to queue
[2025-01-19T04:14:00.402+0000] {logging_mixin.py:190} INFO - [2025-01-19T04:14:00.395+0000] {dagbag.py:588} INFO - Filling up the DagBag from /home/airflow/.local/lib/python3.12/site-packages/airflow/example_dags/example_task_group_decorator.py
[2025-01-19T04:14:00.510+0000] {processor.py:925} INFO - DAG(s) 'example_task_group_decorator' retrieved from /home/airflow/.local/lib/python3.12/site-packages/airflow/example_dags/example_task_group_decorator.py
[2025-01-19T04:14:00.627+0000] {logging_mixin.py:190} INFO - [2025-01-19T04:14:00.626+0000] {dag.py:3239} INFO - Sync 1 DAGs
[2025-01-19T04:14:00.711+0000] {logging_mixin.py:190} INFO - [2025-01-19T04:14:00.711+0000] {dag.py:4180} INFO - Setting next_dagrun for example_task_group_decorator to None, run_after=None
[2025-01-19T04:14:00.794+0000] {processor.py:208} INFO - Processing /home/airflow/.local/lib/python3.12/site-packages/airflow/example_dags/example_task_group_decorator.py took 0.445 seconds
[2025-01-19T04:14:32.443+0000] {processor.py:186} INFO - Started process (PID=617) to work on /home/airflow/.local/lib/python3.12/site-packages/airflow/example_dags/example_task_group_decorator.py
[2025-01-19T04:14:32.459+0000] {processor.py:914} INFO - Processing file /home/airflow/.local/lib/python3.12/site-packages/airflow/example_dags/example_task_group_decorator.py for tasks to queue
[2025-01-19T04:14:32.471+0000] {logging_mixin.py:190} INFO - [2025-01-19T04:14:32.470+0000] {dagbag.py:588} INFO - Filling up the DagBag from /home/airflow/.local/lib/python3.12/site-packages/airflow/example_dags/example_task_group_decorator.py
[2025-01-19T04:14:32.562+0000] {processor.py:925} INFO - DAG(s) 'example_task_group_decorator' retrieved from /home/airflow/.local/lib/python3.12/site-packages/airflow/example_dags/example_task_group_decorator.py
[2025-01-19T04:14:32.727+0000] {logging_mixin.py:190} INFO - [2025-01-19T04:14:32.726+0000] {dag.py:3239} INFO - Sync 1 DAGs
[2025-01-19T04:14:32.804+0000] {logging_mixin.py:190} INFO - [2025-01-19T04:14:32.803+0000] {dag.py:4180} INFO - Setting next_dagrun for example_task_group_decorator to None, run_after=None
[2025-01-19T04:14:32.973+0000] {processor.py:208} INFO - Processing /home/airflow/.local/lib/python3.12/site-packages/airflow/example_dags/example_task_group_decorator.py took 0.582 seconds
[2025-01-19T04:15:14.312+0000] {processor.py:186} INFO - Started process (PID=627) to work on /home/airflow/.local/lib/python3.12/site-packages/airflow/example_dags/example_task_group_decorator.py
[2025-01-19T04:15:14.315+0000] {processor.py:914} INFO - Processing file /home/airflow/.local/lib/python3.12/site-packages/airflow/example_dags/example_task_group_decorator.py for tasks to queue
[2025-01-19T04:15:14.321+0000] {logging_mixin.py:190} INFO - [2025-01-19T04:15:14.320+0000] {dagbag.py:588} INFO - Filling up the DagBag from /home/airflow/.local/lib/python3.12/site-packages/airflow/example_dags/example_task_group_decorator.py
[2025-01-19T04:15:14.418+0000] {processor.py:925} INFO - DAG(s) 'example_task_group_decorator' retrieved from /home/airflow/.local/lib/python3.12/site-packages/airflow/example_dags/example_task_group_decorator.py
[2025-01-19T04:15:14.669+0000] {logging_mixin.py:190} INFO - [2025-01-19T04:15:14.668+0000] {dag.py:3239} INFO - Sync 1 DAGs
[2025-01-19T04:15:14.809+0000] {logging_mixin.py:190} INFO - [2025-01-19T04:15:14.805+0000] {dag.py:4180} INFO - Setting next_dagrun for example_task_group_decorator to None, run_after=None
[2025-01-19T04:15:15.019+0000] {processor.py:208} INFO - Processing /home/airflow/.local/lib/python3.12/site-packages/airflow/example_dags/example_task_group_decorator.py took 0.738 seconds
[2025-01-19T04:18:11.200+0000] {processor.py:186} INFO - Started process (PID=680) to work on /home/airflow/.local/lib/python3.12/site-packages/airflow/example_dags/example_task_group_decorator.py
[2025-01-19T04:18:11.218+0000] {processor.py:914} INFO - Processing file /home/airflow/.local/lib/python3.12/site-packages/airflow/example_dags/example_task_group_decorator.py for tasks to queue
[2025-01-19T04:18:11.238+0000] {logging_mixin.py:190} INFO - [2025-01-19T04:18:11.238+0000] {dagbag.py:588} INFO - Filling up the DagBag from /home/airflow/.local/lib/python3.12/site-packages/airflow/example_dags/example_task_group_decorator.py
[2025-01-19T04:18:11.744+0000] {processor.py:925} INFO - DAG(s) 'example_task_group_decorator' retrieved from /home/airflow/.local/lib/python3.12/site-packages/airflow/example_dags/example_task_group_decorator.py
[2025-01-19T04:18:12.170+0000] {logging_mixin.py:190} INFO - [2025-01-19T04:18:12.170+0000] {dag.py:3239} INFO - Sync 1 DAGs
[2025-01-19T04:18:12.392+0000] {logging_mixin.py:190} INFO - [2025-01-19T04:18:12.391+0000] {dag.py:4180} INFO - Setting next_dagrun for example_task_group_decorator to None, run_after=None
[2025-01-19T04:18:12.804+0000] {processor.py:208} INFO - Processing /home/airflow/.local/lib/python3.12/site-packages/airflow/example_dags/example_task_group_decorator.py took 1.629 seconds
[2025-01-19T04:18:48.584+0000] {processor.py:186} INFO - Started process (PID=738) to work on /home/airflow/.local/lib/python3.12/site-packages/airflow/example_dags/example_task_group_decorator.py
[2025-01-19T04:18:48.590+0000] {processor.py:914} INFO - Processing file /home/airflow/.local/lib/python3.12/site-packages/airflow/example_dags/example_task_group_decorator.py for tasks to queue
[2025-01-19T04:18:48.599+0000] {logging_mixin.py:190} INFO - [2025-01-19T04:18:48.598+0000] {dagbag.py:588} INFO - Filling up the DagBag from /home/airflow/.local/lib/python3.12/site-packages/airflow/example_dags/example_task_group_decorator.py
[2025-01-19T04:18:48.704+0000] {processor.py:925} INFO - DAG(s) 'example_task_group_decorator' retrieved from /home/airflow/.local/lib/python3.12/site-packages/airflow/example_dags/example_task_group_decorator.py
[2025-01-19T04:18:49.069+0000] {logging_mixin.py:190} INFO - [2025-01-19T04:18:49.068+0000] {dag.py:3239} INFO - Sync 1 DAGs
[2025-01-19T04:18:49.372+0000] {logging_mixin.py:190} INFO - [2025-01-19T04:18:49.372+0000] {dag.py:4180} INFO - Setting next_dagrun for example_task_group_decorator to None, run_after=None
[2025-01-19T04:18:49.578+0000] {processor.py:208} INFO - Processing /home/airflow/.local/lib/python3.12/site-packages/airflow/example_dags/example_task_group_decorator.py took 1.017 seconds
[2025-01-19T04:19:20.004+0000] {processor.py:186} INFO - Started process (PID=800) to work on /home/airflow/.local/lib/python3.12/site-packages/airflow/example_dags/example_task_group_decorator.py
[2025-01-19T04:19:20.006+0000] {processor.py:914} INFO - Processing file /home/airflow/.local/lib/python3.12/site-packages/airflow/example_dags/example_task_group_decorator.py for tasks to queue
[2025-01-19T04:19:20.009+0000] {logging_mixin.py:190} INFO - [2025-01-19T04:19:20.008+0000] {dagbag.py:588} INFO - Filling up the DagBag from /home/airflow/.local/lib/python3.12/site-packages/airflow/example_dags/example_task_group_decorator.py
[2025-01-19T04:19:20.053+0000] {processor.py:925} INFO - DAG(s) 'example_task_group_decorator' retrieved from /home/airflow/.local/lib/python3.12/site-packages/airflow/example_dags/example_task_group_decorator.py
[2025-01-19T04:19:20.111+0000] {logging_mixin.py:190} INFO - [2025-01-19T04:19:20.110+0000] {dag.py:3239} INFO - Sync 1 DAGs
[2025-01-19T04:19:20.143+0000] {logging_mixin.py:190} INFO - [2025-01-19T04:19:20.142+0000] {dag.py:4180} INFO - Setting next_dagrun for example_task_group_decorator to None, run_after=None
[2025-01-19T04:19:20.197+0000] {processor.py:208} INFO - Processing /home/airflow/.local/lib/python3.12/site-packages/airflow/example_dags/example_task_group_decorator.py took 0.204 seconds
[2025-01-19T04:19:50.594+0000] {processor.py:186} INFO - Started process (PID=862) to work on /home/airflow/.local/lib/python3.12/site-packages/airflow/example_dags/example_task_group_decorator.py
[2025-01-19T04:19:50.596+0000] {processor.py:914} INFO - Processing file /home/airflow/.local/lib/python3.12/site-packages/airflow/example_dags/example_task_group_decorator.py for tasks to queue
[2025-01-19T04:19:50.600+0000] {logging_mixin.py:190} INFO - [2025-01-19T04:19:50.599+0000] {dagbag.py:588} INFO - Filling up the DagBag from /home/airflow/.local/lib/python3.12/site-packages/airflow/example_dags/example_task_group_decorator.py
[2025-01-19T04:19:50.651+0000] {processor.py:925} INFO - DAG(s) 'example_task_group_decorator' retrieved from /home/airflow/.local/lib/python3.12/site-packages/airflow/example_dags/example_task_group_decorator.py
[2025-01-19T04:19:50.720+0000] {logging_mixin.py:190} INFO - [2025-01-19T04:19:50.720+0000] {dag.py:3239} INFO - Sync 1 DAGs
[2025-01-19T04:19:50.766+0000] {logging_mixin.py:190} INFO - [2025-01-19T04:19:50.766+0000] {dag.py:4180} INFO - Setting next_dagrun for example_task_group_decorator to None, run_after=None
[2025-01-19T04:19:50.808+0000] {processor.py:208} INFO - Processing /home/airflow/.local/lib/python3.12/site-packages/airflow/example_dags/example_task_group_decorator.py took 0.229 seconds
[2025-01-19T04:20:20.927+0000] {processor.py:186} INFO - Started process (PID=925) to work on /home/airflow/.local/lib/python3.12/site-packages/airflow/example_dags/example_task_group_decorator.py
[2025-01-19T04:20:20.929+0000] {processor.py:914} INFO - Processing file /home/airflow/.local/lib/python3.12/site-packages/airflow/example_dags/example_task_group_decorator.py for tasks to queue
[2025-01-19T04:20:20.932+0000] {logging_mixin.py:190} INFO - [2025-01-19T04:20:20.931+0000] {dagbag.py:588} INFO - Filling up the DagBag from /home/airflow/.local/lib/python3.12/site-packages/airflow/example_dags/example_task_group_decorator.py
[2025-01-19T04:20:20.964+0000] {processor.py:925} INFO - DAG(s) 'example_task_group_decorator' retrieved from /home/airflow/.local/lib/python3.12/site-packages/airflow/example_dags/example_task_group_decorator.py
[2025-01-19T04:20:21.026+0000] {logging_mixin.py:190} INFO - [2025-01-19T04:20:21.025+0000] {dag.py:3239} INFO - Sync 1 DAGs
[2025-01-19T04:20:21.059+0000] {logging_mixin.py:190} INFO - [2025-01-19T04:20:21.059+0000] {dag.py:4180} INFO - Setting next_dagrun for example_task_group_decorator to None, run_after=None
[2025-01-19T04:20:21.100+0000] {processor.py:208} INFO - Processing /home/airflow/.local/lib/python3.12/site-packages/airflow/example_dags/example_task_group_decorator.py took 0.185 seconds
[2025-01-19T04:20:56.222+0000] {processor.py:186} INFO - Started process (PID=984) to work on /home/airflow/.local/lib/python3.12/site-packages/airflow/example_dags/example_task_group_decorator.py
[2025-01-19T04:20:56.225+0000] {processor.py:914} INFO - Processing file /home/airflow/.local/lib/python3.12/site-packages/airflow/example_dags/example_task_group_decorator.py for tasks to queue
[2025-01-19T04:20:56.228+0000] {logging_mixin.py:190} INFO - [2025-01-19T04:20:56.227+0000] {dagbag.py:588} INFO - Filling up the DagBag from /home/airflow/.local/lib/python3.12/site-packages/airflow/example_dags/example_task_group_decorator.py
[2025-01-19T04:20:56.316+0000] {processor.py:925} INFO - DAG(s) 'example_task_group_decorator' retrieved from /home/airflow/.local/lib/python3.12/site-packages/airflow/example_dags/example_task_group_decorator.py
[2025-01-19T04:20:56.561+0000] {logging_mixin.py:190} INFO - [2025-01-19T04:20:56.560+0000] {dag.py:3239} INFO - Sync 1 DAGs
[2025-01-19T04:20:56.664+0000] {logging_mixin.py:190} INFO - [2025-01-19T04:20:56.663+0000] {dag.py:4180} INFO - Setting next_dagrun for example_task_group_decorator to None, run_after=None
[2025-01-19T04:20:56.782+0000] {processor.py:208} INFO - Processing /home/airflow/.local/lib/python3.12/site-packages/airflow/example_dags/example_task_group_decorator.py took 0.576 seconds
[2025-01-19T04:21:30.520+0000] {processor.py:186} INFO - Started process (PID=1041) to work on /home/airflow/.local/lib/python3.12/site-packages/airflow/example_dags/example_task_group_decorator.py
[2025-01-19T04:21:30.522+0000] {processor.py:914} INFO - Processing file /home/airflow/.local/lib/python3.12/site-packages/airflow/example_dags/example_task_group_decorator.py for tasks to queue
[2025-01-19T04:21:30.525+0000] {logging_mixin.py:190} INFO - [2025-01-19T04:21:30.525+0000] {dagbag.py:588} INFO - Filling up the DagBag from /home/airflow/.local/lib/python3.12/site-packages/airflow/example_dags/example_task_group_decorator.py
[2025-01-19T04:21:30.611+0000] {processor.py:925} INFO - DAG(s) 'example_task_group_decorator' retrieved from /home/airflow/.local/lib/python3.12/site-packages/airflow/example_dags/example_task_group_decorator.py
[2025-01-19T04:21:30.686+0000] {logging_mixin.py:190} INFO - [2025-01-19T04:21:30.685+0000] {dag.py:3239} INFO - Sync 1 DAGs
[2025-01-19T04:21:30.734+0000] {logging_mixin.py:190} INFO - [2025-01-19T04:21:30.733+0000] {dag.py:4180} INFO - Setting next_dagrun for example_task_group_decorator to None, run_after=None
[2025-01-19T04:21:30.813+0000] {processor.py:208} INFO - Processing /home/airflow/.local/lib/python3.12/site-packages/airflow/example_dags/example_task_group_decorator.py took 0.311 seconds
[2025-01-19T04:27:14.610+0000] {processor.py:186} INFO - Started process (PID=52) to work on /home/airflow/.local/lib/python3.12/site-packages/airflow/example_dags/example_task_group_decorator.py
[2025-01-19T04:27:14.629+0000] {processor.py:914} INFO - Processing file /home/airflow/.local/lib/python3.12/site-packages/airflow/example_dags/example_task_group_decorator.py for tasks to queue
[2025-01-19T04:27:14.647+0000] {logging_mixin.py:190} INFO - [2025-01-19T04:27:14.646+0000] {dagbag.py:588} INFO - Filling up the DagBag from /home/airflow/.local/lib/python3.12/site-packages/airflow/example_dags/example_task_group_decorator.py
[2025-01-19T04:27:14.790+0000] {processor.py:925} INFO - DAG(s) 'example_task_group_decorator' retrieved from /home/airflow/.local/lib/python3.12/site-packages/airflow/example_dags/example_task_group_decorator.py
[2025-01-19T04:27:17.396+0000] {logging_mixin.py:190} INFO - [2025-01-19T04:27:17.376+0000] {override.py:1911} INFO - Created Permission View: can delete on DAG:example_task_group_decorator
[2025-01-19T04:27:17.574+0000] {logging_mixin.py:190} INFO - [2025-01-19T04:27:17.574+0000] {override.py:1911} INFO - Created Permission View: can edit on DAG:example_task_group_decorator
[2025-01-19T04:27:17.661+0000] {logging_mixin.py:190} INFO - [2025-01-19T04:27:17.660+0000] {override.py:1911} INFO - Created Permission View: can read on DAG:example_task_group_decorator
[2025-01-19T04:27:17.842+0000] {logging_mixin.py:190} INFO - [2025-01-19T04:27:17.841+0000] {override.py:1911} INFO - Created Permission View: can create on DAG Run:example_task_group_decorator
[2025-01-19T04:27:17.917+0000] {logging_mixin.py:190} INFO - [2025-01-19T04:27:17.914+0000] {override.py:1911} INFO - Created Permission View: menu access on DAG Run:example_task_group_decorator
[2025-01-19T04:27:18.035+0000] {logging_mixin.py:190} INFO - [2025-01-19T04:27:18.033+0000] {override.py:1911} INFO - Created Permission View: can delete on DAG Run:example_task_group_decorator
[2025-01-19T04:27:18.257+0000] {logging_mixin.py:190} INFO - [2025-01-19T04:27:18.256+0000] {override.py:1911} INFO - Created Permission View: can read on DAG Run:example_task_group_decorator
[2025-01-19T04:27:18.259+0000] {logging_mixin.py:190} INFO - [2025-01-19T04:27:18.258+0000] {dag.py:3239} INFO - Sync 1 DAGs
[2025-01-19T04:27:18.472+0000] {logging_mixin.py:190} INFO - [2025-01-19T04:27:18.471+0000] {dag.py:3262} INFO - Creating ORM DAG for example_task_group_decorator
[2025-01-19T04:27:18.493+0000] {logging_mixin.py:190} INFO - [2025-01-19T04:27:18.492+0000] {dag.py:4180} INFO - Setting next_dagrun for example_task_group_decorator to None, run_after=None
[2025-01-19T04:27:18.649+0000] {processor.py:208} INFO - Processing /home/airflow/.local/lib/python3.12/site-packages/airflow/example_dags/example_task_group_decorator.py took 4.065 seconds
[2025-01-19T04:28:22.602+0000] {processor.py:186} INFO - Started process (PID=126) to work on /home/airflow/.local/lib/python3.12/site-packages/airflow/example_dags/example_task_group_decorator.py
[2025-01-19T04:28:22.608+0000] {processor.py:914} INFO - Processing file /home/airflow/.local/lib/python3.12/site-packages/airflow/example_dags/example_task_group_decorator.py for tasks to queue
[2025-01-19T04:28:22.621+0000] {logging_mixin.py:190} INFO - [2025-01-19T04:28:22.620+0000] {dagbag.py:588} INFO - Filling up the DagBag from /home/airflow/.local/lib/python3.12/site-packages/airflow/example_dags/example_task_group_decorator.py
[2025-01-19T04:28:22.692+0000] {processor.py:925} INFO - DAG(s) 'example_task_group_decorator' retrieved from /home/airflow/.local/lib/python3.12/site-packages/airflow/example_dags/example_task_group_decorator.py
[2025-01-19T04:28:22.786+0000] {logging_mixin.py:190} INFO - [2025-01-19T04:28:22.785+0000] {dag.py:3239} INFO - Sync 1 DAGs
[2025-01-19T04:28:22.859+0000] {logging_mixin.py:190} INFO - [2025-01-19T04:28:22.859+0000] {dag.py:4180} INFO - Setting next_dagrun for example_task_group_decorator to None, run_after=None
[2025-01-19T04:28:22.924+0000] {processor.py:208} INFO - Processing /home/airflow/.local/lib/python3.12/site-packages/airflow/example_dags/example_task_group_decorator.py took 0.367 seconds
[2025-01-19T04:28:53.370+0000] {processor.py:186} INFO - Started process (PID=187) to work on /home/airflow/.local/lib/python3.12/site-packages/airflow/example_dags/example_task_group_decorator.py
[2025-01-19T04:28:53.372+0000] {processor.py:914} INFO - Processing file /home/airflow/.local/lib/python3.12/site-packages/airflow/example_dags/example_task_group_decorator.py for tasks to queue
[2025-01-19T04:28:53.377+0000] {logging_mixin.py:190} INFO - [2025-01-19T04:28:53.376+0000] {dagbag.py:588} INFO - Filling up the DagBag from /home/airflow/.local/lib/python3.12/site-packages/airflow/example_dags/example_task_group_decorator.py
[2025-01-19T04:28:53.425+0000] {processor.py:925} INFO - DAG(s) 'example_task_group_decorator' retrieved from /home/airflow/.local/lib/python3.12/site-packages/airflow/example_dags/example_task_group_decorator.py
[2025-01-19T04:28:53.620+0000] {logging_mixin.py:190} INFO - [2025-01-19T04:28:53.620+0000] {dag.py:3239} INFO - Sync 1 DAGs
[2025-01-19T04:28:53.762+0000] {logging_mixin.py:190} INFO - [2025-01-19T04:28:53.761+0000] {dag.py:4180} INFO - Setting next_dagrun for example_task_group_decorator to None, run_after=None
[2025-01-19T04:28:53.893+0000] {processor.py:208} INFO - Processing /home/airflow/.local/lib/python3.12/site-packages/airflow/example_dags/example_task_group_decorator.py took 0.542 seconds
[2025-01-19T04:29:24.146+0000] {processor.py:186} INFO - Started process (PID=250) to work on /home/airflow/.local/lib/python3.12/site-packages/airflow/example_dags/example_task_group_decorator.py
[2025-01-19T04:29:24.149+0000] {processor.py:914} INFO - Processing file /home/airflow/.local/lib/python3.12/site-packages/airflow/example_dags/example_task_group_decorator.py for tasks to queue
[2025-01-19T04:29:24.154+0000] {logging_mixin.py:190} INFO - [2025-01-19T04:29:24.153+0000] {dagbag.py:588} INFO - Filling up the DagBag from /home/airflow/.local/lib/python3.12/site-packages/airflow/example_dags/example_task_group_decorator.py
[2025-01-19T04:29:24.185+0000] {processor.py:925} INFO - DAG(s) 'example_task_group_decorator' retrieved from /home/airflow/.local/lib/python3.12/site-packages/airflow/example_dags/example_task_group_decorator.py
[2025-01-19T04:29:24.262+0000] {logging_mixin.py:190} INFO - [2025-01-19T04:29:24.262+0000] {dag.py:3239} INFO - Sync 1 DAGs
[2025-01-19T04:29:24.300+0000] {logging_mixin.py:190} INFO - [2025-01-19T04:29:24.300+0000] {dag.py:4180} INFO - Setting next_dagrun for example_task_group_decorator to None, run_after=None
[2025-01-19T04:29:24.341+0000] {processor.py:208} INFO - Processing /home/airflow/.local/lib/python3.12/site-packages/airflow/example_dags/example_task_group_decorator.py took 0.209 seconds
[2025-01-19T04:30:04.648+0000] {processor.py:186} INFO - Started process (PID=292) to work on /home/airflow/.local/lib/python3.12/site-packages/airflow/example_dags/example_task_group_decorator.py
[2025-01-19T04:30:04.653+0000] {processor.py:914} INFO - Processing file /home/airflow/.local/lib/python3.12/site-packages/airflow/example_dags/example_task_group_decorator.py for tasks to queue
[2025-01-19T04:30:04.663+0000] {logging_mixin.py:190} INFO - [2025-01-19T04:30:04.662+0000] {dagbag.py:588} INFO - Filling up the DagBag from /home/airflow/.local/lib/python3.12/site-packages/airflow/example_dags/example_task_group_decorator.py
[2025-01-19T04:30:04.711+0000] {processor.py:925} INFO - DAG(s) 'example_task_group_decorator' retrieved from /home/airflow/.local/lib/python3.12/site-packages/airflow/example_dags/example_task_group_decorator.py
[2025-01-19T04:30:04.812+0000] {logging_mixin.py:190} INFO - [2025-01-19T04:30:04.811+0000] {dag.py:3239} INFO - Sync 1 DAGs
[2025-01-19T04:30:04.916+0000] {logging_mixin.py:190} INFO - [2025-01-19T04:30:04.912+0000] {dag.py:4180} INFO - Setting next_dagrun for example_task_group_decorator to None, run_after=None
[2025-01-19T04:30:04.990+0000] {processor.py:208} INFO - Processing /home/airflow/.local/lib/python3.12/site-packages/airflow/example_dags/example_task_group_decorator.py took 0.367 seconds
[2025-01-19T04:30:38.448+0000] {processor.py:186} INFO - Started process (PID=351) to work on /home/airflow/.local/lib/python3.12/site-packages/airflow/example_dags/example_task_group_decorator.py
[2025-01-19T04:30:38.451+0000] {processor.py:914} INFO - Processing file /home/airflow/.local/lib/python3.12/site-packages/airflow/example_dags/example_task_group_decorator.py for tasks to queue
[2025-01-19T04:30:38.457+0000] {logging_mixin.py:190} INFO - [2025-01-19T04:30:38.457+0000] {dagbag.py:588} INFO - Filling up the DagBag from /home/airflow/.local/lib/python3.12/site-packages/airflow/example_dags/example_task_group_decorator.py
[2025-01-19T04:30:38.539+0000] {processor.py:925} INFO - DAG(s) 'example_task_group_decorator' retrieved from /home/airflow/.local/lib/python3.12/site-packages/airflow/example_dags/example_task_group_decorator.py
[2025-01-19T04:30:38.699+0000] {logging_mixin.py:190} INFO - [2025-01-19T04:30:38.699+0000] {dag.py:3239} INFO - Sync 1 DAGs
[2025-01-19T04:30:38.764+0000] {logging_mixin.py:190} INFO - [2025-01-19T04:30:38.763+0000] {dag.py:4180} INFO - Setting next_dagrun for example_task_group_decorator to None, run_after=None
[2025-01-19T04:30:38.851+0000] {processor.py:208} INFO - Processing /home/airflow/.local/lib/python3.12/site-packages/airflow/example_dags/example_task_group_decorator.py took 0.415 seconds
[2025-01-19T04:31:16.486+0000] {processor.py:186} INFO - Started process (PID=419) to work on /home/airflow/.local/lib/python3.12/site-packages/airflow/example_dags/example_task_group_decorator.py
[2025-01-19T04:31:16.489+0000] {processor.py:914} INFO - Processing file /home/airflow/.local/lib/python3.12/site-packages/airflow/example_dags/example_task_group_decorator.py for tasks to queue
[2025-01-19T04:31:16.496+0000] {logging_mixin.py:190} INFO - [2025-01-19T04:31:16.495+0000] {dagbag.py:588} INFO - Filling up the DagBag from /home/airflow/.local/lib/python3.12/site-packages/airflow/example_dags/example_task_group_decorator.py
[2025-01-19T04:31:16.553+0000] {processor.py:925} INFO - DAG(s) 'example_task_group_decorator' retrieved from /home/airflow/.local/lib/python3.12/site-packages/airflow/example_dags/example_task_group_decorator.py
[2025-01-19T04:31:16.672+0000] {logging_mixin.py:190} INFO - [2025-01-19T04:31:16.671+0000] {dag.py:3239} INFO - Sync 1 DAGs
[2025-01-19T04:31:16.799+0000] {logging_mixin.py:190} INFO - [2025-01-19T04:31:16.798+0000] {dag.py:4180} INFO - Setting next_dagrun for example_task_group_decorator to None, run_after=None
[2025-01-19T04:31:16.906+0000] {processor.py:208} INFO - Processing /home/airflow/.local/lib/python3.12/site-packages/airflow/example_dags/example_task_group_decorator.py took 0.434 seconds
[2025-01-19T04:31:52.194+0000] {processor.py:186} INFO - Started process (PID=482) to work on /home/airflow/.local/lib/python3.12/site-packages/airflow/example_dags/example_task_group_decorator.py
[2025-01-19T04:31:52.200+0000] {processor.py:914} INFO - Processing file /home/airflow/.local/lib/python3.12/site-packages/airflow/example_dags/example_task_group_decorator.py for tasks to queue
[2025-01-19T04:31:52.211+0000] {logging_mixin.py:190} INFO - [2025-01-19T04:31:52.208+0000] {dagbag.py:588} INFO - Filling up the DagBag from /home/airflow/.local/lib/python3.12/site-packages/airflow/example_dags/example_task_group_decorator.py
[2025-01-19T04:31:52.325+0000] {processor.py:925} INFO - DAG(s) 'example_task_group_decorator' retrieved from /home/airflow/.local/lib/python3.12/site-packages/airflow/example_dags/example_task_group_decorator.py
[2025-01-19T04:31:52.423+0000] {logging_mixin.py:190} INFO - [2025-01-19T04:31:52.422+0000] {dag.py:3239} INFO - Sync 1 DAGs
[2025-01-19T04:31:52.480+0000] {logging_mixin.py:190} INFO - [2025-01-19T04:31:52.480+0000] {dag.py:4180} INFO - Setting next_dagrun for example_task_group_decorator to None, run_after=None
[2025-01-19T04:31:52.576+0000] {processor.py:208} INFO - Processing /home/airflow/.local/lib/python3.12/site-packages/airflow/example_dags/example_task_group_decorator.py took 0.402 seconds
[2025-01-19T04:32:23.656+0000] {processor.py:186} INFO - Started process (PID=544) to work on /home/airflow/.local/lib/python3.12/site-packages/airflow/example_dags/example_task_group_decorator.py
[2025-01-19T04:32:23.658+0000] {processor.py:914} INFO - Processing file /home/airflow/.local/lib/python3.12/site-packages/airflow/example_dags/example_task_group_decorator.py for tasks to queue
[2025-01-19T04:32:23.663+0000] {logging_mixin.py:190} INFO - [2025-01-19T04:32:23.662+0000] {dagbag.py:588} INFO - Filling up the DagBag from /home/airflow/.local/lib/python3.12/site-packages/airflow/example_dags/example_task_group_decorator.py
[2025-01-19T04:32:22.815+0000] {processor.py:925} INFO - DAG(s) 'example_task_group_decorator' retrieved from /home/airflow/.local/lib/python3.12/site-packages/airflow/example_dags/example_task_group_decorator.py
[2025-01-19T04:32:22.955+0000] {logging_mixin.py:190} INFO - [2025-01-19T04:32:22.954+0000] {dag.py:3239} INFO - Sync 1 DAGs
[2025-01-19T04:32:23.030+0000] {logging_mixin.py:190} INFO - [2025-01-19T04:32:23.028+0000] {dag.py:4180} INFO - Setting next_dagrun for example_task_group_decorator to None, run_after=None
[2025-01-19T04:32:23.199+0000] {processor.py:208} INFO - Processing /home/airflow/.local/lib/python3.12/site-packages/airflow/example_dags/example_task_group_decorator.py took 0.460 seconds
[2025-01-19T04:32:53.886+0000] {processor.py:186} INFO - Started process (PID=606) to work on /home/airflow/.local/lib/python3.12/site-packages/airflow/example_dags/example_task_group_decorator.py
[2025-01-19T04:32:53.889+0000] {processor.py:914} INFO - Processing file /home/airflow/.local/lib/python3.12/site-packages/airflow/example_dags/example_task_group_decorator.py for tasks to queue
[2025-01-19T04:32:53.896+0000] {logging_mixin.py:190} INFO - [2025-01-19T04:32:53.896+0000] {dagbag.py:588} INFO - Filling up the DagBag from /home/airflow/.local/lib/python3.12/site-packages/airflow/example_dags/example_task_group_decorator.py
[2025-01-19T04:32:53.940+0000] {processor.py:925} INFO - DAG(s) 'example_task_group_decorator' retrieved from /home/airflow/.local/lib/python3.12/site-packages/airflow/example_dags/example_task_group_decorator.py
[2025-01-19T04:32:54.017+0000] {logging_mixin.py:190} INFO - [2025-01-19T04:32:54.016+0000] {dag.py:3239} INFO - Sync 1 DAGs
[2025-01-19T04:32:54.048+0000] {logging_mixin.py:190} INFO - [2025-01-19T04:32:54.047+0000] {dag.py:4180} INFO - Setting next_dagrun for example_task_group_decorator to None, run_after=None
[2025-01-19T04:32:54.091+0000] {processor.py:208} INFO - Processing /home/airflow/.local/lib/python3.12/site-packages/airflow/example_dags/example_task_group_decorator.py took 0.228 seconds
[2025-01-19T04:33:24.681+0000] {processor.py:186} INFO - Started process (PID=668) to work on /home/airflow/.local/lib/python3.12/site-packages/airflow/example_dags/example_task_group_decorator.py
[2025-01-19T04:33:24.684+0000] {processor.py:914} INFO - Processing file /home/airflow/.local/lib/python3.12/site-packages/airflow/example_dags/example_task_group_decorator.py for tasks to queue
[2025-01-19T04:33:24.690+0000] {logging_mixin.py:190} INFO - [2025-01-19T04:33:24.689+0000] {dagbag.py:588} INFO - Filling up the DagBag from /home/airflow/.local/lib/python3.12/site-packages/airflow/example_dags/example_task_group_decorator.py
[2025-01-19T04:33:24.783+0000] {processor.py:925} INFO - DAG(s) 'example_task_group_decorator' retrieved from /home/airflow/.local/lib/python3.12/site-packages/airflow/example_dags/example_task_group_decorator.py
[2025-01-19T04:33:24.869+0000] {logging_mixin.py:190} INFO - [2025-01-19T04:33:24.868+0000] {dag.py:3239} INFO - Sync 1 DAGs
[2025-01-19T04:33:24.927+0000] {logging_mixin.py:190} INFO - [2025-01-19T04:33:24.926+0000] {dag.py:4180} INFO - Setting next_dagrun for example_task_group_decorator to None, run_after=None
[2025-01-19T04:33:24.996+0000] {processor.py:208} INFO - Processing /home/airflow/.local/lib/python3.12/site-packages/airflow/example_dags/example_task_group_decorator.py took 0.335 seconds
[2025-01-19T04:33:55.580+0000] {processor.py:186} INFO - Started process (PID=731) to work on /home/airflow/.local/lib/python3.12/site-packages/airflow/example_dags/example_task_group_decorator.py
[2025-01-19T04:33:55.583+0000] {processor.py:914} INFO - Processing file /home/airflow/.local/lib/python3.12/site-packages/airflow/example_dags/example_task_group_decorator.py for tasks to queue
[2025-01-19T04:33:55.589+0000] {logging_mixin.py:190} INFO - [2025-01-19T04:33:55.588+0000] {dagbag.py:588} INFO - Filling up the DagBag from /home/airflow/.local/lib/python3.12/site-packages/airflow/example_dags/example_task_group_decorator.py
[2025-01-19T04:33:55.629+0000] {processor.py:925} INFO - DAG(s) 'example_task_group_decorator' retrieved from /home/airflow/.local/lib/python3.12/site-packages/airflow/example_dags/example_task_group_decorator.py
[2025-01-19T04:33:55.688+0000] {logging_mixin.py:190} INFO - [2025-01-19T04:33:55.687+0000] {dag.py:3239} INFO - Sync 1 DAGs
[2025-01-19T04:33:55.722+0000] {logging_mixin.py:190} INFO - [2025-01-19T04:33:55.722+0000] {dag.py:4180} INFO - Setting next_dagrun for example_task_group_decorator to None, run_after=None
[2025-01-19T04:33:55.768+0000] {processor.py:208} INFO - Processing /home/airflow/.local/lib/python3.12/site-packages/airflow/example_dags/example_task_group_decorator.py took 0.203 seconds
[2025-01-19T04:34:25.959+0000] {processor.py:186} INFO - Started process (PID=795) to work on /home/airflow/.local/lib/python3.12/site-packages/airflow/example_dags/example_task_group_decorator.py
[2025-01-19T04:34:25.962+0000] {processor.py:914} INFO - Processing file /home/airflow/.local/lib/python3.12/site-packages/airflow/example_dags/example_task_group_decorator.py for tasks to queue
[2025-01-19T04:34:25.970+0000] {logging_mixin.py:190} INFO - [2025-01-19T04:34:25.969+0000] {dagbag.py:588} INFO - Filling up the DagBag from /home/airflow/.local/lib/python3.12/site-packages/airflow/example_dags/example_task_group_decorator.py
[2025-01-19T04:34:26.035+0000] {processor.py:925} INFO - DAG(s) 'example_task_group_decorator' retrieved from /home/airflow/.local/lib/python3.12/site-packages/airflow/example_dags/example_task_group_decorator.py
[2025-01-19T04:34:26.151+0000] {logging_mixin.py:190} INFO - [2025-01-19T04:34:26.150+0000] {dag.py:3239} INFO - Sync 1 DAGs
[2025-01-19T04:34:26.208+0000] {logging_mixin.py:190} INFO - [2025-01-19T04:34:26.207+0000] {dag.py:4180} INFO - Setting next_dagrun for example_task_group_decorator to None, run_after=None
[2025-01-19T04:34:26.343+0000] {processor.py:208} INFO - Processing /home/airflow/.local/lib/python3.12/site-packages/airflow/example_dags/example_task_group_decorator.py took 0.405 seconds
[2025-01-19T04:34:57.059+0000] {processor.py:186} INFO - Started process (PID=858) to work on /home/airflow/.local/lib/python3.12/site-packages/airflow/example_dags/example_task_group_decorator.py
[2025-01-19T04:34:57.062+0000] {processor.py:914} INFO - Processing file /home/airflow/.local/lib/python3.12/site-packages/airflow/example_dags/example_task_group_decorator.py for tasks to queue
[2025-01-19T04:34:57.069+0000] {logging_mixin.py:190} INFO - [2025-01-19T04:34:57.068+0000] {dagbag.py:588} INFO - Filling up the DagBag from /home/airflow/.local/lib/python3.12/site-packages/airflow/example_dags/example_task_group_decorator.py
[2025-01-19T04:34:57.113+0000] {processor.py:925} INFO - DAG(s) 'example_task_group_decorator' retrieved from /home/airflow/.local/lib/python3.12/site-packages/airflow/example_dags/example_task_group_decorator.py
[2025-01-19T04:34:57.199+0000] {logging_mixin.py:190} INFO - [2025-01-19T04:34:57.198+0000] {dag.py:3239} INFO - Sync 1 DAGs
[2025-01-19T04:34:57.242+0000] {logging_mixin.py:190} INFO - [2025-01-19T04:34:57.241+0000] {dag.py:4180} INFO - Setting next_dagrun for example_task_group_decorator to None, run_after=None
[2025-01-19T04:34:57.288+0000] {processor.py:208} INFO - Processing /home/airflow/.local/lib/python3.12/site-packages/airflow/example_dags/example_task_group_decorator.py took 0.260 seconds
[2025-01-19T04:35:37.183+0000] {processor.py:186} INFO - Started process (PID=923) to work on /home/airflow/.local/lib/python3.12/site-packages/airflow/example_dags/example_task_group_decorator.py
[2025-01-19T04:35:37.201+0000] {processor.py:914} INFO - Processing file /home/airflow/.local/lib/python3.12/site-packages/airflow/example_dags/example_task_group_decorator.py for tasks to queue
[2025-01-19T04:35:37.209+0000] {logging_mixin.py:190} INFO - [2025-01-19T04:35:37.208+0000] {dagbag.py:588} INFO - Filling up the DagBag from /home/airflow/.local/lib/python3.12/site-packages/airflow/example_dags/example_task_group_decorator.py
[2025-01-19T04:35:37.277+0000] {processor.py:925} INFO - DAG(s) 'example_task_group_decorator' retrieved from /home/airflow/.local/lib/python3.12/site-packages/airflow/example_dags/example_task_group_decorator.py
[2025-01-19T04:35:37.369+0000] {logging_mixin.py:190} INFO - [2025-01-19T04:35:37.368+0000] {dag.py:3239} INFO - Sync 1 DAGs
[2025-01-19T04:35:37.427+0000] {logging_mixin.py:190} INFO - [2025-01-19T04:35:37.427+0000] {dag.py:4180} INFO - Setting next_dagrun for example_task_group_decorator to None, run_after=None
[2025-01-19T04:35:37.487+0000] {processor.py:208} INFO - Processing /home/airflow/.local/lib/python3.12/site-packages/airflow/example_dags/example_task_group_decorator.py took 0.323 seconds
[2025-01-19T04:36:07.725+0000] {processor.py:186} INFO - Started process (PID=983) to work on /home/airflow/.local/lib/python3.12/site-packages/airflow/example_dags/example_task_group_decorator.py
[2025-01-19T04:36:07.727+0000] {processor.py:914} INFO - Processing file /home/airflow/.local/lib/python3.12/site-packages/airflow/example_dags/example_task_group_decorator.py for tasks to queue
[2025-01-19T04:36:07.733+0000] {logging_mixin.py:190} INFO - [2025-01-19T04:36:07.732+0000] {dagbag.py:588} INFO - Filling up the DagBag from /home/airflow/.local/lib/python3.12/site-packages/airflow/example_dags/example_task_group_decorator.py
[2025-01-19T04:36:07.761+0000] {processor.py:925} INFO - DAG(s) 'example_task_group_decorator' retrieved from /home/airflow/.local/lib/python3.12/site-packages/airflow/example_dags/example_task_group_decorator.py
[2025-01-19T04:36:07.835+0000] {logging_mixin.py:190} INFO - [2025-01-19T04:36:07.834+0000] {dag.py:3239} INFO - Sync 1 DAGs
[2025-01-19T04:36:07.882+0000] {logging_mixin.py:190} INFO - [2025-01-19T04:36:07.881+0000] {dag.py:4180} INFO - Setting next_dagrun for example_task_group_decorator to None, run_after=None
[2025-01-19T04:36:07.969+0000] {processor.py:208} INFO - Processing /home/airflow/.local/lib/python3.12/site-packages/airflow/example_dags/example_task_group_decorator.py took 0.253 seconds
[2025-01-19T04:36:38.512+0000] {processor.py:186} INFO - Started process (PID=1041) to work on /home/airflow/.local/lib/python3.12/site-packages/airflow/example_dags/example_task_group_decorator.py
[2025-01-19T04:36:38.514+0000] {processor.py:914} INFO - Processing file /home/airflow/.local/lib/python3.12/site-packages/airflow/example_dags/example_task_group_decorator.py for tasks to queue
[2025-01-19T04:36:38.521+0000] {logging_mixin.py:190} INFO - [2025-01-19T04:36:38.520+0000] {dagbag.py:588} INFO - Filling up the DagBag from /home/airflow/.local/lib/python3.12/site-packages/airflow/example_dags/example_task_group_decorator.py
[2025-01-19T04:36:38.574+0000] {processor.py:925} INFO - DAG(s) 'example_task_group_decorator' retrieved from /home/airflow/.local/lib/python3.12/site-packages/airflow/example_dags/example_task_group_decorator.py
[2025-01-19T04:36:38.672+0000] {logging_mixin.py:190} INFO - [2025-01-19T04:36:38.672+0000] {dag.py:3239} INFO - Sync 1 DAGs
[2025-01-19T04:36:38.886+0000] {logging_mixin.py:190} INFO - [2025-01-19T04:36:38.885+0000] {dag.py:4180} INFO - Setting next_dagrun for example_task_group_decorator to None, run_after=None
[2025-01-19T04:36:39.062+0000] {processor.py:208} INFO - Processing /home/airflow/.local/lib/python3.12/site-packages/airflow/example_dags/example_task_group_decorator.py took 0.565 seconds
[2025-01-19T04:41:03.016+0000] {processor.py:186} INFO - Started process (PID=1062) to work on /home/airflow/.local/lib/python3.12/site-packages/airflow/example_dags/example_task_group_decorator.py
[2025-01-19T04:41:03.041+0000] {processor.py:914} INFO - Processing file /home/airflow/.local/lib/python3.12/site-packages/airflow/example_dags/example_task_group_decorator.py for tasks to queue
[2025-01-19T04:41:03.062+0000] {logging_mixin.py:190} INFO - [2025-01-19T04:41:03.059+0000] {dagbag.py:588} INFO - Filling up the DagBag from /home/airflow/.local/lib/python3.12/site-packages/airflow/example_dags/example_task_group_decorator.py
[2025-01-19T04:41:03.155+0000] {processor.py:925} INFO - DAG(s) 'example_task_group_decorator' retrieved from /home/airflow/.local/lib/python3.12/site-packages/airflow/example_dags/example_task_group_decorator.py
[2025-01-19T04:41:03.412+0000] {logging_mixin.py:190} INFO - [2025-01-19T04:41:03.411+0000] {dag.py:3239} INFO - Sync 1 DAGs
[2025-01-19T04:41:03.603+0000] {logging_mixin.py:190} INFO - [2025-01-19T04:41:03.603+0000] {dag.py:4180} INFO - Setting next_dagrun for example_task_group_decorator to None, run_after=None
[2025-01-19T04:41:03.830+0000] {processor.py:208} INFO - Processing /home/airflow/.local/lib/python3.12/site-packages/airflow/example_dags/example_task_group_decorator.py took 0.851 seconds
[2025-01-19T04:41:41.383+0000] {processor.py:186} INFO - Started process (PID=1126) to work on /home/airflow/.local/lib/python3.12/site-packages/airflow/example_dags/example_task_group_decorator.py
[2025-01-19T04:41:41.385+0000] {processor.py:914} INFO - Processing file /home/airflow/.local/lib/python3.12/site-packages/airflow/example_dags/example_task_group_decorator.py for tasks to queue
[2025-01-19T04:41:41.393+0000] {logging_mixin.py:190} INFO - [2025-01-19T04:41:41.392+0000] {dagbag.py:588} INFO - Filling up the DagBag from /home/airflow/.local/lib/python3.12/site-packages/airflow/example_dags/example_task_group_decorator.py
[2025-01-19T04:41:41.467+0000] {processor.py:925} INFO - DAG(s) 'example_task_group_decorator' retrieved from /home/airflow/.local/lib/python3.12/site-packages/airflow/example_dags/example_task_group_decorator.py
[2025-01-19T04:41:41.576+0000] {logging_mixin.py:190} INFO - [2025-01-19T04:41:41.575+0000] {dag.py:3239} INFO - Sync 1 DAGs
[2025-01-19T04:41:41.667+0000] {logging_mixin.py:190} INFO - [2025-01-19T04:41:41.666+0000] {dag.py:4180} INFO - Setting next_dagrun for example_task_group_decorator to None, run_after=None
[2025-01-19T04:41:41.751+0000] {processor.py:208} INFO - Processing /home/airflow/.local/lib/python3.12/site-packages/airflow/example_dags/example_task_group_decorator.py took 0.389 seconds
