[2025-01-19T04:12:57.005+0000] {processor.py:186} INFO - Started process (PID=454) to work on /home/airflow/.local/lib/python3.12/site-packages/airflow/example_dags/example_latest_only_with_trigger.py
[2025-01-19T04:12:57.007+0000] {processor.py:914} INFO - Processing file /home/airflow/.local/lib/python3.12/site-packages/airflow/example_dags/example_latest_only_with_trigger.py for tasks to queue
[2025-01-19T04:12:57.012+0000] {logging_mixin.py:190} INFO - [2025-01-19T04:12:57.011+0000] {dagbag.py:588} INFO - Filling up the DagBag from /home/airflow/.local/lib/python3.12/site-packages/airflow/example_dags/example_latest_only_with_trigger.py
[2025-01-19T04:12:57.042+0000] {processor.py:925} INFO - DAG(s) 'latest_only_with_trigger' retrieved from /home/airflow/.local/lib/python3.12/site-packages/airflow/example_dags/example_latest_only_with_trigger.py
[2025-01-19T04:12:57.110+0000] {logging_mixin.py:190} INFO - [2025-01-19T04:12:57.109+0000] {dag.py:3239} INFO - Sync 1 DAGs
[2025-01-19T04:12:57.213+0000] {logging_mixin.py:190} INFO - [2025-01-19T04:12:57.212+0000] {dag.py:4180} INFO - Setting next_dagrun for latest_only_with_trigger to 2025-01-19 00:00:00+00:00, run_after=2025-01-19 04:00:00+00:00
[2025-01-19T04:12:57.295+0000] {processor.py:208} INFO - Processing /home/airflow/.local/lib/python3.12/site-packages/airflow/example_dags/example_latest_only_with_trigger.py took 0.307 seconds
[2025-01-19T04:13:29.271+0000] {processor.py:186} INFO - Started process (PID=517) to work on /home/airflow/.local/lib/python3.12/site-packages/airflow/example_dags/example_latest_only_with_trigger.py
[2025-01-19T04:13:29.274+0000] {processor.py:914} INFO - Processing file /home/airflow/.local/lib/python3.12/site-packages/airflow/example_dags/example_latest_only_with_trigger.py for tasks to queue
[2025-01-19T04:13:29.279+0000] {logging_mixin.py:190} INFO - [2025-01-19T04:13:29.279+0000] {dagbag.py:588} INFO - Filling up the DagBag from /home/airflow/.local/lib/python3.12/site-packages/airflow/example_dags/example_latest_only_with_trigger.py
[2025-01-19T04:13:29.300+0000] {processor.py:925} INFO - DAG(s) 'latest_only_with_trigger' retrieved from /home/airflow/.local/lib/python3.12/site-packages/airflow/example_dags/example_latest_only_with_trigger.py
[2025-01-19T04:13:29.349+0000] {logging_mixin.py:190} INFO - [2025-01-19T04:13:29.348+0000] {dag.py:3239} INFO - Sync 1 DAGs
[2025-01-19T04:13:29.407+0000] {logging_mixin.py:190} INFO - [2025-01-19T04:13:29.406+0000] {dag.py:4180} INFO - Setting next_dagrun for latest_only_with_trigger to 2025-01-19 00:00:00+00:00, run_after=2025-01-19 04:00:00+00:00
[2025-01-19T04:13:29.448+0000] {processor.py:208} INFO - Processing /home/airflow/.local/lib/python3.12/site-packages/airflow/example_dags/example_latest_only_with_trigger.py took 0.190 seconds
[2025-01-19T04:14:04.041+0000] {processor.py:186} INFO - Started process (PID=570) to work on /home/airflow/.local/lib/python3.12/site-packages/airflow/example_dags/example_latest_only_with_trigger.py
[2025-01-19T04:14:04.044+0000] {processor.py:914} INFO - Processing file /home/airflow/.local/lib/python3.12/site-packages/airflow/example_dags/example_latest_only_with_trigger.py for tasks to queue
[2025-01-19T04:14:04.063+0000] {logging_mixin.py:190} INFO - [2025-01-19T04:14:04.062+0000] {dagbag.py:588} INFO - Filling up the DagBag from /home/airflow/.local/lib/python3.12/site-packages/airflow/example_dags/example_latest_only_with_trigger.py
[2025-01-19T04:14:04.112+0000] {processor.py:925} INFO - DAG(s) 'latest_only_with_trigger' retrieved from /home/airflow/.local/lib/python3.12/site-packages/airflow/example_dags/example_latest_only_with_trigger.py
[2025-01-19T04:14:04.307+0000] {logging_mixin.py:190} INFO - [2025-01-19T04:14:04.307+0000] {dag.py:3239} INFO - Sync 1 DAGs
[2025-01-19T04:14:04.524+0000] {logging_mixin.py:190} INFO - [2025-01-19T04:14:04.523+0000] {dag.py:4180} INFO - Setting next_dagrun for latest_only_with_trigger to 2025-01-19 00:00:00+00:00, run_after=2025-01-19 04:00:00+00:00
[2025-01-19T04:14:04.648+0000] {processor.py:208} INFO - Processing /home/airflow/.local/lib/python3.12/site-packages/airflow/example_dags/example_latest_only_with_trigger.py took 0.645 seconds
[2025-01-19T04:15:17.865+0000] {processor.py:186} INFO - Started process (PID=635) to work on /home/airflow/.local/lib/python3.12/site-packages/airflow/example_dags/example_latest_only_with_trigger.py
[2025-01-19T04:15:17.869+0000] {processor.py:914} INFO - Processing file /home/airflow/.local/lib/python3.12/site-packages/airflow/example_dags/example_latest_only_with_trigger.py for tasks to queue
[2025-01-19T04:15:17.874+0000] {logging_mixin.py:190} INFO - [2025-01-19T04:15:17.873+0000] {dagbag.py:588} INFO - Filling up the DagBag from /home/airflow/.local/lib/python3.12/site-packages/airflow/example_dags/example_latest_only_with_trigger.py
[2025-01-19T04:15:17.896+0000] {processor.py:925} INFO - DAG(s) 'latest_only_with_trigger' retrieved from /home/airflow/.local/lib/python3.12/site-packages/airflow/example_dags/example_latest_only_with_trigger.py
[2025-01-19T04:15:17.953+0000] {logging_mixin.py:190} INFO - [2025-01-19T04:15:17.952+0000] {dag.py:3239} INFO - Sync 1 DAGs
[2025-01-19T04:15:18.027+0000] {logging_mixin.py:190} INFO - [2025-01-19T04:15:18.026+0000] {dag.py:4180} INFO - Setting next_dagrun for latest_only_with_trigger to 2025-01-19 00:00:00+00:00, run_after=2025-01-19 04:00:00+00:00
[2025-01-19T04:15:18.095+0000] {processor.py:208} INFO - Processing /home/airflow/.local/lib/python3.12/site-packages/airflow/example_dags/example_latest_only_with_trigger.py took 0.247 seconds
[2025-01-19T04:18:18.782+0000] {processor.py:186} INFO - Started process (PID=692) to work on /home/airflow/.local/lib/python3.12/site-packages/airflow/example_dags/example_latest_only_with_trigger.py
[2025-01-19T04:18:18.785+0000] {processor.py:914} INFO - Processing file /home/airflow/.local/lib/python3.12/site-packages/airflow/example_dags/example_latest_only_with_trigger.py for tasks to queue
[2025-01-19T04:18:18.799+0000] {logging_mixin.py:190} INFO - [2025-01-19T04:18:18.798+0000] {dagbag.py:588} INFO - Filling up the DagBag from /home/airflow/.local/lib/python3.12/site-packages/airflow/example_dags/example_latest_only_with_trigger.py
[2025-01-19T04:18:18.867+0000] {processor.py:925} INFO - DAG(s) 'latest_only_with_trigger' retrieved from /home/airflow/.local/lib/python3.12/site-packages/airflow/example_dags/example_latest_only_with_trigger.py
[2025-01-19T04:18:19.033+0000] {logging_mixin.py:190} INFO - [2025-01-19T04:18:19.032+0000] {dag.py:3239} INFO - Sync 1 DAGs
[2025-01-19T04:18:19.214+0000] {logging_mixin.py:190} INFO - [2025-01-19T04:18:19.214+0000] {dag.py:4180} INFO - Setting next_dagrun for latest_only_with_trigger to 2025-01-19 00:00:00+00:00, run_after=2025-01-19 04:00:00+00:00
[2025-01-19T04:18:19.397+0000] {processor.py:208} INFO - Processing /home/airflow/.local/lib/python3.12/site-packages/airflow/example_dags/example_latest_only_with_trigger.py took 0.650 seconds
[2025-01-19T04:18:54.163+0000] {processor.py:186} INFO - Started process (PID=755) to work on /home/airflow/.local/lib/python3.12/site-packages/airflow/example_dags/example_latest_only_with_trigger.py
[2025-01-19T04:18:54.166+0000] {processor.py:914} INFO - Processing file /home/airflow/.local/lib/python3.12/site-packages/airflow/example_dags/example_latest_only_with_trigger.py for tasks to queue
[2025-01-19T04:18:54.170+0000] {logging_mixin.py:190} INFO - [2025-01-19T04:18:54.169+0000] {dagbag.py:588} INFO - Filling up the DagBag from /home/airflow/.local/lib/python3.12/site-packages/airflow/example_dags/example_latest_only_with_trigger.py
[2025-01-19T04:18:54.214+0000] {processor.py:925} INFO - DAG(s) 'latest_only_with_trigger' retrieved from /home/airflow/.local/lib/python3.12/site-packages/airflow/example_dags/example_latest_only_with_trigger.py
[2025-01-19T04:18:54.305+0000] {logging_mixin.py:190} INFO - [2025-01-19T04:18:54.304+0000] {dag.py:3239} INFO - Sync 1 DAGs
[2025-01-19T04:18:54.424+0000] {logging_mixin.py:190} INFO - [2025-01-19T04:18:54.424+0000] {dag.py:4180} INFO - Setting next_dagrun for latest_only_with_trigger to 2025-01-19 00:00:00+00:00, run_after=2025-01-19 04:00:00+00:00
[2025-01-19T04:18:54.527+0000] {processor.py:208} INFO - Processing /home/airflow/.local/lib/python3.12/site-packages/airflow/example_dags/example_latest_only_with_trigger.py took 0.389 seconds
[2025-01-19T04:19:25.724+0000] {processor.py:186} INFO - Started process (PID=818) to work on /home/airflow/.local/lib/python3.12/site-packages/airflow/example_dags/example_latest_only_with_trigger.py
[2025-01-19T04:19:25.727+0000] {processor.py:914} INFO - Processing file /home/airflow/.local/lib/python3.12/site-packages/airflow/example_dags/example_latest_only_with_trigger.py for tasks to queue
[2025-01-19T04:19:25.730+0000] {logging_mixin.py:190} INFO - [2025-01-19T04:19:25.729+0000] {dagbag.py:588} INFO - Filling up the DagBag from /home/airflow/.local/lib/python3.12/site-packages/airflow/example_dags/example_latest_only_with_trigger.py
[2025-01-19T04:19:25.750+0000] {processor.py:925} INFO - DAG(s) 'latest_only_with_trigger' retrieved from /home/airflow/.local/lib/python3.12/site-packages/airflow/example_dags/example_latest_only_with_trigger.py
[2025-01-19T04:19:25.912+0000] {logging_mixin.py:190} INFO - [2025-01-19T04:19:25.911+0000] {dag.py:3239} INFO - Sync 1 DAGs
[2025-01-19T04:19:26.156+0000] {logging_mixin.py:190} INFO - [2025-01-19T04:19:26.155+0000] {dag.py:4180} INFO - Setting next_dagrun for latest_only_with_trigger to 2025-01-19 00:00:00+00:00, run_after=2025-01-19 04:00:00+00:00
[2025-01-19T04:19:26.274+0000] {processor.py:208} INFO - Processing /home/airflow/.local/lib/python3.12/site-packages/airflow/example_dags/example_latest_only_with_trigger.py took 0.567 seconds
[2025-01-19T04:19:56.996+0000] {processor.py:186} INFO - Started process (PID=881) to work on /home/airflow/.local/lib/python3.12/site-packages/airflow/example_dags/example_latest_only_with_trigger.py
[2025-01-19T04:19:56.998+0000] {processor.py:914} INFO - Processing file /home/airflow/.local/lib/python3.12/site-packages/airflow/example_dags/example_latest_only_with_trigger.py for tasks to queue
[2025-01-19T04:19:57.001+0000] {logging_mixin.py:190} INFO - [2025-01-19T04:19:57.001+0000] {dagbag.py:588} INFO - Filling up the DagBag from /home/airflow/.local/lib/python3.12/site-packages/airflow/example_dags/example_latest_only_with_trigger.py
[2025-01-19T04:19:57.023+0000] {processor.py:925} INFO - DAG(s) 'latest_only_with_trigger' retrieved from /home/airflow/.local/lib/python3.12/site-packages/airflow/example_dags/example_latest_only_with_trigger.py
[2025-01-19T04:19:57.069+0000] {logging_mixin.py:190} INFO - [2025-01-19T04:19:57.068+0000] {dag.py:3239} INFO - Sync 1 DAGs
[2025-01-19T04:19:57.125+0000] {logging_mixin.py:190} INFO - [2025-01-19T04:19:57.125+0000] {dag.py:4180} INFO - Setting next_dagrun for latest_only_with_trigger to 2025-01-19 00:00:00+00:00, run_after=2025-01-19 04:00:00+00:00
[2025-01-19T04:19:57.177+0000] {processor.py:208} INFO - Processing /home/airflow/.local/lib/python3.12/site-packages/airflow/example_dags/example_latest_only_with_trigger.py took 0.195 seconds
[2025-01-19T04:20:27.377+0000] {processor.py:186} INFO - Started process (PID=944) to work on /home/airflow/.local/lib/python3.12/site-packages/airflow/example_dags/example_latest_only_with_trigger.py
[2025-01-19T04:20:27.380+0000] {processor.py:914} INFO - Processing file /home/airflow/.local/lib/python3.12/site-packages/airflow/example_dags/example_latest_only_with_trigger.py for tasks to queue
[2025-01-19T04:20:27.383+0000] {logging_mixin.py:190} INFO - [2025-01-19T04:20:27.382+0000] {dagbag.py:588} INFO - Filling up the DagBag from /home/airflow/.local/lib/python3.12/site-packages/airflow/example_dags/example_latest_only_with_trigger.py
[2025-01-19T04:20:27.404+0000] {processor.py:925} INFO - DAG(s) 'latest_only_with_trigger' retrieved from /home/airflow/.local/lib/python3.12/site-packages/airflow/example_dags/example_latest_only_with_trigger.py
[2025-01-19T04:20:27.456+0000] {logging_mixin.py:190} INFO - [2025-01-19T04:20:27.456+0000] {dag.py:3239} INFO - Sync 1 DAGs
[2025-01-19T04:20:27.516+0000] {logging_mixin.py:190} INFO - [2025-01-19T04:20:27.515+0000] {dag.py:4180} INFO - Setting next_dagrun for latest_only_with_trigger to 2025-01-19 00:00:00+00:00, run_after=2025-01-19 04:00:00+00:00
[2025-01-19T04:20:27.603+0000] {processor.py:208} INFO - Processing /home/airflow/.local/lib/python3.12/site-packages/airflow/example_dags/example_latest_only_with_trigger.py took 0.241 seconds
[2025-01-19T04:21:23.910+0000] {processor.py:186} INFO - Started process (PID=1014) to work on /home/airflow/.local/lib/python3.12/site-packages/airflow/example_dags/example_latest_only_with_trigger.py
[2025-01-19T04:21:23.914+0000] {processor.py:914} INFO - Processing file /home/airflow/.local/lib/python3.12/site-packages/airflow/example_dags/example_latest_only_with_trigger.py for tasks to queue
[2025-01-19T04:21:23.921+0000] {logging_mixin.py:190} INFO - [2025-01-19T04:21:23.920+0000] {dagbag.py:588} INFO - Filling up the DagBag from /home/airflow/.local/lib/python3.12/site-packages/airflow/example_dags/example_latest_only_with_trigger.py
[2025-01-19T04:21:23.947+0000] {processor.py:925} INFO - DAG(s) 'latest_only_with_trigger' retrieved from /home/airflow/.local/lib/python3.12/site-packages/airflow/example_dags/example_latest_only_with_trigger.py
[2025-01-19T04:21:24.016+0000] {logging_mixin.py:190} INFO - [2025-01-19T04:21:24.015+0000] {dag.py:3239} INFO - Sync 1 DAGs
[2025-01-19T04:21:24.101+0000] {logging_mixin.py:190} INFO - [2025-01-19T04:21:24.100+0000] {dag.py:4180} INFO - Setting next_dagrun for latest_only_with_trigger to 2025-01-19 00:00:00+00:00, run_after=2025-01-19 04:00:00+00:00
[2025-01-19T04:21:24.158+0000] {processor.py:208} INFO - Processing /home/airflow/.local/lib/python3.12/site-packages/airflow/example_dags/example_latest_only_with_trigger.py took 0.276 seconds
[2025-01-19T04:27:29.920+0000] {processor.py:186} INFO - Started process (PID=69) to work on /home/airflow/.local/lib/python3.12/site-packages/airflow/example_dags/example_latest_only_with_trigger.py
[2025-01-19T04:27:29.923+0000] {processor.py:914} INFO - Processing file /home/airflow/.local/lib/python3.12/site-packages/airflow/example_dags/example_latest_only_with_trigger.py for tasks to queue
[2025-01-19T04:27:29.952+0000] {logging_mixin.py:190} INFO - [2025-01-19T04:27:29.952+0000] {dagbag.py:588} INFO - Filling up the DagBag from /home/airflow/.local/lib/python3.12/site-packages/airflow/example_dags/example_latest_only_with_trigger.py
[2025-01-19T04:27:30.000+0000] {processor.py:925} INFO - DAG(s) 'latest_only_with_trigger' retrieved from /home/airflow/.local/lib/python3.12/site-packages/airflow/example_dags/example_latest_only_with_trigger.py
[2025-01-19T04:27:30.408+0000] {logging_mixin.py:190} INFO - [2025-01-19T04:27:30.407+0000] {override.py:1911} INFO - Created Permission View: can delete on DAG:latest_only_with_trigger
[2025-01-19T04:27:30.511+0000] {logging_mixin.py:190} INFO - [2025-01-19T04:27:30.509+0000] {override.py:1911} INFO - Created Permission View: can edit on DAG:latest_only_with_trigger
[2025-01-19T04:27:30.550+0000] {logging_mixin.py:190} INFO - [2025-01-19T04:27:30.550+0000] {override.py:1911} INFO - Created Permission View: can read on DAG:latest_only_with_trigger
[2025-01-19T04:27:30.586+0000] {logging_mixin.py:190} INFO - [2025-01-19T04:27:30.585+0000] {override.py:1911} INFO - Created Permission View: can create on DAG Run:latest_only_with_trigger
[2025-01-19T04:27:30.624+0000] {logging_mixin.py:190} INFO - [2025-01-19T04:27:30.621+0000] {override.py:1911} INFO - Created Permission View: menu access on DAG Run:latest_only_with_trigger
[2025-01-19T04:27:30.658+0000] {logging_mixin.py:190} INFO - [2025-01-19T04:27:30.658+0000] {override.py:1911} INFO - Created Permission View: can delete on DAG Run:latest_only_with_trigger
[2025-01-19T04:27:30.694+0000] {logging_mixin.py:190} INFO - [2025-01-19T04:27:30.693+0000] {override.py:1911} INFO - Created Permission View: can read on DAG Run:latest_only_with_trigger
[2025-01-19T04:27:30.696+0000] {logging_mixin.py:190} INFO - [2025-01-19T04:27:30.695+0000] {dag.py:3239} INFO - Sync 1 DAGs
[2025-01-19T04:27:30.756+0000] {logging_mixin.py:190} INFO - [2025-01-19T04:27:30.756+0000] {dag.py:3262} INFO - Creating ORM DAG for latest_only_with_trigger
[2025-01-19T04:27:30.797+0000] {logging_mixin.py:190} INFO - [2025-01-19T04:27:30.796+0000] {dag.py:4180} INFO - Setting next_dagrun for latest_only_with_trigger to 2025-01-19 00:00:00+00:00, run_after=2025-01-19 04:00:00+00:00
[2025-01-19T04:27:30.840+0000] {processor.py:208} INFO - Processing /home/airflow/.local/lib/python3.12/site-packages/airflow/example_dags/example_latest_only_with_trigger.py took 0.950 seconds
[2025-01-19T04:28:25.931+0000] {processor.py:186} INFO - Started process (PID=138) to work on /home/airflow/.local/lib/python3.12/site-packages/airflow/example_dags/example_latest_only_with_trigger.py
[2025-01-19T04:28:25.956+0000] {processor.py:914} INFO - Processing file /home/airflow/.local/lib/python3.12/site-packages/airflow/example_dags/example_latest_only_with_trigger.py for tasks to queue
[2025-01-19T04:28:25.964+0000] {logging_mixin.py:190} INFO - [2025-01-19T04:28:25.962+0000] {dagbag.py:588} INFO - Filling up the DagBag from /home/airflow/.local/lib/python3.12/site-packages/airflow/example_dags/example_latest_only_with_trigger.py
[2025-01-19T04:28:26.025+0000] {processor.py:925} INFO - DAG(s) 'latest_only_with_trigger' retrieved from /home/airflow/.local/lib/python3.12/site-packages/airflow/example_dags/example_latest_only_with_trigger.py
[2025-01-19T04:28:26.112+0000] {logging_mixin.py:190} INFO - [2025-01-19T04:28:26.112+0000] {dag.py:3239} INFO - Sync 1 DAGs
[2025-01-19T04:28:26.178+0000] {logging_mixin.py:190} INFO - [2025-01-19T04:28:26.178+0000] {dag.py:4180} INFO - Setting next_dagrun for latest_only_with_trigger to 2025-01-19 00:00:00+00:00, run_after=2025-01-19 04:00:00+00:00
[2025-01-19T04:28:26.263+0000] {processor.py:208} INFO - Processing /home/airflow/.local/lib/python3.12/site-packages/airflow/example_dags/example_latest_only_with_trigger.py took 0.353 seconds
[2025-01-19T04:28:58.162+0000] {processor.py:186} INFO - Started process (PID=201) to work on /home/airflow/.local/lib/python3.12/site-packages/airflow/example_dags/example_latest_only_with_trigger.py
[2025-01-19T04:28:58.165+0000] {processor.py:914} INFO - Processing file /home/airflow/.local/lib/python3.12/site-packages/airflow/example_dags/example_latest_only_with_trigger.py for tasks to queue
[2025-01-19T04:28:58.174+0000] {logging_mixin.py:190} INFO - [2025-01-19T04:28:58.170+0000] {dagbag.py:588} INFO - Filling up the DagBag from /home/airflow/.local/lib/python3.12/site-packages/airflow/example_dags/example_latest_only_with_trigger.py
[2025-01-19T04:28:58.201+0000] {processor.py:925} INFO - DAG(s) 'latest_only_with_trigger' retrieved from /home/airflow/.local/lib/python3.12/site-packages/airflow/example_dags/example_latest_only_with_trigger.py
[2025-01-19T04:28:58.260+0000] {logging_mixin.py:190} INFO - [2025-01-19T04:28:58.259+0000] {dag.py:3239} INFO - Sync 1 DAGs
[2025-01-19T04:28:58.329+0000] {logging_mixin.py:190} INFO - [2025-01-19T04:28:58.328+0000] {dag.py:4180} INFO - Setting next_dagrun for latest_only_with_trigger to 2025-01-19 00:00:00+00:00, run_after=2025-01-19 04:00:00+00:00
[2025-01-19T04:28:58.384+0000] {processor.py:208} INFO - Processing /home/airflow/.local/lib/python3.12/site-packages/airflow/example_dags/example_latest_only_with_trigger.py took 0.238 seconds
[2025-01-19T04:29:28.706+0000] {processor.py:186} INFO - Started process (PID=264) to work on /home/airflow/.local/lib/python3.12/site-packages/airflow/example_dags/example_latest_only_with_trigger.py
[2025-01-19T04:29:28.708+0000] {processor.py:914} INFO - Processing file /home/airflow/.local/lib/python3.12/site-packages/airflow/example_dags/example_latest_only_with_trigger.py for tasks to queue
[2025-01-19T04:29:28.716+0000] {logging_mixin.py:190} INFO - [2025-01-19T04:29:28.713+0000] {dagbag.py:588} INFO - Filling up the DagBag from /home/airflow/.local/lib/python3.12/site-packages/airflow/example_dags/example_latest_only_with_trigger.py
[2025-01-19T04:29:28.735+0000] {processor.py:925} INFO - DAG(s) 'latest_only_with_trigger' retrieved from /home/airflow/.local/lib/python3.12/site-packages/airflow/example_dags/example_latest_only_with_trigger.py
[2025-01-19T04:29:28.788+0000] {logging_mixin.py:190} INFO - [2025-01-19T04:29:28.788+0000] {dag.py:3239} INFO - Sync 1 DAGs
[2025-01-19T04:29:28.869+0000] {logging_mixin.py:190} INFO - [2025-01-19T04:29:28.868+0000] {dag.py:4180} INFO - Setting next_dagrun for latest_only_with_trigger to 2025-01-19 00:00:00+00:00, run_after=2025-01-19 04:00:00+00:00
[2025-01-19T04:29:28.923+0000] {processor.py:208} INFO - Processing /home/airflow/.local/lib/python3.12/site-packages/airflow/example_dags/example_latest_only_with_trigger.py took 0.235 seconds
[2025-01-19T04:30:07.635+0000] {processor.py:186} INFO - Started process (PID=304) to work on /home/airflow/.local/lib/python3.12/site-packages/airflow/example_dags/example_latest_only_with_trigger.py
[2025-01-19T04:30:07.653+0000] {processor.py:914} INFO - Processing file /home/airflow/.local/lib/python3.12/site-packages/airflow/example_dags/example_latest_only_with_trigger.py for tasks to queue
[2025-01-19T04:30:07.702+0000] {logging_mixin.py:190} INFO - [2025-01-19T04:30:07.701+0000] {dagbag.py:588} INFO - Filling up the DagBag from /home/airflow/.local/lib/python3.12/site-packages/airflow/example_dags/example_latest_only_with_trigger.py
[2025-01-19T04:30:07.729+0000] {processor.py:925} INFO - DAG(s) 'latest_only_with_trigger' retrieved from /home/airflow/.local/lib/python3.12/site-packages/airflow/example_dags/example_latest_only_with_trigger.py
[2025-01-19T04:30:07.833+0000] {logging_mixin.py:190} INFO - [2025-01-19T04:30:07.832+0000] {dag.py:3239} INFO - Sync 1 DAGs
[2025-01-19T04:30:07.965+0000] {logging_mixin.py:190} INFO - [2025-01-19T04:30:07.964+0000] {dag.py:4180} INFO - Setting next_dagrun for latest_only_with_trigger to 2025-01-19 00:00:00+00:00, run_after=2025-01-19 04:00:00+00:00
[2025-01-19T04:30:08.109+0000] {processor.py:208} INFO - Processing /home/airflow/.local/lib/python3.12/site-packages/airflow/example_dags/example_latest_only_with_trigger.py took 0.495 seconds
[2025-01-19T04:30:40.630+0000] {processor.py:186} INFO - Started process (PID=363) to work on /home/airflow/.local/lib/python3.12/site-packages/airflow/example_dags/example_latest_only_with_trigger.py
[2025-01-19T04:30:40.633+0000] {processor.py:914} INFO - Processing file /home/airflow/.local/lib/python3.12/site-packages/airflow/example_dags/example_latest_only_with_trigger.py for tasks to queue
[2025-01-19T04:30:40.639+0000] {logging_mixin.py:190} INFO - [2025-01-19T04:30:40.638+0000] {dagbag.py:588} INFO - Filling up the DagBag from /home/airflow/.local/lib/python3.12/site-packages/airflow/example_dags/example_latest_only_with_trigger.py
[2025-01-19T04:30:40.659+0000] {processor.py:925} INFO - DAG(s) 'latest_only_with_trigger' retrieved from /home/airflow/.local/lib/python3.12/site-packages/airflow/example_dags/example_latest_only_with_trigger.py
[2025-01-19T04:30:40.704+0000] {logging_mixin.py:190} INFO - [2025-01-19T04:30:40.704+0000] {dag.py:3239} INFO - Sync 1 DAGs
[2025-01-19T04:30:40.782+0000] {logging_mixin.py:190} INFO - [2025-01-19T04:30:40.781+0000] {dag.py:4180} INFO - Setting next_dagrun for latest_only_with_trigger to 2025-01-19 00:00:00+00:00, run_after=2025-01-19 04:00:00+00:00
[2025-01-19T04:30:40.841+0000] {processor.py:208} INFO - Processing /home/airflow/.local/lib/python3.12/site-packages/airflow/example_dags/example_latest_only_with_trigger.py took 0.225 seconds
[2025-01-19T04:31:19.298+0000] {processor.py:186} INFO - Started process (PID=431) to work on /home/airflow/.local/lib/python3.12/site-packages/airflow/example_dags/example_latest_only_with_trigger.py
[2025-01-19T04:31:19.301+0000] {processor.py:914} INFO - Processing file /home/airflow/.local/lib/python3.12/site-packages/airflow/example_dags/example_latest_only_with_trigger.py for tasks to queue
[2025-01-19T04:31:19.308+0000] {logging_mixin.py:190} INFO - [2025-01-19T04:31:19.306+0000] {dagbag.py:588} INFO - Filling up the DagBag from /home/airflow/.local/lib/python3.12/site-packages/airflow/example_dags/example_latest_only_with_trigger.py
[2025-01-19T04:31:19.327+0000] {processor.py:925} INFO - DAG(s) 'latest_only_with_trigger' retrieved from /home/airflow/.local/lib/python3.12/site-packages/airflow/example_dags/example_latest_only_with_trigger.py
[2025-01-19T04:31:19.427+0000] {logging_mixin.py:190} INFO - [2025-01-19T04:31:19.426+0000] {dag.py:3239} INFO - Sync 1 DAGs
[2025-01-19T04:31:19.497+0000] {logging_mixin.py:190} INFO - [2025-01-19T04:31:19.497+0000] {dag.py:4180} INFO - Setting next_dagrun for latest_only_with_trigger to 2025-01-19 00:00:00+00:00, run_after=2025-01-19 04:00:00+00:00
[2025-01-19T04:31:19.543+0000] {processor.py:208} INFO - Processing /home/airflow/.local/lib/python3.12/site-packages/airflow/example_dags/example_latest_only_with_trigger.py took 0.261 seconds
[2025-01-19T04:31:54.427+0000] {processor.py:186} INFO - Started process (PID=494) to work on /home/airflow/.local/lib/python3.12/site-packages/airflow/example_dags/example_latest_only_with_trigger.py
[2025-01-19T04:31:54.429+0000] {processor.py:914} INFO - Processing file /home/airflow/.local/lib/python3.12/site-packages/airflow/example_dags/example_latest_only_with_trigger.py for tasks to queue
[2025-01-19T04:31:54.434+0000] {logging_mixin.py:190} INFO - [2025-01-19T04:31:54.433+0000] {dagbag.py:588} INFO - Filling up the DagBag from /home/airflow/.local/lib/python3.12/site-packages/airflow/example_dags/example_latest_only_with_trigger.py
[2025-01-19T04:31:54.453+0000] {processor.py:925} INFO - DAG(s) 'latest_only_with_trigger' retrieved from /home/airflow/.local/lib/python3.12/site-packages/airflow/example_dags/example_latest_only_with_trigger.py
[2025-01-19T04:31:54.524+0000] {logging_mixin.py:190} INFO - [2025-01-19T04:31:54.524+0000] {dag.py:3239} INFO - Sync 1 DAGs
[2025-01-19T04:31:54.620+0000] {logging_mixin.py:190} INFO - [2025-01-19T04:31:54.620+0000] {dag.py:4180} INFO - Setting next_dagrun for latest_only_with_trigger to 2025-01-19 00:00:00+00:00, run_after=2025-01-19 04:00:00+00:00
[2025-01-19T04:31:54.688+0000] {processor.py:208} INFO - Processing /home/airflow/.local/lib/python3.12/site-packages/airflow/example_dags/example_latest_only_with_trigger.py took 0.275 seconds
[2025-01-19T04:32:26.992+0000] {processor.py:186} INFO - Started process (PID=557) to work on /home/airflow/.local/lib/python3.12/site-packages/airflow/example_dags/example_latest_only_with_trigger.py
[2025-01-19T04:32:27.013+0000] {processor.py:914} INFO - Processing file /home/airflow/.local/lib/python3.12/site-packages/airflow/example_dags/example_latest_only_with_trigger.py for tasks to queue
[2025-01-19T04:32:27.022+0000] {logging_mixin.py:190} INFO - [2025-01-19T04:32:27.021+0000] {dagbag.py:588} INFO - Filling up the DagBag from /home/airflow/.local/lib/python3.12/site-packages/airflow/example_dags/example_latest_only_with_trigger.py
[2025-01-19T04:32:27.057+0000] {processor.py:925} INFO - DAG(s) 'latest_only_with_trigger' retrieved from /home/airflow/.local/lib/python3.12/site-packages/airflow/example_dags/example_latest_only_with_trigger.py
[2025-01-19T04:32:27.121+0000] {logging_mixin.py:190} INFO - [2025-01-19T04:32:27.121+0000] {dag.py:3239} INFO - Sync 1 DAGs
[2025-01-19T04:32:27.245+0000] {logging_mixin.py:190} INFO - [2025-01-19T04:32:27.245+0000] {dag.py:4180} INFO - Setting next_dagrun for latest_only_with_trigger to 2025-01-19 00:00:00+00:00, run_after=2025-01-19 04:00:00+00:00
[2025-01-19T04:32:27.338+0000] {processor.py:208} INFO - Processing /home/airflow/.local/lib/python3.12/site-packages/airflow/example_dags/example_latest_only_with_trigger.py took 0.374 seconds
[2025-01-19T04:33:01.350+0000] {processor.py:186} INFO - Started process (PID=620) to work on /home/airflow/.local/lib/python3.12/site-packages/airflow/example_dags/example_latest_only_with_trigger.py
[2025-01-19T04:33:01.359+0000] {processor.py:914} INFO - Processing file /home/airflow/.local/lib/python3.12/site-packages/airflow/example_dags/example_latest_only_with_trigger.py for tasks to queue
[2025-01-19T04:33:01.369+0000] {logging_mixin.py:190} INFO - [2025-01-19T04:33:01.368+0000] {dagbag.py:588} INFO - Filling up the DagBag from /home/airflow/.local/lib/python3.12/site-packages/airflow/example_dags/example_latest_only_with_trigger.py
[2025-01-19T04:33:01.407+0000] {processor.py:925} INFO - DAG(s) 'latest_only_with_trigger' retrieved from /home/airflow/.local/lib/python3.12/site-packages/airflow/example_dags/example_latest_only_with_trigger.py
[2025-01-19T04:33:01.580+0000] {logging_mixin.py:190} INFO - [2025-01-19T04:33:01.579+0000] {dag.py:3239} INFO - Sync 1 DAGs
[2025-01-19T04:33:01.749+0000] {logging_mixin.py:190} INFO - [2025-01-19T04:33:01.748+0000] {dag.py:4180} INFO - Setting next_dagrun for latest_only_with_trigger to 2025-01-19 00:00:00+00:00, run_after=2025-01-19 04:00:00+00:00
[2025-01-19T04:33:01.881+0000] {processor.py:208} INFO - Processing /home/airflow/.local/lib/python3.12/site-packages/airflow/example_dags/example_latest_only_with_trigger.py took 0.558 seconds
[2025-01-19T04:33:32.783+0000] {processor.py:186} INFO - Started process (PID=683) to work on /home/airflow/.local/lib/python3.12/site-packages/airflow/example_dags/example_latest_only_with_trigger.py
[2025-01-19T04:33:32.786+0000] {processor.py:914} INFO - Processing file /home/airflow/.local/lib/python3.12/site-packages/airflow/example_dags/example_latest_only_with_trigger.py for tasks to queue
[2025-01-19T04:33:32.792+0000] {logging_mixin.py:190} INFO - [2025-01-19T04:33:32.791+0000] {dagbag.py:588} INFO - Filling up the DagBag from /home/airflow/.local/lib/python3.12/site-packages/airflow/example_dags/example_latest_only_with_trigger.py
[2025-01-19T04:33:32.808+0000] {processor.py:925} INFO - DAG(s) 'latest_only_with_trigger' retrieved from /home/airflow/.local/lib/python3.12/site-packages/airflow/example_dags/example_latest_only_with_trigger.py
[2025-01-19T04:33:32.853+0000] {logging_mixin.py:190} INFO - [2025-01-19T04:33:32.852+0000] {dag.py:3239} INFO - Sync 1 DAGs
[2025-01-19T04:33:32.907+0000] {logging_mixin.py:190} INFO - [2025-01-19T04:33:32.907+0000] {dag.py:4180} INFO - Setting next_dagrun for latest_only_with_trigger to 2025-01-19 00:00:00+00:00, run_after=2025-01-19 04:00:00+00:00
[2025-01-19T04:33:33.087+0000] {processor.py:208} INFO - Processing /home/airflow/.local/lib/python3.12/site-packages/airflow/example_dags/example_latest_only_with_trigger.py took 0.323 seconds
[2025-01-19T04:34:03.464+0000] {processor.py:186} INFO - Started process (PID=746) to work on /home/airflow/.local/lib/python3.12/site-packages/airflow/example_dags/example_latest_only_with_trigger.py
[2025-01-19T04:34:03.468+0000] {processor.py:914} INFO - Processing file /home/airflow/.local/lib/python3.12/site-packages/airflow/example_dags/example_latest_only_with_trigger.py for tasks to queue
[2025-01-19T04:34:03.476+0000] {logging_mixin.py:190} INFO - [2025-01-19T04:34:03.475+0000] {dagbag.py:588} INFO - Filling up the DagBag from /home/airflow/.local/lib/python3.12/site-packages/airflow/example_dags/example_latest_only_with_trigger.py
[2025-01-19T04:34:03.515+0000] {processor.py:925} INFO - DAG(s) 'latest_only_with_trigger' retrieved from /home/airflow/.local/lib/python3.12/site-packages/airflow/example_dags/example_latest_only_with_trigger.py
[2025-01-19T04:34:03.603+0000] {logging_mixin.py:190} INFO - [2025-01-19T04:34:03.603+0000] {dag.py:3239} INFO - Sync 1 DAGs
[2025-01-19T04:34:03.730+0000] {logging_mixin.py:190} INFO - [2025-01-19T04:34:03.729+0000] {dag.py:4180} INFO - Setting next_dagrun for latest_only_with_trigger to 2025-01-19 00:00:00+00:00, run_after=2025-01-19 04:00:00+00:00
[2025-01-19T04:34:03.844+0000] {processor.py:208} INFO - Processing /home/airflow/.local/lib/python3.12/site-packages/airflow/example_dags/example_latest_only_with_trigger.py took 0.416 seconds
[2025-01-19T04:34:34.214+0000] {processor.py:186} INFO - Started process (PID=810) to work on /home/airflow/.local/lib/python3.12/site-packages/airflow/example_dags/example_latest_only_with_trigger.py
[2025-01-19T04:34:34.217+0000] {processor.py:914} INFO - Processing file /home/airflow/.local/lib/python3.12/site-packages/airflow/example_dags/example_latest_only_with_trigger.py for tasks to queue
[2025-01-19T04:34:34.230+0000] {logging_mixin.py:190} INFO - [2025-01-19T04:34:34.229+0000] {dagbag.py:588} INFO - Filling up the DagBag from /home/airflow/.local/lib/python3.12/site-packages/airflow/example_dags/example_latest_only_with_trigger.py
[2025-01-19T04:34:34.251+0000] {processor.py:925} INFO - DAG(s) 'latest_only_with_trigger' retrieved from /home/airflow/.local/lib/python3.12/site-packages/airflow/example_dags/example_latest_only_with_trigger.py
[2025-01-19T04:34:34.311+0000] {logging_mixin.py:190} INFO - [2025-01-19T04:34:34.311+0000] {dag.py:3239} INFO - Sync 1 DAGs
[2025-01-19T04:34:34.370+0000] {logging_mixin.py:190} INFO - [2025-01-19T04:34:34.369+0000] {dag.py:4180} INFO - Setting next_dagrun for latest_only_with_trigger to 2025-01-19 00:00:00+00:00, run_after=2025-01-19 04:00:00+00:00
[2025-01-19T04:34:34.513+0000] {processor.py:208} INFO - Processing /home/airflow/.local/lib/python3.12/site-packages/airflow/example_dags/example_latest_only_with_trigger.py took 0.315 seconds
[2025-01-19T04:35:10.485+0000] {processor.py:186} INFO - Started process (PID=877) to work on /home/airflow/.local/lib/python3.12/site-packages/airflow/example_dags/example_latest_only_with_trigger.py
[2025-01-19T04:35:10.504+0000] {processor.py:914} INFO - Processing file /home/airflow/.local/lib/python3.12/site-packages/airflow/example_dags/example_latest_only_with_trigger.py for tasks to queue
[2025-01-19T04:35:10.535+0000] {logging_mixin.py:190} INFO - [2025-01-19T04:35:10.534+0000] {dagbag.py:588} INFO - Filling up the DagBag from /home/airflow/.local/lib/python3.12/site-packages/airflow/example_dags/example_latest_only_with_trigger.py
[2025-01-19T04:35:10.616+0000] {processor.py:925} INFO - DAG(s) 'latest_only_with_trigger' retrieved from /home/airflow/.local/lib/python3.12/site-packages/airflow/example_dags/example_latest_only_with_trigger.py
[2025-01-19T04:35:10.829+0000] {logging_mixin.py:190} INFO - [2025-01-19T04:35:10.828+0000] {dag.py:3239} INFO - Sync 1 DAGs
[2025-01-19T04:35:11.052+0000] {logging_mixin.py:190} INFO - [2025-01-19T04:35:11.051+0000] {dag.py:4180} INFO - Setting next_dagrun for latest_only_with_trigger to 2025-01-19 00:00:00+00:00, run_after=2025-01-19 04:00:00+00:00
[2025-01-19T04:35:11.204+0000] {processor.py:208} INFO - Processing /home/airflow/.local/lib/python3.12/site-packages/airflow/example_dags/example_latest_only_with_trigger.py took 0.842 seconds
[2025-01-19T04:35:48.833+0000] {processor.py:186} INFO - Started process (PID=939) to work on /home/airflow/.local/lib/python3.12/site-packages/airflow/example_dags/example_latest_only_with_trigger.py
[2025-01-19T04:35:48.903+0000] {processor.py:914} INFO - Processing file /home/airflow/.local/lib/python3.12/site-packages/airflow/example_dags/example_latest_only_with_trigger.py for tasks to queue
[2025-01-19T04:35:48.965+0000] {logging_mixin.py:190} INFO - [2025-01-19T04:35:48.964+0000] {dagbag.py:588} INFO - Filling up the DagBag from /home/airflow/.local/lib/python3.12/site-packages/airflow/example_dags/example_latest_only_with_trigger.py
[2025-01-19T04:35:49.018+0000] {processor.py:925} INFO - DAG(s) 'latest_only_with_trigger' retrieved from /home/airflow/.local/lib/python3.12/site-packages/airflow/example_dags/example_latest_only_with_trigger.py
[2025-01-19T04:35:49.208+0000] {logging_mixin.py:190} INFO - [2025-01-19T04:35:49.208+0000] {dag.py:3239} INFO - Sync 1 DAGs
[2025-01-19T04:35:49.345+0000] {logging_mixin.py:190} INFO - [2025-01-19T04:35:49.345+0000] {dag.py:4180} INFO - Setting next_dagrun for latest_only_with_trigger to 2025-01-19 00:00:00+00:00, run_after=2025-01-19 04:00:00+00:00
[2025-01-19T04:35:49.458+0000] {processor.py:208} INFO - Processing /home/airflow/.local/lib/python3.12/site-packages/airflow/example_dags/example_latest_only_with_trigger.py took 0.680 seconds
[2025-01-19T04:36:20.270+0000] {processor.py:186} INFO - Started process (PID=1002) to work on /home/airflow/.local/lib/python3.12/site-packages/airflow/example_dags/example_latest_only_with_trigger.py
[2025-01-19T04:36:20.273+0000] {processor.py:914} INFO - Processing file /home/airflow/.local/lib/python3.12/site-packages/airflow/example_dags/example_latest_only_with_trigger.py for tasks to queue
[2025-01-19T04:36:20.278+0000] {logging_mixin.py:190} INFO - [2025-01-19T04:36:20.277+0000] {dagbag.py:588} INFO - Filling up the DagBag from /home/airflow/.local/lib/python3.12/site-packages/airflow/example_dags/example_latest_only_with_trigger.py
[2025-01-19T04:36:20.297+0000] {processor.py:925} INFO - DAG(s) 'latest_only_with_trigger' retrieved from /home/airflow/.local/lib/python3.12/site-packages/airflow/example_dags/example_latest_only_with_trigger.py
[2025-01-19T04:36:20.374+0000] {logging_mixin.py:190} INFO - [2025-01-19T04:36:20.374+0000] {dag.py:3239} INFO - Sync 1 DAGs
[2025-01-19T04:36:20.492+0000] {logging_mixin.py:190} INFO - [2025-01-19T04:36:20.491+0000] {dag.py:4180} INFO - Setting next_dagrun for latest_only_with_trigger to 2025-01-19 00:00:00+00:00, run_after=2025-01-19 04:00:00+00:00
[2025-01-19T04:36:20.587+0000] {processor.py:208} INFO - Processing /home/airflow/.local/lib/python3.12/site-packages/airflow/example_dags/example_latest_only_with_trigger.py took 0.331 seconds
[2025-01-19T04:41:06.649+0000] {processor.py:186} INFO - Started process (PID=1078) to work on /home/airflow/.local/lib/python3.12/site-packages/airflow/example_dags/example_latest_only_with_trigger.py
[2025-01-19T04:41:06.652+0000] {processor.py:914} INFO - Processing file /home/airflow/.local/lib/python3.12/site-packages/airflow/example_dags/example_latest_only_with_trigger.py for tasks to queue
[2025-01-19T04:41:06.655+0000] {logging_mixin.py:190} INFO - [2025-01-19T04:41:06.654+0000] {dagbag.py:588} INFO - Filling up the DagBag from /home/airflow/.local/lib/python3.12/site-packages/airflow/example_dags/example_latest_only_with_trigger.py
[2025-01-19T04:41:06.684+0000] {processor.py:925} INFO - DAG(s) 'latest_only_with_trigger' retrieved from /home/airflow/.local/lib/python3.12/site-packages/airflow/example_dags/example_latest_only_with_trigger.py
[2025-01-19T04:41:06.769+0000] {logging_mixin.py:190} INFO - [2025-01-19T04:41:06.768+0000] {dag.py:3239} INFO - Sync 1 DAGs
[2025-01-19T04:41:06.859+0000] {logging_mixin.py:190} INFO - [2025-01-19T04:41:06.858+0000] {dag.py:4180} INFO - Setting next_dagrun for latest_only_with_trigger to 2025-01-19 00:00:00+00:00, run_after=2025-01-19 04:00:00+00:00
[2025-01-19T04:41:06.931+0000] {processor.py:208} INFO - Processing /home/airflow/.local/lib/python3.12/site-packages/airflow/example_dags/example_latest_only_with_trigger.py took 0.300 seconds
[2025-01-19T04:41:44.351+0000] {processor.py:186} INFO - Started process (PID=1138) to work on /home/airflow/.local/lib/python3.12/site-packages/airflow/example_dags/example_latest_only_with_trigger.py
[2025-01-19T04:41:44.366+0000] {processor.py:914} INFO - Processing file /home/airflow/.local/lib/python3.12/site-packages/airflow/example_dags/example_latest_only_with_trigger.py for tasks to queue
[2025-01-19T04:41:44.397+0000] {logging_mixin.py:190} INFO - [2025-01-19T04:41:44.394+0000] {dagbag.py:588} INFO - Filling up the DagBag from /home/airflow/.local/lib/python3.12/site-packages/airflow/example_dags/example_latest_only_with_trigger.py
[2025-01-19T04:41:44.464+0000] {processor.py:925} INFO - DAG(s) 'latest_only_with_trigger' retrieved from /home/airflow/.local/lib/python3.12/site-packages/airflow/example_dags/example_latest_only_with_trigger.py
[2025-01-19T04:41:44.574+0000] {logging_mixin.py:190} INFO - [2025-01-19T04:41:44.573+0000] {dag.py:3239} INFO - Sync 1 DAGs
[2025-01-19T04:41:44.731+0000] {logging_mixin.py:190} INFO - [2025-01-19T04:41:44.729+0000] {dag.py:4180} INFO - Setting next_dagrun for latest_only_with_trigger to 2025-01-19 00:00:00+00:00, run_after=2025-01-19 04:00:00+00:00
[2025-01-19T04:41:44.907+0000] {processor.py:208} INFO - Processing /home/airflow/.local/lib/python3.12/site-packages/airflow/example_dags/example_latest_only_with_trigger.py took 0.582 seconds
