[2025-01-19T04:12:53.482+0000] {processor.py:186} INFO - Started process (PID=451) to work on /home/airflow/.local/lib/python3.12/site-packages/airflow/example_dags/example_bash_decorator.py
[2025-01-19T04:12:53.487+0000] {processor.py:914} INFO - Processing file /home/airflow/.local/lib/python3.12/site-packages/airflow/example_dags/example_bash_decorator.py for tasks to queue
[2025-01-19T04:12:53.492+0000] {logging_mixin.py:190} INFO - [2025-01-19T04:12:53.491+0000] {dagbag.py:588} INFO - Filling up the DagBag from /home/airflow/.local/lib/python3.12/site-packages/airflow/example_dags/example_bash_decorator.py
[2025-01-19T04:12:53.543+0000] {processor.py:925} INFO - DAG(s) 'example_bash_decorator' retrieved from /home/airflow/.local/lib/python3.12/site-packages/airflow/example_dags/example_bash_decorator.py
[2025-01-19T04:12:53.618+0000] {logging_mixin.py:190} INFO - [2025-01-19T04:12:53.617+0000] {dag.py:3239} INFO - Sync 1 DAGs
[2025-01-19T04:12:53.684+0000] {logging_mixin.py:190} INFO - [2025-01-19T04:12:53.684+0000] {dag.py:4180} INFO - Setting next_dagrun for example_bash_decorator to None, run_after=None
[2025-01-19T04:12:53.774+0000] {processor.py:208} INFO - Processing /home/airflow/.local/lib/python3.12/site-packages/airflow/example_dags/example_bash_decorator.py took 0.308 seconds
[2025-01-19T04:13:28.431+0000] {processor.py:186} INFO - Started process (PID=512) to work on /home/airflow/.local/lib/python3.12/site-packages/airflow/example_dags/example_bash_decorator.py
[2025-01-19T04:13:28.434+0000] {processor.py:914} INFO - Processing file /home/airflow/.local/lib/python3.12/site-packages/airflow/example_dags/example_bash_decorator.py for tasks to queue
[2025-01-19T04:13:28.438+0000] {logging_mixin.py:190} INFO - [2025-01-19T04:13:28.438+0000] {dagbag.py:588} INFO - Filling up the DagBag from /home/airflow/.local/lib/python3.12/site-packages/airflow/example_dags/example_bash_decorator.py
[2025-01-19T04:13:28.479+0000] {processor.py:925} INFO - DAG(s) 'example_bash_decorator' retrieved from /home/airflow/.local/lib/python3.12/site-packages/airflow/example_dags/example_bash_decorator.py
[2025-01-19T04:13:28.530+0000] {logging_mixin.py:190} INFO - [2025-01-19T04:13:28.530+0000] {dag.py:3239} INFO - Sync 1 DAGs
[2025-01-19T04:13:28.559+0000] {logging_mixin.py:190} INFO - [2025-01-19T04:13:28.558+0000] {dag.py:4180} INFO - Setting next_dagrun for example_bash_decorator to None, run_after=None
[2025-01-19T04:13:28.598+0000] {processor.py:208} INFO - Processing /home/airflow/.local/lib/python3.12/site-packages/airflow/example_dags/example_bash_decorator.py took 0.178 seconds
[2025-01-19T04:14:02.745+0000] {processor.py:186} INFO - Started process (PID=566) to work on /home/airflow/.local/lib/python3.12/site-packages/airflow/example_dags/example_bash_decorator.py
[2025-01-19T04:14:02.747+0000] {processor.py:914} INFO - Processing file /home/airflow/.local/lib/python3.12/site-packages/airflow/example_dags/example_bash_decorator.py for tasks to queue
[2025-01-19T04:14:02.761+0000] {logging_mixin.py:190} INFO - [2025-01-19T04:14:02.760+0000] {dagbag.py:588} INFO - Filling up the DagBag from /home/airflow/.local/lib/python3.12/site-packages/airflow/example_dags/example_bash_decorator.py
[2025-01-19T04:14:02.863+0000] {processor.py:925} INFO - DAG(s) 'example_bash_decorator' retrieved from /home/airflow/.local/lib/python3.12/site-packages/airflow/example_dags/example_bash_decorator.py
[2025-01-19T04:14:02.986+0000] {logging_mixin.py:190} INFO - [2025-01-19T04:14:02.985+0000] {dag.py:3239} INFO - Sync 1 DAGs
[2025-01-19T04:14:03.069+0000] {logging_mixin.py:190} INFO - [2025-01-19T04:14:03.069+0000] {dag.py:4180} INFO - Setting next_dagrun for example_bash_decorator to None, run_after=None
[2025-01-19T04:14:03.175+0000] {processor.py:208} INFO - Processing /home/airflow/.local/lib/python3.12/site-packages/airflow/example_dags/example_bash_decorator.py took 0.457 seconds
[2025-01-19T04:15:17.004+0000] {processor.py:186} INFO - Started process (PID=631) to work on /home/airflow/.local/lib/python3.12/site-packages/airflow/example_dags/example_bash_decorator.py
[2025-01-19T04:15:17.006+0000] {processor.py:914} INFO - Processing file /home/airflow/.local/lib/python3.12/site-packages/airflow/example_dags/example_bash_decorator.py for tasks to queue
[2025-01-19T04:15:17.013+0000] {logging_mixin.py:190} INFO - [2025-01-19T04:15:17.012+0000] {dagbag.py:588} INFO - Filling up the DagBag from /home/airflow/.local/lib/python3.12/site-packages/airflow/example_dags/example_bash_decorator.py
[2025-01-19T04:15:17.149+0000] {processor.py:925} INFO - DAG(s) 'example_bash_decorator' retrieved from /home/airflow/.local/lib/python3.12/site-packages/airflow/example_dags/example_bash_decorator.py
[2025-01-19T04:15:17.452+0000] {logging_mixin.py:190} INFO - [2025-01-19T04:15:17.452+0000] {dag.py:3239} INFO - Sync 1 DAGs
[2025-01-19T04:15:17.489+0000] {logging_mixin.py:190} INFO - [2025-01-19T04:15:17.488+0000] {dag.py:4180} INFO - Setting next_dagrun for example_bash_decorator to None, run_after=None
[2025-01-19T04:15:17.541+0000] {processor.py:208} INFO - Processing /home/airflow/.local/lib/python3.12/site-packages/airflow/example_dags/example_bash_decorator.py took 0.570 seconds
[2025-01-19T04:18:17.061+0000] {processor.py:186} INFO - Started process (PID=688) to work on /home/airflow/.local/lib/python3.12/site-packages/airflow/example_dags/example_bash_decorator.py
[2025-01-19T04:18:17.083+0000] {processor.py:914} INFO - Processing file /home/airflow/.local/lib/python3.12/site-packages/airflow/example_dags/example_bash_decorator.py for tasks to queue
[2025-01-19T04:18:17.090+0000] {logging_mixin.py:190} INFO - [2025-01-19T04:18:17.089+0000] {dagbag.py:588} INFO - Filling up the DagBag from /home/airflow/.local/lib/python3.12/site-packages/airflow/example_dags/example_bash_decorator.py
[2025-01-19T04:18:17.279+0000] {processor.py:925} INFO - DAG(s) 'example_bash_decorator' retrieved from /home/airflow/.local/lib/python3.12/site-packages/airflow/example_dags/example_bash_decorator.py
[2025-01-19T04:18:17.455+0000] {logging_mixin.py:190} INFO - [2025-01-19T04:18:17.454+0000] {dag.py:3239} INFO - Sync 1 DAGs
[2025-01-19T04:18:17.561+0000] {logging_mixin.py:190} INFO - [2025-01-19T04:18:17.561+0000] {dag.py:4180} INFO - Setting next_dagrun for example_bash_decorator to None, run_after=None
[2025-01-19T04:18:17.648+0000] {processor.py:208} INFO - Processing /home/airflow/.local/lib/python3.12/site-packages/airflow/example_dags/example_bash_decorator.py took 0.613 seconds
[2025-01-19T04:18:53.311+0000] {processor.py:186} INFO - Started process (PID=751) to work on /home/airflow/.local/lib/python3.12/site-packages/airflow/example_dags/example_bash_decorator.py
[2025-01-19T04:18:53.320+0000] {processor.py:914} INFO - Processing file /home/airflow/.local/lib/python3.12/site-packages/airflow/example_dags/example_bash_decorator.py for tasks to queue
[2025-01-19T04:18:53.339+0000] {logging_mixin.py:190} INFO - [2025-01-19T04:18:53.338+0000] {dagbag.py:588} INFO - Filling up the DagBag from /home/airflow/.local/lib/python3.12/site-packages/airflow/example_dags/example_bash_decorator.py
[2025-01-19T04:18:53.406+0000] {processor.py:925} INFO - DAG(s) 'example_bash_decorator' retrieved from /home/airflow/.local/lib/python3.12/site-packages/airflow/example_dags/example_bash_decorator.py
[2025-01-19T04:18:53.494+0000] {logging_mixin.py:190} INFO - [2025-01-19T04:18:53.493+0000] {dag.py:3239} INFO - Sync 1 DAGs
[2025-01-19T04:18:53.557+0000] {logging_mixin.py:190} INFO - [2025-01-19T04:18:53.557+0000] {dag.py:4180} INFO - Setting next_dagrun for example_bash_decorator to None, run_after=None
[2025-01-19T04:18:53.619+0000] {processor.py:208} INFO - Processing /home/airflow/.local/lib/python3.12/site-packages/airflow/example_dags/example_bash_decorator.py took 0.360 seconds
[2025-01-19T04:19:24.629+0000] {processor.py:186} INFO - Started process (PID=814) to work on /home/airflow/.local/lib/python3.12/site-packages/airflow/example_dags/example_bash_decorator.py
[2025-01-19T04:19:24.640+0000] {processor.py:914} INFO - Processing file /home/airflow/.local/lib/python3.12/site-packages/airflow/example_dags/example_bash_decorator.py for tasks to queue
[2025-01-19T04:19:24.645+0000] {logging_mixin.py:190} INFO - [2025-01-19T04:19:24.644+0000] {dagbag.py:588} INFO - Filling up the DagBag from /home/airflow/.local/lib/python3.12/site-packages/airflow/example_dags/example_bash_decorator.py
[2025-01-19T04:19:24.704+0000] {processor.py:925} INFO - DAG(s) 'example_bash_decorator' retrieved from /home/airflow/.local/lib/python3.12/site-packages/airflow/example_dags/example_bash_decorator.py
[2025-01-19T04:19:24.756+0000] {logging_mixin.py:190} INFO - [2025-01-19T04:19:24.756+0000] {dag.py:3239} INFO - Sync 1 DAGs
[2025-01-19T04:19:24.798+0000] {logging_mixin.py:190} INFO - [2025-01-19T04:19:24.797+0000] {dag.py:4180} INFO - Setting next_dagrun for example_bash_decorator to None, run_after=None
[2025-01-19T04:19:24.871+0000] {processor.py:208} INFO - Processing /home/airflow/.local/lib/python3.12/site-packages/airflow/example_dags/example_bash_decorator.py took 0.266 seconds
[2025-01-19T04:19:55.199+0000] {processor.py:186} INFO - Started process (PID=877) to work on /home/airflow/.local/lib/python3.12/site-packages/airflow/example_dags/example_bash_decorator.py
[2025-01-19T04:19:55.203+0000] {processor.py:914} INFO - Processing file /home/airflow/.local/lib/python3.12/site-packages/airflow/example_dags/example_bash_decorator.py for tasks to queue
[2025-01-19T04:19:55.207+0000] {logging_mixin.py:190} INFO - [2025-01-19T04:19:55.206+0000] {dagbag.py:588} INFO - Filling up the DagBag from /home/airflow/.local/lib/python3.12/site-packages/airflow/example_dags/example_bash_decorator.py
[2025-01-19T04:19:55.253+0000] {processor.py:925} INFO - DAG(s) 'example_bash_decorator' retrieved from /home/airflow/.local/lib/python3.12/site-packages/airflow/example_dags/example_bash_decorator.py
[2025-01-19T04:19:55.302+0000] {logging_mixin.py:190} INFO - [2025-01-19T04:19:55.302+0000] {dag.py:3239} INFO - Sync 1 DAGs
[2025-01-19T04:19:55.340+0000] {logging_mixin.py:190} INFO - [2025-01-19T04:19:55.340+0000] {dag.py:4180} INFO - Setting next_dagrun for example_bash_decorator to None, run_after=None
[2025-01-19T04:19:55.382+0000] {processor.py:208} INFO - Processing /home/airflow/.local/lib/python3.12/site-packages/airflow/example_dags/example_bash_decorator.py took 0.197 seconds
[2025-01-19T04:20:25.672+0000] {processor.py:186} INFO - Started process (PID=940) to work on /home/airflow/.local/lib/python3.12/site-packages/airflow/example_dags/example_bash_decorator.py
[2025-01-19T04:20:25.674+0000] {processor.py:914} INFO - Processing file /home/airflow/.local/lib/python3.12/site-packages/airflow/example_dags/example_bash_decorator.py for tasks to queue
[2025-01-19T04:20:25.677+0000] {logging_mixin.py:190} INFO - [2025-01-19T04:20:25.676+0000] {dagbag.py:588} INFO - Filling up the DagBag from /home/airflow/.local/lib/python3.12/site-packages/airflow/example_dags/example_bash_decorator.py
[2025-01-19T04:20:25.716+0000] {processor.py:925} INFO - DAG(s) 'example_bash_decorator' retrieved from /home/airflow/.local/lib/python3.12/site-packages/airflow/example_dags/example_bash_decorator.py
[2025-01-19T04:20:25.761+0000] {logging_mixin.py:190} INFO - [2025-01-19T04:20:25.760+0000] {dag.py:3239} INFO - Sync 1 DAGs
[2025-01-19T04:20:25.793+0000] {logging_mixin.py:190} INFO - [2025-01-19T04:20:25.792+0000] {dag.py:4180} INFO - Setting next_dagrun for example_bash_decorator to None, run_after=None
[2025-01-19T04:20:25.830+0000] {processor.py:208} INFO - Processing /home/airflow/.local/lib/python3.12/site-packages/airflow/example_dags/example_bash_decorator.py took 0.169 seconds
[2025-01-19T04:20:58.330+0000] {processor.py:186} INFO - Started process (PID=992) to work on /home/airflow/.local/lib/python3.12/site-packages/airflow/example_dags/example_bash_decorator.py
[2025-01-19T04:20:58.362+0000] {processor.py:914} INFO - Processing file /home/airflow/.local/lib/python3.12/site-packages/airflow/example_dags/example_bash_decorator.py for tasks to queue
[2025-01-19T04:20:58.371+0000] {logging_mixin.py:190} INFO - [2025-01-19T04:20:58.370+0000] {dagbag.py:588} INFO - Filling up the DagBag from /home/airflow/.local/lib/python3.12/site-packages/airflow/example_dags/example_bash_decorator.py
[2025-01-19T04:20:58.460+0000] {processor.py:925} INFO - DAG(s) 'example_bash_decorator' retrieved from /home/airflow/.local/lib/python3.12/site-packages/airflow/example_dags/example_bash_decorator.py
[2025-01-19T04:20:58.585+0000] {logging_mixin.py:190} INFO - [2025-01-19T04:20:58.584+0000] {dag.py:3239} INFO - Sync 1 DAGs
[2025-01-19T04:20:58.738+0000] {logging_mixin.py:190} INFO - [2025-01-19T04:20:58.738+0000] {dag.py:4180} INFO - Setting next_dagrun for example_bash_decorator to None, run_after=None
[2025-01-19T04:20:58.790+0000] {processor.py:208} INFO - Processing /home/airflow/.local/lib/python3.12/site-packages/airflow/example_dags/example_bash_decorator.py took 0.516 seconds
[2025-01-19T04:21:32.194+0000] {processor.py:186} INFO - Started process (PID=1049) to work on /home/airflow/.local/lib/python3.12/site-packages/airflow/example_dags/example_bash_decorator.py
[2025-01-19T04:21:32.198+0000] {processor.py:914} INFO - Processing file /home/airflow/.local/lib/python3.12/site-packages/airflow/example_dags/example_bash_decorator.py for tasks to queue
[2025-01-19T04:21:32.206+0000] {logging_mixin.py:190} INFO - [2025-01-19T04:21:32.202+0000] {dagbag.py:588} INFO - Filling up the DagBag from /home/airflow/.local/lib/python3.12/site-packages/airflow/example_dags/example_bash_decorator.py
[2025-01-19T04:21:32.290+0000] {processor.py:925} INFO - DAG(s) 'example_bash_decorator' retrieved from /home/airflow/.local/lib/python3.12/site-packages/airflow/example_dags/example_bash_decorator.py
[2025-01-19T04:21:32.435+0000] {logging_mixin.py:190} INFO - [2025-01-19T04:21:32.434+0000] {dag.py:3239} INFO - Sync 1 DAGs
[2025-01-19T04:21:32.478+0000] {logging_mixin.py:190} INFO - [2025-01-19T04:21:32.478+0000] {dag.py:4180} INFO - Setting next_dagrun for example_bash_decorator to None, run_after=None
[2025-01-19T04:21:32.529+0000] {processor.py:208} INFO - Processing /home/airflow/.local/lib/python3.12/site-packages/airflow/example_dags/example_bash_decorator.py took 0.363 seconds
[2025-01-19T04:27:26.990+0000] {processor.py:186} INFO - Started process (PID=65) to work on /home/airflow/.local/lib/python3.12/site-packages/airflow/example_dags/example_bash_decorator.py
[2025-01-19T04:27:26.994+0000] {processor.py:914} INFO - Processing file /home/airflow/.local/lib/python3.12/site-packages/airflow/example_dags/example_bash_decorator.py for tasks to queue
[2025-01-19T04:27:27.022+0000] {logging_mixin.py:190} INFO - [2025-01-19T04:27:27.020+0000] {dagbag.py:588} INFO - Filling up the DagBag from /home/airflow/.local/lib/python3.12/site-packages/airflow/example_dags/example_bash_decorator.py
[2025-01-19T04:27:27.328+0000] {processor.py:925} INFO - DAG(s) 'example_bash_decorator' retrieved from /home/airflow/.local/lib/python3.12/site-packages/airflow/example_dags/example_bash_decorator.py
[2025-01-19T04:27:28.088+0000] {logging_mixin.py:190} INFO - [2025-01-19T04:27:28.087+0000] {override.py:1911} INFO - Created Permission View: can delete on DAG:example_bash_decorator
[2025-01-19T04:27:28.142+0000] {logging_mixin.py:190} INFO - [2025-01-19T04:27:28.141+0000] {override.py:1911} INFO - Created Permission View: can edit on DAG:example_bash_decorator
[2025-01-19T04:27:28.184+0000] {logging_mixin.py:190} INFO - [2025-01-19T04:27:28.183+0000] {override.py:1911} INFO - Created Permission View: can read on DAG:example_bash_decorator
[2025-01-19T04:27:28.255+0000] {logging_mixin.py:190} INFO - [2025-01-19T04:27:28.250+0000] {override.py:1911} INFO - Created Permission View: can create on DAG Run:example_bash_decorator
[2025-01-19T04:27:28.324+0000] {logging_mixin.py:190} INFO - [2025-01-19T04:27:28.323+0000] {override.py:1911} INFO - Created Permission View: menu access on DAG Run:example_bash_decorator
[2025-01-19T04:27:28.372+0000] {logging_mixin.py:190} INFO - [2025-01-19T04:27:28.371+0000] {override.py:1911} INFO - Created Permission View: can delete on DAG Run:example_bash_decorator
[2025-01-19T04:27:28.420+0000] {logging_mixin.py:190} INFO - [2025-01-19T04:27:28.414+0000] {override.py:1911} INFO - Created Permission View: can read on DAG Run:example_bash_decorator
[2025-01-19T04:27:28.422+0000] {logging_mixin.py:190} INFO - [2025-01-19T04:27:28.421+0000] {dag.py:3239} INFO - Sync 1 DAGs
[2025-01-19T04:27:28.545+0000] {logging_mixin.py:190} INFO - [2025-01-19T04:27:28.545+0000] {dag.py:3262} INFO - Creating ORM DAG for example_bash_decorator
[2025-01-19T04:27:28.560+0000] {logging_mixin.py:190} INFO - [2025-01-19T04:27:28.559+0000] {dag.py:4180} INFO - Setting next_dagrun for example_bash_decorator to None, run_after=None
[2025-01-19T04:27:28.728+0000] {processor.py:208} INFO - Processing /home/airflow/.local/lib/python3.12/site-packages/airflow/example_dags/example_bash_decorator.py took 1.764 seconds
[2025-01-19T04:28:25.121+0000] {processor.py:186} INFO - Started process (PID=134) to work on /home/airflow/.local/lib/python3.12/site-packages/airflow/example_dags/example_bash_decorator.py
[2025-01-19T04:28:25.124+0000] {processor.py:914} INFO - Processing file /home/airflow/.local/lib/python3.12/site-packages/airflow/example_dags/example_bash_decorator.py for tasks to queue
[2025-01-19T04:28:25.129+0000] {logging_mixin.py:190} INFO - [2025-01-19T04:28:25.128+0000] {dagbag.py:588} INFO - Filling up the DagBag from /home/airflow/.local/lib/python3.12/site-packages/airflow/example_dags/example_bash_decorator.py
[2025-01-19T04:28:25.172+0000] {processor.py:925} INFO - DAG(s) 'example_bash_decorator' retrieved from /home/airflow/.local/lib/python3.12/site-packages/airflow/example_dags/example_bash_decorator.py
[2025-01-19T04:28:25.247+0000] {logging_mixin.py:190} INFO - [2025-01-19T04:28:25.246+0000] {dag.py:3239} INFO - Sync 1 DAGs
[2025-01-19T04:28:25.289+0000] {logging_mixin.py:190} INFO - [2025-01-19T04:28:25.288+0000] {dag.py:4180} INFO - Setting next_dagrun for example_bash_decorator to None, run_after=None
[2025-01-19T04:28:25.382+0000] {processor.py:208} INFO - Processing /home/airflow/.local/lib/python3.12/site-packages/airflow/example_dags/example_bash_decorator.py took 0.278 seconds
[2025-01-19T04:28:57.300+0000] {processor.py:186} INFO - Started process (PID=198) to work on /home/airflow/.local/lib/python3.12/site-packages/airflow/example_dags/example_bash_decorator.py
[2025-01-19T04:28:57.303+0000] {processor.py:914} INFO - Processing file /home/airflow/.local/lib/python3.12/site-packages/airflow/example_dags/example_bash_decorator.py for tasks to queue
[2025-01-19T04:28:57.334+0000] {logging_mixin.py:190} INFO - [2025-01-19T04:28:57.333+0000] {dagbag.py:588} INFO - Filling up the DagBag from /home/airflow/.local/lib/python3.12/site-packages/airflow/example_dags/example_bash_decorator.py
[2025-01-19T04:28:57.456+0000] {processor.py:925} INFO - DAG(s) 'example_bash_decorator' retrieved from /home/airflow/.local/lib/python3.12/site-packages/airflow/example_dags/example_bash_decorator.py
[2025-01-19T04:28:57.561+0000] {logging_mixin.py:190} INFO - [2025-01-19T04:28:57.560+0000] {dag.py:3239} INFO - Sync 1 DAGs
[2025-01-19T04:28:57.656+0000] {logging_mixin.py:190} INFO - [2025-01-19T04:28:57.656+0000] {dag.py:4180} INFO - Setting next_dagrun for example_bash_decorator to None, run_after=None
[2025-01-19T04:28:57.745+0000] {processor.py:208} INFO - Processing /home/airflow/.local/lib/python3.12/site-packages/airflow/example_dags/example_bash_decorator.py took 0.472 seconds
[2025-01-19T04:29:28.017+0000] {processor.py:186} INFO - Started process (PID=261) to work on /home/airflow/.local/lib/python3.12/site-packages/airflow/example_dags/example_bash_decorator.py
[2025-01-19T04:29:28.019+0000] {processor.py:914} INFO - Processing file /home/airflow/.local/lib/python3.12/site-packages/airflow/example_dags/example_bash_decorator.py for tasks to queue
[2025-01-19T04:29:28.025+0000] {logging_mixin.py:190} INFO - [2025-01-19T04:29:28.025+0000] {dagbag.py:588} INFO - Filling up the DagBag from /home/airflow/.local/lib/python3.12/site-packages/airflow/example_dags/example_bash_decorator.py
[2025-01-19T04:29:28.073+0000] {processor.py:925} INFO - DAG(s) 'example_bash_decorator' retrieved from /home/airflow/.local/lib/python3.12/site-packages/airflow/example_dags/example_bash_decorator.py
[2025-01-19T04:29:28.148+0000] {logging_mixin.py:190} INFO - [2025-01-19T04:29:28.147+0000] {dag.py:3239} INFO - Sync 1 DAGs
[2025-01-19T04:29:28.193+0000] {logging_mixin.py:190} INFO - [2025-01-19T04:29:28.193+0000] {dag.py:4180} INFO - Setting next_dagrun for example_bash_decorator to None, run_after=None
[2025-01-19T04:29:28.248+0000] {processor.py:208} INFO - Processing /home/airflow/.local/lib/python3.12/site-packages/airflow/example_dags/example_bash_decorator.py took 0.243 seconds
[2025-01-19T04:30:06.781+0000] {processor.py:186} INFO - Started process (PID=300) to work on /home/airflow/.local/lib/python3.12/site-packages/airflow/example_dags/example_bash_decorator.py
[2025-01-19T04:30:06.784+0000] {processor.py:914} INFO - Processing file /home/airflow/.local/lib/python3.12/site-packages/airflow/example_dags/example_bash_decorator.py for tasks to queue
[2025-01-19T04:30:06.798+0000] {logging_mixin.py:190} INFO - [2025-01-19T04:30:06.794+0000] {dagbag.py:588} INFO - Filling up the DagBag from /home/airflow/.local/lib/python3.12/site-packages/airflow/example_dags/example_bash_decorator.py
[2025-01-19T04:30:06.931+0000] {processor.py:925} INFO - DAG(s) 'example_bash_decorator' retrieved from /home/airflow/.local/lib/python3.12/site-packages/airflow/example_dags/example_bash_decorator.py
[2025-01-19T04:30:07.012+0000] {logging_mixin.py:190} INFO - [2025-01-19T04:30:07.011+0000] {dag.py:3239} INFO - Sync 1 DAGs
[2025-01-19T04:30:07.054+0000] {logging_mixin.py:190} INFO - [2025-01-19T04:30:07.053+0000] {dag.py:4180} INFO - Setting next_dagrun for example_bash_decorator to None, run_after=None
[2025-01-19T04:30:07.109+0000] {processor.py:208} INFO - Processing /home/airflow/.local/lib/python3.12/site-packages/airflow/example_dags/example_bash_decorator.py took 0.348 seconds
[2025-01-19T04:30:40.048+0000] {processor.py:186} INFO - Started process (PID=359) to work on /home/airflow/.local/lib/python3.12/site-packages/airflow/example_dags/example_bash_decorator.py
[2025-01-19T04:30:40.051+0000] {processor.py:914} INFO - Processing file /home/airflow/.local/lib/python3.12/site-packages/airflow/example_dags/example_bash_decorator.py for tasks to queue
[2025-01-19T04:30:40.064+0000] {logging_mixin.py:190} INFO - [2025-01-19T04:30:40.063+0000] {dagbag.py:588} INFO - Filling up the DagBag from /home/airflow/.local/lib/python3.12/site-packages/airflow/example_dags/example_bash_decorator.py
[2025-01-19T04:30:40.122+0000] {processor.py:925} INFO - DAG(s) 'example_bash_decorator' retrieved from /home/airflow/.local/lib/python3.12/site-packages/airflow/example_dags/example_bash_decorator.py
[2025-01-19T04:30:40.183+0000] {logging_mixin.py:190} INFO - [2025-01-19T04:30:40.183+0000] {dag.py:3239} INFO - Sync 1 DAGs
[2025-01-19T04:30:40.247+0000] {logging_mixin.py:190} INFO - [2025-01-19T04:30:40.247+0000] {dag.py:4180} INFO - Setting next_dagrun for example_bash_decorator to None, run_after=None
[2025-01-19T04:30:40.294+0000] {processor.py:208} INFO - Processing /home/airflow/.local/lib/python3.12/site-packages/airflow/example_dags/example_bash_decorator.py took 0.264 seconds
[2025-01-19T04:31:18.473+0000] {processor.py:186} INFO - Started process (PID=427) to work on /home/airflow/.local/lib/python3.12/site-packages/airflow/example_dags/example_bash_decorator.py
[2025-01-19T04:31:18.479+0000] {processor.py:914} INFO - Processing file /home/airflow/.local/lib/python3.12/site-packages/airflow/example_dags/example_bash_decorator.py for tasks to queue
[2025-01-19T04:31:18.486+0000] {logging_mixin.py:190} INFO - [2025-01-19T04:31:18.485+0000] {dagbag.py:588} INFO - Filling up the DagBag from /home/airflow/.local/lib/python3.12/site-packages/airflow/example_dags/example_bash_decorator.py
[2025-01-19T04:31:18.540+0000] {processor.py:925} INFO - DAG(s) 'example_bash_decorator' retrieved from /home/airflow/.local/lib/python3.12/site-packages/airflow/example_dags/example_bash_decorator.py
[2025-01-19T04:31:18.620+0000] {logging_mixin.py:190} INFO - [2025-01-19T04:31:18.620+0000] {dag.py:3239} INFO - Sync 1 DAGs
[2025-01-19T04:31:18.670+0000] {logging_mixin.py:190} INFO - [2025-01-19T04:31:18.669+0000] {dag.py:4180} INFO - Setting next_dagrun for example_bash_decorator to None, run_after=None
[2025-01-19T04:31:18.721+0000] {processor.py:208} INFO - Processing /home/airflow/.local/lib/python3.12/site-packages/airflow/example_dags/example_bash_decorator.py took 0.266 seconds
[2025-01-19T04:31:55.127+0000] {processor.py:186} INFO - Started process (PID=490) to work on /home/airflow/.local/lib/python3.12/site-packages/airflow/example_dags/example_bash_decorator.py
[2025-01-19T04:31:55.136+0000] {processor.py:914} INFO - Processing file /home/airflow/.local/lib/python3.12/site-packages/airflow/example_dags/example_bash_decorator.py for tasks to queue
[2025-01-19T04:31:55.143+0000] {logging_mixin.py:190} INFO - [2025-01-19T04:31:55.142+0000] {dagbag.py:588} INFO - Filling up the DagBag from /home/airflow/.local/lib/python3.12/site-packages/airflow/example_dags/example_bash_decorator.py
[2025-01-19T04:31:55.213+0000] {processor.py:925} INFO - DAG(s) 'example_bash_decorator' retrieved from /home/airflow/.local/lib/python3.12/site-packages/airflow/example_dags/example_bash_decorator.py
[2025-01-19T04:31:55.301+0000] {logging_mixin.py:190} INFO - [2025-01-19T04:31:55.300+0000] {dag.py:3239} INFO - Sync 1 DAGs
[2025-01-19T04:31:55.346+0000] {logging_mixin.py:190} INFO - [2025-01-19T04:31:55.345+0000] {dag.py:4180} INFO - Setting next_dagrun for example_bash_decorator to None, run_after=None
[2025-01-19T04:31:55.411+0000] {processor.py:208} INFO - Processing /home/airflow/.local/lib/python3.12/site-packages/airflow/example_dags/example_bash_decorator.py took 0.300 seconds
[2025-01-19T04:32:26.196+0000] {processor.py:186} INFO - Started process (PID=554) to work on /home/airflow/.local/lib/python3.12/site-packages/airflow/example_dags/example_bash_decorator.py
[2025-01-19T04:32:26.198+0000] {processor.py:914} INFO - Processing file /home/airflow/.local/lib/python3.12/site-packages/airflow/example_dags/example_bash_decorator.py for tasks to queue
[2025-01-19T04:32:26.204+0000] {logging_mixin.py:190} INFO - [2025-01-19T04:32:26.203+0000] {dagbag.py:588} INFO - Filling up the DagBag from /home/airflow/.local/lib/python3.12/site-packages/airflow/example_dags/example_bash_decorator.py
[2025-01-19T04:32:26.298+0000] {processor.py:925} INFO - DAG(s) 'example_bash_decorator' retrieved from /home/airflow/.local/lib/python3.12/site-packages/airflow/example_dags/example_bash_decorator.py
[2025-01-19T04:32:26.377+0000] {logging_mixin.py:190} INFO - [2025-01-19T04:32:26.376+0000] {dag.py:3239} INFO - Sync 1 DAGs
[2025-01-19T04:32:26.418+0000] {logging_mixin.py:190} INFO - [2025-01-19T04:32:26.418+0000] {dag.py:4180} INFO - Setting next_dagrun for example_bash_decorator to None, run_after=None
[2025-01-19T04:32:26.482+0000] {processor.py:208} INFO - Processing /home/airflow/.local/lib/python3.12/site-packages/airflow/example_dags/example_bash_decorator.py took 0.300 seconds
[2025-01-19T04:32:59.739+0000] {processor.py:186} INFO - Started process (PID=616) to work on /home/airflow/.local/lib/python3.12/site-packages/airflow/example_dags/example_bash_decorator.py
[2025-01-19T04:32:59.741+0000] {processor.py:914} INFO - Processing file /home/airflow/.local/lib/python3.12/site-packages/airflow/example_dags/example_bash_decorator.py for tasks to queue
[2025-01-19T04:32:59.750+0000] {logging_mixin.py:190} INFO - [2025-01-19T04:32:59.749+0000] {dagbag.py:588} INFO - Filling up the DagBag from /home/airflow/.local/lib/python3.12/site-packages/airflow/example_dags/example_bash_decorator.py
[2025-01-19T04:32:59.824+0000] {processor.py:925} INFO - DAG(s) 'example_bash_decorator' retrieved from /home/airflow/.local/lib/python3.12/site-packages/airflow/example_dags/example_bash_decorator.py
[2025-01-19T04:32:59.986+0000] {logging_mixin.py:190} INFO - [2025-01-19T04:32:59.985+0000] {dag.py:3239} INFO - Sync 1 DAGs
[2025-01-19T04:33:00.147+0000] {logging_mixin.py:190} INFO - [2025-01-19T04:33:00.146+0000] {dag.py:4180} INFO - Setting next_dagrun for example_bash_decorator to None, run_after=None
[2025-01-19T04:33:00.380+0000] {processor.py:208} INFO - Processing /home/airflow/.local/lib/python3.12/site-packages/airflow/example_dags/example_bash_decorator.py took 0.660 seconds
[2025-01-19T04:33:31.296+0000] {processor.py:186} INFO - Started process (PID=679) to work on /home/airflow/.local/lib/python3.12/site-packages/airflow/example_dags/example_bash_decorator.py
[2025-01-19T04:33:31.300+0000] {processor.py:914} INFO - Processing file /home/airflow/.local/lib/python3.12/site-packages/airflow/example_dags/example_bash_decorator.py for tasks to queue
[2025-01-19T04:33:31.313+0000] {logging_mixin.py:190} INFO - [2025-01-19T04:33:31.311+0000] {dagbag.py:588} INFO - Filling up the DagBag from /home/airflow/.local/lib/python3.12/site-packages/airflow/example_dags/example_bash_decorator.py
[2025-01-19T04:33:31.362+0000] {processor.py:925} INFO - DAG(s) 'example_bash_decorator' retrieved from /home/airflow/.local/lib/python3.12/site-packages/airflow/example_dags/example_bash_decorator.py
[2025-01-19T04:33:31.427+0000] {logging_mixin.py:190} INFO - [2025-01-19T04:33:31.426+0000] {dag.py:3239} INFO - Sync 1 DAGs
[2025-01-19T04:33:31.482+0000] {logging_mixin.py:190} INFO - [2025-01-19T04:33:31.481+0000] {dag.py:4180} INFO - Setting next_dagrun for example_bash_decorator to None, run_after=None
[2025-01-19T04:33:31.530+0000] {processor.py:208} INFO - Processing /home/airflow/.local/lib/python3.12/site-packages/airflow/example_dags/example_bash_decorator.py took 0.255 seconds
[2025-01-19T04:34:02.789+0000] {processor.py:186} INFO - Started process (PID=742) to work on /home/airflow/.local/lib/python3.12/site-packages/airflow/example_dags/example_bash_decorator.py
[2025-01-19T04:34:02.791+0000] {processor.py:914} INFO - Processing file /home/airflow/.local/lib/python3.12/site-packages/airflow/example_dags/example_bash_decorator.py for tasks to queue
[2025-01-19T04:34:02.796+0000] {logging_mixin.py:190} INFO - [2025-01-19T04:34:02.795+0000] {dagbag.py:588} INFO - Filling up the DagBag from /home/airflow/.local/lib/python3.12/site-packages/airflow/example_dags/example_bash_decorator.py
[2025-01-19T04:34:02.824+0000] {processor.py:925} INFO - DAG(s) 'example_bash_decorator' retrieved from /home/airflow/.local/lib/python3.12/site-packages/airflow/example_dags/example_bash_decorator.py
[2025-01-19T04:34:02.876+0000] {logging_mixin.py:190} INFO - [2025-01-19T04:34:02.876+0000] {dag.py:3239} INFO - Sync 1 DAGs
[2025-01-19T04:34:02.903+0000] {logging_mixin.py:190} INFO - [2025-01-19T04:34:02.903+0000] {dag.py:4180} INFO - Setting next_dagrun for example_bash_decorator to None, run_after=None
[2025-01-19T04:34:02.944+0000] {processor.py:208} INFO - Processing /home/airflow/.local/lib/python3.12/site-packages/airflow/example_dags/example_bash_decorator.py took 0.167 seconds
[2025-01-19T04:34:33.156+0000] {processor.py:186} INFO - Started process (PID=805) to work on /home/airflow/.local/lib/python3.12/site-packages/airflow/example_dags/example_bash_decorator.py
[2025-01-19T04:34:33.158+0000] {processor.py:914} INFO - Processing file /home/airflow/.local/lib/python3.12/site-packages/airflow/example_dags/example_bash_decorator.py for tasks to queue
[2025-01-19T04:34:33.163+0000] {logging_mixin.py:190} INFO - [2025-01-19T04:34:33.163+0000] {dagbag.py:588} INFO - Filling up the DagBag from /home/airflow/.local/lib/python3.12/site-packages/airflow/example_dags/example_bash_decorator.py
[2025-01-19T04:34:33.199+0000] {processor.py:925} INFO - DAG(s) 'example_bash_decorator' retrieved from /home/airflow/.local/lib/python3.12/site-packages/airflow/example_dags/example_bash_decorator.py
[2025-01-19T04:34:33.255+0000] {logging_mixin.py:190} INFO - [2025-01-19T04:34:33.255+0000] {dag.py:3239} INFO - Sync 1 DAGs
[2025-01-19T04:34:33.292+0000] {logging_mixin.py:190} INFO - [2025-01-19T04:34:33.292+0000] {dag.py:4180} INFO - Setting next_dagrun for example_bash_decorator to None, run_after=None
[2025-01-19T04:34:33.335+0000] {processor.py:208} INFO - Processing /home/airflow/.local/lib/python3.12/site-packages/airflow/example_dags/example_bash_decorator.py took 0.190 seconds
[2025-01-19T04:35:04.389+0000] {processor.py:186} INFO - Started process (PID=868) to work on /home/airflow/.local/lib/python3.12/site-packages/airflow/example_dags/example_bash_decorator.py
[2025-01-19T04:35:04.409+0000] {processor.py:914} INFO - Processing file /home/airflow/.local/lib/python3.12/site-packages/airflow/example_dags/example_bash_decorator.py for tasks to queue
[2025-01-19T04:35:04.454+0000] {logging_mixin.py:190} INFO - [2025-01-19T04:35:04.453+0000] {dagbag.py:588} INFO - Filling up the DagBag from /home/airflow/.local/lib/python3.12/site-packages/airflow/example_dags/example_bash_decorator.py
[2025-01-19T04:35:04.663+0000] {processor.py:925} INFO - DAG(s) 'example_bash_decorator' retrieved from /home/airflow/.local/lib/python3.12/site-packages/airflow/example_dags/example_bash_decorator.py
[2025-01-19T04:35:04.955+0000] {logging_mixin.py:190} INFO - [2025-01-19T04:35:04.954+0000] {dag.py:3239} INFO - Sync 1 DAGs
[2025-01-19T04:35:05.145+0000] {logging_mixin.py:190} INFO - [2025-01-19T04:35:05.144+0000] {dag.py:4180} INFO - Setting next_dagrun for example_bash_decorator to None, run_after=None
[2025-01-19T04:35:05.318+0000] {processor.py:208} INFO - Processing /home/airflow/.local/lib/python3.12/site-packages/airflow/example_dags/example_bash_decorator.py took 0.973 seconds
[2025-01-19T04:35:39.076+0000] {processor.py:186} INFO - Started process (PID=931) to work on /home/airflow/.local/lib/python3.12/site-packages/airflow/example_dags/example_bash_decorator.py
[2025-01-19T04:35:39.080+0000] {processor.py:914} INFO - Processing file /home/airflow/.local/lib/python3.12/site-packages/airflow/example_dags/example_bash_decorator.py for tasks to queue
[2025-01-19T04:35:39.106+0000] {logging_mixin.py:190} INFO - [2025-01-19T04:35:39.105+0000] {dagbag.py:588} INFO - Filling up the DagBag from /home/airflow/.local/lib/python3.12/site-packages/airflow/example_dags/example_bash_decorator.py
[2025-01-19T04:35:39.166+0000] {processor.py:925} INFO - DAG(s) 'example_bash_decorator' retrieved from /home/airflow/.local/lib/python3.12/site-packages/airflow/example_dags/example_bash_decorator.py
[2025-01-19T04:35:39.243+0000] {logging_mixin.py:190} INFO - [2025-01-19T04:35:39.242+0000] {dag.py:3239} INFO - Sync 1 DAGs
[2025-01-19T04:35:39.287+0000] {logging_mixin.py:190} INFO - [2025-01-19T04:35:39.287+0000] {dag.py:4180} INFO - Setting next_dagrun for example_bash_decorator to None, run_after=None
[2025-01-19T04:35:39.355+0000] {processor.py:208} INFO - Processing /home/airflow/.local/lib/python3.12/site-packages/airflow/example_dags/example_bash_decorator.py took 0.301 seconds
[2025-01-19T04:36:09.936+0000] {processor.py:186} INFO - Started process (PID=994) to work on /home/airflow/.local/lib/python3.12/site-packages/airflow/example_dags/example_bash_decorator.py
[2025-01-19T04:36:09.940+0000] {processor.py:914} INFO - Processing file /home/airflow/.local/lib/python3.12/site-packages/airflow/example_dags/example_bash_decorator.py for tasks to queue
[2025-01-19T04:36:09.952+0000] {logging_mixin.py:190} INFO - [2025-01-19T04:36:09.952+0000] {dagbag.py:588} INFO - Filling up the DagBag from /home/airflow/.local/lib/python3.12/site-packages/airflow/example_dags/example_bash_decorator.py
[2025-01-19T04:36:10.010+0000] {processor.py:925} INFO - DAG(s) 'example_bash_decorator' retrieved from /home/airflow/.local/lib/python3.12/site-packages/airflow/example_dags/example_bash_decorator.py
[2025-01-19T04:36:10.052+0000] {logging_mixin.py:190} INFO - [2025-01-19T04:36:10.051+0000] {dag.py:3239} INFO - Sync 1 DAGs
[2025-01-19T04:36:10.081+0000] {logging_mixin.py:190} INFO - [2025-01-19T04:36:10.081+0000] {dag.py:4180} INFO - Setting next_dagrun for example_bash_decorator to None, run_after=None
[2025-01-19T04:36:10.162+0000] {processor.py:208} INFO - Processing /home/airflow/.local/lib/python3.12/site-packages/airflow/example_dags/example_bash_decorator.py took 0.245 seconds
[2025-01-19T04:36:40.477+0000] {processor.py:186} INFO - Started process (PID=1057) to work on /home/airflow/.local/lib/python3.12/site-packages/airflow/example_dags/example_bash_decorator.py
[2025-01-19T04:36:40.479+0000] {processor.py:914} INFO - Processing file /home/airflow/.local/lib/python3.12/site-packages/airflow/example_dags/example_bash_decorator.py for tasks to queue
[2025-01-19T04:36:40.484+0000] {logging_mixin.py:190} INFO - [2025-01-19T04:36:40.483+0000] {dagbag.py:588} INFO - Filling up the DagBag from /home/airflow/.local/lib/python3.12/site-packages/airflow/example_dags/example_bash_decorator.py
[2025-01-19T04:36:40.520+0000] {processor.py:925} INFO - DAG(s) 'example_bash_decorator' retrieved from /home/airflow/.local/lib/python3.12/site-packages/airflow/example_dags/example_bash_decorator.py
[2025-01-19T04:36:40.592+0000] {logging_mixin.py:190} INFO - [2025-01-19T04:36:40.591+0000] {dag.py:3239} INFO - Sync 1 DAGs
[2025-01-19T04:36:40.653+0000] {logging_mixin.py:190} INFO - [2025-01-19T04:36:40.653+0000] {dag.py:4180} INFO - Setting next_dagrun for example_bash_decorator to None, run_after=None
[2025-01-19T04:36:40.742+0000] {processor.py:208} INFO - Processing /home/airflow/.local/lib/python3.12/site-packages/airflow/example_dags/example_bash_decorator.py took 0.277 seconds
[2025-01-19T04:41:05.909+0000] {processor.py:186} INFO - Started process (PID=1075) to work on /home/airflow/.local/lib/python3.12/site-packages/airflow/example_dags/example_bash_decorator.py
[2025-01-19T04:41:05.912+0000] {processor.py:914} INFO - Processing file /home/airflow/.local/lib/python3.12/site-packages/airflow/example_dags/example_bash_decorator.py for tasks to queue
[2025-01-19T04:41:05.916+0000] {logging_mixin.py:190} INFO - [2025-01-19T04:41:05.915+0000] {dagbag.py:588} INFO - Filling up the DagBag from /home/airflow/.local/lib/python3.12/site-packages/airflow/example_dags/example_bash_decorator.py
[2025-01-19T04:41:05.979+0000] {processor.py:925} INFO - DAG(s) 'example_bash_decorator' retrieved from /home/airflow/.local/lib/python3.12/site-packages/airflow/example_dags/example_bash_decorator.py
[2025-01-19T04:41:06.075+0000] {logging_mixin.py:190} INFO - [2025-01-19T04:41:06.074+0000] {dag.py:3239} INFO - Sync 1 DAGs
[2025-01-19T04:41:06.144+0000] {logging_mixin.py:190} INFO - [2025-01-19T04:41:06.143+0000] {dag.py:4180} INFO - Setting next_dagrun for example_bash_decorator to None, run_after=None
[2025-01-19T04:41:06.267+0000] {processor.py:208} INFO - Processing /home/airflow/.local/lib/python3.12/site-packages/airflow/example_dags/example_bash_decorator.py took 0.379 seconds
[2025-01-19T04:41:43.183+0000] {processor.py:186} INFO - Started process (PID=1134) to work on /home/airflow/.local/lib/python3.12/site-packages/airflow/example_dags/example_bash_decorator.py
[2025-01-19T04:41:43.198+0000] {processor.py:914} INFO - Processing file /home/airflow/.local/lib/python3.12/site-packages/airflow/example_dags/example_bash_decorator.py for tasks to queue
[2025-01-19T04:41:43.203+0000] {logging_mixin.py:190} INFO - [2025-01-19T04:41:43.202+0000] {dagbag.py:588} INFO - Filling up the DagBag from /home/airflow/.local/lib/python3.12/site-packages/airflow/example_dags/example_bash_decorator.py
[2025-01-19T04:41:43.318+0000] {processor.py:925} INFO - DAG(s) 'example_bash_decorator' retrieved from /home/airflow/.local/lib/python3.12/site-packages/airflow/example_dags/example_bash_decorator.py
[2025-01-19T04:41:43.473+0000] {logging_mixin.py:190} INFO - [2025-01-19T04:41:43.473+0000] {dag.py:3239} INFO - Sync 1 DAGs
[2025-01-19T04:41:43.543+0000] {logging_mixin.py:190} INFO - [2025-01-19T04:41:43.542+0000] {dag.py:4180} INFO - Setting next_dagrun for example_bash_decorator to None, run_after=None
[2025-01-19T04:41:43.681+0000] {processor.py:208} INFO - Processing /home/airflow/.local/lib/python3.12/site-packages/airflow/example_dags/example_bash_decorator.py took 0.524 seconds
