[2025-01-19T04:12:43.916+0000] {processor.py:186} INFO - Started process (PID=434) to work on /home/airflow/.local/lib/python3.12/site-packages/airflow/example_dags/example_dynamic_task_mapping.py
[2025-01-19T04:12:43.919+0000] {processor.py:914} INFO - Processing file /home/airflow/.local/lib/python3.12/site-packages/airflow/example_dags/example_dynamic_task_mapping.py for tasks to queue
[2025-01-19T04:12:43.925+0000] {logging_mixin.py:190} INFO - [2025-01-19T04:12:43.924+0000] {dagbag.py:588} INFO - Filling up the DagBag from /home/airflow/.local/lib/python3.12/site-packages/airflow/example_dags/example_dynamic_task_mapping.py
[2025-01-19T04:12:43.947+0000] {processor.py:925} INFO - DAG(s) 'example_dynamic_task_mapping' retrieved from /home/airflow/.local/lib/python3.12/site-packages/airflow/example_dags/example_dynamic_task_mapping.py
[2025-01-19T04:12:43.981+0000] {logging_mixin.py:190} INFO - [2025-01-19T04:12:43.981+0000] {dag.py:3239} INFO - Sync 1 DAGs
[2025-01-19T04:12:44.013+0000] {logging_mixin.py:190} INFO - [2025-01-19T04:12:44.012+0000] {dag.py:4180} INFO - Setting next_dagrun for example_dynamic_task_mapping to None, run_after=None
[2025-01-19T04:12:44.051+0000] {processor.py:208} INFO - Processing /home/airflow/.local/lib/python3.12/site-packages/airflow/example_dags/example_dynamic_task_mapping.py took 0.153 seconds
[2025-01-19T04:13:26.038+0000] {processor.py:186} INFO - Started process (PID=498) to work on /home/airflow/.local/lib/python3.12/site-packages/airflow/example_dags/example_dynamic_task_mapping.py
[2025-01-19T04:13:26.041+0000] {processor.py:914} INFO - Processing file /home/airflow/.local/lib/python3.12/site-packages/airflow/example_dags/example_dynamic_task_mapping.py for tasks to queue
[2025-01-19T04:13:26.047+0000] {logging_mixin.py:190} INFO - [2025-01-19T04:13:26.046+0000] {dagbag.py:588} INFO - Filling up the DagBag from /home/airflow/.local/lib/python3.12/site-packages/airflow/example_dags/example_dynamic_task_mapping.py
[2025-01-19T04:13:26.074+0000] {processor.py:925} INFO - DAG(s) 'example_dynamic_task_mapping' retrieved from /home/airflow/.local/lib/python3.12/site-packages/airflow/example_dags/example_dynamic_task_mapping.py
[2025-01-19T04:13:26.143+0000] {logging_mixin.py:190} INFO - [2025-01-19T04:13:26.143+0000] {dag.py:3239} INFO - Sync 1 DAGs
[2025-01-19T04:13:26.198+0000] {logging_mixin.py:190} INFO - [2025-01-19T04:13:26.198+0000] {dag.py:4180} INFO - Setting next_dagrun for example_dynamic_task_mapping to None, run_after=None
[2025-01-19T04:13:26.259+0000] {processor.py:208} INFO - Processing /home/airflow/.local/lib/python3.12/site-packages/airflow/example_dags/example_dynamic_task_mapping.py took 0.239 seconds
[2025-01-19T04:14:05.536+0000] {processor.py:186} INFO - Started process (PID=582) to work on /home/airflow/.local/lib/python3.12/site-packages/airflow/example_dags/example_dynamic_task_mapping.py
[2025-01-19T04:14:05.538+0000] {processor.py:914} INFO - Processing file /home/airflow/.local/lib/python3.12/site-packages/airflow/example_dags/example_dynamic_task_mapping.py for tasks to queue
[2025-01-19T04:14:05.544+0000] {logging_mixin.py:190} INFO - [2025-01-19T04:14:05.543+0000] {dagbag.py:588} INFO - Filling up the DagBag from /home/airflow/.local/lib/python3.12/site-packages/airflow/example_dags/example_dynamic_task_mapping.py
[2025-01-19T04:14:05.567+0000] {processor.py:925} INFO - DAG(s) 'example_dynamic_task_mapping' retrieved from /home/airflow/.local/lib/python3.12/site-packages/airflow/example_dags/example_dynamic_task_mapping.py
[2025-01-19T04:14:05.636+0000] {logging_mixin.py:190} INFO - [2025-01-19T04:14:05.636+0000] {dag.py:3239} INFO - Sync 1 DAGs
[2025-01-19T04:14:05.693+0000] {logging_mixin.py:190} INFO - [2025-01-19T04:14:05.692+0000] {dag.py:4180} INFO - Setting next_dagrun for example_dynamic_task_mapping to None, run_after=None
[2025-01-19T04:14:05.751+0000] {processor.py:208} INFO - Processing /home/airflow/.local/lib/python3.12/site-packages/airflow/example_dags/example_dynamic_task_mapping.py took 0.230 seconds
[2025-01-19T04:15:28.681+0000] {processor.py:186} INFO - Started process (PID=668) to work on /home/airflow/.local/lib/python3.12/site-packages/airflow/example_dags/example_dynamic_task_mapping.py
[2025-01-19T04:15:28.683+0000] {processor.py:914} INFO - Processing file /home/airflow/.local/lib/python3.12/site-packages/airflow/example_dags/example_dynamic_task_mapping.py for tasks to queue
[2025-01-19T04:15:28.686+0000] {logging_mixin.py:190} INFO - [2025-01-19T04:15:28.685+0000] {dagbag.py:588} INFO - Filling up the DagBag from /home/airflow/.local/lib/python3.12/site-packages/airflow/example_dags/example_dynamic_task_mapping.py
[2025-01-19T04:15:28.708+0000] {processor.py:925} INFO - DAG(s) 'example_dynamic_task_mapping' retrieved from /home/airflow/.local/lib/python3.12/site-packages/airflow/example_dags/example_dynamic_task_mapping.py
[2025-01-19T04:15:28.752+0000] {logging_mixin.py:190} INFO - [2025-01-19T04:15:28.752+0000] {dag.py:3239} INFO - Sync 1 DAGs
[2025-01-19T04:15:28.791+0000] {logging_mixin.py:190} INFO - [2025-01-19T04:15:28.790+0000] {dag.py:4180} INFO - Setting next_dagrun for example_dynamic_task_mapping to None, run_after=None
[2025-01-19T04:15:28.835+0000] {processor.py:208} INFO - Processing /home/airflow/.local/lib/python3.12/site-packages/airflow/example_dags/example_dynamic_task_mapping.py took 0.168 seconds
[2025-01-19T04:18:43.771+0000] {processor.py:186} INFO - Started process (PID=736) to work on /home/airflow/.local/lib/python3.12/site-packages/airflow/example_dags/example_dynamic_task_mapping.py
[2025-01-19T04:18:43.786+0000] {processor.py:914} INFO - Processing file /home/airflow/.local/lib/python3.12/site-packages/airflow/example_dags/example_dynamic_task_mapping.py for tasks to queue
[2025-01-19T04:18:43.808+0000] {logging_mixin.py:190} INFO - [2025-01-19T04:18:43.808+0000] {dagbag.py:588} INFO - Filling up the DagBag from /home/airflow/.local/lib/python3.12/site-packages/airflow/example_dags/example_dynamic_task_mapping.py
[2025-01-19T04:18:43.904+0000] {processor.py:925} INFO - DAG(s) 'example_dynamic_task_mapping' retrieved from /home/airflow/.local/lib/python3.12/site-packages/airflow/example_dags/example_dynamic_task_mapping.py
[2025-01-19T04:18:44.005+0000] {logging_mixin.py:190} INFO - [2025-01-19T04:18:44.004+0000] {dag.py:3239} INFO - Sync 1 DAGs
[2025-01-19T04:18:44.110+0000] {logging_mixin.py:190} INFO - [2025-01-19T04:18:44.109+0000] {dag.py:4180} INFO - Setting next_dagrun for example_dynamic_task_mapping to None, run_after=None
[2025-01-19T04:18:44.233+0000] {processor.py:208} INFO - Processing /home/airflow/.local/lib/python3.12/site-packages/airflow/example_dags/example_dynamic_task_mapping.py took 0.498 seconds
[2025-01-19T04:19:14.321+0000] {processor.py:186} INFO - Started process (PID=798) to work on /home/airflow/.local/lib/python3.12/site-packages/airflow/example_dags/example_dynamic_task_mapping.py
[2025-01-19T04:19:14.324+0000] {processor.py:914} INFO - Processing file /home/airflow/.local/lib/python3.12/site-packages/airflow/example_dags/example_dynamic_task_mapping.py for tasks to queue
[2025-01-19T04:19:14.326+0000] {logging_mixin.py:190} INFO - [2025-01-19T04:19:14.326+0000] {dagbag.py:588} INFO - Filling up the DagBag from /home/airflow/.local/lib/python3.12/site-packages/airflow/example_dags/example_dynamic_task_mapping.py
[2025-01-19T04:19:14.343+0000] {processor.py:925} INFO - DAG(s) 'example_dynamic_task_mapping' retrieved from /home/airflow/.local/lib/python3.12/site-packages/airflow/example_dags/example_dynamic_task_mapping.py
[2025-01-19T04:19:14.378+0000] {logging_mixin.py:190} INFO - [2025-01-19T04:19:14.378+0000] {dag.py:3239} INFO - Sync 1 DAGs
[2025-01-19T04:19:14.408+0000] {logging_mixin.py:190} INFO - [2025-01-19T04:19:14.407+0000] {dag.py:4180} INFO - Setting next_dagrun for example_dynamic_task_mapping to None, run_after=None
[2025-01-19T04:19:14.445+0000] {processor.py:208} INFO - Processing /home/airflow/.local/lib/python3.12/site-packages/airflow/example_dags/example_dynamic_task_mapping.py took 0.133 seconds
[2025-01-19T04:19:48.222+0000] {processor.py:186} INFO - Started process (PID=861) to work on /home/airflow/.local/lib/python3.12/site-packages/airflow/example_dags/example_dynamic_task_mapping.py
[2025-01-19T04:19:48.224+0000] {processor.py:914} INFO - Processing file /home/airflow/.local/lib/python3.12/site-packages/airflow/example_dags/example_dynamic_task_mapping.py for tasks to queue
[2025-01-19T04:19:48.227+0000] {logging_mixin.py:190} INFO - [2025-01-19T04:19:48.226+0000] {dagbag.py:588} INFO - Filling up the DagBag from /home/airflow/.local/lib/python3.12/site-packages/airflow/example_dags/example_dynamic_task_mapping.py
[2025-01-19T04:19:48.252+0000] {processor.py:925} INFO - DAG(s) 'example_dynamic_task_mapping' retrieved from /home/airflow/.local/lib/python3.12/site-packages/airflow/example_dags/example_dynamic_task_mapping.py
[2025-01-19T04:19:48.317+0000] {logging_mixin.py:190} INFO - [2025-01-19T04:19:48.317+0000] {dag.py:3239} INFO - Sync 1 DAGs
[2025-01-19T04:19:48.366+0000] {logging_mixin.py:190} INFO - [2025-01-19T04:19:48.365+0000] {dag.py:4180} INFO - Setting next_dagrun for example_dynamic_task_mapping to None, run_after=None
[2025-01-19T04:19:48.416+0000] {processor.py:208} INFO - Processing /home/airflow/.local/lib/python3.12/site-packages/airflow/example_dags/example_dynamic_task_mapping.py took 0.207 seconds
[2025-01-19T04:20:19.693+0000] {processor.py:186} INFO - Started process (PID=924) to work on /home/airflow/.local/lib/python3.12/site-packages/airflow/example_dags/example_dynamic_task_mapping.py
[2025-01-19T04:20:19.696+0000] {processor.py:914} INFO - Processing file /home/airflow/.local/lib/python3.12/site-packages/airflow/example_dags/example_dynamic_task_mapping.py for tasks to queue
[2025-01-19T04:20:19.702+0000] {logging_mixin.py:190} INFO - [2025-01-19T04:20:19.701+0000] {dagbag.py:588} INFO - Filling up the DagBag from /home/airflow/.local/lib/python3.12/site-packages/airflow/example_dags/example_dynamic_task_mapping.py
[2025-01-19T04:20:19.727+0000] {processor.py:925} INFO - DAG(s) 'example_dynamic_task_mapping' retrieved from /home/airflow/.local/lib/python3.12/site-packages/airflow/example_dags/example_dynamic_task_mapping.py
[2025-01-19T04:20:19.771+0000] {logging_mixin.py:190} INFO - [2025-01-19T04:20:19.771+0000] {dag.py:3239} INFO - Sync 1 DAGs
[2025-01-19T04:20:19.805+0000] {logging_mixin.py:190} INFO - [2025-01-19T04:20:19.804+0000] {dag.py:4180} INFO - Setting next_dagrun for example_dynamic_task_mapping to None, run_after=None
[2025-01-19T04:20:19.847+0000] {processor.py:208} INFO - Processing /home/airflow/.local/lib/python3.12/site-packages/airflow/example_dags/example_dynamic_task_mapping.py took 0.174 seconds
[2025-01-19T04:21:21.718+0000] {processor.py:186} INFO - Started process (PID=1005) to work on /home/airflow/.local/lib/python3.12/site-packages/airflow/example_dags/example_dynamic_task_mapping.py
[2025-01-19T04:21:21.721+0000] {processor.py:914} INFO - Processing file /home/airflow/.local/lib/python3.12/site-packages/airflow/example_dags/example_dynamic_task_mapping.py for tasks to queue
[2025-01-19T04:21:21.726+0000] {logging_mixin.py:190} INFO - [2025-01-19T04:21:21.725+0000] {dagbag.py:588} INFO - Filling up the DagBag from /home/airflow/.local/lib/python3.12/site-packages/airflow/example_dags/example_dynamic_task_mapping.py
[2025-01-19T04:21:21.758+0000] {processor.py:925} INFO - DAG(s) 'example_dynamic_task_mapping' retrieved from /home/airflow/.local/lib/python3.12/site-packages/airflow/example_dags/example_dynamic_task_mapping.py
[2025-01-19T04:21:21.818+0000] {logging_mixin.py:190} INFO - [2025-01-19T04:21:21.818+0000] {dag.py:3239} INFO - Sync 1 DAGs
[2025-01-19T04:21:21.865+0000] {logging_mixin.py:190} INFO - [2025-01-19T04:21:21.864+0000] {dag.py:4180} INFO - Setting next_dagrun for example_dynamic_task_mapping to None, run_after=None
[2025-01-19T04:21:21.920+0000] {processor.py:208} INFO - Processing /home/airflow/.local/lib/python3.12/site-packages/airflow/example_dags/example_dynamic_task_mapping.py took 0.217 seconds
[2025-01-19T04:28:17.237+0000] {processor.py:186} INFO - Started process (PID=113) to work on /home/airflow/.local/lib/python3.12/site-packages/airflow/example_dags/example_dynamic_task_mapping.py
[2025-01-19T04:28:17.240+0000] {processor.py:914} INFO - Processing file /home/airflow/.local/lib/python3.12/site-packages/airflow/example_dags/example_dynamic_task_mapping.py for tasks to queue
[2025-01-19T04:28:17.247+0000] {logging_mixin.py:190} INFO - [2025-01-19T04:28:17.246+0000] {dagbag.py:588} INFO - Filling up the DagBag from /home/airflow/.local/lib/python3.12/site-packages/airflow/example_dags/example_dynamic_task_mapping.py
[2025-01-19T04:28:17.270+0000] {processor.py:925} INFO - DAG(s) 'example_dynamic_task_mapping' retrieved from /home/airflow/.local/lib/python3.12/site-packages/airflow/example_dags/example_dynamic_task_mapping.py
[2025-01-19T04:28:17.537+0000] {logging_mixin.py:190} INFO - [2025-01-19T04:28:17.536+0000] {override.py:1911} INFO - Created Permission View: can delete on DAG:example_dynamic_task_mapping
[2025-01-19T04:28:17.562+0000] {logging_mixin.py:190} INFO - [2025-01-19T04:28:17.562+0000] {override.py:1911} INFO - Created Permission View: can edit on DAG:example_dynamic_task_mapping
[2025-01-19T04:28:17.581+0000] {logging_mixin.py:190} INFO - [2025-01-19T04:28:17.580+0000] {override.py:1911} INFO - Created Permission View: can read on DAG:example_dynamic_task_mapping
[2025-01-19T04:28:17.600+0000] {logging_mixin.py:190} INFO - [2025-01-19T04:28:17.600+0000] {override.py:1911} INFO - Created Permission View: can create on DAG Run:example_dynamic_task_mapping
[2025-01-19T04:28:17.619+0000] {logging_mixin.py:190} INFO - [2025-01-19T04:28:17.618+0000] {override.py:1911} INFO - Created Permission View: menu access on DAG Run:example_dynamic_task_mapping
[2025-01-19T04:28:17.639+0000] {logging_mixin.py:190} INFO - [2025-01-19T04:28:17.639+0000] {override.py:1911} INFO - Created Permission View: can delete on DAG Run:example_dynamic_task_mapping
[2025-01-19T04:28:17.658+0000] {logging_mixin.py:190} INFO - [2025-01-19T04:28:17.658+0000] {override.py:1911} INFO - Created Permission View: can read on DAG Run:example_dynamic_task_mapping
[2025-01-19T04:28:17.660+0000] {logging_mixin.py:190} INFO - [2025-01-19T04:28:17.659+0000] {dag.py:3239} INFO - Sync 1 DAGs
[2025-01-19T04:28:17.702+0000] {logging_mixin.py:190} INFO - [2025-01-19T04:28:17.702+0000] {dag.py:3262} INFO - Creating ORM DAG for example_dynamic_task_mapping
[2025-01-19T04:28:17.705+0000] {logging_mixin.py:190} INFO - [2025-01-19T04:28:17.704+0000] {dag.py:4180} INFO - Setting next_dagrun for example_dynamic_task_mapping to None, run_after=None
[2025-01-19T04:28:17.751+0000] {processor.py:208} INFO - Processing /home/airflow/.local/lib/python3.12/site-packages/airflow/example_dags/example_dynamic_task_mapping.py took 0.528 seconds
[2025-01-19T04:28:48.010+0000] {processor.py:186} INFO - Started process (PID=175) to work on /home/airflow/.local/lib/python3.12/site-packages/airflow/example_dags/example_dynamic_task_mapping.py
[2025-01-19T04:28:48.018+0000] {processor.py:914} INFO - Processing file /home/airflow/.local/lib/python3.12/site-packages/airflow/example_dags/example_dynamic_task_mapping.py for tasks to queue
[2025-01-19T04:28:48.025+0000] {logging_mixin.py:190} INFO - [2025-01-19T04:28:48.024+0000] {dagbag.py:588} INFO - Filling up the DagBag from /home/airflow/.local/lib/python3.12/site-packages/airflow/example_dags/example_dynamic_task_mapping.py
[2025-01-19T04:28:48.056+0000] {processor.py:925} INFO - DAG(s) 'example_dynamic_task_mapping' retrieved from /home/airflow/.local/lib/python3.12/site-packages/airflow/example_dags/example_dynamic_task_mapping.py
[2025-01-19T04:28:48.117+0000] {logging_mixin.py:190} INFO - [2025-01-19T04:28:48.117+0000] {dag.py:3239} INFO - Sync 1 DAGs
[2025-01-19T04:28:48.181+0000] {logging_mixin.py:190} INFO - [2025-01-19T04:28:48.180+0000] {dag.py:4180} INFO - Setting next_dagrun for example_dynamic_task_mapping to None, run_after=None
[2025-01-19T04:28:48.245+0000] {processor.py:208} INFO - Processing /home/airflow/.local/lib/python3.12/site-packages/airflow/example_dags/example_dynamic_task_mapping.py took 0.265 seconds
[2025-01-19T04:29:22.007+0000] {processor.py:186} INFO - Started process (PID=244) to work on /home/airflow/.local/lib/python3.12/site-packages/airflow/example_dags/example_dynamic_task_mapping.py
[2025-01-19T04:29:22.009+0000] {processor.py:914} INFO - Processing file /home/airflow/.local/lib/python3.12/site-packages/airflow/example_dags/example_dynamic_task_mapping.py for tasks to queue
[2025-01-19T04:29:22.015+0000] {logging_mixin.py:190} INFO - [2025-01-19T04:29:22.014+0000] {dagbag.py:588} INFO - Filling up the DagBag from /home/airflow/.local/lib/python3.12/site-packages/airflow/example_dags/example_dynamic_task_mapping.py
[2025-01-19T04:29:22.032+0000] {processor.py:925} INFO - DAG(s) 'example_dynamic_task_mapping' retrieved from /home/airflow/.local/lib/python3.12/site-packages/airflow/example_dags/example_dynamic_task_mapping.py
[2025-01-19T04:29:22.083+0000] {logging_mixin.py:190} INFO - [2025-01-19T04:29:22.083+0000] {dag.py:3239} INFO - Sync 1 DAGs
[2025-01-19T04:29:22.134+0000] {logging_mixin.py:190} INFO - [2025-01-19T04:29:22.134+0000] {dag.py:4180} INFO - Setting next_dagrun for example_dynamic_task_mapping to None, run_after=None
[2025-01-19T04:29:22.189+0000] {processor.py:208} INFO - Processing /home/airflow/.local/lib/python3.12/site-packages/airflow/example_dags/example_dynamic_task_mapping.py took 0.192 seconds
[2025-01-19T04:30:14.509+0000] {processor.py:186} INFO - Started process (PID=331) to work on /home/airflow/.local/lib/python3.12/site-packages/airflow/example_dags/example_dynamic_task_mapping.py
[2025-01-19T04:30:14.511+0000] {processor.py:914} INFO - Processing file /home/airflow/.local/lib/python3.12/site-packages/airflow/example_dags/example_dynamic_task_mapping.py for tasks to queue
[2025-01-19T04:30:14.516+0000] {logging_mixin.py:190} INFO - [2025-01-19T04:30:14.515+0000] {dagbag.py:588} INFO - Filling up the DagBag from /home/airflow/.local/lib/python3.12/site-packages/airflow/example_dags/example_dynamic_task_mapping.py
[2025-01-19T04:30:14.536+0000] {processor.py:925} INFO - DAG(s) 'example_dynamic_task_mapping' retrieved from /home/airflow/.local/lib/python3.12/site-packages/airflow/example_dags/example_dynamic_task_mapping.py
[2025-01-19T04:30:14.578+0000] {logging_mixin.py:190} INFO - [2025-01-19T04:30:14.578+0000] {dag.py:3239} INFO - Sync 1 DAGs
[2025-01-19T04:30:14.618+0000] {logging_mixin.py:190} INFO - [2025-01-19T04:30:14.618+0000] {dag.py:4180} INFO - Setting next_dagrun for example_dynamic_task_mapping to None, run_after=None
[2025-01-19T04:30:14.666+0000] {processor.py:208} INFO - Processing /home/airflow/.local/lib/python3.12/site-packages/airflow/example_dags/example_dynamic_task_mapping.py took 0.170 seconds
[2025-01-19T04:30:46.677+0000] {processor.py:186} INFO - Started process (PID=394) to work on /home/airflow/.local/lib/python3.12/site-packages/airflow/example_dags/example_dynamic_task_mapping.py
[2025-01-19T04:30:46.683+0000] {processor.py:914} INFO - Processing file /home/airflow/.local/lib/python3.12/site-packages/airflow/example_dags/example_dynamic_task_mapping.py for tasks to queue
[2025-01-19T04:30:46.689+0000] {logging_mixin.py:190} INFO - [2025-01-19T04:30:46.688+0000] {dagbag.py:588} INFO - Filling up the DagBag from /home/airflow/.local/lib/python3.12/site-packages/airflow/example_dags/example_dynamic_task_mapping.py
[2025-01-19T04:30:46.709+0000] {processor.py:925} INFO - DAG(s) 'example_dynamic_task_mapping' retrieved from /home/airflow/.local/lib/python3.12/site-packages/airflow/example_dags/example_dynamic_task_mapping.py
[2025-01-19T04:30:46.753+0000] {logging_mixin.py:190} INFO - [2025-01-19T04:30:46.752+0000] {dag.py:3239} INFO - Sync 1 DAGs
[2025-01-19T04:30:46.790+0000] {logging_mixin.py:190} INFO - [2025-01-19T04:30:46.790+0000] {dag.py:4180} INFO - Setting next_dagrun for example_dynamic_task_mapping to None, run_after=None
[2025-01-19T04:30:46.846+0000] {processor.py:208} INFO - Processing /home/airflow/.local/lib/python3.12/site-packages/airflow/example_dags/example_dynamic_task_mapping.py took 0.181 seconds
[2025-01-19T04:31:26.656+0000] {processor.py:186} INFO - Started process (PID=465) to work on /home/airflow/.local/lib/python3.12/site-packages/airflow/example_dags/example_dynamic_task_mapping.py
[2025-01-19T04:31:26.658+0000] {processor.py:914} INFO - Processing file /home/airflow/.local/lib/python3.12/site-packages/airflow/example_dags/example_dynamic_task_mapping.py for tasks to queue
[2025-01-19T04:31:26.663+0000] {logging_mixin.py:190} INFO - [2025-01-19T04:31:26.662+0000] {dagbag.py:588} INFO - Filling up the DagBag from /home/airflow/.local/lib/python3.12/site-packages/airflow/example_dags/example_dynamic_task_mapping.py
[2025-01-19T04:31:26.688+0000] {processor.py:925} INFO - DAG(s) 'example_dynamic_task_mapping' retrieved from /home/airflow/.local/lib/python3.12/site-packages/airflow/example_dags/example_dynamic_task_mapping.py
[2025-01-19T04:31:26.729+0000] {logging_mixin.py:190} INFO - [2025-01-19T04:31:26.729+0000] {dag.py:3239} INFO - Sync 1 DAGs
[2025-01-19T04:31:26.768+0000] {logging_mixin.py:190} INFO - [2025-01-19T04:31:26.768+0000] {dag.py:4180} INFO - Setting next_dagrun for example_dynamic_task_mapping to None, run_after=None
[2025-01-19T04:31:26.815+0000] {processor.py:208} INFO - Processing /home/airflow/.local/lib/python3.12/site-packages/airflow/example_dags/example_dynamic_task_mapping.py took 0.172 seconds
[2025-01-19T04:32:02.273+0000] {processor.py:186} INFO - Started process (PID=529) to work on /home/airflow/.local/lib/python3.12/site-packages/airflow/example_dags/example_dynamic_task_mapping.py
[2025-01-19T04:32:02.275+0000] {processor.py:914} INFO - Processing file /home/airflow/.local/lib/python3.12/site-packages/airflow/example_dags/example_dynamic_task_mapping.py for tasks to queue
[2025-01-19T04:32:02.279+0000] {logging_mixin.py:190} INFO - [2025-01-19T04:32:02.278+0000] {dagbag.py:588} INFO - Filling up the DagBag from /home/airflow/.local/lib/python3.12/site-packages/airflow/example_dags/example_dynamic_task_mapping.py
[2025-01-19T04:32:02.297+0000] {processor.py:925} INFO - DAG(s) 'example_dynamic_task_mapping' retrieved from /home/airflow/.local/lib/python3.12/site-packages/airflow/example_dags/example_dynamic_task_mapping.py
[2025-01-19T04:32:02.351+0000] {logging_mixin.py:190} INFO - [2025-01-19T04:32:02.350+0000] {dag.py:3239} INFO - Sync 1 DAGs
[2025-01-19T04:32:02.397+0000] {logging_mixin.py:190} INFO - [2025-01-19T04:32:02.396+0000] {dag.py:4180} INFO - Setting next_dagrun for example_dynamic_task_mapping to None, run_after=None
[2025-01-19T04:32:02.482+0000] {processor.py:208} INFO - Processing /home/airflow/.local/lib/python3.12/site-packages/airflow/example_dags/example_dynamic_task_mapping.py took 0.223 seconds
[2025-01-19T04:32:35.270+0000] {processor.py:186} INFO - Started process (PID=592) to work on /home/airflow/.local/lib/python3.12/site-packages/airflow/example_dags/example_dynamic_task_mapping.py
[2025-01-19T04:32:35.272+0000] {processor.py:914} INFO - Processing file /home/airflow/.local/lib/python3.12/site-packages/airflow/example_dags/example_dynamic_task_mapping.py for tasks to queue
[2025-01-19T04:32:35.278+0000] {logging_mixin.py:190} INFO - [2025-01-19T04:32:35.277+0000] {dagbag.py:588} INFO - Filling up the DagBag from /home/airflow/.local/lib/python3.12/site-packages/airflow/example_dags/example_dynamic_task_mapping.py
[2025-01-19T04:32:35.310+0000] {processor.py:925} INFO - DAG(s) 'example_dynamic_task_mapping' retrieved from /home/airflow/.local/lib/python3.12/site-packages/airflow/example_dags/example_dynamic_task_mapping.py
[2025-01-19T04:32:35.361+0000] {logging_mixin.py:190} INFO - [2025-01-19T04:32:35.361+0000] {dag.py:3239} INFO - Sync 1 DAGs
[2025-01-19T04:32:35.397+0000] {logging_mixin.py:190} INFO - [2025-01-19T04:32:35.396+0000] {dag.py:4180} INFO - Setting next_dagrun for example_dynamic_task_mapping to None, run_after=None
[2025-01-19T04:32:35.440+0000] {processor.py:208} INFO - Processing /home/airflow/.local/lib/python3.12/site-packages/airflow/example_dags/example_dynamic_task_mapping.py took 0.189 seconds
[2025-01-19T04:33:12.666+0000] {processor.py:186} INFO - Started process (PID=661) to work on /home/airflow/.local/lib/python3.12/site-packages/airflow/example_dags/example_dynamic_task_mapping.py
[2025-01-19T04:33:12.668+0000] {processor.py:914} INFO - Processing file /home/airflow/.local/lib/python3.12/site-packages/airflow/example_dags/example_dynamic_task_mapping.py for tasks to queue
[2025-01-19T04:33:12.675+0000] {logging_mixin.py:190} INFO - [2025-01-19T04:33:12.674+0000] {dagbag.py:588} INFO - Filling up the DagBag from /home/airflow/.local/lib/python3.12/site-packages/airflow/example_dags/example_dynamic_task_mapping.py
[2025-01-19T04:33:12.703+0000] {processor.py:925} INFO - DAG(s) 'example_dynamic_task_mapping' retrieved from /home/airflow/.local/lib/python3.12/site-packages/airflow/example_dags/example_dynamic_task_mapping.py
[2025-01-19T04:33:12.766+0000] {logging_mixin.py:190} INFO - [2025-01-19T04:33:12.765+0000] {dag.py:3239} INFO - Sync 1 DAGs
[2025-01-19T04:33:12.820+0000] {logging_mixin.py:190} INFO - [2025-01-19T04:33:12.819+0000] {dag.py:4180} INFO - Setting next_dagrun for example_dynamic_task_mapping to None, run_after=None
[2025-01-19T04:33:12.880+0000] {processor.py:208} INFO - Processing /home/airflow/.local/lib/python3.12/site-packages/airflow/example_dags/example_dynamic_task_mapping.py took 0.238 seconds
[2025-01-19T04:33:43.467+0000] {processor.py:186} INFO - Started process (PID=723) to work on /home/airflow/.local/lib/python3.12/site-packages/airflow/example_dags/example_dynamic_task_mapping.py
[2025-01-19T04:33:43.470+0000] {processor.py:914} INFO - Processing file /home/airflow/.local/lib/python3.12/site-packages/airflow/example_dags/example_dynamic_task_mapping.py for tasks to queue
[2025-01-19T04:33:43.475+0000] {logging_mixin.py:190} INFO - [2025-01-19T04:33:43.475+0000] {dagbag.py:588} INFO - Filling up the DagBag from /home/airflow/.local/lib/python3.12/site-packages/airflow/example_dags/example_dynamic_task_mapping.py
[2025-01-19T04:33:43.498+0000] {processor.py:925} INFO - DAG(s) 'example_dynamic_task_mapping' retrieved from /home/airflow/.local/lib/python3.12/site-packages/airflow/example_dags/example_dynamic_task_mapping.py
[2025-01-19T04:33:43.543+0000] {logging_mixin.py:190} INFO - [2025-01-19T04:33:43.543+0000] {dag.py:3239} INFO - Sync 1 DAGs
[2025-01-19T04:33:43.581+0000] {logging_mixin.py:190} INFO - [2025-01-19T04:33:43.580+0000] {dag.py:4180} INFO - Setting next_dagrun for example_dynamic_task_mapping to None, run_after=None
[2025-01-19T04:33:43.626+0000] {processor.py:208} INFO - Processing /home/airflow/.local/lib/python3.12/site-packages/airflow/example_dags/example_dynamic_task_mapping.py took 0.174 seconds
[2025-01-19T04:34:14.765+0000] {processor.py:186} INFO - Started process (PID=787) to work on /home/airflow/.local/lib/python3.12/site-packages/airflow/example_dags/example_dynamic_task_mapping.py
[2025-01-19T04:34:14.767+0000] {processor.py:914} INFO - Processing file /home/airflow/.local/lib/python3.12/site-packages/airflow/example_dags/example_dynamic_task_mapping.py for tasks to queue
[2025-01-19T04:34:14.771+0000] {logging_mixin.py:190} INFO - [2025-01-19T04:34:14.771+0000] {dagbag.py:588} INFO - Filling up the DagBag from /home/airflow/.local/lib/python3.12/site-packages/airflow/example_dags/example_dynamic_task_mapping.py
[2025-01-19T04:34:14.787+0000] {processor.py:925} INFO - DAG(s) 'example_dynamic_task_mapping' retrieved from /home/airflow/.local/lib/python3.12/site-packages/airflow/example_dags/example_dynamic_task_mapping.py
[2025-01-19T04:34:14.821+0000] {logging_mixin.py:190} INFO - [2025-01-19T04:34:14.820+0000] {dag.py:3239} INFO - Sync 1 DAGs
[2025-01-19T04:34:14.847+0000] {logging_mixin.py:190} INFO - [2025-01-19T04:34:14.846+0000] {dag.py:4180} INFO - Setting next_dagrun for example_dynamic_task_mapping to None, run_after=None
[2025-01-19T04:34:14.905+0000] {processor.py:208} INFO - Processing /home/airflow/.local/lib/python3.12/site-packages/airflow/example_dags/example_dynamic_task_mapping.py took 0.153 seconds
[2025-01-19T04:34:48.891+0000] {processor.py:186} INFO - Started process (PID=850) to work on /home/airflow/.local/lib/python3.12/site-packages/airflow/example_dags/example_dynamic_task_mapping.py
[2025-01-19T04:34:48.925+0000] {processor.py:914} INFO - Processing file /home/airflow/.local/lib/python3.12/site-packages/airflow/example_dags/example_dynamic_task_mapping.py for tasks to queue
[2025-01-19T04:34:48.945+0000] {logging_mixin.py:190} INFO - [2025-01-19T04:34:48.944+0000] {dagbag.py:588} INFO - Filling up the DagBag from /home/airflow/.local/lib/python3.12/site-packages/airflow/example_dags/example_dynamic_task_mapping.py
[2025-01-19T04:34:47.439+0000] {processor.py:925} INFO - DAG(s) 'example_dynamic_task_mapping' retrieved from /home/airflow/.local/lib/python3.12/site-packages/airflow/example_dags/example_dynamic_task_mapping.py
[2025-01-19T04:34:47.593+0000] {logging_mixin.py:190} INFO - [2025-01-19T04:34:47.592+0000] {dag.py:3239} INFO - Sync 1 DAGs
[2025-01-19T04:34:47.726+0000] {logging_mixin.py:190} INFO - [2025-01-19T04:34:47.725+0000] {dag.py:4180} INFO - Setting next_dagrun for example_dynamic_task_mapping to None, run_after=None
[2025-01-19T04:34:47.872+0000] {processor.py:208} INFO - Processing /home/airflow/.local/lib/python3.12/site-packages/airflow/example_dags/example_dynamic_task_mapping.py took 0.617 seconds
[2025-01-19T04:35:36.329+0000] {processor.py:186} INFO - Started process (PID=918) to work on /home/airflow/.local/lib/python3.12/site-packages/airflow/example_dags/example_dynamic_task_mapping.py
[2025-01-19T04:35:36.332+0000] {processor.py:914} INFO - Processing file /home/airflow/.local/lib/python3.12/site-packages/airflow/example_dags/example_dynamic_task_mapping.py for tasks to queue
[2025-01-19T04:35:36.338+0000] {logging_mixin.py:190} INFO - [2025-01-19T04:35:36.337+0000] {dagbag.py:588} INFO - Filling up the DagBag from /home/airflow/.local/lib/python3.12/site-packages/airflow/example_dags/example_dynamic_task_mapping.py
[2025-01-19T04:35:36.361+0000] {processor.py:925} INFO - DAG(s) 'example_dynamic_task_mapping' retrieved from /home/airflow/.local/lib/python3.12/site-packages/airflow/example_dags/example_dynamic_task_mapping.py
[2025-01-19T04:35:36.459+0000] {logging_mixin.py:190} INFO - [2025-01-19T04:35:36.452+0000] {dag.py:3239} INFO - Sync 1 DAGs
[2025-01-19T04:35:36.600+0000] {logging_mixin.py:190} INFO - [2025-01-19T04:35:36.600+0000] {dag.py:4180} INFO - Setting next_dagrun for example_dynamic_task_mapping to None, run_after=None
[2025-01-19T04:35:36.705+0000] {processor.py:208} INFO - Processing /home/airflow/.local/lib/python3.12/site-packages/airflow/example_dags/example_dynamic_task_mapping.py took 0.390 seconds
[2025-01-19T04:36:07.423+0000] {processor.py:186} INFO - Started process (PID=981) to work on /home/airflow/.local/lib/python3.12/site-packages/airflow/example_dags/example_dynamic_task_mapping.py
[2025-01-19T04:36:07.425+0000] {processor.py:914} INFO - Processing file /home/airflow/.local/lib/python3.12/site-packages/airflow/example_dags/example_dynamic_task_mapping.py for tasks to queue
[2025-01-19T04:36:07.430+0000] {logging_mixin.py:190} INFO - [2025-01-19T04:36:07.430+0000] {dagbag.py:588} INFO - Filling up the DagBag from /home/airflow/.local/lib/python3.12/site-packages/airflow/example_dags/example_dynamic_task_mapping.py
[2025-01-19T04:36:07.446+0000] {processor.py:925} INFO - DAG(s) 'example_dynamic_task_mapping' retrieved from /home/airflow/.local/lib/python3.12/site-packages/airflow/example_dags/example_dynamic_task_mapping.py
[2025-01-19T04:36:07.481+0000] {logging_mixin.py:190} INFO - [2025-01-19T04:36:07.481+0000] {dag.py:3239} INFO - Sync 1 DAGs
[2025-01-19T04:36:07.508+0000] {logging_mixin.py:190} INFO - [2025-01-19T04:36:07.508+0000] {dag.py:4180} INFO - Setting next_dagrun for example_dynamic_task_mapping to None, run_after=None
[2025-01-19T04:36:07.576+0000] {processor.py:208} INFO - Processing /home/airflow/.local/lib/python3.12/site-packages/airflow/example_dags/example_dynamic_task_mapping.py took 0.165 seconds
[2025-01-19T04:36:40.145+0000] {processor.py:186} INFO - Started process (PID=1046) to work on /home/airflow/.local/lib/python3.12/site-packages/airflow/example_dags/example_dynamic_task_mapping.py
[2025-01-19T04:36:40.147+0000] {processor.py:914} INFO - Processing file /home/airflow/.local/lib/python3.12/site-packages/airflow/example_dags/example_dynamic_task_mapping.py for tasks to queue
[2025-01-19T04:36:40.152+0000] {logging_mixin.py:190} INFO - [2025-01-19T04:36:40.151+0000] {dagbag.py:588} INFO - Filling up the DagBag from /home/airflow/.local/lib/python3.12/site-packages/airflow/example_dags/example_dynamic_task_mapping.py
[2025-01-19T04:36:40.170+0000] {processor.py:925} INFO - DAG(s) 'example_dynamic_task_mapping' retrieved from /home/airflow/.local/lib/python3.12/site-packages/airflow/example_dags/example_dynamic_task_mapping.py
[2025-01-19T04:36:40.228+0000] {logging_mixin.py:190} INFO - [2025-01-19T04:36:40.227+0000] {dag.py:3239} INFO - Sync 1 DAGs
[2025-01-19T04:36:40.278+0000] {logging_mixin.py:190} INFO - [2025-01-19T04:36:40.278+0000] {dag.py:4180} INFO - Setting next_dagrun for example_dynamic_task_mapping to None, run_after=None
[2025-01-19T04:36:40.348+0000] {processor.py:208} INFO - Processing /home/airflow/.local/lib/python3.12/site-packages/airflow/example_dags/example_dynamic_task_mapping.py took 0.216 seconds
[2025-01-19T04:41:40.337+0000] {processor.py:186} INFO - Started process (PID=1120) to work on /home/airflow/.local/lib/python3.12/site-packages/airflow/example_dags/example_dynamic_task_mapping.py
[2025-01-19T04:41:40.340+0000] {processor.py:914} INFO - Processing file /home/airflow/.local/lib/python3.12/site-packages/airflow/example_dags/example_dynamic_task_mapping.py for tasks to queue
[2025-01-19T04:41:40.354+0000] {logging_mixin.py:190} INFO - [2025-01-19T04:41:40.353+0000] {dagbag.py:588} INFO - Filling up the DagBag from /home/airflow/.local/lib/python3.12/site-packages/airflow/example_dags/example_dynamic_task_mapping.py
[2025-01-19T04:41:40.460+0000] {processor.py:925} INFO - DAG(s) 'example_dynamic_task_mapping' retrieved from /home/airflow/.local/lib/python3.12/site-packages/airflow/example_dags/example_dynamic_task_mapping.py
[2025-01-19T04:41:40.567+0000] {logging_mixin.py:190} INFO - [2025-01-19T04:41:40.567+0000] {dag.py:3239} INFO - Sync 1 DAGs
[2025-01-19T04:41:40.628+0000] {logging_mixin.py:190} INFO - [2025-01-19T04:41:40.628+0000] {dag.py:4180} INFO - Setting next_dagrun for example_dynamic_task_mapping to None, run_after=None
[2025-01-19T04:41:40.685+0000] {processor.py:208} INFO - Processing /home/airflow/.local/lib/python3.12/site-packages/airflow/example_dags/example_dynamic_task_mapping.py took 0.411 seconds
