[2025-01-19T04:12:57.773+0000] {processor.py:186} INFO - Started process (PID=456) to work on /home/airflow/.local/lib/python3.12/site-packages/airflow/example_dags/example_params_trigger_ui.py
[2025-01-19T04:12:57.776+0000] {processor.py:914} INFO - Processing file /home/airflow/.local/lib/python3.12/site-packages/airflow/example_dags/example_params_trigger_ui.py for tasks to queue
[2025-01-19T04:12:57.787+0000] {logging_mixin.py:190} INFO - [2025-01-19T04:12:57.786+0000] {dagbag.py:588} INFO - Filling up the DagBag from /home/airflow/.local/lib/python3.12/site-packages/airflow/example_dags/example_params_trigger_ui.py
[2025-01-19T04:12:57.848+0000] {processor.py:925} INFO - DAG(s) 'example_params_trigger_ui' retrieved from /home/airflow/.local/lib/python3.12/site-packages/airflow/example_dags/example_params_trigger_ui.py
[2025-01-19T04:12:58.113+0000] {logging_mixin.py:190} INFO - [2025-01-19T04:12:58.106+0000] {dag.py:3239} INFO - Sync 1 DAGs
[2025-01-19T04:12:58.324+0000] {logging_mixin.py:190} INFO - [2025-01-19T04:12:58.323+0000] {dag.py:4180} INFO - Setting next_dagrun for example_params_trigger_ui to None, run_after=None
[2025-01-19T04:12:58.616+0000] {processor.py:208} INFO - Processing /home/airflow/.local/lib/python3.12/site-packages/airflow/example_dags/example_params_trigger_ui.py took 0.864 seconds
[2025-01-19T04:13:29.735+0000] {processor.py:186} INFO - Started process (PID=519) to work on /home/airflow/.local/lib/python3.12/site-packages/airflow/example_dags/example_params_trigger_ui.py
[2025-01-19T04:13:29.738+0000] {processor.py:914} INFO - Processing file /home/airflow/.local/lib/python3.12/site-packages/airflow/example_dags/example_params_trigger_ui.py for tasks to queue
[2025-01-19T04:13:29.742+0000] {logging_mixin.py:190} INFO - [2025-01-19T04:13:29.741+0000] {dagbag.py:588} INFO - Filling up the DagBag from /home/airflow/.local/lib/python3.12/site-packages/airflow/example_dags/example_params_trigger_ui.py
[2025-01-19T04:13:29.765+0000] {processor.py:925} INFO - DAG(s) 'example_params_trigger_ui' retrieved from /home/airflow/.local/lib/python3.12/site-packages/airflow/example_dags/example_params_trigger_ui.py
[2025-01-19T04:13:29.871+0000] {logging_mixin.py:190} INFO - [2025-01-19T04:13:29.870+0000] {dag.py:3239} INFO - Sync 1 DAGs
[2025-01-19T04:13:29.917+0000] {logging_mixin.py:190} INFO - [2025-01-19T04:13:29.916+0000] {dag.py:4180} INFO - Setting next_dagrun for example_params_trigger_ui to None, run_after=None
[2025-01-19T04:13:30.013+0000] {processor.py:208} INFO - Processing /home/airflow/.local/lib/python3.12/site-packages/airflow/example_dags/example_params_trigger_ui.py took 0.289 seconds
[2025-01-19T04:14:04.759+0000] {processor.py:186} INFO - Started process (PID=578) to work on /home/airflow/.local/lib/python3.12/site-packages/airflow/example_dags/example_params_trigger_ui.py
[2025-01-19T04:14:04.762+0000] {processor.py:914} INFO - Processing file /home/airflow/.local/lib/python3.12/site-packages/airflow/example_dags/example_params_trigger_ui.py for tasks to queue
[2025-01-19T04:14:04.768+0000] {logging_mixin.py:190} INFO - [2025-01-19T04:14:04.768+0000] {dagbag.py:588} INFO - Filling up the DagBag from /home/airflow/.local/lib/python3.12/site-packages/airflow/example_dags/example_params_trigger_ui.py
[2025-01-19T04:14:04.799+0000] {processor.py:925} INFO - DAG(s) 'example_params_trigger_ui' retrieved from /home/airflow/.local/lib/python3.12/site-packages/airflow/example_dags/example_params_trigger_ui.py
[2025-01-19T04:14:04.962+0000] {logging_mixin.py:190} INFO - [2025-01-19T04:14:04.961+0000] {dag.py:3239} INFO - Sync 1 DAGs
[2025-01-19T04:14:05.007+0000] {logging_mixin.py:190} INFO - [2025-01-19T04:14:05.007+0000] {dag.py:4180} INFO - Setting next_dagrun for example_params_trigger_ui to None, run_after=None
[2025-01-19T04:14:05.058+0000] {processor.py:208} INFO - Processing /home/airflow/.local/lib/python3.12/site-packages/airflow/example_dags/example_params_trigger_ui.py took 0.313 seconds
[2025-01-19T04:15:18.616+0000] {processor.py:186} INFO - Started process (PID=639) to work on /home/airflow/.local/lib/python3.12/site-packages/airflow/example_dags/example_params_trigger_ui.py
[2025-01-19T04:15:18.619+0000] {processor.py:914} INFO - Processing file /home/airflow/.local/lib/python3.12/site-packages/airflow/example_dags/example_params_trigger_ui.py for tasks to queue
[2025-01-19T04:15:18.624+0000] {logging_mixin.py:190} INFO - [2025-01-19T04:15:18.624+0000] {dagbag.py:588} INFO - Filling up the DagBag from /home/airflow/.local/lib/python3.12/site-packages/airflow/example_dags/example_params_trigger_ui.py
[2025-01-19T04:15:18.655+0000] {processor.py:925} INFO - DAG(s) 'example_params_trigger_ui' retrieved from /home/airflow/.local/lib/python3.12/site-packages/airflow/example_dags/example_params_trigger_ui.py
[2025-01-19T04:15:18.828+0000] {logging_mixin.py:190} INFO - [2025-01-19T04:15:18.828+0000] {dag.py:3239} INFO - Sync 1 DAGs
[2025-01-19T04:15:18.910+0000] {logging_mixin.py:190} INFO - [2025-01-19T04:15:18.909+0000] {dag.py:4180} INFO - Setting next_dagrun for example_params_trigger_ui to None, run_after=None
[2025-01-19T04:15:18.991+0000] {processor.py:208} INFO - Processing /home/airflow/.local/lib/python3.12/site-packages/airflow/example_dags/example_params_trigger_ui.py took 0.389 seconds
[2025-01-19T04:18:21.444+0000] {processor.py:186} INFO - Started process (PID=696) to work on /home/airflow/.local/lib/python3.12/site-packages/airflow/example_dags/example_params_trigger_ui.py
[2025-01-19T04:18:21.447+0000] {processor.py:914} INFO - Processing file /home/airflow/.local/lib/python3.12/site-packages/airflow/example_dags/example_params_trigger_ui.py for tasks to queue
[2025-01-19T04:18:21.454+0000] {logging_mixin.py:190} INFO - [2025-01-19T04:18:21.453+0000] {dagbag.py:588} INFO - Filling up the DagBag from /home/airflow/.local/lib/python3.12/site-packages/airflow/example_dags/example_params_trigger_ui.py
[2025-01-19T04:18:21.544+0000] {processor.py:925} INFO - DAG(s) 'example_params_trigger_ui' retrieved from /home/airflow/.local/lib/python3.12/site-packages/airflow/example_dags/example_params_trigger_ui.py
[2025-01-19T04:18:21.864+0000] {logging_mixin.py:190} INFO - [2025-01-19T04:18:21.863+0000] {dag.py:3239} INFO - Sync 1 DAGs
[2025-01-19T04:18:22.010+0000] {logging_mixin.py:190} INFO - [2025-01-19T04:18:22.009+0000] {dag.py:4180} INFO - Setting next_dagrun for example_params_trigger_ui to None, run_after=None
[2025-01-19T04:18:22.218+0000] {processor.py:208} INFO - Processing /home/airflow/.local/lib/python3.12/site-packages/airflow/example_dags/example_params_trigger_ui.py took 0.808 seconds
[2025-01-19T04:18:55.251+0000] {processor.py:186} INFO - Started process (PID=759) to work on /home/airflow/.local/lib/python3.12/site-packages/airflow/example_dags/example_params_trigger_ui.py
[2025-01-19T04:18:55.254+0000] {processor.py:914} INFO - Processing file /home/airflow/.local/lib/python3.12/site-packages/airflow/example_dags/example_params_trigger_ui.py for tasks to queue
[2025-01-19T04:18:55.257+0000] {logging_mixin.py:190} INFO - [2025-01-19T04:18:55.256+0000] {dagbag.py:588} INFO - Filling up the DagBag from /home/airflow/.local/lib/python3.12/site-packages/airflow/example_dags/example_params_trigger_ui.py
[2025-01-19T04:18:55.300+0000] {processor.py:925} INFO - DAG(s) 'example_params_trigger_ui' retrieved from /home/airflow/.local/lib/python3.12/site-packages/airflow/example_dags/example_params_trigger_ui.py
[2025-01-19T04:18:55.466+0000] {logging_mixin.py:190} INFO - [2025-01-19T04:18:55.465+0000] {dag.py:3239} INFO - Sync 1 DAGs
[2025-01-19T04:18:55.528+0000] {logging_mixin.py:190} INFO - [2025-01-19T04:18:55.528+0000] {dag.py:4180} INFO - Setting next_dagrun for example_params_trigger_ui to None, run_after=None
[2025-01-19T04:18:55.649+0000] {processor.py:208} INFO - Processing /home/airflow/.local/lib/python3.12/site-packages/airflow/example_dags/example_params_trigger_ui.py took 0.413 seconds
[2025-01-19T04:19:26.965+0000] {processor.py:186} INFO - Started process (PID=822) to work on /home/airflow/.local/lib/python3.12/site-packages/airflow/example_dags/example_params_trigger_ui.py
[2025-01-19T04:19:26.984+0000] {processor.py:914} INFO - Processing file /home/airflow/.local/lib/python3.12/site-packages/airflow/example_dags/example_params_trigger_ui.py for tasks to queue
[2025-01-19T04:19:26.996+0000] {logging_mixin.py:190} INFO - [2025-01-19T04:19:26.995+0000] {dagbag.py:588} INFO - Filling up the DagBag from /home/airflow/.local/lib/python3.12/site-packages/airflow/example_dags/example_params_trigger_ui.py
[2025-01-19T04:19:27.038+0000] {processor.py:925} INFO - DAG(s) 'example_params_trigger_ui' retrieved from /home/airflow/.local/lib/python3.12/site-packages/airflow/example_dags/example_params_trigger_ui.py
[2025-01-19T04:19:27.198+0000] {logging_mixin.py:190} INFO - [2025-01-19T04:19:27.194+0000] {dag.py:3239} INFO - Sync 1 DAGs
[2025-01-19T04:19:27.269+0000] {logging_mixin.py:190} INFO - [2025-01-19T04:19:27.269+0000] {dag.py:4180} INFO - Setting next_dagrun for example_params_trigger_ui to None, run_after=None
[2025-01-19T04:19:27.375+0000] {processor.py:208} INFO - Processing /home/airflow/.local/lib/python3.12/site-packages/airflow/example_dags/example_params_trigger_ui.py took 0.433 seconds
[2025-01-19T04:19:57.560+0000] {processor.py:186} INFO - Started process (PID=885) to work on /home/airflow/.local/lib/python3.12/site-packages/airflow/example_dags/example_params_trigger_ui.py
[2025-01-19T04:19:57.562+0000] {processor.py:914} INFO - Processing file /home/airflow/.local/lib/python3.12/site-packages/airflow/example_dags/example_params_trigger_ui.py for tasks to queue
[2025-01-19T04:19:57.566+0000] {logging_mixin.py:190} INFO - [2025-01-19T04:19:57.564+0000] {dagbag.py:588} INFO - Filling up the DagBag from /home/airflow/.local/lib/python3.12/site-packages/airflow/example_dags/example_params_trigger_ui.py
[2025-01-19T04:19:57.596+0000] {processor.py:925} INFO - DAG(s) 'example_params_trigger_ui' retrieved from /home/airflow/.local/lib/python3.12/site-packages/airflow/example_dags/example_params_trigger_ui.py
[2025-01-19T04:19:57.714+0000] {logging_mixin.py:190} INFO - [2025-01-19T04:19:57.714+0000] {dag.py:3239} INFO - Sync 1 DAGs
[2025-01-19T04:19:57.751+0000] {logging_mixin.py:190} INFO - [2025-01-19T04:19:57.751+0000] {dag.py:4180} INFO - Setting next_dagrun for example_params_trigger_ui to None, run_after=None
[2025-01-19T04:19:57.801+0000] {processor.py:208} INFO - Processing /home/airflow/.local/lib/python3.12/site-packages/airflow/example_dags/example_params_trigger_ui.py took 0.254 seconds
[2025-01-19T04:20:28.048+0000] {processor.py:186} INFO - Started process (PID=948) to work on /home/airflow/.local/lib/python3.12/site-packages/airflow/example_dags/example_params_trigger_ui.py
[2025-01-19T04:20:28.051+0000] {processor.py:914} INFO - Processing file /home/airflow/.local/lib/python3.12/site-packages/airflow/example_dags/example_params_trigger_ui.py for tasks to queue
[2025-01-19T04:20:28.056+0000] {logging_mixin.py:190} INFO - [2025-01-19T04:20:28.055+0000] {dagbag.py:588} INFO - Filling up the DagBag from /home/airflow/.local/lib/python3.12/site-packages/airflow/example_dags/example_params_trigger_ui.py
[2025-01-19T04:20:28.098+0000] {processor.py:925} INFO - DAG(s) 'example_params_trigger_ui' retrieved from /home/airflow/.local/lib/python3.12/site-packages/airflow/example_dags/example_params_trigger_ui.py
[2025-01-19T04:20:28.211+0000] {logging_mixin.py:190} INFO - [2025-01-19T04:20:28.211+0000] {dag.py:3239} INFO - Sync 1 DAGs
[2025-01-19T04:20:28.249+0000] {logging_mixin.py:190} INFO - [2025-01-19T04:20:28.249+0000] {dag.py:4180} INFO - Setting next_dagrun for example_params_trigger_ui to None, run_after=None
[2025-01-19T04:20:28.308+0000] {processor.py:208} INFO - Processing /home/airflow/.local/lib/python3.12/site-packages/airflow/example_dags/example_params_trigger_ui.py took 0.276 seconds
[2025-01-19T04:21:25.595+0000] {processor.py:186} INFO - Started process (PID=1018) to work on /home/airflow/.local/lib/python3.12/site-packages/airflow/example_dags/example_params_trigger_ui.py
[2025-01-19T04:21:25.597+0000] {processor.py:914} INFO - Processing file /home/airflow/.local/lib/python3.12/site-packages/airflow/example_dags/example_params_trigger_ui.py for tasks to queue
[2025-01-19T04:21:25.605+0000] {logging_mixin.py:190} INFO - [2025-01-19T04:21:25.604+0000] {dagbag.py:588} INFO - Filling up the DagBag from /home/airflow/.local/lib/python3.12/site-packages/airflow/example_dags/example_params_trigger_ui.py
[2025-01-19T04:21:25.653+0000] {processor.py:925} INFO - DAG(s) 'example_params_trigger_ui' retrieved from /home/airflow/.local/lib/python3.12/site-packages/airflow/example_dags/example_params_trigger_ui.py
[2025-01-19T04:21:25.865+0000] {logging_mixin.py:190} INFO - [2025-01-19T04:21:25.864+0000] {dag.py:3239} INFO - Sync 1 DAGs
[2025-01-19T04:21:25.915+0000] {logging_mixin.py:190} INFO - [2025-01-19T04:21:25.915+0000] {dag.py:4180} INFO - Setting next_dagrun for example_params_trigger_ui to None, run_after=None
[2025-01-19T04:21:25.961+0000] {processor.py:208} INFO - Processing /home/airflow/.local/lib/python3.12/site-packages/airflow/example_dags/example_params_trigger_ui.py took 0.391 seconds
[2025-01-19T04:27:34.400+0000] {processor.py:186} INFO - Started process (PID=73) to work on /home/airflow/.local/lib/python3.12/site-packages/airflow/example_dags/example_params_trigger_ui.py
[2025-01-19T04:27:34.418+0000] {processor.py:914} INFO - Processing file /home/airflow/.local/lib/python3.12/site-packages/airflow/example_dags/example_params_trigger_ui.py for tasks to queue
[2025-01-19T04:27:34.426+0000] {logging_mixin.py:190} INFO - [2025-01-19T04:27:34.425+0000] {dagbag.py:588} INFO - Filling up the DagBag from /home/airflow/.local/lib/python3.12/site-packages/airflow/example_dags/example_params_trigger_ui.py
[2025-01-19T04:27:34.534+0000] {processor.py:925} INFO - DAG(s) 'example_params_trigger_ui' retrieved from /home/airflow/.local/lib/python3.12/site-packages/airflow/example_dags/example_params_trigger_ui.py
[2025-01-19T04:27:36.364+0000] {logging_mixin.py:190} INFO - [2025-01-19T04:27:36.361+0000] {override.py:1911} INFO - Created Permission View: can delete on DAG:example_params_trigger_ui
[2025-01-19T04:27:36.443+0000] {logging_mixin.py:190} INFO - [2025-01-19T04:27:36.441+0000] {override.py:1911} INFO - Created Permission View: can edit on DAG:example_params_trigger_ui
[2025-01-19T04:27:36.553+0000] {logging_mixin.py:190} INFO - [2025-01-19T04:27:36.552+0000] {override.py:1911} INFO - Created Permission View: can read on DAG:example_params_trigger_ui
[2025-01-19T04:27:36.604+0000] {logging_mixin.py:190} INFO - [2025-01-19T04:27:36.603+0000] {override.py:1911} INFO - Created Permission View: can create on DAG Run:example_params_trigger_ui
[2025-01-19T04:27:36.645+0000] {logging_mixin.py:190} INFO - [2025-01-19T04:27:36.645+0000] {override.py:1911} INFO - Created Permission View: menu access on DAG Run:example_params_trigger_ui
[2025-01-19T04:27:36.680+0000] {logging_mixin.py:190} INFO - [2025-01-19T04:27:36.676+0000] {override.py:1911} INFO - Created Permission View: can delete on DAG Run:example_params_trigger_ui
[2025-01-19T04:27:36.701+0000] {logging_mixin.py:190} INFO - [2025-01-19T04:27:36.700+0000] {override.py:1911} INFO - Created Permission View: can read on DAG Run:example_params_trigger_ui
[2025-01-19T04:27:36.703+0000] {logging_mixin.py:190} INFO - [2025-01-19T04:27:36.702+0000] {dag.py:3239} INFO - Sync 1 DAGs
[2025-01-19T04:27:36.764+0000] {logging_mixin.py:190} INFO - [2025-01-19T04:27:36.763+0000] {dag.py:3262} INFO - Creating ORM DAG for example_params_trigger_ui
[2025-01-19T04:27:36.768+0000] {logging_mixin.py:190} INFO - [2025-01-19T04:27:36.768+0000] {dag.py:4180} INFO - Setting next_dagrun for example_params_trigger_ui to None, run_after=None
[2025-01-19T04:27:37.018+0000] {processor.py:208} INFO - Processing /home/airflow/.local/lib/python3.12/site-packages/airflow/example_dags/example_params_trigger_ui.py took 2.700 seconds
[2025-01-19T04:28:27.156+0000] {processor.py:186} INFO - Started process (PID=142) to work on /home/airflow/.local/lib/python3.12/site-packages/airflow/example_dags/example_params_trigger_ui.py
[2025-01-19T04:28:27.164+0000] {processor.py:914} INFO - Processing file /home/airflow/.local/lib/python3.12/site-packages/airflow/example_dags/example_params_trigger_ui.py for tasks to queue
[2025-01-19T04:28:27.172+0000] {logging_mixin.py:190} INFO - [2025-01-19T04:28:27.171+0000] {dagbag.py:588} INFO - Filling up the DagBag from /home/airflow/.local/lib/python3.12/site-packages/airflow/example_dags/example_params_trigger_ui.py
[2025-01-19T04:28:27.270+0000] {processor.py:925} INFO - DAG(s) 'example_params_trigger_ui' retrieved from /home/airflow/.local/lib/python3.12/site-packages/airflow/example_dags/example_params_trigger_ui.py
[2025-01-19T04:28:27.574+0000] {logging_mixin.py:190} INFO - [2025-01-19T04:28:27.573+0000] {dag.py:3239} INFO - Sync 1 DAGs
[2025-01-19T04:28:27.659+0000] {logging_mixin.py:190} INFO - [2025-01-19T04:28:27.659+0000] {dag.py:4180} INFO - Setting next_dagrun for example_params_trigger_ui to None, run_after=None
[2025-01-19T04:28:27.746+0000] {processor.py:208} INFO - Processing /home/airflow/.local/lib/python3.12/site-packages/airflow/example_dags/example_params_trigger_ui.py took 0.616 seconds
[2025-01-19T04:28:58.989+0000] {processor.py:186} INFO - Started process (PID=205) to work on /home/airflow/.local/lib/python3.12/site-packages/airflow/example_dags/example_params_trigger_ui.py
[2025-01-19T04:28:58.993+0000] {processor.py:914} INFO - Processing file /home/airflow/.local/lib/python3.12/site-packages/airflow/example_dags/example_params_trigger_ui.py for tasks to queue
[2025-01-19T04:28:59.001+0000] {logging_mixin.py:190} INFO - [2025-01-19T04:28:58.999+0000] {dagbag.py:588} INFO - Filling up the DagBag from /home/airflow/.local/lib/python3.12/site-packages/airflow/example_dags/example_params_trigger_ui.py
[2025-01-19T04:28:59.074+0000] {processor.py:925} INFO - DAG(s) 'example_params_trigger_ui' retrieved from /home/airflow/.local/lib/python3.12/site-packages/airflow/example_dags/example_params_trigger_ui.py
[2025-01-19T04:28:59.189+0000] {logging_mixin.py:190} INFO - [2025-01-19T04:28:59.189+0000] {dag.py:3239} INFO - Sync 1 DAGs
[2025-01-19T04:28:59.220+0000] {logging_mixin.py:190} INFO - [2025-01-19T04:28:59.219+0000] {dag.py:4180} INFO - Setting next_dagrun for example_params_trigger_ui to None, run_after=None
[2025-01-19T04:28:59.267+0000] {processor.py:208} INFO - Processing /home/airflow/.local/lib/python3.12/site-packages/airflow/example_dags/example_params_trigger_ui.py took 0.297 seconds
[2025-01-19T04:29:29.521+0000] {processor.py:186} INFO - Started process (PID=268) to work on /home/airflow/.local/lib/python3.12/site-packages/airflow/example_dags/example_params_trigger_ui.py
[2025-01-19T04:29:29.523+0000] {processor.py:914} INFO - Processing file /home/airflow/.local/lib/python3.12/site-packages/airflow/example_dags/example_params_trigger_ui.py for tasks to queue
[2025-01-19T04:29:29.527+0000] {logging_mixin.py:190} INFO - [2025-01-19T04:29:29.526+0000] {dagbag.py:588} INFO - Filling up the DagBag from /home/airflow/.local/lib/python3.12/site-packages/airflow/example_dags/example_params_trigger_ui.py
[2025-01-19T04:29:29.553+0000] {processor.py:925} INFO - DAG(s) 'example_params_trigger_ui' retrieved from /home/airflow/.local/lib/python3.12/site-packages/airflow/example_dags/example_params_trigger_ui.py
[2025-01-19T04:29:29.678+0000] {logging_mixin.py:190} INFO - [2025-01-19T04:29:29.677+0000] {dag.py:3239} INFO - Sync 1 DAGs
[2025-01-19T04:29:29.718+0000] {logging_mixin.py:190} INFO - [2025-01-19T04:29:29.717+0000] {dag.py:4180} INFO - Setting next_dagrun for example_params_trigger_ui to None, run_after=None
[2025-01-19T04:29:29.759+0000] {processor.py:208} INFO - Processing /home/airflow/.local/lib/python3.12/site-packages/airflow/example_dags/example_params_trigger_ui.py took 0.250 seconds
[2025-01-19T04:30:08.943+0000] {processor.py:186} INFO - Started process (PID=308) to work on /home/airflow/.local/lib/python3.12/site-packages/airflow/example_dags/example_params_trigger_ui.py
[2025-01-19T04:30:08.946+0000] {processor.py:914} INFO - Processing file /home/airflow/.local/lib/python3.12/site-packages/airflow/example_dags/example_params_trigger_ui.py for tasks to queue
[2025-01-19T04:30:08.951+0000] {logging_mixin.py:190} INFO - [2025-01-19T04:30:08.951+0000] {dagbag.py:588} INFO - Filling up the DagBag from /home/airflow/.local/lib/python3.12/site-packages/airflow/example_dags/example_params_trigger_ui.py
[2025-01-19T04:30:09.047+0000] {processor.py:925} INFO - DAG(s) 'example_params_trigger_ui' retrieved from /home/airflow/.local/lib/python3.12/site-packages/airflow/example_dags/example_params_trigger_ui.py
[2025-01-19T04:30:09.397+0000] {logging_mixin.py:190} INFO - [2025-01-19T04:30:09.396+0000] {dag.py:3239} INFO - Sync 1 DAGs
[2025-01-19T04:30:09.524+0000] {logging_mixin.py:190} INFO - [2025-01-19T04:30:09.523+0000] {dag.py:4180} INFO - Setting next_dagrun for example_params_trigger_ui to None, run_after=None
[2025-01-19T04:30:09.572+0000] {processor.py:208} INFO - Processing /home/airflow/.local/lib/python3.12/site-packages/airflow/example_dags/example_params_trigger_ui.py took 0.657 seconds
[2025-01-19T04:30:41.810+0000] {processor.py:186} INFO - Started process (PID=371) to work on /home/airflow/.local/lib/python3.12/site-packages/airflow/example_dags/example_params_trigger_ui.py
[2025-01-19T04:30:41.814+0000] {processor.py:914} INFO - Processing file /home/airflow/.local/lib/python3.12/site-packages/airflow/example_dags/example_params_trigger_ui.py for tasks to queue
[2025-01-19T04:30:41.819+0000] {logging_mixin.py:190} INFO - [2025-01-19T04:30:41.818+0000] {dagbag.py:588} INFO - Filling up the DagBag from /home/airflow/.local/lib/python3.12/site-packages/airflow/example_dags/example_params_trigger_ui.py
[2025-01-19T04:30:41.847+0000] {processor.py:925} INFO - DAG(s) 'example_params_trigger_ui' retrieved from /home/airflow/.local/lib/python3.12/site-packages/airflow/example_dags/example_params_trigger_ui.py
[2025-01-19T04:30:42.132+0000] {logging_mixin.py:190} INFO - [2025-01-19T04:30:42.132+0000] {dag.py:3239} INFO - Sync 1 DAGs
[2025-01-19T04:30:42.244+0000] {logging_mixin.py:190} INFO - [2025-01-19T04:30:42.243+0000] {dag.py:4180} INFO - Setting next_dagrun for example_params_trigger_ui to None, run_after=None
[2025-01-19T04:30:42.323+0000] {processor.py:208} INFO - Processing /home/airflow/.local/lib/python3.12/site-packages/airflow/example_dags/example_params_trigger_ui.py took 0.524 seconds
[2025-01-19T04:31:20.058+0000] {processor.py:186} INFO - Started process (PID=435) to work on /home/airflow/.local/lib/python3.12/site-packages/airflow/example_dags/example_params_trigger_ui.py
[2025-01-19T04:31:20.061+0000] {processor.py:914} INFO - Processing file /home/airflow/.local/lib/python3.12/site-packages/airflow/example_dags/example_params_trigger_ui.py for tasks to queue
[2025-01-19T04:31:20.066+0000] {logging_mixin.py:190} INFO - [2025-01-19T04:31:20.065+0000] {dagbag.py:588} INFO - Filling up the DagBag from /home/airflow/.local/lib/python3.12/site-packages/airflow/example_dags/example_params_trigger_ui.py
[2025-01-19T04:31:20.103+0000] {processor.py:925} INFO - DAG(s) 'example_params_trigger_ui' retrieved from /home/airflow/.local/lib/python3.12/site-packages/airflow/example_dags/example_params_trigger_ui.py
[2025-01-19T04:31:20.279+0000] {logging_mixin.py:190} INFO - [2025-01-19T04:31:20.278+0000] {dag.py:3239} INFO - Sync 1 DAGs
[2025-01-19T04:31:20.353+0000] {logging_mixin.py:190} INFO - [2025-01-19T04:31:20.353+0000] {dag.py:4180} INFO - Setting next_dagrun for example_params_trigger_ui to None, run_after=None
[2025-01-19T04:31:20.478+0000] {processor.py:208} INFO - Processing /home/airflow/.local/lib/python3.12/site-packages/airflow/example_dags/example_params_trigger_ui.py took 0.435 seconds
[2025-01-19T04:31:55.605+0000] {processor.py:186} INFO - Started process (PID=498) to work on /home/airflow/.local/lib/python3.12/site-packages/airflow/example_dags/example_params_trigger_ui.py
[2025-01-19T04:31:55.607+0000] {processor.py:914} INFO - Processing file /home/airflow/.local/lib/python3.12/site-packages/airflow/example_dags/example_params_trigger_ui.py for tasks to queue
[2025-01-19T04:31:55.613+0000] {logging_mixin.py:190} INFO - [2025-01-19T04:31:55.612+0000] {dagbag.py:588} INFO - Filling up the DagBag from /home/airflow/.local/lib/python3.12/site-packages/airflow/example_dags/example_params_trigger_ui.py
[2025-01-19T04:31:55.646+0000] {processor.py:925} INFO - DAG(s) 'example_params_trigger_ui' retrieved from /home/airflow/.local/lib/python3.12/site-packages/airflow/example_dags/example_params_trigger_ui.py
[2025-01-19T04:31:55.780+0000] {logging_mixin.py:190} INFO - [2025-01-19T04:31:55.779+0000] {dag.py:3239} INFO - Sync 1 DAGs
[2025-01-19T04:31:55.832+0000] {logging_mixin.py:190} INFO - [2025-01-19T04:31:55.831+0000] {dag.py:4180} INFO - Setting next_dagrun for example_params_trigger_ui to None, run_after=None
[2025-01-19T04:31:55.893+0000] {processor.py:208} INFO - Processing /home/airflow/.local/lib/python3.12/site-packages/airflow/example_dags/example_params_trigger_ui.py took 0.303 seconds
[2025-01-19T04:32:27.936+0000] {processor.py:186} INFO - Started process (PID=561) to work on /home/airflow/.local/lib/python3.12/site-packages/airflow/example_dags/example_params_trigger_ui.py
[2025-01-19T04:32:27.960+0000] {processor.py:914} INFO - Processing file /home/airflow/.local/lib/python3.12/site-packages/airflow/example_dags/example_params_trigger_ui.py for tasks to queue
[2025-01-19T04:32:27.968+0000] {logging_mixin.py:190} INFO - [2025-01-19T04:32:27.967+0000] {dagbag.py:588} INFO - Filling up the DagBag from /home/airflow/.local/lib/python3.12/site-packages/airflow/example_dags/example_params_trigger_ui.py
[2025-01-19T04:32:28.032+0000] {processor.py:925} INFO - DAG(s) 'example_params_trigger_ui' retrieved from /home/airflow/.local/lib/python3.12/site-packages/airflow/example_dags/example_params_trigger_ui.py
[2025-01-19T04:32:28.302+0000] {logging_mixin.py:190} INFO - [2025-01-19T04:32:28.301+0000] {dag.py:3239} INFO - Sync 1 DAGs
[2025-01-19T04:32:28.375+0000] {logging_mixin.py:190} INFO - [2025-01-19T04:32:28.374+0000] {dag.py:4180} INFO - Setting next_dagrun for example_params_trigger_ui to None, run_after=None
[2025-01-19T04:32:28.452+0000] {processor.py:208} INFO - Processing /home/airflow/.local/lib/python3.12/site-packages/airflow/example_dags/example_params_trigger_ui.py took 0.539 seconds
[2025-01-19T04:33:02.621+0000] {processor.py:186} INFO - Started process (PID=624) to work on /home/airflow/.local/lib/python3.12/site-packages/airflow/example_dags/example_params_trigger_ui.py
[2025-01-19T04:33:02.624+0000] {processor.py:914} INFO - Processing file /home/airflow/.local/lib/python3.12/site-packages/airflow/example_dags/example_params_trigger_ui.py for tasks to queue
[2025-01-19T04:33:02.629+0000] {logging_mixin.py:190} INFO - [2025-01-19T04:33:02.628+0000] {dagbag.py:588} INFO - Filling up the DagBag from /home/airflow/.local/lib/python3.12/site-packages/airflow/example_dags/example_params_trigger_ui.py
[2025-01-19T04:33:02.660+0000] {processor.py:925} INFO - DAG(s) 'example_params_trigger_ui' retrieved from /home/airflow/.local/lib/python3.12/site-packages/airflow/example_dags/example_params_trigger_ui.py
[2025-01-19T04:33:02.791+0000] {logging_mixin.py:190} INFO - [2025-01-19T04:33:02.791+0000] {dag.py:3239} INFO - Sync 1 DAGs
[2025-01-19T04:33:02.842+0000] {logging_mixin.py:190} INFO - [2025-01-19T04:33:02.842+0000] {dag.py:4180} INFO - Setting next_dagrun for example_params_trigger_ui to None, run_after=None
[2025-01-19T04:33:02.910+0000] {processor.py:208} INFO - Processing /home/airflow/.local/lib/python3.12/site-packages/airflow/example_dags/example_params_trigger_ui.py took 0.304 seconds
[2025-01-19T04:33:33.508+0000] {processor.py:186} INFO - Started process (PID=687) to work on /home/airflow/.local/lib/python3.12/site-packages/airflow/example_dags/example_params_trigger_ui.py
[2025-01-19T04:33:33.510+0000] {processor.py:914} INFO - Processing file /home/airflow/.local/lib/python3.12/site-packages/airflow/example_dags/example_params_trigger_ui.py for tasks to queue
[2025-01-19T04:33:33.515+0000] {logging_mixin.py:190} INFO - [2025-01-19T04:33:33.514+0000] {dagbag.py:588} INFO - Filling up the DagBag from /home/airflow/.local/lib/python3.12/site-packages/airflow/example_dags/example_params_trigger_ui.py
[2025-01-19T04:33:33.544+0000] {processor.py:925} INFO - DAG(s) 'example_params_trigger_ui' retrieved from /home/airflow/.local/lib/python3.12/site-packages/airflow/example_dags/example_params_trigger_ui.py
[2025-01-19T04:33:33.769+0000] {logging_mixin.py:190} INFO - [2025-01-19T04:33:33.768+0000] {dag.py:3239} INFO - Sync 1 DAGs
[2025-01-19T04:33:33.845+0000] {logging_mixin.py:190} INFO - [2025-01-19T04:33:33.844+0000] {dag.py:4180} INFO - Setting next_dagrun for example_params_trigger_ui to None, run_after=None
[2025-01-19T04:33:33.996+0000] {processor.py:208} INFO - Processing /home/airflow/.local/lib/python3.12/site-packages/airflow/example_dags/example_params_trigger_ui.py took 0.500 seconds
[2025-01-19T04:34:04.811+0000] {processor.py:186} INFO - Started process (PID=750) to work on /home/airflow/.local/lib/python3.12/site-packages/airflow/example_dags/example_params_trigger_ui.py
[2025-01-19T04:34:04.813+0000] {processor.py:914} INFO - Processing file /home/airflow/.local/lib/python3.12/site-packages/airflow/example_dags/example_params_trigger_ui.py for tasks to queue
[2025-01-19T04:34:04.829+0000] {logging_mixin.py:190} INFO - [2025-01-19T04:34:04.828+0000] {dagbag.py:588} INFO - Filling up the DagBag from /home/airflow/.local/lib/python3.12/site-packages/airflow/example_dags/example_params_trigger_ui.py
[2025-01-19T04:34:04.947+0000] {processor.py:925} INFO - DAG(s) 'example_params_trigger_ui' retrieved from /home/airflow/.local/lib/python3.12/site-packages/airflow/example_dags/example_params_trigger_ui.py
[2025-01-19T04:34:05.304+0000] {logging_mixin.py:190} INFO - [2025-01-19T04:34:05.303+0000] {dag.py:3239} INFO - Sync 1 DAGs
[2025-01-19T04:34:05.421+0000] {logging_mixin.py:190} INFO - [2025-01-19T04:34:05.420+0000] {dag.py:4180} INFO - Setting next_dagrun for example_params_trigger_ui to None, run_after=None
[2025-01-19T04:34:05.585+0000] {processor.py:208} INFO - Processing /home/airflow/.local/lib/python3.12/site-packages/airflow/example_dags/example_params_trigger_ui.py took 0.810 seconds
[2025-01-19T04:34:36.343+0000] {processor.py:186} INFO - Started process (PID=814) to work on /home/airflow/.local/lib/python3.12/site-packages/airflow/example_dags/example_params_trigger_ui.py
[2025-01-19T04:34:36.345+0000] {processor.py:914} INFO - Processing file /home/airflow/.local/lib/python3.12/site-packages/airflow/example_dags/example_params_trigger_ui.py for tasks to queue
[2025-01-19T04:34:36.351+0000] {logging_mixin.py:190} INFO - [2025-01-19T04:34:36.350+0000] {dagbag.py:588} INFO - Filling up the DagBag from /home/airflow/.local/lib/python3.12/site-packages/airflow/example_dags/example_params_trigger_ui.py
[2025-01-19T04:34:36.377+0000] {processor.py:925} INFO - DAG(s) 'example_params_trigger_ui' retrieved from /home/airflow/.local/lib/python3.12/site-packages/airflow/example_dags/example_params_trigger_ui.py
[2025-01-19T04:34:36.511+0000] {logging_mixin.py:190} INFO - [2025-01-19T04:34:36.510+0000] {dag.py:3239} INFO - Sync 1 DAGs
[2025-01-19T04:34:36.560+0000] {logging_mixin.py:190} INFO - [2025-01-19T04:34:36.559+0000] {dag.py:4180} INFO - Setting next_dagrun for example_params_trigger_ui to None, run_after=None
[2025-01-19T04:34:36.635+0000] {processor.py:208} INFO - Processing /home/airflow/.local/lib/python3.12/site-packages/airflow/example_dags/example_params_trigger_ui.py took 0.307 seconds
[2025-01-19T04:35:13.485+0000] {processor.py:186} INFO - Started process (PID=881) to work on /home/airflow/.local/lib/python3.12/site-packages/airflow/example_dags/example_params_trigger_ui.py
[2025-01-19T04:35:13.499+0000] {processor.py:914} INFO - Processing file /home/airflow/.local/lib/python3.12/site-packages/airflow/example_dags/example_params_trigger_ui.py for tasks to queue
[2025-01-19T04:35:13.529+0000] {logging_mixin.py:190} INFO - [2025-01-19T04:35:13.528+0000] {dagbag.py:588} INFO - Filling up the DagBag from /home/airflow/.local/lib/python3.12/site-packages/airflow/example_dags/example_params_trigger_ui.py
[2025-01-19T04:35:13.677+0000] {processor.py:925} INFO - DAG(s) 'example_params_trigger_ui' retrieved from /home/airflow/.local/lib/python3.12/site-packages/airflow/example_dags/example_params_trigger_ui.py
[2025-01-19T04:35:14.222+0000] {logging_mixin.py:190} INFO - [2025-01-19T04:35:14.221+0000] {dag.py:3239} INFO - Sync 1 DAGs
[2025-01-19T04:35:14.365+0000] {logging_mixin.py:190} INFO - [2025-01-19T04:35:14.364+0000] {dag.py:4180} INFO - Setting next_dagrun for example_params_trigger_ui to None, run_after=None
[2025-01-19T04:35:15.231+0000] {processor.py:208} INFO - Processing /home/airflow/.local/lib/python3.12/site-packages/airflow/example_dags/example_params_trigger_ui.py took 1.802 seconds
[2025-01-19T04:35:50.286+0000] {processor.py:186} INFO - Started process (PID=943) to work on /home/airflow/.local/lib/python3.12/site-packages/airflow/example_dags/example_params_trigger_ui.py
[2025-01-19T04:35:50.297+0000] {processor.py:914} INFO - Processing file /home/airflow/.local/lib/python3.12/site-packages/airflow/example_dags/example_params_trigger_ui.py for tasks to queue
[2025-01-19T04:35:50.310+0000] {logging_mixin.py:190} INFO - [2025-01-19T04:35:50.302+0000] {dagbag.py:588} INFO - Filling up the DagBag from /home/airflow/.local/lib/python3.12/site-packages/airflow/example_dags/example_params_trigger_ui.py
[2025-01-19T04:35:50.397+0000] {processor.py:925} INFO - DAG(s) 'example_params_trigger_ui' retrieved from /home/airflow/.local/lib/python3.12/site-packages/airflow/example_dags/example_params_trigger_ui.py
[2025-01-19T04:35:48.929+0000] {logging_mixin.py:190} INFO - [2025-01-19T04:35:48.929+0000] {dag.py:3239} INFO - Sync 1 DAGs
[2025-01-19T04:35:48.971+0000] {logging_mixin.py:190} INFO - [2025-01-19T04:35:48.971+0000] {dag.py:4180} INFO - Setting next_dagrun for example_params_trigger_ui to None, run_after=None
[2025-01-19T04:35:49.065+0000] {processor.py:208} INFO - Processing /home/airflow/.local/lib/python3.12/site-packages/airflow/example_dags/example_params_trigger_ui.py took 0.435 seconds
[2025-01-19T04:36:20.868+0000] {processor.py:186} INFO - Started process (PID=1005) to work on /home/airflow/.local/lib/python3.12/site-packages/airflow/example_dags/example_params_trigger_ui.py
[2025-01-19T04:36:20.870+0000] {processor.py:914} INFO - Processing file /home/airflow/.local/lib/python3.12/site-packages/airflow/example_dags/example_params_trigger_ui.py for tasks to queue
[2025-01-19T04:36:20.877+0000] {logging_mixin.py:190} INFO - [2025-01-19T04:36:20.876+0000] {dagbag.py:588} INFO - Filling up the DagBag from /home/airflow/.local/lib/python3.12/site-packages/airflow/example_dags/example_params_trigger_ui.py
[2025-01-19T04:36:20.907+0000] {processor.py:925} INFO - DAG(s) 'example_params_trigger_ui' retrieved from /home/airflow/.local/lib/python3.12/site-packages/airflow/example_dags/example_params_trigger_ui.py
[2025-01-19T04:36:21.071+0000] {logging_mixin.py:190} INFO - [2025-01-19T04:36:21.070+0000] {dag.py:3239} INFO - Sync 1 DAGs
[2025-01-19T04:36:21.196+0000] {logging_mixin.py:190} INFO - [2025-01-19T04:36:21.195+0000] {dag.py:4180} INFO - Setting next_dagrun for example_params_trigger_ui to None, run_after=None
[2025-01-19T04:36:21.342+0000] {processor.py:208} INFO - Processing /home/airflow/.local/lib/python3.12/site-packages/airflow/example_dags/example_params_trigger_ui.py took 0.488 seconds
[2025-01-19T04:41:07.675+0000] {processor.py:186} INFO - Started process (PID=1082) to work on /home/airflow/.local/lib/python3.12/site-packages/airflow/example_dags/example_params_trigger_ui.py
[2025-01-19T04:41:07.678+0000] {processor.py:914} INFO - Processing file /home/airflow/.local/lib/python3.12/site-packages/airflow/example_dags/example_params_trigger_ui.py for tasks to queue
[2025-01-19T04:41:07.684+0000] {logging_mixin.py:190} INFO - [2025-01-19T04:41:07.683+0000] {dagbag.py:588} INFO - Filling up the DagBag from /home/airflow/.local/lib/python3.12/site-packages/airflow/example_dags/example_params_trigger_ui.py
[2025-01-19T04:41:07.742+0000] {processor.py:925} INFO - DAG(s) 'example_params_trigger_ui' retrieved from /home/airflow/.local/lib/python3.12/site-packages/airflow/example_dags/example_params_trigger_ui.py
[2025-01-19T04:41:08.257+0000] {logging_mixin.py:190} INFO - [2025-01-19T04:41:08.256+0000] {dag.py:3239} INFO - Sync 1 DAGs
[2025-01-19T04:41:08.446+0000] {logging_mixin.py:190} INFO - [2025-01-19T04:41:08.445+0000] {dag.py:4180} INFO - Setting next_dagrun for example_params_trigger_ui to None, run_after=None
[2025-01-19T04:41:08.575+0000] {processor.py:208} INFO - Processing /home/airflow/.local/lib/python3.12/site-packages/airflow/example_dags/example_params_trigger_ui.py took 0.919 seconds
[2025-01-19T04:41:46.145+0000] {processor.py:186} INFO - Started process (PID=1142) to work on /home/airflow/.local/lib/python3.12/site-packages/airflow/example_dags/example_params_trigger_ui.py
[2025-01-19T04:41:46.148+0000] {processor.py:914} INFO - Processing file /home/airflow/.local/lib/python3.12/site-packages/airflow/example_dags/example_params_trigger_ui.py for tasks to queue
[2025-01-19T04:41:46.157+0000] {logging_mixin.py:190} INFO - [2025-01-19T04:41:46.152+0000] {dagbag.py:588} INFO - Filling up the DagBag from /home/airflow/.local/lib/python3.12/site-packages/airflow/example_dags/example_params_trigger_ui.py
[2025-01-19T04:41:46.256+0000] {processor.py:925} INFO - DAG(s) 'example_params_trigger_ui' retrieved from /home/airflow/.local/lib/python3.12/site-packages/airflow/example_dags/example_params_trigger_ui.py
[2025-01-19T04:41:46.759+0000] {logging_mixin.py:190} INFO - [2025-01-19T04:41:46.759+0000] {dag.py:3239} INFO - Sync 1 DAGs
[2025-01-19T04:41:47.035+0000] {logging_mixin.py:190} INFO - [2025-01-19T04:41:47.034+0000] {dag.py:4180} INFO - Setting next_dagrun for example_params_trigger_ui to None, run_after=None
[2025-01-19T04:41:47.269+0000] {processor.py:208} INFO - Processing /home/airflow/.local/lib/python3.12/site-packages/airflow/example_dags/example_params_trigger_ui.py took 1.143 seconds
