[2025-01-19T04:13:00.397+0000] {processor.py:186} INFO - Started process (PID=462) to work on /home/airflow/.local/lib/python3.12/site-packages/airflow/example_dags/example_complex.py
[2025-01-19T04:13:00.400+0000] {processor.py:914} INFO - Processing file /home/airflow/.local/lib/python3.12/site-packages/airflow/example_dags/example_complex.py for tasks to queue
[2025-01-19T04:13:00.405+0000] {logging_mixin.py:190} INFO - [2025-01-19T04:13:00.404+0000] {dagbag.py:588} INFO - Filling up the DagBag from /home/airflow/.local/lib/python3.12/site-packages/airflow/example_dags/example_complex.py
[2025-01-19T04:13:00.445+0000] {processor.py:925} INFO - DAG(s) 'example_complex' retrieved from /home/airflow/.local/lib/python3.12/site-packages/airflow/example_dags/example_complex.py
[2025-01-19T04:13:00.519+0000] {logging_mixin.py:190} INFO - [2025-01-19T04:13:00.519+0000] {dag.py:3239} INFO - Sync 1 DAGs
[2025-01-19T04:13:00.555+0000] {logging_mixin.py:190} INFO - [2025-01-19T04:13:00.554+0000] {dag.py:4180} INFO - Setting next_dagrun for example_complex to None, run_after=None
[2025-01-19T04:13:00.601+0000] {processor.py:208} INFO - Processing /home/airflow/.local/lib/python3.12/site-packages/airflow/example_dags/example_complex.py took 0.218 seconds
[2025-01-19T04:13:31.722+0000] {processor.py:186} INFO - Started process (PID=525) to work on /home/airflow/.local/lib/python3.12/site-packages/airflow/example_dags/example_complex.py
[2025-01-19T04:13:31.725+0000] {processor.py:914} INFO - Processing file /home/airflow/.local/lib/python3.12/site-packages/airflow/example_dags/example_complex.py for tasks to queue
[2025-01-19T04:13:31.741+0000] {logging_mixin.py:190} INFO - [2025-01-19T04:13:31.740+0000] {dagbag.py:588} INFO - Filling up the DagBag from /home/airflow/.local/lib/python3.12/site-packages/airflow/example_dags/example_complex.py
[2025-01-19T04:13:31.858+0000] {processor.py:925} INFO - DAG(s) 'example_complex' retrieved from /home/airflow/.local/lib/python3.12/site-packages/airflow/example_dags/example_complex.py
[2025-01-19T04:13:32.147+0000] {logging_mixin.py:190} INFO - [2025-01-19T04:13:32.147+0000] {dag.py:3239} INFO - Sync 1 DAGs
[2025-01-19T04:13:32.267+0000] {logging_mixin.py:190} INFO - [2025-01-19T04:13:32.266+0000] {dag.py:4180} INFO - Setting next_dagrun for example_complex to None, run_after=None
[2025-01-19T04:13:32.405+0000] {processor.py:208} INFO - Processing /home/airflow/.local/lib/python3.12/site-packages/airflow/example_dags/example_complex.py took 0.718 seconds
[2025-01-19T04:14:06.937+0000] {processor.py:186} INFO - Started process (PID=593) to work on /home/airflow/.local/lib/python3.12/site-packages/airflow/example_dags/example_complex.py
[2025-01-19T04:14:06.940+0000] {processor.py:914} INFO - Processing file /home/airflow/.local/lib/python3.12/site-packages/airflow/example_dags/example_complex.py for tasks to queue
[2025-01-19T04:14:06.948+0000] {logging_mixin.py:190} INFO - [2025-01-19T04:14:06.947+0000] {dagbag.py:588} INFO - Filling up the DagBag from /home/airflow/.local/lib/python3.12/site-packages/airflow/example_dags/example_complex.py
[2025-01-19T04:14:06.985+0000] {processor.py:925} INFO - DAG(s) 'example_complex' retrieved from /home/airflow/.local/lib/python3.12/site-packages/airflow/example_dags/example_complex.py
[2025-01-19T04:14:07.081+0000] {logging_mixin.py:190} INFO - [2025-01-19T04:14:07.080+0000] {dag.py:3239} INFO - Sync 1 DAGs
[2025-01-19T04:14:07.114+0000] {logging_mixin.py:190} INFO - [2025-01-19T04:14:07.113+0000] {dag.py:4180} INFO - Setting next_dagrun for example_complex to None, run_after=None
[2025-01-19T04:14:07.163+0000] {processor.py:208} INFO - Processing /home/airflow/.local/lib/python3.12/site-packages/airflow/example_dags/example_complex.py took 0.240 seconds
[2025-01-19T04:15:19.969+0000] {processor.py:186} INFO - Started process (PID=643) to work on /home/airflow/.local/lib/python3.12/site-packages/airflow/example_dags/example_complex.py
[2025-01-19T04:15:19.972+0000] {processor.py:914} INFO - Processing file /home/airflow/.local/lib/python3.12/site-packages/airflow/example_dags/example_complex.py for tasks to queue
[2025-01-19T04:15:19.980+0000] {logging_mixin.py:190} INFO - [2025-01-19T04:15:19.978+0000] {dagbag.py:588} INFO - Filling up the DagBag from /home/airflow/.local/lib/python3.12/site-packages/airflow/example_dags/example_complex.py
[2025-01-19T04:15:20.039+0000] {processor.py:925} INFO - DAG(s) 'example_complex' retrieved from /home/airflow/.local/lib/python3.12/site-packages/airflow/example_dags/example_complex.py
[2025-01-19T04:15:20.177+0000] {logging_mixin.py:190} INFO - [2025-01-19T04:15:20.176+0000] {dag.py:3239} INFO - Sync 1 DAGs
[2025-01-19T04:15:20.223+0000] {logging_mixin.py:190} INFO - [2025-01-19T04:15:20.222+0000] {dag.py:4180} INFO - Setting next_dagrun for example_complex to None, run_after=None
[2025-01-19T04:15:20.313+0000] {processor.py:208} INFO - Processing /home/airflow/.local/lib/python3.12/site-packages/airflow/example_dags/example_complex.py took 0.363 seconds
[2025-01-19T04:18:24.554+0000] {processor.py:186} INFO - Started process (PID=700) to work on /home/airflow/.local/lib/python3.12/site-packages/airflow/example_dags/example_complex.py
[2025-01-19T04:18:24.561+0000] {processor.py:914} INFO - Processing file /home/airflow/.local/lib/python3.12/site-packages/airflow/example_dags/example_complex.py for tasks to queue
[2025-01-19T04:18:24.576+0000] {logging_mixin.py:190} INFO - [2025-01-19T04:18:24.564+0000] {dagbag.py:588} INFO - Filling up the DagBag from /home/airflow/.local/lib/python3.12/site-packages/airflow/example_dags/example_complex.py
[2025-01-19T04:18:24.698+0000] {processor.py:925} INFO - DAG(s) 'example_complex' retrieved from /home/airflow/.local/lib/python3.12/site-packages/airflow/example_dags/example_complex.py
[2025-01-19T04:18:25.001+0000] {logging_mixin.py:190} INFO - [2025-01-19T04:18:25.001+0000] {dag.py:3239} INFO - Sync 1 DAGs
[2025-01-19T04:18:25.205+0000] {logging_mixin.py:190} INFO - [2025-01-19T04:18:25.196+0000] {dag.py:4180} INFO - Setting next_dagrun for example_complex to None, run_after=None
[2025-01-19T04:18:25.347+0000] {processor.py:208} INFO - Processing /home/airflow/.local/lib/python3.12/site-packages/airflow/example_dags/example_complex.py took 0.838 seconds
[2025-01-19T04:18:56.259+0000] {processor.py:186} INFO - Started process (PID=763) to work on /home/airflow/.local/lib/python3.12/site-packages/airflow/example_dags/example_complex.py
[2025-01-19T04:18:56.263+0000] {processor.py:914} INFO - Processing file /home/airflow/.local/lib/python3.12/site-packages/airflow/example_dags/example_complex.py for tasks to queue
[2025-01-19T04:18:56.267+0000] {logging_mixin.py:190} INFO - [2025-01-19T04:18:56.266+0000] {dagbag.py:588} INFO - Filling up the DagBag from /home/airflow/.local/lib/python3.12/site-packages/airflow/example_dags/example_complex.py
[2025-01-19T04:18:56.324+0000] {processor.py:925} INFO - DAG(s) 'example_complex' retrieved from /home/airflow/.local/lib/python3.12/site-packages/airflow/example_dags/example_complex.py
[2025-01-19T04:18:56.467+0000] {logging_mixin.py:190} INFO - [2025-01-19T04:18:56.466+0000] {dag.py:3239} INFO - Sync 1 DAGs
[2025-01-19T04:18:56.543+0000] {logging_mixin.py:190} INFO - [2025-01-19T04:18:56.542+0000] {dag.py:4180} INFO - Setting next_dagrun for example_complex to None, run_after=None
[2025-01-19T04:18:56.656+0000] {processor.py:208} INFO - Processing /home/airflow/.local/lib/python3.12/site-packages/airflow/example_dags/example_complex.py took 0.414 seconds
[2025-01-19T04:19:28.138+0000] {processor.py:186} INFO - Started process (PID=826) to work on /home/airflow/.local/lib/python3.12/site-packages/airflow/example_dags/example_complex.py
[2025-01-19T04:19:28.149+0000] {processor.py:914} INFO - Processing file /home/airflow/.local/lib/python3.12/site-packages/airflow/example_dags/example_complex.py for tasks to queue
[2025-01-19T04:19:28.159+0000] {logging_mixin.py:190} INFO - [2025-01-19T04:19:28.158+0000] {dagbag.py:588} INFO - Filling up the DagBag from /home/airflow/.local/lib/python3.12/site-packages/airflow/example_dags/example_complex.py
[2025-01-19T04:19:28.233+0000] {processor.py:925} INFO - DAG(s) 'example_complex' retrieved from /home/airflow/.local/lib/python3.12/site-packages/airflow/example_dags/example_complex.py
[2025-01-19T04:19:28.404+0000] {logging_mixin.py:190} INFO - [2025-01-19T04:19:28.403+0000] {dag.py:3239} INFO - Sync 1 DAGs
[2025-01-19T04:19:28.502+0000] {logging_mixin.py:190} INFO - [2025-01-19T04:19:28.501+0000] {dag.py:4180} INFO - Setting next_dagrun for example_complex to None, run_after=None
[2025-01-19T04:19:28.618+0000] {processor.py:208} INFO - Processing /home/airflow/.local/lib/python3.12/site-packages/airflow/example_dags/example_complex.py took 0.507 seconds
[2025-01-19T04:19:59.335+0000] {processor.py:186} INFO - Started process (PID=889) to work on /home/airflow/.local/lib/python3.12/site-packages/airflow/example_dags/example_complex.py
[2025-01-19T04:19:59.338+0000] {processor.py:914} INFO - Processing file /home/airflow/.local/lib/python3.12/site-packages/airflow/example_dags/example_complex.py for tasks to queue
[2025-01-19T04:19:59.344+0000] {logging_mixin.py:190} INFO - [2025-01-19T04:19:59.343+0000] {dagbag.py:588} INFO - Filling up the DagBag from /home/airflow/.local/lib/python3.12/site-packages/airflow/example_dags/example_complex.py
[2025-01-19T04:19:59.389+0000] {processor.py:925} INFO - DAG(s) 'example_complex' retrieved from /home/airflow/.local/lib/python3.12/site-packages/airflow/example_dags/example_complex.py
[2025-01-19T04:19:59.468+0000] {logging_mixin.py:190} INFO - [2025-01-19T04:19:59.467+0000] {dag.py:3239} INFO - Sync 1 DAGs
[2025-01-19T04:19:59.497+0000] {logging_mixin.py:190} INFO - [2025-01-19T04:19:59.496+0000] {dag.py:4180} INFO - Setting next_dagrun for example_complex to None, run_after=None
[2025-01-19T04:19:59.544+0000] {processor.py:208} INFO - Processing /home/airflow/.local/lib/python3.12/site-packages/airflow/example_dags/example_complex.py took 0.223 seconds
[2025-01-19T04:20:29.702+0000] {processor.py:186} INFO - Started process (PID=952) to work on /home/airflow/.local/lib/python3.12/site-packages/airflow/example_dags/example_complex.py
[2025-01-19T04:20:29.704+0000] {processor.py:914} INFO - Processing file /home/airflow/.local/lib/python3.12/site-packages/airflow/example_dags/example_complex.py for tasks to queue
[2025-01-19T04:20:29.708+0000] {logging_mixin.py:190} INFO - [2025-01-19T04:20:29.707+0000] {dagbag.py:588} INFO - Filling up the DagBag from /home/airflow/.local/lib/python3.12/site-packages/airflow/example_dags/example_complex.py
[2025-01-19T04:20:29.751+0000] {processor.py:925} INFO - DAG(s) 'example_complex' retrieved from /home/airflow/.local/lib/python3.12/site-packages/airflow/example_dags/example_complex.py
[2025-01-19T04:20:29.844+0000] {logging_mixin.py:190} INFO - [2025-01-19T04:20:29.844+0000] {dag.py:3239} INFO - Sync 1 DAGs
[2025-01-19T04:20:29.881+0000] {logging_mixin.py:190} INFO - [2025-01-19T04:20:29.881+0000] {dag.py:4180} INFO - Setting next_dagrun for example_complex to None, run_after=None
[2025-01-19T04:20:29.927+0000] {processor.py:208} INFO - Processing /home/airflow/.local/lib/python3.12/site-packages/airflow/example_dags/example_complex.py took 0.240 seconds
[2025-01-19T04:21:26.758+0000] {processor.py:186} INFO - Started process (PID=1022) to work on /home/airflow/.local/lib/python3.12/site-packages/airflow/example_dags/example_complex.py
[2025-01-19T04:21:26.761+0000] {processor.py:914} INFO - Processing file /home/airflow/.local/lib/python3.12/site-packages/airflow/example_dags/example_complex.py for tasks to queue
[2025-01-19T04:21:26.765+0000] {logging_mixin.py:190} INFO - [2025-01-19T04:21:26.765+0000] {dagbag.py:588} INFO - Filling up the DagBag from /home/airflow/.local/lib/python3.12/site-packages/airflow/example_dags/example_complex.py
[2025-01-19T04:21:26.824+0000] {processor.py:925} INFO - DAG(s) 'example_complex' retrieved from /home/airflow/.local/lib/python3.12/site-packages/airflow/example_dags/example_complex.py
[2025-01-19T04:21:26.929+0000] {logging_mixin.py:190} INFO - [2025-01-19T04:21:26.928+0000] {dag.py:3239} INFO - Sync 1 DAGs
[2025-01-19T04:21:26.970+0000] {logging_mixin.py:190} INFO - [2025-01-19T04:21:26.970+0000] {dag.py:4180} INFO - Setting next_dagrun for example_complex to None, run_after=None
[2025-01-19T04:21:27.019+0000] {processor.py:208} INFO - Processing /home/airflow/.local/lib/python3.12/site-packages/airflow/example_dags/example_complex.py took 0.282 seconds
[2025-01-19T04:27:39.170+0000] {processor.py:186} INFO - Started process (PID=77) to work on /home/airflow/.local/lib/python3.12/site-packages/airflow/example_dags/example_complex.py
[2025-01-19T04:27:39.183+0000] {processor.py:914} INFO - Processing file /home/airflow/.local/lib/python3.12/site-packages/airflow/example_dags/example_complex.py for tasks to queue
[2025-01-19T04:27:39.218+0000] {logging_mixin.py:190} INFO - [2025-01-19T04:27:39.218+0000] {dagbag.py:588} INFO - Filling up the DagBag from /home/airflow/.local/lib/python3.12/site-packages/airflow/example_dags/example_complex.py
[2025-01-19T04:27:39.290+0000] {processor.py:925} INFO - DAG(s) 'example_complex' retrieved from /home/airflow/.local/lib/python3.12/site-packages/airflow/example_dags/example_complex.py
[2025-01-19T04:27:40.588+0000] {logging_mixin.py:190} INFO - [2025-01-19T04:27:40.581+0000] {override.py:1911} INFO - Created Permission View: can delete on DAG:example_complex
[2025-01-19T04:27:40.737+0000] {logging_mixin.py:190} INFO - [2025-01-19T04:27:40.735+0000] {override.py:1911} INFO - Created Permission View: can edit on DAG:example_complex
[2025-01-19T04:27:41.054+0000] {logging_mixin.py:190} INFO - [2025-01-19T04:27:41.053+0000] {override.py:1911} INFO - Created Permission View: can read on DAG:example_complex
[2025-01-19T04:27:41.211+0000] {logging_mixin.py:190} INFO - [2025-01-19T04:27:41.210+0000] {override.py:1911} INFO - Created Permission View: can create on DAG Run:example_complex
[2025-01-19T04:27:41.294+0000] {logging_mixin.py:190} INFO - [2025-01-19T04:27:41.293+0000] {override.py:1911} INFO - Created Permission View: menu access on DAG Run:example_complex
[2025-01-19T04:27:41.352+0000] {logging_mixin.py:190} INFO - [2025-01-19T04:27:41.352+0000] {override.py:1911} INFO - Created Permission View: can delete on DAG Run:example_complex
[2025-01-19T04:27:41.478+0000] {logging_mixin.py:190} INFO - [2025-01-19T04:27:41.477+0000] {override.py:1911} INFO - Created Permission View: can read on DAG Run:example_complex
[2025-01-19T04:27:41.503+0000] {logging_mixin.py:190} INFO - [2025-01-19T04:27:41.479+0000] {dag.py:3239} INFO - Sync 1 DAGs
[2025-01-19T04:27:41.624+0000] {logging_mixin.py:190} INFO - [2025-01-19T04:27:41.623+0000] {dag.py:3262} INFO - Creating ORM DAG for example_complex
[2025-01-19T04:27:41.630+0000] {logging_mixin.py:190} INFO - [2025-01-19T04:27:41.629+0000] {dag.py:4180} INFO - Setting next_dagrun for example_complex to None, run_after=None
[2025-01-19T04:27:41.723+0000] {processor.py:208} INFO - Processing /home/airflow/.local/lib/python3.12/site-packages/airflow/example_dags/example_complex.py took 2.836 seconds
[2025-01-19T04:28:28.659+0000] {processor.py:186} INFO - Started process (PID=146) to work on /home/airflow/.local/lib/python3.12/site-packages/airflow/example_dags/example_complex.py
[2025-01-19T04:28:28.663+0000] {processor.py:914} INFO - Processing file /home/airflow/.local/lib/python3.12/site-packages/airflow/example_dags/example_complex.py for tasks to queue
[2025-01-19T04:28:28.670+0000] {logging_mixin.py:190} INFO - [2025-01-19T04:28:28.669+0000] {dagbag.py:588} INFO - Filling up the DagBag from /home/airflow/.local/lib/python3.12/site-packages/airflow/example_dags/example_complex.py
[2025-01-19T04:28:28.806+0000] {processor.py:925} INFO - DAG(s) 'example_complex' retrieved from /home/airflow/.local/lib/python3.12/site-packages/airflow/example_dags/example_complex.py
[2025-01-19T04:28:29.005+0000] {logging_mixin.py:190} INFO - [2025-01-19T04:28:29.004+0000] {dag.py:3239} INFO - Sync 1 DAGs
[2025-01-19T04:28:29.112+0000] {logging_mixin.py:190} INFO - [2025-01-19T04:28:29.112+0000] {dag.py:4180} INFO - Setting next_dagrun for example_complex to None, run_after=None
[2025-01-19T04:28:29.219+0000] {processor.py:208} INFO - Processing /home/airflow/.local/lib/python3.12/site-packages/airflow/example_dags/example_complex.py took 0.589 seconds
[2025-01-19T04:28:59.694+0000] {processor.py:186} INFO - Started process (PID=209) to work on /home/airflow/.local/lib/python3.12/site-packages/airflow/example_dags/example_complex.py
[2025-01-19T04:28:59.705+0000] {processor.py:914} INFO - Processing file /home/airflow/.local/lib/python3.12/site-packages/airflow/example_dags/example_complex.py for tasks to queue
[2025-01-19T04:28:59.714+0000] {logging_mixin.py:190} INFO - [2025-01-19T04:28:59.713+0000] {dagbag.py:588} INFO - Filling up the DagBag from /home/airflow/.local/lib/python3.12/site-packages/airflow/example_dags/example_complex.py
[2025-01-19T04:28:59.786+0000] {processor.py:925} INFO - DAG(s) 'example_complex' retrieved from /home/airflow/.local/lib/python3.12/site-packages/airflow/example_dags/example_complex.py
[2025-01-19T04:28:59.977+0000] {logging_mixin.py:190} INFO - [2025-01-19T04:28:59.976+0000] {dag.py:3239} INFO - Sync 1 DAGs
[2025-01-19T04:29:00.018+0000] {logging_mixin.py:190} INFO - [2025-01-19T04:29:00.017+0000] {dag.py:4180} INFO - Setting next_dagrun for example_complex to None, run_after=None
[2025-01-19T04:29:00.091+0000] {processor.py:208} INFO - Processing /home/airflow/.local/lib/python3.12/site-packages/airflow/example_dags/example_complex.py took 0.420 seconds
[2025-01-19T04:29:30.271+0000] {processor.py:186} INFO - Started process (PID=272) to work on /home/airflow/.local/lib/python3.12/site-packages/airflow/example_dags/example_complex.py
[2025-01-19T04:29:30.274+0000] {processor.py:914} INFO - Processing file /home/airflow/.local/lib/python3.12/site-packages/airflow/example_dags/example_complex.py for tasks to queue
[2025-01-19T04:29:30.280+0000] {logging_mixin.py:190} INFO - [2025-01-19T04:29:30.279+0000] {dagbag.py:588} INFO - Filling up the DagBag from /home/airflow/.local/lib/python3.12/site-packages/airflow/example_dags/example_complex.py
[2025-01-19T04:29:30.314+0000] {processor.py:925} INFO - DAG(s) 'example_complex' retrieved from /home/airflow/.local/lib/python3.12/site-packages/airflow/example_dags/example_complex.py
[2025-01-19T04:29:30.379+0000] {logging_mixin.py:190} INFO - [2025-01-19T04:29:30.379+0000] {dag.py:3239} INFO - Sync 1 DAGs
[2025-01-19T04:29:30.407+0000] {logging_mixin.py:190} INFO - [2025-01-19T04:29:30.406+0000] {dag.py:4180} INFO - Setting next_dagrun for example_complex to None, run_after=None
[2025-01-19T04:29:30.447+0000] {processor.py:208} INFO - Processing /home/airflow/.local/lib/python3.12/site-packages/airflow/example_dags/example_complex.py took 0.192 seconds
[2025-01-19T04:30:09.961+0000] {processor.py:186} INFO - Started process (PID=312) to work on /home/airflow/.local/lib/python3.12/site-packages/airflow/example_dags/example_complex.py
[2025-01-19T04:30:09.963+0000] {processor.py:914} INFO - Processing file /home/airflow/.local/lib/python3.12/site-packages/airflow/example_dags/example_complex.py for tasks to queue
[2025-01-19T04:30:09.968+0000] {logging_mixin.py:190} INFO - [2025-01-19T04:30:09.967+0000] {dagbag.py:588} INFO - Filling up the DagBag from /home/airflow/.local/lib/python3.12/site-packages/airflow/example_dags/example_complex.py
[2025-01-19T04:30:09.997+0000] {processor.py:925} INFO - DAG(s) 'example_complex' retrieved from /home/airflow/.local/lib/python3.12/site-packages/airflow/example_dags/example_complex.py
[2025-01-19T04:30:10.059+0000] {logging_mixin.py:190} INFO - [2025-01-19T04:30:10.059+0000] {dag.py:3239} INFO - Sync 1 DAGs
[2025-01-19T04:30:10.094+0000] {logging_mixin.py:190} INFO - [2025-01-19T04:30:10.093+0000] {dag.py:4180} INFO - Setting next_dagrun for example_complex to None, run_after=None
[2025-01-19T04:30:10.134+0000] {processor.py:208} INFO - Processing /home/airflow/.local/lib/python3.12/site-packages/airflow/example_dags/example_complex.py took 0.186 seconds
[2025-01-19T04:30:42.628+0000] {processor.py:186} INFO - Started process (PID=375) to work on /home/airflow/.local/lib/python3.12/site-packages/airflow/example_dags/example_complex.py
[2025-01-19T04:30:42.630+0000] {processor.py:914} INFO - Processing file /home/airflow/.local/lib/python3.12/site-packages/airflow/example_dags/example_complex.py for tasks to queue
[2025-01-19T04:30:42.635+0000] {logging_mixin.py:190} INFO - [2025-01-19T04:30:42.635+0000] {dagbag.py:588} INFO - Filling up the DagBag from /home/airflow/.local/lib/python3.12/site-packages/airflow/example_dags/example_complex.py
[2025-01-19T04:30:42.669+0000] {processor.py:925} INFO - DAG(s) 'example_complex' retrieved from /home/airflow/.local/lib/python3.12/site-packages/airflow/example_dags/example_complex.py
[2025-01-19T04:30:42.740+0000] {logging_mixin.py:190} INFO - [2025-01-19T04:30:42.740+0000] {dag.py:3239} INFO - Sync 1 DAGs
[2025-01-19T04:30:42.775+0000] {logging_mixin.py:190} INFO - [2025-01-19T04:30:42.775+0000] {dag.py:4180} INFO - Setting next_dagrun for example_complex to None, run_after=None
[2025-01-19T04:30:42.828+0000] {processor.py:208} INFO - Processing /home/airflow/.local/lib/python3.12/site-packages/airflow/example_dags/example_complex.py took 0.210 seconds
[2025-01-19T04:31:21.207+0000] {processor.py:186} INFO - Started process (PID=439) to work on /home/airflow/.local/lib/python3.12/site-packages/airflow/example_dags/example_complex.py
[2025-01-19T04:31:21.209+0000] {processor.py:914} INFO - Processing file /home/airflow/.local/lib/python3.12/site-packages/airflow/example_dags/example_complex.py for tasks to queue
[2025-01-19T04:31:21.218+0000] {logging_mixin.py:190} INFO - [2025-01-19T04:31:21.217+0000] {dagbag.py:588} INFO - Filling up the DagBag from /home/airflow/.local/lib/python3.12/site-packages/airflow/example_dags/example_complex.py
[2025-01-19T04:31:21.247+0000] {processor.py:925} INFO - DAG(s) 'example_complex' retrieved from /home/airflow/.local/lib/python3.12/site-packages/airflow/example_dags/example_complex.py
[2025-01-19T04:31:21.329+0000] {logging_mixin.py:190} INFO - [2025-01-19T04:31:21.329+0000] {dag.py:3239} INFO - Sync 1 DAGs
[2025-01-19T04:31:21.370+0000] {logging_mixin.py:190} INFO - [2025-01-19T04:31:21.369+0000] {dag.py:4180} INFO - Setting next_dagrun for example_complex to None, run_after=None
[2025-01-19T04:31:21.476+0000] {processor.py:208} INFO - Processing /home/airflow/.local/lib/python3.12/site-packages/airflow/example_dags/example_complex.py took 0.283 seconds
[2025-01-19T04:31:56.386+0000] {processor.py:186} INFO - Started process (PID=502) to work on /home/airflow/.local/lib/python3.12/site-packages/airflow/example_dags/example_complex.py
[2025-01-19T04:31:56.390+0000] {processor.py:914} INFO - Processing file /home/airflow/.local/lib/python3.12/site-packages/airflow/example_dags/example_complex.py for tasks to queue
[2025-01-19T04:31:56.396+0000] {logging_mixin.py:190} INFO - [2025-01-19T04:31:56.395+0000] {dagbag.py:588} INFO - Filling up the DagBag from /home/airflow/.local/lib/python3.12/site-packages/airflow/example_dags/example_complex.py
[2025-01-19T04:31:56.435+0000] {processor.py:925} INFO - DAG(s) 'example_complex' retrieved from /home/airflow/.local/lib/python3.12/site-packages/airflow/example_dags/example_complex.py
[2025-01-19T04:31:56.522+0000] {logging_mixin.py:190} INFO - [2025-01-19T04:31:56.521+0000] {dag.py:3239} INFO - Sync 1 DAGs
[2025-01-19T04:31:56.558+0000] {logging_mixin.py:190} INFO - [2025-01-19T04:31:56.557+0000] {dag.py:4180} INFO - Setting next_dagrun for example_complex to None, run_after=None
[2025-01-19T04:31:56.597+0000] {processor.py:208} INFO - Processing /home/airflow/.local/lib/python3.12/site-packages/airflow/example_dags/example_complex.py took 0.228 seconds
[2025-01-19T04:32:28.933+0000] {processor.py:186} INFO - Started process (PID=565) to work on /home/airflow/.local/lib/python3.12/site-packages/airflow/example_dags/example_complex.py
[2025-01-19T04:32:28.937+0000] {processor.py:914} INFO - Processing file /home/airflow/.local/lib/python3.12/site-packages/airflow/example_dags/example_complex.py for tasks to queue
[2025-01-19T04:32:28.943+0000] {logging_mixin.py:190} INFO - [2025-01-19T04:32:28.942+0000] {dagbag.py:588} INFO - Filling up the DagBag from /home/airflow/.local/lib/python3.12/site-packages/airflow/example_dags/example_complex.py
[2025-01-19T04:32:28.991+0000] {processor.py:925} INFO - DAG(s) 'example_complex' retrieved from /home/airflow/.local/lib/python3.12/site-packages/airflow/example_dags/example_complex.py
[2025-01-19T04:32:29.137+0000] {logging_mixin.py:190} INFO - [2025-01-19T04:32:29.135+0000] {dag.py:3239} INFO - Sync 1 DAGs
[2025-01-19T04:32:29.205+0000] {logging_mixin.py:190} INFO - [2025-01-19T04:32:29.205+0000] {dag.py:4180} INFO - Setting next_dagrun for example_complex to None, run_after=None
[2025-01-19T04:32:29.314+0000] {processor.py:208} INFO - Processing /home/airflow/.local/lib/python3.12/site-packages/airflow/example_dags/example_complex.py took 0.407 seconds
[2025-01-19T04:33:03.504+0000] {processor.py:186} INFO - Started process (PID=628) to work on /home/airflow/.local/lib/python3.12/site-packages/airflow/example_dags/example_complex.py
[2025-01-19T04:33:03.506+0000] {processor.py:914} INFO - Processing file /home/airflow/.local/lib/python3.12/site-packages/airflow/example_dags/example_complex.py for tasks to queue
[2025-01-19T04:33:03.512+0000] {logging_mixin.py:190} INFO - [2025-01-19T04:33:03.511+0000] {dagbag.py:588} INFO - Filling up the DagBag from /home/airflow/.local/lib/python3.12/site-packages/airflow/example_dags/example_complex.py
[2025-01-19T04:33:03.534+0000] {processor.py:925} INFO - DAG(s) 'example_complex' retrieved from /home/airflow/.local/lib/python3.12/site-packages/airflow/example_dags/example_complex.py
[2025-01-19T04:33:03.607+0000] {logging_mixin.py:190} INFO - [2025-01-19T04:33:03.606+0000] {dag.py:3239} INFO - Sync 1 DAGs
[2025-01-19T04:33:03.639+0000] {logging_mixin.py:190} INFO - [2025-01-19T04:33:03.639+0000] {dag.py:4180} INFO - Setting next_dagrun for example_complex to None, run_after=None
[2025-01-19T04:33:03.694+0000] {processor.py:208} INFO - Processing /home/airflow/.local/lib/python3.12/site-packages/airflow/example_dags/example_complex.py took 0.203 seconds
[2025-01-19T04:33:34.340+0000] {processor.py:186} INFO - Started process (PID=691) to work on /home/airflow/.local/lib/python3.12/site-packages/airflow/example_dags/example_complex.py
[2025-01-19T04:33:34.343+0000] {processor.py:914} INFO - Processing file /home/airflow/.local/lib/python3.12/site-packages/airflow/example_dags/example_complex.py for tasks to queue
[2025-01-19T04:33:34.348+0000] {logging_mixin.py:190} INFO - [2025-01-19T04:33:34.347+0000] {dagbag.py:588} INFO - Filling up the DagBag from /home/airflow/.local/lib/python3.12/site-packages/airflow/example_dags/example_complex.py
[2025-01-19T04:33:34.382+0000] {processor.py:925} INFO - DAG(s) 'example_complex' retrieved from /home/airflow/.local/lib/python3.12/site-packages/airflow/example_dags/example_complex.py
[2025-01-19T04:33:34.455+0000] {logging_mixin.py:190} INFO - [2025-01-19T04:33:34.454+0000] {dag.py:3239} INFO - Sync 1 DAGs
[2025-01-19T04:33:34.486+0000] {logging_mixin.py:190} INFO - [2025-01-19T04:33:34.485+0000] {dag.py:4180} INFO - Setting next_dagrun for example_complex to None, run_after=None
[2025-01-19T04:33:34.530+0000] {processor.py:208} INFO - Processing /home/airflow/.local/lib/python3.12/site-packages/airflow/example_dags/example_complex.py took 0.202 seconds
[2025-01-19T04:34:06.016+0000] {processor.py:186} INFO - Started process (PID=754) to work on /home/airflow/.local/lib/python3.12/site-packages/airflow/example_dags/example_complex.py
[2025-01-19T04:34:06.027+0000] {processor.py:914} INFO - Processing file /home/airflow/.local/lib/python3.12/site-packages/airflow/example_dags/example_complex.py for tasks to queue
[2025-01-19T04:34:06.045+0000] {logging_mixin.py:190} INFO - [2025-01-19T04:34:06.045+0000] {dagbag.py:588} INFO - Filling up the DagBag from /home/airflow/.local/lib/python3.12/site-packages/airflow/example_dags/example_complex.py
[2025-01-19T04:34:06.134+0000] {processor.py:925} INFO - DAG(s) 'example_complex' retrieved from /home/airflow/.local/lib/python3.12/site-packages/airflow/example_dags/example_complex.py
[2025-01-19T04:34:06.332+0000] {logging_mixin.py:190} INFO - [2025-01-19T04:34:06.331+0000] {dag.py:3239} INFO - Sync 1 DAGs
[2025-01-19T04:34:06.441+0000] {logging_mixin.py:190} INFO - [2025-01-19T04:34:06.440+0000] {dag.py:4180} INFO - Setting next_dagrun for example_complex to None, run_after=None
[2025-01-19T04:34:06.552+0000] {processor.py:208} INFO - Processing /home/airflow/.local/lib/python3.12/site-packages/airflow/example_dags/example_complex.py took 0.560 seconds
[2025-01-19T04:34:36.892+0000] {processor.py:186} INFO - Started process (PID=824) to work on /home/airflow/.local/lib/python3.12/site-packages/airflow/example_dags/example_complex.py
[2025-01-19T04:34:36.894+0000] {processor.py:914} INFO - Processing file /home/airflow/.local/lib/python3.12/site-packages/airflow/example_dags/example_complex.py for tasks to queue
[2025-01-19T04:34:36.899+0000] {logging_mixin.py:190} INFO - [2025-01-19T04:34:36.898+0000] {dagbag.py:588} INFO - Filling up the DagBag from /home/airflow/.local/lib/python3.12/site-packages/airflow/example_dags/example_complex.py
[2025-01-19T04:34:36.928+0000] {processor.py:925} INFO - DAG(s) 'example_complex' retrieved from /home/airflow/.local/lib/python3.12/site-packages/airflow/example_dags/example_complex.py
[2025-01-19T04:34:36.991+0000] {logging_mixin.py:190} INFO - [2025-01-19T04:34:36.991+0000] {dag.py:3239} INFO - Sync 1 DAGs
[2025-01-19T04:34:37.023+0000] {logging_mixin.py:190} INFO - [2025-01-19T04:34:37.022+0000] {dag.py:4180} INFO - Setting next_dagrun for example_complex to None, run_after=None
[2025-01-19T04:34:37.099+0000] {processor.py:208} INFO - Processing /home/airflow/.local/lib/python3.12/site-packages/airflow/example_dags/example_complex.py took 0.221 seconds
[2025-01-19T04:35:18.270+0000] {processor.py:186} INFO - Started process (PID=885) to work on /home/airflow/.local/lib/python3.12/site-packages/airflow/example_dags/example_complex.py
[2025-01-19T04:35:18.273+0000] {processor.py:914} INFO - Processing file /home/airflow/.local/lib/python3.12/site-packages/airflow/example_dags/example_complex.py for tasks to queue
[2025-01-19T04:35:18.281+0000] {logging_mixin.py:190} INFO - [2025-01-19T04:35:18.280+0000] {dagbag.py:588} INFO - Filling up the DagBag from /home/airflow/.local/lib/python3.12/site-packages/airflow/example_dags/example_complex.py
[2025-01-19T04:35:18.334+0000] {processor.py:925} INFO - DAG(s) 'example_complex' retrieved from /home/airflow/.local/lib/python3.12/site-packages/airflow/example_dags/example_complex.py
[2025-01-19T04:35:18.417+0000] {logging_mixin.py:190} INFO - [2025-01-19T04:35:18.416+0000] {dag.py:3239} INFO - Sync 1 DAGs
[2025-01-19T04:35:18.455+0000] {logging_mixin.py:190} INFO - [2025-01-19T04:35:18.454+0000] {dag.py:4180} INFO - Setting next_dagrun for example_complex to None, run_after=None
[2025-01-19T04:35:20.009+0000] {processor.py:208} INFO - Processing /home/airflow/.local/lib/python3.12/site-packages/airflow/example_dags/example_complex.py took 1.761 seconds
[2025-01-19T04:35:50.474+0000] {processor.py:186} INFO - Started process (PID=948) to work on /home/airflow/.local/lib/python3.12/site-packages/airflow/example_dags/example_complex.py
[2025-01-19T04:35:50.476+0000] {processor.py:914} INFO - Processing file /home/airflow/.local/lib/python3.12/site-packages/airflow/example_dags/example_complex.py for tasks to queue
[2025-01-19T04:35:50.481+0000] {logging_mixin.py:190} INFO - [2025-01-19T04:35:50.480+0000] {dagbag.py:588} INFO - Filling up the DagBag from /home/airflow/.local/lib/python3.12/site-packages/airflow/example_dags/example_complex.py
[2025-01-19T04:35:50.530+0000] {processor.py:925} INFO - DAG(s) 'example_complex' retrieved from /home/airflow/.local/lib/python3.12/site-packages/airflow/example_dags/example_complex.py
[2025-01-19T04:35:50.774+0000] {logging_mixin.py:190} INFO - [2025-01-19T04:35:50.773+0000] {dag.py:3239} INFO - Sync 1 DAGs
[2025-01-19T04:35:50.886+0000] {logging_mixin.py:190} INFO - [2025-01-19T04:35:50.886+0000] {dag.py:4180} INFO - Setting next_dagrun for example_complex to None, run_after=None
[2025-01-19T04:35:51.016+0000] {processor.py:208} INFO - Processing /home/airflow/.local/lib/python3.12/site-packages/airflow/example_dags/example_complex.py took 0.558 seconds
[2025-01-19T04:36:22.155+0000] {processor.py:186} INFO - Started process (PID=1010) to work on /home/airflow/.local/lib/python3.12/site-packages/airflow/example_dags/example_complex.py
[2025-01-19T04:36:22.157+0000] {processor.py:914} INFO - Processing file /home/airflow/.local/lib/python3.12/site-packages/airflow/example_dags/example_complex.py for tasks to queue
[2025-01-19T04:36:22.163+0000] {logging_mixin.py:190} INFO - [2025-01-19T04:36:22.163+0000] {dagbag.py:588} INFO - Filling up the DagBag from /home/airflow/.local/lib/python3.12/site-packages/airflow/example_dags/example_complex.py
[2025-01-19T04:36:22.193+0000] {processor.py:925} INFO - DAG(s) 'example_complex' retrieved from /home/airflow/.local/lib/python3.12/site-packages/airflow/example_dags/example_complex.py
[2025-01-19T04:36:22.288+0000] {logging_mixin.py:190} INFO - [2025-01-19T04:36:22.287+0000] {dag.py:3239} INFO - Sync 1 DAGs
[2025-01-19T04:36:22.325+0000] {logging_mixin.py:190} INFO - [2025-01-19T04:36:22.325+0000] {dag.py:4180} INFO - Setting next_dagrun for example_complex to None, run_after=None
[2025-01-19T04:36:22.370+0000] {processor.py:208} INFO - Processing /home/airflow/.local/lib/python3.12/site-packages/airflow/example_dags/example_complex.py took 0.227 seconds
[2025-01-19T04:41:09.358+0000] {processor.py:186} INFO - Started process (PID=1086) to work on /home/airflow/.local/lib/python3.12/site-packages/airflow/example_dags/example_complex.py
[2025-01-19T04:41:09.362+0000] {processor.py:914} INFO - Processing file /home/airflow/.local/lib/python3.12/site-packages/airflow/example_dags/example_complex.py for tasks to queue
[2025-01-19T04:41:09.372+0000] {logging_mixin.py:190} INFO - [2025-01-19T04:41:09.371+0000] {dagbag.py:588} INFO - Filling up the DagBag from /home/airflow/.local/lib/python3.12/site-packages/airflow/example_dags/example_complex.py
[2025-01-19T04:41:09.510+0000] {processor.py:925} INFO - DAG(s) 'example_complex' retrieved from /home/airflow/.local/lib/python3.12/site-packages/airflow/example_dags/example_complex.py
[2025-01-19T04:41:09.813+0000] {logging_mixin.py:190} INFO - [2025-01-19T04:41:09.804+0000] {dag.py:3239} INFO - Sync 1 DAGs
[2025-01-19T04:41:09.896+0000] {logging_mixin.py:190} INFO - [2025-01-19T04:41:09.895+0000] {dag.py:4180} INFO - Setting next_dagrun for example_complex to None, run_after=None
[2025-01-19T04:41:09.984+0000] {processor.py:208} INFO - Processing /home/airflow/.local/lib/python3.12/site-packages/airflow/example_dags/example_complex.py took 0.650 seconds
[2025-01-19T04:41:48.322+0000] {processor.py:186} INFO - Started process (PID=1146) to work on /home/airflow/.local/lib/python3.12/site-packages/airflow/example_dags/example_complex.py
[2025-01-19T04:41:48.331+0000] {processor.py:914} INFO - Processing file /home/airflow/.local/lib/python3.12/site-packages/airflow/example_dags/example_complex.py for tasks to queue
[2025-01-19T04:41:48.343+0000] {logging_mixin.py:190} INFO - [2025-01-19T04:41:48.341+0000] {dagbag.py:588} INFO - Filling up the DagBag from /home/airflow/.local/lib/python3.12/site-packages/airflow/example_dags/example_complex.py
[2025-01-19T04:41:48.409+0000] {processor.py:925} INFO - DAG(s) 'example_complex' retrieved from /home/airflow/.local/lib/python3.12/site-packages/airflow/example_dags/example_complex.py
[2025-01-19T04:41:48.573+0000] {logging_mixin.py:190} INFO - [2025-01-19T04:41:48.572+0000] {dag.py:3239} INFO - Sync 1 DAGs
[2025-01-19T04:41:48.695+0000] {logging_mixin.py:190} INFO - [2025-01-19T04:41:48.695+0000] {dag.py:4180} INFO - Setting next_dagrun for example_complex to None, run_after=None
[2025-01-19T04:41:48.855+0000] {processor.py:208} INFO - Processing /home/airflow/.local/lib/python3.12/site-packages/airflow/example_dags/example_complex.py took 0.553 seconds
