[2025-01-19T04:13:24.469+0000] {processor.py:186} INFO - Started process (PID=491) to work on /home/airflow/.local/lib/python3.12/site-packages/airflow/example_dags/example_sla_dag.py
[2025-01-19T04:13:24.472+0000] {processor.py:914} INFO - Processing file /home/airflow/.local/lib/python3.12/site-packages/airflow/example_dags/example_sla_dag.py for tasks to queue
[2025-01-19T04:13:24.487+0000] {logging_mixin.py:190} INFO - [2025-01-19T04:13:24.485+0000] {dagbag.py:588} INFO - Filling up the DagBag from /home/airflow/.local/lib/python3.12/site-packages/airflow/example_dags/example_sla_dag.py
[2025-01-19T04:13:24.542+0000] {processor.py:925} INFO - DAG(s) 'example_sla_dag' retrieved from /home/airflow/.local/lib/python3.12/site-packages/airflow/example_dags/example_sla_dag.py
[2025-01-19T04:13:24.638+0000] {logging_mixin.py:190} INFO - [2025-01-19T04:13:24.637+0000] {dag.py:3239} INFO - Sync 1 DAGs
[2025-01-19T04:13:24.788+0000] {logging_mixin.py:190} INFO - [2025-01-19T04:13:24.788+0000] {dag.py:4180} INFO - Setting next_dagrun for example_sla_dag to 2025-01-19 04:10:00+00:00, run_after=2025-01-19 04:12:00+00:00
[2025-01-19T04:13:24.862+0000] {processor.py:208} INFO - Processing /home/airflow/.local/lib/python3.12/site-packages/airflow/example_dags/example_sla_dag.py took 0.423 seconds
[2025-01-19T04:13:59.326+0000] {processor.py:186} INFO - Started process (PID=554) to work on /home/airflow/.local/lib/python3.12/site-packages/airflow/example_dags/example_sla_dag.py
[2025-01-19T04:13:59.329+0000] {processor.py:914} INFO - Processing file /home/airflow/.local/lib/python3.12/site-packages/airflow/example_dags/example_sla_dag.py for tasks to queue
[2025-01-19T04:13:59.343+0000] {logging_mixin.py:190} INFO - [2025-01-19T04:13:59.342+0000] {dagbag.py:588} INFO - Filling up the DagBag from /home/airflow/.local/lib/python3.12/site-packages/airflow/example_dags/example_sla_dag.py
[2025-01-19T04:13:59.381+0000] {processor.py:925} INFO - DAG(s) 'example_sla_dag' retrieved from /home/airflow/.local/lib/python3.12/site-packages/airflow/example_dags/example_sla_dag.py
[2025-01-19T04:13:59.454+0000] {logging_mixin.py:190} INFO - [2025-01-19T04:13:59.453+0000] {dag.py:3239} INFO - Sync 1 DAGs
[2025-01-19T04:13:59.591+0000] {logging_mixin.py:190} INFO - [2025-01-19T04:13:59.591+0000] {dag.py:4180} INFO - Setting next_dagrun for example_sla_dag to 2025-01-19 04:10:00+00:00, run_after=2025-01-19 04:12:00+00:00
[2025-01-19T04:13:59.671+0000] {processor.py:208} INFO - Processing /home/airflow/.local/lib/python3.12/site-packages/airflow/example_dags/example_sla_dag.py took 0.361 seconds
[2025-01-19T04:15:14.314+0000] {processor.py:186} INFO - Started process (PID=623) to work on /home/airflow/.local/lib/python3.12/site-packages/airflow/example_dags/example_sla_dag.py
[2025-01-19T04:15:14.321+0000] {processor.py:914} INFO - Processing file /home/airflow/.local/lib/python3.12/site-packages/airflow/example_dags/example_sla_dag.py for tasks to queue
[2025-01-19T04:15:14.332+0000] {logging_mixin.py:190} INFO - [2025-01-19T04:15:14.331+0000] {dagbag.py:588} INFO - Filling up the DagBag from /home/airflow/.local/lib/python3.12/site-packages/airflow/example_dags/example_sla_dag.py
[2025-01-19T04:15:14.430+0000] {processor.py:925} INFO - DAG(s) 'example_sla_dag' retrieved from /home/airflow/.local/lib/python3.12/site-packages/airflow/example_dags/example_sla_dag.py
[2025-01-19T04:15:14.907+0000] {logging_mixin.py:190} INFO - [2025-01-19T04:15:14.906+0000] {dag.py:3239} INFO - Sync 1 DAGs
[2025-01-19T04:15:15.048+0000] {logging_mixin.py:190} INFO - [2025-01-19T04:15:15.047+0000] {dag.py:4180} INFO - Setting next_dagrun for example_sla_dag to 2025-01-19 04:12:00+00:00, run_after=2025-01-19 04:14:00+00:00
[2025-01-19T04:15:15.138+0000] {processor.py:208} INFO - Processing /home/airflow/.local/lib/python3.12/site-packages/airflow/example_dags/example_sla_dag.py took 0.876 seconds
[2025-01-19T04:18:40.180+0000] {processor.py:186} INFO - Started process (PID=728) to work on /home/airflow/.local/lib/python3.12/site-packages/airflow/example_dags/example_sla_dag.py
[2025-01-19T04:18:40.186+0000] {processor.py:914} INFO - Processing file /home/airflow/.local/lib/python3.12/site-packages/airflow/example_dags/example_sla_dag.py for tasks to queue
[2025-01-19T04:18:40.192+0000] {logging_mixin.py:190} INFO - [2025-01-19T04:18:40.190+0000] {dagbag.py:588} INFO - Filling up the DagBag from /home/airflow/.local/lib/python3.12/site-packages/airflow/example_dags/example_sla_dag.py
[2025-01-19T04:18:40.226+0000] {processor.py:925} INFO - DAG(s) 'example_sla_dag' retrieved from /home/airflow/.local/lib/python3.12/site-packages/airflow/example_dags/example_sla_dag.py
[2025-01-19T04:18:40.289+0000] {logging_mixin.py:190} INFO - [2025-01-19T04:18:40.289+0000] {dag.py:3239} INFO - Sync 1 DAGs
[2025-01-19T04:18:40.402+0000] {logging_mixin.py:190} INFO - [2025-01-19T04:18:40.401+0000] {dag.py:4180} INFO - Setting next_dagrun for example_sla_dag to 2025-01-19 04:16:00+00:00, run_after=2025-01-19 04:18:00+00:00
[2025-01-19T04:18:40.496+0000] {processor.py:208} INFO - Processing /home/airflow/.local/lib/python3.12/site-packages/airflow/example_dags/example_sla_dag.py took 0.342 seconds
[2025-01-19T04:19:11.181+0000] {processor.py:186} INFO - Started process (PID=790) to work on /home/airflow/.local/lib/python3.12/site-packages/airflow/example_dags/example_sla_dag.py
[2025-01-19T04:19:11.184+0000] {processor.py:914} INFO - Processing file /home/airflow/.local/lib/python3.12/site-packages/airflow/example_dags/example_sla_dag.py for tasks to queue
[2025-01-19T04:19:11.197+0000] {logging_mixin.py:190} INFO - [2025-01-19T04:19:11.197+0000] {dagbag.py:588} INFO - Filling up the DagBag from /home/airflow/.local/lib/python3.12/site-packages/airflow/example_dags/example_sla_dag.py
[2025-01-19T04:19:11.242+0000] {processor.py:925} INFO - DAG(s) 'example_sla_dag' retrieved from /home/airflow/.local/lib/python3.12/site-packages/airflow/example_dags/example_sla_dag.py
[2025-01-19T04:19:11.342+0000] {logging_mixin.py:190} INFO - [2025-01-19T04:19:11.342+0000] {dag.py:3239} INFO - Sync 1 DAGs
[2025-01-19T04:19:11.479+0000] {logging_mixin.py:190} INFO - [2025-01-19T04:19:11.478+0000] {dag.py:4180} INFO - Setting next_dagrun for example_sla_dag to 2025-01-19 04:16:00+00:00, run_after=2025-01-19 04:18:00+00:00
[2025-01-19T04:19:11.550+0000] {processor.py:208} INFO - Processing /home/airflow/.local/lib/python3.12/site-packages/airflow/example_dags/example_sla_dag.py took 0.396 seconds
[2025-01-19T04:19:46.051+0000] {processor.py:186} INFO - Started process (PID=854) to work on /home/airflow/.local/lib/python3.12/site-packages/airflow/example_dags/example_sla_dag.py
[2025-01-19T04:19:46.055+0000] {processor.py:914} INFO - Processing file /home/airflow/.local/lib/python3.12/site-packages/airflow/example_dags/example_sla_dag.py for tasks to queue
[2025-01-19T04:19:46.061+0000] {logging_mixin.py:190} INFO - [2025-01-19T04:19:46.060+0000] {dagbag.py:588} INFO - Filling up the DagBag from /home/airflow/.local/lib/python3.12/site-packages/airflow/example_dags/example_sla_dag.py
[2025-01-19T04:19:46.115+0000] {processor.py:925} INFO - DAG(s) 'example_sla_dag' retrieved from /home/airflow/.local/lib/python3.12/site-packages/airflow/example_dags/example_sla_dag.py
[2025-01-19T04:19:46.182+0000] {logging_mixin.py:190} INFO - [2025-01-19T04:19:46.181+0000] {dag.py:3239} INFO - Sync 1 DAGs
[2025-01-19T04:19:46.322+0000] {logging_mixin.py:190} INFO - [2025-01-19T04:19:46.322+0000] {dag.py:4180} INFO - Setting next_dagrun for example_sla_dag to 2025-01-19 04:16:00+00:00, run_after=2025-01-19 04:18:00+00:00
[2025-01-19T04:19:46.398+0000] {processor.py:208} INFO - Processing /home/airflow/.local/lib/python3.12/site-packages/airflow/example_dags/example_sla_dag.py took 0.374 seconds
[2025-01-19T04:20:17.190+0000] {processor.py:186} INFO - Started process (PID=916) to work on /home/airflow/.local/lib/python3.12/site-packages/airflow/example_dags/example_sla_dag.py
[2025-01-19T04:20:17.193+0000] {processor.py:914} INFO - Processing file /home/airflow/.local/lib/python3.12/site-packages/airflow/example_dags/example_sla_dag.py for tasks to queue
[2025-01-19T04:20:17.195+0000] {logging_mixin.py:190} INFO - [2025-01-19T04:20:17.195+0000] {dagbag.py:588} INFO - Filling up the DagBag from /home/airflow/.local/lib/python3.12/site-packages/airflow/example_dags/example_sla_dag.py
[2025-01-19T04:20:17.218+0000] {processor.py:925} INFO - DAG(s) 'example_sla_dag' retrieved from /home/airflow/.local/lib/python3.12/site-packages/airflow/example_dags/example_sla_dag.py
[2025-01-19T04:20:17.254+0000] {logging_mixin.py:190} INFO - [2025-01-19T04:20:17.253+0000] {dag.py:3239} INFO - Sync 1 DAGs
[2025-01-19T04:20:17.309+0000] {logging_mixin.py:190} INFO - [2025-01-19T04:20:17.309+0000] {dag.py:4180} INFO - Setting next_dagrun for example_sla_dag to 2025-01-19 04:18:00+00:00, run_after=2025-01-19 04:20:00+00:00
[2025-01-19T04:20:17.356+0000] {processor.py:208} INFO - Processing /home/airflow/.local/lib/python3.12/site-packages/airflow/example_dags/example_sla_dag.py took 0.179 seconds
[2025-01-19T04:20:53.589+0000] {processor.py:186} INFO - Started process (PID=979) to work on /home/airflow/.local/lib/python3.12/site-packages/airflow/example_dags/example_sla_dag.py
[2025-01-19T04:20:53.603+0000] {processor.py:914} INFO - Processing file /home/airflow/.local/lib/python3.12/site-packages/airflow/example_dags/example_sla_dag.py for tasks to queue
[2025-01-19T04:20:53.607+0000] {logging_mixin.py:190} INFO - [2025-01-19T04:20:53.606+0000] {dagbag.py:588} INFO - Filling up the DagBag from /home/airflow/.local/lib/python3.12/site-packages/airflow/example_dags/example_sla_dag.py
[2025-01-19T04:20:53.699+0000] {processor.py:925} INFO - DAG(s) 'example_sla_dag' retrieved from /home/airflow/.local/lib/python3.12/site-packages/airflow/example_dags/example_sla_dag.py
[2025-01-19T04:20:53.827+0000] {logging_mixin.py:190} INFO - [2025-01-19T04:20:53.827+0000] {dag.py:3239} INFO - Sync 1 DAGs
[2025-01-19T04:20:54.043+0000] {logging_mixin.py:190} INFO - [2025-01-19T04:20:54.042+0000] {dag.py:4180} INFO - Setting next_dagrun for example_sla_dag to 2025-01-19 04:18:00+00:00, run_after=2025-01-19 04:20:00+00:00
[2025-01-19T04:20:54.273+0000] {processor.py:208} INFO - Processing /home/airflow/.local/lib/python3.12/site-packages/airflow/example_dags/example_sla_dag.py took 0.720 seconds
[2025-01-19T04:21:33.404+0000] {processor.py:186} INFO - Started process (PID=1053) to work on /home/airflow/.local/lib/python3.12/site-packages/airflow/example_dags/example_sla_dag.py
[2025-01-19T04:21:33.407+0000] {processor.py:914} INFO - Processing file /home/airflow/.local/lib/python3.12/site-packages/airflow/example_dags/example_sla_dag.py for tasks to queue
[2025-01-19T04:21:33.410+0000] {logging_mixin.py:190} INFO - [2025-01-19T04:21:33.409+0000] {dagbag.py:588} INFO - Filling up the DagBag from /home/airflow/.local/lib/python3.12/site-packages/airflow/example_dags/example_sla_dag.py
[2025-01-19T04:21:33.461+0000] {processor.py:925} INFO - DAG(s) 'example_sla_dag' retrieved from /home/airflow/.local/lib/python3.12/site-packages/airflow/example_dags/example_sla_dag.py
[2025-01-19T04:21:33.553+0000] {logging_mixin.py:190} INFO - [2025-01-19T04:21:33.550+0000] {dag.py:3239} INFO - Sync 1 DAGs
[2025-01-19T04:21:33.716+0000] {logging_mixin.py:190} INFO - [2025-01-19T04:21:33.716+0000] {dag.py:4180} INFO - Setting next_dagrun for example_sla_dag to 2025-01-19 04:18:00+00:00, run_after=2025-01-19 04:20:00+00:00
[2025-01-19T04:21:33.818+0000] {processor.py:208} INFO - Processing /home/airflow/.local/lib/python3.12/site-packages/airflow/example_dags/example_sla_dag.py took 0.433 seconds
[2025-01-19T04:28:13.065+0000] {processor.py:186} INFO - Started process (PID=105) to work on /home/airflow/.local/lib/python3.12/site-packages/airflow/example_dags/example_sla_dag.py
[2025-01-19T04:28:13.069+0000] {processor.py:914} INFO - Processing file /home/airflow/.local/lib/python3.12/site-packages/airflow/example_dags/example_sla_dag.py for tasks to queue
[2025-01-19T04:28:13.074+0000] {logging_mixin.py:190} INFO - [2025-01-19T04:28:13.073+0000] {dagbag.py:588} INFO - Filling up the DagBag from /home/airflow/.local/lib/python3.12/site-packages/airflow/example_dags/example_sla_dag.py
[2025-01-19T04:28:13.102+0000] {processor.py:925} INFO - DAG(s) 'example_sla_dag' retrieved from /home/airflow/.local/lib/python3.12/site-packages/airflow/example_dags/example_sla_dag.py
[2025-01-19T04:28:13.418+0000] {logging_mixin.py:190} INFO - [2025-01-19T04:28:13.417+0000] {override.py:1911} INFO - Created Permission View: can delete on DAG:example_sla_dag
[2025-01-19T04:28:13.443+0000] {logging_mixin.py:190} INFO - [2025-01-19T04:28:13.442+0000] {override.py:1911} INFO - Created Permission View: can edit on DAG:example_sla_dag
[2025-01-19T04:28:13.462+0000] {logging_mixin.py:190} INFO - [2025-01-19T04:28:13.461+0000] {override.py:1911} INFO - Created Permission View: can read on DAG:example_sla_dag
[2025-01-19T04:28:13.484+0000] {logging_mixin.py:190} INFO - [2025-01-19T04:28:13.483+0000] {override.py:1911} INFO - Created Permission View: can create on DAG Run:example_sla_dag
[2025-01-19T04:28:13.503+0000] {logging_mixin.py:190} INFO - [2025-01-19T04:28:13.503+0000] {override.py:1911} INFO - Created Permission View: menu access on DAG Run:example_sla_dag
[2025-01-19T04:28:13.524+0000] {logging_mixin.py:190} INFO - [2025-01-19T04:28:13.523+0000] {override.py:1911} INFO - Created Permission View: can delete on DAG Run:example_sla_dag
[2025-01-19T04:28:13.556+0000] {logging_mixin.py:190} INFO - [2025-01-19T04:28:13.555+0000] {override.py:1911} INFO - Created Permission View: can read on DAG Run:example_sla_dag
[2025-01-19T04:28:13.565+0000] {logging_mixin.py:190} INFO - [2025-01-19T04:28:13.564+0000] {dag.py:3239} INFO - Sync 1 DAGs
[2025-01-19T04:28:13.598+0000] {logging_mixin.py:190} INFO - [2025-01-19T04:28:13.597+0000] {dag.py:3262} INFO - Creating ORM DAG for example_sla_dag
[2025-01-19T04:28:13.633+0000] {logging_mixin.py:190} INFO - [2025-01-19T04:28:13.633+0000] {dag.py:4180} INFO - Setting next_dagrun for example_sla_dag to 2025-01-19 04:26:00+00:00, run_after=2025-01-19 04:28:00+00:00
[2025-01-19T04:28:13.668+0000] {processor.py:208} INFO - Processing /home/airflow/.local/lib/python3.12/site-packages/airflow/example_dags/example_sla_dag.py took 0.619 seconds
[2025-01-19T04:28:44.392+0000] {processor.py:186} INFO - Started process (PID=168) to work on /home/airflow/.local/lib/python3.12/site-packages/airflow/example_dags/example_sla_dag.py
[2025-01-19T04:28:44.404+0000] {processor.py:914} INFO - Processing file /home/airflow/.local/lib/python3.12/site-packages/airflow/example_dags/example_sla_dag.py for tasks to queue
[2025-01-19T04:28:44.416+0000] {logging_mixin.py:190} INFO - [2025-01-19T04:28:44.415+0000] {dagbag.py:588} INFO - Filling up the DagBag from /home/airflow/.local/lib/python3.12/site-packages/airflow/example_dags/example_sla_dag.py
[2025-01-19T04:28:44.443+0000] {processor.py:925} INFO - DAG(s) 'example_sla_dag' retrieved from /home/airflow/.local/lib/python3.12/site-packages/airflow/example_dags/example_sla_dag.py
[2025-01-19T04:28:44.501+0000] {logging_mixin.py:190} INFO - [2025-01-19T04:28:44.500+0000] {dag.py:3239} INFO - Sync 1 DAGs
[2025-01-19T04:28:44.591+0000] {logging_mixin.py:190} INFO - [2025-01-19T04:28:44.591+0000] {dag.py:4180} INFO - Setting next_dagrun for example_sla_dag to 2025-01-19 04:26:00+00:00, run_after=2025-01-19 04:28:00+00:00
[2025-01-19T04:28:44.676+0000] {processor.py:208} INFO - Processing /home/airflow/.local/lib/python3.12/site-packages/airflow/example_dags/example_sla_dag.py took 0.335 seconds
[2025-01-19T04:29:19.863+0000] {processor.py:186} INFO - Started process (PID=237) to work on /home/airflow/.local/lib/python3.12/site-packages/airflow/example_dags/example_sla_dag.py
[2025-01-19T04:29:19.866+0000] {processor.py:914} INFO - Processing file /home/airflow/.local/lib/python3.12/site-packages/airflow/example_dags/example_sla_dag.py for tasks to queue
[2025-01-19T04:29:19.882+0000] {logging_mixin.py:190} INFO - [2025-01-19T04:29:19.881+0000] {dagbag.py:588} INFO - Filling up the DagBag from /home/airflow/.local/lib/python3.12/site-packages/airflow/example_dags/example_sla_dag.py
[2025-01-19T04:29:19.929+0000] {processor.py:925} INFO - DAG(s) 'example_sla_dag' retrieved from /home/airflow/.local/lib/python3.12/site-packages/airflow/example_dags/example_sla_dag.py
[2025-01-19T04:29:20.018+0000] {logging_mixin.py:190} INFO - [2025-01-19T04:29:20.016+0000] {dag.py:3239} INFO - Sync 1 DAGs
[2025-01-19T04:29:20.104+0000] {logging_mixin.py:190} INFO - [2025-01-19T04:29:20.104+0000] {dag.py:4180} INFO - Setting next_dagrun for example_sla_dag to 2025-01-19 04:26:00+00:00, run_after=2025-01-19 04:28:00+00:00
[2025-01-19T04:29:20.169+0000] {processor.py:208} INFO - Processing /home/airflow/.local/lib/python3.12/site-packages/airflow/example_dags/example_sla_dag.py took 0.326 seconds
[2025-01-19T04:30:12.782+0000] {processor.py:186} INFO - Started process (PID=323) to work on /home/airflow/.local/lib/python3.12/site-packages/airflow/example_dags/example_sla_dag.py
[2025-01-19T04:30:12.785+0000] {processor.py:914} INFO - Processing file /home/airflow/.local/lib/python3.12/site-packages/airflow/example_dags/example_sla_dag.py for tasks to queue
[2025-01-19T04:30:12.791+0000] {logging_mixin.py:190} INFO - [2025-01-19T04:30:12.790+0000] {dagbag.py:588} INFO - Filling up the DagBag from /home/airflow/.local/lib/python3.12/site-packages/airflow/example_dags/example_sla_dag.py
[2025-01-19T04:30:12.814+0000] {processor.py:925} INFO - DAG(s) 'example_sla_dag' retrieved from /home/airflow/.local/lib/python3.12/site-packages/airflow/example_dags/example_sla_dag.py
[2025-01-19T04:30:12.856+0000] {logging_mixin.py:190} INFO - [2025-01-19T04:30:12.856+0000] {dag.py:3239} INFO - Sync 1 DAGs
[2025-01-19T04:30:12.910+0000] {logging_mixin.py:190} INFO - [2025-01-19T04:30:12.909+0000] {dag.py:4180} INFO - Setting next_dagrun for example_sla_dag to 2025-01-19 04:28:00+00:00, run_after=2025-01-19 04:30:00+00:00
[2025-01-19T04:30:12.952+0000] {processor.py:208} INFO - Processing /home/airflow/.local/lib/python3.12/site-packages/airflow/example_dags/example_sla_dag.py took 0.182 seconds
[2025-01-19T04:30:45.366+0000] {processor.py:186} INFO - Started process (PID=386) to work on /home/airflow/.local/lib/python3.12/site-packages/airflow/example_dags/example_sla_dag.py
[2025-01-19T04:30:45.369+0000] {processor.py:914} INFO - Processing file /home/airflow/.local/lib/python3.12/site-packages/airflow/example_dags/example_sla_dag.py for tasks to queue
[2025-01-19T04:30:45.374+0000] {logging_mixin.py:190} INFO - [2025-01-19T04:30:45.373+0000] {dagbag.py:588} INFO - Filling up the DagBag from /home/airflow/.local/lib/python3.12/site-packages/airflow/example_dags/example_sla_dag.py
[2025-01-19T04:30:45.400+0000] {processor.py:925} INFO - DAG(s) 'example_sla_dag' retrieved from /home/airflow/.local/lib/python3.12/site-packages/airflow/example_dags/example_sla_dag.py
[2025-01-19T04:30:45.444+0000] {logging_mixin.py:190} INFO - [2025-01-19T04:30:45.443+0000] {dag.py:3239} INFO - Sync 1 DAGs
[2025-01-19T04:30:45.527+0000] {logging_mixin.py:190} INFO - [2025-01-19T04:30:45.526+0000] {dag.py:4180} INFO - Setting next_dagrun for example_sla_dag to 2025-01-19 04:28:00+00:00, run_after=2025-01-19 04:30:00+00:00
[2025-01-19T04:30:45.575+0000] {processor.py:208} INFO - Processing /home/airflow/.local/lib/python3.12/site-packages/airflow/example_dags/example_sla_dag.py took 0.219 seconds
[2025-01-19T04:31:25.623+0000] {processor.py:186} INFO - Started process (PID=454) to work on /home/airflow/.local/lib/python3.12/site-packages/airflow/example_dags/example_sla_dag.py
[2025-01-19T04:31:25.625+0000] {processor.py:914} INFO - Processing file /home/airflow/.local/lib/python3.12/site-packages/airflow/example_dags/example_sla_dag.py for tasks to queue
[2025-01-19T04:31:25.630+0000] {logging_mixin.py:190} INFO - [2025-01-19T04:31:25.629+0000] {dagbag.py:588} INFO - Filling up the DagBag from /home/airflow/.local/lib/python3.12/site-packages/airflow/example_dags/example_sla_dag.py
[2025-01-19T04:31:25.657+0000] {processor.py:925} INFO - DAG(s) 'example_sla_dag' retrieved from /home/airflow/.local/lib/python3.12/site-packages/airflow/example_dags/example_sla_dag.py
[2025-01-19T04:31:25.713+0000] {logging_mixin.py:190} INFO - [2025-01-19T04:31:25.712+0000] {dag.py:3239} INFO - Sync 1 DAGs
[2025-01-19T04:31:25.787+0000] {logging_mixin.py:190} INFO - [2025-01-19T04:31:25.787+0000] {dag.py:4180} INFO - Setting next_dagrun for example_sla_dag to 2025-01-19 04:28:00+00:00, run_after=2025-01-19 04:30:00+00:00
[2025-01-19T04:31:25.827+0000] {processor.py:208} INFO - Processing /home/airflow/.local/lib/python3.12/site-packages/airflow/example_dags/example_sla_dag.py took 0.220 seconds
[2025-01-19T04:32:00.877+0000] {processor.py:186} INFO - Started process (PID=521) to work on /home/airflow/.local/lib/python3.12/site-packages/airflow/example_dags/example_sla_dag.py
[2025-01-19T04:32:00.879+0000] {processor.py:914} INFO - Processing file /home/airflow/.local/lib/python3.12/site-packages/airflow/example_dags/example_sla_dag.py for tasks to queue
[2025-01-19T04:32:00.883+0000] {logging_mixin.py:190} INFO - [2025-01-19T04:32:00.882+0000] {dagbag.py:588} INFO - Filling up the DagBag from /home/airflow/.local/lib/python3.12/site-packages/airflow/example_dags/example_sla_dag.py
[2025-01-19T04:32:00.906+0000] {processor.py:925} INFO - DAG(s) 'example_sla_dag' retrieved from /home/airflow/.local/lib/python3.12/site-packages/airflow/example_dags/example_sla_dag.py
[2025-01-19T04:32:00.945+0000] {logging_mixin.py:190} INFO - [2025-01-19T04:32:00.944+0000] {dag.py:3239} INFO - Sync 1 DAGs
[2025-01-19T04:32:00.992+0000] {logging_mixin.py:190} INFO - [2025-01-19T04:32:00.991+0000] {dag.py:4180} INFO - Setting next_dagrun for example_sla_dag to 2025-01-19 04:30:00+00:00, run_after=2025-01-19 04:32:00+00:00
[2025-01-19T04:32:01.039+0000] {processor.py:208} INFO - Processing /home/airflow/.local/lib/python3.12/site-packages/airflow/example_dags/example_sla_dag.py took 0.172 seconds
[2025-01-19T04:32:33.602+0000] {processor.py:186} INFO - Started process (PID=584) to work on /home/airflow/.local/lib/python3.12/site-packages/airflow/example_dags/example_sla_dag.py
[2025-01-19T04:32:33.604+0000] {processor.py:914} INFO - Processing file /home/airflow/.local/lib/python3.12/site-packages/airflow/example_dags/example_sla_dag.py for tasks to queue
[2025-01-19T04:32:33.609+0000] {logging_mixin.py:190} INFO - [2025-01-19T04:32:33.608+0000] {dagbag.py:588} INFO - Filling up the DagBag from /home/airflow/.local/lib/python3.12/site-packages/airflow/example_dags/example_sla_dag.py
[2025-01-19T04:32:33.642+0000] {processor.py:925} INFO - DAG(s) 'example_sla_dag' retrieved from /home/airflow/.local/lib/python3.12/site-packages/airflow/example_dags/example_sla_dag.py
[2025-01-19T04:32:33.690+0000] {logging_mixin.py:190} INFO - [2025-01-19T04:32:33.689+0000] {dag.py:3239} INFO - Sync 1 DAGs
[2025-01-19T04:32:33.763+0000] {logging_mixin.py:190} INFO - [2025-01-19T04:32:33.763+0000] {dag.py:4180} INFO - Setting next_dagrun for example_sla_dag to 2025-01-19 04:30:00+00:00, run_after=2025-01-19 04:32:00+00:00
[2025-01-19T04:32:33.810+0000] {processor.py:208} INFO - Processing /home/airflow/.local/lib/python3.12/site-packages/airflow/example_dags/example_sla_dag.py took 0.222 seconds
[2025-01-19T04:33:09.531+0000] {processor.py:186} INFO - Started process (PID=647) to work on /home/airflow/.local/lib/python3.12/site-packages/airflow/example_dags/example_sla_dag.py
[2025-01-19T04:33:09.535+0000] {processor.py:914} INFO - Processing file /home/airflow/.local/lib/python3.12/site-packages/airflow/example_dags/example_sla_dag.py for tasks to queue
[2025-01-19T04:33:09.545+0000] {logging_mixin.py:190} INFO - [2025-01-19T04:33:09.543+0000] {dagbag.py:588} INFO - Filling up the DagBag from /home/airflow/.local/lib/python3.12/site-packages/airflow/example_dags/example_sla_dag.py
[2025-01-19T04:33:09.574+0000] {processor.py:925} INFO - DAG(s) 'example_sla_dag' retrieved from /home/airflow/.local/lib/python3.12/site-packages/airflow/example_dags/example_sla_dag.py
[2025-01-19T04:33:09.656+0000] {logging_mixin.py:190} INFO - [2025-01-19T04:33:09.652+0000] {dag.py:3239} INFO - Sync 1 DAGs
[2025-01-19T04:33:09.823+0000] {logging_mixin.py:190} INFO - [2025-01-19T04:33:09.823+0000] {dag.py:4180} INFO - Setting next_dagrun for example_sla_dag to 2025-01-19 04:30:00+00:00, run_after=2025-01-19 04:32:00+00:00
[2025-01-19T04:33:09.871+0000] {processor.py:208} INFO - Processing /home/airflow/.local/lib/python3.12/site-packages/airflow/example_dags/example_sla_dag.py took 0.359 seconds
[2025-01-19T04:33:41.044+0000] {processor.py:186} INFO - Started process (PID=716) to work on /home/airflow/.local/lib/python3.12/site-packages/airflow/example_dags/example_sla_dag.py
[2025-01-19T04:33:41.047+0000] {processor.py:914} INFO - Processing file /home/airflow/.local/lib/python3.12/site-packages/airflow/example_dags/example_sla_dag.py for tasks to queue
[2025-01-19T04:33:41.054+0000] {logging_mixin.py:190} INFO - [2025-01-19T04:33:41.053+0000] {dagbag.py:588} INFO - Filling up the DagBag from /home/airflow/.local/lib/python3.12/site-packages/airflow/example_dags/example_sla_dag.py
[2025-01-19T04:33:41.109+0000] {processor.py:925} INFO - DAG(s) 'example_sla_dag' retrieved from /home/airflow/.local/lib/python3.12/site-packages/airflow/example_dags/example_sla_dag.py
[2025-01-19T04:33:41.156+0000] {logging_mixin.py:190} INFO - [2025-01-19T04:33:41.155+0000] {dag.py:3239} INFO - Sync 1 DAGs
[2025-01-19T04:33:41.227+0000] {logging_mixin.py:190} INFO - [2025-01-19T04:33:41.226+0000] {dag.py:4180} INFO - Setting next_dagrun for example_sla_dag to 2025-01-19 04:30:00+00:00, run_after=2025-01-19 04:32:00+00:00
[2025-01-19T04:33:41.333+0000] {processor.py:208} INFO - Processing /home/airflow/.local/lib/python3.12/site-packages/airflow/example_dags/example_sla_dag.py took 0.323 seconds
[2025-01-19T04:34:12.211+0000] {processor.py:186} INFO - Started process (PID=779) to work on /home/airflow/.local/lib/python3.12/site-packages/airflow/example_dags/example_sla_dag.py
[2025-01-19T04:34:12.214+0000] {processor.py:914} INFO - Processing file /home/airflow/.local/lib/python3.12/site-packages/airflow/example_dags/example_sla_dag.py for tasks to queue
[2025-01-19T04:34:12.233+0000] {logging_mixin.py:190} INFO - [2025-01-19T04:34:12.232+0000] {dagbag.py:588} INFO - Filling up the DagBag from /home/airflow/.local/lib/python3.12/site-packages/airflow/example_dags/example_sla_dag.py
[2025-01-19T04:34:12.295+0000] {processor.py:925} INFO - DAG(s) 'example_sla_dag' retrieved from /home/airflow/.local/lib/python3.12/site-packages/airflow/example_dags/example_sla_dag.py
[2025-01-19T04:34:12.370+0000] {logging_mixin.py:190} INFO - [2025-01-19T04:34:12.369+0000] {dag.py:3239} INFO - Sync 1 DAGs
[2025-01-19T04:34:12.476+0000] {logging_mixin.py:190} INFO - [2025-01-19T04:34:12.476+0000] {dag.py:4180} INFO - Setting next_dagrun for example_sla_dag to 2025-01-19 04:32:00+00:00, run_after=2025-01-19 04:34:00+00:00
[2025-01-19T04:34:12.527+0000] {processor.py:208} INFO - Processing /home/airflow/.local/lib/python3.12/site-packages/airflow/example_dags/example_sla_dag.py took 0.334 seconds
[2025-01-19T04:34:43.113+0000] {processor.py:186} INFO - Started process (PID=842) to work on /home/airflow/.local/lib/python3.12/site-packages/airflow/example_dags/example_sla_dag.py
[2025-01-19T04:34:43.115+0000] {processor.py:914} INFO - Processing file /home/airflow/.local/lib/python3.12/site-packages/airflow/example_dags/example_sla_dag.py for tasks to queue
[2025-01-19T04:34:43.120+0000] {logging_mixin.py:190} INFO - [2025-01-19T04:34:43.119+0000] {dagbag.py:588} INFO - Filling up the DagBag from /home/airflow/.local/lib/python3.12/site-packages/airflow/example_dags/example_sla_dag.py
[2025-01-19T04:34:43.147+0000] {processor.py:925} INFO - DAG(s) 'example_sla_dag' retrieved from /home/airflow/.local/lib/python3.12/site-packages/airflow/example_dags/example_sla_dag.py
[2025-01-19T04:34:43.182+0000] {logging_mixin.py:190} INFO - [2025-01-19T04:34:43.181+0000] {dag.py:3239} INFO - Sync 1 DAGs
[2025-01-19T04:34:43.236+0000] {logging_mixin.py:190} INFO - [2025-01-19T04:34:43.236+0000] {dag.py:4180} INFO - Setting next_dagrun for example_sla_dag to 2025-01-19 04:32:00+00:00, run_after=2025-01-19 04:34:00+00:00
[2025-01-19T04:34:43.283+0000] {processor.py:208} INFO - Processing /home/airflow/.local/lib/python3.12/site-packages/airflow/example_dags/example_sla_dag.py took 0.180 seconds
[2025-01-19T04:35:33.901+0000] {processor.py:186} INFO - Started process (PID=905) to work on /home/airflow/.local/lib/python3.12/site-packages/airflow/example_dags/example_sla_dag.py
[2025-01-19T04:35:33.904+0000] {processor.py:914} INFO - Processing file /home/airflow/.local/lib/python3.12/site-packages/airflow/example_dags/example_sla_dag.py for tasks to queue
[2025-01-19T04:35:33.923+0000] {logging_mixin.py:190} INFO - [2025-01-19T04:35:33.922+0000] {dagbag.py:588} INFO - Filling up the DagBag from /home/airflow/.local/lib/python3.12/site-packages/airflow/example_dags/example_sla_dag.py
[2025-01-19T04:35:33.969+0000] {processor.py:925} INFO - DAG(s) 'example_sla_dag' retrieved from /home/airflow/.local/lib/python3.12/site-packages/airflow/example_dags/example_sla_dag.py
[2025-01-19T04:35:34.035+0000] {logging_mixin.py:190} INFO - [2025-01-19T04:35:34.034+0000] {dag.py:3239} INFO - Sync 1 DAGs
[2025-01-19T04:35:34.114+0000] {logging_mixin.py:190} INFO - [2025-01-19T04:35:34.113+0000] {dag.py:4180} INFO - Setting next_dagrun for example_sla_dag to 2025-01-19 04:32:00+00:00, run_after=2025-01-19 04:34:00+00:00
[2025-01-19T04:35:34.209+0000] {processor.py:208} INFO - Processing /home/airflow/.local/lib/python3.12/site-packages/airflow/example_dags/example_sla_dag.py took 0.331 seconds
[2025-01-19T04:36:05.756+0000] {processor.py:186} INFO - Started process (PID=974) to work on /home/airflow/.local/lib/python3.12/site-packages/airflow/example_dags/example_sla_dag.py
[2025-01-19T04:36:05.771+0000] {processor.py:914} INFO - Processing file /home/airflow/.local/lib/python3.12/site-packages/airflow/example_dags/example_sla_dag.py for tasks to queue
[2025-01-19T04:36:05.777+0000] {logging_mixin.py:190} INFO - [2025-01-19T04:36:05.776+0000] {dagbag.py:588} INFO - Filling up the DagBag from /home/airflow/.local/lib/python3.12/site-packages/airflow/example_dags/example_sla_dag.py
[2025-01-19T04:36:05.822+0000] {processor.py:925} INFO - DAG(s) 'example_sla_dag' retrieved from /home/airflow/.local/lib/python3.12/site-packages/airflow/example_dags/example_sla_dag.py
[2025-01-19T04:36:05.886+0000] {logging_mixin.py:190} INFO - [2025-01-19T04:36:05.885+0000] {dag.py:3239} INFO - Sync 1 DAGs
[2025-01-19T04:36:05.958+0000] {logging_mixin.py:190} INFO - [2025-01-19T04:36:05.957+0000] {dag.py:4180} INFO - Setting next_dagrun for example_sla_dag to 2025-01-19 04:34:00+00:00, run_after=2025-01-19 04:36:00+00:00
[2025-01-19T04:36:06.041+0000] {processor.py:208} INFO - Processing /home/airflow/.local/lib/python3.12/site-packages/airflow/example_dags/example_sla_dag.py took 0.303 seconds
[2025-01-19T04:36:37.073+0000] {processor.py:186} INFO - Started process (PID=1037) to work on /home/airflow/.local/lib/python3.12/site-packages/airflow/example_dags/example_sla_dag.py
[2025-01-19T04:36:37.076+0000] {processor.py:914} INFO - Processing file /home/airflow/.local/lib/python3.12/site-packages/airflow/example_dags/example_sla_dag.py for tasks to queue
[2025-01-19T04:36:37.082+0000] {logging_mixin.py:190} INFO - [2025-01-19T04:36:37.080+0000] {dagbag.py:588} INFO - Filling up the DagBag from /home/airflow/.local/lib/python3.12/site-packages/airflow/example_dags/example_sla_dag.py
[2025-01-19T04:36:37.111+0000] {processor.py:925} INFO - DAG(s) 'example_sla_dag' retrieved from /home/airflow/.local/lib/python3.12/site-packages/airflow/example_dags/example_sla_dag.py
[2025-01-19T04:36:37.159+0000] {logging_mixin.py:190} INFO - [2025-01-19T04:36:37.159+0000] {dag.py:3239} INFO - Sync 1 DAGs
[2025-01-19T04:36:37.255+0000] {logging_mixin.py:190} INFO - [2025-01-19T04:36:37.254+0000] {dag.py:4180} INFO - Setting next_dagrun for example_sla_dag to 2025-01-19 04:34:00+00:00, run_after=2025-01-19 04:36:00+00:00
[2025-01-19T04:36:37.324+0000] {processor.py:208} INFO - Processing /home/airflow/.local/lib/python3.12/site-packages/airflow/example_dags/example_sla_dag.py took 0.266 seconds
[2025-01-19T04:41:35.497+0000] {processor.py:186} INFO - Started process (PID=1113) to work on /home/airflow/.local/lib/python3.12/site-packages/airflow/example_dags/example_sla_dag.py
[2025-01-19T04:41:35.507+0000] {processor.py:914} INFO - Processing file /home/airflow/.local/lib/python3.12/site-packages/airflow/example_dags/example_sla_dag.py for tasks to queue
[2025-01-19T04:41:35.513+0000] {logging_mixin.py:190} INFO - [2025-01-19T04:41:35.511+0000] {dagbag.py:588} INFO - Filling up the DagBag from /home/airflow/.local/lib/python3.12/site-packages/airflow/example_dags/example_sla_dag.py
[2025-01-19T04:41:35.572+0000] {processor.py:925} INFO - DAG(s) 'example_sla_dag' retrieved from /home/airflow/.local/lib/python3.12/site-packages/airflow/example_dags/example_sla_dag.py
[2025-01-19T04:41:35.715+0000] {logging_mixin.py:190} INFO - [2025-01-19T04:41:35.715+0000] {dag.py:3239} INFO - Sync 1 DAGs
[2025-01-19T04:41:35.949+0000] {logging_mixin.py:190} INFO - [2025-01-19T04:41:35.948+0000] {dag.py:4180} INFO - Setting next_dagrun for example_sla_dag to 2025-01-19 04:38:00+00:00, run_after=2025-01-19 04:40:00+00:00
[2025-01-19T04:41:36.124+0000] {processor.py:208} INFO - Processing /home/airflow/.local/lib/python3.12/site-packages/airflow/example_dags/example_sla_dag.py took 0.663 seconds
