[2025-01-19T04:13:25.405+0000] {processor.py:186} INFO - Started process (PID=495) to work on /home/airflow/.local/lib/python3.12/site-packages/airflow/example_dags/example_kubernetes_executor.py
[2025-01-19T04:13:25.408+0000] {processor.py:914} INFO - Processing file /home/airflow/.local/lib/python3.12/site-packages/airflow/example_dags/example_kubernetes_executor.py for tasks to queue
[2025-01-19T04:13:25.416+0000] {logging_mixin.py:190} INFO - [2025-01-19T04:13:25.415+0000] {dagbag.py:588} INFO - Filling up the DagBag from /home/airflow/.local/lib/python3.12/site-packages/airflow/example_dags/example_kubernetes_executor.py
[2025-01-19T04:13:25.489+0000] {processor.py:925} INFO - DAG(s) 'example_kubernetes_executor' retrieved from /home/airflow/.local/lib/python3.12/site-packages/airflow/example_dags/example_kubernetes_executor.py
[2025-01-19T04:13:25.587+0000] {logging_mixin.py:190} INFO - [2025-01-19T04:13:25.587+0000] {dag.py:3239} INFO - Sync 1 DAGs
[2025-01-19T04:13:25.659+0000] {logging_mixin.py:190} INFO - [2025-01-19T04:13:25.659+0000] {dag.py:4180} INFO - Setting next_dagrun for example_kubernetes_executor to None, run_after=None
[2025-01-19T04:13:25.732+0000] {processor.py:208} INFO - Processing /home/airflow/.local/lib/python3.12/site-packages/airflow/example_dags/example_kubernetes_executor.py took 0.348 seconds
[2025-01-19T04:14:04.905+0000] {processor.py:186} INFO - Started process (PID=579) to work on /home/airflow/.local/lib/python3.12/site-packages/airflow/example_dags/example_kubernetes_executor.py
[2025-01-19T04:14:04.908+0000] {processor.py:914} INFO - Processing file /home/airflow/.local/lib/python3.12/site-packages/airflow/example_dags/example_kubernetes_executor.py for tasks to queue
[2025-01-19T04:14:04.916+0000] {logging_mixin.py:190} INFO - [2025-01-19T04:14:04.915+0000] {dagbag.py:588} INFO - Filling up the DagBag from /home/airflow/.local/lib/python3.12/site-packages/airflow/example_dags/example_kubernetes_executor.py
[2025-01-19T04:14:04.957+0000] {processor.py:925} INFO - DAG(s) 'example_kubernetes_executor' retrieved from /home/airflow/.local/lib/python3.12/site-packages/airflow/example_dags/example_kubernetes_executor.py
[2025-01-19T04:14:05.023+0000] {logging_mixin.py:190} INFO - [2025-01-19T04:14:05.022+0000] {dag.py:3239} INFO - Sync 1 DAGs
[2025-01-19T04:14:05.062+0000] {logging_mixin.py:190} INFO - [2025-01-19T04:14:05.062+0000] {dag.py:4180} INFO - Setting next_dagrun for example_kubernetes_executor to None, run_after=None
[2025-01-19T04:14:05.119+0000] {processor.py:208} INFO - Processing /home/airflow/.local/lib/python3.12/site-packages/airflow/example_dags/example_kubernetes_executor.py took 0.228 seconds
[2025-01-19T04:15:27.287+0000] {processor.py:186} INFO - Started process (PID=664) to work on /home/airflow/.local/lib/python3.12/site-packages/airflow/example_dags/example_kubernetes_executor.py
[2025-01-19T04:15:27.290+0000] {processor.py:914} INFO - Processing file /home/airflow/.local/lib/python3.12/site-packages/airflow/example_dags/example_kubernetes_executor.py for tasks to queue
[2025-01-19T04:15:27.297+0000] {logging_mixin.py:190} INFO - [2025-01-19T04:15:27.296+0000] {dagbag.py:588} INFO - Filling up the DagBag from /home/airflow/.local/lib/python3.12/site-packages/airflow/example_dags/example_kubernetes_executor.py
[2025-01-19T04:15:27.408+0000] {processor.py:925} INFO - DAG(s) 'example_kubernetes_executor' retrieved from /home/airflow/.local/lib/python3.12/site-packages/airflow/example_dags/example_kubernetes_executor.py
[2025-01-19T04:15:27.533+0000] {logging_mixin.py:190} INFO - [2025-01-19T04:15:27.532+0000] {dag.py:3239} INFO - Sync 1 DAGs
[2025-01-19T04:15:27.605+0000] {logging_mixin.py:190} INFO - [2025-01-19T04:15:27.604+0000] {dag.py:4180} INFO - Setting next_dagrun for example_kubernetes_executor to None, run_after=None
[2025-01-19T04:15:27.692+0000] {processor.py:208} INFO - Processing /home/airflow/.local/lib/python3.12/site-packages/airflow/example_dags/example_kubernetes_executor.py took 0.440 seconds
[2025-01-19T04:18:41.410+0000] {processor.py:186} INFO - Started process (PID=732) to work on /home/airflow/.local/lib/python3.12/site-packages/airflow/example_dags/example_kubernetes_executor.py
[2025-01-19T04:18:41.413+0000] {processor.py:914} INFO - Processing file /home/airflow/.local/lib/python3.12/site-packages/airflow/example_dags/example_kubernetes_executor.py for tasks to queue
[2025-01-19T04:18:41.426+0000] {logging_mixin.py:190} INFO - [2025-01-19T04:18:41.422+0000] {dagbag.py:588} INFO - Filling up the DagBag from /home/airflow/.local/lib/python3.12/site-packages/airflow/example_dags/example_kubernetes_executor.py
[2025-01-19T04:18:41.516+0000] {processor.py:925} INFO - DAG(s) 'example_kubernetes_executor' retrieved from /home/airflow/.local/lib/python3.12/site-packages/airflow/example_dags/example_kubernetes_executor.py
[2025-01-19T04:18:41.667+0000] {logging_mixin.py:190} INFO - [2025-01-19T04:18:41.666+0000] {dag.py:3239} INFO - Sync 1 DAGs
[2025-01-19T04:18:41.722+0000] {logging_mixin.py:190} INFO - [2025-01-19T04:18:41.722+0000] {dag.py:4180} INFO - Setting next_dagrun for example_kubernetes_executor to None, run_after=None
[2025-01-19T04:18:41.835+0000] {processor.py:208} INFO - Processing /home/airflow/.local/lib/python3.12/site-packages/airflow/example_dags/example_kubernetes_executor.py took 0.443 seconds
[2025-01-19T04:19:12.398+0000] {processor.py:186} INFO - Started process (PID=795) to work on /home/airflow/.local/lib/python3.12/site-packages/airflow/example_dags/example_kubernetes_executor.py
[2025-01-19T04:19:12.400+0000] {processor.py:914} INFO - Processing file /home/airflow/.local/lib/python3.12/site-packages/airflow/example_dags/example_kubernetes_executor.py for tasks to queue
[2025-01-19T04:19:12.402+0000] {logging_mixin.py:190} INFO - [2025-01-19T04:19:12.402+0000] {dagbag.py:588} INFO - Filling up the DagBag from /home/airflow/.local/lib/python3.12/site-packages/airflow/example_dags/example_kubernetes_executor.py
[2025-01-19T04:19:12.454+0000] {processor.py:925} INFO - DAG(s) 'example_kubernetes_executor' retrieved from /home/airflow/.local/lib/python3.12/site-packages/airflow/example_dags/example_kubernetes_executor.py
[2025-01-19T04:19:12.524+0000] {logging_mixin.py:190} INFO - [2025-01-19T04:19:12.523+0000] {dag.py:3239} INFO - Sync 1 DAGs
[2025-01-19T04:19:12.559+0000] {logging_mixin.py:190} INFO - [2025-01-19T04:19:12.558+0000] {dag.py:4180} INFO - Setting next_dagrun for example_kubernetes_executor to None, run_after=None
[2025-01-19T04:19:12.614+0000] {processor.py:208} INFO - Processing /home/airflow/.local/lib/python3.12/site-packages/airflow/example_dags/example_kubernetes_executor.py took 0.231 seconds
[2025-01-19T04:19:47.517+0000] {processor.py:186} INFO - Started process (PID=858) to work on /home/airflow/.local/lib/python3.12/site-packages/airflow/example_dags/example_kubernetes_executor.py
[2025-01-19T04:19:47.519+0000] {processor.py:914} INFO - Processing file /home/airflow/.local/lib/python3.12/site-packages/airflow/example_dags/example_kubernetes_executor.py for tasks to queue
[2025-01-19T04:19:47.522+0000] {logging_mixin.py:190} INFO - [2025-01-19T04:19:47.521+0000] {dagbag.py:588} INFO - Filling up the DagBag from /home/airflow/.local/lib/python3.12/site-packages/airflow/example_dags/example_kubernetes_executor.py
[2025-01-19T04:19:47.556+0000] {processor.py:925} INFO - DAG(s) 'example_kubernetes_executor' retrieved from /home/airflow/.local/lib/python3.12/site-packages/airflow/example_dags/example_kubernetes_executor.py
[2025-01-19T04:19:47.614+0000] {logging_mixin.py:190} INFO - [2025-01-19T04:19:47.614+0000] {dag.py:3239} INFO - Sync 1 DAGs
[2025-01-19T04:19:47.652+0000] {logging_mixin.py:190} INFO - [2025-01-19T04:19:47.651+0000] {dag.py:4180} INFO - Setting next_dagrun for example_kubernetes_executor to None, run_after=None
[2025-01-19T04:19:47.706+0000] {processor.py:208} INFO - Processing /home/airflow/.local/lib/python3.12/site-packages/airflow/example_dags/example_kubernetes_executor.py took 0.202 seconds
[2025-01-19T04:20:17.789+0000] {processor.py:186} INFO - Started process (PID=920) to work on /home/airflow/.local/lib/python3.12/site-packages/airflow/example_dags/example_kubernetes_executor.py
[2025-01-19T04:20:17.791+0000] {processor.py:914} INFO - Processing file /home/airflow/.local/lib/python3.12/site-packages/airflow/example_dags/example_kubernetes_executor.py for tasks to queue
[2025-01-19T04:20:17.794+0000] {logging_mixin.py:190} INFO - [2025-01-19T04:20:17.793+0000] {dagbag.py:588} INFO - Filling up the DagBag from /home/airflow/.local/lib/python3.12/site-packages/airflow/example_dags/example_kubernetes_executor.py
[2025-01-19T04:20:17.832+0000] {processor.py:925} INFO - DAG(s) 'example_kubernetes_executor' retrieved from /home/airflow/.local/lib/python3.12/site-packages/airflow/example_dags/example_kubernetes_executor.py
[2025-01-19T04:20:17.874+0000] {logging_mixin.py:190} INFO - [2025-01-19T04:20:17.874+0000] {dag.py:3239} INFO - Sync 1 DAGs
[2025-01-19T04:20:17.905+0000] {logging_mixin.py:190} INFO - [2025-01-19T04:20:17.904+0000] {dag.py:4180} INFO - Setting next_dagrun for example_kubernetes_executor to None, run_after=None
[2025-01-19T04:20:17.944+0000] {processor.py:208} INFO - Processing /home/airflow/.local/lib/python3.12/site-packages/airflow/example_dags/example_kubernetes_executor.py took 0.166 seconds
[2025-01-19T04:20:55.794+0000] {processor.py:186} INFO - Started process (PID=983) to work on /home/airflow/.local/lib/python3.12/site-packages/airflow/example_dags/example_kubernetes_executor.py
[2025-01-19T04:20:55.799+0000] {processor.py:914} INFO - Processing file /home/airflow/.local/lib/python3.12/site-packages/airflow/example_dags/example_kubernetes_executor.py for tasks to queue
[2025-01-19T04:20:55.811+0000] {logging_mixin.py:190} INFO - [2025-01-19T04:20:55.810+0000] {dagbag.py:588} INFO - Filling up the DagBag from /home/airflow/.local/lib/python3.12/site-packages/airflow/example_dags/example_kubernetes_executor.py
[2025-01-19T04:20:55.976+0000] {processor.py:925} INFO - DAG(s) 'example_kubernetes_executor' retrieved from /home/airflow/.local/lib/python3.12/site-packages/airflow/example_dags/example_kubernetes_executor.py
[2025-01-19T04:20:56.057+0000] {logging_mixin.py:190} INFO - [2025-01-19T04:20:56.056+0000] {dag.py:3239} INFO - Sync 1 DAGs
[2025-01-19T04:20:56.129+0000] {logging_mixin.py:190} INFO - [2025-01-19T04:20:56.129+0000] {dag.py:4180} INFO - Setting next_dagrun for example_kubernetes_executor to None, run_after=None
[2025-01-19T04:20:56.236+0000] {processor.py:208} INFO - Processing /home/airflow/.local/lib/python3.12/site-packages/airflow/example_dags/example_kubernetes_executor.py took 0.477 seconds
[2025-01-19T04:21:35.260+0000] {processor.py:186} INFO - Started process (PID=1057) to work on /home/airflow/.local/lib/python3.12/site-packages/airflow/example_dags/example_kubernetes_executor.py
[2025-01-19T04:21:35.262+0000] {processor.py:914} INFO - Processing file /home/airflow/.local/lib/python3.12/site-packages/airflow/example_dags/example_kubernetes_executor.py for tasks to queue
[2025-01-19T04:21:35.266+0000] {logging_mixin.py:190} INFO - [2025-01-19T04:21:35.265+0000] {dagbag.py:588} INFO - Filling up the DagBag from /home/airflow/.local/lib/python3.12/site-packages/airflow/example_dags/example_kubernetes_executor.py
[2025-01-19T04:21:35.313+0000] {processor.py:925} INFO - DAG(s) 'example_kubernetes_executor' retrieved from /home/airflow/.local/lib/python3.12/site-packages/airflow/example_dags/example_kubernetes_executor.py
[2025-01-19T04:21:35.397+0000] {logging_mixin.py:190} INFO - [2025-01-19T04:21:35.396+0000] {dag.py:3239} INFO - Sync 1 DAGs
[2025-01-19T04:21:35.447+0000] {logging_mixin.py:190} INFO - [2025-01-19T04:21:35.447+0000] {dag.py:4180} INFO - Setting next_dagrun for example_kubernetes_executor to None, run_after=None
[2025-01-19T04:21:35.504+0000] {processor.py:208} INFO - Processing /home/airflow/.local/lib/python3.12/site-packages/airflow/example_dags/example_kubernetes_executor.py took 0.263 seconds
[2025-01-19T04:28:14.744+0000] {processor.py:186} INFO - Started process (PID=109) to work on /home/airflow/.local/lib/python3.12/site-packages/airflow/example_dags/example_kubernetes_executor.py
[2025-01-19T04:28:14.748+0000] {processor.py:914} INFO - Processing file /home/airflow/.local/lib/python3.12/site-packages/airflow/example_dags/example_kubernetes_executor.py for tasks to queue
[2025-01-19T04:28:14.762+0000] {logging_mixin.py:190} INFO - [2025-01-19T04:28:14.761+0000] {dagbag.py:588} INFO - Filling up the DagBag from /home/airflow/.local/lib/python3.12/site-packages/airflow/example_dags/example_kubernetes_executor.py
[2025-01-19T04:28:14.819+0000] {processor.py:925} INFO - DAG(s) 'example_kubernetes_executor' retrieved from /home/airflow/.local/lib/python3.12/site-packages/airflow/example_dags/example_kubernetes_executor.py
[2025-01-19T04:28:15.326+0000] {logging_mixin.py:190} INFO - [2025-01-19T04:28:15.325+0000] {override.py:1911} INFO - Created Permission View: can delete on DAG:example_kubernetes_executor
[2025-01-19T04:28:15.395+0000] {logging_mixin.py:190} INFO - [2025-01-19T04:28:15.394+0000] {override.py:1911} INFO - Created Permission View: can edit on DAG:example_kubernetes_executor
[2025-01-19T04:28:15.437+0000] {logging_mixin.py:190} INFO - [2025-01-19T04:28:15.436+0000] {override.py:1911} INFO - Created Permission View: can read on DAG:example_kubernetes_executor
[2025-01-19T04:28:15.478+0000] {logging_mixin.py:190} INFO - [2025-01-19T04:28:15.477+0000] {override.py:1911} INFO - Created Permission View: can create on DAG Run:example_kubernetes_executor
[2025-01-19T04:28:15.519+0000] {logging_mixin.py:190} INFO - [2025-01-19T04:28:15.518+0000] {override.py:1911} INFO - Created Permission View: menu access on DAG Run:example_kubernetes_executor
[2025-01-19T04:28:15.566+0000] {logging_mixin.py:190} INFO - [2025-01-19T04:28:15.564+0000] {override.py:1911} INFO - Created Permission View: can delete on DAG Run:example_kubernetes_executor
[2025-01-19T04:28:15.608+0000] {logging_mixin.py:190} INFO - [2025-01-19T04:28:15.607+0000] {override.py:1911} INFO - Created Permission View: can read on DAG Run:example_kubernetes_executor
[2025-01-19T04:28:15.610+0000] {logging_mixin.py:190} INFO - [2025-01-19T04:28:15.609+0000] {dag.py:3239} INFO - Sync 1 DAGs
[2025-01-19T04:28:15.667+0000] {logging_mixin.py:190} INFO - [2025-01-19T04:28:15.667+0000] {dag.py:3262} INFO - Creating ORM DAG for example_kubernetes_executor
[2025-01-19T04:28:15.670+0000] {logging_mixin.py:190} INFO - [2025-01-19T04:28:15.669+0000] {dag.py:4180} INFO - Setting next_dagrun for example_kubernetes_executor to None, run_after=None
[2025-01-19T04:28:15.749+0000] {processor.py:208} INFO - Processing /home/airflow/.local/lib/python3.12/site-packages/airflow/example_dags/example_kubernetes_executor.py took 1.045 seconds
[2025-01-19T04:28:46.076+0000] {processor.py:186} INFO - Started process (PID=172) to work on /home/airflow/.local/lib/python3.12/site-packages/airflow/example_dags/example_kubernetes_executor.py
[2025-01-19T04:28:46.080+0000] {processor.py:914} INFO - Processing file /home/airflow/.local/lib/python3.12/site-packages/airflow/example_dags/example_kubernetes_executor.py for tasks to queue
[2025-01-19T04:28:46.087+0000] {logging_mixin.py:190} INFO - [2025-01-19T04:28:46.085+0000] {dagbag.py:588} INFO - Filling up the DagBag from /home/airflow/.local/lib/python3.12/site-packages/airflow/example_dags/example_kubernetes_executor.py
[2025-01-19T04:28:46.223+0000] {processor.py:925} INFO - DAG(s) 'example_kubernetes_executor' retrieved from /home/airflow/.local/lib/python3.12/site-packages/airflow/example_dags/example_kubernetes_executor.py
[2025-01-19T04:28:46.386+0000] {logging_mixin.py:190} INFO - [2025-01-19T04:28:46.385+0000] {dag.py:3239} INFO - Sync 1 DAGs
[2025-01-19T04:28:46.440+0000] {logging_mixin.py:190} INFO - [2025-01-19T04:28:46.440+0000] {dag.py:4180} INFO - Setting next_dagrun for example_kubernetes_executor to None, run_after=None
[2025-01-19T04:28:46.513+0000] {processor.py:208} INFO - Processing /home/airflow/.local/lib/python3.12/site-packages/airflow/example_dags/example_kubernetes_executor.py took 0.461 seconds
[2025-01-19T04:29:21.355+0000] {processor.py:186} INFO - Started process (PID=241) to work on /home/airflow/.local/lib/python3.12/site-packages/airflow/example_dags/example_kubernetes_executor.py
[2025-01-19T04:29:21.358+0000] {processor.py:914} INFO - Processing file /home/airflow/.local/lib/python3.12/site-packages/airflow/example_dags/example_kubernetes_executor.py for tasks to queue
[2025-01-19T04:29:21.364+0000] {logging_mixin.py:190} INFO - [2025-01-19T04:29:21.363+0000] {dagbag.py:588} INFO - Filling up the DagBag from /home/airflow/.local/lib/python3.12/site-packages/airflow/example_dags/example_kubernetes_executor.py
[2025-01-19T04:29:21.413+0000] {processor.py:925} INFO - DAG(s) 'example_kubernetes_executor' retrieved from /home/airflow/.local/lib/python3.12/site-packages/airflow/example_dags/example_kubernetes_executor.py
[2025-01-19T04:29:21.481+0000] {logging_mixin.py:190} INFO - [2025-01-19T04:29:21.480+0000] {dag.py:3239} INFO - Sync 1 DAGs
[2025-01-19T04:29:21.526+0000] {logging_mixin.py:190} INFO - [2025-01-19T04:29:21.524+0000] {dag.py:4180} INFO - Setting next_dagrun for example_kubernetes_executor to None, run_after=None
[2025-01-19T04:29:21.577+0000] {processor.py:208} INFO - Processing /home/airflow/.local/lib/python3.12/site-packages/airflow/example_dags/example_kubernetes_executor.py took 0.243 seconds
[2025-01-19T04:30:13.529+0000] {processor.py:186} INFO - Started process (PID=327) to work on /home/airflow/.local/lib/python3.12/site-packages/airflow/example_dags/example_kubernetes_executor.py
[2025-01-19T04:30:13.533+0000] {processor.py:914} INFO - Processing file /home/airflow/.local/lib/python3.12/site-packages/airflow/example_dags/example_kubernetes_executor.py for tasks to queue
[2025-01-19T04:30:13.540+0000] {logging_mixin.py:190} INFO - [2025-01-19T04:30:13.539+0000] {dagbag.py:588} INFO - Filling up the DagBag from /home/airflow/.local/lib/python3.12/site-packages/airflow/example_dags/example_kubernetes_executor.py
[2025-01-19T04:30:13.592+0000] {processor.py:925} INFO - DAG(s) 'example_kubernetes_executor' retrieved from /home/airflow/.local/lib/python3.12/site-packages/airflow/example_dags/example_kubernetes_executor.py
[2025-01-19T04:30:13.682+0000] {logging_mixin.py:190} INFO - [2025-01-19T04:30:13.681+0000] {dag.py:3239} INFO - Sync 1 DAGs
[2025-01-19T04:30:13.747+0000] {logging_mixin.py:190} INFO - [2025-01-19T04:30:13.746+0000] {dag.py:4180} INFO - Setting next_dagrun for example_kubernetes_executor to None, run_after=None
[2025-01-19T04:30:13.836+0000] {processor.py:208} INFO - Processing /home/airflow/.local/lib/python3.12/site-packages/airflow/example_dags/example_kubernetes_executor.py took 0.325 seconds
[2025-01-19T04:30:45.903+0000] {processor.py:186} INFO - Started process (PID=390) to work on /home/airflow/.local/lib/python3.12/site-packages/airflow/example_dags/example_kubernetes_executor.py
[2025-01-19T04:30:45.907+0000] {processor.py:914} INFO - Processing file /home/airflow/.local/lib/python3.12/site-packages/airflow/example_dags/example_kubernetes_executor.py for tasks to queue
[2025-01-19T04:30:45.916+0000] {logging_mixin.py:190} INFO - [2025-01-19T04:30:45.915+0000] {dagbag.py:588} INFO - Filling up the DagBag from /home/airflow/.local/lib/python3.12/site-packages/airflow/example_dags/example_kubernetes_executor.py
[2025-01-19T04:30:45.963+0000] {processor.py:925} INFO - DAG(s) 'example_kubernetes_executor' retrieved from /home/airflow/.local/lib/python3.12/site-packages/airflow/example_dags/example_kubernetes_executor.py
[2025-01-19T04:30:46.074+0000] {logging_mixin.py:190} INFO - [2025-01-19T04:30:46.073+0000] {dag.py:3239} INFO - Sync 1 DAGs
[2025-01-19T04:30:46.117+0000] {logging_mixin.py:190} INFO - [2025-01-19T04:30:46.116+0000] {dag.py:4180} INFO - Setting next_dagrun for example_kubernetes_executor to None, run_after=None
[2025-01-19T04:30:46.158+0000] {processor.py:208} INFO - Processing /home/airflow/.local/lib/python3.12/site-packages/airflow/example_dags/example_kubernetes_executor.py took 0.271 seconds
[2025-01-19T04:31:26.210+0000] {processor.py:186} INFO - Started process (PID=458) to work on /home/airflow/.local/lib/python3.12/site-packages/airflow/example_dags/example_kubernetes_executor.py
[2025-01-19T04:31:26.213+0000] {processor.py:914} INFO - Processing file /home/airflow/.local/lib/python3.12/site-packages/airflow/example_dags/example_kubernetes_executor.py for tasks to queue
[2025-01-19T04:31:26.219+0000] {logging_mixin.py:190} INFO - [2025-01-19T04:31:26.217+0000] {dagbag.py:588} INFO - Filling up the DagBag from /home/airflow/.local/lib/python3.12/site-packages/airflow/example_dags/example_kubernetes_executor.py
[2025-01-19T04:31:26.262+0000] {processor.py:925} INFO - DAG(s) 'example_kubernetes_executor' retrieved from /home/airflow/.local/lib/python3.12/site-packages/airflow/example_dags/example_kubernetes_executor.py
[2025-01-19T04:31:26.327+0000] {logging_mixin.py:190} INFO - [2025-01-19T04:31:26.326+0000] {dag.py:3239} INFO - Sync 1 DAGs
[2025-01-19T04:31:26.383+0000] {logging_mixin.py:190} INFO - [2025-01-19T04:31:26.383+0000] {dag.py:4180} INFO - Setting next_dagrun for example_kubernetes_executor to None, run_after=None
[2025-01-19T04:31:26.450+0000] {processor.py:208} INFO - Processing /home/airflow/.local/lib/python3.12/site-packages/airflow/example_dags/example_kubernetes_executor.py took 0.251 seconds
[2025-01-19T04:32:01.421+0000] {processor.py:186} INFO - Started process (PID=525) to work on /home/airflow/.local/lib/python3.12/site-packages/airflow/example_dags/example_kubernetes_executor.py
[2025-01-19T04:32:01.423+0000] {processor.py:914} INFO - Processing file /home/airflow/.local/lib/python3.12/site-packages/airflow/example_dags/example_kubernetes_executor.py for tasks to queue
[2025-01-19T04:32:01.429+0000] {logging_mixin.py:190} INFO - [2025-01-19T04:32:01.428+0000] {dagbag.py:588} INFO - Filling up the DagBag from /home/airflow/.local/lib/python3.12/site-packages/airflow/example_dags/example_kubernetes_executor.py
[2025-01-19T04:32:01.476+0000] {processor.py:925} INFO - DAG(s) 'example_kubernetes_executor' retrieved from /home/airflow/.local/lib/python3.12/site-packages/airflow/example_dags/example_kubernetes_executor.py
[2025-01-19T04:32:01.552+0000] {logging_mixin.py:190} INFO - [2025-01-19T04:32:01.552+0000] {dag.py:3239} INFO - Sync 1 DAGs
[2025-01-19T04:32:01.582+0000] {logging_mixin.py:190} INFO - [2025-01-19T04:32:01.582+0000] {dag.py:4180} INFO - Setting next_dagrun for example_kubernetes_executor to None, run_after=None
[2025-01-19T04:32:01.628+0000] {processor.py:208} INFO - Processing /home/airflow/.local/lib/python3.12/site-packages/airflow/example_dags/example_kubernetes_executor.py took 0.222 seconds
[2025-01-19T04:32:34.576+0000] {processor.py:186} INFO - Started process (PID=588) to work on /home/airflow/.local/lib/python3.12/site-packages/airflow/example_dags/example_kubernetes_executor.py
[2025-01-19T04:32:34.578+0000] {processor.py:914} INFO - Processing file /home/airflow/.local/lib/python3.12/site-packages/airflow/example_dags/example_kubernetes_executor.py for tasks to queue
[2025-01-19T04:32:34.587+0000] {logging_mixin.py:190} INFO - [2025-01-19T04:32:34.587+0000] {dagbag.py:588} INFO - Filling up the DagBag from /home/airflow/.local/lib/python3.12/site-packages/airflow/example_dags/example_kubernetes_executor.py
[2025-01-19T04:32:34.622+0000] {processor.py:925} INFO - DAG(s) 'example_kubernetes_executor' retrieved from /home/airflow/.local/lib/python3.12/site-packages/airflow/example_dags/example_kubernetes_executor.py
[2025-01-19T04:32:34.686+0000] {logging_mixin.py:190} INFO - [2025-01-19T04:32:34.685+0000] {dag.py:3239} INFO - Sync 1 DAGs
[2025-01-19T04:32:34.728+0000] {logging_mixin.py:190} INFO - [2025-01-19T04:32:34.727+0000] {dag.py:4180} INFO - Setting next_dagrun for example_kubernetes_executor to None, run_after=None
[2025-01-19T04:32:34.783+0000] {processor.py:208} INFO - Processing /home/airflow/.local/lib/python3.12/site-packages/airflow/example_dags/example_kubernetes_executor.py took 0.235 seconds
[2025-01-19T04:33:11.047+0000] {processor.py:186} INFO - Started process (PID=657) to work on /home/airflow/.local/lib/python3.12/site-packages/airflow/example_dags/example_kubernetes_executor.py
[2025-01-19T04:33:11.059+0000] {processor.py:914} INFO - Processing file /home/airflow/.local/lib/python3.12/site-packages/airflow/example_dags/example_kubernetes_executor.py for tasks to queue
[2025-01-19T04:33:11.077+0000] {logging_mixin.py:190} INFO - [2025-01-19T04:33:11.068+0000] {dagbag.py:588} INFO - Filling up the DagBag from /home/airflow/.local/lib/python3.12/site-packages/airflow/example_dags/example_kubernetes_executor.py
[2025-01-19T04:33:11.170+0000] {processor.py:925} INFO - DAG(s) 'example_kubernetes_executor' retrieved from /home/airflow/.local/lib/python3.12/site-packages/airflow/example_dags/example_kubernetes_executor.py
[2025-01-19T04:33:11.322+0000] {logging_mixin.py:190} INFO - [2025-01-19T04:33:11.321+0000] {dag.py:3239} INFO - Sync 1 DAGs
[2025-01-19T04:33:11.453+0000] {logging_mixin.py:190} INFO - [2025-01-19T04:33:11.444+0000] {dag.py:4180} INFO - Setting next_dagrun for example_kubernetes_executor to None, run_after=None
[2025-01-19T04:33:11.569+0000] {processor.py:208} INFO - Processing /home/airflow/.local/lib/python3.12/site-packages/airflow/example_dags/example_kubernetes_executor.py took 0.557 seconds
[2025-01-19T04:33:42.660+0000] {processor.py:186} INFO - Started process (PID=720) to work on /home/airflow/.local/lib/python3.12/site-packages/airflow/example_dags/example_kubernetes_executor.py
[2025-01-19T04:33:42.664+0000] {processor.py:914} INFO - Processing file /home/airflow/.local/lib/python3.12/site-packages/airflow/example_dags/example_kubernetes_executor.py for tasks to queue
[2025-01-19T04:33:42.670+0000] {logging_mixin.py:190} INFO - [2025-01-19T04:33:42.670+0000] {dagbag.py:588} INFO - Filling up the DagBag from /home/airflow/.local/lib/python3.12/site-packages/airflow/example_dags/example_kubernetes_executor.py
[2025-01-19T04:33:42.721+0000] {processor.py:925} INFO - DAG(s) 'example_kubernetes_executor' retrieved from /home/airflow/.local/lib/python3.12/site-packages/airflow/example_dags/example_kubernetes_executor.py
[2025-01-19T04:33:42.781+0000] {logging_mixin.py:190} INFO - [2025-01-19T04:33:42.781+0000] {dag.py:3239} INFO - Sync 1 DAGs
[2025-01-19T04:33:42.823+0000] {logging_mixin.py:190} INFO - [2025-01-19T04:33:42.822+0000] {dag.py:4180} INFO - Setting next_dagrun for example_kubernetes_executor to None, run_after=None
[2025-01-19T04:33:42.905+0000] {processor.py:208} INFO - Processing /home/airflow/.local/lib/python3.12/site-packages/airflow/example_dags/example_kubernetes_executor.py took 0.281 seconds
[2025-01-19T04:34:13.826+0000] {processor.py:186} INFO - Started process (PID=784) to work on /home/airflow/.local/lib/python3.12/site-packages/airflow/example_dags/example_kubernetes_executor.py
[2025-01-19T04:34:13.828+0000] {processor.py:914} INFO - Processing file /home/airflow/.local/lib/python3.12/site-packages/airflow/example_dags/example_kubernetes_executor.py for tasks to queue
[2025-01-19T04:34:13.833+0000] {logging_mixin.py:190} INFO - [2025-01-19T04:34:13.833+0000] {dagbag.py:588} INFO - Filling up the DagBag from /home/airflow/.local/lib/python3.12/site-packages/airflow/example_dags/example_kubernetes_executor.py
[2025-01-19T04:34:13.877+0000] {processor.py:925} INFO - DAG(s) 'example_kubernetes_executor' retrieved from /home/airflow/.local/lib/python3.12/site-packages/airflow/example_dags/example_kubernetes_executor.py
[2025-01-19T04:34:13.946+0000] {logging_mixin.py:190} INFO - [2025-01-19T04:34:13.946+0000] {dag.py:3239} INFO - Sync 1 DAGs
[2025-01-19T04:34:13.985+0000] {logging_mixin.py:190} INFO - [2025-01-19T04:34:13.985+0000] {dag.py:4180} INFO - Setting next_dagrun for example_kubernetes_executor to None, run_after=None
[2025-01-19T04:34:14.026+0000] {processor.py:208} INFO - Processing /home/airflow/.local/lib/python3.12/site-packages/airflow/example_dags/example_kubernetes_executor.py took 0.212 seconds
[2025-01-19T04:34:44.670+0000] {processor.py:186} INFO - Started process (PID=847) to work on /home/airflow/.local/lib/python3.12/site-packages/airflow/example_dags/example_kubernetes_executor.py
[2025-01-19T04:34:44.694+0000] {processor.py:914} INFO - Processing file /home/airflow/.local/lib/python3.12/site-packages/airflow/example_dags/example_kubernetes_executor.py for tasks to queue
[2025-01-19T04:34:44.711+0000] {logging_mixin.py:190} INFO - [2025-01-19T04:34:44.710+0000] {dagbag.py:588} INFO - Filling up the DagBag from /home/airflow/.local/lib/python3.12/site-packages/airflow/example_dags/example_kubernetes_executor.py
[2025-01-19T04:34:44.818+0000] {processor.py:925} INFO - DAG(s) 'example_kubernetes_executor' retrieved from /home/airflow/.local/lib/python3.12/site-packages/airflow/example_dags/example_kubernetes_executor.py
[2025-01-19T04:34:44.937+0000] {logging_mixin.py:190} INFO - [2025-01-19T04:34:44.936+0000] {dag.py:3239} INFO - Sync 1 DAGs
[2025-01-19T04:34:45.004+0000] {logging_mixin.py:190} INFO - [2025-01-19T04:34:45.002+0000] {dag.py:4180} INFO - Setting next_dagrun for example_kubernetes_executor to None, run_after=None
[2025-01-19T04:34:45.109+0000] {processor.py:208} INFO - Processing /home/airflow/.local/lib/python3.12/site-packages/airflow/example_dags/example_kubernetes_executor.py took 0.464 seconds
[2025-01-19T04:35:35.018+0000] {processor.py:186} INFO - Started process (PID=915) to work on /home/airflow/.local/lib/python3.12/site-packages/airflow/example_dags/example_kubernetes_executor.py
[2025-01-19T04:35:35.387+0000] {processor.py:914} INFO - Processing file /home/airflow/.local/lib/python3.12/site-packages/airflow/example_dags/example_kubernetes_executor.py for tasks to queue
[2025-01-19T04:35:35.393+0000] {logging_mixin.py:190} INFO - [2025-01-19T04:35:35.392+0000] {dagbag.py:588} INFO - Filling up the DagBag from /home/airflow/.local/lib/python3.12/site-packages/airflow/example_dags/example_kubernetes_executor.py
[2025-01-19T04:35:35.475+0000] {processor.py:925} INFO - DAG(s) 'example_kubernetes_executor' retrieved from /home/airflow/.local/lib/python3.12/site-packages/airflow/example_dags/example_kubernetes_executor.py
[2025-01-19T04:35:35.616+0000] {logging_mixin.py:190} INFO - [2025-01-19T04:35:35.615+0000] {dag.py:3239} INFO - Sync 1 DAGs
[2025-01-19T04:35:35.700+0000] {logging_mixin.py:190} INFO - [2025-01-19T04:35:35.700+0000] {dag.py:4180} INFO - Setting next_dagrun for example_kubernetes_executor to None, run_after=None
[2025-01-19T04:35:35.789+0000] {processor.py:208} INFO - Processing /home/airflow/.local/lib/python3.12/site-packages/airflow/example_dags/example_kubernetes_executor.py took 0.801 seconds
[2025-01-19T04:36:06.990+0000] {processor.py:186} INFO - Started process (PID=978) to work on /home/airflow/.local/lib/python3.12/site-packages/airflow/example_dags/example_kubernetes_executor.py
[2025-01-19T04:36:06.992+0000] {processor.py:914} INFO - Processing file /home/airflow/.local/lib/python3.12/site-packages/airflow/example_dags/example_kubernetes_executor.py for tasks to queue
[2025-01-19T04:36:07.000+0000] {logging_mixin.py:190} INFO - [2025-01-19T04:36:06.999+0000] {dagbag.py:588} INFO - Filling up the DagBag from /home/airflow/.local/lib/python3.12/site-packages/airflow/example_dags/example_kubernetes_executor.py
[2025-01-19T04:36:07.058+0000] {processor.py:925} INFO - DAG(s) 'example_kubernetes_executor' retrieved from /home/airflow/.local/lib/python3.12/site-packages/airflow/example_dags/example_kubernetes_executor.py
[2025-01-19T04:36:07.141+0000] {logging_mixin.py:190} INFO - [2025-01-19T04:36:07.140+0000] {dag.py:3239} INFO - Sync 1 DAGs
[2025-01-19T04:36:07.210+0000] {logging_mixin.py:190} INFO - [2025-01-19T04:36:07.209+0000] {dag.py:4180} INFO - Setting next_dagrun for example_kubernetes_executor to None, run_after=None
[2025-01-19T04:36:07.309+0000] {processor.py:208} INFO - Processing /home/airflow/.local/lib/python3.12/site-packages/airflow/example_dags/example_kubernetes_executor.py took 0.336 seconds
[2025-01-19T04:36:39.537+0000] {processor.py:186} INFO - Started process (PID=1043) to work on /home/airflow/.local/lib/python3.12/site-packages/airflow/example_dags/example_kubernetes_executor.py
[2025-01-19T04:36:39.540+0000] {processor.py:914} INFO - Processing file /home/airflow/.local/lib/python3.12/site-packages/airflow/example_dags/example_kubernetes_executor.py for tasks to queue
[2025-01-19T04:36:39.547+0000] {logging_mixin.py:190} INFO - [2025-01-19T04:36:39.546+0000] {dagbag.py:588} INFO - Filling up the DagBag from /home/airflow/.local/lib/python3.12/site-packages/airflow/example_dags/example_kubernetes_executor.py
[2025-01-19T04:36:39.610+0000] {processor.py:925} INFO - DAG(s) 'example_kubernetes_executor' retrieved from /home/airflow/.local/lib/python3.12/site-packages/airflow/example_dags/example_kubernetes_executor.py
[2025-01-19T04:36:39.742+0000] {logging_mixin.py:190} INFO - [2025-01-19T04:36:39.740+0000] {dag.py:3239} INFO - Sync 1 DAGs
[2025-01-19T04:36:39.830+0000] {logging_mixin.py:190} INFO - [2025-01-19T04:36:39.829+0000] {dag.py:4180} INFO - Setting next_dagrun for example_kubernetes_executor to None, run_after=None
[2025-01-19T04:36:39.909+0000] {processor.py:208} INFO - Processing /home/airflow/.local/lib/python3.12/site-packages/airflow/example_dags/example_kubernetes_executor.py took 0.394 seconds
[2025-01-19T04:41:38.587+0000] {processor.py:186} INFO - Started process (PID=1117) to work on /home/airflow/.local/lib/python3.12/site-packages/airflow/example_dags/example_kubernetes_executor.py
[2025-01-19T04:41:38.597+0000] {processor.py:914} INFO - Processing file /home/airflow/.local/lib/python3.12/site-packages/airflow/example_dags/example_kubernetes_executor.py for tasks to queue
[2025-01-19T04:41:38.613+0000] {logging_mixin.py:190} INFO - [2025-01-19T04:41:38.612+0000] {dagbag.py:588} INFO - Filling up the DagBag from /home/airflow/.local/lib/python3.12/site-packages/airflow/example_dags/example_kubernetes_executor.py
[2025-01-19T04:41:38.736+0000] {processor.py:925} INFO - DAG(s) 'example_kubernetes_executor' retrieved from /home/airflow/.local/lib/python3.12/site-packages/airflow/example_dags/example_kubernetes_executor.py
[2025-01-19T04:41:38.960+0000] {logging_mixin.py:190} INFO - [2025-01-19T04:41:38.960+0000] {dag.py:3239} INFO - Sync 1 DAGs
[2025-01-19T04:41:39.060+0000] {logging_mixin.py:190} INFO - [2025-01-19T04:41:39.059+0000] {dag.py:4180} INFO - Setting next_dagrun for example_kubernetes_executor to None, run_after=None
[2025-01-19T04:41:39.221+0000] {processor.py:208} INFO - Processing /home/airflow/.local/lib/python3.12/site-packages/airflow/example_dags/example_kubernetes_executor.py took 0.665 seconds
