[2025-01-19T04:12:50.896+0000] {processor.py:186} INFO - Started process (PID=448) to work on /home/airflow/.local/lib/python3.12/site-packages/airflow/example_dags/example_xcomargs.py
[2025-01-19T04:12:50.897+0000] {processor.py:914} INFO - Processing file /home/airflow/.local/lib/python3.12/site-packages/airflow/example_dags/example_xcomargs.py for tasks to queue
[2025-01-19T04:12:50.902+0000] {logging_mixin.py:190} INFO - [2025-01-19T04:12:50.901+0000] {dagbag.py:588} INFO - Filling up the DagBag from /home/airflow/.local/lib/python3.12/site-packages/airflow/example_dags/example_xcomargs.py
[2025-01-19T04:12:50.926+0000] {processor.py:925} INFO - DAG(s) 'example_xcom_args', 'example_xcom_args_with_operators' retrieved from /home/airflow/.local/lib/python3.12/site-packages/airflow/example_dags/example_xcomargs.py
[2025-01-19T04:12:50.975+0000] {logging_mixin.py:190} INFO - [2025-01-19T04:12:50.975+0000] {dag.py:3239} INFO - Sync 2 DAGs
[2025-01-19T04:12:51.020+0000] {logging_mixin.py:190} INFO - [2025-01-19T04:12:51.020+0000] {dag.py:4180} INFO - Setting next_dagrun for example_xcom_args to None, run_after=None
[2025-01-19T04:12:51.030+0000] {logging_mixin.py:190} INFO - [2025-01-19T04:12:51.030+0000] {dag.py:4180} INFO - Setting next_dagrun for example_xcom_args_with_operators to None, run_after=None
[2025-01-19T04:12:51.106+0000] {processor.py:208} INFO - Processing /home/airflow/.local/lib/python3.12/site-packages/airflow/example_dags/example_xcomargs.py took 0.223 seconds
[2025-01-19T04:13:28.156+0000] {processor.py:186} INFO - Started process (PID=510) to work on /home/airflow/.local/lib/python3.12/site-packages/airflow/example_dags/example_xcomargs.py
[2025-01-19T04:13:28.159+0000] {processor.py:914} INFO - Processing file /home/airflow/.local/lib/python3.12/site-packages/airflow/example_dags/example_xcomargs.py for tasks to queue
[2025-01-19T04:13:28.165+0000] {logging_mixin.py:190} INFO - [2025-01-19T04:13:28.164+0000] {dagbag.py:588} INFO - Filling up the DagBag from /home/airflow/.local/lib/python3.12/site-packages/airflow/example_dags/example_xcomargs.py
[2025-01-19T04:13:28.191+0000] {processor.py:925} INFO - DAG(s) 'example_xcom_args', 'example_xcom_args_with_operators' retrieved from /home/airflow/.local/lib/python3.12/site-packages/airflow/example_dags/example_xcomargs.py
[2025-01-19T04:13:28.246+0000] {logging_mixin.py:190} INFO - [2025-01-19T04:13:28.245+0000] {dag.py:3239} INFO - Sync 2 DAGs
[2025-01-19T04:13:28.282+0000] {logging_mixin.py:190} INFO - [2025-01-19T04:13:28.281+0000] {dag.py:4180} INFO - Setting next_dagrun for example_xcom_args to None, run_after=None
[2025-01-19T04:13:28.291+0000] {logging_mixin.py:190} INFO - [2025-01-19T04:13:28.290+0000] {dag.py:4180} INFO - Setting next_dagrun for example_xcom_args_with_operators to None, run_after=None
[2025-01-19T04:13:28.328+0000] {processor.py:208} INFO - Processing /home/airflow/.local/lib/python3.12/site-packages/airflow/example_dags/example_xcomargs.py took 0.183 seconds
[2025-01-19T04:14:02.179+0000] {processor.py:186} INFO - Started process (PID=564) to work on /home/airflow/.local/lib/python3.12/site-packages/airflow/example_dags/example_xcomargs.py
[2025-01-19T04:14:02.181+0000] {processor.py:914} INFO - Processing file /home/airflow/.local/lib/python3.12/site-packages/airflow/example_dags/example_xcomargs.py for tasks to queue
[2025-01-19T04:14:02.194+0000] {logging_mixin.py:190} INFO - [2025-01-19T04:14:02.193+0000] {dagbag.py:588} INFO - Filling up the DagBag from /home/airflow/.local/lib/python3.12/site-packages/airflow/example_dags/example_xcomargs.py
[2025-01-19T04:14:02.244+0000] {processor.py:925} INFO - DAG(s) 'example_xcom_args', 'example_xcom_args_with_operators' retrieved from /home/airflow/.local/lib/python3.12/site-packages/airflow/example_dags/example_xcomargs.py
[2025-01-19T04:14:02.395+0000] {logging_mixin.py:190} INFO - [2025-01-19T04:14:02.394+0000] {dag.py:3239} INFO - Sync 2 DAGs
[2025-01-19T04:14:02.482+0000] {logging_mixin.py:190} INFO - [2025-01-19T04:14:02.481+0000] {dag.py:4180} INFO - Setting next_dagrun for example_xcom_args to None, run_after=None
[2025-01-19T04:14:02.518+0000] {logging_mixin.py:190} INFO - [2025-01-19T04:14:02.517+0000] {dag.py:4180} INFO - Setting next_dagrun for example_xcom_args_with_operators to None, run_after=None
[2025-01-19T04:14:02.589+0000] {processor.py:208} INFO - Processing /home/airflow/.local/lib/python3.12/site-packages/airflow/example_dags/example_xcomargs.py took 0.433 seconds
[2025-01-19T04:15:16.211+0000] {processor.py:186} INFO - Started process (PID=629) to work on /home/airflow/.local/lib/python3.12/site-packages/airflow/example_dags/example_xcomargs.py
[2025-01-19T04:15:16.213+0000] {processor.py:914} INFO - Processing file /home/airflow/.local/lib/python3.12/site-packages/airflow/example_dags/example_xcomargs.py for tasks to queue
[2025-01-19T04:15:16.224+0000] {logging_mixin.py:190} INFO - [2025-01-19T04:15:16.223+0000] {dagbag.py:588} INFO - Filling up the DagBag from /home/airflow/.local/lib/python3.12/site-packages/airflow/example_dags/example_xcomargs.py
[2025-01-19T04:15:16.314+0000] {processor.py:925} INFO - DAG(s) 'example_xcom_args_with_operators', 'example_xcom_args' retrieved from /home/airflow/.local/lib/python3.12/site-packages/airflow/example_dags/example_xcomargs.py
[2025-01-19T04:15:16.687+0000] {logging_mixin.py:190} INFO - [2025-01-19T04:15:16.687+0000] {dag.py:3239} INFO - Sync 2 DAGs
[2025-01-19T04:15:16.751+0000] {logging_mixin.py:190} INFO - [2025-01-19T04:15:16.751+0000] {dag.py:4180} INFO - Setting next_dagrun for example_xcom_args to None, run_after=None
[2025-01-19T04:15:16.766+0000] {logging_mixin.py:190} INFO - [2025-01-19T04:15:16.765+0000] {dag.py:4180} INFO - Setting next_dagrun for example_xcom_args_with_operators to None, run_after=None
[2025-01-19T04:15:16.832+0000] {processor.py:208} INFO - Processing /home/airflow/.local/lib/python3.12/site-packages/airflow/example_dags/example_xcomargs.py took 0.662 seconds
[2025-01-19T04:18:16.003+0000] {processor.py:186} INFO - Started process (PID=686) to work on /home/airflow/.local/lib/python3.12/site-packages/airflow/example_dags/example_xcomargs.py
[2025-01-19T04:18:16.005+0000] {processor.py:914} INFO - Processing file /home/airflow/.local/lib/python3.12/site-packages/airflow/example_dags/example_xcomargs.py for tasks to queue
[2025-01-19T04:18:16.019+0000] {logging_mixin.py:190} INFO - [2025-01-19T04:18:16.018+0000] {dagbag.py:588} INFO - Filling up the DagBag from /home/airflow/.local/lib/python3.12/site-packages/airflow/example_dags/example_xcomargs.py
[2025-01-19T04:18:16.089+0000] {processor.py:925} INFO - DAG(s) 'example_xcom_args_with_operators', 'example_xcom_args' retrieved from /home/airflow/.local/lib/python3.12/site-packages/airflow/example_dags/example_xcomargs.py
[2025-01-19T04:18:16.281+0000] {logging_mixin.py:190} INFO - [2025-01-19T04:18:16.280+0000] {dag.py:3239} INFO - Sync 2 DAGs
[2025-01-19T04:18:16.481+0000] {logging_mixin.py:190} INFO - [2025-01-19T04:18:16.481+0000] {dag.py:4180} INFO - Setting next_dagrun for example_xcom_args to None, run_after=None
[2025-01-19T04:18:16.565+0000] {logging_mixin.py:190} INFO - [2025-01-19T04:18:16.564+0000] {dag.py:4180} INFO - Setting next_dagrun for example_xcom_args_with_operators to None, run_after=None
[2025-01-19T04:18:16.757+0000] {processor.py:208} INFO - Processing /home/airflow/.local/lib/python3.12/site-packages/airflow/example_dags/example_xcomargs.py took 0.798 seconds
[2025-01-19T04:18:52.757+0000] {processor.py:186} INFO - Started process (PID=749) to work on /home/airflow/.local/lib/python3.12/site-packages/airflow/example_dags/example_xcomargs.py
[2025-01-19T04:18:52.759+0000] {processor.py:914} INFO - Processing file /home/airflow/.local/lib/python3.12/site-packages/airflow/example_dags/example_xcomargs.py for tasks to queue
[2025-01-19T04:18:52.762+0000] {logging_mixin.py:190} INFO - [2025-01-19T04:18:52.762+0000] {dagbag.py:588} INFO - Filling up the DagBag from /home/airflow/.local/lib/python3.12/site-packages/airflow/example_dags/example_xcomargs.py
[2025-01-19T04:18:52.797+0000] {processor.py:925} INFO - DAG(s) 'example_xcom_args_with_operators', 'example_xcom_args' retrieved from /home/airflow/.local/lib/python3.12/site-packages/airflow/example_dags/example_xcomargs.py
[2025-01-19T04:18:52.916+0000] {logging_mixin.py:190} INFO - [2025-01-19T04:18:52.916+0000] {dag.py:3239} INFO - Sync 2 DAGs
[2025-01-19T04:18:53.003+0000] {logging_mixin.py:190} INFO - [2025-01-19T04:18:53.003+0000] {dag.py:4180} INFO - Setting next_dagrun for example_xcom_args to None, run_after=None
[2025-01-19T04:18:53.031+0000] {logging_mixin.py:190} INFO - [2025-01-19T04:18:53.030+0000] {dag.py:4180} INFO - Setting next_dagrun for example_xcom_args_with_operators to None, run_after=None
[2025-01-19T04:18:53.135+0000] {processor.py:208} INFO - Processing /home/airflow/.local/lib/python3.12/site-packages/airflow/example_dags/example_xcomargs.py took 0.397 seconds
[2025-01-19T04:19:23.648+0000] {processor.py:186} INFO - Started process (PID=812) to work on /home/airflow/.local/lib/python3.12/site-packages/airflow/example_dags/example_xcomargs.py
[2025-01-19T04:19:23.660+0000] {processor.py:914} INFO - Processing file /home/airflow/.local/lib/python3.12/site-packages/airflow/example_dags/example_xcomargs.py for tasks to queue
[2025-01-19T04:19:23.676+0000] {logging_mixin.py:190} INFO - [2025-01-19T04:19:23.662+0000] {dagbag.py:588} INFO - Filling up the DagBag from /home/airflow/.local/lib/python3.12/site-packages/airflow/example_dags/example_xcomargs.py
[2025-01-19T04:19:23.719+0000] {processor.py:925} INFO - DAG(s) 'example_xcom_args', 'example_xcom_args_with_operators' retrieved from /home/airflow/.local/lib/python3.12/site-packages/airflow/example_dags/example_xcomargs.py
[2025-01-19T04:19:23.801+0000] {logging_mixin.py:190} INFO - [2025-01-19T04:19:23.800+0000] {dag.py:3239} INFO - Sync 2 DAGs
[2025-01-19T04:19:23.894+0000] {logging_mixin.py:190} INFO - [2025-01-19T04:19:23.894+0000] {dag.py:4180} INFO - Setting next_dagrun for example_xcom_args to None, run_after=None
[2025-01-19T04:19:23.934+0000] {logging_mixin.py:190} INFO - [2025-01-19T04:19:23.933+0000] {dag.py:4180} INFO - Setting next_dagrun for example_xcom_args_with_operators to None, run_after=None
[2025-01-19T04:19:24.059+0000] {processor.py:208} INFO - Processing /home/airflow/.local/lib/python3.12/site-packages/airflow/example_dags/example_xcomargs.py took 0.441 seconds
[2025-01-19T04:19:54.916+0000] {processor.py:186} INFO - Started process (PID=875) to work on /home/airflow/.local/lib/python3.12/site-packages/airflow/example_dags/example_xcomargs.py
[2025-01-19T04:19:54.920+0000] {processor.py:914} INFO - Processing file /home/airflow/.local/lib/python3.12/site-packages/airflow/example_dags/example_xcomargs.py for tasks to queue
[2025-01-19T04:19:54.924+0000] {logging_mixin.py:190} INFO - [2025-01-19T04:19:54.923+0000] {dagbag.py:588} INFO - Filling up the DagBag from /home/airflow/.local/lib/python3.12/site-packages/airflow/example_dags/example_xcomargs.py
[2025-01-19T04:19:54.950+0000] {processor.py:925} INFO - DAG(s) 'example_xcom_args', 'example_xcom_args_with_operators' retrieved from /home/airflow/.local/lib/python3.12/site-packages/airflow/example_dags/example_xcomargs.py
[2025-01-19T04:19:55.002+0000] {logging_mixin.py:190} INFO - [2025-01-19T04:19:55.001+0000] {dag.py:3239} INFO - Sync 2 DAGs
[2025-01-19T04:19:55.053+0000] {logging_mixin.py:190} INFO - [2025-01-19T04:19:55.052+0000] {dag.py:4180} INFO - Setting next_dagrun for example_xcom_args to None, run_after=None
[2025-01-19T04:19:55.064+0000] {logging_mixin.py:190} INFO - [2025-01-19T04:19:55.063+0000] {dag.py:4180} INFO - Setting next_dagrun for example_xcom_args_with_operators to None, run_after=None
[2025-01-19T04:19:55.114+0000] {processor.py:208} INFO - Processing /home/airflow/.local/lib/python3.12/site-packages/airflow/example_dags/example_xcomargs.py took 0.227 seconds
[2025-01-19T04:20:25.453+0000] {processor.py:186} INFO - Started process (PID=938) to work on /home/airflow/.local/lib/python3.12/site-packages/airflow/example_dags/example_xcomargs.py
[2025-01-19T04:20:25.455+0000] {processor.py:914} INFO - Processing file /home/airflow/.local/lib/python3.12/site-packages/airflow/example_dags/example_xcomargs.py for tasks to queue
[2025-01-19T04:20:25.457+0000] {logging_mixin.py:190} INFO - [2025-01-19T04:20:25.457+0000] {dagbag.py:588} INFO - Filling up the DagBag from /home/airflow/.local/lib/python3.12/site-packages/airflow/example_dags/example_xcomargs.py
[2025-01-19T04:20:25.479+0000] {processor.py:925} INFO - DAG(s) 'example_xcom_args_with_operators', 'example_xcom_args' retrieved from /home/airflow/.local/lib/python3.12/site-packages/airflow/example_dags/example_xcomargs.py
[2025-01-19T04:20:25.521+0000] {logging_mixin.py:190} INFO - [2025-01-19T04:20:25.520+0000] {dag.py:3239} INFO - Sync 2 DAGs
[2025-01-19T04:20:25.550+0000] {logging_mixin.py:190} INFO - [2025-01-19T04:20:25.550+0000] {dag.py:4180} INFO - Setting next_dagrun for example_xcom_args to None, run_after=None
[2025-01-19T04:20:25.561+0000] {logging_mixin.py:190} INFO - [2025-01-19T04:20:25.560+0000] {dag.py:4180} INFO - Setting next_dagrun for example_xcom_args_with_operators to None, run_after=None
[2025-01-19T04:20:25.601+0000] {processor.py:208} INFO - Processing /home/airflow/.local/lib/python3.12/site-packages/airflow/example_dags/example_xcomargs.py took 0.157 seconds
[2025-01-19T04:20:58.772+0000] {processor.py:186} INFO - Started process (PID=990) to work on /home/airflow/.local/lib/python3.12/site-packages/airflow/example_dags/example_xcomargs.py
[2025-01-19T04:20:58.822+0000] {processor.py:914} INFO - Processing file /home/airflow/.local/lib/python3.12/site-packages/airflow/example_dags/example_xcomargs.py for tasks to queue
[2025-01-19T04:20:58.826+0000] {logging_mixin.py:190} INFO - [2025-01-19T04:20:58.826+0000] {dagbag.py:588} INFO - Filling up the DagBag from /home/airflow/.local/lib/python3.12/site-packages/airflow/example_dags/example_xcomargs.py
[2025-01-19T04:20:58.900+0000] {processor.py:925} INFO - DAG(s) 'example_xcom_args_with_operators', 'example_xcom_args' retrieved from /home/airflow/.local/lib/python3.12/site-packages/airflow/example_dags/example_xcomargs.py
[2025-01-19T04:20:59.112+0000] {logging_mixin.py:190} INFO - [2025-01-19T04:20:59.111+0000] {dag.py:3239} INFO - Sync 2 DAGs
[2025-01-19T04:20:59.226+0000] {logging_mixin.py:190} INFO - [2025-01-19T04:20:59.226+0000] {dag.py:4180} INFO - Setting next_dagrun for example_xcom_args to None, run_after=None
[2025-01-19T04:20:59.253+0000] {logging_mixin.py:190} INFO - [2025-01-19T04:20:59.252+0000] {dag.py:4180} INFO - Setting next_dagrun for example_xcom_args_with_operators to None, run_after=None
[2025-01-19T04:20:58.836+0000] {processor.py:208} INFO - Processing /home/airflow/.local/lib/python3.12/site-packages/airflow/example_dags/example_xcomargs.py took 0.648 seconds
[2025-01-19T04:21:31.811+0000] {processor.py:186} INFO - Started process (PID=1047) to work on /home/airflow/.local/lib/python3.12/site-packages/airflow/example_dags/example_xcomargs.py
[2025-01-19T04:21:31.814+0000] {processor.py:914} INFO - Processing file /home/airflow/.local/lib/python3.12/site-packages/airflow/example_dags/example_xcomargs.py for tasks to queue
[2025-01-19T04:21:31.818+0000] {logging_mixin.py:190} INFO - [2025-01-19T04:21:31.817+0000] {dagbag.py:588} INFO - Filling up the DagBag from /home/airflow/.local/lib/python3.12/site-packages/airflow/example_dags/example_xcomargs.py
[2025-01-19T04:21:31.847+0000] {processor.py:925} INFO - DAG(s) 'example_xcom_args', 'example_xcom_args_with_operators' retrieved from /home/airflow/.local/lib/python3.12/site-packages/airflow/example_dags/example_xcomargs.py
[2025-01-19T04:21:31.916+0000] {logging_mixin.py:190} INFO - [2025-01-19T04:21:31.915+0000] {dag.py:3239} INFO - Sync 2 DAGs
[2025-01-19T04:21:31.984+0000] {logging_mixin.py:190} INFO - [2025-01-19T04:21:31.983+0000] {dag.py:4180} INFO - Setting next_dagrun for example_xcom_args to None, run_after=None
[2025-01-19T04:21:31.998+0000] {logging_mixin.py:190} INFO - [2025-01-19T04:21:31.998+0000] {dag.py:4180} INFO - Setting next_dagrun for example_xcom_args_with_operators to None, run_after=None
[2025-01-19T04:21:32.056+0000] {processor.py:208} INFO - Processing /home/airflow/.local/lib/python3.12/site-packages/airflow/example_dags/example_xcomargs.py took 0.258 seconds
[2025-01-19T04:27:23.805+0000] {processor.py:186} INFO - Started process (PID=63) to work on /home/airflow/.local/lib/python3.12/site-packages/airflow/example_dags/example_xcomargs.py
[2025-01-19T04:27:23.815+0000] {processor.py:914} INFO - Processing file /home/airflow/.local/lib/python3.12/site-packages/airflow/example_dags/example_xcomargs.py for tasks to queue
[2025-01-19T04:27:23.843+0000] {logging_mixin.py:190} INFO - [2025-01-19T04:27:23.837+0000] {dagbag.py:588} INFO - Filling up the DagBag from /home/airflow/.local/lib/python3.12/site-packages/airflow/example_dags/example_xcomargs.py
[2025-01-19T04:27:24.043+0000] {processor.py:925} INFO - DAG(s) 'example_xcom_args_with_operators', 'example_xcom_args' retrieved from /home/airflow/.local/lib/python3.12/site-packages/airflow/example_dags/example_xcomargs.py
[2025-01-19T04:27:25.422+0000] {logging_mixin.py:190} INFO - [2025-01-19T04:27:25.421+0000] {override.py:1911} INFO - Created Permission View: can delete on DAG:example_xcom_args_with_operators
[2025-01-19T04:27:25.540+0000] {logging_mixin.py:190} INFO - [2025-01-19T04:27:25.540+0000] {override.py:1911} INFO - Created Permission View: can edit on DAG:example_xcom_args_with_operators
[2025-01-19T04:27:25.702+0000] {logging_mixin.py:190} INFO - [2025-01-19T04:27:25.702+0000] {override.py:1911} INFO - Created Permission View: can read on DAG:example_xcom_args_with_operators
[2025-01-19T04:27:25.816+0000] {logging_mixin.py:190} INFO - [2025-01-19T04:27:25.815+0000] {override.py:1911} INFO - Created Permission View: can create on DAG Run:example_xcom_args_with_operators
[2025-01-19T04:27:25.900+0000] {logging_mixin.py:190} INFO - [2025-01-19T04:27:25.899+0000] {override.py:1911} INFO - Created Permission View: menu access on DAG Run:example_xcom_args_with_operators
[2025-01-19T04:27:25.945+0000] {logging_mixin.py:190} INFO - [2025-01-19T04:27:25.944+0000] {override.py:1911} INFO - Created Permission View: can delete on DAG Run:example_xcom_args_with_operators
[2025-01-19T04:27:25.981+0000] {logging_mixin.py:190} INFO - [2025-01-19T04:27:25.980+0000] {override.py:1911} INFO - Created Permission View: can read on DAG Run:example_xcom_args_with_operators
[2025-01-19T04:27:26.144+0000] {logging_mixin.py:190} INFO - [2025-01-19T04:27:26.143+0000] {override.py:1911} INFO - Created Permission View: can delete on DAG:example_xcom_args
[2025-01-19T04:27:26.211+0000] {logging_mixin.py:190} INFO - [2025-01-19T04:27:26.211+0000] {override.py:1911} INFO - Created Permission View: can edit on DAG:example_xcom_args
[2025-01-19T04:27:26.321+0000] {logging_mixin.py:190} INFO - [2025-01-19T04:27:26.320+0000] {override.py:1911} INFO - Created Permission View: can read on DAG:example_xcom_args
[2025-01-19T04:27:26.364+0000] {logging_mixin.py:190} INFO - [2025-01-19T04:27:26.363+0000] {override.py:1911} INFO - Created Permission View: can create on DAG Run:example_xcom_args
[2025-01-19T04:27:26.536+0000] {logging_mixin.py:190} INFO - [2025-01-19T04:27:26.535+0000] {override.py:1911} INFO - Created Permission View: menu access on DAG Run:example_xcom_args
[2025-01-19T04:27:26.599+0000] {logging_mixin.py:190} INFO - [2025-01-19T04:27:26.598+0000] {override.py:1911} INFO - Created Permission View: can delete on DAG Run:example_xcom_args
[2025-01-19T04:27:26.689+0000] {logging_mixin.py:190} INFO - [2025-01-19T04:27:26.689+0000] {override.py:1911} INFO - Created Permission View: can read on DAG Run:example_xcom_args
[2025-01-19T04:27:26.691+0000] {logging_mixin.py:190} INFO - [2025-01-19T04:27:26.690+0000] {dag.py:3239} INFO - Sync 2 DAGs
[2025-01-19T04:27:26.794+0000] {logging_mixin.py:190} INFO - [2025-01-19T04:27:26.793+0000] {dag.py:3262} INFO - Creating ORM DAG for example_xcom_args
[2025-01-19T04:27:26.802+0000] {logging_mixin.py:190} INFO - [2025-01-19T04:27:26.802+0000] {dag.py:3262} INFO - Creating ORM DAG for example_xcom_args_with_operators
[2025-01-19T04:27:26.812+0000] {logging_mixin.py:190} INFO - [2025-01-19T04:27:26.811+0000] {dag.py:4180} INFO - Setting next_dagrun for example_xcom_args to None, run_after=None
[2025-01-19T04:27:26.819+0000] {logging_mixin.py:190} INFO - [2025-01-19T04:27:26.818+0000] {dag.py:4180} INFO - Setting next_dagrun for example_xcom_args_with_operators to None, run_after=None
[2025-01-19T04:27:26.944+0000] {processor.py:208} INFO - Processing /home/airflow/.local/lib/python3.12/site-packages/airflow/example_dags/example_xcomargs.py took 3.244 seconds
[2025-01-19T04:28:24.452+0000] {processor.py:186} INFO - Started process (PID=132) to work on /home/airflow/.local/lib/python3.12/site-packages/airflow/example_dags/example_xcomargs.py
[2025-01-19T04:28:24.455+0000] {processor.py:914} INFO - Processing file /home/airflow/.local/lib/python3.12/site-packages/airflow/example_dags/example_xcomargs.py for tasks to queue
[2025-01-19T04:28:24.460+0000] {logging_mixin.py:190} INFO - [2025-01-19T04:28:24.459+0000] {dagbag.py:588} INFO - Filling up the DagBag from /home/airflow/.local/lib/python3.12/site-packages/airflow/example_dags/example_xcomargs.py
[2025-01-19T04:28:24.494+0000] {processor.py:925} INFO - DAG(s) 'example_xcom_args_with_operators', 'example_xcom_args' retrieved from /home/airflow/.local/lib/python3.12/site-packages/airflow/example_dags/example_xcomargs.py
[2025-01-19T04:28:24.556+0000] {logging_mixin.py:190} INFO - [2025-01-19T04:28:24.555+0000] {dag.py:3239} INFO - Sync 2 DAGs
[2025-01-19T04:28:24.611+0000] {logging_mixin.py:190} INFO - [2025-01-19T04:28:24.611+0000] {dag.py:4180} INFO - Setting next_dagrun for example_xcom_args to None, run_after=None
[2025-01-19T04:28:24.624+0000] {logging_mixin.py:190} INFO - [2025-01-19T04:28:24.623+0000] {dag.py:4180} INFO - Setting next_dagrun for example_xcom_args_with_operators to None, run_after=None
[2025-01-19T04:28:24.726+0000] {processor.py:208} INFO - Processing /home/airflow/.local/lib/python3.12/site-packages/airflow/example_dags/example_xcomargs.py took 0.284 seconds
[2025-01-19T04:28:56.394+0000] {processor.py:186} INFO - Started process (PID=195) to work on /home/airflow/.local/lib/python3.12/site-packages/airflow/example_dags/example_xcomargs.py
[2025-01-19T04:28:56.407+0000] {processor.py:914} INFO - Processing file /home/airflow/.local/lib/python3.12/site-packages/airflow/example_dags/example_xcomargs.py for tasks to queue
[2025-01-19T04:28:56.425+0000] {logging_mixin.py:190} INFO - [2025-01-19T04:28:56.424+0000] {dagbag.py:588} INFO - Filling up the DagBag from /home/airflow/.local/lib/python3.12/site-packages/airflow/example_dags/example_xcomargs.py
[2025-01-19T04:28:56.508+0000] {processor.py:925} INFO - DAG(s) 'example_xcom_args', 'example_xcom_args_with_operators' retrieved from /home/airflow/.local/lib/python3.12/site-packages/airflow/example_dags/example_xcomargs.py
[2025-01-19T04:28:56.649+0000] {logging_mixin.py:190} INFO - [2025-01-19T04:28:56.648+0000] {dag.py:3239} INFO - Sync 2 DAGs
[2025-01-19T04:28:56.738+0000] {logging_mixin.py:190} INFO - [2025-01-19T04:28:56.738+0000] {dag.py:4180} INFO - Setting next_dagrun for example_xcom_args to None, run_after=None
[2025-01-19T04:28:56.750+0000] {logging_mixin.py:190} INFO - [2025-01-19T04:28:56.749+0000] {dag.py:4180} INFO - Setting next_dagrun for example_xcom_args_with_operators to None, run_after=None
[2025-01-19T04:28:56.803+0000] {processor.py:208} INFO - Processing /home/airflow/.local/lib/python3.12/site-packages/airflow/example_dags/example_xcomargs.py took 0.424 seconds
[2025-01-19T04:29:26.963+0000] {processor.py:186} INFO - Started process (PID=258) to work on /home/airflow/.local/lib/python3.12/site-packages/airflow/example_dags/example_xcomargs.py
[2025-01-19T04:29:26.969+0000] {processor.py:914} INFO - Processing file /home/airflow/.local/lib/python3.12/site-packages/airflow/example_dags/example_xcomargs.py for tasks to queue
[2025-01-19T04:29:26.975+0000] {logging_mixin.py:190} INFO - [2025-01-19T04:29:26.974+0000] {dagbag.py:588} INFO - Filling up the DagBag from /home/airflow/.local/lib/python3.12/site-packages/airflow/example_dags/example_xcomargs.py
[2025-01-19T04:29:27.011+0000] {processor.py:925} INFO - DAG(s) 'example_xcom_args_with_operators', 'example_xcom_args' retrieved from /home/airflow/.local/lib/python3.12/site-packages/airflow/example_dags/example_xcomargs.py
[2025-01-19T04:29:27.092+0000] {logging_mixin.py:190} INFO - [2025-01-19T04:29:27.091+0000] {dag.py:3239} INFO - Sync 2 DAGs
[2025-01-19T04:29:27.144+0000] {logging_mixin.py:190} INFO - [2025-01-19T04:29:27.143+0000] {dag.py:4180} INFO - Setting next_dagrun for example_xcom_args to None, run_after=None
[2025-01-19T04:29:27.176+0000] {logging_mixin.py:190} INFO - [2025-01-19T04:29:27.175+0000] {dag.py:4180} INFO - Setting next_dagrun for example_xcom_args_with_operators to None, run_after=None
[2025-01-19T04:29:27.285+0000] {processor.py:208} INFO - Processing /home/airflow/.local/lib/python3.12/site-packages/airflow/example_dags/example_xcomargs.py took 0.339 seconds
[2025-01-19T04:30:06.057+0000] {processor.py:186} INFO - Started process (PID=298) to work on /home/airflow/.local/lib/python3.12/site-packages/airflow/example_dags/example_xcomargs.py
[2025-01-19T04:30:06.060+0000] {processor.py:914} INFO - Processing file /home/airflow/.local/lib/python3.12/site-packages/airflow/example_dags/example_xcomargs.py for tasks to queue
[2025-01-19T04:30:06.104+0000] {logging_mixin.py:190} INFO - [2025-01-19T04:30:06.082+0000] {dagbag.py:588} INFO - Filling up the DagBag from /home/airflow/.local/lib/python3.12/site-packages/airflow/example_dags/example_xcomargs.py
[2025-01-19T04:30:06.178+0000] {processor.py:925} INFO - DAG(s) 'example_xcom_args_with_operators', 'example_xcom_args' retrieved from /home/airflow/.local/lib/python3.12/site-packages/airflow/example_dags/example_xcomargs.py
[2025-01-19T04:30:06.308+0000] {logging_mixin.py:190} INFO - [2025-01-19T04:30:06.307+0000] {dag.py:3239} INFO - Sync 2 DAGs
[2025-01-19T04:30:06.430+0000] {logging_mixin.py:190} INFO - [2025-01-19T04:30:06.430+0000] {dag.py:4180} INFO - Setting next_dagrun for example_xcom_args to None, run_after=None
[2025-01-19T04:30:06.501+0000] {logging_mixin.py:190} INFO - [2025-01-19T04:30:06.470+0000] {dag.py:4180} INFO - Setting next_dagrun for example_xcom_args_with_operators to None, run_after=None
[2025-01-19T04:30:06.691+0000] {processor.py:208} INFO - Processing /home/airflow/.local/lib/python3.12/site-packages/airflow/example_dags/example_xcomargs.py took 0.682 seconds
[2025-01-19T04:30:39.653+0000] {processor.py:186} INFO - Started process (PID=357) to work on /home/airflow/.local/lib/python3.12/site-packages/airflow/example_dags/example_xcomargs.py
[2025-01-19T04:30:39.658+0000] {processor.py:914} INFO - Processing file /home/airflow/.local/lib/python3.12/site-packages/airflow/example_dags/example_xcomargs.py for tasks to queue
[2025-01-19T04:30:39.664+0000] {logging_mixin.py:190} INFO - [2025-01-19T04:30:39.663+0000] {dagbag.py:588} INFO - Filling up the DagBag from /home/airflow/.local/lib/python3.12/site-packages/airflow/example_dags/example_xcomargs.py
[2025-01-19T04:30:39.715+0000] {processor.py:925} INFO - DAG(s) 'example_xcom_args', 'example_xcom_args_with_operators' retrieved from /home/airflow/.local/lib/python3.12/site-packages/airflow/example_dags/example_xcomargs.py
[2025-01-19T04:30:39.844+0000] {logging_mixin.py:190} INFO - [2025-01-19T04:30:39.843+0000] {dag.py:3239} INFO - Sync 2 DAGs
[2025-01-19T04:30:39.887+0000] {logging_mixin.py:190} INFO - [2025-01-19T04:30:39.887+0000] {dag.py:4180} INFO - Setting next_dagrun for example_xcom_args to None, run_after=None
[2025-01-19T04:30:39.900+0000] {logging_mixin.py:190} INFO - [2025-01-19T04:30:39.899+0000] {dag.py:4180} INFO - Setting next_dagrun for example_xcom_args_with_operators to None, run_after=None
[2025-01-19T04:30:39.941+0000] {processor.py:208} INFO - Processing /home/airflow/.local/lib/python3.12/site-packages/airflow/example_dags/example_xcomargs.py took 0.303 seconds
[2025-01-19T04:31:18.039+0000] {processor.py:186} INFO - Started process (PID=425) to work on /home/airflow/.local/lib/python3.12/site-packages/airflow/example_dags/example_xcomargs.py
[2025-01-19T04:31:18.041+0000] {processor.py:914} INFO - Processing file /home/airflow/.local/lib/python3.12/site-packages/airflow/example_dags/example_xcomargs.py for tasks to queue
[2025-01-19T04:31:18.057+0000] {logging_mixin.py:190} INFO - [2025-01-19T04:31:18.056+0000] {dagbag.py:588} INFO - Filling up the DagBag from /home/airflow/.local/lib/python3.12/site-packages/airflow/example_dags/example_xcomargs.py
[2025-01-19T04:31:18.106+0000] {processor.py:925} INFO - DAG(s) 'example_xcom_args', 'example_xcom_args_with_operators' retrieved from /home/airflow/.local/lib/python3.12/site-packages/airflow/example_dags/example_xcomargs.py
[2025-01-19T04:31:18.185+0000] {logging_mixin.py:190} INFO - [2025-01-19T04:31:18.185+0000] {dag.py:3239} INFO - Sync 2 DAGs
[2025-01-19T04:31:18.246+0000] {logging_mixin.py:190} INFO - [2025-01-19T04:31:18.246+0000] {dag.py:4180} INFO - Setting next_dagrun for example_xcom_args to None, run_after=None
[2025-01-19T04:31:18.258+0000] {logging_mixin.py:190} INFO - [2025-01-19T04:31:18.257+0000] {dag.py:4180} INFO - Setting next_dagrun for example_xcom_args_with_operators to None, run_after=None
[2025-01-19T04:31:18.302+0000] {processor.py:208} INFO - Processing /home/airflow/.local/lib/python3.12/site-packages/airflow/example_dags/example_xcomargs.py took 0.285 seconds
[2025-01-19T04:31:54.338+0000] {processor.py:186} INFO - Started process (PID=488) to work on /home/airflow/.local/lib/python3.12/site-packages/airflow/example_dags/example_xcomargs.py
[2025-01-19T04:31:54.343+0000] {processor.py:914} INFO - Processing file /home/airflow/.local/lib/python3.12/site-packages/airflow/example_dags/example_xcomargs.py for tasks to queue
[2025-01-19T04:31:54.352+0000] {logging_mixin.py:190} INFO - [2025-01-19T04:31:54.351+0000] {dagbag.py:588} INFO - Filling up the DagBag from /home/airflow/.local/lib/python3.12/site-packages/airflow/example_dags/example_xcomargs.py
[2025-01-19T04:31:54.397+0000] {processor.py:925} INFO - DAG(s) 'example_xcom_args_with_operators', 'example_xcom_args' retrieved from /home/airflow/.local/lib/python3.12/site-packages/airflow/example_dags/example_xcomargs.py
[2025-01-19T04:31:54.475+0000] {logging_mixin.py:190} INFO - [2025-01-19T04:31:54.475+0000] {dag.py:3239} INFO - Sync 2 DAGs
[2025-01-19T04:31:54.537+0000] {logging_mixin.py:190} INFO - [2025-01-19T04:31:54.536+0000] {dag.py:4180} INFO - Setting next_dagrun for example_xcom_args to None, run_after=None
[2025-01-19T04:31:54.569+0000] {logging_mixin.py:190} INFO - [2025-01-19T04:31:54.567+0000] {dag.py:4180} INFO - Setting next_dagrun for example_xcom_args_with_operators to None, run_after=None
[2025-01-19T04:31:54.625+0000] {processor.py:208} INFO - Processing /home/airflow/.local/lib/python3.12/site-packages/airflow/example_dags/example_xcomargs.py took 0.312 seconds
[2025-01-19T04:32:25.882+0000] {processor.py:186} INFO - Started process (PID=552) to work on /home/airflow/.local/lib/python3.12/site-packages/airflow/example_dags/example_xcomargs.py
[2025-01-19T04:32:25.885+0000] {processor.py:914} INFO - Processing file /home/airflow/.local/lib/python3.12/site-packages/airflow/example_dags/example_xcomargs.py for tasks to queue
[2025-01-19T04:32:25.891+0000] {logging_mixin.py:190} INFO - [2025-01-19T04:32:25.890+0000] {dagbag.py:588} INFO - Filling up the DagBag from /home/airflow/.local/lib/python3.12/site-packages/airflow/example_dags/example_xcomargs.py
[2025-01-19T04:32:25.918+0000] {processor.py:925} INFO - DAG(s) 'example_xcom_args', 'example_xcom_args_with_operators' retrieved from /home/airflow/.local/lib/python3.12/site-packages/airflow/example_dags/example_xcomargs.py
[2025-01-19T04:32:25.982+0000] {logging_mixin.py:190} INFO - [2025-01-19T04:32:25.981+0000] {dag.py:3239} INFO - Sync 2 DAGs
[2025-01-19T04:32:26.025+0000] {logging_mixin.py:190} INFO - [2025-01-19T04:32:26.024+0000] {dag.py:4180} INFO - Setting next_dagrun for example_xcom_args to None, run_after=None
[2025-01-19T04:32:26.035+0000] {logging_mixin.py:190} INFO - [2025-01-19T04:32:26.035+0000] {dag.py:4180} INFO - Setting next_dagrun for example_xcom_args_with_operators to None, run_after=None
[2025-01-19T04:32:26.097+0000] {processor.py:208} INFO - Processing /home/airflow/.local/lib/python3.12/site-packages/airflow/example_dags/example_xcomargs.py took 0.229 seconds
[2025-01-19T04:32:59.392+0000] {processor.py:186} INFO - Started process (PID=614) to work on /home/airflow/.local/lib/python3.12/site-packages/airflow/example_dags/example_xcomargs.py
[2025-01-19T04:32:59.394+0000] {processor.py:914} INFO - Processing file /home/airflow/.local/lib/python3.12/site-packages/airflow/example_dags/example_xcomargs.py for tasks to queue
[2025-01-19T04:32:59.400+0000] {logging_mixin.py:190} INFO - [2025-01-19T04:32:59.399+0000] {dagbag.py:588} INFO - Filling up the DagBag from /home/airflow/.local/lib/python3.12/site-packages/airflow/example_dags/example_xcomargs.py
[2025-01-19T04:32:59.426+0000] {processor.py:925} INFO - DAG(s) 'example_xcom_args_with_operators', 'example_xcom_args' retrieved from /home/airflow/.local/lib/python3.12/site-packages/airflow/example_dags/example_xcomargs.py
[2025-01-19T04:32:59.512+0000] {logging_mixin.py:190} INFO - [2025-01-19T04:32:59.511+0000] {dag.py:3239} INFO - Sync 2 DAGs
[2025-01-19T04:32:59.558+0000] {logging_mixin.py:190} INFO - [2025-01-19T04:32:59.558+0000] {dag.py:4180} INFO - Setting next_dagrun for example_xcom_args to None, run_after=None
[2025-01-19T04:32:59.569+0000] {logging_mixin.py:190} INFO - [2025-01-19T04:32:59.569+0000] {dag.py:4180} INFO - Setting next_dagrun for example_xcom_args_with_operators to None, run_after=None
[2025-01-19T04:32:59.615+0000] {processor.py:208} INFO - Processing /home/airflow/.local/lib/python3.12/site-packages/airflow/example_dags/example_xcomargs.py took 0.239 seconds
[2025-01-19T04:33:30.459+0000] {processor.py:186} INFO - Started process (PID=677) to work on /home/airflow/.local/lib/python3.12/site-packages/airflow/example_dags/example_xcomargs.py
[2025-01-19T04:33:30.462+0000] {processor.py:914} INFO - Processing file /home/airflow/.local/lib/python3.12/site-packages/airflow/example_dags/example_xcomargs.py for tasks to queue
[2025-01-19T04:33:30.467+0000] {logging_mixin.py:190} INFO - [2025-01-19T04:33:30.466+0000] {dagbag.py:588} INFO - Filling up the DagBag from /home/airflow/.local/lib/python3.12/site-packages/airflow/example_dags/example_xcomargs.py
[2025-01-19T04:33:30.490+0000] {processor.py:925} INFO - DAG(s) 'example_xcom_args', 'example_xcom_args_with_operators' retrieved from /home/airflow/.local/lib/python3.12/site-packages/airflow/example_dags/example_xcomargs.py
[2025-01-19T04:33:30.562+0000] {logging_mixin.py:190} INFO - [2025-01-19T04:33:30.562+0000] {dag.py:3239} INFO - Sync 2 DAGs
[2025-01-19T04:33:30.676+0000] {logging_mixin.py:190} INFO - [2025-01-19T04:33:30.676+0000] {dag.py:4180} INFO - Setting next_dagrun for example_xcom_args to None, run_after=None
[2025-01-19T04:33:30.687+0000] {logging_mixin.py:190} INFO - [2025-01-19T04:33:30.687+0000] {dag.py:4180} INFO - Setting next_dagrun for example_xcom_args_with_operators to None, run_after=None
[2025-01-19T04:33:30.734+0000] {processor.py:208} INFO - Processing /home/airflow/.local/lib/python3.12/site-packages/airflow/example_dags/example_xcomargs.py took 0.288 seconds
[2025-01-19T04:34:01.600+0000] {processor.py:186} INFO - Started process (PID=739) to work on /home/airflow/.local/lib/python3.12/site-packages/airflow/example_dags/example_xcomargs.py
[2025-01-19T04:34:01.602+0000] {processor.py:914} INFO - Processing file /home/airflow/.local/lib/python3.12/site-packages/airflow/example_dags/example_xcomargs.py for tasks to queue
[2025-01-19T04:34:01.607+0000] {logging_mixin.py:190} INFO - [2025-01-19T04:34:01.606+0000] {dagbag.py:588} INFO - Filling up the DagBag from /home/airflow/.local/lib/python3.12/site-packages/airflow/example_dags/example_xcomargs.py
[2025-01-19T04:34:01.626+0000] {processor.py:925} INFO - DAG(s) 'example_xcom_args', 'example_xcom_args_with_operators' retrieved from /home/airflow/.local/lib/python3.12/site-packages/airflow/example_dags/example_xcomargs.py
[2025-01-19T04:34:01.677+0000] {logging_mixin.py:190} INFO - [2025-01-19T04:34:01.677+0000] {dag.py:3239} INFO - Sync 2 DAGs
[2025-01-19T04:34:01.707+0000] {logging_mixin.py:190} INFO - [2025-01-19T04:34:01.707+0000] {dag.py:4180} INFO - Setting next_dagrun for example_xcom_args to None, run_after=None
[2025-01-19T04:34:01.716+0000] {logging_mixin.py:190} INFO - [2025-01-19T04:34:01.715+0000] {dag.py:4180} INFO - Setting next_dagrun for example_xcom_args_with_operators to None, run_after=None
[2025-01-19T04:34:01.753+0000] {processor.py:208} INFO - Processing /home/airflow/.local/lib/python3.12/site-packages/airflow/example_dags/example_xcomargs.py took 0.162 seconds
[2025-01-19T04:34:32.441+0000] {processor.py:186} INFO - Started process (PID=803) to work on /home/airflow/.local/lib/python3.12/site-packages/airflow/example_dags/example_xcomargs.py
[2025-01-19T04:34:32.443+0000] {processor.py:914} INFO - Processing file /home/airflow/.local/lib/python3.12/site-packages/airflow/example_dags/example_xcomargs.py for tasks to queue
[2025-01-19T04:34:32.450+0000] {logging_mixin.py:190} INFO - [2025-01-19T04:34:32.449+0000] {dagbag.py:588} INFO - Filling up the DagBag from /home/airflow/.local/lib/python3.12/site-packages/airflow/example_dags/example_xcomargs.py
[2025-01-19T04:34:32.477+0000] {processor.py:925} INFO - DAG(s) 'example_xcom_args', 'example_xcom_args_with_operators' retrieved from /home/airflow/.local/lib/python3.12/site-packages/airflow/example_dags/example_xcomargs.py
[2025-01-19T04:34:32.537+0000] {logging_mixin.py:190} INFO - [2025-01-19T04:34:32.536+0000] {dag.py:3239} INFO - Sync 2 DAGs
[2025-01-19T04:34:32.572+0000] {logging_mixin.py:190} INFO - [2025-01-19T04:34:32.572+0000] {dag.py:4180} INFO - Setting next_dagrun for example_xcom_args to None, run_after=None
[2025-01-19T04:34:32.582+0000] {logging_mixin.py:190} INFO - [2025-01-19T04:34:32.581+0000] {dag.py:4180} INFO - Setting next_dagrun for example_xcom_args_with_operators to None, run_after=None
[2025-01-19T04:34:32.642+0000] {processor.py:208} INFO - Processing /home/airflow/.local/lib/python3.12/site-packages/airflow/example_dags/example_xcomargs.py took 0.215 seconds
[2025-01-19T04:35:02.813+0000] {processor.py:186} INFO - Started process (PID=865) to work on /home/airflow/.local/lib/python3.12/site-packages/airflow/example_dags/example_xcomargs.py
[2025-01-19T04:35:02.828+0000] {processor.py:914} INFO - Processing file /home/airflow/.local/lib/python3.12/site-packages/airflow/example_dags/example_xcomargs.py for tasks to queue
[2025-01-19T04:35:02.834+0000] {logging_mixin.py:190} INFO - [2025-01-19T04:35:02.833+0000] {dagbag.py:588} INFO - Filling up the DagBag from /home/airflow/.local/lib/python3.12/site-packages/airflow/example_dags/example_xcomargs.py
[2025-01-19T04:35:02.908+0000] {processor.py:925} INFO - DAG(s) 'example_xcom_args_with_operators', 'example_xcom_args' retrieved from /home/airflow/.local/lib/python3.12/site-packages/airflow/example_dags/example_xcomargs.py
[2025-01-19T04:35:03.035+0000] {logging_mixin.py:190} INFO - [2025-01-19T04:35:03.035+0000] {dag.py:3239} INFO - Sync 2 DAGs
[2025-01-19T04:35:03.101+0000] {logging_mixin.py:190} INFO - [2025-01-19T04:35:03.101+0000] {dag.py:4180} INFO - Setting next_dagrun for example_xcom_args to None, run_after=None
[2025-01-19T04:35:03.131+0000] {logging_mixin.py:190} INFO - [2025-01-19T04:35:03.120+0000] {dag.py:4180} INFO - Setting next_dagrun for example_xcom_args_with_operators to None, run_after=None
[2025-01-19T04:35:03.220+0000] {processor.py:208} INFO - Processing /home/airflow/.local/lib/python3.12/site-packages/airflow/example_dags/example_xcomargs.py took 0.432 seconds
[2025-01-19T04:35:38.756+0000] {processor.py:186} INFO - Started process (PID=929) to work on /home/airflow/.local/lib/python3.12/site-packages/airflow/example_dags/example_xcomargs.py
[2025-01-19T04:35:38.758+0000] {processor.py:914} INFO - Processing file /home/airflow/.local/lib/python3.12/site-packages/airflow/example_dags/example_xcomargs.py for tasks to queue
[2025-01-19T04:35:38.764+0000] {logging_mixin.py:190} INFO - [2025-01-19T04:35:38.763+0000] {dagbag.py:588} INFO - Filling up the DagBag from /home/airflow/.local/lib/python3.12/site-packages/airflow/example_dags/example_xcomargs.py
[2025-01-19T04:35:38.799+0000] {processor.py:925} INFO - DAG(s) 'example_xcom_args_with_operators', 'example_xcom_args' retrieved from /home/airflow/.local/lib/python3.12/site-packages/airflow/example_dags/example_xcomargs.py
[2025-01-19T04:35:38.864+0000] {logging_mixin.py:190} INFO - [2025-01-19T04:35:38.863+0000] {dag.py:3239} INFO - Sync 2 DAGs
[2025-01-19T04:35:38.905+0000] {logging_mixin.py:190} INFO - [2025-01-19T04:35:38.905+0000] {dag.py:4180} INFO - Setting next_dagrun for example_xcom_args to None, run_after=None
[2025-01-19T04:35:38.915+0000] {logging_mixin.py:190} INFO - [2025-01-19T04:35:38.915+0000] {dag.py:4180} INFO - Setting next_dagrun for example_xcom_args_with_operators to None, run_after=None
[2025-01-19T04:35:38.975+0000] {processor.py:208} INFO - Processing /home/airflow/.local/lib/python3.12/site-packages/airflow/example_dags/example_xcomargs.py took 0.237 seconds
[2025-01-19T04:36:09.291+0000] {processor.py:186} INFO - Started process (PID=992) to work on /home/airflow/.local/lib/python3.12/site-packages/airflow/example_dags/example_xcomargs.py
[2025-01-19T04:36:09.320+0000] {processor.py:914} INFO - Processing file /home/airflow/.local/lib/python3.12/site-packages/airflow/example_dags/example_xcomargs.py for tasks to queue
[2025-01-19T04:36:09.325+0000] {logging_mixin.py:190} INFO - [2025-01-19T04:36:09.324+0000] {dagbag.py:588} INFO - Filling up the DagBag from /home/airflow/.local/lib/python3.12/site-packages/airflow/example_dags/example_xcomargs.py
[2025-01-19T04:36:09.350+0000] {processor.py:925} INFO - DAG(s) 'example_xcom_args', 'example_xcom_args_with_operators' retrieved from /home/airflow/.local/lib/python3.12/site-packages/airflow/example_dags/example_xcomargs.py
[2025-01-19T04:36:09.391+0000] {logging_mixin.py:190} INFO - [2025-01-19T04:36:09.391+0000] {dag.py:3239} INFO - Sync 2 DAGs
[2025-01-19T04:36:09.423+0000] {logging_mixin.py:190} INFO - [2025-01-19T04:36:09.423+0000] {dag.py:4180} INFO - Setting next_dagrun for example_xcom_args to None, run_after=None
[2025-01-19T04:36:09.431+0000] {logging_mixin.py:190} INFO - [2025-01-19T04:36:09.430+0000] {dag.py:4180} INFO - Setting next_dagrun for example_xcom_args_with_operators to None, run_after=None
[2025-01-19T04:36:09.494+0000] {processor.py:208} INFO - Processing /home/airflow/.local/lib/python3.12/site-packages/airflow/example_dags/example_xcomargs.py took 0.212 seconds
[2025-01-19T04:36:39.831+0000] {processor.py:186} INFO - Started process (PID=1055) to work on /home/airflow/.local/lib/python3.12/site-packages/airflow/example_dags/example_xcomargs.py
[2025-01-19T04:36:39.834+0000] {processor.py:914} INFO - Processing file /home/airflow/.local/lib/python3.12/site-packages/airflow/example_dags/example_xcomargs.py for tasks to queue
[2025-01-19T04:36:39.838+0000] {logging_mixin.py:190} INFO - [2025-01-19T04:36:39.837+0000] {dagbag.py:588} INFO - Filling up the DagBag from /home/airflow/.local/lib/python3.12/site-packages/airflow/example_dags/example_xcomargs.py
[2025-01-19T04:36:39.860+0000] {processor.py:925} INFO - DAG(s) 'example_xcom_args', 'example_xcom_args_with_operators' retrieved from /home/airflow/.local/lib/python3.12/site-packages/airflow/example_dags/example_xcomargs.py
[2025-01-19T04:36:39.902+0000] {logging_mixin.py:190} INFO - [2025-01-19T04:36:39.901+0000] {dag.py:3239} INFO - Sync 2 DAGs
[2025-01-19T04:36:39.948+0000] {logging_mixin.py:190} INFO - [2025-01-19T04:36:39.947+0000] {dag.py:4180} INFO - Setting next_dagrun for example_xcom_args to None, run_after=None
[2025-01-19T04:36:39.987+0000] {logging_mixin.py:190} INFO - [2025-01-19T04:36:39.986+0000] {dag.py:4180} INFO - Setting next_dagrun for example_xcom_args_with_operators to None, run_after=None
[2025-01-19T04:36:40.124+0000] {processor.py:208} INFO - Processing /home/airflow/.local/lib/python3.12/site-packages/airflow/example_dags/example_xcomargs.py took 0.304 seconds
[2025-01-19T04:41:05.422+0000] {processor.py:186} INFO - Started process (PID=1073) to work on /home/airflow/.local/lib/python3.12/site-packages/airflow/example_dags/example_xcomargs.py
[2025-01-19T04:41:05.434+0000] {processor.py:914} INFO - Processing file /home/airflow/.local/lib/python3.12/site-packages/airflow/example_dags/example_xcomargs.py for tasks to queue
[2025-01-19T04:41:05.439+0000] {logging_mixin.py:190} INFO - [2025-01-19T04:41:05.438+0000] {dagbag.py:588} INFO - Filling up the DagBag from /home/airflow/.local/lib/python3.12/site-packages/airflow/example_dags/example_xcomargs.py
[2025-01-19T04:41:05.481+0000] {processor.py:925} INFO - DAG(s) 'example_xcom_args', 'example_xcom_args_with_operators' retrieved from /home/airflow/.local/lib/python3.12/site-packages/airflow/example_dags/example_xcomargs.py
[2025-01-19T04:41:05.617+0000] {logging_mixin.py:190} INFO - [2025-01-19T04:41:05.616+0000] {dag.py:3239} INFO - Sync 2 DAGs
[2025-01-19T04:41:05.700+0000] {logging_mixin.py:190} INFO - [2025-01-19T04:41:05.699+0000] {dag.py:4180} INFO - Setting next_dagrun for example_xcom_args to None, run_after=None
[2025-01-19T04:41:05.716+0000] {logging_mixin.py:190} INFO - [2025-01-19T04:41:05.716+0000] {dag.py:4180} INFO - Setting next_dagrun for example_xcom_args_with_operators to None, run_after=None
[2025-01-19T04:41:05.788+0000] {processor.py:208} INFO - Processing /home/airflow/.local/lib/python3.12/site-packages/airflow/example_dags/example_xcomargs.py took 0.393 seconds
[2025-01-19T04:41:42.794+0000] {processor.py:186} INFO - Started process (PID=1132) to work on /home/airflow/.local/lib/python3.12/site-packages/airflow/example_dags/example_xcomargs.py
[2025-01-19T04:41:42.797+0000] {processor.py:914} INFO - Processing file /home/airflow/.local/lib/python3.12/site-packages/airflow/example_dags/example_xcomargs.py for tasks to queue
[2025-01-19T04:41:42.801+0000] {logging_mixin.py:190} INFO - [2025-01-19T04:41:42.800+0000] {dagbag.py:588} INFO - Filling up the DagBag from /home/airflow/.local/lib/python3.12/site-packages/airflow/example_dags/example_xcomargs.py
[2025-01-19T04:41:42.835+0000] {processor.py:925} INFO - DAG(s) 'example_xcom_args_with_operators', 'example_xcom_args' retrieved from /home/airflow/.local/lib/python3.12/site-packages/airflow/example_dags/example_xcomargs.py
[2025-01-19T04:41:42.926+0000] {logging_mixin.py:190} INFO - [2025-01-19T04:41:42.925+0000] {dag.py:3239} INFO - Sync 2 DAGs
[2025-01-19T04:41:42.982+0000] {logging_mixin.py:190} INFO - [2025-01-19T04:41:42.982+0000] {dag.py:4180} INFO - Setting next_dagrun for example_xcom_args to None, run_after=None
[2025-01-19T04:41:43.000+0000] {logging_mixin.py:190} INFO - [2025-01-19T04:41:42.999+0000] {dag.py:4180} INFO - Setting next_dagrun for example_xcom_args_with_operators to None, run_after=None
[2025-01-19T04:41:43.067+0000] {processor.py:208} INFO - Processing /home/airflow/.local/lib/python3.12/site-packages/airflow/example_dags/example_xcomargs.py took 0.292 seconds
