[2025-01-19T04:12:50.896+0000] {processor.py:186} INFO - Started process (PID=447) to work on /home/airflow/.local/lib/python3.12/site-packages/airflow/example_dags/example_task_group.py
[2025-01-19T04:12:50.897+0000] {processor.py:914} INFO - Processing file /home/airflow/.local/lib/python3.12/site-packages/airflow/example_dags/example_task_group.py for tasks to queue
[2025-01-19T04:12:50.902+0000] {logging_mixin.py:190} INFO - [2025-01-19T04:12:50.901+0000] {dagbag.py:588} INFO - Filling up the DagBag from /home/airflow/.local/lib/python3.12/site-packages/airflow/example_dags/example_task_group.py
[2025-01-19T04:12:50.922+0000] {processor.py:925} INFO - DAG(s) 'example_task_group' retrieved from /home/airflow/.local/lib/python3.12/site-packages/airflow/example_dags/example_task_group.py
[2025-01-19T04:12:50.971+0000] {logging_mixin.py:190} INFO - [2025-01-19T04:12:50.971+0000] {dag.py:3239} INFO - Sync 1 DAGs
[2025-01-19T04:12:51.009+0000] {logging_mixin.py:190} INFO - [2025-01-19T04:12:51.008+0000] {dag.py:4180} INFO - Setting next_dagrun for example_task_group to None, run_after=None
[2025-01-19T04:12:51.073+0000] {processor.py:208} INFO - Processing /home/airflow/.local/lib/python3.12/site-packages/airflow/example_dags/example_task_group.py took 0.190 seconds
[2025-01-19T04:13:27.940+0000] {processor.py:186} INFO - Started process (PID=509) to work on /home/airflow/.local/lib/python3.12/site-packages/airflow/example_dags/example_task_group.py
[2025-01-19T04:13:27.942+0000] {processor.py:914} INFO - Processing file /home/airflow/.local/lib/python3.12/site-packages/airflow/example_dags/example_task_group.py for tasks to queue
[2025-01-19T04:13:27.948+0000] {logging_mixin.py:190} INFO - [2025-01-19T04:13:27.947+0000] {dagbag.py:588} INFO - Filling up the DagBag from /home/airflow/.local/lib/python3.12/site-packages/airflow/example_dags/example_task_group.py
[2025-01-19T04:13:27.967+0000] {processor.py:925} INFO - DAG(s) 'example_task_group' retrieved from /home/airflow/.local/lib/python3.12/site-packages/airflow/example_dags/example_task_group.py
[2025-01-19T04:13:28.009+0000] {logging_mixin.py:190} INFO - [2025-01-19T04:13:28.009+0000] {dag.py:3239} INFO - Sync 1 DAGs
[2025-01-19T04:13:28.044+0000] {logging_mixin.py:190} INFO - [2025-01-19T04:13:28.044+0000] {dag.py:4180} INFO - Setting next_dagrun for example_task_group to None, run_after=None
[2025-01-19T04:13:28.087+0000] {processor.py:208} INFO - Processing /home/airflow/.local/lib/python3.12/site-packages/airflow/example_dags/example_task_group.py took 0.162 seconds
[2025-01-19T04:14:01.610+0000] {processor.py:186} INFO - Started process (PID=563) to work on /home/airflow/.local/lib/python3.12/site-packages/airflow/example_dags/example_task_group.py
[2025-01-19T04:14:01.612+0000] {processor.py:914} INFO - Processing file /home/airflow/.local/lib/python3.12/site-packages/airflow/example_dags/example_task_group.py for tasks to queue
[2025-01-19T04:14:01.627+0000] {logging_mixin.py:190} INFO - [2025-01-19T04:14:01.617+0000] {dagbag.py:588} INFO - Filling up the DagBag from /home/airflow/.local/lib/python3.12/site-packages/airflow/example_dags/example_task_group.py
[2025-01-19T04:14:01.678+0000] {processor.py:925} INFO - DAG(s) 'example_task_group' retrieved from /home/airflow/.local/lib/python3.12/site-packages/airflow/example_dags/example_task_group.py
[2025-01-19T04:14:01.829+0000] {logging_mixin.py:190} INFO - [2025-01-19T04:14:01.829+0000] {dag.py:3239} INFO - Sync 1 DAGs
[2025-01-19T04:14:01.935+0000] {logging_mixin.py:190} INFO - [2025-01-19T04:14:01.934+0000] {dag.py:4180} INFO - Setting next_dagrun for example_task_group to None, run_after=None
[2025-01-19T04:14:02.050+0000] {processor.py:208} INFO - Processing /home/airflow/.local/lib/python3.12/site-packages/airflow/example_dags/example_task_group.py took 0.464 seconds
[2025-01-19T04:15:13.421+0000] {processor.py:186} INFO - Started process (PID=622) to work on /home/airflow/.local/lib/python3.12/site-packages/airflow/example_dags/example_task_group.py
[2025-01-19T04:15:13.425+0000] {processor.py:914} INFO - Processing file /home/airflow/.local/lib/python3.12/site-packages/airflow/example_dags/example_task_group.py for tasks to queue
[2025-01-19T04:15:13.433+0000] {logging_mixin.py:190} INFO - [2025-01-19T04:15:13.430+0000] {dagbag.py:588} INFO - Filling up the DagBag from /home/airflow/.local/lib/python3.12/site-packages/airflow/example_dags/example_task_group.py
[2025-01-19T04:15:13.483+0000] {processor.py:925} INFO - DAG(s) 'example_task_group' retrieved from /home/airflow/.local/lib/python3.12/site-packages/airflow/example_dags/example_task_group.py
[2025-01-19T04:15:14.231+0000] {logging_mixin.py:190} INFO - [2025-01-19T04:15:14.209+0000] {dag.py:3239} INFO - Sync 1 DAGs
[2025-01-19T04:15:14.326+0000] {logging_mixin.py:190} INFO - [2025-01-19T04:15:14.325+0000] {dag.py:4180} INFO - Setting next_dagrun for example_task_group to None, run_after=None
[2025-01-19T04:15:14.451+0000] {processor.py:208} INFO - Processing /home/airflow/.local/lib/python3.12/site-packages/airflow/example_dags/example_task_group.py took 1.058 seconds
[2025-01-19T04:18:15.186+0000] {processor.py:186} INFO - Started process (PID=685) to work on /home/airflow/.local/lib/python3.12/site-packages/airflow/example_dags/example_task_group.py
[2025-01-19T04:18:15.201+0000] {processor.py:914} INFO - Processing file /home/airflow/.local/lib/python3.12/site-packages/airflow/example_dags/example_task_group.py for tasks to queue
[2025-01-19T04:18:15.205+0000] {logging_mixin.py:190} INFO - [2025-01-19T04:18:15.204+0000] {dagbag.py:588} INFO - Filling up the DagBag from /home/airflow/.local/lib/python3.12/site-packages/airflow/example_dags/example_task_group.py
[2025-01-19T04:18:15.288+0000] {processor.py:925} INFO - DAG(s) 'example_task_group' retrieved from /home/airflow/.local/lib/python3.12/site-packages/airflow/example_dags/example_task_group.py
[2025-01-19T04:18:15.472+0000] {logging_mixin.py:190} INFO - [2025-01-19T04:18:15.471+0000] {dag.py:3239} INFO - Sync 1 DAGs
[2025-01-19T04:18:15.624+0000] {logging_mixin.py:190} INFO - [2025-01-19T04:18:15.623+0000] {dag.py:4180} INFO - Setting next_dagrun for example_task_group to None, run_after=None
[2025-01-19T04:18:15.804+0000] {processor.py:208} INFO - Processing /home/airflow/.local/lib/python3.12/site-packages/airflow/example_dags/example_task_group.py took 0.657 seconds
[2025-01-19T04:18:52.516+0000] {processor.py:186} INFO - Started process (PID=748) to work on /home/airflow/.local/lib/python3.12/site-packages/airflow/example_dags/example_task_group.py
[2025-01-19T04:18:52.528+0000] {processor.py:914} INFO - Processing file /home/airflow/.local/lib/python3.12/site-packages/airflow/example_dags/example_task_group.py for tasks to queue
[2025-01-19T04:18:52.535+0000] {logging_mixin.py:190} INFO - [2025-01-19T04:18:52.535+0000] {dagbag.py:588} INFO - Filling up the DagBag from /home/airflow/.local/lib/python3.12/site-packages/airflow/example_dags/example_task_group.py
[2025-01-19T04:18:52.585+0000] {processor.py:925} INFO - DAG(s) 'example_task_group' retrieved from /home/airflow/.local/lib/python3.12/site-packages/airflow/example_dags/example_task_group.py
[2025-01-19T04:18:52.651+0000] {logging_mixin.py:190} INFO - [2025-01-19T04:18:52.651+0000] {dag.py:3239} INFO - Sync 1 DAGs
[2025-01-19T04:18:52.710+0000] {logging_mixin.py:190} INFO - [2025-01-19T04:18:52.709+0000] {dag.py:4180} INFO - Setting next_dagrun for example_task_group to None, run_after=None
[2025-01-19T04:18:52.786+0000] {processor.py:208} INFO - Processing /home/airflow/.local/lib/python3.12/site-packages/airflow/example_dags/example_task_group.py took 0.340 seconds
[2025-01-19T04:19:23.612+0000] {processor.py:186} INFO - Started process (PID=811) to work on /home/airflow/.local/lib/python3.12/site-packages/airflow/example_dags/example_task_group.py
[2025-01-19T04:19:23.623+0000] {processor.py:914} INFO - Processing file /home/airflow/.local/lib/python3.12/site-packages/airflow/example_dags/example_task_group.py for tasks to queue
[2025-01-19T04:19:23.627+0000] {logging_mixin.py:190} INFO - [2025-01-19T04:19:23.626+0000] {dagbag.py:588} INFO - Filling up the DagBag from /home/airflow/.local/lib/python3.12/site-packages/airflow/example_dags/example_task_group.py
[2025-01-19T04:19:23.685+0000] {processor.py:925} INFO - DAG(s) 'example_task_group' retrieved from /home/airflow/.local/lib/python3.12/site-packages/airflow/example_dags/example_task_group.py
[2025-01-19T04:19:23.800+0000] {logging_mixin.py:190} INFO - [2025-01-19T04:19:23.799+0000] {dag.py:3239} INFO - Sync 1 DAGs
[2025-01-19T04:19:23.907+0000] {logging_mixin.py:190} INFO - [2025-01-19T04:19:23.906+0000] {dag.py:4180} INFO - Setting next_dagrun for example_task_group to None, run_after=None
[2025-01-19T04:19:24.035+0000] {processor.py:208} INFO - Processing /home/airflow/.local/lib/python3.12/site-packages/airflow/example_dags/example_task_group.py took 0.459 seconds
[2025-01-19T04:19:54.907+0000] {processor.py:186} INFO - Started process (PID=874) to work on /home/airflow/.local/lib/python3.12/site-packages/airflow/example_dags/example_task_group.py
[2025-01-19T04:19:54.912+0000] {processor.py:914} INFO - Processing file /home/airflow/.local/lib/python3.12/site-packages/airflow/example_dags/example_task_group.py for tasks to queue
[2025-01-19T04:19:54.917+0000] {logging_mixin.py:190} INFO - [2025-01-19T04:19:54.916+0000] {dagbag.py:588} INFO - Filling up the DagBag from /home/airflow/.local/lib/python3.12/site-packages/airflow/example_dags/example_task_group.py
[2025-01-19T04:19:54.943+0000] {processor.py:925} INFO - DAG(s) 'example_task_group' retrieved from /home/airflow/.local/lib/python3.12/site-packages/airflow/example_dags/example_task_group.py
[2025-01-19T04:19:54.991+0000] {logging_mixin.py:190} INFO - [2025-01-19T04:19:54.990+0000] {dag.py:3239} INFO - Sync 1 DAGs
[2025-01-19T04:19:55.036+0000] {logging_mixin.py:190} INFO - [2025-01-19T04:19:55.035+0000] {dag.py:4180} INFO - Setting next_dagrun for example_task_group to None, run_after=None
[2025-01-19T04:19:55.090+0000] {processor.py:208} INFO - Processing /home/airflow/.local/lib/python3.12/site-packages/airflow/example_dags/example_task_group.py took 0.207 seconds
[2025-01-19T04:20:25.233+0000] {processor.py:186} INFO - Started process (PID=937) to work on /home/airflow/.local/lib/python3.12/site-packages/airflow/example_dags/example_task_group.py
[2025-01-19T04:20:25.235+0000] {processor.py:914} INFO - Processing file /home/airflow/.local/lib/python3.12/site-packages/airflow/example_dags/example_task_group.py for tasks to queue
[2025-01-19T04:20:25.238+0000] {logging_mixin.py:190} INFO - [2025-01-19T04:20:25.237+0000] {dagbag.py:588} INFO - Filling up the DagBag from /home/airflow/.local/lib/python3.12/site-packages/airflow/example_dags/example_task_group.py
[2025-01-19T04:20:25.259+0000] {processor.py:925} INFO - DAG(s) 'example_task_group' retrieved from /home/airflow/.local/lib/python3.12/site-packages/airflow/example_dags/example_task_group.py
[2025-01-19T04:20:25.315+0000] {logging_mixin.py:190} INFO - [2025-01-19T04:20:25.315+0000] {dag.py:3239} INFO - Sync 1 DAGs
[2025-01-19T04:20:25.346+0000] {logging_mixin.py:190} INFO - [2025-01-19T04:20:25.345+0000] {dag.py:4180} INFO - Setting next_dagrun for example_task_group to None, run_after=None
[2025-01-19T04:20:25.394+0000] {processor.py:208} INFO - Processing /home/airflow/.local/lib/python3.12/site-packages/airflow/example_dags/example_task_group.py took 0.174 seconds
[2025-01-19T04:20:58.073+0000] {processor.py:186} INFO - Started process (PID=989) to work on /home/airflow/.local/lib/python3.12/site-packages/airflow/example_dags/example_task_group.py
[2025-01-19T04:20:58.075+0000] {processor.py:914} INFO - Processing file /home/airflow/.local/lib/python3.12/site-packages/airflow/example_dags/example_task_group.py for tasks to queue
[2025-01-19T04:20:58.083+0000] {logging_mixin.py:190} INFO - [2025-01-19T04:20:58.082+0000] {dagbag.py:588} INFO - Filling up the DagBag from /home/airflow/.local/lib/python3.12/site-packages/airflow/example_dags/example_task_group.py
[2025-01-19T04:20:58.111+0000] {processor.py:925} INFO - DAG(s) 'example_task_group' retrieved from /home/airflow/.local/lib/python3.12/site-packages/airflow/example_dags/example_task_group.py
[2025-01-19T04:20:58.189+0000] {logging_mixin.py:190} INFO - [2025-01-19T04:20:58.188+0000] {dag.py:3239} INFO - Sync 1 DAGs
[2025-01-19T04:20:58.400+0000] {logging_mixin.py:190} INFO - [2025-01-19T04:20:58.399+0000] {dag.py:4180} INFO - Setting next_dagrun for example_task_group to None, run_after=None
[2025-01-19T04:20:58.610+0000] {processor.py:208} INFO - Processing /home/airflow/.local/lib/python3.12/site-packages/airflow/example_dags/example_task_group.py took 0.560 seconds
[2025-01-19T04:21:31.655+0000] {processor.py:186} INFO - Started process (PID=1046) to work on /home/airflow/.local/lib/python3.12/site-packages/airflow/example_dags/example_task_group.py
[2025-01-19T04:21:31.658+0000] {processor.py:914} INFO - Processing file /home/airflow/.local/lib/python3.12/site-packages/airflow/example_dags/example_task_group.py for tasks to queue
[2025-01-19T04:21:31.661+0000] {logging_mixin.py:190} INFO - [2025-01-19T04:21:31.660+0000] {dagbag.py:588} INFO - Filling up the DagBag from /home/airflow/.local/lib/python3.12/site-packages/airflow/example_dags/example_task_group.py
[2025-01-19T04:21:31.685+0000] {processor.py:925} INFO - DAG(s) 'example_task_group' retrieved from /home/airflow/.local/lib/python3.12/site-packages/airflow/example_dags/example_task_group.py
[2025-01-19T04:21:31.767+0000] {logging_mixin.py:190} INFO - [2025-01-19T04:21:31.766+0000] {dag.py:3239} INFO - Sync 1 DAGs
[2025-01-19T04:21:31.828+0000] {logging_mixin.py:190} INFO - [2025-01-19T04:21:31.828+0000] {dag.py:4180} INFO - Setting next_dagrun for example_task_group to None, run_after=None
[2025-01-19T04:21:31.921+0000] {processor.py:208} INFO - Processing /home/airflow/.local/lib/python3.12/site-packages/airflow/example_dags/example_task_group.py took 0.281 seconds
[2025-01-19T04:27:22.142+0000] {processor.py:186} INFO - Started process (PID=62) to work on /home/airflow/.local/lib/python3.12/site-packages/airflow/example_dags/example_task_group.py
[2025-01-19T04:27:22.145+0000] {processor.py:914} INFO - Processing file /home/airflow/.local/lib/python3.12/site-packages/airflow/example_dags/example_task_group.py for tasks to queue
[2025-01-19T04:27:22.154+0000] {logging_mixin.py:190} INFO - [2025-01-19T04:27:22.154+0000] {dagbag.py:588} INFO - Filling up the DagBag from /home/airflow/.local/lib/python3.12/site-packages/airflow/example_dags/example_task_group.py
[2025-01-19T04:27:22.213+0000] {processor.py:925} INFO - DAG(s) 'example_task_group' retrieved from /home/airflow/.local/lib/python3.12/site-packages/airflow/example_dags/example_task_group.py
[2025-01-19T04:27:22.977+0000] {logging_mixin.py:190} INFO - [2025-01-19T04:27:22.974+0000] {override.py:1911} INFO - Created Permission View: can delete on DAG:example_task_group
[2025-01-19T04:27:23.104+0000] {logging_mixin.py:190} INFO - [2025-01-19T04:27:23.104+0000] {override.py:1911} INFO - Created Permission View: can edit on DAG:example_task_group
[2025-01-19T04:27:23.149+0000] {logging_mixin.py:190} INFO - [2025-01-19T04:27:23.148+0000] {override.py:1911} INFO - Created Permission View: can read on DAG:example_task_group
[2025-01-19T04:27:23.216+0000] {logging_mixin.py:190} INFO - [2025-01-19T04:27:23.215+0000] {override.py:1911} INFO - Created Permission View: can create on DAG Run:example_task_group
[2025-01-19T04:27:23.256+0000] {logging_mixin.py:190} INFO - [2025-01-19T04:27:23.255+0000] {override.py:1911} INFO - Created Permission View: menu access on DAG Run:example_task_group
[2025-01-19T04:27:23.285+0000] {logging_mixin.py:190} INFO - [2025-01-19T04:27:23.284+0000] {override.py:1911} INFO - Created Permission View: can delete on DAG Run:example_task_group
[2025-01-19T04:27:23.404+0000] {logging_mixin.py:190} INFO - [2025-01-19T04:27:23.403+0000] {override.py:1911} INFO - Created Permission View: can read on DAG Run:example_task_group
[2025-01-19T04:27:23.406+0000] {logging_mixin.py:190} INFO - [2025-01-19T04:27:23.405+0000] {dag.py:3239} INFO - Sync 1 DAGs
[2025-01-19T04:27:23.528+0000] {logging_mixin.py:190} INFO - [2025-01-19T04:27:23.527+0000] {dag.py:3262} INFO - Creating ORM DAG for example_task_group
[2025-01-19T04:27:23.545+0000] {logging_mixin.py:190} INFO - [2025-01-19T04:27:23.545+0000] {dag.py:4180} INFO - Setting next_dagrun for example_task_group to None, run_after=None
[2025-01-19T04:27:23.845+0000] {processor.py:208} INFO - Processing /home/airflow/.local/lib/python3.12/site-packages/airflow/example_dags/example_task_group.py took 1.735 seconds
[2025-01-19T04:28:24.452+0000] {processor.py:186} INFO - Started process (PID=131) to work on /home/airflow/.local/lib/python3.12/site-packages/airflow/example_dags/example_task_group.py
[2025-01-19T04:28:24.454+0000] {processor.py:914} INFO - Processing file /home/airflow/.local/lib/python3.12/site-packages/airflow/example_dags/example_task_group.py for tasks to queue
[2025-01-19T04:28:24.459+0000] {logging_mixin.py:190} INFO - [2025-01-19T04:28:24.459+0000] {dagbag.py:588} INFO - Filling up the DagBag from /home/airflow/.local/lib/python3.12/site-packages/airflow/example_dags/example_task_group.py
[2025-01-19T04:28:24.485+0000] {processor.py:925} INFO - DAG(s) 'example_task_group' retrieved from /home/airflow/.local/lib/python3.12/site-packages/airflow/example_dags/example_task_group.py
[2025-01-19T04:28:24.551+0000] {logging_mixin.py:190} INFO - [2025-01-19T04:28:24.550+0000] {dag.py:3239} INFO - Sync 1 DAGs
[2025-01-19T04:28:24.600+0000] {logging_mixin.py:190} INFO - [2025-01-19T04:28:24.599+0000] {dag.py:4180} INFO - Setting next_dagrun for example_task_group to None, run_after=None
[2025-01-19T04:28:24.693+0000] {processor.py:208} INFO - Processing /home/airflow/.local/lib/python3.12/site-packages/airflow/example_dags/example_task_group.py took 0.255 seconds
[2025-01-19T04:28:55.502+0000] {processor.py:186} INFO - Started process (PID=194) to work on /home/airflow/.local/lib/python3.12/site-packages/airflow/example_dags/example_task_group.py
[2025-01-19T04:28:55.505+0000] {processor.py:914} INFO - Processing file /home/airflow/.local/lib/python3.12/site-packages/airflow/example_dags/example_task_group.py for tasks to queue
[2025-01-19T04:28:55.513+0000] {logging_mixin.py:190} INFO - [2025-01-19T04:28:55.512+0000] {dagbag.py:588} INFO - Filling up the DagBag from /home/airflow/.local/lib/python3.12/site-packages/airflow/example_dags/example_task_group.py
[2025-01-19T04:28:55.549+0000] {processor.py:925} INFO - DAG(s) 'example_task_group' retrieved from /home/airflow/.local/lib/python3.12/site-packages/airflow/example_dags/example_task_group.py
[2025-01-19T04:28:55.599+0000] {logging_mixin.py:190} INFO - [2025-01-19T04:28:55.598+0000] {dag.py:3239} INFO - Sync 1 DAGs
[2025-01-19T04:28:55.639+0000] {logging_mixin.py:190} INFO - [2025-01-19T04:28:55.638+0000] {dag.py:4180} INFO - Setting next_dagrun for example_task_group to None, run_after=None
[2025-01-19T04:28:55.688+0000] {processor.py:208} INFO - Processing /home/airflow/.local/lib/python3.12/site-packages/airflow/example_dags/example_task_group.py took 0.203 seconds
[2025-01-19T04:29:26.536+0000] {processor.py:186} INFO - Started process (PID=256) to work on /home/airflow/.local/lib/python3.12/site-packages/airflow/example_dags/example_task_group.py
[2025-01-19T04:29:26.539+0000] {processor.py:914} INFO - Processing file /home/airflow/.local/lib/python3.12/site-packages/airflow/example_dags/example_task_group.py for tasks to queue
[2025-01-19T04:29:26.543+0000] {logging_mixin.py:190} INFO - [2025-01-19T04:29:26.543+0000] {dagbag.py:588} INFO - Filling up the DagBag from /home/airflow/.local/lib/python3.12/site-packages/airflow/example_dags/example_task_group.py
[2025-01-19T04:29:26.563+0000] {processor.py:925} INFO - DAG(s) 'example_task_group' retrieved from /home/airflow/.local/lib/python3.12/site-packages/airflow/example_dags/example_task_group.py
[2025-01-19T04:29:26.603+0000] {logging_mixin.py:190} INFO - [2025-01-19T04:29:26.603+0000] {dag.py:3239} INFO - Sync 1 DAGs
[2025-01-19T04:29:26.637+0000] {logging_mixin.py:190} INFO - [2025-01-19T04:29:26.636+0000] {dag.py:4180} INFO - Setting next_dagrun for example_task_group to None, run_after=None
[2025-01-19T04:29:26.883+0000] {processor.py:208} INFO - Processing /home/airflow/.local/lib/python3.12/site-packages/airflow/example_dags/example_task_group.py took 0.361 seconds
[2025-01-19T04:30:05.655+0000] {processor.py:186} INFO - Started process (PID=297) to work on /home/airflow/.local/lib/python3.12/site-packages/airflow/example_dags/example_task_group.py
[2025-01-19T04:30:05.658+0000] {processor.py:914} INFO - Processing file /home/airflow/.local/lib/python3.12/site-packages/airflow/example_dags/example_task_group.py for tasks to queue
[2025-01-19T04:30:05.664+0000] {logging_mixin.py:190} INFO - [2025-01-19T04:30:05.663+0000] {dagbag.py:588} INFO - Filling up the DagBag from /home/airflow/.local/lib/python3.12/site-packages/airflow/example_dags/example_task_group.py
[2025-01-19T04:30:05.687+0000] {processor.py:925} INFO - DAG(s) 'example_task_group' retrieved from /home/airflow/.local/lib/python3.12/site-packages/airflow/example_dags/example_task_group.py
[2025-01-19T04:30:05.744+0000] {logging_mixin.py:190} INFO - [2025-01-19T04:30:05.743+0000] {dag.py:3239} INFO - Sync 1 DAGs
[2025-01-19T04:30:05.793+0000] {logging_mixin.py:190} INFO - [2025-01-19T04:30:05.792+0000] {dag.py:4180} INFO - Setting next_dagrun for example_task_group to None, run_after=None
[2025-01-19T04:30:05.898+0000] {processor.py:208} INFO - Processing /home/airflow/.local/lib/python3.12/site-packages/airflow/example_dags/example_task_group.py took 0.259 seconds
[2025-01-19T04:30:39.399+0000] {processor.py:186} INFO - Started process (PID=356) to work on /home/airflow/.local/lib/python3.12/site-packages/airflow/example_dags/example_task_group.py
[2025-01-19T04:30:39.403+0000] {processor.py:914} INFO - Processing file /home/airflow/.local/lib/python3.12/site-packages/airflow/example_dags/example_task_group.py for tasks to queue
[2025-01-19T04:30:39.409+0000] {logging_mixin.py:190} INFO - [2025-01-19T04:30:39.408+0000] {dagbag.py:588} INFO - Filling up the DagBag from /home/airflow/.local/lib/python3.12/site-packages/airflow/example_dags/example_task_group.py
[2025-01-19T04:30:39.441+0000] {processor.py:925} INFO - DAG(s) 'example_task_group' retrieved from /home/airflow/.local/lib/python3.12/site-packages/airflow/example_dags/example_task_group.py
[2025-01-19T04:30:39.524+0000] {logging_mixin.py:190} INFO - [2025-01-19T04:30:39.523+0000] {dag.py:3239} INFO - Sync 1 DAGs
[2025-01-19T04:30:39.584+0000] {logging_mixin.py:190} INFO - [2025-01-19T04:30:39.577+0000] {dag.py:4180} INFO - Setting next_dagrun for example_task_group to None, run_after=None
[2025-01-19T04:30:39.667+0000] {processor.py:208} INFO - Processing /home/airflow/.local/lib/python3.12/site-packages/airflow/example_dags/example_task_group.py took 0.287 seconds
[2025-01-19T04:31:17.690+0000] {processor.py:186} INFO - Started process (PID=424) to work on /home/airflow/.local/lib/python3.12/site-packages/airflow/example_dags/example_task_group.py
[2025-01-19T04:31:17.693+0000] {processor.py:914} INFO - Processing file /home/airflow/.local/lib/python3.12/site-packages/airflow/example_dags/example_task_group.py for tasks to queue
[2025-01-19T04:31:17.704+0000] {logging_mixin.py:190} INFO - [2025-01-19T04:31:17.703+0000] {dagbag.py:588} INFO - Filling up the DagBag from /home/airflow/.local/lib/python3.12/site-packages/airflow/example_dags/example_task_group.py
[2025-01-19T04:31:17.734+0000] {processor.py:925} INFO - DAG(s) 'example_task_group' retrieved from /home/airflow/.local/lib/python3.12/site-packages/airflow/example_dags/example_task_group.py
[2025-01-19T04:31:17.868+0000] {logging_mixin.py:190} INFO - [2025-01-19T04:31:17.867+0000] {dag.py:3239} INFO - Sync 1 DAGs
[2025-01-19T04:31:17.961+0000] {logging_mixin.py:190} INFO - [2025-01-19T04:31:17.956+0000] {dag.py:4180} INFO - Setting next_dagrun for example_task_group to None, run_after=None
[2025-01-19T04:31:18.030+0000] {processor.py:208} INFO - Processing /home/airflow/.local/lib/python3.12/site-packages/airflow/example_dags/example_task_group.py took 0.358 seconds
[2025-01-19T04:31:54.379+0000] {processor.py:186} INFO - Started process (PID=487) to work on /home/airflow/.local/lib/python3.12/site-packages/airflow/example_dags/example_task_group.py
[2025-01-19T04:31:54.385+0000] {processor.py:914} INFO - Processing file /home/airflow/.local/lib/python3.12/site-packages/airflow/example_dags/example_task_group.py for tasks to queue
[2025-01-19T04:31:54.392+0000] {logging_mixin.py:190} INFO - [2025-01-19T04:31:54.391+0000] {dagbag.py:588} INFO - Filling up the DagBag from /home/airflow/.local/lib/python3.12/site-packages/airflow/example_dags/example_task_group.py
[2025-01-19T04:31:54.437+0000] {processor.py:925} INFO - DAG(s) 'example_task_group' retrieved from /home/airflow/.local/lib/python3.12/site-packages/airflow/example_dags/example_task_group.py
[2025-01-19T04:31:54.498+0000] {logging_mixin.py:190} INFO - [2025-01-19T04:31:54.498+0000] {dag.py:3239} INFO - Sync 1 DAGs
[2025-01-19T04:31:54.558+0000] {logging_mixin.py:190} INFO - [2025-01-19T04:31:54.557+0000] {dag.py:4180} INFO - Setting next_dagrun for example_task_group to None, run_after=None
[2025-01-19T04:31:54.630+0000] {processor.py:208} INFO - Processing /home/airflow/.local/lib/python3.12/site-packages/airflow/example_dags/example_task_group.py took 0.275 seconds
[2025-01-19T04:32:25.832+0000] {processor.py:186} INFO - Started process (PID=551) to work on /home/airflow/.local/lib/python3.12/site-packages/airflow/example_dags/example_task_group.py
[2025-01-19T04:32:25.835+0000] {processor.py:914} INFO - Processing file /home/airflow/.local/lib/python3.12/site-packages/airflow/example_dags/example_task_group.py for tasks to queue
[2025-01-19T04:32:25.845+0000] {logging_mixin.py:190} INFO - [2025-01-19T04:32:25.844+0000] {dagbag.py:588} INFO - Filling up the DagBag from /home/airflow/.local/lib/python3.12/site-packages/airflow/example_dags/example_task_group.py
[2025-01-19T04:32:25.872+0000] {processor.py:925} INFO - DAG(s) 'example_task_group' retrieved from /home/airflow/.local/lib/python3.12/site-packages/airflow/example_dags/example_task_group.py
[2025-01-19T04:32:25.957+0000] {logging_mixin.py:190} INFO - [2025-01-19T04:32:25.956+0000] {dag.py:3239} INFO - Sync 1 DAGs
[2025-01-19T04:32:25.999+0000] {logging_mixin.py:190} INFO - [2025-01-19T04:32:25.999+0000] {dag.py:4180} INFO - Setting next_dagrun for example_task_group to None, run_after=None
[2025-01-19T04:32:26.052+0000] {processor.py:208} INFO - Processing /home/airflow/.local/lib/python3.12/site-packages/airflow/example_dags/example_task_group.py took 0.243 seconds
[2025-01-19T04:32:59.194+0000] {processor.py:186} INFO - Started process (PID=613) to work on /home/airflow/.local/lib/python3.12/site-packages/airflow/example_dags/example_task_group.py
[2025-01-19T04:32:59.196+0000] {processor.py:914} INFO - Processing file /home/airflow/.local/lib/python3.12/site-packages/airflow/example_dags/example_task_group.py for tasks to queue
[2025-01-19T04:32:59.201+0000] {logging_mixin.py:190} INFO - [2025-01-19T04:32:59.201+0000] {dagbag.py:588} INFO - Filling up the DagBag from /home/airflow/.local/lib/python3.12/site-packages/airflow/example_dags/example_task_group.py
[2025-01-19T04:32:59.231+0000] {processor.py:925} INFO - DAG(s) 'example_task_group' retrieved from /home/airflow/.local/lib/python3.12/site-packages/airflow/example_dags/example_task_group.py
[2025-01-19T04:32:59.305+0000] {logging_mixin.py:190} INFO - [2025-01-19T04:32:59.304+0000] {dag.py:3239} INFO - Sync 1 DAGs
[2025-01-19T04:32:59.370+0000] {logging_mixin.py:190} INFO - [2025-01-19T04:32:59.369+0000] {dag.py:4180} INFO - Setting next_dagrun for example_task_group to None, run_after=None
[2025-01-19T04:32:59.417+0000] {processor.py:208} INFO - Processing /home/airflow/.local/lib/python3.12/site-packages/airflow/example_dags/example_task_group.py took 0.239 seconds
[2025-01-19T04:33:30.226+0000] {processor.py:186} INFO - Started process (PID=676) to work on /home/airflow/.local/lib/python3.12/site-packages/airflow/example_dags/example_task_group.py
[2025-01-19T04:33:30.228+0000] {processor.py:914} INFO - Processing file /home/airflow/.local/lib/python3.12/site-packages/airflow/example_dags/example_task_group.py for tasks to queue
[2025-01-19T04:33:30.233+0000] {logging_mixin.py:190} INFO - [2025-01-19T04:33:30.232+0000] {dagbag.py:588} INFO - Filling up the DagBag from /home/airflow/.local/lib/python3.12/site-packages/airflow/example_dags/example_task_group.py
[2025-01-19T04:33:30.254+0000] {processor.py:925} INFO - DAG(s) 'example_task_group' retrieved from /home/airflow/.local/lib/python3.12/site-packages/airflow/example_dags/example_task_group.py
[2025-01-19T04:33:30.307+0000] {logging_mixin.py:190} INFO - [2025-01-19T04:33:30.306+0000] {dag.py:3239} INFO - Sync 1 DAGs
[2025-01-19T04:33:30.346+0000] {logging_mixin.py:190} INFO - [2025-01-19T04:33:30.345+0000] {dag.py:4180} INFO - Setting next_dagrun for example_task_group to None, run_after=None
[2025-01-19T04:33:30.390+0000] {processor.py:208} INFO - Processing /home/airflow/.local/lib/python3.12/site-packages/airflow/example_dags/example_task_group.py took 0.177 seconds
[2025-01-19T04:34:00.561+0000] {processor.py:186} INFO - Started process (PID=738) to work on /home/airflow/.local/lib/python3.12/site-packages/airflow/example_dags/example_task_group.py
[2025-01-19T04:34:00.563+0000] {processor.py:914} INFO - Processing file /home/airflow/.local/lib/python3.12/site-packages/airflow/example_dags/example_task_group.py for tasks to queue
[2025-01-19T04:34:00.569+0000] {logging_mixin.py:190} INFO - [2025-01-19T04:34:00.568+0000] {dagbag.py:588} INFO - Filling up the DagBag from /home/airflow/.local/lib/python3.12/site-packages/airflow/example_dags/example_task_group.py
[2025-01-19T04:34:00.588+0000] {processor.py:925} INFO - DAG(s) 'example_task_group' retrieved from /home/airflow/.local/lib/python3.12/site-packages/airflow/example_dags/example_task_group.py
[2025-01-19T04:34:00.632+0000] {logging_mixin.py:190} INFO - [2025-01-19T04:34:00.632+0000] {dag.py:3239} INFO - Sync 1 DAGs
[2025-01-19T04:34:00.661+0000] {logging_mixin.py:190} INFO - [2025-01-19T04:34:00.660+0000] {dag.py:4180} INFO - Setting next_dagrun for example_task_group to None, run_after=None
[2025-01-19T04:34:00.702+0000] {processor.py:208} INFO - Processing /home/airflow/.local/lib/python3.12/site-packages/airflow/example_dags/example_task_group.py took 0.152 seconds
[2025-01-19T04:34:31.376+0000] {processor.py:186} INFO - Started process (PID=801) to work on /home/airflow/.local/lib/python3.12/site-packages/airflow/example_dags/example_task_group.py
[2025-01-19T04:34:31.386+0000] {processor.py:914} INFO - Processing file /home/airflow/.local/lib/python3.12/site-packages/airflow/example_dags/example_task_group.py for tasks to queue
[2025-01-19T04:34:31.392+0000] {logging_mixin.py:190} INFO - [2025-01-19T04:34:31.391+0000] {dagbag.py:588} INFO - Filling up the DagBag from /home/airflow/.local/lib/python3.12/site-packages/airflow/example_dags/example_task_group.py
[2025-01-19T04:34:31.417+0000] {processor.py:925} INFO - DAG(s) 'example_task_group' retrieved from /home/airflow/.local/lib/python3.12/site-packages/airflow/example_dags/example_task_group.py
[2025-01-19T04:34:31.481+0000] {logging_mixin.py:190} INFO - [2025-01-19T04:34:31.480+0000] {dag.py:3239} INFO - Sync 1 DAGs
[2025-01-19T04:34:31.540+0000] {logging_mixin.py:190} INFO - [2025-01-19T04:34:31.540+0000] {dag.py:4180} INFO - Setting next_dagrun for example_task_group to None, run_after=None
[2025-01-19T04:34:31.637+0000] {processor.py:208} INFO - Processing /home/airflow/.local/lib/python3.12/site-packages/airflow/example_dags/example_task_group.py took 0.279 seconds
[2025-01-19T04:35:02.582+0000] {processor.py:186} INFO - Started process (PID=864) to work on /home/airflow/.local/lib/python3.12/site-packages/airflow/example_dags/example_task_group.py
[2025-01-19T04:35:02.586+0000] {processor.py:914} INFO - Processing file /home/airflow/.local/lib/python3.12/site-packages/airflow/example_dags/example_task_group.py for tasks to queue
[2025-01-19T04:35:02.603+0000] {logging_mixin.py:190} INFO - [2025-01-19T04:35:02.602+0000] {dagbag.py:588} INFO - Filling up the DagBag from /home/airflow/.local/lib/python3.12/site-packages/airflow/example_dags/example_task_group.py
[2025-01-19T04:35:02.688+0000] {processor.py:925} INFO - DAG(s) 'example_task_group' retrieved from /home/airflow/.local/lib/python3.12/site-packages/airflow/example_dags/example_task_group.py
[2025-01-19T04:35:02.808+0000] {logging_mixin.py:190} INFO - [2025-01-19T04:35:02.807+0000] {dag.py:3239} INFO - Sync 1 DAGs
[2025-01-19T04:35:02.915+0000] {logging_mixin.py:190} INFO - [2025-01-19T04:35:02.914+0000] {dag.py:4180} INFO - Setting next_dagrun for example_task_group to None, run_after=None
[2025-01-19T04:35:03.049+0000] {processor.py:208} INFO - Processing /home/airflow/.local/lib/python3.12/site-packages/airflow/example_dags/example_task_group.py took 0.503 seconds
[2025-01-19T04:35:38.337+0000] {processor.py:186} INFO - Started process (PID=928) to work on /home/airflow/.local/lib/python3.12/site-packages/airflow/example_dags/example_task_group.py
[2025-01-19T04:35:38.351+0000] {processor.py:914} INFO - Processing file /home/airflow/.local/lib/python3.12/site-packages/airflow/example_dags/example_task_group.py for tasks to queue
[2025-01-19T04:35:38.366+0000] {logging_mixin.py:190} INFO - [2025-01-19T04:35:38.365+0000] {dagbag.py:588} INFO - Filling up the DagBag from /home/airflow/.local/lib/python3.12/site-packages/airflow/example_dags/example_task_group.py
[2025-01-19T04:35:38.400+0000] {processor.py:925} INFO - DAG(s) 'example_task_group' retrieved from /home/airflow/.local/lib/python3.12/site-packages/airflow/example_dags/example_task_group.py
[2025-01-19T04:35:38.467+0000] {logging_mixin.py:190} INFO - [2025-01-19T04:35:38.467+0000] {dag.py:3239} INFO - Sync 1 DAGs
[2025-01-19T04:35:38.530+0000] {logging_mixin.py:190} INFO - [2025-01-19T04:35:38.529+0000] {dag.py:4180} INFO - Setting next_dagrun for example_task_group to None, run_after=None
[2025-01-19T04:35:38.622+0000] {processor.py:208} INFO - Processing /home/airflow/.local/lib/python3.12/site-packages/airflow/example_dags/example_task_group.py took 0.309 seconds
[2025-01-19T04:36:08.963+0000] {processor.py:186} INFO - Started process (PID=991) to work on /home/airflow/.local/lib/python3.12/site-packages/airflow/example_dags/example_task_group.py
[2025-01-19T04:36:09.002+0000] {processor.py:914} INFO - Processing file /home/airflow/.local/lib/python3.12/site-packages/airflow/example_dags/example_task_group.py for tasks to queue
[2025-01-19T04:36:09.009+0000] {logging_mixin.py:190} INFO - [2025-01-19T04:36:09.008+0000] {dagbag.py:588} INFO - Filling up the DagBag from /home/airflow/.local/lib/python3.12/site-packages/airflow/example_dags/example_task_group.py
[2025-01-19T04:36:09.038+0000] {processor.py:925} INFO - DAG(s) 'example_task_group' retrieved from /home/airflow/.local/lib/python3.12/site-packages/airflow/example_dags/example_task_group.py
[2025-01-19T04:36:09.094+0000] {logging_mixin.py:190} INFO - [2025-01-19T04:36:09.093+0000] {dag.py:3239} INFO - Sync 1 DAGs
[2025-01-19T04:36:09.144+0000] {logging_mixin.py:190} INFO - [2025-01-19T04:36:09.143+0000] {dag.py:4180} INFO - Setting next_dagrun for example_task_group to None, run_after=None
[2025-01-19T04:36:09.216+0000] {processor.py:208} INFO - Processing /home/airflow/.local/lib/python3.12/site-packages/airflow/example_dags/example_task_group.py took 0.278 seconds
[2025-01-19T04:36:39.478+0000] {processor.py:186} INFO - Started process (PID=1054) to work on /home/airflow/.local/lib/python3.12/site-packages/airflow/example_dags/example_task_group.py
[2025-01-19T04:36:39.481+0000] {processor.py:914} INFO - Processing file /home/airflow/.local/lib/python3.12/site-packages/airflow/example_dags/example_task_group.py for tasks to queue
[2025-01-19T04:36:39.486+0000] {logging_mixin.py:190} INFO - [2025-01-19T04:36:39.485+0000] {dagbag.py:588} INFO - Filling up the DagBag from /home/airflow/.local/lib/python3.12/site-packages/airflow/example_dags/example_task_group.py
[2025-01-19T04:36:39.503+0000] {processor.py:925} INFO - DAG(s) 'example_task_group' retrieved from /home/airflow/.local/lib/python3.12/site-packages/airflow/example_dags/example_task_group.py
[2025-01-19T04:36:39.557+0000] {logging_mixin.py:190} INFO - [2025-01-19T04:36:39.557+0000] {dag.py:3239} INFO - Sync 1 DAGs
[2025-01-19T04:36:39.618+0000] {logging_mixin.py:190} INFO - [2025-01-19T04:36:39.618+0000] {dag.py:4180} INFO - Setting next_dagrun for example_task_group to None, run_after=None
[2025-01-19T04:36:39.742+0000] {processor.py:208} INFO - Processing /home/airflow/.local/lib/python3.12/site-packages/airflow/example_dags/example_task_group.py took 0.277 seconds
[2025-01-19T04:41:05.271+0000] {processor.py:186} INFO - Started process (PID=1072) to work on /home/airflow/.local/lib/python3.12/site-packages/airflow/example_dags/example_task_group.py
[2025-01-19T04:41:05.281+0000] {processor.py:914} INFO - Processing file /home/airflow/.local/lib/python3.12/site-packages/airflow/example_dags/example_task_group.py for tasks to queue
[2025-01-19T04:41:05.284+0000] {logging_mixin.py:190} INFO - [2025-01-19T04:41:05.283+0000] {dagbag.py:588} INFO - Filling up the DagBag from /home/airflow/.local/lib/python3.12/site-packages/airflow/example_dags/example_task_group.py
[2025-01-19T04:41:05.337+0000] {processor.py:925} INFO - DAG(s) 'example_task_group' retrieved from /home/airflow/.local/lib/python3.12/site-packages/airflow/example_dags/example_task_group.py
[2025-01-19T04:41:05.465+0000] {logging_mixin.py:190} INFO - [2025-01-19T04:41:05.464+0000] {dag.py:3239} INFO - Sync 1 DAGs
[2025-01-19T04:41:05.550+0000] {logging_mixin.py:190} INFO - [2025-01-19T04:41:05.549+0000] {dag.py:4180} INFO - Setting next_dagrun for example_task_group to None, run_after=None
[2025-01-19T04:41:05.641+0000] {processor.py:208} INFO - Processing /home/airflow/.local/lib/python3.12/site-packages/airflow/example_dags/example_task_group.py took 0.392 seconds
[2025-01-19T04:41:42.792+0000] {processor.py:186} INFO - Started process (PID=1131) to work on /home/airflow/.local/lib/python3.12/site-packages/airflow/example_dags/example_task_group.py
[2025-01-19T04:41:42.795+0000] {processor.py:914} INFO - Processing file /home/airflow/.local/lib/python3.12/site-packages/airflow/example_dags/example_task_group.py for tasks to queue
[2025-01-19T04:41:42.799+0000] {logging_mixin.py:190} INFO - [2025-01-19T04:41:42.798+0000] {dagbag.py:588} INFO - Filling up the DagBag from /home/airflow/.local/lib/python3.12/site-packages/airflow/example_dags/example_task_group.py
[2025-01-19T04:41:42.831+0000] {processor.py:925} INFO - DAG(s) 'example_task_group' retrieved from /home/airflow/.local/lib/python3.12/site-packages/airflow/example_dags/example_task_group.py
[2025-01-19T04:41:42.908+0000] {logging_mixin.py:190} INFO - [2025-01-19T04:41:42.907+0000] {dag.py:3239} INFO - Sync 1 DAGs
[2025-01-19T04:41:42.959+0000] {logging_mixin.py:190} INFO - [2025-01-19T04:41:42.958+0000] {dag.py:4180} INFO - Setting next_dagrun for example_task_group to None, run_after=None
[2025-01-19T04:41:43.029+0000] {processor.py:208} INFO - Processing /home/airflow/.local/lib/python3.12/site-packages/airflow/example_dags/example_task_group.py took 0.257 seconds
