[2025-01-19T04:12:55.542+0000] {processor.py:186} INFO - Started process (PID=452) to work on /home/airflow/.local/lib/python3.12/site-packages/airflow/example_dags/tutorial.py
[2025-01-19T04:12:55.545+0000] {processor.py:914} INFO - Processing file /home/airflow/.local/lib/python3.12/site-packages/airflow/example_dags/tutorial.py for tasks to queue
[2025-01-19T04:12:55.552+0000] {logging_mixin.py:190} INFO - [2025-01-19T04:12:55.551+0000] {dagbag.py:588} INFO - Filling up the DagBag from /home/airflow/.local/lib/python3.12/site-packages/airflow/example_dags/tutorial.py
[2025-01-19T04:12:55.582+0000] {processor.py:925} INFO - DAG(s) 'tutorial' retrieved from /home/airflow/.local/lib/python3.12/site-packages/airflow/example_dags/tutorial.py
[2025-01-19T04:12:55.642+0000] {logging_mixin.py:190} INFO - [2025-01-19T04:12:55.641+0000] {dag.py:3239} INFO - Sync 1 DAGs
[2025-01-19T04:12:55.729+0000] {logging_mixin.py:190} INFO - [2025-01-19T04:12:55.725+0000] {dag.py:4180} INFO - Setting next_dagrun for tutorial to 2025-01-18 00:00:00+00:00, run_after=2025-01-19 00:00:00+00:00
[2025-01-19T04:12:55.795+0000] {processor.py:208} INFO - Processing /home/airflow/.local/lib/python3.12/site-packages/airflow/example_dags/tutorial.py took 0.269 seconds
[2025-01-19T04:13:28.675+0000] {processor.py:186} INFO - Started process (PID=514) to work on /home/airflow/.local/lib/python3.12/site-packages/airflow/example_dags/tutorial.py
[2025-01-19T04:13:28.680+0000] {processor.py:914} INFO - Processing file /home/airflow/.local/lib/python3.12/site-packages/airflow/example_dags/tutorial.py for tasks to queue
[2025-01-19T04:13:28.687+0000] {logging_mixin.py:190} INFO - [2025-01-19T04:13:28.686+0000] {dagbag.py:588} INFO - Filling up the DagBag from /home/airflow/.local/lib/python3.12/site-packages/airflow/example_dags/tutorial.py
[2025-01-19T04:13:28.708+0000] {processor.py:925} INFO - DAG(s) 'tutorial' retrieved from /home/airflow/.local/lib/python3.12/site-packages/airflow/example_dags/tutorial.py
[2025-01-19T04:13:28.755+0000] {logging_mixin.py:190} INFO - [2025-01-19T04:13:28.754+0000] {dag.py:3239} INFO - Sync 1 DAGs
[2025-01-19T04:13:28.835+0000] {logging_mixin.py:190} INFO - [2025-01-19T04:13:28.835+0000] {dag.py:4180} INFO - Setting next_dagrun for tutorial to 2025-01-18 00:00:00+00:00, run_after=2025-01-19 00:00:00+00:00
[2025-01-19T04:13:28.899+0000] {processor.py:208} INFO - Processing /home/airflow/.local/lib/python3.12/site-packages/airflow/example_dags/tutorial.py took 0.238 seconds
[2025-01-19T04:14:03.337+0000] {processor.py:186} INFO - Started process (PID=568) to work on /home/airflow/.local/lib/python3.12/site-packages/airflow/example_dags/tutorial.py
[2025-01-19T04:14:03.343+0000] {processor.py:914} INFO - Processing file /home/airflow/.local/lib/python3.12/site-packages/airflow/example_dags/tutorial.py for tasks to queue
[2025-01-19T04:14:03.354+0000] {logging_mixin.py:190} INFO - [2025-01-19T04:14:03.353+0000] {dagbag.py:588} INFO - Filling up the DagBag from /home/airflow/.local/lib/python3.12/site-packages/airflow/example_dags/tutorial.py
[2025-01-19T04:14:03.396+0000] {processor.py:925} INFO - DAG(s) 'tutorial' retrieved from /home/airflow/.local/lib/python3.12/site-packages/airflow/example_dags/tutorial.py
[2025-01-19T04:14:03.486+0000] {logging_mixin.py:190} INFO - [2025-01-19T04:14:03.485+0000] {dag.py:3239} INFO - Sync 1 DAGs
[2025-01-19T04:14:03.679+0000] {logging_mixin.py:190} INFO - [2025-01-19T04:14:03.678+0000] {dag.py:4180} INFO - Setting next_dagrun for tutorial to 2025-01-18 00:00:00+00:00, run_after=2025-01-19 00:00:00+00:00
[2025-01-19T04:14:03.795+0000] {processor.py:208} INFO - Processing /home/airflow/.local/lib/python3.12/site-packages/airflow/example_dags/tutorial.py took 0.481 seconds
[2025-01-19T04:15:17.600+0000] {processor.py:186} INFO - Started process (PID=633) to work on /home/airflow/.local/lib/python3.12/site-packages/airflow/example_dags/tutorial.py
[2025-01-19T04:15:17.602+0000] {processor.py:914} INFO - Processing file /home/airflow/.local/lib/python3.12/site-packages/airflow/example_dags/tutorial.py for tasks to queue
[2025-01-19T04:15:17.606+0000] {logging_mixin.py:190} INFO - [2025-01-19T04:15:17.606+0000] {dagbag.py:588} INFO - Filling up the DagBag from /home/airflow/.local/lib/python3.12/site-packages/airflow/example_dags/tutorial.py
[2025-01-19T04:15:17.624+0000] {processor.py:925} INFO - DAG(s) 'tutorial' retrieved from /home/airflow/.local/lib/python3.12/site-packages/airflow/example_dags/tutorial.py
[2025-01-19T04:15:17.668+0000] {logging_mixin.py:190} INFO - [2025-01-19T04:15:17.667+0000] {dag.py:3239} INFO - Sync 1 DAGs
[2025-01-19T04:15:17.739+0000] {logging_mixin.py:190} INFO - [2025-01-19T04:15:17.738+0000] {dag.py:4180} INFO - Setting next_dagrun for tutorial to 2025-01-18 00:00:00+00:00, run_after=2025-01-19 00:00:00+00:00
[2025-01-19T04:15:17.788+0000] {processor.py:208} INFO - Processing /home/airflow/.local/lib/python3.12/site-packages/airflow/example_dags/tutorial.py took 0.201 seconds
[2025-01-19T04:18:17.884+0000] {processor.py:186} INFO - Started process (PID=690) to work on /home/airflow/.local/lib/python3.12/site-packages/airflow/example_dags/tutorial.py
[2025-01-19T04:18:17.902+0000] {processor.py:914} INFO - Processing file /home/airflow/.local/lib/python3.12/site-packages/airflow/example_dags/tutorial.py for tasks to queue
[2025-01-19T04:18:17.926+0000] {logging_mixin.py:190} INFO - [2025-01-19T04:18:17.925+0000] {dagbag.py:588} INFO - Filling up the DagBag from /home/airflow/.local/lib/python3.12/site-packages/airflow/example_dags/tutorial.py
[2025-01-19T04:18:17.980+0000] {processor.py:925} INFO - DAG(s) 'tutorial' retrieved from /home/airflow/.local/lib/python3.12/site-packages/airflow/example_dags/tutorial.py
[2025-01-19T04:18:18.085+0000] {logging_mixin.py:190} INFO - [2025-01-19T04:18:18.085+0000] {dag.py:3239} INFO - Sync 1 DAGs
[2025-01-19T04:18:18.251+0000] {logging_mixin.py:190} INFO - [2025-01-19T04:18:18.250+0000] {dag.py:4180} INFO - Setting next_dagrun for tutorial to 2025-01-18 00:00:00+00:00, run_after=2025-01-19 00:00:00+00:00
[2025-01-19T04:18:18.397+0000] {processor.py:208} INFO - Processing /home/airflow/.local/lib/python3.12/site-packages/airflow/example_dags/tutorial.py took 0.539 seconds
[2025-01-19T04:18:53.814+0000] {processor.py:186} INFO - Started process (PID=753) to work on /home/airflow/.local/lib/python3.12/site-packages/airflow/example_dags/tutorial.py
[2025-01-19T04:18:53.842+0000] {processor.py:914} INFO - Processing file /home/airflow/.local/lib/python3.12/site-packages/airflow/example_dags/tutorial.py for tasks to queue
[2025-01-19T04:18:53.846+0000] {logging_mixin.py:190} INFO - [2025-01-19T04:18:53.845+0000] {dagbag.py:588} INFO - Filling up the DagBag from /home/airflow/.local/lib/python3.12/site-packages/airflow/example_dags/tutorial.py
[2025-01-19T04:18:53.886+0000] {processor.py:925} INFO - DAG(s) 'tutorial' retrieved from /home/airflow/.local/lib/python3.12/site-packages/airflow/example_dags/tutorial.py
[2025-01-19T04:18:53.947+0000] {logging_mixin.py:190} INFO - [2025-01-19T04:18:53.946+0000] {dag.py:3239} INFO - Sync 1 DAGs
[2025-01-19T04:18:54.038+0000] {logging_mixin.py:190} INFO - [2025-01-19T04:18:54.038+0000] {dag.py:4180} INFO - Setting next_dagrun for tutorial to 2025-01-18 00:00:00+00:00, run_after=2025-01-19 00:00:00+00:00
[2025-01-19T04:18:54.103+0000] {processor.py:208} INFO - Processing /home/airflow/.local/lib/python3.12/site-packages/airflow/example_dags/tutorial.py took 0.311 seconds
[2025-01-19T04:19:24.980+0000] {processor.py:186} INFO - Started process (PID=816) to work on /home/airflow/.local/lib/python3.12/site-packages/airflow/example_dags/tutorial.py
[2025-01-19T04:19:24.982+0000] {processor.py:914} INFO - Processing file /home/airflow/.local/lib/python3.12/site-packages/airflow/example_dags/tutorial.py for tasks to queue
[2025-01-19T04:19:24.986+0000] {logging_mixin.py:190} INFO - [2025-01-19T04:19:24.986+0000] {dagbag.py:588} INFO - Filling up the DagBag from /home/airflow/.local/lib/python3.12/site-packages/airflow/example_dags/tutorial.py
[2025-01-19T04:19:25.032+0000] {processor.py:925} INFO - DAG(s) 'tutorial' retrieved from /home/airflow/.local/lib/python3.12/site-packages/airflow/example_dags/tutorial.py
[2025-01-19T04:19:25.120+0000] {logging_mixin.py:190} INFO - [2025-01-19T04:19:25.119+0000] {dag.py:3239} INFO - Sync 1 DAGs
[2025-01-19T04:19:25.197+0000] {logging_mixin.py:190} INFO - [2025-01-19T04:19:25.196+0000] {dag.py:4180} INFO - Setting next_dagrun for tutorial to 2025-01-18 00:00:00+00:00, run_after=2025-01-19 00:00:00+00:00
[2025-01-19T04:19:25.269+0000] {processor.py:208} INFO - Processing /home/airflow/.local/lib/python3.12/site-packages/airflow/example_dags/tutorial.py took 0.310 seconds
[2025-01-19T04:19:55.747+0000] {processor.py:186} INFO - Started process (PID=879) to work on /home/airflow/.local/lib/python3.12/site-packages/airflow/example_dags/tutorial.py
[2025-01-19T04:19:55.749+0000] {processor.py:914} INFO - Processing file /home/airflow/.local/lib/python3.12/site-packages/airflow/example_dags/tutorial.py for tasks to queue
[2025-01-19T04:19:55.752+0000] {logging_mixin.py:190} INFO - [2025-01-19T04:19:55.752+0000] {dagbag.py:588} INFO - Filling up the DagBag from /home/airflow/.local/lib/python3.12/site-packages/airflow/example_dags/tutorial.py
[2025-01-19T04:19:55.770+0000] {processor.py:925} INFO - DAG(s) 'tutorial' retrieved from /home/airflow/.local/lib/python3.12/site-packages/airflow/example_dags/tutorial.py
[2025-01-19T04:19:55.810+0000] {logging_mixin.py:190} INFO - [2025-01-19T04:19:55.809+0000] {dag.py:3239} INFO - Sync 1 DAGs
[2025-01-19T04:19:55.866+0000] {logging_mixin.py:190} INFO - [2025-01-19T04:19:55.865+0000] {dag.py:4180} INFO - Setting next_dagrun for tutorial to 2025-01-18 00:00:00+00:00, run_after=2025-01-19 00:00:00+00:00
[2025-01-19T04:19:55.915+0000] {processor.py:208} INFO - Processing /home/airflow/.local/lib/python3.12/site-packages/airflow/example_dags/tutorial.py took 0.182 seconds
[2025-01-19T04:20:26.106+0000] {processor.py:186} INFO - Started process (PID=942) to work on /home/airflow/.local/lib/python3.12/site-packages/airflow/example_dags/tutorial.py
[2025-01-19T04:20:26.108+0000] {processor.py:914} INFO - Processing file /home/airflow/.local/lib/python3.12/site-packages/airflow/example_dags/tutorial.py for tasks to queue
[2025-01-19T04:20:26.112+0000] {logging_mixin.py:190} INFO - [2025-01-19T04:20:26.111+0000] {dagbag.py:588} INFO - Filling up the DagBag from /home/airflow/.local/lib/python3.12/site-packages/airflow/example_dags/tutorial.py
[2025-01-19T04:20:26.128+0000] {processor.py:925} INFO - DAG(s) 'tutorial' retrieved from /home/airflow/.local/lib/python3.12/site-packages/airflow/example_dags/tutorial.py
[2025-01-19T04:20:26.172+0000] {logging_mixin.py:190} INFO - [2025-01-19T04:20:26.172+0000] {dag.py:3239} INFO - Sync 1 DAGs
[2025-01-19T04:20:26.220+0000] {logging_mixin.py:190} INFO - [2025-01-19T04:20:26.219+0000] {dag.py:4180} INFO - Setting next_dagrun for tutorial to 2025-01-18 00:00:00+00:00, run_after=2025-01-19 00:00:00+00:00
[2025-01-19T04:20:26.262+0000] {processor.py:208} INFO - Processing /home/airflow/.local/lib/python3.12/site-packages/airflow/example_dags/tutorial.py took 0.168 seconds
[2025-01-19T04:21:23.185+0000] {processor.py:186} INFO - Started process (PID=1012) to work on /home/airflow/.local/lib/python3.12/site-packages/airflow/example_dags/tutorial.py
[2025-01-19T04:21:23.187+0000] {processor.py:914} INFO - Processing file /home/airflow/.local/lib/python3.12/site-packages/airflow/example_dags/tutorial.py for tasks to queue
[2025-01-19T04:21:23.191+0000] {logging_mixin.py:190} INFO - [2025-01-19T04:21:23.190+0000] {dagbag.py:588} INFO - Filling up the DagBag from /home/airflow/.local/lib/python3.12/site-packages/airflow/example_dags/tutorial.py
[2025-01-19T04:21:23.216+0000] {processor.py:925} INFO - DAG(s) 'tutorial' retrieved from /home/airflow/.local/lib/python3.12/site-packages/airflow/example_dags/tutorial.py
[2025-01-19T04:21:23.279+0000] {logging_mixin.py:190} INFO - [2025-01-19T04:21:23.278+0000] {dag.py:3239} INFO - Sync 1 DAGs
[2025-01-19T04:21:23.366+0000] {logging_mixin.py:190} INFO - [2025-01-19T04:21:23.365+0000] {dag.py:4180} INFO - Setting next_dagrun for tutorial to 2025-01-18 00:00:00+00:00, run_after=2025-01-19 00:00:00+00:00
[2025-01-19T04:21:23.435+0000] {processor.py:208} INFO - Processing /home/airflow/.local/lib/python3.12/site-packages/airflow/example_dags/tutorial.py took 0.266 seconds
[2025-01-19T04:27:29.152+0000] {processor.py:186} INFO - Started process (PID=67) to work on /home/airflow/.local/lib/python3.12/site-packages/airflow/example_dags/tutorial.py
[2025-01-19T04:27:29.155+0000] {processor.py:914} INFO - Processing file /home/airflow/.local/lib/python3.12/site-packages/airflow/example_dags/tutorial.py for tasks to queue
[2025-01-19T04:27:29.161+0000] {logging_mixin.py:190} INFO - [2025-01-19T04:27:29.160+0000] {dagbag.py:588} INFO - Filling up the DagBag from /home/airflow/.local/lib/python3.12/site-packages/airflow/example_dags/tutorial.py
[2025-01-19T04:27:29.193+0000] {processor.py:925} INFO - DAG(s) 'tutorial' retrieved from /home/airflow/.local/lib/python3.12/site-packages/airflow/example_dags/tutorial.py
[2025-01-19T04:27:29.521+0000] {logging_mixin.py:190} INFO - [2025-01-19T04:27:29.520+0000] {override.py:1911} INFO - Created Permission View: can delete on DAG:tutorial
[2025-01-19T04:27:29.546+0000] {logging_mixin.py:190} INFO - [2025-01-19T04:27:29.545+0000] {override.py:1911} INFO - Created Permission View: can edit on DAG:tutorial
[2025-01-19T04:27:29.580+0000] {logging_mixin.py:190} INFO - [2025-01-19T04:27:29.579+0000] {override.py:1911} INFO - Created Permission View: can read on DAG:tutorial
[2025-01-19T04:27:29.599+0000] {logging_mixin.py:190} INFO - [2025-01-19T04:27:29.598+0000] {override.py:1911} INFO - Created Permission View: can create on DAG Run:tutorial
[2025-01-19T04:27:29.617+0000] {logging_mixin.py:190} INFO - [2025-01-19T04:27:29.616+0000] {override.py:1911} INFO - Created Permission View: menu access on DAG Run:tutorial
[2025-01-19T04:27:29.634+0000] {logging_mixin.py:190} INFO - [2025-01-19T04:27:29.633+0000] {override.py:1911} INFO - Created Permission View: can delete on DAG Run:tutorial
[2025-01-19T04:27:29.652+0000] {logging_mixin.py:190} INFO - [2025-01-19T04:27:29.651+0000] {override.py:1911} INFO - Created Permission View: can read on DAG Run:tutorial
[2025-01-19T04:27:29.654+0000] {logging_mixin.py:190} INFO - [2025-01-19T04:27:29.653+0000] {dag.py:3239} INFO - Sync 1 DAGs
[2025-01-19T04:27:29.692+0000] {logging_mixin.py:190} INFO - [2025-01-19T04:27:29.692+0000] {dag.py:3262} INFO - Creating ORM DAG for tutorial
[2025-01-19T04:27:29.723+0000] {logging_mixin.py:190} INFO - [2025-01-19T04:27:29.722+0000] {dag.py:4180} INFO - Setting next_dagrun for tutorial to 2025-01-18 00:00:00+00:00, run_after=2025-01-19 00:00:00+00:00
[2025-01-19T04:27:29.768+0000] {processor.py:208} INFO - Processing /home/airflow/.local/lib/python3.12/site-packages/airflow/example_dags/tutorial.py took 0.636 seconds
[2025-01-19T04:28:25.578+0000] {processor.py:186} INFO - Started process (PID=136) to work on /home/airflow/.local/lib/python3.12/site-packages/airflow/example_dags/tutorial.py
[2025-01-19T04:28:25.581+0000] {processor.py:914} INFO - Processing file /home/airflow/.local/lib/python3.12/site-packages/airflow/example_dags/tutorial.py for tasks to queue
[2025-01-19T04:28:25.586+0000] {logging_mixin.py:190} INFO - [2025-01-19T04:28:25.586+0000] {dagbag.py:588} INFO - Filling up the DagBag from /home/airflow/.local/lib/python3.12/site-packages/airflow/example_dags/tutorial.py
[2025-01-19T04:28:25.606+0000] {processor.py:925} INFO - DAG(s) 'tutorial' retrieved from /home/airflow/.local/lib/python3.12/site-packages/airflow/example_dags/tutorial.py
[2025-01-19T04:28:25.677+0000] {logging_mixin.py:190} INFO - [2025-01-19T04:28:25.677+0000] {dag.py:3239} INFO - Sync 1 DAGs
[2025-01-19T04:28:25.748+0000] {logging_mixin.py:190} INFO - [2025-01-19T04:28:25.747+0000] {dag.py:4180} INFO - Setting next_dagrun for tutorial to 2025-01-18 00:00:00+00:00, run_after=2025-01-19 00:00:00+00:00
[2025-01-19T04:28:25.850+0000] {processor.py:208} INFO - Processing /home/airflow/.local/lib/python3.12/site-packages/airflow/example_dags/tutorial.py took 0.289 seconds
[2025-01-19T04:28:57.301+0000] {processor.py:186} INFO - Started process (PID=199) to work on /home/airflow/.local/lib/python3.12/site-packages/airflow/example_dags/tutorial.py
[2025-01-19T04:28:57.307+0000] {processor.py:914} INFO - Processing file /home/airflow/.local/lib/python3.12/site-packages/airflow/example_dags/tutorial.py for tasks to queue
[2025-01-19T04:28:57.322+0000] {logging_mixin.py:190} INFO - [2025-01-19T04:28:57.321+0000] {dagbag.py:588} INFO - Filling up the DagBag from /home/airflow/.local/lib/python3.12/site-packages/airflow/example_dags/tutorial.py
[2025-01-19T04:28:57.366+0000] {processor.py:925} INFO - DAG(s) 'tutorial' retrieved from /home/airflow/.local/lib/python3.12/site-packages/airflow/example_dags/tutorial.py
[2025-01-19T04:28:57.523+0000] {logging_mixin.py:190} INFO - [2025-01-19T04:28:57.523+0000] {dag.py:3239} INFO - Sync 1 DAGs
[2025-01-19T04:28:57.662+0000] {logging_mixin.py:190} INFO - [2025-01-19T04:28:57.662+0000] {dag.py:4180} INFO - Setting next_dagrun for tutorial to 2025-01-18 00:00:00+00:00, run_after=2025-01-19 00:00:00+00:00
[2025-01-19T04:28:57.736+0000] {processor.py:208} INFO - Processing /home/airflow/.local/lib/python3.12/site-packages/airflow/example_dags/tutorial.py took 0.465 seconds
[2025-01-19T04:29:28.343+0000] {processor.py:186} INFO - Started process (PID=262) to work on /home/airflow/.local/lib/python3.12/site-packages/airflow/example_dags/tutorial.py
[2025-01-19T04:29:28.346+0000] {processor.py:914} INFO - Processing file /home/airflow/.local/lib/python3.12/site-packages/airflow/example_dags/tutorial.py for tasks to queue
[2025-01-19T04:29:28.354+0000] {logging_mixin.py:190} INFO - [2025-01-19T04:29:28.353+0000] {dagbag.py:588} INFO - Filling up the DagBag from /home/airflow/.local/lib/python3.12/site-packages/airflow/example_dags/tutorial.py
[2025-01-19T04:29:28.378+0000] {processor.py:925} INFO - DAG(s) 'tutorial' retrieved from /home/airflow/.local/lib/python3.12/site-packages/airflow/example_dags/tutorial.py
[2025-01-19T04:29:28.437+0000] {logging_mixin.py:190} INFO - [2025-01-19T04:29:28.436+0000] {dag.py:3239} INFO - Sync 1 DAGs
[2025-01-19T04:29:28.549+0000] {logging_mixin.py:190} INFO - [2025-01-19T04:29:28.548+0000] {dag.py:4180} INFO - Setting next_dagrun for tutorial to 2025-01-18 00:00:00+00:00, run_after=2025-01-19 00:00:00+00:00
[2025-01-19T04:29:28.612+0000] {processor.py:208} INFO - Processing /home/airflow/.local/lib/python3.12/site-packages/airflow/example_dags/tutorial.py took 0.292 seconds
[2025-01-19T04:30:07.207+0000] {processor.py:186} INFO - Started process (PID=302) to work on /home/airflow/.local/lib/python3.12/site-packages/airflow/example_dags/tutorial.py
[2025-01-19T04:30:07.215+0000] {processor.py:914} INFO - Processing file /home/airflow/.local/lib/python3.12/site-packages/airflow/example_dags/tutorial.py for tasks to queue
[2025-01-19T04:30:07.222+0000] {logging_mixin.py:190} INFO - [2025-01-19T04:30:07.221+0000] {dagbag.py:588} INFO - Filling up the DagBag from /home/airflow/.local/lib/python3.12/site-packages/airflow/example_dags/tutorial.py
[2025-01-19T04:30:07.252+0000] {processor.py:925} INFO - DAG(s) 'tutorial' retrieved from /home/airflow/.local/lib/python3.12/site-packages/airflow/example_dags/tutorial.py
[2025-01-19T04:30:07.306+0000] {logging_mixin.py:190} INFO - [2025-01-19T04:30:07.305+0000] {dag.py:3239} INFO - Sync 1 DAGs
[2025-01-19T04:30:07.373+0000] {logging_mixin.py:190} INFO - [2025-01-19T04:30:07.372+0000] {dag.py:4180} INFO - Setting next_dagrun for tutorial to 2025-01-18 00:00:00+00:00, run_after=2025-01-19 00:00:00+00:00
[2025-01-19T04:30:07.435+0000] {processor.py:208} INFO - Processing /home/airflow/.local/lib/python3.12/site-packages/airflow/example_dags/tutorial.py took 0.248 seconds
[2025-01-19T04:30:40.380+0000] {processor.py:186} INFO - Started process (PID=361) to work on /home/airflow/.local/lib/python3.12/site-packages/airflow/example_dags/tutorial.py
[2025-01-19T04:30:40.382+0000] {processor.py:914} INFO - Processing file /home/airflow/.local/lib/python3.12/site-packages/airflow/example_dags/tutorial.py for tasks to queue
[2025-01-19T04:30:40.389+0000] {logging_mixin.py:190} INFO - [2025-01-19T04:30:40.388+0000] {dagbag.py:588} INFO - Filling up the DagBag from /home/airflow/.local/lib/python3.12/site-packages/airflow/example_dags/tutorial.py
[2025-01-19T04:30:40.410+0000] {processor.py:925} INFO - DAG(s) 'tutorial' retrieved from /home/airflow/.local/lib/python3.12/site-packages/airflow/example_dags/tutorial.py
[2025-01-19T04:30:40.458+0000] {logging_mixin.py:190} INFO - [2025-01-19T04:30:40.457+0000] {dag.py:3239} INFO - Sync 1 DAGs
[2025-01-19T04:30:40.512+0000] {logging_mixin.py:190} INFO - [2025-01-19T04:30:40.511+0000] {dag.py:4180} INFO - Setting next_dagrun for tutorial to 2025-01-18 00:00:00+00:00, run_after=2025-01-19 00:00:00+00:00
[2025-01-19T04:30:40.560+0000] {processor.py:208} INFO - Processing /home/airflow/.local/lib/python3.12/site-packages/airflow/example_dags/tutorial.py took 0.195 seconds
[2025-01-19T04:31:18.803+0000] {processor.py:186} INFO - Started process (PID=429) to work on /home/airflow/.local/lib/python3.12/site-packages/airflow/example_dags/tutorial.py
[2025-01-19T04:31:18.806+0000] {processor.py:914} INFO - Processing file /home/airflow/.local/lib/python3.12/site-packages/airflow/example_dags/tutorial.py for tasks to queue
[2025-01-19T04:31:18.812+0000] {logging_mixin.py:190} INFO - [2025-01-19T04:31:18.811+0000] {dagbag.py:588} INFO - Filling up the DagBag from /home/airflow/.local/lib/python3.12/site-packages/airflow/example_dags/tutorial.py
[2025-01-19T04:31:18.834+0000] {processor.py:925} INFO - DAG(s) 'tutorial' retrieved from /home/airflow/.local/lib/python3.12/site-packages/airflow/example_dags/tutorial.py
[2025-01-19T04:31:18.913+0000] {logging_mixin.py:190} INFO - [2025-01-19T04:31:18.913+0000] {dag.py:3239} INFO - Sync 1 DAGs
[2025-01-19T04:31:19.086+0000] {logging_mixin.py:190} INFO - [2025-01-19T04:31:19.086+0000] {dag.py:4180} INFO - Setting next_dagrun for tutorial to 2025-01-18 00:00:00+00:00, run_after=2025-01-19 00:00:00+00:00
[2025-01-19T04:31:19.185+0000] {processor.py:208} INFO - Processing /home/airflow/.local/lib/python3.12/site-packages/airflow/example_dags/tutorial.py took 0.396 seconds
[2025-01-19T04:31:54.997+0000] {processor.py:186} INFO - Started process (PID=492) to work on /home/airflow/.local/lib/python3.12/site-packages/airflow/example_dags/tutorial.py
[2025-01-19T04:31:55.000+0000] {processor.py:914} INFO - Processing file /home/airflow/.local/lib/python3.12/site-packages/airflow/example_dags/tutorial.py for tasks to queue
[2025-01-19T04:31:55.005+0000] {logging_mixin.py:190} INFO - [2025-01-19T04:31:55.005+0000] {dagbag.py:588} INFO - Filling up the DagBag from /home/airflow/.local/lib/python3.12/site-packages/airflow/example_dags/tutorial.py
[2025-01-19T04:31:55.027+0000] {processor.py:925} INFO - DAG(s) 'tutorial' retrieved from /home/airflow/.local/lib/python3.12/site-packages/airflow/example_dags/tutorial.py
[2025-01-19T04:31:55.086+0000] {logging_mixin.py:190} INFO - [2025-01-19T04:31:55.085+0000] {dag.py:3239} INFO - Sync 1 DAGs
[2025-01-19T04:31:55.151+0000] {logging_mixin.py:190} INFO - [2025-01-19T04:31:55.150+0000] {dag.py:4180} INFO - Setting next_dagrun for tutorial to 2025-01-18 00:00:00+00:00, run_after=2025-01-19 00:00:00+00:00
[2025-01-19T04:31:54.291+0000] {processor.py:208} INFO - Processing /home/airflow/.local/lib/python3.12/site-packages/airflow/example_dags/tutorial.py took 0.230 seconds
[2025-01-19T04:32:25.313+0000] {processor.py:186} INFO - Started process (PID=550) to work on /home/airflow/.local/lib/python3.12/site-packages/airflow/example_dags/tutorial.py
[2025-01-19T04:32:25.315+0000] {processor.py:914} INFO - Processing file /home/airflow/.local/lib/python3.12/site-packages/airflow/example_dags/tutorial.py for tasks to queue
[2025-01-19T04:32:25.330+0000] {logging_mixin.py:190} INFO - [2025-01-19T04:32:25.321+0000] {dagbag.py:588} INFO - Filling up the DagBag from /home/airflow/.local/lib/python3.12/site-packages/airflow/example_dags/tutorial.py
[2025-01-19T04:32:25.360+0000] {processor.py:925} INFO - DAG(s) 'tutorial' retrieved from /home/airflow/.local/lib/python3.12/site-packages/airflow/example_dags/tutorial.py
[2025-01-19T04:32:25.439+0000] {logging_mixin.py:190} INFO - [2025-01-19T04:32:25.438+0000] {dag.py:3239} INFO - Sync 1 DAGs
[2025-01-19T04:32:25.610+0000] {logging_mixin.py:190} INFO - [2025-01-19T04:32:25.610+0000] {dag.py:4180} INFO - Setting next_dagrun for tutorial to 2025-01-18 00:00:00+00:00, run_after=2025-01-19 00:00:00+00:00
[2025-01-19T04:32:25.764+0000] {processor.py:208} INFO - Processing /home/airflow/.local/lib/python3.12/site-packages/airflow/example_dags/tutorial.py took 0.472 seconds
[2025-01-19T04:33:00.879+0000] {processor.py:186} INFO - Started process (PID=618) to work on /home/airflow/.local/lib/python3.12/site-packages/airflow/example_dags/tutorial.py
[2025-01-19T04:33:00.892+0000] {processor.py:914} INFO - Processing file /home/airflow/.local/lib/python3.12/site-packages/airflow/example_dags/tutorial.py for tasks to queue
[2025-01-19T04:33:00.915+0000] {logging_mixin.py:190} INFO - [2025-01-19T04:33:00.914+0000] {dagbag.py:588} INFO - Filling up the DagBag from /home/airflow/.local/lib/python3.12/site-packages/airflow/example_dags/tutorial.py
[2025-01-19T04:33:00.958+0000] {processor.py:925} INFO - DAG(s) 'tutorial' retrieved from /home/airflow/.local/lib/python3.12/site-packages/airflow/example_dags/tutorial.py
[2025-01-19T04:33:01.017+0000] {logging_mixin.py:190} INFO - [2025-01-19T04:33:01.017+0000] {dag.py:3239} INFO - Sync 1 DAGs
[2025-01-19T04:33:01.106+0000] {logging_mixin.py:190} INFO - [2025-01-19T04:33:01.105+0000] {dag.py:4180} INFO - Setting next_dagrun for tutorial to 2025-01-18 00:00:00+00:00, run_after=2025-01-19 00:00:00+00:00
[2025-01-19T04:33:01.190+0000] {processor.py:208} INFO - Processing /home/airflow/.local/lib/python3.12/site-packages/airflow/example_dags/tutorial.py took 0.349 seconds
[2025-01-19T04:33:31.590+0000] {processor.py:186} INFO - Started process (PID=681) to work on /home/airflow/.local/lib/python3.12/site-packages/airflow/example_dags/tutorial.py
[2025-01-19T04:33:31.592+0000] {processor.py:914} INFO - Processing file /home/airflow/.local/lib/python3.12/site-packages/airflow/example_dags/tutorial.py for tasks to queue
[2025-01-19T04:33:31.596+0000] {logging_mixin.py:190} INFO - [2025-01-19T04:33:31.596+0000] {dagbag.py:588} INFO - Filling up the DagBag from /home/airflow/.local/lib/python3.12/site-packages/airflow/example_dags/tutorial.py
[2025-01-19T04:33:31.616+0000] {processor.py:925} INFO - DAG(s) 'tutorial' retrieved from /home/airflow/.local/lib/python3.12/site-packages/airflow/example_dags/tutorial.py
[2025-01-19T04:33:31.654+0000] {logging_mixin.py:190} INFO - [2025-01-19T04:33:31.653+0000] {dag.py:3239} INFO - Sync 1 DAGs
[2025-01-19T04:33:31.706+0000] {logging_mixin.py:190} INFO - [2025-01-19T04:33:31.706+0000] {dag.py:4180} INFO - Setting next_dagrun for tutorial to 2025-01-18 00:00:00+00:00, run_after=2025-01-19 00:00:00+00:00
[2025-01-19T04:33:31.743+0000] {processor.py:208} INFO - Processing /home/airflow/.local/lib/python3.12/site-packages/airflow/example_dags/tutorial.py took 0.164 seconds
[2025-01-19T04:34:03.128+0000] {processor.py:186} INFO - Started process (PID=744) to work on /home/airflow/.local/lib/python3.12/site-packages/airflow/example_dags/tutorial.py
[2025-01-19T04:34:03.130+0000] {processor.py:914} INFO - Processing file /home/airflow/.local/lib/python3.12/site-packages/airflow/example_dags/tutorial.py for tasks to queue
[2025-01-19T04:34:03.135+0000] {logging_mixin.py:190} INFO - [2025-01-19T04:34:03.134+0000] {dagbag.py:588} INFO - Filling up the DagBag from /home/airflow/.local/lib/python3.12/site-packages/airflow/example_dags/tutorial.py
[2025-01-19T04:34:03.151+0000] {processor.py:925} INFO - DAG(s) 'tutorial' retrieved from /home/airflow/.local/lib/python3.12/site-packages/airflow/example_dags/tutorial.py
[2025-01-19T04:34:03.195+0000] {logging_mixin.py:190} INFO - [2025-01-19T04:34:03.194+0000] {dag.py:3239} INFO - Sync 1 DAGs
[2025-01-19T04:34:03.257+0000] {logging_mixin.py:190} INFO - [2025-01-19T04:34:03.256+0000] {dag.py:4180} INFO - Setting next_dagrun for tutorial to 2025-01-18 00:00:00+00:00, run_after=2025-01-19 00:00:00+00:00
[2025-01-19T04:34:03.322+0000] {processor.py:208} INFO - Processing /home/airflow/.local/lib/python3.12/site-packages/airflow/example_dags/tutorial.py took 0.205 seconds
[2025-01-19T04:34:33.604+0000] {processor.py:186} INFO - Started process (PID=808) to work on /home/airflow/.local/lib/python3.12/site-packages/airflow/example_dags/tutorial.py
[2025-01-19T04:34:33.607+0000] {processor.py:914} INFO - Processing file /home/airflow/.local/lib/python3.12/site-packages/airflow/example_dags/tutorial.py for tasks to queue
[2025-01-19T04:34:33.614+0000] {logging_mixin.py:190} INFO - [2025-01-19T04:34:33.613+0000] {dagbag.py:588} INFO - Filling up the DagBag from /home/airflow/.local/lib/python3.12/site-packages/airflow/example_dags/tutorial.py
[2025-01-19T04:34:33.630+0000] {processor.py:925} INFO - DAG(s) 'tutorial' retrieved from /home/airflow/.local/lib/python3.12/site-packages/airflow/example_dags/tutorial.py
[2025-01-19T04:34:33.682+0000] {logging_mixin.py:190} INFO - [2025-01-19T04:34:33.681+0000] {dag.py:3239} INFO - Sync 1 DAGs
[2025-01-19T04:34:33.745+0000] {logging_mixin.py:190} INFO - [2025-01-19T04:34:33.744+0000] {dag.py:4180} INFO - Setting next_dagrun for tutorial to 2025-01-18 00:00:00+00:00, run_after=2025-01-19 00:00:00+00:00
[2025-01-19T04:34:33.809+0000] {processor.py:208} INFO - Processing /home/airflow/.local/lib/python3.12/site-packages/airflow/example_dags/tutorial.py took 0.215 seconds
[2025-01-19T04:35:08.070+0000] {processor.py:186} INFO - Started process (PID=875) to work on /home/airflow/.local/lib/python3.12/site-packages/airflow/example_dags/tutorial.py
[2025-01-19T04:35:08.076+0000] {processor.py:914} INFO - Processing file /home/airflow/.local/lib/python3.12/site-packages/airflow/example_dags/tutorial.py for tasks to queue
[2025-01-19T04:35:08.091+0000] {logging_mixin.py:190} INFO - [2025-01-19T04:35:08.091+0000] {dagbag.py:588} INFO - Filling up the DagBag from /home/airflow/.local/lib/python3.12/site-packages/airflow/example_dags/tutorial.py
[2025-01-19T04:35:08.171+0000] {processor.py:925} INFO - DAG(s) 'tutorial' retrieved from /home/airflow/.local/lib/python3.12/site-packages/airflow/example_dags/tutorial.py
[2025-01-19T04:35:08.363+0000] {logging_mixin.py:190} INFO - [2025-01-19T04:35:08.362+0000] {dag.py:3239} INFO - Sync 1 DAGs
[2025-01-19T04:35:08.622+0000] {logging_mixin.py:190} INFO - [2025-01-19T04:35:08.622+0000] {dag.py:4180} INFO - Setting next_dagrun for tutorial to 2025-01-18 00:00:00+00:00, run_after=2025-01-19 00:00:00+00:00
[2025-01-19T04:35:09.266+0000] {processor.py:208} INFO - Processing /home/airflow/.local/lib/python3.12/site-packages/airflow/example_dags/tutorial.py took 1.263 seconds
[2025-01-19T04:35:48.281+0000] {processor.py:186} INFO - Started process (PID=937) to work on /home/airflow/.local/lib/python3.12/site-packages/airflow/example_dags/tutorial.py
[2025-01-19T04:35:48.284+0000] {processor.py:914} INFO - Processing file /home/airflow/.local/lib/python3.12/site-packages/airflow/example_dags/tutorial.py for tasks to queue
[2025-01-19T04:35:48.293+0000] {logging_mixin.py:190} INFO - [2025-01-19T04:35:48.292+0000] {dagbag.py:588} INFO - Filling up the DagBag from /home/airflow/.local/lib/python3.12/site-packages/airflow/example_dags/tutorial.py
[2025-01-19T04:35:48.333+0000] {processor.py:925} INFO - DAG(s) 'tutorial' retrieved from /home/airflow/.local/lib/python3.12/site-packages/airflow/example_dags/tutorial.py
[2025-01-19T04:35:48.406+0000] {logging_mixin.py:190} INFO - [2025-01-19T04:35:48.406+0000] {dag.py:3239} INFO - Sync 1 DAGs
[2025-01-19T04:35:48.486+0000] {logging_mixin.py:190} INFO - [2025-01-19T04:35:48.486+0000] {dag.py:4180} INFO - Setting next_dagrun for tutorial to 2025-01-18 00:00:00+00:00, run_after=2025-01-19 00:00:00+00:00
[2025-01-19T04:35:48.570+0000] {processor.py:208} INFO - Processing /home/airflow/.local/lib/python3.12/site-packages/airflow/example_dags/tutorial.py took 0.307 seconds
[2025-01-19T04:36:19.897+0000] {processor.py:186} INFO - Started process (PID=999) to work on /home/airflow/.local/lib/python3.12/site-packages/airflow/example_dags/tutorial.py
[2025-01-19T04:36:19.903+0000] {processor.py:914} INFO - Processing file /home/airflow/.local/lib/python3.12/site-packages/airflow/example_dags/tutorial.py for tasks to queue
[2025-01-19T04:36:19.908+0000] {logging_mixin.py:190} INFO - [2025-01-19T04:36:19.908+0000] {dagbag.py:588} INFO - Filling up the DagBag from /home/airflow/.local/lib/python3.12/site-packages/airflow/example_dags/tutorial.py
[2025-01-19T04:36:19.934+0000] {processor.py:925} INFO - DAG(s) 'tutorial' retrieved from /home/airflow/.local/lib/python3.12/site-packages/airflow/example_dags/tutorial.py
[2025-01-19T04:36:20.010+0000] {logging_mixin.py:190} INFO - [2025-01-19T04:36:20.010+0000] {dag.py:3239} INFO - Sync 1 DAGs
[2025-01-19T04:36:20.090+0000] {logging_mixin.py:190} INFO - [2025-01-19T04:36:20.090+0000] {dag.py:4180} INFO - Setting next_dagrun for tutorial to 2025-01-18 00:00:00+00:00, run_after=2025-01-19 00:00:00+00:00
[2025-01-19T04:36:20.190+0000] {processor.py:208} INFO - Processing /home/airflow/.local/lib/python3.12/site-packages/airflow/example_dags/tutorial.py took 0.308 seconds
[2025-01-19T04:41:06.154+0000] {processor.py:186} INFO - Started process (PID=1076) to work on /home/airflow/.local/lib/python3.12/site-packages/airflow/example_dags/tutorial.py
[2025-01-19T04:41:06.157+0000] {processor.py:914} INFO - Processing file /home/airflow/.local/lib/python3.12/site-packages/airflow/example_dags/tutorial.py for tasks to queue
[2025-01-19T04:41:06.161+0000] {logging_mixin.py:190} INFO - [2025-01-19T04:41:06.160+0000] {dagbag.py:588} INFO - Filling up the DagBag from /home/airflow/.local/lib/python3.12/site-packages/airflow/example_dags/tutorial.py
[2025-01-19T04:41:06.205+0000] {processor.py:925} INFO - DAG(s) 'tutorial' retrieved from /home/airflow/.local/lib/python3.12/site-packages/airflow/example_dags/tutorial.py
[2025-01-19T04:41:06.326+0000] {logging_mixin.py:190} INFO - [2025-01-19T04:41:06.325+0000] {dag.py:3239} INFO - Sync 1 DAGs
[2025-01-19T04:41:06.475+0000] {logging_mixin.py:190} INFO - [2025-01-19T04:41:06.470+0000] {dag.py:4180} INFO - Setting next_dagrun for tutorial to 2025-01-18 00:00:00+00:00, run_after=2025-01-19 00:00:00+00:00
[2025-01-19T04:41:06.547+0000] {processor.py:208} INFO - Processing /home/airflow/.local/lib/python3.12/site-packages/airflow/example_dags/tutorial.py took 0.412 seconds
[2025-01-19T04:41:43.855+0000] {processor.py:186} INFO - Started process (PID=1136) to work on /home/airflow/.local/lib/python3.12/site-packages/airflow/example_dags/tutorial.py
[2025-01-19T04:41:43.858+0000] {processor.py:914} INFO - Processing file /home/airflow/.local/lib/python3.12/site-packages/airflow/example_dags/tutorial.py for tasks to queue
[2025-01-19T04:41:43.866+0000] {logging_mixin.py:190} INFO - [2025-01-19T04:41:43.862+0000] {dagbag.py:588} INFO - Filling up the DagBag from /home/airflow/.local/lib/python3.12/site-packages/airflow/example_dags/tutorial.py
[2025-01-19T04:41:43.909+0000] {processor.py:925} INFO - DAG(s) 'tutorial' retrieved from /home/airflow/.local/lib/python3.12/site-packages/airflow/example_dags/tutorial.py
[2025-01-19T04:41:44.025+0000] {logging_mixin.py:190} INFO - [2025-01-19T04:41:44.024+0000] {dag.py:3239} INFO - Sync 1 DAGs
[2025-01-19T04:41:44.145+0000] {logging_mixin.py:190} INFO - [2025-01-19T04:41:44.144+0000] {dag.py:4180} INFO - Setting next_dagrun for tutorial to 2025-01-18 00:00:00+00:00, run_after=2025-01-19 00:00:00+00:00
[2025-01-19T04:41:44.224+0000] {processor.py:208} INFO - Processing /home/airflow/.local/lib/python3.12/site-packages/airflow/example_dags/tutorial.py took 0.394 seconds
