[2025-01-19T04:13:24.652+0000] {processor.py:186} INFO - Started process (PID=492) to work on /home/airflow/.local/lib/python3.12/site-packages/airflow/example_dags/tutorial_dag.py
[2025-01-19T04:13:24.656+0000] {processor.py:914} INFO - Processing file /home/airflow/.local/lib/python3.12/site-packages/airflow/example_dags/tutorial_dag.py for tasks to queue
[2025-01-19T04:13:24.665+0000] {logging_mixin.py:190} INFO - [2025-01-19T04:13:24.664+0000] {dagbag.py:588} INFO - Filling up the DagBag from /home/airflow/.local/lib/python3.12/site-packages/airflow/example_dags/tutorial_dag.py
[2025-01-19T04:13:24.695+0000] {processor.py:925} INFO - DAG(s) 'tutorial_dag' retrieved from /home/airflow/.local/lib/python3.12/site-packages/airflow/example_dags/tutorial_dag.py
[2025-01-19T04:13:24.789+0000] {logging_mixin.py:190} INFO - [2025-01-19T04:13:24.788+0000] {dag.py:3239} INFO - Sync 1 DAGs
[2025-01-19T04:13:24.858+0000] {logging_mixin.py:190} INFO - [2025-01-19T04:13:24.858+0000] {dag.py:4180} INFO - Setting next_dagrun for tutorial_dag to None, run_after=None
[2025-01-19T04:13:24.958+0000] {processor.py:208} INFO - Processing /home/airflow/.local/lib/python3.12/site-packages/airflow/example_dags/tutorial_dag.py took 0.328 seconds
[2025-01-19T04:13:59.581+0000] {processor.py:186} INFO - Started process (PID=555) to work on /home/airflow/.local/lib/python3.12/site-packages/airflow/example_dags/tutorial_dag.py
[2025-01-19T04:13:59.583+0000] {processor.py:914} INFO - Processing file /home/airflow/.local/lib/python3.12/site-packages/airflow/example_dags/tutorial_dag.py for tasks to queue
[2025-01-19T04:13:59.593+0000] {logging_mixin.py:190} INFO - [2025-01-19T04:13:59.592+0000] {dagbag.py:588} INFO - Filling up the DagBag from /home/airflow/.local/lib/python3.12/site-packages/airflow/example_dags/tutorial_dag.py
[2025-01-19T04:13:59.619+0000] {processor.py:925} INFO - DAG(s) 'tutorial_dag' retrieved from /home/airflow/.local/lib/python3.12/site-packages/airflow/example_dags/tutorial_dag.py
[2025-01-19T04:13:59.725+0000] {logging_mixin.py:190} INFO - [2025-01-19T04:13:59.724+0000] {dag.py:3239} INFO - Sync 1 DAGs
[2025-01-19T04:13:59.801+0000] {logging_mixin.py:190} INFO - [2025-01-19T04:13:59.801+0000] {dag.py:4180} INFO - Setting next_dagrun for tutorial_dag to None, run_after=None
[2025-01-19T04:13:59.905+0000] {processor.py:208} INFO - Processing /home/airflow/.local/lib/python3.12/site-packages/airflow/example_dags/tutorial_dag.py took 0.344 seconds
[2025-01-19T04:15:14.589+0000] {processor.py:186} INFO - Started process (PID=624) to work on /home/airflow/.local/lib/python3.12/site-packages/airflow/example_dags/tutorial_dag.py
[2025-01-19T04:15:14.591+0000] {processor.py:914} INFO - Processing file /home/airflow/.local/lib/python3.12/site-packages/airflow/example_dags/tutorial_dag.py for tasks to queue
[2025-01-19T04:15:14.597+0000] {logging_mixin.py:190} INFO - [2025-01-19T04:15:14.596+0000] {dagbag.py:588} INFO - Filling up the DagBag from /home/airflow/.local/lib/python3.12/site-packages/airflow/example_dags/tutorial_dag.py
[2025-01-19T04:15:14.619+0000] {processor.py:925} INFO - DAG(s) 'tutorial_dag' retrieved from /home/airflow/.local/lib/python3.12/site-packages/airflow/example_dags/tutorial_dag.py
[2025-01-19T04:15:14.906+0000] {logging_mixin.py:190} INFO - [2025-01-19T04:15:14.890+0000] {dag.py:3239} INFO - Sync 1 DAGs
[2025-01-19T04:15:14.983+0000] {logging_mixin.py:190} INFO - [2025-01-19T04:15:14.982+0000] {dag.py:4180} INFO - Setting next_dagrun for tutorial_dag to None, run_after=None
[2025-01-19T04:15:15.063+0000] {processor.py:208} INFO - Processing /home/airflow/.local/lib/python3.12/site-packages/airflow/example_dags/tutorial_dag.py took 0.493 seconds
[2025-01-19T04:18:40.583+0000] {processor.py:186} INFO - Started process (PID=729) to work on /home/airflow/.local/lib/python3.12/site-packages/airflow/example_dags/tutorial_dag.py
[2025-01-19T04:18:40.586+0000] {processor.py:914} INFO - Processing file /home/airflow/.local/lib/python3.12/site-packages/airflow/example_dags/tutorial_dag.py for tasks to queue
[2025-01-19T04:18:40.589+0000] {logging_mixin.py:190} INFO - [2025-01-19T04:18:40.588+0000] {dagbag.py:588} INFO - Filling up the DagBag from /home/airflow/.local/lib/python3.12/site-packages/airflow/example_dags/tutorial_dag.py
[2025-01-19T04:18:40.610+0000] {processor.py:925} INFO - DAG(s) 'tutorial_dag' retrieved from /home/airflow/.local/lib/python3.12/site-packages/airflow/example_dags/tutorial_dag.py
[2025-01-19T04:18:40.668+0000] {logging_mixin.py:190} INFO - [2025-01-19T04:18:40.667+0000] {dag.py:3239} INFO - Sync 1 DAGs
[2025-01-19T04:18:40.734+0000] {logging_mixin.py:190} INFO - [2025-01-19T04:18:40.733+0000] {dag.py:4180} INFO - Setting next_dagrun for tutorial_dag to None, run_after=None
[2025-01-19T04:18:40.853+0000] {processor.py:208} INFO - Processing /home/airflow/.local/lib/python3.12/site-packages/airflow/example_dags/tutorial_dag.py took 0.289 seconds
[2025-01-19T04:19:11.648+0000] {processor.py:186} INFO - Started process (PID=792) to work on /home/airflow/.local/lib/python3.12/site-packages/airflow/example_dags/tutorial_dag.py
[2025-01-19T04:19:11.650+0000] {processor.py:914} INFO - Processing file /home/airflow/.local/lib/python3.12/site-packages/airflow/example_dags/tutorial_dag.py for tasks to queue
[2025-01-19T04:19:11.652+0000] {logging_mixin.py:190} INFO - [2025-01-19T04:19:11.652+0000] {dagbag.py:588} INFO - Filling up the DagBag from /home/airflow/.local/lib/python3.12/site-packages/airflow/example_dags/tutorial_dag.py
[2025-01-19T04:19:11.680+0000] {processor.py:925} INFO - DAG(s) 'tutorial_dag' retrieved from /home/airflow/.local/lib/python3.12/site-packages/airflow/example_dags/tutorial_dag.py
[2025-01-19T04:19:11.720+0000] {logging_mixin.py:190} INFO - [2025-01-19T04:19:11.719+0000] {dag.py:3239} INFO - Sync 1 DAGs
[2025-01-19T04:19:11.752+0000] {logging_mixin.py:190} INFO - [2025-01-19T04:19:11.752+0000] {dag.py:4180} INFO - Setting next_dagrun for tutorial_dag to None, run_after=None
[2025-01-19T04:19:11.806+0000] {processor.py:208} INFO - Processing /home/airflow/.local/lib/python3.12/site-packages/airflow/example_dags/tutorial_dag.py took 0.176 seconds
[2025-01-19T04:19:46.518+0000] {processor.py:186} INFO - Started process (PID=855) to work on /home/airflow/.local/lib/python3.12/site-packages/airflow/example_dags/tutorial_dag.py
[2025-01-19T04:19:46.521+0000] {processor.py:914} INFO - Processing file /home/airflow/.local/lib/python3.12/site-packages/airflow/example_dags/tutorial_dag.py for tasks to queue
[2025-01-19T04:19:46.525+0000] {logging_mixin.py:190} INFO - [2025-01-19T04:19:46.524+0000] {dagbag.py:588} INFO - Filling up the DagBag from /home/airflow/.local/lib/python3.12/site-packages/airflow/example_dags/tutorial_dag.py
[2025-01-19T04:19:46.553+0000] {processor.py:925} INFO - DAG(s) 'tutorial_dag' retrieved from /home/airflow/.local/lib/python3.12/site-packages/airflow/example_dags/tutorial_dag.py
[2025-01-19T04:19:46.614+0000] {logging_mixin.py:190} INFO - [2025-01-19T04:19:46.614+0000] {dag.py:3239} INFO - Sync 1 DAGs
[2025-01-19T04:19:46.669+0000] {logging_mixin.py:190} INFO - [2025-01-19T04:19:46.668+0000] {dag.py:4180} INFO - Setting next_dagrun for tutorial_dag to None, run_after=None
[2025-01-19T04:19:46.731+0000] {processor.py:208} INFO - Processing /home/airflow/.local/lib/python3.12/site-packages/airflow/example_dags/tutorial_dag.py took 0.239 seconds
[2025-01-19T04:20:17.416+0000] {processor.py:186} INFO - Started process (PID=917) to work on /home/airflow/.local/lib/python3.12/site-packages/airflow/example_dags/tutorial_dag.py
[2025-01-19T04:20:17.418+0000] {processor.py:914} INFO - Processing file /home/airflow/.local/lib/python3.12/site-packages/airflow/example_dags/tutorial_dag.py for tasks to queue
[2025-01-19T04:20:17.421+0000] {logging_mixin.py:190} INFO - [2025-01-19T04:20:17.420+0000] {dagbag.py:588} INFO - Filling up the DagBag from /home/airflow/.local/lib/python3.12/site-packages/airflow/example_dags/tutorial_dag.py
[2025-01-19T04:20:17.436+0000] {processor.py:925} INFO - DAG(s) 'tutorial_dag' retrieved from /home/airflow/.local/lib/python3.12/site-packages/airflow/example_dags/tutorial_dag.py
[2025-01-19T04:20:17.475+0000] {logging_mixin.py:190} INFO - [2025-01-19T04:20:17.474+0000] {dag.py:3239} INFO - Sync 1 DAGs
[2025-01-19T04:20:17.505+0000] {logging_mixin.py:190} INFO - [2025-01-19T04:20:17.504+0000] {dag.py:4180} INFO - Setting next_dagrun for tutorial_dag to None, run_after=None
[2025-01-19T04:20:17.552+0000] {processor.py:208} INFO - Processing /home/airflow/.local/lib/python3.12/site-packages/airflow/example_dags/tutorial_dag.py took 0.146 seconds
[2025-01-19T04:20:54.592+0000] {processor.py:186} INFO - Started process (PID=980) to work on /home/airflow/.local/lib/python3.12/site-packages/airflow/example_dags/tutorial_dag.py
[2025-01-19T04:20:54.595+0000] {processor.py:914} INFO - Processing file /home/airflow/.local/lib/python3.12/site-packages/airflow/example_dags/tutorial_dag.py for tasks to queue
[2025-01-19T04:20:54.601+0000] {logging_mixin.py:190} INFO - [2025-01-19T04:20:54.599+0000] {dagbag.py:588} INFO - Filling up the DagBag from /home/airflow/.local/lib/python3.12/site-packages/airflow/example_dags/tutorial_dag.py
[2025-01-19T04:20:54.638+0000] {processor.py:925} INFO - DAG(s) 'tutorial_dag' retrieved from /home/airflow/.local/lib/python3.12/site-packages/airflow/example_dags/tutorial_dag.py
[2025-01-19T04:20:54.699+0000] {logging_mixin.py:190} INFO - [2025-01-19T04:20:54.698+0000] {dag.py:3239} INFO - Sync 1 DAGs
[2025-01-19T04:20:54.772+0000] {logging_mixin.py:190} INFO - [2025-01-19T04:20:54.772+0000] {dag.py:4180} INFO - Setting next_dagrun for tutorial_dag to None, run_after=None
[2025-01-19T04:20:54.832+0000] {processor.py:208} INFO - Processing /home/airflow/.local/lib/python3.12/site-packages/airflow/example_dags/tutorial_dag.py took 0.293 seconds
[2025-01-19T04:21:33.954+0000] {processor.py:186} INFO - Started process (PID=1054) to work on /home/airflow/.local/lib/python3.12/site-packages/airflow/example_dags/tutorial_dag.py
[2025-01-19T04:21:33.957+0000] {processor.py:914} INFO - Processing file /home/airflow/.local/lib/python3.12/site-packages/airflow/example_dags/tutorial_dag.py for tasks to queue
[2025-01-19T04:21:33.966+0000] {logging_mixin.py:190} INFO - [2025-01-19T04:21:33.965+0000] {dagbag.py:588} INFO - Filling up the DagBag from /home/airflow/.local/lib/python3.12/site-packages/airflow/example_dags/tutorial_dag.py
[2025-01-19T04:21:34.000+0000] {processor.py:925} INFO - DAG(s) 'tutorial_dag' retrieved from /home/airflow/.local/lib/python3.12/site-packages/airflow/example_dags/tutorial_dag.py
[2025-01-19T04:21:34.087+0000] {logging_mixin.py:190} INFO - [2025-01-19T04:21:34.086+0000] {dag.py:3239} INFO - Sync 1 DAGs
[2025-01-19T04:21:34.164+0000] {logging_mixin.py:190} INFO - [2025-01-19T04:21:34.162+0000] {dag.py:4180} INFO - Setting next_dagrun for tutorial_dag to None, run_after=None
[2025-01-19T04:21:34.229+0000] {processor.py:208} INFO - Processing /home/airflow/.local/lib/python3.12/site-packages/airflow/example_dags/tutorial_dag.py took 0.294 seconds
[2025-01-19T04:28:13.305+0000] {processor.py:186} INFO - Started process (PID=106) to work on /home/airflow/.local/lib/python3.12/site-packages/airflow/example_dags/tutorial_dag.py
[2025-01-19T04:28:13.308+0000] {processor.py:914} INFO - Processing file /home/airflow/.local/lib/python3.12/site-packages/airflow/example_dags/tutorial_dag.py for tasks to queue
[2025-01-19T04:28:13.314+0000] {logging_mixin.py:190} INFO - [2025-01-19T04:28:13.313+0000] {dagbag.py:588} INFO - Filling up the DagBag from /home/airflow/.local/lib/python3.12/site-packages/airflow/example_dags/tutorial_dag.py
[2025-01-19T04:28:13.335+0000] {processor.py:925} INFO - DAG(s) 'tutorial_dag' retrieved from /home/airflow/.local/lib/python3.12/site-packages/airflow/example_dags/tutorial_dag.py
[2025-01-19T04:28:13.629+0000] {logging_mixin.py:190} INFO - [2025-01-19T04:28:13.627+0000] {override.py:1911} INFO - Created Permission View: can delete on DAG:tutorial_dag
[2025-01-19T04:28:13.653+0000] {logging_mixin.py:190} INFO - [2025-01-19T04:28:13.652+0000] {override.py:1911} INFO - Created Permission View: can edit on DAG:tutorial_dag
[2025-01-19T04:28:13.669+0000] {logging_mixin.py:190} INFO - [2025-01-19T04:28:13.668+0000] {override.py:1911} INFO - Created Permission View: can read on DAG:tutorial_dag
[2025-01-19T04:28:13.688+0000] {logging_mixin.py:190} INFO - [2025-01-19T04:28:13.687+0000] {override.py:1911} INFO - Created Permission View: can create on DAG Run:tutorial_dag
[2025-01-19T04:28:13.710+0000] {logging_mixin.py:190} INFO - [2025-01-19T04:28:13.709+0000] {override.py:1911} INFO - Created Permission View: menu access on DAG Run:tutorial_dag
[2025-01-19T04:28:13.729+0000] {logging_mixin.py:190} INFO - [2025-01-19T04:28:13.728+0000] {override.py:1911} INFO - Created Permission View: can delete on DAG Run:tutorial_dag
[2025-01-19T04:28:13.748+0000] {logging_mixin.py:190} INFO - [2025-01-19T04:28:13.748+0000] {override.py:1911} INFO - Created Permission View: can read on DAG Run:tutorial_dag
[2025-01-19T04:28:13.750+0000] {logging_mixin.py:190} INFO - [2025-01-19T04:28:13.749+0000] {dag.py:3239} INFO - Sync 1 DAGs
[2025-01-19T04:28:13.782+0000] {logging_mixin.py:190} INFO - [2025-01-19T04:28:13.781+0000] {dag.py:3262} INFO - Creating ORM DAG for tutorial_dag
[2025-01-19T04:28:13.784+0000] {logging_mixin.py:190} INFO - [2025-01-19T04:28:13.783+0000] {dag.py:4180} INFO - Setting next_dagrun for tutorial_dag to None, run_after=None
[2025-01-19T04:28:13.821+0000] {processor.py:208} INFO - Processing /home/airflow/.local/lib/python3.12/site-packages/airflow/example_dags/tutorial_dag.py took 0.528 seconds
[2025-01-19T04:28:44.810+0000] {processor.py:186} INFO - Started process (PID=169) to work on /home/airflow/.local/lib/python3.12/site-packages/airflow/example_dags/tutorial_dag.py
[2025-01-19T04:28:44.813+0000] {processor.py:914} INFO - Processing file /home/airflow/.local/lib/python3.12/site-packages/airflow/example_dags/tutorial_dag.py for tasks to queue
[2025-01-19T04:28:44.821+0000] {logging_mixin.py:190} INFO - [2025-01-19T04:28:44.820+0000] {dagbag.py:588} INFO - Filling up the DagBag from /home/airflow/.local/lib/python3.12/site-packages/airflow/example_dags/tutorial_dag.py
[2025-01-19T04:28:44.843+0000] {processor.py:925} INFO - DAG(s) 'tutorial_dag' retrieved from /home/airflow/.local/lib/python3.12/site-packages/airflow/example_dags/tutorial_dag.py
[2025-01-19T04:28:44.904+0000] {logging_mixin.py:190} INFO - [2025-01-19T04:28:44.903+0000] {dag.py:3239} INFO - Sync 1 DAGs
[2025-01-19T04:28:45.000+0000] {logging_mixin.py:190} INFO - [2025-01-19T04:28:45.000+0000] {dag.py:4180} INFO - Setting next_dagrun for tutorial_dag to None, run_after=None
[2025-01-19T04:28:45.068+0000] {processor.py:208} INFO - Processing /home/airflow/.local/lib/python3.12/site-packages/airflow/example_dags/tutorial_dag.py took 0.279 seconds
[2025-01-19T04:29:20.244+0000] {processor.py:186} INFO - Started process (PID=238) to work on /home/airflow/.local/lib/python3.12/site-packages/airflow/example_dags/tutorial_dag.py
[2025-01-19T04:29:20.247+0000] {processor.py:914} INFO - Processing file /home/airflow/.local/lib/python3.12/site-packages/airflow/example_dags/tutorial_dag.py for tasks to queue
[2025-01-19T04:29:20.254+0000] {logging_mixin.py:190} INFO - [2025-01-19T04:29:20.253+0000] {dagbag.py:588} INFO - Filling up the DagBag from /home/airflow/.local/lib/python3.12/site-packages/airflow/example_dags/tutorial_dag.py
[2025-01-19T04:29:20.272+0000] {processor.py:925} INFO - DAG(s) 'tutorial_dag' retrieved from /home/airflow/.local/lib/python3.12/site-packages/airflow/example_dags/tutorial_dag.py
[2025-01-19T04:29:20.326+0000] {logging_mixin.py:190} INFO - [2025-01-19T04:29:20.326+0000] {dag.py:3239} INFO - Sync 1 DAGs
[2025-01-19T04:29:20.378+0000] {logging_mixin.py:190} INFO - [2025-01-19T04:29:20.377+0000] {dag.py:4180} INFO - Setting next_dagrun for tutorial_dag to None, run_after=None
[2025-01-19T04:29:20.425+0000] {processor.py:208} INFO - Processing /home/airflow/.local/lib/python3.12/site-packages/airflow/example_dags/tutorial_dag.py took 0.198 seconds
[2025-01-19T04:30:13.013+0000] {processor.py:186} INFO - Started process (PID=324) to work on /home/airflow/.local/lib/python3.12/site-packages/airflow/example_dags/tutorial_dag.py
[2025-01-19T04:30:13.016+0000] {processor.py:914} INFO - Processing file /home/airflow/.local/lib/python3.12/site-packages/airflow/example_dags/tutorial_dag.py for tasks to queue
[2025-01-19T04:30:13.021+0000] {logging_mixin.py:190} INFO - [2025-01-19T04:30:13.020+0000] {dagbag.py:588} INFO - Filling up the DagBag from /home/airflow/.local/lib/python3.12/site-packages/airflow/example_dags/tutorial_dag.py
[2025-01-19T04:30:13.038+0000] {processor.py:925} INFO - DAG(s) 'tutorial_dag' retrieved from /home/airflow/.local/lib/python3.12/site-packages/airflow/example_dags/tutorial_dag.py
[2025-01-19T04:30:13.078+0000] {logging_mixin.py:190} INFO - [2025-01-19T04:30:13.077+0000] {dag.py:3239} INFO - Sync 1 DAGs
[2025-01-19T04:30:13.117+0000] {logging_mixin.py:190} INFO - [2025-01-19T04:30:13.117+0000] {dag.py:4180} INFO - Setting next_dagrun for tutorial_dag to None, run_after=None
[2025-01-19T04:30:13.165+0000] {processor.py:208} INFO - Processing /home/airflow/.local/lib/python3.12/site-packages/airflow/example_dags/tutorial_dag.py took 0.164 seconds
[2025-01-19T04:30:45.465+0000] {processor.py:186} INFO - Started process (PID=387) to work on /home/airflow/.local/lib/python3.12/site-packages/airflow/example_dags/tutorial_dag.py
[2025-01-19T04:30:45.468+0000] {processor.py:914} INFO - Processing file /home/airflow/.local/lib/python3.12/site-packages/airflow/example_dags/tutorial_dag.py for tasks to queue
[2025-01-19T04:30:45.473+0000] {logging_mixin.py:190} INFO - [2025-01-19T04:30:45.472+0000] {dagbag.py:588} INFO - Filling up the DagBag from /home/airflow/.local/lib/python3.12/site-packages/airflow/example_dags/tutorial_dag.py
[2025-01-19T04:30:45.495+0000] {processor.py:925} INFO - DAG(s) 'tutorial_dag' retrieved from /home/airflow/.local/lib/python3.12/site-packages/airflow/example_dags/tutorial_dag.py
[2025-01-19T04:30:45.559+0000] {logging_mixin.py:190} INFO - [2025-01-19T04:30:45.558+0000] {dag.py:3239} INFO - Sync 1 DAGs
[2025-01-19T04:30:45.603+0000] {logging_mixin.py:190} INFO - [2025-01-19T04:30:45.603+0000] {dag.py:4180} INFO - Setting next_dagrun for tutorial_dag to None, run_after=None
[2025-01-19T04:30:45.653+0000] {processor.py:208} INFO - Processing /home/airflow/.local/lib/python3.12/site-packages/airflow/example_dags/tutorial_dag.py took 0.201 seconds
[2025-01-19T04:31:25.783+0000] {processor.py:186} INFO - Started process (PID=455) to work on /home/airflow/.local/lib/python3.12/site-packages/airflow/example_dags/tutorial_dag.py
[2025-01-19T04:31:25.785+0000] {processor.py:914} INFO - Processing file /home/airflow/.local/lib/python3.12/site-packages/airflow/example_dags/tutorial_dag.py for tasks to queue
[2025-01-19T04:31:25.791+0000] {logging_mixin.py:190} INFO - [2025-01-19T04:31:25.790+0000] {dagbag.py:588} INFO - Filling up the DagBag from /home/airflow/.local/lib/python3.12/site-packages/airflow/example_dags/tutorial_dag.py
[2025-01-19T04:31:25.806+0000] {processor.py:925} INFO - DAG(s) 'tutorial_dag' retrieved from /home/airflow/.local/lib/python3.12/site-packages/airflow/example_dags/tutorial_dag.py
[2025-01-19T04:31:25.850+0000] {logging_mixin.py:190} INFO - [2025-01-19T04:31:25.849+0000] {dag.py:3239} INFO - Sync 1 DAGs
[2025-01-19T04:31:25.900+0000] {logging_mixin.py:190} INFO - [2025-01-19T04:31:25.899+0000] {dag.py:4180} INFO - Setting next_dagrun for tutorial_dag to None, run_after=None
[2025-01-19T04:31:25.960+0000] {processor.py:208} INFO - Processing /home/airflow/.local/lib/python3.12/site-packages/airflow/example_dags/tutorial_dag.py took 0.189 seconds
[2025-01-19T04:32:01.107+0000] {processor.py:186} INFO - Started process (PID=522) to work on /home/airflow/.local/lib/python3.12/site-packages/airflow/example_dags/tutorial_dag.py
[2025-01-19T04:32:01.110+0000] {processor.py:914} INFO - Processing file /home/airflow/.local/lib/python3.12/site-packages/airflow/example_dags/tutorial_dag.py for tasks to queue
[2025-01-19T04:32:01.115+0000] {logging_mixin.py:190} INFO - [2025-01-19T04:32:01.114+0000] {dagbag.py:588} INFO - Filling up the DagBag from /home/airflow/.local/lib/python3.12/site-packages/airflow/example_dags/tutorial_dag.py
[2025-01-19T04:32:01.143+0000] {processor.py:925} INFO - DAG(s) 'tutorial_dag' retrieved from /home/airflow/.local/lib/python3.12/site-packages/airflow/example_dags/tutorial_dag.py
[2025-01-19T04:32:01.194+0000] {logging_mixin.py:190} INFO - [2025-01-19T04:32:01.194+0000] {dag.py:3239} INFO - Sync 1 DAGs
[2025-01-19T04:32:01.236+0000] {logging_mixin.py:190} INFO - [2025-01-19T04:32:01.235+0000] {dag.py:4180} INFO - Setting next_dagrun for tutorial_dag to None, run_after=None
[2025-01-19T04:32:01.298+0000] {processor.py:208} INFO - Processing /home/airflow/.local/lib/python3.12/site-packages/airflow/example_dags/tutorial_dag.py took 0.203 seconds
[2025-01-19T04:32:33.898+0000] {processor.py:186} INFO - Started process (PID=585) to work on /home/airflow/.local/lib/python3.12/site-packages/airflow/example_dags/tutorial_dag.py
[2025-01-19T04:32:33.900+0000] {processor.py:914} INFO - Processing file /home/airflow/.local/lib/python3.12/site-packages/airflow/example_dags/tutorial_dag.py for tasks to queue
[2025-01-19T04:32:33.905+0000] {logging_mixin.py:190} INFO - [2025-01-19T04:32:33.905+0000] {dagbag.py:588} INFO - Filling up the DagBag from /home/airflow/.local/lib/python3.12/site-packages/airflow/example_dags/tutorial_dag.py
[2025-01-19T04:32:33.924+0000] {processor.py:925} INFO - DAG(s) 'tutorial_dag' retrieved from /home/airflow/.local/lib/python3.12/site-packages/airflow/example_dags/tutorial_dag.py
[2025-01-19T04:32:33.979+0000] {logging_mixin.py:190} INFO - [2025-01-19T04:32:33.977+0000] {dag.py:3239} INFO - Sync 1 DAGs
[2025-01-19T04:32:34.053+0000] {logging_mixin.py:190} INFO - [2025-01-19T04:32:34.052+0000] {dag.py:4180} INFO - Setting next_dagrun for tutorial_dag to None, run_after=None
[2025-01-19T04:32:34.125+0000] {processor.py:208} INFO - Processing /home/airflow/.local/lib/python3.12/site-packages/airflow/example_dags/tutorial_dag.py took 0.241 seconds
[2025-01-19T04:33:09.861+0000] {processor.py:186} INFO - Started process (PID=648) to work on /home/airflow/.local/lib/python3.12/site-packages/airflow/example_dags/tutorial_dag.py
[2025-01-19T04:33:09.875+0000] {processor.py:914} INFO - Processing file /home/airflow/.local/lib/python3.12/site-packages/airflow/example_dags/tutorial_dag.py for tasks to queue
[2025-01-19T04:33:09.887+0000] {logging_mixin.py:190} INFO - [2025-01-19T04:33:09.886+0000] {dagbag.py:588} INFO - Filling up the DagBag from /home/airflow/.local/lib/python3.12/site-packages/airflow/example_dags/tutorial_dag.py
[2025-01-19T04:33:09.925+0000] {processor.py:925} INFO - DAG(s) 'tutorial_dag' retrieved from /home/airflow/.local/lib/python3.12/site-packages/airflow/example_dags/tutorial_dag.py
[2025-01-19T04:33:10.001+0000] {logging_mixin.py:190} INFO - [2025-01-19T04:33:10.000+0000] {dag.py:3239} INFO - Sync 1 DAGs
[2025-01-19T04:33:10.070+0000] {logging_mixin.py:190} INFO - [2025-01-19T04:33:10.070+0000] {dag.py:4180} INFO - Setting next_dagrun for tutorial_dag to None, run_after=None
[2025-01-19T04:33:10.183+0000] {processor.py:208} INFO - Processing /home/airflow/.local/lib/python3.12/site-packages/airflow/example_dags/tutorial_dag.py took 0.373 seconds
[2025-01-19T04:33:41.433+0000] {processor.py:186} INFO - Started process (PID=717) to work on /home/airflow/.local/lib/python3.12/site-packages/airflow/example_dags/tutorial_dag.py
[2025-01-19T04:33:41.436+0000] {processor.py:914} INFO - Processing file /home/airflow/.local/lib/python3.12/site-packages/airflow/example_dags/tutorial_dag.py for tasks to queue
[2025-01-19T04:33:41.445+0000] {logging_mixin.py:190} INFO - [2025-01-19T04:33:41.442+0000] {dagbag.py:588} INFO - Filling up the DagBag from /home/airflow/.local/lib/python3.12/site-packages/airflow/example_dags/tutorial_dag.py
[2025-01-19T04:33:41.478+0000] {processor.py:925} INFO - DAG(s) 'tutorial_dag' retrieved from /home/airflow/.local/lib/python3.12/site-packages/airflow/example_dags/tutorial_dag.py
[2025-01-19T04:33:41.545+0000] {logging_mixin.py:190} INFO - [2025-01-19T04:33:41.544+0000] {dag.py:3239} INFO - Sync 1 DAGs
[2025-01-19T04:33:41.626+0000] {logging_mixin.py:190} INFO - [2025-01-19T04:33:41.625+0000] {dag.py:4180} INFO - Setting next_dagrun for tutorial_dag to None, run_after=None
[2025-01-19T04:33:41.687+0000] {processor.py:208} INFO - Processing /home/airflow/.local/lib/python3.12/site-packages/airflow/example_dags/tutorial_dag.py took 0.285 seconds
[2025-01-19T04:34:12.214+0000] {processor.py:186} INFO - Started process (PID=780) to work on /home/airflow/.local/lib/python3.12/site-packages/airflow/example_dags/tutorial_dag.py
[2025-01-19T04:34:12.225+0000] {processor.py:914} INFO - Processing file /home/airflow/.local/lib/python3.12/site-packages/airflow/example_dags/tutorial_dag.py for tasks to queue
[2025-01-19T04:34:12.232+0000] {logging_mixin.py:190} INFO - [2025-01-19T04:34:12.231+0000] {dagbag.py:588} INFO - Filling up the DagBag from /home/airflow/.local/lib/python3.12/site-packages/airflow/example_dags/tutorial_dag.py
[2025-01-19T04:34:12.253+0000] {processor.py:925} INFO - DAG(s) 'tutorial_dag' retrieved from /home/airflow/.local/lib/python3.12/site-packages/airflow/example_dags/tutorial_dag.py
[2025-01-19T04:34:12.311+0000] {logging_mixin.py:190} INFO - [2025-01-19T04:34:12.310+0000] {dag.py:3239} INFO - Sync 1 DAGs
[2025-01-19T04:34:12.360+0000] {logging_mixin.py:190} INFO - [2025-01-19T04:34:12.359+0000] {dag.py:4180} INFO - Setting next_dagrun for tutorial_dag to None, run_after=None
[2025-01-19T04:34:12.465+0000] {processor.py:208} INFO - Processing /home/airflow/.local/lib/python3.12/site-packages/airflow/example_dags/tutorial_dag.py took 0.267 seconds
[2025-01-19T04:34:43.115+0000] {processor.py:186} INFO - Started process (PID=843) to work on /home/airflow/.local/lib/python3.12/site-packages/airflow/example_dags/tutorial_dag.py
[2025-01-19T04:34:43.116+0000] {processor.py:914} INFO - Processing file /home/airflow/.local/lib/python3.12/site-packages/airflow/example_dags/tutorial_dag.py for tasks to queue
[2025-01-19T04:34:43.121+0000] {logging_mixin.py:190} INFO - [2025-01-19T04:34:43.121+0000] {dagbag.py:588} INFO - Filling up the DagBag from /home/airflow/.local/lib/python3.12/site-packages/airflow/example_dags/tutorial_dag.py
[2025-01-19T04:34:43.138+0000] {processor.py:925} INFO - DAG(s) 'tutorial_dag' retrieved from /home/airflow/.local/lib/python3.12/site-packages/airflow/example_dags/tutorial_dag.py
[2025-01-19T04:34:43.177+0000] {logging_mixin.py:190} INFO - [2025-01-19T04:34:43.177+0000] {dag.py:3239} INFO - Sync 1 DAGs
[2025-01-19T04:34:43.207+0000] {logging_mixin.py:190} INFO - [2025-01-19T04:34:43.207+0000] {dag.py:4180} INFO - Setting next_dagrun for tutorial_dag to None, run_after=None
[2025-01-19T04:34:43.248+0000] {processor.py:208} INFO - Processing /home/airflow/.local/lib/python3.12/site-packages/airflow/example_dags/tutorial_dag.py took 0.145 seconds
[2025-01-19T04:35:34.053+0000] {processor.py:186} INFO - Started process (PID=912) to work on /home/airflow/.local/lib/python3.12/site-packages/airflow/example_dags/tutorial_dag.py
[2025-01-19T04:35:34.056+0000] {processor.py:914} INFO - Processing file /home/airflow/.local/lib/python3.12/site-packages/airflow/example_dags/tutorial_dag.py for tasks to queue
[2025-01-19T04:35:34.062+0000] {logging_mixin.py:190} INFO - [2025-01-19T04:35:34.061+0000] {dagbag.py:588} INFO - Filling up the DagBag from /home/airflow/.local/lib/python3.12/site-packages/airflow/example_dags/tutorial_dag.py
[2025-01-19T04:35:34.081+0000] {processor.py:925} INFO - DAG(s) 'tutorial_dag' retrieved from /home/airflow/.local/lib/python3.12/site-packages/airflow/example_dags/tutorial_dag.py
[2025-01-19T04:35:34.157+0000] {logging_mixin.py:190} INFO - [2025-01-19T04:35:34.156+0000] {dag.py:3239} INFO - Sync 1 DAGs
[2025-01-19T04:35:34.233+0000] {logging_mixin.py:190} INFO - [2025-01-19T04:35:34.232+0000] {dag.py:4180} INFO - Setting next_dagrun for tutorial_dag to None, run_after=None
[2025-01-19T04:35:34.317+0000] {processor.py:208} INFO - Processing /home/airflow/.local/lib/python3.12/site-packages/airflow/example_dags/tutorial_dag.py took 0.275 seconds
[2025-01-19T04:36:05.833+0000] {processor.py:186} INFO - Started process (PID=975) to work on /home/airflow/.local/lib/python3.12/site-packages/airflow/example_dags/tutorial_dag.py
[2025-01-19T04:36:05.844+0000] {processor.py:914} INFO - Processing file /home/airflow/.local/lib/python3.12/site-packages/airflow/example_dags/tutorial_dag.py for tasks to queue
[2025-01-19T04:36:05.851+0000] {logging_mixin.py:190} INFO - [2025-01-19T04:36:05.850+0000] {dagbag.py:588} INFO - Filling up the DagBag from /home/airflow/.local/lib/python3.12/site-packages/airflow/example_dags/tutorial_dag.py
[2025-01-19T04:36:05.881+0000] {processor.py:925} INFO - DAG(s) 'tutorial_dag' retrieved from /home/airflow/.local/lib/python3.12/site-packages/airflow/example_dags/tutorial_dag.py
[2025-01-19T04:36:05.933+0000] {logging_mixin.py:190} INFO - [2025-01-19T04:36:05.933+0000] {dag.py:3239} INFO - Sync 1 DAGs
[2025-01-19T04:36:05.973+0000] {logging_mixin.py:190} INFO - [2025-01-19T04:36:05.972+0000] {dag.py:4180} INFO - Setting next_dagrun for tutorial_dag to None, run_after=None
[2025-01-19T04:36:06.041+0000] {processor.py:208} INFO - Processing /home/airflow/.local/lib/python3.12/site-packages/airflow/example_dags/tutorial_dag.py took 0.229 seconds
[2025-01-19T04:36:37.428+0000] {processor.py:186} INFO - Started process (PID=1038) to work on /home/airflow/.local/lib/python3.12/site-packages/airflow/example_dags/tutorial_dag.py
[2025-01-19T04:36:37.433+0000] {processor.py:914} INFO - Processing file /home/airflow/.local/lib/python3.12/site-packages/airflow/example_dags/tutorial_dag.py for tasks to queue
[2025-01-19T04:36:37.448+0000] {logging_mixin.py:190} INFO - [2025-01-19T04:36:37.447+0000] {dagbag.py:588} INFO - Filling up the DagBag from /home/airflow/.local/lib/python3.12/site-packages/airflow/example_dags/tutorial_dag.py
[2025-01-19T04:36:37.479+0000] {processor.py:925} INFO - DAG(s) 'tutorial_dag' retrieved from /home/airflow/.local/lib/python3.12/site-packages/airflow/example_dags/tutorial_dag.py
[2025-01-19T04:36:37.615+0000] {logging_mixin.py:190} INFO - [2025-01-19T04:36:37.603+0000] {dag.py:3239} INFO - Sync 1 DAGs
[2025-01-19T04:36:37.723+0000] {logging_mixin.py:190} INFO - [2025-01-19T04:36:37.723+0000] {dag.py:4180} INFO - Setting next_dagrun for tutorial_dag to None, run_after=None
[2025-01-19T04:36:37.850+0000] {processor.py:208} INFO - Processing /home/airflow/.local/lib/python3.12/site-packages/airflow/example_dags/tutorial_dag.py took 0.440 seconds
[2025-01-19T04:41:36.739+0000] {processor.py:186} INFO - Started process (PID=1114) to work on /home/airflow/.local/lib/python3.12/site-packages/airflow/example_dags/tutorial_dag.py
[2025-01-19T04:41:36.765+0000] {processor.py:914} INFO - Processing file /home/airflow/.local/lib/python3.12/site-packages/airflow/example_dags/tutorial_dag.py for tasks to queue
[2025-01-19T04:41:36.785+0000] {logging_mixin.py:190} INFO - [2025-01-19T04:41:36.783+0000] {dagbag.py:588} INFO - Filling up the DagBag from /home/airflow/.local/lib/python3.12/site-packages/airflow/example_dags/tutorial_dag.py
[2025-01-19T04:41:36.924+0000] {processor.py:925} INFO - DAG(s) 'tutorial_dag' retrieved from /home/airflow/.local/lib/python3.12/site-packages/airflow/example_dags/tutorial_dag.py
[2025-01-19T04:41:37.054+0000] {logging_mixin.py:190} INFO - [2025-01-19T04:41:37.053+0000] {dag.py:3239} INFO - Sync 1 DAGs
[2025-01-19T04:41:37.213+0000] {logging_mixin.py:190} INFO - [2025-01-19T04:41:37.200+0000] {dag.py:4180} INFO - Setting next_dagrun for tutorial_dag to None, run_after=None
[2025-01-19T04:41:37.401+0000] {processor.py:208} INFO - Processing /home/airflow/.local/lib/python3.12/site-packages/airflow/example_dags/tutorial_dag.py took 0.771 seconds
