[2025-01-19T04:13:25.075+0000] {processor.py:186} INFO - Started process (PID=494) to work on /home/airflow/.local/lib/python3.12/site-packages/airflow/example_dags/tutorial_taskflow_templates.py
[2025-01-19T04:13:25.077+0000] {processor.py:914} INFO - Processing file /home/airflow/.local/lib/python3.12/site-packages/airflow/example_dags/tutorial_taskflow_templates.py for tasks to queue
[2025-01-19T04:13:25.084+0000] {logging_mixin.py:190} INFO - [2025-01-19T04:13:25.083+0000] {dagbag.py:588} INFO - Filling up the DagBag from /home/airflow/.local/lib/python3.12/site-packages/airflow/example_dags/tutorial_taskflow_templates.py
[2025-01-19T04:13:25.151+0000] {processor.py:925} INFO - DAG(s) 'tutorial_taskflow_templates' retrieved from /home/airflow/.local/lib/python3.12/site-packages/airflow/example_dags/tutorial_taskflow_templates.py
[2025-01-19T04:13:25.245+0000] {logging_mixin.py:190} INFO - [2025-01-19T04:13:25.244+0000] {dag.py:3239} INFO - Sync 1 DAGs
[2025-01-19T04:13:25.359+0000] {logging_mixin.py:190} INFO - [2025-01-19T04:13:25.358+0000] {dag.py:4180} INFO - Setting next_dagrun for tutorial_taskflow_templates to 2025-01-18 00:00:00+00:00, run_after=2025-01-19 00:00:00+00:00
[2025-01-19T04:13:25.437+0000] {processor.py:208} INFO - Processing /home/airflow/.local/lib/python3.12/site-packages/airflow/example_dags/tutorial_taskflow_templates.py took 0.380 seconds
[2025-01-19T04:14:00.025+0000] {processor.py:186} INFO - Started process (PID=557) to work on /home/airflow/.local/lib/python3.12/site-packages/airflow/example_dags/tutorial_taskflow_templates.py
[2025-01-19T04:14:00.028+0000] {processor.py:914} INFO - Processing file /home/airflow/.local/lib/python3.12/site-packages/airflow/example_dags/tutorial_taskflow_templates.py for tasks to queue
[2025-01-19T04:14:00.044+0000] {logging_mixin.py:190} INFO - [2025-01-19T04:14:00.042+0000] {dagbag.py:588} INFO - Filling up the DagBag from /home/airflow/.local/lib/python3.12/site-packages/airflow/example_dags/tutorial_taskflow_templates.py
[2025-01-19T04:14:00.087+0000] {processor.py:925} INFO - DAG(s) 'tutorial_taskflow_templates' retrieved from /home/airflow/.local/lib/python3.12/site-packages/airflow/example_dags/tutorial_taskflow_templates.py
[2025-01-19T04:14:00.184+0000] {logging_mixin.py:190} INFO - [2025-01-19T04:14:00.183+0000] {dag.py:3239} INFO - Sync 1 DAGs
[2025-01-19T04:14:00.365+0000] {logging_mixin.py:190} INFO - [2025-01-19T04:14:00.364+0000] {dag.py:4180} INFO - Setting next_dagrun for tutorial_taskflow_templates to 2025-01-18 00:00:00+00:00, run_after=2025-01-19 00:00:00+00:00
[2025-01-19T04:14:00.497+0000] {processor.py:208} INFO - Processing /home/airflow/.local/lib/python3.12/site-packages/airflow/example_dags/tutorial_taskflow_templates.py took 0.495 seconds
[2025-01-19T04:15:13.985+0000] {processor.py:186} INFO - Started process (PID=626) to work on /home/airflow/.local/lib/python3.12/site-packages/airflow/example_dags/tutorial_taskflow_templates.py
[2025-01-19T04:15:13.991+0000] {processor.py:914} INFO - Processing file /home/airflow/.local/lib/python3.12/site-packages/airflow/example_dags/tutorial_taskflow_templates.py for tasks to queue
[2025-01-19T04:15:14.000+0000] {logging_mixin.py:190} INFO - [2025-01-19T04:15:13.998+0000] {dagbag.py:588} INFO - Filling up the DagBag from /home/airflow/.local/lib/python3.12/site-packages/airflow/example_dags/tutorial_taskflow_templates.py
[2025-01-19T04:15:14.073+0000] {processor.py:925} INFO - DAG(s) 'tutorial_taskflow_templates' retrieved from /home/airflow/.local/lib/python3.12/site-packages/airflow/example_dags/tutorial_taskflow_templates.py
[2025-01-19T04:15:14.532+0000] {logging_mixin.py:190} INFO - [2025-01-19T04:15:14.527+0000] {dag.py:3239} INFO - Sync 1 DAGs
[2025-01-19T04:15:14.808+0000] {logging_mixin.py:190} INFO - [2025-01-19T04:15:14.805+0000] {dag.py:4180} INFO - Setting next_dagrun for tutorial_taskflow_templates to 2025-01-18 00:00:00+00:00, run_after=2025-01-19 00:00:00+00:00
[2025-01-19T04:15:15.042+0000] {processor.py:208} INFO - Processing /home/airflow/.local/lib/python3.12/site-packages/airflow/example_dags/tutorial_taskflow_templates.py took 1.083 seconds
[2025-01-19T04:18:41.286+0000] {processor.py:186} INFO - Started process (PID=731) to work on /home/airflow/.local/lib/python3.12/site-packages/airflow/example_dags/tutorial_taskflow_templates.py
[2025-01-19T04:18:41.289+0000] {processor.py:914} INFO - Processing file /home/airflow/.local/lib/python3.12/site-packages/airflow/example_dags/tutorial_taskflow_templates.py for tasks to queue
[2025-01-19T04:18:41.293+0000] {logging_mixin.py:190} INFO - [2025-01-19T04:18:41.292+0000] {dagbag.py:588} INFO - Filling up the DagBag from /home/airflow/.local/lib/python3.12/site-packages/airflow/example_dags/tutorial_taskflow_templates.py
[2025-01-19T04:18:41.380+0000] {processor.py:925} INFO - DAG(s) 'tutorial_taskflow_templates' retrieved from /home/airflow/.local/lib/python3.12/site-packages/airflow/example_dags/tutorial_taskflow_templates.py
[2025-01-19T04:18:41.525+0000] {logging_mixin.py:190} INFO - [2025-01-19T04:18:41.524+0000] {dag.py:3239} INFO - Sync 1 DAGs
[2025-01-19T04:18:41.703+0000] {logging_mixin.py:190} INFO - [2025-01-19T04:18:41.702+0000] {dag.py:4180} INFO - Setting next_dagrun for tutorial_taskflow_templates to 2025-01-18 00:00:00+00:00, run_after=2025-01-19 00:00:00+00:00
[2025-01-19T04:18:41.798+0000] {processor.py:208} INFO - Processing /home/airflow/.local/lib/python3.12/site-packages/airflow/example_dags/tutorial_taskflow_templates.py took 0.529 seconds
[2025-01-19T04:19:12.090+0000] {processor.py:186} INFO - Started process (PID=794) to work on /home/airflow/.local/lib/python3.12/site-packages/airflow/example_dags/tutorial_taskflow_templates.py
[2025-01-19T04:19:12.092+0000] {processor.py:914} INFO - Processing file /home/airflow/.local/lib/python3.12/site-packages/airflow/example_dags/tutorial_taskflow_templates.py for tasks to queue
[2025-01-19T04:19:12.095+0000] {logging_mixin.py:190} INFO - [2025-01-19T04:19:12.094+0000] {dagbag.py:588} INFO - Filling up the DagBag from /home/airflow/.local/lib/python3.12/site-packages/airflow/example_dags/tutorial_taskflow_templates.py
[2025-01-19T04:19:12.129+0000] {processor.py:925} INFO - DAG(s) 'tutorial_taskflow_templates' retrieved from /home/airflow/.local/lib/python3.12/site-packages/airflow/example_dags/tutorial_taskflow_templates.py
[2025-01-19T04:19:12.175+0000] {logging_mixin.py:190} INFO - [2025-01-19T04:19:12.175+0000] {dag.py:3239} INFO - Sync 1 DAGs
[2025-01-19T04:19:12.235+0000] {logging_mixin.py:190} INFO - [2025-01-19T04:19:12.235+0000] {dag.py:4180} INFO - Setting next_dagrun for tutorial_taskflow_templates to 2025-01-18 00:00:00+00:00, run_after=2025-01-19 00:00:00+00:00
[2025-01-19T04:19:12.318+0000] {processor.py:208} INFO - Processing /home/airflow/.local/lib/python3.12/site-packages/airflow/example_dags/tutorial_taskflow_templates.py took 0.240 seconds
[2025-01-19T04:19:47.083+0000] {processor.py:186} INFO - Started process (PID=857) to work on /home/airflow/.local/lib/python3.12/site-packages/airflow/example_dags/tutorial_taskflow_templates.py
[2025-01-19T04:19:47.085+0000] {processor.py:914} INFO - Processing file /home/airflow/.local/lib/python3.12/site-packages/airflow/example_dags/tutorial_taskflow_templates.py for tasks to queue
[2025-01-19T04:19:47.088+0000] {logging_mixin.py:190} INFO - [2025-01-19T04:19:47.087+0000] {dagbag.py:588} INFO - Filling up the DagBag from /home/airflow/.local/lib/python3.12/site-packages/airflow/example_dags/tutorial_taskflow_templates.py
[2025-01-19T04:19:47.136+0000] {processor.py:925} INFO - DAG(s) 'tutorial_taskflow_templates' retrieved from /home/airflow/.local/lib/python3.12/site-packages/airflow/example_dags/tutorial_taskflow_templates.py
[2025-01-19T04:19:47.210+0000] {logging_mixin.py:190} INFO - [2025-01-19T04:19:47.207+0000] {dag.py:3239} INFO - Sync 1 DAGs
[2025-01-19T04:19:47.355+0000] {logging_mixin.py:190} INFO - [2025-01-19T04:19:47.353+0000] {dag.py:4180} INFO - Setting next_dagrun for tutorial_taskflow_templates to 2025-01-18 00:00:00+00:00, run_after=2025-01-19 00:00:00+00:00
[2025-01-19T04:19:47.437+0000] {processor.py:208} INFO - Processing /home/airflow/.local/lib/python3.12/site-packages/airflow/example_dags/tutorial_taskflow_templates.py took 0.368 seconds
[2025-01-19T04:20:17.621+0000] {processor.py:186} INFO - Started process (PID=919) to work on /home/airflow/.local/lib/python3.12/site-packages/airflow/example_dags/tutorial_taskflow_templates.py
[2025-01-19T04:20:17.623+0000] {processor.py:914} INFO - Processing file /home/airflow/.local/lib/python3.12/site-packages/airflow/example_dags/tutorial_taskflow_templates.py for tasks to queue
[2025-01-19T04:20:17.627+0000] {logging_mixin.py:190} INFO - [2025-01-19T04:20:17.626+0000] {dagbag.py:588} INFO - Filling up the DagBag from /home/airflow/.local/lib/python3.12/site-packages/airflow/example_dags/tutorial_taskflow_templates.py
[2025-01-19T04:20:17.660+0000] {processor.py:925} INFO - DAG(s) 'tutorial_taskflow_templates' retrieved from /home/airflow/.local/lib/python3.12/site-packages/airflow/example_dags/tutorial_taskflow_templates.py
[2025-01-19T04:20:17.701+0000] {logging_mixin.py:190} INFO - [2025-01-19T04:20:17.700+0000] {dag.py:3239} INFO - Sync 1 DAGs
[2025-01-19T04:20:17.763+0000] {logging_mixin.py:190} INFO - [2025-01-19T04:20:17.762+0000] {dag.py:4180} INFO - Setting next_dagrun for tutorial_taskflow_templates to 2025-01-18 00:00:00+00:00, run_after=2025-01-19 00:00:00+00:00
[2025-01-19T04:20:17.804+0000] {processor.py:208} INFO - Processing /home/airflow/.local/lib/python3.12/site-packages/airflow/example_dags/tutorial_taskflow_templates.py took 0.195 seconds
[2025-01-19T04:20:55.671+0000] {processor.py:186} INFO - Started process (PID=982) to work on /home/airflow/.local/lib/python3.12/site-packages/airflow/example_dags/tutorial_taskflow_templates.py
[2025-01-19T04:20:55.674+0000] {processor.py:914} INFO - Processing file /home/airflow/.local/lib/python3.12/site-packages/airflow/example_dags/tutorial_taskflow_templates.py for tasks to queue
[2025-01-19T04:20:55.678+0000] {logging_mixin.py:190} INFO - [2025-01-19T04:20:55.677+0000] {dagbag.py:588} INFO - Filling up the DagBag from /home/airflow/.local/lib/python3.12/site-packages/airflow/example_dags/tutorial_taskflow_templates.py
[2025-01-19T04:20:55.730+0000] {processor.py:925} INFO - DAG(s) 'tutorial_taskflow_templates' retrieved from /home/airflow/.local/lib/python3.12/site-packages/airflow/example_dags/tutorial_taskflow_templates.py
[2025-01-19T04:20:55.811+0000] {logging_mixin.py:190} INFO - [2025-01-19T04:20:55.810+0000] {dag.py:3239} INFO - Sync 1 DAGs
[2025-01-19T04:20:55.981+0000] {logging_mixin.py:190} INFO - [2025-01-19T04:20:55.980+0000] {dag.py:4180} INFO - Setting next_dagrun for tutorial_taskflow_templates to 2025-01-18 00:00:00+00:00, run_after=2025-01-19 00:00:00+00:00
[2025-01-19T04:20:56.042+0000] {processor.py:208} INFO - Processing /home/airflow/.local/lib/python3.12/site-packages/airflow/example_dags/tutorial_taskflow_templates.py took 0.392 seconds
[2025-01-19T04:21:34.854+0000] {processor.py:186} INFO - Started process (PID=1056) to work on /home/airflow/.local/lib/python3.12/site-packages/airflow/example_dags/tutorial_taskflow_templates.py
[2025-01-19T04:21:34.861+0000] {processor.py:914} INFO - Processing file /home/airflow/.local/lib/python3.12/site-packages/airflow/example_dags/tutorial_taskflow_templates.py for tasks to queue
[2025-01-19T04:21:34.866+0000] {logging_mixin.py:190} INFO - [2025-01-19T04:21:34.865+0000] {dagbag.py:588} INFO - Filling up the DagBag from /home/airflow/.local/lib/python3.12/site-packages/airflow/example_dags/tutorial_taskflow_templates.py
[2025-01-19T04:21:34.938+0000] {processor.py:925} INFO - DAG(s) 'tutorial_taskflow_templates' retrieved from /home/airflow/.local/lib/python3.12/site-packages/airflow/example_dags/tutorial_taskflow_templates.py
[2025-01-19T04:21:35.003+0000] {logging_mixin.py:190} INFO - [2025-01-19T04:21:35.002+0000] {dag.py:3239} INFO - Sync 1 DAGs
[2025-01-19T04:21:35.097+0000] {logging_mixin.py:190} INFO - [2025-01-19T04:21:35.095+0000] {dag.py:4180} INFO - Setting next_dagrun for tutorial_taskflow_templates to 2025-01-18 00:00:00+00:00, run_after=2025-01-19 00:00:00+00:00
[2025-01-19T04:21:35.165+0000] {processor.py:208} INFO - Processing /home/airflow/.local/lib/python3.12/site-packages/airflow/example_dags/tutorial_taskflow_templates.py took 0.340 seconds
[2025-01-19T04:28:13.890+0000] {processor.py:186} INFO - Started process (PID=108) to work on /home/airflow/.local/lib/python3.12/site-packages/airflow/example_dags/tutorial_taskflow_templates.py
[2025-01-19T04:28:13.892+0000] {processor.py:914} INFO - Processing file /home/airflow/.local/lib/python3.12/site-packages/airflow/example_dags/tutorial_taskflow_templates.py for tasks to queue
[2025-01-19T04:28:13.898+0000] {logging_mixin.py:190} INFO - [2025-01-19T04:28:13.897+0000] {dagbag.py:588} INFO - Filling up the DagBag from /home/airflow/.local/lib/python3.12/site-packages/airflow/example_dags/tutorial_taskflow_templates.py
[2025-01-19T04:28:13.926+0000] {processor.py:925} INFO - DAG(s) 'tutorial_taskflow_templates' retrieved from /home/airflow/.local/lib/python3.12/site-packages/airflow/example_dags/tutorial_taskflow_templates.py
[2025-01-19T04:28:14.240+0000] {logging_mixin.py:190} INFO - [2025-01-19T04:28:14.237+0000] {override.py:1911} INFO - Created Permission View: can delete on DAG:tutorial_taskflow_templates
[2025-01-19T04:28:14.276+0000] {logging_mixin.py:190} INFO - [2025-01-19T04:28:14.275+0000] {override.py:1911} INFO - Created Permission View: can edit on DAG:tutorial_taskflow_templates
[2025-01-19T04:28:14.297+0000] {logging_mixin.py:190} INFO - [2025-01-19T04:28:14.296+0000] {override.py:1911} INFO - Created Permission View: can read on DAG:tutorial_taskflow_templates
[2025-01-19T04:28:14.328+0000] {logging_mixin.py:190} INFO - [2025-01-19T04:28:14.327+0000] {override.py:1911} INFO - Created Permission View: can create on DAG Run:tutorial_taskflow_templates
[2025-01-19T04:28:14.362+0000] {logging_mixin.py:190} INFO - [2025-01-19T04:28:14.361+0000] {override.py:1911} INFO - Created Permission View: menu access on DAG Run:tutorial_taskflow_templates
[2025-01-19T04:28:14.412+0000] {logging_mixin.py:190} INFO - [2025-01-19T04:28:14.411+0000] {override.py:1911} INFO - Created Permission View: can delete on DAG Run:tutorial_taskflow_templates
[2025-01-19T04:28:14.441+0000] {logging_mixin.py:190} INFO - [2025-01-19T04:28:14.440+0000] {override.py:1911} INFO - Created Permission View: can read on DAG Run:tutorial_taskflow_templates
[2025-01-19T04:28:14.443+0000] {logging_mixin.py:190} INFO - [2025-01-19T04:28:14.442+0000] {dag.py:3239} INFO - Sync 1 DAGs
[2025-01-19T04:28:14.495+0000] {logging_mixin.py:190} INFO - [2025-01-19T04:28:14.495+0000] {dag.py:3262} INFO - Creating ORM DAG for tutorial_taskflow_templates
[2025-01-19T04:28:14.551+0000] {logging_mixin.py:190} INFO - [2025-01-19T04:28:14.550+0000] {dag.py:4180} INFO - Setting next_dagrun for tutorial_taskflow_templates to 2025-01-18 00:00:00+00:00, run_after=2025-01-19 00:00:00+00:00
[2025-01-19T04:28:14.667+0000] {processor.py:208} INFO - Processing /home/airflow/.local/lib/python3.12/site-packages/airflow/example_dags/tutorial_taskflow_templates.py took 0.792 seconds
[2025-01-19T04:28:45.599+0000] {processor.py:186} INFO - Started process (PID=171) to work on /home/airflow/.local/lib/python3.12/site-packages/airflow/example_dags/tutorial_taskflow_templates.py
[2025-01-19T04:28:45.606+0000] {processor.py:914} INFO - Processing file /home/airflow/.local/lib/python3.12/site-packages/airflow/example_dags/tutorial_taskflow_templates.py for tasks to queue
[2025-01-19T04:28:45.633+0000] {logging_mixin.py:190} INFO - [2025-01-19T04:28:45.630+0000] {dagbag.py:588} INFO - Filling up the DagBag from /home/airflow/.local/lib/python3.12/site-packages/airflow/example_dags/tutorial_taskflow_templates.py
[2025-01-19T04:28:45.682+0000] {processor.py:925} INFO - DAG(s) 'tutorial_taskflow_templates' retrieved from /home/airflow/.local/lib/python3.12/site-packages/airflow/example_dags/tutorial_taskflow_templates.py
[2025-01-19T04:28:45.812+0000] {logging_mixin.py:190} INFO - [2025-01-19T04:28:45.811+0000] {dag.py:3239} INFO - Sync 1 DAGs
[2025-01-19T04:28:45.903+0000] {logging_mixin.py:190} INFO - [2025-01-19T04:28:45.902+0000] {dag.py:4180} INFO - Setting next_dagrun for tutorial_taskflow_templates to 2025-01-18 00:00:00+00:00, run_after=2025-01-19 00:00:00+00:00
[2025-01-19T04:28:45.960+0000] {processor.py:208} INFO - Processing /home/airflow/.local/lib/python3.12/site-packages/airflow/example_dags/tutorial_taskflow_templates.py took 0.432 seconds
[2025-01-19T04:29:20.894+0000] {processor.py:186} INFO - Started process (PID=240) to work on /home/airflow/.local/lib/python3.12/site-packages/airflow/example_dags/tutorial_taskflow_templates.py
[2025-01-19T04:29:20.897+0000] {processor.py:914} INFO - Processing file /home/airflow/.local/lib/python3.12/site-packages/airflow/example_dags/tutorial_taskflow_templates.py for tasks to queue
[2025-01-19T04:29:20.903+0000] {logging_mixin.py:190} INFO - [2025-01-19T04:29:20.903+0000] {dagbag.py:588} INFO - Filling up the DagBag from /home/airflow/.local/lib/python3.12/site-packages/airflow/example_dags/tutorial_taskflow_templates.py
[2025-01-19T04:29:20.947+0000] {processor.py:925} INFO - DAG(s) 'tutorial_taskflow_templates' retrieved from /home/airflow/.local/lib/python3.12/site-packages/airflow/example_dags/tutorial_taskflow_templates.py
[2025-01-19T04:29:21.036+0000] {logging_mixin.py:190} INFO - [2025-01-19T04:29:21.035+0000] {dag.py:3239} INFO - Sync 1 DAGs
[2025-01-19T04:29:21.186+0000] {logging_mixin.py:190} INFO - [2025-01-19T04:29:21.185+0000] {dag.py:4180} INFO - Setting next_dagrun for tutorial_taskflow_templates to 2025-01-18 00:00:00+00:00, run_after=2025-01-19 00:00:00+00:00
[2025-01-19T04:29:21.264+0000] {processor.py:208} INFO - Processing /home/airflow/.local/lib/python3.12/site-packages/airflow/example_dags/tutorial_taskflow_templates.py took 0.386 seconds
[2025-01-19T04:30:13.373+0000] {processor.py:186} INFO - Started process (PID=326) to work on /home/airflow/.local/lib/python3.12/site-packages/airflow/example_dags/tutorial_taskflow_templates.py
[2025-01-19T04:30:13.382+0000] {processor.py:914} INFO - Processing file /home/airflow/.local/lib/python3.12/site-packages/airflow/example_dags/tutorial_taskflow_templates.py for tasks to queue
[2025-01-19T04:30:13.387+0000] {logging_mixin.py:190} INFO - [2025-01-19T04:30:13.386+0000] {dagbag.py:588} INFO - Filling up the DagBag from /home/airflow/.local/lib/python3.12/site-packages/airflow/example_dags/tutorial_taskflow_templates.py
[2025-01-19T04:30:13.438+0000] {processor.py:925} INFO - DAG(s) 'tutorial_taskflow_templates' retrieved from /home/airflow/.local/lib/python3.12/site-packages/airflow/example_dags/tutorial_taskflow_templates.py
[2025-01-19T04:30:13.504+0000] {logging_mixin.py:190} INFO - [2025-01-19T04:30:13.503+0000] {dag.py:3239} INFO - Sync 1 DAGs
[2025-01-19T04:30:13.590+0000] {logging_mixin.py:190} INFO - [2025-01-19T04:30:13.589+0000] {dag.py:4180} INFO - Setting next_dagrun for tutorial_taskflow_templates to 2025-01-18 00:00:00+00:00, run_after=2025-01-19 00:00:00+00:00
[2025-01-19T04:30:13.640+0000] {processor.py:208} INFO - Processing /home/airflow/.local/lib/python3.12/site-packages/airflow/example_dags/tutorial_taskflow_templates.py took 0.282 seconds
[2025-01-19T04:30:45.711+0000] {processor.py:186} INFO - Started process (PID=389) to work on /home/airflow/.local/lib/python3.12/site-packages/airflow/example_dags/tutorial_taskflow_templates.py
[2025-01-19T04:30:45.714+0000] {processor.py:914} INFO - Processing file /home/airflow/.local/lib/python3.12/site-packages/airflow/example_dags/tutorial_taskflow_templates.py for tasks to queue
[2025-01-19T04:30:45.720+0000] {logging_mixin.py:190} INFO - [2025-01-19T04:30:45.718+0000] {dagbag.py:588} INFO - Filling up the DagBag from /home/airflow/.local/lib/python3.12/site-packages/airflow/example_dags/tutorial_taskflow_templates.py
[2025-01-19T04:30:45.745+0000] {processor.py:925} INFO - DAG(s) 'tutorial_taskflow_templates' retrieved from /home/airflow/.local/lib/python3.12/site-packages/airflow/example_dags/tutorial_taskflow_templates.py
[2025-01-19T04:30:45.789+0000] {logging_mixin.py:190} INFO - [2025-01-19T04:30:45.788+0000] {dag.py:3239} INFO - Sync 1 DAGs
[2025-01-19T04:30:45.901+0000] {logging_mixin.py:190} INFO - [2025-01-19T04:30:45.900+0000] {dag.py:4180} INFO - Setting next_dagrun for tutorial_taskflow_templates to 2025-01-18 00:00:00+00:00, run_after=2025-01-19 00:00:00+00:00
[2025-01-19T04:30:45.956+0000] {processor.py:208} INFO - Processing /home/airflow/.local/lib/python3.12/site-packages/airflow/example_dags/tutorial_taskflow_templates.py took 0.255 seconds
[2025-01-19T04:31:26.034+0000] {processor.py:186} INFO - Started process (PID=457) to work on /home/airflow/.local/lib/python3.12/site-packages/airflow/example_dags/tutorial_taskflow_templates.py
[2025-01-19T04:31:26.036+0000] {processor.py:914} INFO - Processing file /home/airflow/.local/lib/python3.12/site-packages/airflow/example_dags/tutorial_taskflow_templates.py for tasks to queue
[2025-01-19T04:31:26.042+0000] {logging_mixin.py:190} INFO - [2025-01-19T04:31:26.041+0000] {dagbag.py:588} INFO - Filling up the DagBag from /home/airflow/.local/lib/python3.12/site-packages/airflow/example_dags/tutorial_taskflow_templates.py
[2025-01-19T04:31:26.077+0000] {processor.py:925} INFO - DAG(s) 'tutorial_taskflow_templates' retrieved from /home/airflow/.local/lib/python3.12/site-packages/airflow/example_dags/tutorial_taskflow_templates.py
[2025-01-19T04:31:26.147+0000] {logging_mixin.py:190} INFO - [2025-01-19T04:31:26.146+0000] {dag.py:3239} INFO - Sync 1 DAGs
[2025-01-19T04:31:26.223+0000] {logging_mixin.py:190} INFO - [2025-01-19T04:31:26.222+0000] {dag.py:4180} INFO - Setting next_dagrun for tutorial_taskflow_templates to 2025-01-18 00:00:00+00:00, run_after=2025-01-19 00:00:00+00:00
[2025-01-19T04:31:26.269+0000] {processor.py:208} INFO - Processing /home/airflow/.local/lib/python3.12/site-packages/airflow/example_dags/tutorial_taskflow_templates.py took 0.246 seconds
[2025-01-19T04:32:01.393+0000] {processor.py:186} INFO - Started process (PID=524) to work on /home/airflow/.local/lib/python3.12/site-packages/airflow/example_dags/tutorial_taskflow_templates.py
[2025-01-19T04:32:01.399+0000] {processor.py:914} INFO - Processing file /home/airflow/.local/lib/python3.12/site-packages/airflow/example_dags/tutorial_taskflow_templates.py for tasks to queue
[2025-01-19T04:32:01.406+0000] {logging_mixin.py:190} INFO - [2025-01-19T04:32:01.405+0000] {dagbag.py:588} INFO - Filling up the DagBag from /home/airflow/.local/lib/python3.12/site-packages/airflow/example_dags/tutorial_taskflow_templates.py
[2025-01-19T04:32:01.442+0000] {processor.py:925} INFO - DAG(s) 'tutorial_taskflow_templates' retrieved from /home/airflow/.local/lib/python3.12/site-packages/airflow/example_dags/tutorial_taskflow_templates.py
[2025-01-19T04:32:01.501+0000] {logging_mixin.py:190} INFO - [2025-01-19T04:32:01.501+0000] {dag.py:3239} INFO - Sync 1 DAGs
[2025-01-19T04:32:01.566+0000] {logging_mixin.py:190} INFO - [2025-01-19T04:32:01.565+0000] {dag.py:4180} INFO - Setting next_dagrun for tutorial_taskflow_templates to 2025-01-18 00:00:00+00:00, run_after=2025-01-19 00:00:00+00:00
[2025-01-19T04:32:01.608+0000] {processor.py:208} INFO - Processing /home/airflow/.local/lib/python3.12/site-packages/airflow/example_dags/tutorial_taskflow_templates.py took 0.226 seconds
[2025-01-19T04:32:34.428+0000] {processor.py:186} INFO - Started process (PID=587) to work on /home/airflow/.local/lib/python3.12/site-packages/airflow/example_dags/tutorial_taskflow_templates.py
[2025-01-19T04:32:34.431+0000] {processor.py:914} INFO - Processing file /home/airflow/.local/lib/python3.12/site-packages/airflow/example_dags/tutorial_taskflow_templates.py for tasks to queue
[2025-01-19T04:32:34.437+0000] {logging_mixin.py:190} INFO - [2025-01-19T04:32:34.436+0000] {dagbag.py:588} INFO - Filling up the DagBag from /home/airflow/.local/lib/python3.12/site-packages/airflow/example_dags/tutorial_taskflow_templates.py
[2025-01-19T04:32:34.479+0000] {processor.py:925} INFO - DAG(s) 'tutorial_taskflow_templates' retrieved from /home/airflow/.local/lib/python3.12/site-packages/airflow/example_dags/tutorial_taskflow_templates.py
[2025-01-19T04:32:34.561+0000] {logging_mixin.py:190} INFO - [2025-01-19T04:32:34.560+0000] {dag.py:3239} INFO - Sync 1 DAGs
[2025-01-19T04:32:34.636+0000] {logging_mixin.py:190} INFO - [2025-01-19T04:32:34.636+0000] {dag.py:4180} INFO - Setting next_dagrun for tutorial_taskflow_templates to 2025-01-18 00:00:00+00:00, run_after=2025-01-19 00:00:00+00:00
[2025-01-19T04:32:34.678+0000] {processor.py:208} INFO - Processing /home/airflow/.local/lib/python3.12/site-packages/airflow/example_dags/tutorial_taskflow_templates.py took 0.263 seconds
[2025-01-19T04:33:10.443+0000] {processor.py:186} INFO - Started process (PID=650) to work on /home/airflow/.local/lib/python3.12/site-packages/airflow/example_dags/tutorial_taskflow_templates.py
[2025-01-19T04:33:10.461+0000] {processor.py:914} INFO - Processing file /home/airflow/.local/lib/python3.12/site-packages/airflow/example_dags/tutorial_taskflow_templates.py for tasks to queue
[2025-01-19T04:33:10.471+0000] {logging_mixin.py:190} INFO - [2025-01-19T04:33:10.467+0000] {dagbag.py:588} INFO - Filling up the DagBag from /home/airflow/.local/lib/python3.12/site-packages/airflow/example_dags/tutorial_taskflow_templates.py
[2025-01-19T04:33:10.631+0000] {processor.py:925} INFO - DAG(s) 'tutorial_taskflow_templates' retrieved from /home/airflow/.local/lib/python3.12/site-packages/airflow/example_dags/tutorial_taskflow_templates.py
[2025-01-19T04:33:10.884+0000] {logging_mixin.py:190} INFO - [2025-01-19T04:33:10.883+0000] {dag.py:3239} INFO - Sync 1 DAGs
[2025-01-19T04:33:11.146+0000] {logging_mixin.py:190} INFO - [2025-01-19T04:33:11.145+0000] {dag.py:4180} INFO - Setting next_dagrun for tutorial_taskflow_templates to 2025-01-18 00:00:00+00:00, run_after=2025-01-19 00:00:00+00:00
[2025-01-19T04:33:11.274+0000] {processor.py:208} INFO - Processing /home/airflow/.local/lib/python3.12/site-packages/airflow/example_dags/tutorial_taskflow_templates.py took 0.854 seconds
[2025-01-19T04:33:42.150+0000] {processor.py:186} INFO - Started process (PID=719) to work on /home/airflow/.local/lib/python3.12/site-packages/airflow/example_dags/tutorial_taskflow_templates.py
[2025-01-19T04:33:42.161+0000] {processor.py:914} INFO - Processing file /home/airflow/.local/lib/python3.12/site-packages/airflow/example_dags/tutorial_taskflow_templates.py for tasks to queue
[2025-01-19T04:33:42.168+0000] {logging_mixin.py:190} INFO - [2025-01-19T04:33:42.167+0000] {dagbag.py:588} INFO - Filling up the DagBag from /home/airflow/.local/lib/python3.12/site-packages/airflow/example_dags/tutorial_taskflow_templates.py
[2025-01-19T04:33:42.214+0000] {processor.py:925} INFO - DAG(s) 'tutorial_taskflow_templates' retrieved from /home/airflow/.local/lib/python3.12/site-packages/airflow/example_dags/tutorial_taskflow_templates.py
[2025-01-19T04:33:42.289+0000] {logging_mixin.py:190} INFO - [2025-01-19T04:33:42.288+0000] {dag.py:3239} INFO - Sync 1 DAGs
[2025-01-19T04:33:42.381+0000] {logging_mixin.py:190} INFO - [2025-01-19T04:33:42.381+0000] {dag.py:4180} INFO - Setting next_dagrun for tutorial_taskflow_templates to 2025-01-18 00:00:00+00:00, run_after=2025-01-19 00:00:00+00:00
[2025-01-19T04:33:42.457+0000] {processor.py:208} INFO - Processing /home/airflow/.local/lib/python3.12/site-packages/airflow/example_dags/tutorial_taskflow_templates.py took 0.328 seconds
[2025-01-19T04:34:12.624+0000] {processor.py:186} INFO - Started process (PID=782) to work on /home/airflow/.local/lib/python3.12/site-packages/airflow/example_dags/tutorial_taskflow_templates.py
[2025-01-19T04:34:12.626+0000] {processor.py:914} INFO - Processing file /home/airflow/.local/lib/python3.12/site-packages/airflow/example_dags/tutorial_taskflow_templates.py for tasks to queue
[2025-01-19T04:34:12.631+0000] {logging_mixin.py:190} INFO - [2025-01-19T04:34:12.631+0000] {dagbag.py:588} INFO - Filling up the DagBag from /home/airflow/.local/lib/python3.12/site-packages/airflow/example_dags/tutorial_taskflow_templates.py
[2025-01-19T04:34:12.662+0000] {processor.py:925} INFO - DAG(s) 'tutorial_taskflow_templates' retrieved from /home/airflow/.local/lib/python3.12/site-packages/airflow/example_dags/tutorial_taskflow_templates.py
[2025-01-19T04:34:12.709+0000] {logging_mixin.py:190} INFO - [2025-01-19T04:34:12.708+0000] {dag.py:3239} INFO - Sync 1 DAGs
[2025-01-19T04:34:12.789+0000] {logging_mixin.py:190} INFO - [2025-01-19T04:34:12.789+0000] {dag.py:4180} INFO - Setting next_dagrun for tutorial_taskflow_templates to 2025-01-18 00:00:00+00:00, run_after=2025-01-19 00:00:00+00:00
[2025-01-19T04:34:12.826+0000] {processor.py:208} INFO - Processing /home/airflow/.local/lib/python3.12/site-packages/airflow/example_dags/tutorial_taskflow_templates.py took 0.216 seconds
[2025-01-19T04:34:43.361+0000] {processor.py:186} INFO - Started process (PID=845) to work on /home/airflow/.local/lib/python3.12/site-packages/airflow/example_dags/tutorial_taskflow_templates.py
[2025-01-19T04:34:43.364+0000] {processor.py:914} INFO - Processing file /home/airflow/.local/lib/python3.12/site-packages/airflow/example_dags/tutorial_taskflow_templates.py for tasks to queue
[2025-01-19T04:34:43.371+0000] {logging_mixin.py:190} INFO - [2025-01-19T04:34:43.370+0000] {dagbag.py:588} INFO - Filling up the DagBag from /home/airflow/.local/lib/python3.12/site-packages/airflow/example_dags/tutorial_taskflow_templates.py
[2025-01-19T04:34:43.408+0000] {processor.py:925} INFO - DAG(s) 'tutorial_taskflow_templates' retrieved from /home/airflow/.local/lib/python3.12/site-packages/airflow/example_dags/tutorial_taskflow_templates.py
[2025-01-19T04:34:43.463+0000] {logging_mixin.py:190} INFO - [2025-01-19T04:34:43.462+0000] {dag.py:3239} INFO - Sync 1 DAGs
[2025-01-19T04:34:43.531+0000] {logging_mixin.py:190} INFO - [2025-01-19T04:34:43.530+0000] {dag.py:4180} INFO - Setting next_dagrun for tutorial_taskflow_templates to 2025-01-18 00:00:00+00:00, run_after=2025-01-19 00:00:00+00:00
[2025-01-19T04:34:43.592+0000] {processor.py:208} INFO - Processing /home/airflow/.local/lib/python3.12/site-packages/airflow/example_dags/tutorial_taskflow_templates.py took 0.251 seconds
[2025-01-19T04:35:34.469+0000] {processor.py:186} INFO - Started process (PID=914) to work on /home/airflow/.local/lib/python3.12/site-packages/airflow/example_dags/tutorial_taskflow_templates.py
[2025-01-19T04:35:34.574+0000] {processor.py:914} INFO - Processing file /home/airflow/.local/lib/python3.12/site-packages/airflow/example_dags/tutorial_taskflow_templates.py for tasks to queue
[2025-01-19T04:35:34.593+0000] {logging_mixin.py:190} INFO - [2025-01-19T04:35:34.592+0000] {dagbag.py:588} INFO - Filling up the DagBag from /home/airflow/.local/lib/python3.12/site-packages/airflow/example_dags/tutorial_taskflow_templates.py
[2025-01-19T04:35:34.717+0000] {processor.py:925} INFO - DAG(s) 'tutorial_taskflow_templates' retrieved from /home/airflow/.local/lib/python3.12/site-packages/airflow/example_dags/tutorial_taskflow_templates.py
[2025-01-19T04:35:34.843+0000] {logging_mixin.py:190} INFO - [2025-01-19T04:35:34.836+0000] {dag.py:3239} INFO - Sync 1 DAGs
[2025-01-19T04:35:34.991+0000] {logging_mixin.py:190} INFO - [2025-01-19T04:35:34.991+0000] {dag.py:4180} INFO - Setting next_dagrun for tutorial_taskflow_templates to 2025-01-18 00:00:00+00:00, run_after=2025-01-19 00:00:00+00:00
[2025-01-19T04:35:35.432+0000] {processor.py:208} INFO - Processing /home/airflow/.local/lib/python3.12/site-packages/airflow/example_dags/tutorial_taskflow_templates.py took 0.989 seconds
[2025-01-19T04:36:06.658+0000] {processor.py:186} INFO - Started process (PID=977) to work on /home/airflow/.local/lib/python3.12/site-packages/airflow/example_dags/tutorial_taskflow_templates.py
[2025-01-19T04:36:06.660+0000] {processor.py:914} INFO - Processing file /home/airflow/.local/lib/python3.12/site-packages/airflow/example_dags/tutorial_taskflow_templates.py for tasks to queue
[2025-01-19T04:36:06.670+0000] {logging_mixin.py:190} INFO - [2025-01-19T04:36:06.669+0000] {dagbag.py:588} INFO - Filling up the DagBag from /home/airflow/.local/lib/python3.12/site-packages/airflow/example_dags/tutorial_taskflow_templates.py
[2025-01-19T04:36:06.705+0000] {processor.py:925} INFO - DAG(s) 'tutorial_taskflow_templates' retrieved from /home/airflow/.local/lib/python3.12/site-packages/airflow/example_dags/tutorial_taskflow_templates.py
[2025-01-19T04:36:06.762+0000] {logging_mixin.py:190} INFO - [2025-01-19T04:36:06.760+0000] {dag.py:3239} INFO - Sync 1 DAGs
[2025-01-19T04:36:06.822+0000] {logging_mixin.py:190} INFO - [2025-01-19T04:36:06.821+0000] {dag.py:4180} INFO - Setting next_dagrun for tutorial_taskflow_templates to 2025-01-18 00:00:00+00:00, run_after=2025-01-19 00:00:00+00:00
[2025-01-19T04:36:06.897+0000] {processor.py:208} INFO - Processing /home/airflow/.local/lib/python3.12/site-packages/airflow/example_dags/tutorial_taskflow_templates.py took 0.253 seconds
[2025-01-19T04:36:38.502+0000] {processor.py:186} INFO - Started process (PID=1040) to work on /home/airflow/.local/lib/python3.12/site-packages/airflow/example_dags/tutorial_taskflow_templates.py
[2025-01-19T04:36:38.504+0000] {processor.py:914} INFO - Processing file /home/airflow/.local/lib/python3.12/site-packages/airflow/example_dags/tutorial_taskflow_templates.py for tasks to queue
[2025-01-19T04:36:38.510+0000] {logging_mixin.py:190} INFO - [2025-01-19T04:36:38.510+0000] {dagbag.py:588} INFO - Filling up the DagBag from /home/airflow/.local/lib/python3.12/site-packages/airflow/example_dags/tutorial_taskflow_templates.py
[2025-01-19T04:36:38.551+0000] {processor.py:925} INFO - DAG(s) 'tutorial_taskflow_templates' retrieved from /home/airflow/.local/lib/python3.12/site-packages/airflow/example_dags/tutorial_taskflow_templates.py
[2025-01-19T04:36:38.650+0000] {logging_mixin.py:190} INFO - [2025-01-19T04:36:38.649+0000] {dag.py:3239} INFO - Sync 1 DAGs
[2025-01-19T04:36:38.959+0000] {logging_mixin.py:190} INFO - [2025-01-19T04:36:38.958+0000] {dag.py:4180} INFO - Setting next_dagrun for tutorial_taskflow_templates to 2025-01-18 00:00:00+00:00, run_after=2025-01-19 00:00:00+00:00
[2025-01-19T04:36:39.080+0000] {processor.py:208} INFO - Processing /home/airflow/.local/lib/python3.12/site-packages/airflow/example_dags/tutorial_taskflow_templates.py took 0.595 seconds
[2025-01-19T04:41:37.932+0000] {processor.py:186} INFO - Started process (PID=1116) to work on /home/airflow/.local/lib/python3.12/site-packages/airflow/example_dags/tutorial_taskflow_templates.py
[2025-01-19T04:41:37.936+0000] {processor.py:914} INFO - Processing file /home/airflow/.local/lib/python3.12/site-packages/airflow/example_dags/tutorial_taskflow_templates.py for tasks to queue
[2025-01-19T04:41:37.946+0000] {logging_mixin.py:190} INFO - [2025-01-19T04:41:37.946+0000] {dagbag.py:588} INFO - Filling up the DagBag from /home/airflow/.local/lib/python3.12/site-packages/airflow/example_dags/tutorial_taskflow_templates.py
[2025-01-19T04:41:38.037+0000] {processor.py:925} INFO - DAG(s) 'tutorial_taskflow_templates' retrieved from /home/airflow/.local/lib/python3.12/site-packages/airflow/example_dags/tutorial_taskflow_templates.py
[2025-01-19T04:41:38.208+0000] {logging_mixin.py:190} INFO - [2025-01-19T04:41:38.207+0000] {dag.py:3239} INFO - Sync 1 DAGs
[2025-01-19T04:41:38.469+0000] {logging_mixin.py:190} INFO - [2025-01-19T04:41:38.468+0000] {dag.py:4180} INFO - Setting next_dagrun for tutorial_taskflow_templates to 2025-01-18 00:00:00+00:00, run_after=2025-01-19 00:00:00+00:00
[2025-01-19T04:41:38.634+0000] {processor.py:208} INFO - Processing /home/airflow/.local/lib/python3.12/site-packages/airflow/example_dags/tutorial_taskflow_templates.py took 0.738 seconds
