[2025-01-25T18:20:56.043+0000] {processor.py:186} INFO - Started process (PID=48) to work on /opt/airflow/dags/pipeline_scraping.py
[2025-01-25T18:20:56.045+0000] {processor.py:914} INFO - Processing file /opt/airflow/dags/pipeline_scraping.py for tasks to queue
[2025-01-25T18:20:56.073+0000] {logging_mixin.py:190} INFO - [2025-01-25T18:20:56.072+0000] {dagbag.py:588} INFO - Filling up the DagBag from /opt/airflow/dags/pipeline_scraping.py
[2025-01-25T18:21:04.141+0000] {processor.py:925} INFO - DAG(s) 'scraping_etl' retrieved from /opt/airflow/dags/pipeline_scraping.py
[2025-01-25T18:21:05.965+0000] {logging_mixin.py:190} INFO - [2025-01-25T18:21:05.963+0000] {dag.py:3239} INFO - Sync 1 DAGs
[2025-01-25T18:21:06.194+0000] {logging_mixin.py:190} INFO - [2025-01-25T18:21:06.189+0000] {dag.py:4180} INFO - Setting next_dagrun for scraping_etl to 2025-01-26 00:00:00+00:00, run_after=2025-01-27 00:00:00+00:00
[2025-01-25T18:21:06.740+0000] {processor.py:208} INFO - Processing /opt/airflow/dags/pipeline_scraping.py took 10.814 seconds
[2025-01-25T18:21:37.782+0000] {processor.py:186} INFO - Started process (PID=62) to work on /opt/airflow/dags/pipeline_scraping.py
[2025-01-25T18:21:37.797+0000] {processor.py:914} INFO - Processing file /opt/airflow/dags/pipeline_scraping.py for tasks to queue
[2025-01-25T18:21:37.857+0000] {logging_mixin.py:190} INFO - [2025-01-25T18:21:37.854+0000] {dagbag.py:588} INFO - Filling up the DagBag from /opt/airflow/dags/pipeline_scraping.py
[2025-01-25T18:21:46.019+0000] {processor.py:925} INFO - DAG(s) 'scraping_etl' retrieved from /opt/airflow/dags/pipeline_scraping.py
[2025-01-25T18:21:46.219+0000] {logging_mixin.py:190} INFO - [2025-01-25T18:21:46.217+0000] {dag.py:3239} INFO - Sync 1 DAGs
[2025-01-25T18:21:46.341+0000] {logging_mixin.py:190} INFO - [2025-01-25T18:21:46.340+0000] {dag.py:4180} INFO - Setting next_dagrun for scraping_etl to 2025-01-26 00:00:00+00:00, run_after=2025-01-27 00:00:00+00:00
[2025-01-25T18:21:46.415+0000] {processor.py:208} INFO - Processing /opt/airflow/dags/pipeline_scraping.py took 8.767 seconds
[2025-01-25T18:22:16.943+0000] {processor.py:186} INFO - Started process (PID=70) to work on /opt/airflow/dags/pipeline_scraping.py
[2025-01-25T18:22:16.947+0000] {processor.py:914} INFO - Processing file /opt/airflow/dags/pipeline_scraping.py for tasks to queue
[2025-01-25T18:22:16.955+0000] {logging_mixin.py:190} INFO - [2025-01-25T18:22:16.954+0000] {dagbag.py:588} INFO - Filling up the DagBag from /opt/airflow/dags/pipeline_scraping.py
[2025-01-25T18:22:21.627+0000] {processor.py:925} INFO - DAG(s) 'scraping_etl' retrieved from /opt/airflow/dags/pipeline_scraping.py
[2025-01-25T18:22:21.792+0000] {logging_mixin.py:190} INFO - [2025-01-25T18:22:21.791+0000] {dag.py:3239} INFO - Sync 1 DAGs
[2025-01-25T18:22:21.898+0000] {logging_mixin.py:190} INFO - [2025-01-25T18:22:21.898+0000] {dag.py:4180} INFO - Setting next_dagrun for scraping_etl to 2025-01-26 00:00:00+00:00, run_after=2025-01-27 00:00:00+00:00
[2025-01-25T18:22:22.049+0000] {processor.py:208} INFO - Processing /opt/airflow/dags/pipeline_scraping.py took 5.120 seconds
[2025-01-25T18:22:52.582+0000] {processor.py:186} INFO - Started process (PID=78) to work on /opt/airflow/dags/pipeline_scraping.py
[2025-01-25T18:22:52.584+0000] {processor.py:914} INFO - Processing file /opt/airflow/dags/pipeline_scraping.py for tasks to queue
[2025-01-25T18:22:52.595+0000] {logging_mixin.py:190} INFO - [2025-01-25T18:22:52.590+0000] {dagbag.py:588} INFO - Filling up the DagBag from /opt/airflow/dags/pipeline_scraping.py
[2025-01-25T18:22:56.271+0000] {processor.py:925} INFO - DAG(s) 'scraping_etl' retrieved from /opt/airflow/dags/pipeline_scraping.py
[2025-01-25T18:22:56.342+0000] {logging_mixin.py:190} INFO - [2025-01-25T18:22:56.341+0000] {dag.py:3239} INFO - Sync 1 DAGs
[2025-01-25T18:22:56.439+0000] {logging_mixin.py:190} INFO - [2025-01-25T18:22:56.439+0000] {dag.py:4180} INFO - Setting next_dagrun for scraping_etl to 2025-01-26 00:00:00+00:00, run_after=2025-01-27 00:00:00+00:00
[2025-01-25T18:22:56.497+0000] {processor.py:208} INFO - Processing /opt/airflow/dags/pipeline_scraping.py took 3.931 seconds
[2025-01-25T18:23:27.001+0000] {processor.py:186} INFO - Started process (PID=88) to work on /opt/airflow/dags/pipeline_scraping.py
[2025-01-25T18:23:27.003+0000] {processor.py:914} INFO - Processing file /opt/airflow/dags/pipeline_scraping.py for tasks to queue
[2025-01-25T18:23:27.010+0000] {logging_mixin.py:190} INFO - [2025-01-25T18:23:27.007+0000] {dagbag.py:588} INFO - Filling up the DagBag from /opt/airflow/dags/pipeline_scraping.py
[2025-01-25T18:23:28.704+0000] {processor.py:925} INFO - DAG(s) 'scraping_etl' retrieved from /opt/airflow/dags/pipeline_scraping.py
[2025-01-25T18:23:28.741+0000] {logging_mixin.py:190} INFO - [2025-01-25T18:23:28.740+0000] {dag.py:3239} INFO - Sync 1 DAGs
[2025-01-25T18:23:28.774+0000] {logging_mixin.py:190} INFO - [2025-01-25T18:23:28.774+0000] {dag.py:4180} INFO - Setting next_dagrun for scraping_etl to 2025-01-26 00:00:00+00:00, run_after=2025-01-27 00:00:00+00:00
[2025-01-25T18:23:28.808+0000] {processor.py:208} INFO - Processing /opt/airflow/dags/pipeline_scraping.py took 1.820 seconds
[2025-01-25T18:23:59.188+0000] {processor.py:186} INFO - Started process (PID=96) to work on /opt/airflow/dags/pipeline_scraping.py
[2025-01-25T18:23:59.190+0000] {processor.py:914} INFO - Processing file /opt/airflow/dags/pipeline_scraping.py for tasks to queue
[2025-01-25T18:23:59.194+0000] {logging_mixin.py:190} INFO - [2025-01-25T18:23:59.194+0000] {dagbag.py:588} INFO - Filling up the DagBag from /opt/airflow/dags/pipeline_scraping.py
[2025-01-25T18:24:00.317+0000] {processor.py:925} INFO - DAG(s) 'scraping_etl' retrieved from /opt/airflow/dags/pipeline_scraping.py
[2025-01-25T18:24:00.354+0000] {logging_mixin.py:190} INFO - [2025-01-25T18:24:00.353+0000] {dag.py:3239} INFO - Sync 1 DAGs
[2025-01-25T18:24:00.386+0000] {logging_mixin.py:190} INFO - [2025-01-25T18:24:00.386+0000] {dag.py:4180} INFO - Setting next_dagrun for scraping_etl to 2025-01-26 00:00:00+00:00, run_after=2025-01-27 00:00:00+00:00
[2025-01-25T18:24:00.433+0000] {processor.py:208} INFO - Processing /opt/airflow/dags/pipeline_scraping.py took 1.338 seconds
[2025-01-25T18:24:30.636+0000] {processor.py:186} INFO - Started process (PID=104) to work on /opt/airflow/dags/pipeline_scraping.py
[2025-01-25T18:24:30.640+0000] {processor.py:914} INFO - Processing file /opt/airflow/dags/pipeline_scraping.py for tasks to queue
[2025-01-25T18:24:30.651+0000] {logging_mixin.py:190} INFO - [2025-01-25T18:24:30.649+0000] {dagbag.py:588} INFO - Filling up the DagBag from /opt/airflow/dags/pipeline_scraping.py
[2025-01-25T18:24:31.985+0000] {processor.py:925} INFO - DAG(s) 'scraping_etl' retrieved from /opt/airflow/dags/pipeline_scraping.py
[2025-01-25T18:24:32.021+0000] {logging_mixin.py:190} INFO - [2025-01-25T18:24:32.020+0000] {dag.py:3239} INFO - Sync 1 DAGs
[2025-01-25T18:24:32.060+0000] {logging_mixin.py:190} INFO - [2025-01-25T18:24:32.060+0000] {dag.py:4180} INFO - Setting next_dagrun for scraping_etl to 2025-01-26 00:00:00+00:00, run_after=2025-01-27 00:00:00+00:00
[2025-01-25T18:24:32.090+0000] {processor.py:208} INFO - Processing /opt/airflow/dags/pipeline_scraping.py took 1.468 seconds
[2025-01-25T18:25:02.960+0000] {processor.py:186} INFO - Started process (PID=111) to work on /opt/airflow/dags/pipeline_scraping.py
[2025-01-25T18:25:02.996+0000] {processor.py:914} INFO - Processing file /opt/airflow/dags/pipeline_scraping.py for tasks to queue
[2025-01-25T18:25:03.035+0000] {logging_mixin.py:190} INFO - [2025-01-25T18:25:03.034+0000] {dagbag.py:588} INFO - Filling up the DagBag from /opt/airflow/dags/pipeline_scraping.py
[2025-01-25T18:25:08.735+0000] {processor.py:925} INFO - DAG(s) 'scraping_etl' retrieved from /opt/airflow/dags/pipeline_scraping.py
[2025-01-25T18:25:08.804+0000] {logging_mixin.py:190} INFO - [2025-01-25T18:25:08.803+0000] {dag.py:3239} INFO - Sync 1 DAGs
[2025-01-25T18:25:08.898+0000] {logging_mixin.py:190} INFO - [2025-01-25T18:25:08.897+0000] {dag.py:4180} INFO - Setting next_dagrun for scraping_etl to 2025-01-26 00:00:00+00:00, run_after=2025-01-27 00:00:00+00:00
[2025-01-25T18:25:09.011+0000] {processor.py:208} INFO - Processing /opt/airflow/dags/pipeline_scraping.py took 6.103 seconds
[2025-01-25T18:25:39.309+0000] {processor.py:186} INFO - Started process (PID=125) to work on /opt/airflow/dags/pipeline_scraping.py
[2025-01-25T18:25:39.312+0000] {processor.py:914} INFO - Processing file /opt/airflow/dags/pipeline_scraping.py for tasks to queue
[2025-01-25T18:25:39.320+0000] {logging_mixin.py:190} INFO - [2025-01-25T18:25:39.319+0000] {dagbag.py:588} INFO - Filling up the DagBag from /opt/airflow/dags/pipeline_scraping.py
[2025-01-25T18:25:43.885+0000] {processor.py:925} INFO - DAG(s) 'scraping_etl' retrieved from /opt/airflow/dags/pipeline_scraping.py
[2025-01-25T18:25:44.078+0000] {logging_mixin.py:190} INFO - [2025-01-25T18:25:44.077+0000] {dag.py:3239} INFO - Sync 1 DAGs
[2025-01-25T18:25:44.311+0000] {logging_mixin.py:190} INFO - [2025-01-25T18:25:44.311+0000] {dag.py:4180} INFO - Setting next_dagrun for scraping_etl to 2025-01-26 00:00:00+00:00, run_after=2025-01-27 00:00:00+00:00
[2025-01-25T18:25:44.436+0000] {processor.py:208} INFO - Processing /opt/airflow/dags/pipeline_scraping.py took 5.157 seconds
[2025-01-25T18:26:15.052+0000] {processor.py:186} INFO - Started process (PID=133) to work on /opt/airflow/dags/pipeline_scraping.py
[2025-01-25T18:26:15.054+0000] {processor.py:914} INFO - Processing file /opt/airflow/dags/pipeline_scraping.py for tasks to queue
[2025-01-25T18:26:15.060+0000] {logging_mixin.py:190} INFO - [2025-01-25T18:26:15.059+0000] {dagbag.py:588} INFO - Filling up the DagBag from /opt/airflow/dags/pipeline_scraping.py
[2025-01-25T18:26:16.485+0000] {processor.py:925} INFO - DAG(s) 'scraping_etl' retrieved from /opt/airflow/dags/pipeline_scraping.py
[2025-01-25T18:26:16.536+0000] {logging_mixin.py:190} INFO - [2025-01-25T18:26:16.535+0000] {dag.py:3239} INFO - Sync 1 DAGs
[2025-01-25T18:26:16.589+0000] {logging_mixin.py:190} INFO - [2025-01-25T18:26:16.588+0000] {dag.py:4180} INFO - Setting next_dagrun for scraping_etl to 2025-01-26 00:00:00+00:00, run_after=2025-01-27 00:00:00+00:00
[2025-01-25T18:26:16.680+0000] {processor.py:208} INFO - Processing /opt/airflow/dags/pipeline_scraping.py took 1.645 seconds
[2025-01-25T18:26:47.166+0000] {processor.py:186} INFO - Started process (PID=142) to work on /opt/airflow/dags/pipeline_scraping.py
[2025-01-25T18:26:47.169+0000] {processor.py:914} INFO - Processing file /opt/airflow/dags/pipeline_scraping.py for tasks to queue
[2025-01-25T18:26:47.175+0000] {logging_mixin.py:190} INFO - [2025-01-25T18:26:47.175+0000] {dagbag.py:588} INFO - Filling up the DagBag from /opt/airflow/dags/pipeline_scraping.py
[2025-01-25T18:26:48.076+0000] {processor.py:925} INFO - DAG(s) 'scraping_etl' retrieved from /opt/airflow/dags/pipeline_scraping.py
[2025-01-25T18:26:48.116+0000] {logging_mixin.py:190} INFO - [2025-01-25T18:26:48.115+0000] {dag.py:3239} INFO - Sync 1 DAGs
[2025-01-25T18:26:48.153+0000] {logging_mixin.py:190} INFO - [2025-01-25T18:26:48.153+0000] {dag.py:4180} INFO - Setting next_dagrun for scraping_etl to 2025-01-26 00:00:00+00:00, run_after=2025-01-27 00:00:00+00:00
[2025-01-25T18:26:48.201+0000] {processor.py:208} INFO - Processing /opt/airflow/dags/pipeline_scraping.py took 1.058 seconds
[2025-01-25T18:27:18.460+0000] {processor.py:186} INFO - Started process (PID=151) to work on /opt/airflow/dags/pipeline_scraping.py
[2025-01-25T18:27:18.462+0000] {processor.py:914} INFO - Processing file /opt/airflow/dags/pipeline_scraping.py for tasks to queue
[2025-01-25T18:27:18.467+0000] {logging_mixin.py:190} INFO - [2025-01-25T18:27:18.466+0000] {dagbag.py:588} INFO - Filling up the DagBag from /opt/airflow/dags/pipeline_scraping.py
[2025-01-25T18:27:19.471+0000] {processor.py:925} INFO - DAG(s) 'scraping_etl' retrieved from /opt/airflow/dags/pipeline_scraping.py
[2025-01-25T18:27:19.513+0000] {logging_mixin.py:190} INFO - [2025-01-25T18:27:19.512+0000] {dag.py:3239} INFO - Sync 1 DAGs
[2025-01-25T18:27:19.551+0000] {logging_mixin.py:190} INFO - [2025-01-25T18:27:19.551+0000] {dag.py:4180} INFO - Setting next_dagrun for scraping_etl to 2025-01-26 00:00:00+00:00, run_after=2025-01-27 00:00:00+00:00
[2025-01-25T18:27:19.597+0000] {processor.py:208} INFO - Processing /opt/airflow/dags/pipeline_scraping.py took 1.147 seconds
[2025-01-25T18:27:50.266+0000] {processor.py:186} INFO - Started process (PID=159) to work on /opt/airflow/dags/pipeline_scraping.py
[2025-01-25T18:27:50.268+0000] {processor.py:914} INFO - Processing file /opt/airflow/dags/pipeline_scraping.py for tasks to queue
[2025-01-25T18:27:50.273+0000] {logging_mixin.py:190} INFO - [2025-01-25T18:27:50.272+0000] {dagbag.py:588} INFO - Filling up the DagBag from /opt/airflow/dags/pipeline_scraping.py
[2025-01-25T18:27:51.413+0000] {processor.py:925} INFO - DAG(s) 'scraping_etl' retrieved from /opt/airflow/dags/pipeline_scraping.py
[2025-01-25T18:27:51.455+0000] {logging_mixin.py:190} INFO - [2025-01-25T18:27:51.455+0000] {dag.py:3239} INFO - Sync 1 DAGs
[2025-01-25T18:27:51.495+0000] {logging_mixin.py:190} INFO - [2025-01-25T18:27:51.495+0000] {dag.py:4180} INFO - Setting next_dagrun for scraping_etl to 2025-01-26 00:00:00+00:00, run_after=2025-01-27 00:00:00+00:00
[2025-01-25T18:27:51.546+0000] {processor.py:208} INFO - Processing /opt/airflow/dags/pipeline_scraping.py took 1.295 seconds
[2025-01-25T18:28:21.660+0000] {processor.py:186} INFO - Started process (PID=167) to work on /opt/airflow/dags/pipeline_scraping.py
[2025-01-25T18:28:21.662+0000] {processor.py:914} INFO - Processing file /opt/airflow/dags/pipeline_scraping.py for tasks to queue
[2025-01-25T18:28:21.668+0000] {logging_mixin.py:190} INFO - [2025-01-25T18:28:21.667+0000] {dagbag.py:588} INFO - Filling up the DagBag from /opt/airflow/dags/pipeline_scraping.py
[2025-01-25T18:28:23.058+0000] {processor.py:925} INFO - DAG(s) 'scraping_etl' retrieved from /opt/airflow/dags/pipeline_scraping.py
[2025-01-25T18:28:23.167+0000] {logging_mixin.py:190} INFO - [2025-01-25T18:28:23.164+0000] {dag.py:3239} INFO - Sync 1 DAGs
[2025-01-25T18:28:23.251+0000] {logging_mixin.py:190} INFO - [2025-01-25T18:28:23.251+0000] {dag.py:4180} INFO - Setting next_dagrun for scraping_etl to 2025-01-26 00:00:00+00:00, run_after=2025-01-27 00:00:00+00:00
[2025-01-25T18:28:23.306+0000] {processor.py:208} INFO - Processing /opt/airflow/dags/pipeline_scraping.py took 1.662 seconds
[2025-01-25T18:28:53.886+0000] {processor.py:186} INFO - Started process (PID=175) to work on /opt/airflow/dags/pipeline_scraping.py
[2025-01-25T18:28:53.888+0000] {processor.py:914} INFO - Processing file /opt/airflow/dags/pipeline_scraping.py for tasks to queue
[2025-01-25T18:28:53.893+0000] {logging_mixin.py:190} INFO - [2025-01-25T18:28:53.892+0000] {dagbag.py:588} INFO - Filling up the DagBag from /opt/airflow/dags/pipeline_scraping.py
[2025-01-25T18:28:55.352+0000] {processor.py:925} INFO - DAG(s) 'scraping_etl' retrieved from /opt/airflow/dags/pipeline_scraping.py
[2025-01-25T18:28:55.405+0000] {logging_mixin.py:190} INFO - [2025-01-25T18:28:55.404+0000] {dag.py:3239} INFO - Sync 1 DAGs
[2025-01-25T18:28:55.455+0000] {logging_mixin.py:190} INFO - [2025-01-25T18:28:55.455+0000] {dag.py:4180} INFO - Setting next_dagrun for scraping_etl to 2025-01-26 00:00:00+00:00, run_after=2025-01-27 00:00:00+00:00
[2025-01-25T18:28:55.491+0000] {processor.py:208} INFO - Processing /opt/airflow/dags/pipeline_scraping.py took 1.618 seconds
[2025-01-25T18:29:25.731+0000] {processor.py:186} INFO - Started process (PID=183) to work on /opt/airflow/dags/pipeline_scraping.py
[2025-01-25T18:29:25.740+0000] {processor.py:914} INFO - Processing file /opt/airflow/dags/pipeline_scraping.py for tasks to queue
[2025-01-25T18:29:25.751+0000] {logging_mixin.py:190} INFO - [2025-01-25T18:29:25.749+0000] {dagbag.py:588} INFO - Filling up the DagBag from /opt/airflow/dags/pipeline_scraping.py
[2025-01-25T18:29:29.281+0000] {processor.py:925} INFO - DAG(s) 'scraping_etl' retrieved from /opt/airflow/dags/pipeline_scraping.py
[2025-01-25T18:29:29.482+0000] {logging_mixin.py:190} INFO - [2025-01-25T18:29:29.481+0000] {dag.py:3239} INFO - Sync 1 DAGs
[2025-01-25T18:29:29.886+0000] {logging_mixin.py:190} INFO - [2025-01-25T18:29:29.885+0000] {dag.py:4180} INFO - Setting next_dagrun for scraping_etl to 2025-01-26 00:00:00+00:00, run_after=2025-01-27 00:00:00+00:00
[2025-01-25T18:29:30.129+0000] {processor.py:208} INFO - Processing /opt/airflow/dags/pipeline_scraping.py took 4.583 seconds
[2025-01-25T18:30:00.748+0000] {processor.py:186} INFO - Started process (PID=192) to work on /opt/airflow/dags/pipeline_scraping.py
[2025-01-25T18:30:00.750+0000] {processor.py:914} INFO - Processing file /opt/airflow/dags/pipeline_scraping.py for tasks to queue
[2025-01-25T18:30:00.757+0000] {logging_mixin.py:190} INFO - [2025-01-25T18:30:00.756+0000] {dagbag.py:588} INFO - Filling up the DagBag from /opt/airflow/dags/pipeline_scraping.py
[2025-01-25T18:30:01.952+0000] {processor.py:925} INFO - DAG(s) 'scraping_etl' retrieved from /opt/airflow/dags/pipeline_scraping.py
[2025-01-25T18:30:01.999+0000] {logging_mixin.py:190} INFO - [2025-01-25T18:30:01.997+0000] {dag.py:3239} INFO - Sync 1 DAGs
[2025-01-25T18:30:02.072+0000] {logging_mixin.py:190} INFO - [2025-01-25T18:30:02.071+0000] {dag.py:4180} INFO - Setting next_dagrun for scraping_etl to 2025-01-26 00:00:00+00:00, run_after=2025-01-27 00:00:00+00:00
[2025-01-25T18:30:02.125+0000] {processor.py:208} INFO - Processing /opt/airflow/dags/pipeline_scraping.py took 1.394 seconds
[2025-01-25T18:30:32.319+0000] {processor.py:186} INFO - Started process (PID=200) to work on /opt/airflow/dags/pipeline_scraping.py
[2025-01-25T18:30:32.321+0000] {processor.py:914} INFO - Processing file /opt/airflow/dags/pipeline_scraping.py for tasks to queue
[2025-01-25T18:30:32.326+0000] {logging_mixin.py:190} INFO - [2025-01-25T18:30:32.325+0000] {dagbag.py:588} INFO - Filling up the DagBag from /opt/airflow/dags/pipeline_scraping.py
[2025-01-25T18:30:33.432+0000] {processor.py:925} INFO - DAG(s) 'scraping_etl' retrieved from /opt/airflow/dags/pipeline_scraping.py
[2025-01-25T18:30:33.484+0000] {logging_mixin.py:190} INFO - [2025-01-25T18:30:33.484+0000] {dag.py:3239} INFO - Sync 1 DAGs
[2025-01-25T18:30:33.530+0000] {logging_mixin.py:190} INFO - [2025-01-25T18:30:33.530+0000] {dag.py:4180} INFO - Setting next_dagrun for scraping_etl to 2025-01-26 00:00:00+00:00, run_after=2025-01-27 00:00:00+00:00
[2025-01-25T18:30:33.603+0000] {processor.py:208} INFO - Processing /opt/airflow/dags/pipeline_scraping.py took 1.299 seconds
[2025-01-25T18:31:04.251+0000] {processor.py:186} INFO - Started process (PID=208) to work on /opt/airflow/dags/pipeline_scraping.py
[2025-01-25T18:31:04.252+0000] {processor.py:914} INFO - Processing file /opt/airflow/dags/pipeline_scraping.py for tasks to queue
[2025-01-25T18:31:04.259+0000] {logging_mixin.py:190} INFO - [2025-01-25T18:31:04.258+0000] {dagbag.py:588} INFO - Filling up the DagBag from /opt/airflow/dags/pipeline_scraping.py
[2025-01-25T18:31:07.562+0000] {processor.py:925} INFO - DAG(s) 'scraping_etl' retrieved from /opt/airflow/dags/pipeline_scraping.py
[2025-01-25T18:31:07.678+0000] {logging_mixin.py:190} INFO - [2025-01-25T18:31:07.674+0000] {dag.py:3239} INFO - Sync 1 DAGs
[2025-01-25T18:31:07.766+0000] {logging_mixin.py:190} INFO - [2025-01-25T18:31:07.765+0000] {dag.py:4180} INFO - Setting next_dagrun for scraping_etl to 2025-01-26 00:00:00+00:00, run_after=2025-01-27 00:00:00+00:00
[2025-01-25T18:31:07.840+0000] {processor.py:208} INFO - Processing /opt/airflow/dags/pipeline_scraping.py took 3.608 seconds
[2025-01-25T18:31:38.371+0000] {processor.py:186} INFO - Started process (PID=222) to work on /opt/airflow/dags/pipeline_scraping.py
[2025-01-25T18:31:38.373+0000] {processor.py:914} INFO - Processing file /opt/airflow/dags/pipeline_scraping.py for tasks to queue
[2025-01-25T18:31:38.389+0000] {logging_mixin.py:190} INFO - [2025-01-25T18:31:38.388+0000] {dagbag.py:588} INFO - Filling up the DagBag from /opt/airflow/dags/pipeline_scraping.py
[2025-01-25T18:31:40.776+0000] {processor.py:925} INFO - DAG(s) 'scraping_etl' retrieved from /opt/airflow/dags/pipeline_scraping.py
[2025-01-25T18:31:40.873+0000] {logging_mixin.py:190} INFO - [2025-01-25T18:31:40.872+0000] {dag.py:3239} INFO - Sync 1 DAGs
[2025-01-25T18:31:40.959+0000] {logging_mixin.py:190} INFO - [2025-01-25T18:31:40.958+0000] {dag.py:4180} INFO - Setting next_dagrun for scraping_etl to 2025-01-26 00:00:00+00:00, run_after=2025-01-27 00:00:00+00:00
[2025-01-25T18:31:41.064+0000] {processor.py:208} INFO - Processing /opt/airflow/dags/pipeline_scraping.py took 2.711 seconds
[2025-01-25T18:32:11.839+0000] {processor.py:186} INFO - Started process (PID=231) to work on /opt/airflow/dags/pipeline_scraping.py
[2025-01-25T18:32:11.841+0000] {processor.py:914} INFO - Processing file /opt/airflow/dags/pipeline_scraping.py for tasks to queue
[2025-01-25T18:32:11.846+0000] {logging_mixin.py:190} INFO - [2025-01-25T18:32:11.846+0000] {dagbag.py:588} INFO - Filling up the DagBag from /opt/airflow/dags/pipeline_scraping.py
[2025-01-25T18:32:13.151+0000] {processor.py:925} INFO - DAG(s) 'scraping_etl' retrieved from /opt/airflow/dags/pipeline_scraping.py
[2025-01-25T18:32:13.217+0000] {logging_mixin.py:190} INFO - [2025-01-25T18:32:13.216+0000] {dag.py:3239} INFO - Sync 1 DAGs
[2025-01-25T18:32:13.282+0000] {logging_mixin.py:190} INFO - [2025-01-25T18:32:13.282+0000] {dag.py:4180} INFO - Setting next_dagrun for scraping_etl to 2025-01-26 00:00:00+00:00, run_after=2025-01-27 00:00:00+00:00
[2025-01-25T18:32:13.343+0000] {processor.py:208} INFO - Processing /opt/airflow/dags/pipeline_scraping.py took 1.517 seconds
[2025-01-25T18:32:43.438+0000] {processor.py:186} INFO - Started process (PID=239) to work on /opt/airflow/dags/pipeline_scraping.py
[2025-01-25T18:32:43.439+0000] {processor.py:914} INFO - Processing file /opt/airflow/dags/pipeline_scraping.py for tasks to queue
[2025-01-25T18:32:43.446+0000] {logging_mixin.py:190} INFO - [2025-01-25T18:32:43.444+0000] {dagbag.py:588} INFO - Filling up the DagBag from /opt/airflow/dags/pipeline_scraping.py
[2025-01-25T18:32:45.420+0000] {processor.py:925} INFO - DAG(s) 'scraping_etl' retrieved from /opt/airflow/dags/pipeline_scraping.py
[2025-01-25T18:32:45.526+0000] {logging_mixin.py:190} INFO - [2025-01-25T18:32:45.524+0000] {dag.py:3239} INFO - Sync 1 DAGs
[2025-01-25T18:32:45.614+0000] {logging_mixin.py:190} INFO - [2025-01-25T18:32:45.613+0000] {dag.py:4180} INFO - Setting next_dagrun for scraping_etl to 2025-01-26 00:00:00+00:00, run_after=2025-01-27 00:00:00+00:00
[2025-01-25T18:32:45.696+0000] {processor.py:208} INFO - Processing /opt/airflow/dags/pipeline_scraping.py took 2.275 seconds
[2025-01-25T18:33:16.217+0000] {processor.py:186} INFO - Started process (PID=247) to work on /opt/airflow/dags/pipeline_scraping.py
[2025-01-25T18:33:16.219+0000] {processor.py:914} INFO - Processing file /opt/airflow/dags/pipeline_scraping.py for tasks to queue
[2025-01-25T18:33:16.225+0000] {logging_mixin.py:190} INFO - [2025-01-25T18:33:16.225+0000] {dagbag.py:588} INFO - Filling up the DagBag from /opt/airflow/dags/pipeline_scraping.py
[2025-01-25T18:33:18.315+0000] {processor.py:925} INFO - DAG(s) 'scraping_etl' retrieved from /opt/airflow/dags/pipeline_scraping.py
[2025-01-25T18:33:18.358+0000] {logging_mixin.py:190} INFO - [2025-01-25T18:33:18.357+0000] {dag.py:3239} INFO - Sync 1 DAGs
[2025-01-25T18:33:18.406+0000] {logging_mixin.py:190} INFO - [2025-01-25T18:33:18.406+0000] {dag.py:4180} INFO - Setting next_dagrun for scraping_etl to 2025-01-26 00:00:00+00:00, run_after=2025-01-27 00:00:00+00:00
[2025-01-25T18:33:18.450+0000] {processor.py:208} INFO - Processing /opt/airflow/dags/pipeline_scraping.py took 2.254 seconds
[2025-01-25T18:33:48.779+0000] {processor.py:186} INFO - Started process (PID=255) to work on /opt/airflow/dags/pipeline_scraping.py
[2025-01-25T18:33:48.782+0000] {processor.py:914} INFO - Processing file /opt/airflow/dags/pipeline_scraping.py for tasks to queue
[2025-01-25T18:33:48.790+0000] {logging_mixin.py:190} INFO - [2025-01-25T18:33:48.790+0000] {dagbag.py:588} INFO - Filling up the DagBag from /opt/airflow/dags/pipeline_scraping.py
[2025-01-25T18:33:49.988+0000] {processor.py:925} INFO - DAG(s) 'scraping_etl' retrieved from /opt/airflow/dags/pipeline_scraping.py
[2025-01-25T18:33:50.030+0000] {logging_mixin.py:190} INFO - [2025-01-25T18:33:50.029+0000] {dag.py:3239} INFO - Sync 1 DAGs
[2025-01-25T18:33:50.102+0000] {logging_mixin.py:190} INFO - [2025-01-25T18:33:50.100+0000] {dag.py:4180} INFO - Setting next_dagrun for scraping_etl to 2025-01-26 00:00:00+00:00, run_after=2025-01-27 00:00:00+00:00
[2025-01-25T18:33:50.156+0000] {processor.py:208} INFO - Processing /opt/airflow/dags/pipeline_scraping.py took 1.394 seconds
[2025-01-25T18:34:20.658+0000] {processor.py:186} INFO - Started process (PID=263) to work on /opt/airflow/dags/pipeline_scraping.py
[2025-01-25T18:34:20.662+0000] {processor.py:914} INFO - Processing file /opt/airflow/dags/pipeline_scraping.py for tasks to queue
[2025-01-25T18:34:20.673+0000] {logging_mixin.py:190} INFO - [2025-01-25T18:34:20.671+0000] {dagbag.py:588} INFO - Filling up the DagBag from /opt/airflow/dags/pipeline_scraping.py
[2025-01-25T18:34:21.740+0000] {processor.py:925} INFO - DAG(s) 'scraping_etl' retrieved from /opt/airflow/dags/pipeline_scraping.py
[2025-01-25T18:34:21.783+0000] {logging_mixin.py:190} INFO - [2025-01-25T18:34:21.783+0000] {dag.py:3239} INFO - Sync 1 DAGs
[2025-01-25T18:34:21.853+0000] {logging_mixin.py:190} INFO - [2025-01-25T18:34:21.852+0000] {dag.py:4180} INFO - Setting next_dagrun for scraping_etl to 2025-01-26 00:00:00+00:00, run_after=2025-01-27 00:00:00+00:00
[2025-01-25T18:34:21.941+0000] {processor.py:208} INFO - Processing /opt/airflow/dags/pipeline_scraping.py took 1.310 seconds
[2025-01-25T18:34:52.299+0000] {processor.py:186} INFO - Started process (PID=272) to work on /opt/airflow/dags/pipeline_scraping.py
[2025-01-25T18:34:52.300+0000] {processor.py:914} INFO - Processing file /opt/airflow/dags/pipeline_scraping.py for tasks to queue
[2025-01-25T18:34:52.306+0000] {logging_mixin.py:190} INFO - [2025-01-25T18:34:52.305+0000] {dagbag.py:588} INFO - Filling up the DagBag from /opt/airflow/dags/pipeline_scraping.py
[2025-01-25T18:34:53.352+0000] {processor.py:925} INFO - DAG(s) 'scraping_etl' retrieved from /opt/airflow/dags/pipeline_scraping.py
[2025-01-25T18:34:53.413+0000] {logging_mixin.py:190} INFO - [2025-01-25T18:34:53.401+0000] {dag.py:3239} INFO - Sync 1 DAGs
[2025-01-25T18:34:53.542+0000] {logging_mixin.py:190} INFO - [2025-01-25T18:34:53.541+0000] {dag.py:4180} INFO - Setting next_dagrun for scraping_etl to 2025-01-26 00:00:00+00:00, run_after=2025-01-27 00:00:00+00:00
[2025-01-25T18:34:53.690+0000] {processor.py:208} INFO - Processing /opt/airflow/dags/pipeline_scraping.py took 1.405 seconds
[2025-01-25T18:35:24.126+0000] {processor.py:186} INFO - Started process (PID=280) to work on /opt/airflow/dags/pipeline_scraping.py
[2025-01-25T18:35:24.129+0000] {processor.py:914} INFO - Processing file /opt/airflow/dags/pipeline_scraping.py for tasks to queue
[2025-01-25T18:35:24.141+0000] {logging_mixin.py:190} INFO - [2025-01-25T18:35:24.137+0000] {dagbag.py:588} INFO - Filling up the DagBag from /opt/airflow/dags/pipeline_scraping.py
[2025-01-25T18:35:25.267+0000] {processor.py:925} INFO - DAG(s) 'scraping_etl' retrieved from /opt/airflow/dags/pipeline_scraping.py
[2025-01-25T18:35:25.316+0000] {logging_mixin.py:190} INFO - [2025-01-25T18:35:25.315+0000] {dag.py:3239} INFO - Sync 1 DAGs
[2025-01-25T18:35:25.371+0000] {logging_mixin.py:190} INFO - [2025-01-25T18:35:25.370+0000] {dag.py:4180} INFO - Setting next_dagrun for scraping_etl to 2025-01-26 00:00:00+00:00, run_after=2025-01-27 00:00:00+00:00
[2025-01-25T18:35:25.278+0000] {processor.py:208} INFO - Processing /opt/airflow/dags/pipeline_scraping.py took 1.329 seconds
[2025-01-25T18:35:55.454+0000] {processor.py:186} INFO - Started process (PID=288) to work on /opt/airflow/dags/pipeline_scraping.py
[2025-01-25T18:35:55.456+0000] {processor.py:914} INFO - Processing file /opt/airflow/dags/pipeline_scraping.py for tasks to queue
[2025-01-25T18:35:55.470+0000] {logging_mixin.py:190} INFO - [2025-01-25T18:35:55.464+0000] {dagbag.py:588} INFO - Filling up the DagBag from /opt/airflow/dags/pipeline_scraping.py
[2025-01-25T18:35:58.289+0000] {processor.py:925} INFO - DAG(s) 'scraping_etl' retrieved from /opt/airflow/dags/pipeline_scraping.py
[2025-01-25T18:35:58.365+0000] {logging_mixin.py:190} INFO - [2025-01-25T18:35:58.364+0000] {dag.py:3239} INFO - Sync 1 DAGs
[2025-01-25T18:35:58.458+0000] {logging_mixin.py:190} INFO - [2025-01-25T18:35:58.458+0000] {dag.py:4180} INFO - Setting next_dagrun for scraping_etl to 2025-01-26 00:00:00+00:00, run_after=2025-01-27 00:00:00+00:00
[2025-01-25T18:35:58.528+0000] {processor.py:208} INFO - Processing /opt/airflow/dags/pipeline_scraping.py took 3.099 seconds
[2025-01-25T18:36:28.792+0000] {processor.py:186} INFO - Started process (PID=296) to work on /opt/airflow/dags/pipeline_scraping.py
[2025-01-25T18:36:28.794+0000] {processor.py:914} INFO - Processing file /opt/airflow/dags/pipeline_scraping.py for tasks to queue
[2025-01-25T18:36:28.800+0000] {logging_mixin.py:190} INFO - [2025-01-25T18:36:28.799+0000] {dagbag.py:588} INFO - Filling up the DagBag from /opt/airflow/dags/pipeline_scraping.py
[2025-01-25T18:36:29.754+0000] {processor.py:925} INFO - DAG(s) 'scraping_etl' retrieved from /opt/airflow/dags/pipeline_scraping.py
[2025-01-25T18:36:29.809+0000] {logging_mixin.py:190} INFO - [2025-01-25T18:36:29.807+0000] {dag.py:3239} INFO - Sync 1 DAGs
[2025-01-25T18:36:29.864+0000] {logging_mixin.py:190} INFO - [2025-01-25T18:36:29.864+0000] {dag.py:4180} INFO - Setting next_dagrun for scraping_etl to 2025-01-26 00:00:00+00:00, run_after=2025-01-27 00:00:00+00:00
[2025-01-25T18:36:29.917+0000] {processor.py:208} INFO - Processing /opt/airflow/dags/pipeline_scraping.py took 1.141 seconds
[2025-01-25T18:37:00.236+0000] {processor.py:186} INFO - Started process (PID=304) to work on /opt/airflow/dags/pipeline_scraping.py
[2025-01-25T18:37:00.239+0000] {processor.py:914} INFO - Processing file /opt/airflow/dags/pipeline_scraping.py for tasks to queue
[2025-01-25T18:37:00.245+0000] {logging_mixin.py:190} INFO - [2025-01-25T18:37:00.244+0000] {dagbag.py:588} INFO - Filling up the DagBag from /opt/airflow/dags/pipeline_scraping.py
[2025-01-25T18:37:01.297+0000] {processor.py:925} INFO - DAG(s) 'scraping_etl' retrieved from /opt/airflow/dags/pipeline_scraping.py
[2025-01-25T18:37:01.347+0000] {logging_mixin.py:190} INFO - [2025-01-25T18:37:01.346+0000] {dag.py:3239} INFO - Sync 1 DAGs
[2025-01-25T18:37:01.405+0000] {logging_mixin.py:190} INFO - [2025-01-25T18:37:01.404+0000] {dag.py:4180} INFO - Setting next_dagrun for scraping_etl to 2025-01-26 00:00:00+00:00, run_after=2025-01-27 00:00:00+00:00
[2025-01-25T18:37:01.445+0000] {processor.py:208} INFO - Processing /opt/airflow/dags/pipeline_scraping.py took 1.226 seconds
[2025-01-25T18:37:31.858+0000] {processor.py:186} INFO - Started process (PID=312) to work on /opt/airflow/dags/pipeline_scraping.py
[2025-01-25T18:37:31.861+0000] {processor.py:914} INFO - Processing file /opt/airflow/dags/pipeline_scraping.py for tasks to queue
[2025-01-25T18:37:31.868+0000] {logging_mixin.py:190} INFO - [2025-01-25T18:37:31.868+0000] {dagbag.py:588} INFO - Filling up the DagBag from /opt/airflow/dags/pipeline_scraping.py
[2025-01-25T18:37:32.875+0000] {processor.py:925} INFO - DAG(s) 'scraping_etl' retrieved from /opt/airflow/dags/pipeline_scraping.py
[2025-01-25T18:37:32.913+0000] {logging_mixin.py:190} INFO - [2025-01-25T18:37:32.912+0000] {dag.py:3239} INFO - Sync 1 DAGs
[2025-01-25T18:37:32.955+0000] {logging_mixin.py:190} INFO - [2025-01-25T18:37:32.955+0000] {dag.py:4180} INFO - Setting next_dagrun for scraping_etl to 2025-01-26 00:00:00+00:00, run_after=2025-01-27 00:00:00+00:00
[2025-01-25T18:37:33.007+0000] {processor.py:208} INFO - Processing /opt/airflow/dags/pipeline_scraping.py took 1.168 seconds
[2025-01-25T18:38:03.411+0000] {processor.py:186} INFO - Started process (PID=320) to work on /opt/airflow/dags/pipeline_scraping.py
[2025-01-25T18:38:03.413+0000] {processor.py:914} INFO - Processing file /opt/airflow/dags/pipeline_scraping.py for tasks to queue
[2025-01-25T18:38:03.421+0000] {logging_mixin.py:190} INFO - [2025-01-25T18:38:03.420+0000] {dagbag.py:588} INFO - Filling up the DagBag from /opt/airflow/dags/pipeline_scraping.py
[2025-01-25T18:38:04.386+0000] {processor.py:925} INFO - DAG(s) 'scraping_etl' retrieved from /opt/airflow/dags/pipeline_scraping.py
[2025-01-25T18:38:04.432+0000] {logging_mixin.py:190} INFO - [2025-01-25T18:38:04.430+0000] {dag.py:3239} INFO - Sync 1 DAGs
[2025-01-25T18:38:04.474+0000] {logging_mixin.py:190} INFO - [2025-01-25T18:38:04.474+0000] {dag.py:4180} INFO - Setting next_dagrun for scraping_etl to 2025-01-26 00:00:00+00:00, run_after=2025-01-27 00:00:00+00:00
[2025-01-25T18:38:04.508+0000] {processor.py:208} INFO - Processing /opt/airflow/dags/pipeline_scraping.py took 1.120 seconds
[2025-01-25T18:38:35.078+0000] {processor.py:186} INFO - Started process (PID=328) to work on /opt/airflow/dags/pipeline_scraping.py
[2025-01-25T18:38:35.080+0000] {processor.py:914} INFO - Processing file /opt/airflow/dags/pipeline_scraping.py for tasks to queue
[2025-01-25T18:38:35.086+0000] {logging_mixin.py:190} INFO - [2025-01-25T18:38:35.085+0000] {dagbag.py:588} INFO - Filling up the DagBag from /opt/airflow/dags/pipeline_scraping.py
[2025-01-25T18:38:36.199+0000] {processor.py:925} INFO - DAG(s) 'scraping_etl' retrieved from /opt/airflow/dags/pipeline_scraping.py
[2025-01-25T18:38:36.240+0000] {logging_mixin.py:190} INFO - [2025-01-25T18:38:36.239+0000] {dag.py:3239} INFO - Sync 1 DAGs
[2025-01-25T18:38:36.287+0000] {logging_mixin.py:190} INFO - [2025-01-25T18:38:36.287+0000] {dag.py:4180} INFO - Setting next_dagrun for scraping_etl to 2025-01-26 00:00:00+00:00, run_after=2025-01-27 00:00:00+00:00
[2025-01-25T18:38:36.324+0000] {processor.py:208} INFO - Processing /opt/airflow/dags/pipeline_scraping.py took 1.258 seconds
[2025-01-25T18:39:07.004+0000] {processor.py:186} INFO - Started process (PID=342) to work on /opt/airflow/dags/pipeline_scraping.py
[2025-01-25T18:39:07.007+0000] {processor.py:914} INFO - Processing file /opt/airflow/dags/pipeline_scraping.py for tasks to queue
[2025-01-25T18:39:07.026+0000] {logging_mixin.py:190} INFO - [2025-01-25T18:39:07.017+0000] {dagbag.py:588} INFO - Filling up the DagBag from /opt/airflow/dags/pipeline_scraping.py
[2025-01-25T18:39:10.336+0000] {processor.py:925} INFO - DAG(s) 'scraping_etl' retrieved from /opt/airflow/dags/pipeline_scraping.py
[2025-01-25T18:39:10.393+0000] {logging_mixin.py:190} INFO - [2025-01-25T18:39:10.392+0000] {dag.py:3239} INFO - Sync 1 DAGs
[2025-01-25T18:39:10.458+0000] {logging_mixin.py:190} INFO - [2025-01-25T18:39:10.458+0000] {dag.py:4180} INFO - Setting next_dagrun for scraping_etl to 2025-01-26 00:00:00+00:00, run_after=2025-01-27 00:00:00+00:00
[2025-01-25T18:39:10.526+0000] {processor.py:208} INFO - Processing /opt/airflow/dags/pipeline_scraping.py took 3.539 seconds
[2025-01-25T18:39:40.996+0000] {processor.py:186} INFO - Started process (PID=350) to work on /opt/airflow/dags/pipeline_scraping.py
[2025-01-25T18:39:41.008+0000] {processor.py:914} INFO - Processing file /opt/airflow/dags/pipeline_scraping.py for tasks to queue
[2025-01-25T18:39:41.015+0000] {logging_mixin.py:190} INFO - [2025-01-25T18:39:41.014+0000] {dagbag.py:588} INFO - Filling up the DagBag from /opt/airflow/dags/pipeline_scraping.py
[2025-01-25T18:39:44.356+0000] {processor.py:925} INFO - DAG(s) 'scraping_etl' retrieved from /opt/airflow/dags/pipeline_scraping.py
[2025-01-25T18:39:44.411+0000] {logging_mixin.py:190} INFO - [2025-01-25T18:39:44.408+0000] {dag.py:3239} INFO - Sync 1 DAGs
[2025-01-25T18:39:44.465+0000] {logging_mixin.py:190} INFO - [2025-01-25T18:39:44.464+0000] {dag.py:4180} INFO - Setting next_dagrun for scraping_etl to 2025-01-26 00:00:00+00:00, run_after=2025-01-27 00:00:00+00:00
[2025-01-25T18:39:44.550+0000] {processor.py:208} INFO - Processing /opt/airflow/dags/pipeline_scraping.py took 3.584 seconds
[2025-01-25T18:40:14.725+0000] {processor.py:186} INFO - Started process (PID=358) to work on /opt/airflow/dags/pipeline_scraping.py
[2025-01-25T18:40:14.727+0000] {processor.py:914} INFO - Processing file /opt/airflow/dags/pipeline_scraping.py for tasks to queue
[2025-01-25T18:40:14.732+0000] {logging_mixin.py:190} INFO - [2025-01-25T18:40:14.732+0000] {dagbag.py:588} INFO - Filling up the DagBag from /opt/airflow/dags/pipeline_scraping.py
[2025-01-25T18:40:15.816+0000] {processor.py:925} INFO - DAG(s) 'scraping_etl' retrieved from /opt/airflow/dags/pipeline_scraping.py
[2025-01-25T18:40:15.858+0000] {logging_mixin.py:190} INFO - [2025-01-25T18:40:15.857+0000] {dag.py:3239} INFO - Sync 1 DAGs
[2025-01-25T18:40:15.914+0000] {logging_mixin.py:190} INFO - [2025-01-25T18:40:15.913+0000] {dag.py:4180} INFO - Setting next_dagrun for scraping_etl to 2025-01-26 00:00:00+00:00, run_after=2025-01-27 00:00:00+00:00
[2025-01-25T18:40:15.978+0000] {processor.py:208} INFO - Processing /opt/airflow/dags/pipeline_scraping.py took 1.268 seconds
[2025-01-25T18:40:46.259+0000] {processor.py:186} INFO - Started process (PID=366) to work on /opt/airflow/dags/pipeline_scraping.py
[2025-01-25T18:40:46.262+0000] {processor.py:914} INFO - Processing file /opt/airflow/dags/pipeline_scraping.py for tasks to queue
[2025-01-25T18:40:46.269+0000] {logging_mixin.py:190} INFO - [2025-01-25T18:40:46.269+0000] {dagbag.py:588} INFO - Filling up the DagBag from /opt/airflow/dags/pipeline_scraping.py
[2025-01-25T18:40:47.315+0000] {processor.py:925} INFO - DAG(s) 'scraping_etl' retrieved from /opt/airflow/dags/pipeline_scraping.py
[2025-01-25T18:40:47.372+0000] {logging_mixin.py:190} INFO - [2025-01-25T18:40:47.371+0000] {dag.py:3239} INFO - Sync 1 DAGs
[2025-01-25T18:40:47.426+0000] {logging_mixin.py:190} INFO - [2025-01-25T18:40:47.425+0000] {dag.py:4180} INFO - Setting next_dagrun for scraping_etl to 2025-01-26 00:00:00+00:00, run_after=2025-01-27 00:00:00+00:00
[2025-01-25T18:40:47.468+0000] {processor.py:208} INFO - Processing /opt/airflow/dags/pipeline_scraping.py took 1.232 seconds
[2025-01-25T18:41:18.437+0000] {processor.py:186} INFO - Started process (PID=374) to work on /opt/airflow/dags/pipeline_scraping.py
[2025-01-25T18:41:18.440+0000] {processor.py:914} INFO - Processing file /opt/airflow/dags/pipeline_scraping.py for tasks to queue
[2025-01-25T18:41:18.447+0000] {logging_mixin.py:190} INFO - [2025-01-25T18:41:18.446+0000] {dagbag.py:588} INFO - Filling up the DagBag from /opt/airflow/dags/pipeline_scraping.py
[2025-01-25T18:41:20.191+0000] {processor.py:925} INFO - DAG(s) 'scraping_etl' retrieved from /opt/airflow/dags/pipeline_scraping.py
[2025-01-25T18:41:20.262+0000] {logging_mixin.py:190} INFO - [2025-01-25T18:41:20.261+0000] {dag.py:3239} INFO - Sync 1 DAGs
[2025-01-25T18:41:20.331+0000] {logging_mixin.py:190} INFO - [2025-01-25T18:41:20.330+0000] {dag.py:4180} INFO - Setting next_dagrun for scraping_etl to 2025-01-26 00:00:00+00:00, run_after=2025-01-27 00:00:00+00:00
[2025-01-25T18:41:20.417+0000] {processor.py:208} INFO - Processing /opt/airflow/dags/pipeline_scraping.py took 2.015 seconds
[2025-01-25T18:41:50.843+0000] {processor.py:186} INFO - Started process (PID=382) to work on /opt/airflow/dags/pipeline_scraping.py
[2025-01-25T18:41:50.846+0000] {processor.py:914} INFO - Processing file /opt/airflow/dags/pipeline_scraping.py for tasks to queue
[2025-01-25T18:41:50.851+0000] {logging_mixin.py:190} INFO - [2025-01-25T18:41:50.850+0000] {dagbag.py:588} INFO - Filling up the DagBag from /opt/airflow/dags/pipeline_scraping.py
[2025-01-25T18:41:52.667+0000] {processor.py:925} INFO - DAG(s) 'scraping_etl' retrieved from /opt/airflow/dags/pipeline_scraping.py
[2025-01-25T18:41:52.755+0000] {logging_mixin.py:190} INFO - [2025-01-25T18:41:52.754+0000] {dag.py:3239} INFO - Sync 1 DAGs
[2025-01-25T18:41:52.835+0000] {logging_mixin.py:190} INFO - [2025-01-25T18:41:52.833+0000] {dag.py:4180} INFO - Setting next_dagrun for scraping_etl to 2025-01-26 00:00:00+00:00, run_after=2025-01-27 00:00:00+00:00
[2025-01-25T18:41:52.904+0000] {processor.py:208} INFO - Processing /opt/airflow/dags/pipeline_scraping.py took 2.080 seconds
[2025-01-25T18:42:23.076+0000] {processor.py:186} INFO - Started process (PID=391) to work on /opt/airflow/dags/pipeline_scraping.py
[2025-01-25T18:42:23.081+0000] {processor.py:914} INFO - Processing file /opt/airflow/dags/pipeline_scraping.py for tasks to queue
[2025-01-25T18:42:23.088+0000] {logging_mixin.py:190} INFO - [2025-01-25T18:42:23.087+0000] {dagbag.py:588} INFO - Filling up the DagBag from /opt/airflow/dags/pipeline_scraping.py
[2025-01-25T18:42:25.015+0000] {processor.py:925} INFO - DAG(s) 'scraping_etl' retrieved from /opt/airflow/dags/pipeline_scraping.py
[2025-01-25T18:42:25.070+0000] {logging_mixin.py:190} INFO - [2025-01-25T18:42:25.068+0000] {dag.py:3239} INFO - Sync 1 DAGs
[2025-01-25T18:42:25.123+0000] {logging_mixin.py:190} INFO - [2025-01-25T18:42:25.119+0000] {dag.py:4180} INFO - Setting next_dagrun for scraping_etl to 2025-01-26 00:00:00+00:00, run_after=2025-01-27 00:00:00+00:00
[2025-01-25T18:42:25.187+0000] {processor.py:208} INFO - Processing /opt/airflow/dags/pipeline_scraping.py took 2.134 seconds
[2025-01-25T18:42:55.356+0000] {processor.py:186} INFO - Started process (PID=399) to work on /opt/airflow/dags/pipeline_scraping.py
[2025-01-25T18:42:55.358+0000] {processor.py:914} INFO - Processing file /opt/airflow/dags/pipeline_scraping.py for tasks to queue
[2025-01-25T18:42:55.366+0000] {logging_mixin.py:190} INFO - [2025-01-25T18:42:55.365+0000] {dagbag.py:588} INFO - Filling up the DagBag from /opt/airflow/dags/pipeline_scraping.py
[2025-01-25T18:42:56.399+0000] {processor.py:925} INFO - DAG(s) 'scraping_etl' retrieved from /opt/airflow/dags/pipeline_scraping.py
[2025-01-25T18:42:56.439+0000] {logging_mixin.py:190} INFO - [2025-01-25T18:42:56.437+0000] {dag.py:3239} INFO - Sync 1 DAGs
[2025-01-25T18:42:56.481+0000] {logging_mixin.py:190} INFO - [2025-01-25T18:42:56.481+0000] {dag.py:4180} INFO - Setting next_dagrun for scraping_etl to 2025-01-26 00:00:00+00:00, run_after=2025-01-27 00:00:00+00:00
[2025-01-25T18:42:56.526+0000] {processor.py:208} INFO - Processing /opt/airflow/dags/pipeline_scraping.py took 1.184 seconds
[2025-01-25T18:43:26.828+0000] {processor.py:186} INFO - Started process (PID=407) to work on /opt/airflow/dags/pipeline_scraping.py
[2025-01-25T18:43:26.840+0000] {processor.py:914} INFO - Processing file /opt/airflow/dags/pipeline_scraping.py for tasks to queue
[2025-01-25T18:43:26.866+0000] {logging_mixin.py:190} INFO - [2025-01-25T18:43:26.865+0000] {dagbag.py:588} INFO - Filling up the DagBag from /opt/airflow/dags/pipeline_scraping.py
[2025-01-25T18:43:28.120+0000] {processor.py:925} INFO - DAG(s) 'scraping_etl' retrieved from /opt/airflow/dags/pipeline_scraping.py
[2025-01-25T18:43:28.173+0000] {logging_mixin.py:190} INFO - [2025-01-25T18:43:28.172+0000] {dag.py:3239} INFO - Sync 1 DAGs
[2025-01-25T18:43:28.231+0000] {logging_mixin.py:190} INFO - [2025-01-25T18:43:28.230+0000] {dag.py:4180} INFO - Setting next_dagrun for scraping_etl to 2025-01-26 00:00:00+00:00, run_after=2025-01-27 00:00:00+00:00
[2025-01-25T18:43:28.271+0000] {processor.py:208} INFO - Processing /opt/airflow/dags/pipeline_scraping.py took 1.455 seconds
[2025-01-25T18:43:58.642+0000] {processor.py:186} INFO - Started process (PID=416) to work on /opt/airflow/dags/pipeline_scraping.py
[2025-01-25T18:43:58.645+0000] {processor.py:914} INFO - Processing file /opt/airflow/dags/pipeline_scraping.py for tasks to queue
[2025-01-25T18:43:58.656+0000] {logging_mixin.py:190} INFO - [2025-01-25T18:43:58.654+0000] {dagbag.py:588} INFO - Filling up the DagBag from /opt/airflow/dags/pipeline_scraping.py
[2025-01-25T18:43:59.921+0000] {processor.py:925} INFO - DAG(s) 'scraping_etl' retrieved from /opt/airflow/dags/pipeline_scraping.py
[2025-01-25T18:43:59.983+0000] {logging_mixin.py:190} INFO - [2025-01-25T18:43:59.982+0000] {dag.py:3239} INFO - Sync 1 DAGs
[2025-01-25T18:44:00.045+0000] {logging_mixin.py:190} INFO - [2025-01-25T18:44:00.044+0000] {dag.py:4180} INFO - Setting next_dagrun for scraping_etl to 2025-01-26 00:00:00+00:00, run_after=2025-01-27 00:00:00+00:00
[2025-01-25T18:44:00.091+0000] {processor.py:208} INFO - Processing /opt/airflow/dags/pipeline_scraping.py took 1.480 seconds
[2025-01-25T18:44:30.525+0000] {processor.py:186} INFO - Started process (PID=424) to work on /opt/airflow/dags/pipeline_scraping.py
[2025-01-25T18:44:30.527+0000] {processor.py:914} INFO - Processing file /opt/airflow/dags/pipeline_scraping.py for tasks to queue
[2025-01-25T18:44:30.533+0000] {logging_mixin.py:190} INFO - [2025-01-25T18:44:30.533+0000] {dagbag.py:588} INFO - Filling up the DagBag from /opt/airflow/dags/pipeline_scraping.py
[2025-01-25T18:44:31.549+0000] {processor.py:925} INFO - DAG(s) 'scraping_etl' retrieved from /opt/airflow/dags/pipeline_scraping.py
[2025-01-25T18:44:31.597+0000] {logging_mixin.py:190} INFO - [2025-01-25T18:44:31.596+0000] {dag.py:3239} INFO - Sync 1 DAGs
[2025-01-25T18:44:31.638+0000] {logging_mixin.py:190} INFO - [2025-01-25T18:44:31.638+0000] {dag.py:4180} INFO - Setting next_dagrun for scraping_etl to 2025-01-26 00:00:00+00:00, run_after=2025-01-27 00:00:00+00:00
[2025-01-25T18:44:31.674+0000] {processor.py:208} INFO - Processing /opt/airflow/dags/pipeline_scraping.py took 1.169 seconds
[2025-01-25T18:45:01.892+0000] {processor.py:186} INFO - Started process (PID=432) to work on /opt/airflow/dags/pipeline_scraping.py
[2025-01-25T18:45:01.897+0000] {processor.py:914} INFO - Processing file /opt/airflow/dags/pipeline_scraping.py for tasks to queue
[2025-01-25T18:45:01.908+0000] {logging_mixin.py:190} INFO - [2025-01-25T18:45:01.907+0000] {dagbag.py:588} INFO - Filling up the DagBag from /opt/airflow/dags/pipeline_scraping.py
[2025-01-25T18:45:03.293+0000] {processor.py:925} INFO - DAG(s) 'scraping_etl' retrieved from /opt/airflow/dags/pipeline_scraping.py
[2025-01-25T18:45:03.352+0000] {logging_mixin.py:190} INFO - [2025-01-25T18:45:03.351+0000] {dag.py:3239} INFO - Sync 1 DAGs
[2025-01-25T18:45:03.402+0000] {logging_mixin.py:190} INFO - [2025-01-25T18:45:03.402+0000] {dag.py:4180} INFO - Setting next_dagrun for scraping_etl to 2025-01-26 00:00:00+00:00, run_after=2025-01-27 00:00:00+00:00
[2025-01-25T18:45:03.440+0000] {processor.py:208} INFO - Processing /opt/airflow/dags/pipeline_scraping.py took 1.573 seconds
[2025-01-25T18:45:33.773+0000] {processor.py:186} INFO - Started process (PID=440) to work on /opt/airflow/dags/pipeline_scraping.py
[2025-01-25T18:45:33.775+0000] {processor.py:914} INFO - Processing file /opt/airflow/dags/pipeline_scraping.py for tasks to queue
[2025-01-25T18:45:33.782+0000] {logging_mixin.py:190} INFO - [2025-01-25T18:45:33.781+0000] {dagbag.py:588} INFO - Filling up the DagBag from /opt/airflow/dags/pipeline_scraping.py
[2025-01-25T18:45:34.808+0000] {processor.py:925} INFO - DAG(s) 'scraping_etl' retrieved from /opt/airflow/dags/pipeline_scraping.py
[2025-01-25T18:45:34.856+0000] {logging_mixin.py:190} INFO - [2025-01-25T18:45:34.854+0000] {dag.py:3239} INFO - Sync 1 DAGs
[2025-01-25T18:45:34.906+0000] {logging_mixin.py:190} INFO - [2025-01-25T18:45:34.906+0000] {dag.py:4180} INFO - Setting next_dagrun for scraping_etl to 2025-01-26 00:00:00+00:00, run_after=2025-01-27 00:00:00+00:00
[2025-01-25T18:45:34.943+0000] {processor.py:208} INFO - Processing /opt/airflow/dags/pipeline_scraping.py took 1.187 seconds
[2025-01-25T18:46:05.374+0000] {processor.py:186} INFO - Started process (PID=448) to work on /opt/airflow/dags/pipeline_scraping.py
[2025-01-25T18:46:05.380+0000] {processor.py:914} INFO - Processing file /opt/airflow/dags/pipeline_scraping.py for tasks to queue
[2025-01-25T18:46:05.391+0000] {logging_mixin.py:190} INFO - [2025-01-25T18:46:05.390+0000] {dagbag.py:588} INFO - Filling up the DagBag from /opt/airflow/dags/pipeline_scraping.py
[2025-01-25T18:46:06.879+0000] {processor.py:925} INFO - DAG(s) 'scraping_etl' retrieved from /opt/airflow/dags/pipeline_scraping.py
[2025-01-25T18:46:06.927+0000] {logging_mixin.py:190} INFO - [2025-01-25T18:46:06.926+0000] {dag.py:3239} INFO - Sync 1 DAGs
[2025-01-25T18:46:06.979+0000] {logging_mixin.py:190} INFO - [2025-01-25T18:46:06.978+0000] {dag.py:4180} INFO - Setting next_dagrun for scraping_etl to 2025-01-26 00:00:00+00:00, run_after=2025-01-27 00:00:00+00:00
[2025-01-25T18:46:07.038+0000] {processor.py:208} INFO - Processing /opt/airflow/dags/pipeline_scraping.py took 1.684 seconds
[2025-01-25T18:46:37.437+0000] {processor.py:186} INFO - Started process (PID=462) to work on /opt/airflow/dags/pipeline_scraping.py
[2025-01-25T18:46:37.439+0000] {processor.py:914} INFO - Processing file /opt/airflow/dags/pipeline_scraping.py for tasks to queue
[2025-01-25T18:46:37.445+0000] {logging_mixin.py:190} INFO - [2025-01-25T18:46:37.444+0000] {dagbag.py:588} INFO - Filling up the DagBag from /opt/airflow/dags/pipeline_scraping.py
[2025-01-25T18:46:38.567+0000] {processor.py:925} INFO - DAG(s) 'scraping_etl' retrieved from /opt/airflow/dags/pipeline_scraping.py
[2025-01-25T18:46:38.617+0000] {logging_mixin.py:190} INFO - [2025-01-25T18:46:38.617+0000] {dag.py:3239} INFO - Sync 1 DAGs
[2025-01-25T18:46:38.675+0000] {logging_mixin.py:190} INFO - [2025-01-25T18:46:38.675+0000] {dag.py:4180} INFO - Setting next_dagrun for scraping_etl to 2025-01-26 00:00:00+00:00, run_after=2025-01-27 00:00:00+00:00
[2025-01-25T18:46:38.718+0000] {processor.py:208} INFO - Processing /opt/airflow/dags/pipeline_scraping.py took 1.292 seconds
[2025-01-25T18:47:08.931+0000] {processor.py:186} INFO - Started process (PID=471) to work on /opt/airflow/dags/pipeline_scraping.py
[2025-01-25T18:47:08.937+0000] {processor.py:914} INFO - Processing file /opt/airflow/dags/pipeline_scraping.py for tasks to queue
[2025-01-25T18:47:08.944+0000] {logging_mixin.py:190} INFO - [2025-01-25T18:47:08.943+0000] {dagbag.py:588} INFO - Filling up the DagBag from /opt/airflow/dags/pipeline_scraping.py
[2025-01-25T18:47:10.244+0000] {processor.py:925} INFO - DAG(s) 'scraping_etl' retrieved from /opt/airflow/dags/pipeline_scraping.py
[2025-01-25T18:47:10.291+0000] {logging_mixin.py:190} INFO - [2025-01-25T18:47:10.290+0000] {dag.py:3239} INFO - Sync 1 DAGs
[2025-01-25T18:47:10.338+0000] {logging_mixin.py:190} INFO - [2025-01-25T18:47:10.338+0000] {dag.py:4180} INFO - Setting next_dagrun for scraping_etl to 2025-01-26 00:00:00+00:00, run_after=2025-01-27 00:00:00+00:00
[2025-01-25T18:47:10.398+0000] {processor.py:208} INFO - Processing /opt/airflow/dags/pipeline_scraping.py took 1.497 seconds
[2025-01-25T18:47:40.488+0000] {processor.py:186} INFO - Started process (PID=479) to work on /opt/airflow/dags/pipeline_scraping.py
[2025-01-25T18:47:40.489+0000] {processor.py:914} INFO - Processing file /opt/airflow/dags/pipeline_scraping.py for tasks to queue
[2025-01-25T18:47:40.497+0000] {logging_mixin.py:190} INFO - [2025-01-25T18:47:40.495+0000] {dagbag.py:588} INFO - Filling up the DagBag from /opt/airflow/dags/pipeline_scraping.py
[2025-01-25T18:47:41.955+0000] {processor.py:925} INFO - DAG(s) 'scraping_etl' retrieved from /opt/airflow/dags/pipeline_scraping.py
[2025-01-25T18:47:42.023+0000] {logging_mixin.py:190} INFO - [2025-01-25T18:47:42.022+0000] {dag.py:3239} INFO - Sync 1 DAGs
[2025-01-25T18:47:42.090+0000] {logging_mixin.py:190} INFO - [2025-01-25T18:47:42.089+0000] {dag.py:4180} INFO - Setting next_dagrun for scraping_etl to 2025-01-26 00:00:00+00:00, run_after=2025-01-27 00:00:00+00:00
[2025-01-25T18:47:42.130+0000] {processor.py:208} INFO - Processing /opt/airflow/dags/pipeline_scraping.py took 1.657 seconds
[2025-01-25T18:48:12.565+0000] {processor.py:186} INFO - Started process (PID=487) to work on /opt/airflow/dags/pipeline_scraping.py
[2025-01-25T18:48:12.567+0000] {processor.py:914} INFO - Processing file /opt/airflow/dags/pipeline_scraping.py for tasks to queue
[2025-01-25T18:48:12.574+0000] {logging_mixin.py:190} INFO - [2025-01-25T18:48:12.573+0000] {dagbag.py:588} INFO - Filling up the DagBag from /opt/airflow/dags/pipeline_scraping.py
[2025-01-25T18:48:14.211+0000] {processor.py:925} INFO - DAG(s) 'scraping_etl' retrieved from /opt/airflow/dags/pipeline_scraping.py
[2025-01-25T18:48:14.292+0000] {logging_mixin.py:190} INFO - [2025-01-25T18:48:14.291+0000] {dag.py:3239} INFO - Sync 1 DAGs
[2025-01-25T18:48:14.374+0000] {logging_mixin.py:190} INFO - [2025-01-25T18:48:14.374+0000] {dag.py:4180} INFO - Setting next_dagrun for scraping_etl to 2025-01-26 00:00:00+00:00, run_after=2025-01-27 00:00:00+00:00
[2025-01-25T18:48:14.476+0000] {processor.py:208} INFO - Processing /opt/airflow/dags/pipeline_scraping.py took 1.921 seconds
[2025-01-25T18:48:45.025+0000] {processor.py:186} INFO - Started process (PID=495) to work on /opt/airflow/dags/pipeline_scraping.py
[2025-01-25T18:48:45.026+0000] {processor.py:914} INFO - Processing file /opt/airflow/dags/pipeline_scraping.py for tasks to queue
[2025-01-25T18:48:45.035+0000] {logging_mixin.py:190} INFO - [2025-01-25T18:48:45.033+0000] {dagbag.py:588} INFO - Filling up the DagBag from /opt/airflow/dags/pipeline_scraping.py
[2025-01-25T18:48:46.175+0000] {processor.py:925} INFO - DAG(s) 'scraping_etl' retrieved from /opt/airflow/dags/pipeline_scraping.py
[2025-01-25T18:48:46.227+0000] {logging_mixin.py:190} INFO - [2025-01-25T18:48:46.227+0000] {dag.py:3239} INFO - Sync 1 DAGs
[2025-01-25T18:48:46.272+0000] {logging_mixin.py:190} INFO - [2025-01-25T18:48:46.272+0000] {dag.py:4180} INFO - Setting next_dagrun for scraping_etl to 2025-01-26 00:00:00+00:00, run_after=2025-01-27 00:00:00+00:00
[2025-01-25T18:48:46.311+0000] {processor.py:208} INFO - Processing /opt/airflow/dags/pipeline_scraping.py took 1.307 seconds
[2025-01-25T18:49:16.510+0000] {processor.py:186} INFO - Started process (PID=503) to work on /opt/airflow/dags/pipeline_scraping.py
[2025-01-25T18:49:16.513+0000] {processor.py:914} INFO - Processing file /opt/airflow/dags/pipeline_scraping.py for tasks to queue
[2025-01-25T18:49:16.520+0000] {logging_mixin.py:190} INFO - [2025-01-25T18:49:16.519+0000] {dagbag.py:588} INFO - Filling up the DagBag from /opt/airflow/dags/pipeline_scraping.py
[2025-01-25T18:49:17.867+0000] {processor.py:925} INFO - DAG(s) 'scraping_etl' retrieved from /opt/airflow/dags/pipeline_scraping.py
[2025-01-25T18:49:17.949+0000] {logging_mixin.py:190} INFO - [2025-01-25T18:49:17.949+0000] {dag.py:3239} INFO - Sync 1 DAGs
[2025-01-25T18:49:18.002+0000] {logging_mixin.py:190} INFO - [2025-01-25T18:49:18.002+0000] {dag.py:4180} INFO - Setting next_dagrun for scraping_etl to 2025-01-26 00:00:00+00:00, run_after=2025-01-27 00:00:00+00:00
[2025-01-25T18:49:18.049+0000] {processor.py:208} INFO - Processing /opt/airflow/dags/pipeline_scraping.py took 1.564 seconds
[2025-01-25T18:49:48.421+0000] {processor.py:186} INFO - Started process (PID=511) to work on /opt/airflow/dags/pipeline_scraping.py
[2025-01-25T18:49:48.423+0000] {processor.py:914} INFO - Processing file /opt/airflow/dags/pipeline_scraping.py for tasks to queue
[2025-01-25T18:49:48.429+0000] {logging_mixin.py:190} INFO - [2025-01-25T18:49:48.428+0000] {dagbag.py:588} INFO - Filling up the DagBag from /opt/airflow/dags/pipeline_scraping.py
[2025-01-25T18:49:50.153+0000] {processor.py:925} INFO - DAG(s) 'scraping_etl' retrieved from /opt/airflow/dags/pipeline_scraping.py
[2025-01-25T18:49:50.212+0000] {logging_mixin.py:190} INFO - [2025-01-25T18:49:50.211+0000] {dag.py:3239} INFO - Sync 1 DAGs
[2025-01-25T18:49:50.303+0000] {logging_mixin.py:190} INFO - [2025-01-25T18:49:50.303+0000] {dag.py:4180} INFO - Setting next_dagrun for scraping_etl to 2025-01-26 00:00:00+00:00, run_after=2025-01-27 00:00:00+00:00
[2025-01-25T18:49:50.389+0000] {processor.py:208} INFO - Processing /opt/airflow/dags/pipeline_scraping.py took 1.985 seconds
[2025-01-25T18:50:20.812+0000] {processor.py:186} INFO - Started process (PID=519) to work on /opt/airflow/dags/pipeline_scraping.py
[2025-01-25T18:50:20.873+0000] {processor.py:914} INFO - Processing file /opt/airflow/dags/pipeline_scraping.py for tasks to queue
[2025-01-25T18:50:20.885+0000] {logging_mixin.py:190} INFO - [2025-01-25T18:50:20.884+0000] {dagbag.py:588} INFO - Filling up the DagBag from /opt/airflow/dags/pipeline_scraping.py
[2025-01-25T18:50:22.317+0000] {processor.py:925} INFO - DAG(s) 'scraping_etl' retrieved from /opt/airflow/dags/pipeline_scraping.py
[2025-01-25T18:50:22.382+0000] {logging_mixin.py:190} INFO - [2025-01-25T18:50:22.380+0000] {dag.py:3239} INFO - Sync 1 DAGs
[2025-01-25T18:50:22.592+0000] {logging_mixin.py:190} INFO - [2025-01-25T18:50:22.582+0000] {dag.py:4180} INFO - Setting next_dagrun for scraping_etl to 2025-01-26 00:00:00+00:00, run_after=2025-01-27 00:00:00+00:00
[2025-01-25T18:50:22.721+0000] {processor.py:208} INFO - Processing /opt/airflow/dags/pipeline_scraping.py took 1.949 seconds
[2025-01-25T18:50:53.382+0000] {processor.py:186} INFO - Started process (PID=527) to work on /opt/airflow/dags/pipeline_scraping.py
[2025-01-25T18:50:53.384+0000] {processor.py:914} INFO - Processing file /opt/airflow/dags/pipeline_scraping.py for tasks to queue
[2025-01-25T18:50:53.390+0000] {logging_mixin.py:190} INFO - [2025-01-25T18:50:53.389+0000] {dagbag.py:588} INFO - Filling up the DagBag from /opt/airflow/dags/pipeline_scraping.py
[2025-01-25T18:50:54.610+0000] {processor.py:925} INFO - DAG(s) 'scraping_etl' retrieved from /opt/airflow/dags/pipeline_scraping.py
[2025-01-25T18:50:54.673+0000] {logging_mixin.py:190} INFO - [2025-01-25T18:50:54.671+0000] {dag.py:3239} INFO - Sync 1 DAGs
[2025-01-25T18:50:54.730+0000] {logging_mixin.py:190} INFO - [2025-01-25T18:50:54.729+0000] {dag.py:4180} INFO - Setting next_dagrun for scraping_etl to 2025-01-26 00:00:00+00:00, run_after=2025-01-27 00:00:00+00:00
[2025-01-25T18:50:54.784+0000] {processor.py:208} INFO - Processing /opt/airflow/dags/pipeline_scraping.py took 1.416 seconds
[2025-01-25T18:51:25.663+0000] {processor.py:186} INFO - Started process (PID=536) to work on /opt/airflow/dags/pipeline_scraping.py
[2025-01-25T18:51:25.666+0000] {processor.py:914} INFO - Processing file /opt/airflow/dags/pipeline_scraping.py for tasks to queue
[2025-01-25T18:51:25.672+0000] {logging_mixin.py:190} INFO - [2025-01-25T18:51:25.671+0000] {dagbag.py:588} INFO - Filling up the DagBag from /opt/airflow/dags/pipeline_scraping.py
[2025-01-25T18:51:26.855+0000] {processor.py:925} INFO - DAG(s) 'scraping_etl' retrieved from /opt/airflow/dags/pipeline_scraping.py
[2025-01-25T18:51:26.904+0000] {logging_mixin.py:190} INFO - [2025-01-25T18:51:26.903+0000] {dag.py:3239} INFO - Sync 1 DAGs
[2025-01-25T18:51:26.954+0000] {logging_mixin.py:190} INFO - [2025-01-25T18:51:26.953+0000] {dag.py:4180} INFO - Setting next_dagrun for scraping_etl to 2025-01-26 00:00:00+00:00, run_after=2025-01-27 00:00:00+00:00
[2025-01-25T18:51:26.993+0000] {processor.py:208} INFO - Processing /opt/airflow/dags/pipeline_scraping.py took 1.348 seconds
[2025-01-25T18:51:57.267+0000] {processor.py:186} INFO - Started process (PID=545) to work on /opt/airflow/dags/pipeline_scraping.py
[2025-01-25T18:51:57.268+0000] {processor.py:914} INFO - Processing file /opt/airflow/dags/pipeline_scraping.py for tasks to queue
[2025-01-25T18:51:57.273+0000] {logging_mixin.py:190} INFO - [2025-01-25T18:51:57.272+0000] {dagbag.py:588} INFO - Filling up the DagBag from /opt/airflow/dags/pipeline_scraping.py
[2025-01-25T18:51:58.232+0000] {processor.py:925} INFO - DAG(s) 'scraping_etl' retrieved from /opt/airflow/dags/pipeline_scraping.py
[2025-01-25T18:51:58.273+0000] {logging_mixin.py:190} INFO - [2025-01-25T18:51:58.272+0000] {dag.py:3239} INFO - Sync 1 DAGs
[2025-01-25T18:51:58.317+0000] {logging_mixin.py:190} INFO - [2025-01-25T18:51:58.316+0000] {dag.py:4180} INFO - Setting next_dagrun for scraping_etl to 2025-01-26 00:00:00+00:00, run_after=2025-01-27 00:00:00+00:00
[2025-01-25T18:51:58.349+0000] {processor.py:208} INFO - Processing /opt/airflow/dags/pipeline_scraping.py took 1.092 seconds
[2025-01-25T18:52:28.618+0000] {processor.py:186} INFO - Started process (PID=553) to work on /opt/airflow/dags/pipeline_scraping.py
[2025-01-25T18:52:28.620+0000] {processor.py:914} INFO - Processing file /opt/airflow/dags/pipeline_scraping.py for tasks to queue
[2025-01-25T18:52:28.624+0000] {logging_mixin.py:190} INFO - [2025-01-25T18:52:28.623+0000] {dagbag.py:588} INFO - Filling up the DagBag from /opt/airflow/dags/pipeline_scraping.py
[2025-01-25T18:52:29.562+0000] {processor.py:925} INFO - DAG(s) 'scraping_etl' retrieved from /opt/airflow/dags/pipeline_scraping.py
[2025-01-25T18:52:29.607+0000] {logging_mixin.py:190} INFO - [2025-01-25T18:52:29.606+0000] {dag.py:3239} INFO - Sync 1 DAGs
[2025-01-25T18:52:29.652+0000] {logging_mixin.py:190} INFO - [2025-01-25T18:52:29.652+0000] {dag.py:4180} INFO - Setting next_dagrun for scraping_etl to 2025-01-26 00:00:00+00:00, run_after=2025-01-27 00:00:00+00:00
[2025-01-25T18:52:29.694+0000] {processor.py:208} INFO - Processing /opt/airflow/dags/pipeline_scraping.py took 1.087 seconds
[2025-01-25T18:52:59.963+0000] {processor.py:186} INFO - Started process (PID=561) to work on /opt/airflow/dags/pipeline_scraping.py
[2025-01-25T18:52:59.965+0000] {processor.py:914} INFO - Processing file /opt/airflow/dags/pipeline_scraping.py for tasks to queue
[2025-01-25T18:52:59.971+0000] {logging_mixin.py:190} INFO - [2025-01-25T18:52:59.970+0000] {dagbag.py:588} INFO - Filling up the DagBag from /opt/airflow/dags/pipeline_scraping.py
[2025-01-25T18:53:02.292+0000] {processor.py:925} INFO - DAG(s) 'scraping_etl' retrieved from /opt/airflow/dags/pipeline_scraping.py
[2025-01-25T18:53:02.399+0000] {logging_mixin.py:190} INFO - [2025-01-25T18:53:02.398+0000] {dag.py:3239} INFO - Sync 1 DAGs
[2025-01-25T18:53:02.471+0000] {logging_mixin.py:190} INFO - [2025-01-25T18:53:02.471+0000] {dag.py:4180} INFO - Setting next_dagrun for scraping_etl to 2025-01-26 00:00:00+00:00, run_after=2025-01-27 00:00:00+00:00
[2025-01-25T18:53:02.539+0000] {processor.py:208} INFO - Processing /opt/airflow/dags/pipeline_scraping.py took 2.587 seconds
